0 0
1 0 32.7711 6.35246 6.22545
1 1 0 0.152972 0
2 0 113.778 26.7843 26.7923
2 1 0 0.152972 0
3 0 0 0.152972 0
3 1 6.01937 1.2997 1.15607
3 2 112.41 23.9129 23.9004
3 3 281.187 67.702 67.8348
3 4 386.447 76.1332 76.2831
3 5 340.011 62.7612 62.8701
3 6 308.928 63.6681 63.7873
3 7 226.146 48.4194 48.4882
3 8 166.425 42.1612 42.2056
3 9 123.405 32.912 32.8921
3 10 96.9205 23.0734 23.0108
3 11 63.9926 15.8484 15.7971
3 12 54.7516 14.3475 14.2504
3 13 38.2811 10.2206 10.1174
3 14 24.2858 6.29545 6.16507
3 15 53.1794 14.3698 14.3287
4 0 0.0392854 0.0508342 0.00154334
4 1 135.128 34.9465 34.9792
4 2 650.731 156 156.333
4 3 624.947 133.634 133.908
4 4 444.974 95.4522 95.6446
4 5 275.247 56.8704 56.973
4 6 204.136 43.3456 43.4063
4 7 152.284 43.3124 43.3726
4 8 95.5252 25.3976 25.3404
4 9 52.0758 13.0815 13.0281
4 10 36.5324 9.3128 9.24696
4 11 20.4643 5.13216 5.00855
4 12 17.1854 4.71707 4.61977
4 13 10.0978 2.79546 2.6461
4 14 9.18663 2.41956 2.28828
4 15 23.5093 9.9561 9.83698
5 0 0 0.152972 0
5 1 2.45408 1.74094 1.55435
5 2 110.843 66.4657 66.5505
5 3 943.685 583.962 585.459
5 4 2049.24 1165.8 1168.13
5 5 2869.47 1507.67 1509.92
5 6 3285.38 1747.15 1749.42
5 7 3291.02 1839.54 1842.08
5 8 2957.84 1687.09 1689.76
5 9 2463.27 1418.91 1421.51
5 10 1955.02 1086.76 1088.95
5 11 1538.07 852.899 854.793
5 12 1110.25 597.763 599.199
5 13 777.768 381.801 382.759
5 14 568.226 298.291 299.043
5 15 1310.85 729.056 730.755
6 0 3.9873 1.55823 1.4166
6 1 15.8915 12.0949 12.0128
6 2 829.759 396.449 397.432
6 3 1702.67 775.964 777.488
6 4 1995.24 900.983 902.574
6 5 1959.12 868.958 870.528
6 6 1899.22 950.329 952.173
6 7 1646.29 817.077 818.76
6 8 1315.77 578.779 580.031
6 9 1092.34 549.496 550.803
6 10 849.052 444.409 445.529
6 11 650.564 361.63 362.57
6 12 468.445 254.583 255.229
6 13 329.551 160.723 161.096
6 14 226.735 102.136 102.335
6 15 498.948 239.829 240.453
