0.03 0
1 0 32.8644 6.35157 6.22545
1 1 9.26336e-06 0.00961815 8.58099e-11
2 0 114.078 26.7833 26.7923
2 1 0 0.152266 0
3 0 0 0.152266 0
3 1 6.01968 1.29902 1.15607
3 2 112.419 23.9121 23.9004
3 3 281.21 67.7016 67.8348
3 4 386.476 76.1329 76.2831
3 5 340.033 62.7608 62.8701
3 6 308.945 63.6676 63.7873
3 7 226.157 48.4189 48.4882
3 8 166.432 42.1605 42.2056
3 9 123.41 32.9112 32.8921
3 10 96.9248 23.0724 23.0108
3 11 63.9952 15.8476 15.7971
3 12 54.7541 14.3466 14.2504
3 13 38.2829 10.2197 10.1174
3 14 24.2864 6.29445 6.16507
3 15 53.1806 14.3691 14.3287
4 0 0.0392854 0.0506553 0.00154334
4 1 135.14 34.9458 34.9792
4 2 650.795 156.001 156.333
4 3 625.008 133.634 133.908
4 4 445.011 95.4498 95.6446
4 5 275.267 56.8699 56.973
4 6 204.147 43.345 43.4063
4 7 152.291 43.3117 43.3726
4 8 95.5289 25.3966 25.3404
4 9 52.0777 13.0806 13.0281
4 10 36.5336 9.31203 9.24696
4 11 20.4651 5.13117 5.00855
4 12 17.1859 4.71629 4.61977
4 13 10.098 2.79453 2.6461
4 14 9.18677 2.41869 2.28828
4 15 23.5093 9.95498 9.83698
5 0 0 0.152266 0
5 1 2.45408 1.74012 1.55435
5 2 110.843 66.4649 66.5505
5 3 943.686 583.962 585.459
5 4 2049.25 1165.8 1168.13
5 5 2869.47 1507.67 1509.92
5 6 3285.39 1747.15 1749.42
5 7 3291.02 1839.54 1842.08
5 8 2957.84 1687.09 1689.76
5 9 2463.27 1418.91 1421.51
5 10 1955.03 1086.76 1088.95
5 11 1538.07 852.899 854.793
5 12 1110.25 597.763 599.199
5 13 777.77 381.8 382.759
5 14 568.227 298.286 299.043
5 15 1310.85 729.056 730.755
6 0 3.9873 1.55744 1.4166
6 1 15.8915 12.094 12.0128
6 2 829.76 396.449 397.432
6 3 1702.67 775.964 777.488
6 4 1995.25 900.983 902.574
6 5 1959.13 868.958 870.528
6 6 1899.23 950.329 952.173
6 7 1646.3 817.077 818.76
6 8 1315.78 578.779 580.031
6 9 1092.34 549.496 550.803
6 10 849.054 444.409 445.529
6 11 650.564 361.63 362.57
6 12 468.446 254.582 255.229
6 13 329.551 160.722 161.096
6 14 226.735 102.135 102.335
6 15 498.948 239.828 240.453
