0.36 0
1 0 33.8903 6.35147 6.22562
1 1 0.00011116 0.00961096 1.23566e-08
2 0 117.378 26.7838 26.7932
2 1 0 0.152266 0
3 0 0 0.152266 0
3 1 6.02307 1.29902 1.15607
3 2 112.525 23.9121 23.9004
3 3 281.458 67.7015 67.8348
3 4 386.796 76.1336 76.2831
3 5 340.277 62.7598 62.8701
3 6 309.127 63.6691 63.7873
3 7 226.276 48.4182 48.4882
3 8 166.513 42.1607 42.2056
3 9 123.463 32.911 32.8921
3 10 96.9721 23.0723 23.0108
3 11 64.0228 15.8476 15.7971
3 12 54.7817 14.3466 14.2504
3 13 38.3021 10.2197 10.1174
3 14 24.2932 6.29444 6.16507
3 15 53.1934 14.369 14.3287
4 0 0.0392854 0.0506553 0.00154334
4 1 135.276 34.9455 34.9792
4 2 651.502 156.003 156.334
4 3 625.675 133.636 133.908
4 4 445.425 95.451 95.6447
4 5 275.48 56.8705 56.9731
4 6 204.27 43.3453 43.4063
4 7 152.367 43.3114 43.3726
4 8 95.5702 25.3965 25.3404
4 9 52.0978 13.0806 13.0281
4 10 36.5471 9.31202 9.24696
4 11 20.4745 5.13119 5.00855
4 12 17.1912 4.71628 4.61977
4 13 10.1005 2.79453 2.6461
4 14 9.18831 2.41869 2.28828
4 15 23.5098 9.95499 9.83698
5 0 0 0.152266 0
5 1 2.45408 1.74012 1.55435
5 2 110.843 66.4649 66.5505
5 3 943.693 583.962 585.459
5 4 2049.26 1165.8 1168.13
5 5 2869.5 1507.67 1509.92
5 6 3285.41 1747.15 1749.42
5 7 3291.05 1839.54 1842.08
5 8 2957.87 1687.09 1689.76
5 9 2463.3 1418.91 1421.51
5 10 1955.05 1086.76 1088.95
5 11 1538.09 852.9 854.793
5 12 1110.27 597.763 599.199
5 13 777.784 381.801 382.759
5 14 568.235 298.286 299.043
5 15 1310.87 729.056 730.755
6 0 3.9873 1.55744 1.4166
6 1 15.8917 12.094 12.0128
6 2 829.769 396.449 397.432
6 3 1702.7 775.964 777.488
6 4 1995.29 900.984 902.574
6 5 1959.17 868.959 870.528
6 6 1899.27 950.33 952.173
6 7 1646.33 817.078 818.76
6 8 1315.8 578.779 580.031
6 9 1092.36 549.496 550.803
6 10 849.066 444.409 445.529
6 11 650.573 361.63 362.57
6 12 468.453 254.583 255.229
6 13 329.556 160.722 161.096
6 14 226.736 102.135 102.335
6 15 498.953 239.829 240.453
