0.45 0
1 0 34.1701 6.35151 6.22572
1 1 0.00013895 0.00960903 1.93072e-08
2 0 118.279 26.7843 26.7936
2 1 0 0.152266 0
3 0 0 0.152266 0
3 1 6.024 1.29902 1.15607
3 2 112.553 23.912 23.9004
3 3 281.525 67.7009 67.8348
3 4 386.883 76.1325 76.2832
3 5 340.343 62.7603 62.8701
3 6 309.176 63.6682 63.7873
3 7 226.309 48.4185 48.4882
3 8 166.535 42.1603 42.2056
3 9 123.478 32.9111 32.8921
3 10 96.985 23.0725 23.0108
3 11 64.0304 15.8477 15.7971
3 12 54.7892 14.3465 14.2504
3 13 38.3073 10.2197 10.1174
3 14 24.295 6.29446 6.16507
3 15 53.1969 14.369 14.3287
4 0 0.0392854 0.0506553 0.00154334
4 1 135.313 34.9458 34.9792
4 2 651.694 156.001 156.334
4 3 625.857 133.634 133.909
4 4 445.538 95.452 95.6447
4 5 275.538 56.87 56.9731
4 6 204.304 43.3448 43.4063
4 7 152.388 43.3117 43.3726
4 8 95.5815 25.3966 25.3404
4 9 52.1033 13.0807 13.0281
4 10 36.5507 9.31206 9.24696
4 11 20.477 5.13118 5.00855
4 12 17.1927 4.71627 4.61978
4 13 10.1011 2.79454 2.6461
4 14 9.18873 2.41869 2.28828
4 15 23.51 9.95499 9.83698
5 0 0 0.152266 0
5 1 2.45408 1.74012 1.55435
5 2 110.844 66.4649 66.5505
5 3 943.695 583.962 585.459
5 4 2049.27 1165.8 1168.13
5 5 2869.51 1507.67 1509.92
5 6 3285.42 1747.15 1749.42
5 7 3291.06 1839.54 1842.08
5 8 2957.88 1687.09 1689.76
5 9 2463.3 1418.91 1421.51
5 10 1955.06 1086.76 1088.95
5 11 1538.1 852.9 854.793
5 12 1110.28 597.763 599.199
5 13 777.788 381.801 382.759
5 14 568.237 298.286 299.043
5 15 1310.87 729.056 730.755
6 0 3.9873 1.55744 1.4166
6 1 15.8918 12.094 12.0128
6 2 829.772 396.449 397.432
6 3 1702.7 775.964 777.488
6 4 1995.3 900.984 902.574
6 5 1959.18 868.959 870.528
6 6 1899.28 950.33 952.173
6 7 1646.33 817.078 818.76
6 8 1315.8 578.78 580.031
6 9 1092.36 549.496 550.803
6 10 849.07 444.409 445.529
6 11 650.575 361.63 362.57
6 12 468.455 254.583 255.229
6 13 329.557 160.723 161.096
6 14 226.737 102.135 102.335
6 15 498.954 239.829 240.453
