0.48 0
1 0 34.2633 6.35153 6.22576
1 1 0.000148214 0.00960829 2.19673e-08
2 0 118.579 26.7844 26.7938
2 1 0 0.152266 0
3 0 0 0.152266 0
3 1 6.02431 1.29902 1.15607
3 2 112.563 23.9121 23.9004
3 3 281.548 67.6999 67.8348
3 4 386.912 76.1327 76.2832
3 5 340.366 62.7604 62.8701
3 6 309.193 63.6684 63.7873
3 7 226.319 48.4186 48.4882
3 8 166.542 42.1604 42.2056
3 9 123.483 32.9112 32.8921
3 10 96.9893 23.0725 23.0108
3 11 64.0329 15.8475 15.7971
3 12 54.7917 14.3465 14.2504
3 13 38.309 10.2197 10.1174
3 14 24.2956 6.29442 6.16507
3 15 53.1981 14.369 14.3287
4 0 0.0392854 0.0506553 0.00154334
4 1 135.325 34.9455 34.9792
4 2 651.759 156.002 156.334
4 3 625.918 133.635 133.909
4 4 445.576 95.4523 95.6447
4 5 275.557 56.8701 56.9731
4 6 204.315 43.3449 43.4064
4 7 152.395 43.3117 43.3726
4 8 95.5853 25.3966 25.3404
4 9 52.1052 13.0807 13.0281
4 10 36.5519 9.31207 9.24696
4 11 20.4779 5.13119 5.00856
4 12 17.1932 4.71628 4.61978
4 13 10.1013 2.79453 2.6461
4 14 9.18887 2.41869 2.28828
4 15 23.51 9.95499 9.83698
5 0 0 0.152266 0
5 1 2.45408 1.74012 1.55435
5 2 110.844 66.4649 66.5505
5 3 943.696 583.962 585.459
5 4 2049.27 1165.8 1168.13
5 5 2869.51 1507.67 1509.92
5 6 3285.42 1747.15 1749.42
5 7 3291.06 1839.54 1842.08
5 8 2957.88 1687.09 1689.76
5 9 2463.31 1418.91 1421.51
5 10 1955.06 1086.76 1088.95
5 11 1538.1 852.9 854.793
5 12 1110.28 597.763 599.199
5 13 777.79 381.801 382.759
5 14 568.238 298.286 299.043
5 15 1310.87 729.056 730.755
6 0 3.9873 1.55744 1.4166
6 1 15.8918 12.094 12.0128
6 2 829.773 396.449 397.432
6 3 1702.7 775.964 777.488
6 4 1995.3 900.984 902.574
6 5 1959.18 868.959 870.528
6 6 1899.28 950.33 952.173
6 7 1646.34 817.078 818.76
6 8 1315.8 578.78 580.031
6 9 1092.36 549.496 550.803
6 10 849.071 444.409 445.529
6 11 650.575 361.63 362.57
6 12 468.456 254.583 255.229
6 13 329.557 160.723 161.096
6 14 226.737 102.135 102.335
6 15 498.955 239.829 240.453
