0.51 0
1 0 34.3566 6.35149 6.2258
1 1 0.000157477 0.00960765 2.47991e-08
2 0 118.879 26.7847 26.794
2 1 0 0.152266 0
3 0 0 0.152266 0
3 1 6.02462 1.29902 1.15607
3 2 112.573 23.9119 23.9004
3 3 281.57 67.7001 67.8349
3 4 386.941 76.133 76.2832
3 5 340.388 62.7606 62.8701
3 6 309.209 63.6685 63.7873
3 7 226.33 48.4186 48.4882
3 8 166.55 42.1605 42.2056
3 9 123.488 32.9112 32.8921
3 10 96.9936 23.0725 23.0108
3 11 64.0354 15.8476 15.7971
3 12 54.7942 14.3465 14.2505
3 13 38.3108 10.2197 10.1174
3 14 24.2962 6.29443 6.16507
3 15 53.1993 14.369 14.3287
4 0 0.0392854 0.0506553 0.00154334
4 1 135.338 34.9456 34.9792
4 2 651.823 156.002 156.334
4 3 625.978 133.635 133.909
4 4 445.613 95.4503 95.6447
4 5 275.577 56.8703 56.9731
4 6 204.326 43.345 43.4064
4 7 152.402 43.3118 43.3726
4 8 95.589 25.3967 25.3404
4 9 52.107 13.0807 13.0281
4 10 36.5532 9.31208 9.24697
4 11 20.4787 5.1312 5.00856
4 12 17.1937 4.71628 4.61978
4 13 10.1016 2.79453 2.6461
4 14 9.189 2.41869 2.28828
4 15 23.5101 9.955 9.83698
5 0 0 0.152266 0
5 1 2.45408 1.74012 1.55435
5 2 110.844 66.4649 66.5505
5 3 943.697 583.962 585.459
5 4 2049.27 1165.8 1168.13
5 5 2869.51 1507.67 1509.92
5 6 3285.43 1747.15 1749.42
5 7 3291.06 1839.54 1842.08
5 8 2957.88 1687.09 1689.76
5 9 2463.31 1418.91 1421.51
5 10 1955.06 1086.76 1088.95
5 11 1538.1 852.9 854.793
5 12 1110.28 597.763 599.199
5 13 777.791 381.801 382.759
5 14 568.238 298.286 299.043
5 15 1310.87 729.056 730.755
6 0 3.9873 1.55744 1.4166
6 1 15.8918 12.094 12.0128
6 2 829.774 396.449 397.432
6 3 1702.71 775.964 777.488
6 4 1995.3 900.984 902.574
6 5 1959.18 868.959 870.528
6 6 1899.28 950.33 952.173
6 7 1646.34 817.078 818.76
6 8 1315.81 578.78 580.031
6 9 1092.37 549.496 550.803
6 10 849.072 444.409 445.529
6 11 650.576 361.63 362.57
6 12 468.456 254.583 255.229
6 13 329.557 160.723 161.096
6 14 226.737 102.135 102.335
6 15 498.955 239.829 240.453
