0.63 0
1 0 34.7297 6.35163 6.22598
1 1 0.000194531 0.00960508 3.78422e-08
2 0 120.079 26.7856 26.7949
2 1 0 0.152266 0
3 0 0 0.152266 0
3 1 6.02585 1.29902 1.15607
3 2 112.611 23.9122 23.9005
3 3 281.66 67.701 67.8349
3 4 387.057 76.1339 76.2833
3 5 340.476 62.7612 62.8702
3 6 309.275 63.6678 63.7874
3 7 226.374 48.4182 48.4883
3 8 166.579 42.1608 42.2056
3 9 123.507 32.9114 32.8922
3 10 97.0107 23.0724 23.0108
3 11 64.0455 15.8477 15.7971
3 12 54.8042 14.3466 14.2505
3 13 38.3178 10.2198 10.1174
3 14 24.2987 6.29442 6.16508
3 15 53.2039 14.369 14.3287
4 0 0.0392854 0.0506553 0.00154334
4 1 135.387 34.9457 34.9792
4 2 652.08 156.001 156.334
4 3 626.221 133.637 133.909
4 4 445.764 95.4495 95.6448
4 5 275.654 56.8698 56.9732
4 6 204.371 43.3454 43.4064
4 7 152.429 43.3116 43.3726
4 8 95.604 25.3968 25.3404
4 9 52.1144 13.0808 13.0281
4 10 36.558 9.312 9.24697
4 11 20.4821 5.13117 5.00856
4 12 17.1956 4.7163 4.61978
4 13 10.1025 2.79454 2.6461
4 14 9.18956 2.41869 2.28828
4 15 23.5102 9.955 9.83698
5 0 0 0.152266 0
5 1 2.45408 1.74012 1.55435
5 2 110.844 66.4649 66.5505
5 3 943.699 583.962 585.459
5 4 2049.28 1165.8 1168.13
5 5 2869.52 1507.67 1509.92
5 6 3285.44 1747.16 1749.42
5 7 3291.07 1839.54 1842.08
5 8 2957.89 1687.09 1689.76
5 9 2463.32 1418.91 1421.51
5 10 1955.07 1086.76 1088.95
5 11 1538.11 852.9 854.793
5 12 1110.29 597.764 599.199
5 13 777.796 381.801 382.759
5 14 568.241 298.286 299.043
5 15 1310.88 729.056 730.755
6 0 3.9873 1.55744 1.4166
6 1 15.8919 12.094 12.0128
6 2 829.777 396.449 397.432
6 3 1702.72 775.965 777.488
6 4 1995.32 900.984 902.574
6 5 1959.2 868.96 870.528
6 6 1899.3 950.33 952.173
6 7 1646.35 817.078 818.76
6 8 1315.81 578.78 580.031
6 9 1092.37 549.497 550.803
6 10 849.076 444.41 445.529
6 11 650.579 361.63 362.57
6 12 468.459 254.583 255.229
6 13 329.559 160.723 161.096
6 14 226.738 102.135 102.335
6 15 498.957 239.829 240.453
