0.72 0
1 0 35.0095 6.35171 6.22614
1 1 0.000222321 0.00960315 4.94265e-08
2 0 120.979 26.7858 26.7957
2 1 0 0.152266 0
3 0 0 0.152266 0
3 1 6.02678 1.29902 1.15607
3 2 112.64 23.9119 23.9005
3 3 281.728 67.7016 67.8349
3 4 387.144 76.1329 76.2833
3 5 340.543 62.7604 62.8702
3 6 309.325 63.6682 63.7874
3 7 226.406 48.4185 48.4883
3 8 166.601 42.161 42.2057
3 9 123.521 32.9112 32.8922
3 10 97.0236 23.0723 23.0108
3 11 64.053 15.8476 15.7971
3 12 54.8117 14.3466 14.2505
3 13 38.323 10.2197 10.1174
3 14 24.3005 6.29444 6.16508
3 15 53.2074 14.369 14.3287
4 0 0.0392854 0.0506553 0.00154334
4 1 135.424 34.9457 34.9793
4 2 652.272 156.003 156.334
4 3 626.403 133.639 133.909
4 4 445.877 95.4505 95.6449
4 5 275.713 56.8703 56.9732
4 6 204.404 43.3457 43.4064
4 7 152.45 43.3113 43.3727
4 8 95.6153 25.3964 25.3405
4 9 52.1199 13.0807 13.0281
4 10 36.5617 9.31204 9.24697
4 11 20.4847 5.13119 5.00856
4 12 17.1971 4.71629 4.61978
4 13 10.1031 2.79453 2.6461
4 14 9.18998 2.4187 2.28828
4 15 23.5104 9.955 9.83698
5 0 0 0.152266 0
5 1 2.45408 1.74012 1.55435
5 2 110.844 66.4649 66.5505
5 3 943.701 583.962 585.459
5 4 2049.28 1165.8 1168.13
5 5 2869.53 1507.67 1509.92
5 6 3285.45 1747.16 1749.42
5 7 3291.08 1839.54 1842.08
5 8 2957.9 1687.09 1689.76
5 9 2463.32 1418.91 1421.51
5 10 1955.07 1086.76 1088.95
5 11 1538.12 852.9 854.793
5 12 1110.29 597.764 599.199
5 13 777.8 381.801 382.759
5 14 568.243 298.286 299.043
5 15 1310.88 729.057 730.755
6 0 3.9873 1.55744 1.4166
6 1 15.8919 12.094 12.0128
6 2 829.78 396.449 397.432
6 3 1702.72 775.965 777.488
6 4 1995.33 900.985 902.574
6 5 1959.21 868.96 870.528
6 6 1899.31 950.331 952.173
6 7 1646.36 817.079 818.76
6 8 1315.82 578.78 580.031
6 9 1092.38 549.497 550.803
6 10 849.08 444.41 445.529
6 11 650.581 361.63 362.57
6 12 468.461 254.583 255.229
6 13 329.56 160.723 161.096
6 14 226.738 102.135 102.335
6 15 498.958 239.829 240.453
