0.84 0
1 0 35.3825 6.35184 6.2264
1 1 0.000259374 0.00960059 6.72749e-08
2 0 122.179 26.787 26.7969
2 1 0 0.152266 0
3 0 0 0.152266 0
3 1 6.02801 1.29902 1.15607
3 2 112.678 23.9122 23.9005
3 3 281.818 67.7001 67.835
3 4 387.26 76.1338 76.2834
3 5 340.631 62.7596 62.8703
3 6 309.391 63.6687 63.7874
3 7 226.45 48.418 48.4883
3 8 166.63 42.1607 42.2057
3 9 123.541 32.911 32.8922
3 10 97.0408 23.0725 23.0109
3 11 64.0631 15.8477 15.7971
3 12 54.8218 14.3466 14.2505
3 13 38.33 10.2197 10.1174
3 14 24.303 6.29446 6.16508
3 15 53.2121 14.3691 14.3287
4 0 0.0392854 0.0506553 0.00154334
4 1 135.474 34.9458 34.9793
4 2 652.529 156.001 156.334
4 3 626.646 133.637 133.909
4 4 446.027 95.4519 95.6451
4 5 275.79 56.8699 56.9733
4 6 204.449 43.3454 43.4064
4 7 152.477 43.3116 43.3727
4 8 95.6303 25.3966 25.3405
4 9 52.1272 13.0807 13.0281
4 10 36.5666 9.31209 9.24698
4 11 20.4881 5.13119 5.00857
4 12 17.199 4.71629 4.61978
4 13 10.104 2.79454 2.6461
4 14 9.19054 2.41868 2.28828
4 15 23.5106 9.955 9.83698
5 0 0 0.152266 0
5 1 2.45408 1.74012 1.55435
5 2 110.844 66.4649 66.5505
5 3 943.704 583.962 585.459
5 4 2049.29 1165.8 1168.13
5 5 2869.54 1507.67 1509.92
5 6 3285.46 1747.16 1749.42
5 7 3291.09 1839.54 1842.08
5 8 2957.91 1687.09 1689.76
5 9 2463.33 1418.91 1421.51
5 10 1955.08 1086.76 1088.95
5 11 1538.12 852.9 854.794
5 12 1110.3 597.764 599.199
5 13 777.806 381.801 382.759
5 14 568.246 298.286 299.043
5 15 1310.89 729.057 730.755
6 0 3.9873 1.55744 1.4166
6 1 15.892 12.094 12.0128
6 2 829.783 396.449 397.432
6 3 1702.73 775.965 777.488
6 4 1995.34 900.985 902.574
6 5 1959.22 868.96 870.528
6 6 1899.32 950.331 952.173
6 7 1646.37 817.079 818.76
6 8 1315.82 578.78 580.031
6 9 1092.38 549.497 550.803
6 10 849.084 444.41 445.529
6 11 650.584 361.63 362.57
6 12 468.464 254.583 255.229
6 13 329.561 160.723 161.096
6 14 226.739 102.135 102.335
6 15 498.96 239.829 240.453
