0.87 0
1 0 35.4758 6.3519 6.22646
1 1 0.000268637 0.00959986 7.21661e-08
2 0 122.479 26.7877 26.7972
2 1 0 0.152266 0
3 0 0 0.152266 0
3 1 6.02832 1.29901 1.15607
3 2 112.688 23.9123 23.9005
3 3 281.841 67.7003 67.835
3 4 387.289 76.1323 76.2834
3 5 340.653 62.7598 62.8703
3 6 309.407 63.6689 63.7874
3 7 226.461 48.4181 48.4883
3 8 166.638 42.1608 42.2057
3 9 123.546 32.9111 32.8922
3 10 97.0451 23.0725 23.0109
3 11 64.0656 15.8477 15.7971
3 12 54.8243 14.3466 14.2505
3 13 38.3317 10.2198 10.1174
3 14 24.3036 6.29443 6.16508
3 15 53.2133 14.3691 14.3287
4 0 0.0392854 0.0506553 0.00154334
4 1 135.486 34.9455 34.9793
4 2 652.593 156.002 156.334
4 3 626.706 133.638 133.909
4 4 446.065 95.4522 95.6451
4 5 275.81 56.8701 56.9733
4 6 204.46 43.3448 43.4065
4 7 152.484 43.3117 43.3727
4 8 95.6341 25.3966 25.3405
4 9 52.129 13.0807 13.0281
4 10 36.5678 9.3121 9.24698
4 11 20.4889 5.13117 5.00857
4 12 17.1995 4.71629 4.61978
4 13 10.1042 2.79454 2.6461
4 14 9.19068 2.41868 2.28828
4 15 23.5106 9.955 9.83698
5 0 0 0.152266 0
5 1 2.45408 1.74012 1.55435
5 2 110.844 66.4649 66.5505
5 3 943.705 583.962 585.459
5 4 2049.29 1165.8 1168.13
5 5 2869.54 1507.67 1509.92
5 6 3285.46 1747.16 1749.42
5 7 3291.09 1839.54 1842.08
5 8 2957.91 1687.09 1689.76
5 9 2463.33 1418.91 1421.51
5 10 1955.08 1086.76 1088.95
5 11 1538.13 852.9 854.794
5 12 1110.3 597.764 599.199
5 13 777.807 381.801 382.759
5 14 568.247 298.286 299.043
5 15 1310.89 729.057 730.755
6 0 3.9873 1.55744 1.4166
6 1 15.892 12.094 12.0128
6 2 829.784 396.449 397.432
6 3 1702.73 775.965 777.488
6 4 1995.34 900.985 902.574
6 5 1959.23 868.96 870.528
6 6 1899.32 950.331 952.173
6 7 1646.37 817.079 818.76
6 8 1315.83 578.78 580.031
6 9 1092.38 549.497 550.803
6 10 849.086 444.41 445.529
6 11 650.585 361.63 362.57
6 12 468.464 254.583 255.229
6 13 329.562 160.723 161.096
6 14 226.739 102.135 102.335
6 15 498.96 239.829 240.453
