0.93 0
1 0 35.6623 6.35201 6.22661
1 1 0.000287164 0.00959859 8.24633e-08
2 0 123.079 26.7881 26.7979
2 1 0 0.152266 0
3 0 0 0.152266 0
3 1 6.02893 1.29902 1.15607
3 2 112.707 23.9118 23.9005
3 3 281.886 67.7008 67.8351
3 4 387.347 76.1328 76.2834
3 5 340.698 62.7601 62.8703
3 6 309.44 63.6691 63.7875
3 7 226.482 48.4183 48.4883
3 8 166.652 42.1604 42.2057
3 9 123.555 32.9112 32.8922
3 10 97.0537 23.0724 23.0109
3 11 64.0706 15.8476 15.7971
3 12 54.8293 14.3467 14.2505
3 13 38.3352 10.2197 10.1174
3 14 24.3048 6.29444 6.16509
3 15 53.2156 14.369 14.3287
4 0 0.0392854 0.0506553 0.00154334
4 1 135.511 34.9457 34.9794
4 2 652.722 156.003 156.335
4 3 626.827 133.636 133.909
4 4 446.14 95.4506 95.6452
4 5 275.848 56.8704 56.9733
4 6 204.483 43.345 43.4065
4 7 152.498 43.3119 43.3727
4 8 95.6416 25.3967 25.3405
4 9 52.1327 13.0807 13.0281
4 10 36.5702 9.31206 9.24699
4 11 20.4906 5.13119 5.00857
4 12 17.2005 4.7163 4.61979
4 13 10.1047 2.79454 2.6461
4 14 9.19096 2.41869 2.28828
4 15 23.5107 9.955 9.83698
5 0 0 0.152266 0
5 1 2.45408 1.74012 1.55435
5 2 110.844 66.4649 66.5505
5 3 943.706 583.962 585.459
5 4 2049.3 1165.8 1168.13
5 5 2869.54 1507.67 1509.92
5 6 3285.46 1747.16 1749.42
5 7 3291.09 1839.54 1842.08
5 8 2957.92 1687.09 1689.76
5 9 2463.34 1418.91 1421.51
5 10 1955.09 1086.76 1088.95
5 11 1538.13 852.9 854.794
5 12 1110.3 597.764 599.199
5 13 777.81 381.801 382.759
5 14 568.248 298.286 299.043
5 15 1310.89 729.057 730.755
6 0 3.9873 1.55744 1.4166
6 1 15.8921 12.094 12.0128
6 2 829.786 396.449 397.432
6 3 1702.74 775.965 777.488
6 4 1995.35 900.985 902.574
6 5 1959.23 868.96 870.528
6 6 1899.33 950.331 952.173
6 7 1646.38 817.079 818.76
6 8 1315.83 578.78 580.031
6 9 1092.39 549.497 550.803
6 10 849.088 444.41 445.529
6 11 650.586 361.631 362.57
6 12 468.466 254.583 255.229
6 13 329.563 160.723 161.096
6 14 226.739 102.135 102.335
6 15 498.961 239.829 240.453
