1.05 0
1 0 36.0354 6.35223 6.22693
1 1 0.000324218 0.00959612 1.05117e-07
2 0 124.28 26.7897 26.7995
2 1 0 0.152266 0
3 0 0 0.152266 0
3 1 6.03017 1.29902 1.15607
3 2 112.745 23.9122 23.9006
3 3 281.976 67.7017 67.8351
3 4 387.463 76.1337 76.2835
3 5 340.786 62.7608 62.8704
3 6 309.506 63.6697 63.7875
3 7 226.526 48.4187 48.4884
3 8 166.682 42.1607 42.2057
3 9 123.575 32.9114 32.8922
3 10 97.0709 23.0725 23.0109
3 11 64.0807 15.8476 15.7972
3 12 54.8393 14.3467 14.2505
3 13 38.3422 10.2197 10.1174
3 14 24.3073 6.29443 6.16509
3 15 53.2203 14.3691 14.3287
4 0 0.0392854 0.0506553 0.00154334
4 1 135.56 34.9459 34.9794
4 2 652.979 156.006 156.335
4 3 627.07 133.638 133.91
4 4 446.291 95.4498 95.6453
4 5 275.926 56.87 56.9734
4 6 204.528 43.3454 43.4065
4 7 152.526 43.3116 43.3727
4 8 95.6566 25.3969 25.3405
4 9 52.14 13.0807 13.0281
4 10 36.5751 9.31205 9.247
4 11 20.494 5.13119 5.00858
4 12 17.2024 4.71629 4.61979
4 13 10.1056 2.79454 2.6461
4 14 9.19152 2.41869 2.28828
4 15 23.5109 9.95501 9.83698
5 0 0 0.152266 0
5 1 2.45408 1.74012 1.55435
5 2 110.844 66.4649 66.5505
5 3 943.709 583.962 585.459
5 4 2049.3 1165.8 1168.13
5 5 2869.55 1507.67 1509.92
5 6 3285.47 1747.16 1749.42
5 7 3291.1 1839.54 1842.08
5 8 2957.93 1687.09 1689.76
5 9 2463.35 1418.91 1421.51
5 10 1955.1 1086.76 1088.95
5 11 1538.14 852.901 854.794
5 12 1110.31 597.764 599.199
5 13 777.815 381.801 382.76
5 14 568.251 298.286 299.043
5 15 1310.9 729.057 730.755
6 0 3.9873 1.55744 1.4166
6 1 15.8921 12.0941 12.0128
6 2 829.789 396.45 397.432
6 3 1702.75 775.965 777.488
6 4 1995.36 900.985 902.574
6 5 1959.25 868.961 870.528
6 6 1899.34 950.331 952.173
6 7 1646.39 817.079 818.76
6 8 1315.84 578.78 580.031
6 9 1092.39 549.497 550.803
6 10 849.092 444.41 445.529
6 11 650.589 361.631 362.57
6 12 468.468 254.583 255.229
6 13 329.564 160.723 161.096
6 14 226.739 102.135 102.335
6 15 498.963 239.829 240.453
