1.11 0
1 0 36.2219 6.35234 6.2271
1 1 0.000342744 0.00959495 1.17474e-07
2 0 124.88 26.7904 26.8003
2 1 0 0.152266 0
3 0 0 0.152266 0
3 1 6.03079 1.29902 1.15608
3 2 112.764 23.9124 23.9006
3 3 282.021 67.7021 67.8352
3 4 387.521 76.1342 76.2836
3 5 340.831 62.7612 62.8704
3 6 309.539 63.6687 63.7875
3 7 226.548 48.4189 48.4884
3 8 166.696 42.1608 42.2057
3 9 123.584 32.9115 32.8922
3 10 97.0795 23.0726 23.0109
3 11 64.0857 15.8477 15.7972
3 12 54.8443 14.3466 14.2505
3 13 38.3457 10.2197 10.1175
3 14 24.3085 6.29445 6.1651
3 15 53.2226 14.3691 14.3287
4 0 0.0392854 0.0506553 0.00154334
4 1 135.585 34.9457 34.9795
4 2 653.107 156.003 156.335
4 3 627.191 133.639 133.91
4 4 446.366 95.4505 95.6454
4 5 275.965 56.8703 56.9734
4 6 204.55 43.3456 43.4065
4 7 152.539 43.3118 43.3728
4 8 95.6641 25.3964 25.3405
4 9 52.1437 13.0807 13.0282
4 10 36.5775 9.31207 9.247
4 11 20.4957 5.1312 5.00858
4 12 17.2034 4.7163 4.61979
4 13 10.106 2.79453 2.6461
4 14 9.1918 2.41869 2.28828
4 15 23.511 9.95501 9.83698
5 0 0 0.152266 0
5 1 2.45408 1.74012 1.55435
5 2 110.844 66.4649 66.5505
5 3 943.71 583.962 585.459
5 4 2049.31 1165.8 1168.13
5 5 2869.56 1507.67 1509.92
5 6 3285.48 1747.16 1749.42
5 7 3291.11 1839.54 1842.08
5 8 2957.93 1687.09 1689.76
5 9 2463.35 1418.91 1421.51
5 10 1955.1 1086.76 1088.95
5 11 1538.14 852.901 854.794
5 12 1110.31 597.764 599.199
5 13 777.818 381.801 382.76
5 14 568.253 298.286 299.043
5 15 1310.9 729.057 730.755
6 0 3.9873 1.55744 1.4166
6 1 15.8922 12.0941 12.0128
6 2 829.791 396.45 397.432
6 3 1702.75 775.965 777.488
6 4 1995.37 900.985 902.574
6 5 1959.26 868.961 870.528
6 6 1899.35 950.331 952.173
6 7 1646.39 817.079 818.76
6 8 1315.84 578.78 580.031
6 9 1092.4 549.497 550.803
6 10 849.095 444.41 445.529
6 11 650.591 361.631 362.57
6 12 468.47 254.583 255.229
6 13 329.565 160.723 161.096
6 14 226.74 102.135 102.335
6 15 498.964 239.829 240.453
