1.23 0
1 0 36.5949 6.35267 6.22748
1 1 0.000379798 0.00959285 1.44246e-07
2 0 126.08 26.7923 26.8021
2 1 0 0.152266 0
3 0 0 0.152266 0
3 1 6.03202 1.29902 1.15608
3 2 112.803 23.9121 23.9007
3 3 282.111 67.7006 67.8353
3 4 387.637 76.1335 76.2837
3 5 340.919 62.7619 62.8705
3 6 309.605 63.668 63.7876
3 7 226.591 48.4184 48.4884
3 8 166.726 42.1612 42.2058
3 9 123.604 32.9113 32.8923
3 10 97.0967 23.0726 23.011
3 11 64.0958 15.8478 15.7972
3 12 54.8543 14.3467 14.2506
3 13 38.3527 10.2198 10.1175
3 14 24.311 6.29443 6.1651
3 15 53.2273 14.369 14.3287
4 0 0.0392854 0.0506553 0.00154334
4 1 135.634 34.9462 34.9795
4 2 653.364 156.006 156.335
4 3 627.434 133.638 133.91
4 4 446.517 95.4519 95.6456
4 5 276.042 56.871 56.9735
4 6 204.595 43.346 43.4066
4 7 152.567 43.3116 43.3728
4 8 95.6791 25.3966 25.3405
4 9 52.151 13.0807 13.0282
4 10 36.5824 9.31206 9.24701
4 11 20.4991 5.13121 5.00858
4 12 17.2053 4.7163 4.61979
4 13 10.1069 2.79454 2.64611
4 14 9.19235 2.4187 2.28829
4 15 23.5112 9.95501 9.83698
5 0 0 0.152266 0
5 1 2.45408 1.74012 1.55435
5 2 110.844 66.4649 66.5505
5 3 943.713 583.962 585.459
5 4 2049.31 1165.8 1168.13
5 5 2869.57 1507.67 1509.92
5 6 3285.49 1747.16 1749.42
5 7 3291.12 1839.54 1842.08
5 8 2957.94 1687.09 1689.76
5 9 2463.36 1418.91 1421.51
5 10 1955.11 1086.76 1088.95
5 11 1538.15 852.901 854.794
5 12 1110.32 597.764 599.199
5 13 777.823 381.801 382.76
5 14 568.255 298.287 299.043
5 15 1310.9 729.057 730.755
6 0 3.9873 1.55744 1.4166
6 1 15.8922 12.0941 12.0128
6 2 829.794 396.45 397.432
6 3 1702.76 775.965 777.488
6 4 1995.38 900.986 902.574
6 5 1959.27 868.961 870.528
6 6 1899.36 950.332 952.173
6 7 1646.4 817.079 818.76
6 8 1315.85 578.78 580.032
6 9 1092.4 549.497 550.803
6 10 849.099 444.41 445.529
6 11 650.594 361.631 362.57
6 12 468.472 254.583 255.229
6 13 329.566 160.723 161.096
6 14 226.74 102.135 102.335
6 15 498.965 239.829 240.453
