1.32 0
1 0 36.8747 6.35283 6.22779
1 1 0.000407588 0.00959164 1.66128e-07
2 0 126.98 26.7935 26.8036
2 1 0 0.152266 0
3 0 0 0.152266 0
3 1 6.03294 1.29902 1.15608
3 2 112.831 23.9124 23.9007
3 3 282.179 67.7013 67.8354
3 4 387.724 76.1325 76.2838
3 5 340.986 62.7596 62.8706
3 6 309.655 63.6684 63.7877
3 7 226.624 48.4187 48.4885
3 8 166.748 42.1608 42.2058
3 9 123.618 32.9111 32.8923
3 10 97.1096 23.0724 23.011
3 11 64.1033 15.8477 15.7972
3 12 54.8618 14.3467 14.2506
3 13 38.3579 10.2198 10.1175
3 14 24.3128 6.29445 6.16511
3 15 53.2308 14.3691 14.3288
4 0 0.0392854 0.0506553 0.00154334
4 1 135.671 34.9458 34.9796
4 2 653.556 156.004 156.336
4 3 627.616 133.639 133.911
4 4 446.63 95.453 95.6458
4 5 276.101 56.8705 56.9736
4 6 204.628 43.3456 43.4066
4 7 152.588 43.3119 43.3728
4 8 95.6904 25.3967 25.3406
4 9 52.1565 13.0808 13.0282
4 10 36.5861 9.3121 9.24702
4 11 20.5017 5.13121 5.00859
4 12 17.2068 4.71629 4.6198
4 13 10.1076 2.79454 2.64611
4 14 9.19277 2.4187 2.28829
4 15 23.5113 9.95501 9.83698
5 0 0 0.152266 0
5 1 2.45408 1.74012 1.55435
5 2 110.844 66.4649 66.5505
5 3 943.715 583.962 585.459
5 4 2049.32 1165.8 1168.13
5 5 2869.57 1507.67 1509.92
5 6 3285.5 1747.16 1749.42
5 7 3291.12 1839.54 1842.08
5 8 2957.95 1687.09 1689.76
5 9 2463.36 1418.91 1421.51
5 10 1955.11 1086.76 1088.95
5 11 1538.15 852.901 854.794
5 12 1110.32 597.764 599.199
5 13 777.827 381.802 382.76
5 14 568.258 298.287 299.043
5 15 1310.91 729.057 730.755
6 0 3.9873 1.55744 1.4166
6 1 15.8923 12.0941 12.0128
6 2 829.797 396.45 397.432
6 3 1702.76 775.966 777.488
6 4 1995.39 900.986 902.574
6 5 1959.28 868.961 870.528
6 6 1899.37 950.332 952.173
6 7 1646.41 817.08 818.76
6 8 1315.85 578.781 580.032
6 9 1092.41 549.497 550.803
6 10 849.103 444.41 445.529
6 11 650.596 361.631 362.57
6 12 468.474 254.583 255.229
6 13 329.567 160.723 161.096
6 14 226.741 102.135 102.335
6 15 498.967 239.829 240.453
