1.35 0
1 0 36.968 6.35293 6.2279
1 1 0.000416851 0.00959134 1.73765e-07
2 0 127.28 26.7942 26.8042
2 1 0 0.152266 0
3 0 0 0.152266 0
3 1 6.03325 1.29902 1.15608
3 2 112.841 23.9125 23.9007
3 3 282.201 67.7015 67.8354
3 4 387.753 76.1327 76.2838
3 5 341.008 62.7598 62.8706
3 6 309.672 63.6686 63.7877
3 7 226.634 48.4188 48.4885
3 8 166.755 42.1609 42.2058
3 9 123.623 32.9112 32.8923
3 10 97.1139 23.0725 23.011
3 11 64.1059 15.8477 15.7972
3 12 54.8643 14.3467 14.2506
3 13 38.3597 10.2197 10.1175
3 14 24.3134 6.29446 6.16511
3 15 53.2319 14.3691 14.3288
4 0 0.0392854 0.0506553 0.00154334
4 1 135.684 34.9459 34.9796
4 2 653.621 156.004 156.336
4 3 627.677 133.64 133.911
4 4 446.667 95.4534 95.6458
4 5 276.12 56.8696 56.9736
4 6 204.639 43.3457 43.4067
4 7 152.594 43.3114 43.3728
4 8 95.6942 25.3968 25.3406
4 9 52.1584 13.0808 13.0282
4 10 36.5873 9.31211 9.24702
4 11 20.5025 5.13121 5.00859
4 12 17.2073 4.7163 4.6198
4 13 10.1078 2.79454 2.64611
4 14 9.19291 2.41869 2.28829
4 15 23.5114 9.95501 9.83698
5 0 0 0.152266 0
5 1 2.45408 1.74012 1.55435
5 2 110.845 66.4649 66.5505
5 3 943.716 583.962 585.459
5 4 2049.32 1165.8 1168.13
5 5 2869.58 1507.67 1509.92
5 6 3285.5 1747.16 1749.42
5 7 3291.13 1839.54 1842.08
5 8 2957.95 1687.09 1689.76
5 9 2463.37 1418.91 1421.51
5 10 1955.12 1086.76 1088.95
5 11 1538.16 852.901 854.794
5 12 1110.33 597.765 599.199
5 13 777.828 381.802 382.76
5 14 568.258 298.287 299.043
5 15 1310.91 729.057 730.755
6 0 3.9873 1.55744 1.4166
6 1 15.8923 12.0941 12.0128
6 2 829.798 396.45 397.432
6 3 1702.77 775.966 777.488
6 4 1995.4 900.986 902.574
6 5 1959.28 868.961 870.528
6 6 1899.38 950.332 952.173
6 7 1646.42 817.08 818.76
6 8 1315.85 578.781 580.032
6 9 1092.41 549.497 550.803
6 10 849.104 444.41 445.529
6 11 650.597 361.631 362.57
6 12 468.475 254.583 255.229
6 13 329.568 160.723 161.096
6 14 226.741 102.135 102.335
6 15 498.967 239.829 240.453
