1.44 0
1 0 37.2478 6.3532 6.22823
1 1 0.000444641 0.00959073 1.97706e-07
2 0 128.181 26.7957 26.8058
2 1 0 0.152266 0
3 0 0 0.152266 0
3 1 6.03418 1.29902 1.15608
3 2 112.87 23.9121 23.9008
3 3 282.269 67.7022 67.8355
3 4 387.84 76.1335 76.2839
3 5 341.074 62.7603 62.8707
3 6 309.721 63.669 63.7877
3 7 226.667 48.4183 48.4885
3 8 166.777 42.1606 42.2058
3 9 123.638 32.9113 32.8923
3 10 97.1267 23.0726 23.011
3 11 64.1134 15.8477 15.7972
3 12 54.8719 14.3467 14.2506
3 13 38.3649 10.2198 10.1175
3 14 24.3153 6.29448 6.16512
3 15 53.2354 14.3691 14.3288
4 0 0.0392854 0.0506553 0.00154334
4 1 135.721 34.9463 34.9797
4 2 653.813 156.006 156.336
4 3 627.859 133.638 133.911
4 4 446.78 95.4522 95.646
4 5 276.178 56.8701 56.9737
4 6 204.673 43.3453 43.4067
4 7 152.615 43.3117 43.3729
4 8 95.7054 25.3969 25.3406
4 9 52.1639 13.0807 13.0282
4 10 36.591 9.31209 9.24703
4 11 20.5051 5.13124 5.0086
4 12 17.2087 4.71631 4.6198
4 13 10.1084 2.79454 2.64611
4 14 9.19333 2.4187 2.28829
4 15 23.5115 9.95502 9.83698
5 0 0 0.152266 0
5 1 2.45408 1.74012 1.55435
5 2 110.845 66.4649 66.5505
5 3 943.718 583.962 585.459
5 4 2049.32 1165.8 1168.13
5 5 2869.58 1507.67 1509.92
5 6 3285.51 1747.16 1749.42
5 7 3291.13 1839.54 1842.08
5 8 2957.96 1687.09 1689.76
5 9 2463.37 1418.91 1421.51
5 10 1955.12 1086.76 1088.95
5 11 1538.16 852.901 854.794
5 12 1110.33 597.765 599.199
5 13 777.832 381.802 382.76
5 14 568.26 298.287 299.043
5 15 1310.91 729.057 730.755
6 0 3.9873 1.55744 1.4166
6 1 15.8924 12.0941 12.0128
6 2 829.801 396.45 397.432
6 3 1702.77 775.966 777.488
6 4 1995.41 900.986 902.574
6 5 1959.3 868.962 870.528
6 6 1899.39 950.332 952.173
6 7 1646.42 817.08 818.76
6 8 1315.86 578.781 580.032
6 9 1092.41 549.497 550.803
6 10 849.107 444.41 445.529
6 11 650.599 361.631 362.57
6 12 468.477 254.583 255.229
6 13 329.569 160.723 161.096
6 14 226.741 102.135 102.335
6 15 498.968 239.829 240.453
