1.47 0
1 0 37.3411 6.35331 6.22835
1 1 0.000453905 0.00959072 2.0603e-07
2 0 128.481 26.7958 26.8064
2 1 0 0.152266 0
3 0 0 0.152266 0
3 1 6.03449 1.29902 1.15608
3 2 112.879 23.9122 23.9008
3 3 282.291 67.7012 67.8355
3 4 387.869 76.1337 76.284
3 5 341.096 62.7605 62.8707
3 6 309.738 63.6692 63.7877
3 7 226.678 48.4184 48.4885
3 8 166.785 42.1606 42.2059
3 9 123.642 32.9114 32.8923
3 10 97.131 23.0727 23.011
3 11 64.1159 15.8477 15.7972
3 12 54.8744 14.3467 14.2506
3 13 38.3666 10.2198 10.1175
3 14 24.3159 6.29449 6.16512
3 15 53.2366 14.3691 14.3288
4 0 0.0392854 0.0506553 0.00154334
4 1 135.733 34.946 34.9797
4 2 653.878 156.007 156.336
4 3 627.919 133.639 133.911
4 4 446.818 95.4504 95.6461
4 5 276.197 56.8703 56.9737
4 6 204.684 43.3454 43.4067
4 7 152.622 43.3117 43.3729
4 8 95.7092 25.397 25.3406
4 9 52.1657 13.0808 13.0282
4 10 36.5922 9.31211 9.24703
4 11 20.5059 5.13119 5.0086
4 12 17.2092 4.71632 4.6198
4 13 10.1087 2.79454 2.64611
4 14 9.19347 2.4187 2.28829
4 15 23.5115 9.95502 9.83698
5 0 0 0.152266 0
5 1 2.45408 1.74012 1.55435
5 2 110.845 66.4649 66.5505
5 3 943.718 583.962 585.459
5 4 2049.33 1165.8 1168.13
5 5 2869.59 1507.67 1509.92
5 6 3285.51 1747.16 1749.42
5 7 3291.14 1839.54 1842.08
5 8 2957.96 1687.09 1689.76
5 9 2463.38 1418.91 1421.51
5 10 1955.12 1086.76 1088.95
5 11 1538.16 852.901 854.794
5 12 1110.33 597.765 599.199
5 13 777.833 381.802 382.76
5 14 568.261 298.287 299.043
5 15 1310.92 729.057 730.755
6 0 3.9873 1.55744 1.4166
6 1 15.8924 12.0941 12.0128
6 2 829.801 396.45 397.432
6 3 1702.78 775.966 777.488
6 4 1995.41 900.986 902.574
6 5 1959.3 868.962 870.528
6 6 1899.39 950.332 952.173
6 7 1646.43 817.055 818.76
6 8 1315.86 578.781 580.032
6 9 1092.42 549.498 550.803
6 10 849.108 444.41 445.529
6 11 650.6 361.631 362.57
6 12 468.478 254.583 255.229
6 13 329.569 160.723 161.096
6 14 226.741 102.135 102.335
6 15 498.969 239.829 240.453
