1.5 0
1 0 37.4343 6.35341 6.22847
1 1 0.000463168 0.00959089 2.14525e-07
2 0 128.781 26.7969 26.8069
2 1 0 0.152266 0
3 0 0 0.152266 0
3 1 6.03479 1.29902 1.15608
3 2 112.889 23.9123 23.9008
3 3 282.314 67.7015 67.8355
3 4 387.898 76.134 76.284
3 5 341.118 62.7607 62.8707
3 6 309.754 63.6693 63.7878
3 7 226.689 48.4185 48.4886
3 8 166.792 42.1607 42.2059
3 9 123.647 32.9114 32.8923
3 10 97.1353 23.0727 23.011
3 11 64.1184 15.8477 15.7972
3 12 54.8769 14.3468 14.2506
3 13 38.3684 10.2198 10.1175
3 14 24.3165 6.29446 6.16512
3 15 53.2378 14.3691 14.3288
4 0 0.0392854 0.0506553 0.00154334
4 1 135.746 34.9458 34.9797
4 2 653.942 156.008 156.336
4 3 627.98 133.639 133.911
4 4 446.856 95.4507 95.6461
4 5 276.217 56.8704 56.9737
4 6 204.695 43.3455 43.4067
4 7 152.629 43.3118 43.3729
4 8 95.7129 25.3967 25.3406
4 9 52.1675 13.0808 13.0282
4 10 36.5934 9.31212 9.24704
4 11 20.5068 5.1312 5.0086
4 12 17.2097 4.71632 4.6198
4 13 10.1089 2.79453 2.64611
4 14 9.19361 2.4187 2.28829
4 15 23.5116 9.95502 9.83698
5 0 0 0.152266 0
5 1 2.45408 1.74012 1.55435
5 2 110.845 66.4649 66.5505
5 3 943.719 583.962 585.459
5 4 2049.33 1165.8 1168.13
5 5 2869.59 1507.67 1509.92
5 6 3285.51 1747.16 1749.42
5 7 3291.14 1839.54 1842.08
5 8 2957.96 1687.09 1689.76
5 9 2463.38 1418.91 1421.51
5 10 1955.13 1086.76 1088.95
5 11 1538.17 852.901 854.794
5 12 1110.33 597.765 599.199
5 13 777.835 381.802 382.76
5 14 568.262 298.287 299.043
5 15 1310.92 729.057 730.755
6 0 3.9873 1.55744 1.4166
6 1 15.8924 12.0941 12.0128
6 2 829.802 396.45 397.432
6 3 1702.78 775.966 777.488
6 4 1995.41 900.986 902.574
6 5 1959.3 868.962 870.528
6 6 1899.39 950.332 952.173
6 7 1646.43 817.055 818.76
6 8 1315.86 578.781 580.032
6 9 1092.42 549.498 550.803
6 10 849.109 444.41 445.529
6 11 650.6 361.631 362.57
6 12 468.478 254.583 255.229
6 13 329.57 160.723 161.096
6 14 226.741 102.135 102.335
6 15 498.969 239.829 240.453
