1.59 0
1 0 37.7141 6.35373 6.22885
1 1 0.000490958 0.00959175 2.4104e-07
2 0 129.681 26.7984 26.8087
2 1 0 0.152266 0
3 0 0 0.152266 0
3 1 6.03572 1.29902 1.15608
3 2 112.918 23.9123 23.9008
3 3 282.381 67.7022 67.8356
3 4 387.985 76.1347 76.2841
3 5 341.185 62.7612 62.8708
3 6 309.804 63.6698 63.7878
3 7 226.721 48.4188 48.4886
3 8 166.814 42.161 42.2059
3 9 123.662 32.9112 32.8924
3 10 97.1482 23.0726 23.0111
3 11 64.126 15.8478 15.7973
3 12 54.8844 14.3468 14.2507
3 13 38.3736 10.2198 10.1175
3 14 24.3183 6.29448 6.16513
3 15 53.2413 14.3691 14.3288
4 0 0.0392854 0.0506553 0.00154334
4 1 135.783 34.9462 34.9798
4 2 654.134 156.006 156.337
4 3 628.162 133.641 133.912
4 4 446.969 95.4518 95.6463
4 5 276.275 56.871 56.9738
4 6 204.729 43.3458 43.4068
4 7 152.65 43.3116 43.3729
4 8 95.7242 25.3966 25.3406
4 9 52.173 13.0808 13.0282
4 10 36.597 9.31209 9.24705
4 11 20.5093 5.13122 5.00861
4 12 17.2112 4.71629 4.61981
4 13 10.1096 2.79454 2.64611
4 14 9.19403 2.41869 2.28829
4 15 23.5117 9.95502 9.83698
5 0 0 0.152266 0
5 1 2.45408 1.74012 1.55435
5 2 110.845 66.4649 66.5505
5 3 943.721 583.962 585.459
5 4 2049.33 1165.8 1168.13
5 5 2869.6 1507.67 1509.92
5 6 3285.52 1747.16 1749.42
5 7 3291.15 1839.54 1842.08
5 8 2957.97 1687.09 1689.76
5 9 2463.38 1418.91 1421.51
5 10 1955.13 1086.76 1088.95
5 11 1538.17 852.901 854.794
5 12 1110.34 597.765 599.199
5 13 777.839 381.802 382.76
5 14 568.264 298.287 299.043
5 15 1310.92 729.057 730.755
6 0 3.9873 1.55744 1.4166
6 1 15.8925 12.0941 12.0128
6 2 829.805 396.45 397.432
6 3 1702.78 775.966 777.488
6 4 1995.42 900.986 902.574
6 5 1959.31 868.962 870.528
6 6 1899.4 950.333 952.174
6 7 1646.44 817.055 818.76
6 8 1315.87 578.781 580.032
6 9 1092.42 549.498 550.803
6 10 849.113 444.41 445.529
6 11 650.603 361.631 362.57
6 12 468.48 254.583 255.229
6 13 329.571 160.723 161.096
6 14 226.742 102.135 102.335
6 15 498.971 239.829 240.453
