1.65 0
1 0 37.9006 6.35394 6.22911
1 1 0.000509485 0.00959292 2.59575e-07
2 0 130.281 26.7996 26.81
2 1 0 0.152266 0
3 0 0 0.152266 0
3 1 6.03634 1.29902 1.15608
3 2 112.937 23.9125 23.9009
3 3 282.426 67.7015 67.8357
3 4 388.043 76.1352 76.2842
3 5 341.229 62.7616 62.8708
3 6 309.837 63.6701 63.7879
3 7 226.743 48.419 48.4886
3 8 166.829 42.1611 42.2059
3 9 123.671 32.9113 32.8924
3 10 97.1568 23.0727 23.0111
3 11 64.131 15.8479 15.7973
3 12 54.8894 14.3468 14.2507
3 13 38.3771 10.2198 10.1175
3 14 24.3196 6.29446 6.16513
3 15 53.2436 14.3691 14.3288
4 0 0.0392854 0.0506553 0.00154334
4 1 135.807 34.9465 34.9798
4 2 654.263 156.007 156.337
4 3 628.283 133.639 133.912
4 4 447.044 95.4526 95.6465
4 5 276.314 56.8713 56.9739
4 6 204.751 43.346 43.4068
4 7 152.663 43.3117 43.373
4 8 95.7317 25.3967 25.3407
4 9 52.1767 13.0808 13.0282
4 10 36.5995 9.31212 9.24706
4 11 20.511 5.13124 5.00861
4 12 17.2121 4.7163 4.61981
4 13 10.11 2.79454 2.64611
4 14 9.19431 2.4187 2.28829
4 15 23.5118 9.95502 9.83698
5 0 0 0.152266 0
5 1 2.45408 1.74012 1.55435
5 2 110.845 66.4649 66.5505
5 3 943.723 583.962 585.459
5 4 2049.34 1165.8 1168.13
5 5 2869.6 1507.67 1509.92
5 6 3285.53 1747.16 1749.42
5 7 3291.15 1839.54 1842.08
5 8 2957.98 1687.09 1689.76
5 9 2463.39 1418.91 1421.51
5 10 1955.14 1086.76 1088.95
5 11 1538.18 852.902 854.794
5 12 1110.34 597.765 599.199
5 13 777.841 381.802 382.76
5 14 568.266 298.287 299.043
5 15 1310.92 729.058 730.755
6 0 3.9873 1.55744 1.4166
6 1 15.8925 12.0941 12.0128
6 2 829.807 396.45 397.432
6 3 1702.79 775.966 777.488
6 4 1995.43 900.987 902.574
6 5 1959.32 868.962 870.528
6 6 1899.41 950.333 952.174
6 7 1646.44 817.055 818.76
6 8 1315.87 578.781 580.032
6 9 1092.42 549.498 550.803
6 10 849.115 444.41 445.529
6 11 650.604 361.631 362.57
6 12 468.482 254.583 255.229
6 13 329.571 160.723 161.096
6 14 226.742 102.135 102.335
6 15 498.971 239.829 240.453
