1.68 0
1 0 37.9939 6.35405 6.22924
1 1 0.000518748 0.00959372 2.691e-07
2 0 130.581 26.8 26.8107
2 1 0 0.152266 0
3 0 0 0.152266 0
3 1 6.03664 1.29902 1.15608
3 2 112.946 23.9126 23.9009
3 3 282.449 67.7017 67.8357
3 4 388.072 76.1355 76.2842
3 5 341.251 62.7618 62.8709
3 6 309.853 63.6702 63.7879
3 7 226.754 48.4183 48.4886
3 8 166.836 42.1612 42.2059
3 9 123.676 32.9114 32.8924
3 10 97.1611 23.0725 23.0111
3 11 64.1335 15.8479 15.7973
3 12 54.8919 14.3469 14.2507
3 13 38.3788 10.2198 10.1176
3 14 24.3202 6.29447 6.16513
3 15 53.2448 14.3691 14.3288
4 0 0.0392854 0.0506553 0.00154334
4 1 135.82 34.9462 34.9798
4 2 654.327 156.008 156.337
4 3 628.344 133.639 133.912
4 4 447.082 95.453 95.6465
4 5 276.333 56.8715 56.9739
4 6 204.763 43.3461 43.4068
4 7 152.67 43.3118 43.373
4 8 95.7355 25.3968 25.3407
4 9 52.1786 13.0808 13.0282
4 10 36.6007 9.31214 9.24706
4 11 20.5119 5.13122 5.00861
4 12 17.2126 4.71631 4.61981
4 13 10.1102 2.79454 2.64611
4 14 9.19445 2.4187 2.28829
4 15 23.5119 9.95502 9.83698
5 0 0 0.152266 0
5 1 2.45408 1.74012 1.55435
5 2 110.845 66.4649 66.5505
5 3 943.723 583.962 585.459
5 4 2049.34 1165.8 1168.13
5 5 2869.6 1507.67 1509.92
5 6 3285.53 1747.16 1749.42
5 7 3291.15 1839.54 1842.08
5 8 2957.98 1687.09 1689.76
5 9 2463.39 1418.91 1421.51
5 10 1955.14 1086.76 1088.95
5 11 1538.18 852.902 854.794
5 12 1110.34 597.765 599.199
5 13 777.843 381.802 382.76
5 14 568.266 298.287 299.043
5 15 1310.92 729.058 730.755
6 0 3.9873 1.55744 1.4166
6 1 15.8925 12.0941 12.0128
6 2 829.807 396.45 397.432
6 3 1702.79 775.966 777.488
6 4 1995.43 900.987 902.574
6 5 1959.32 868.962 870.528
6 6 1899.41 950.333 952.174
6 7 1646.44 817.056 818.76
6 8 1315.87 578.781 580.032
6 9 1092.43 549.498 550.803
6 10 849.116 444.41 445.529
6 11 650.605 361.631 362.57
6 12 468.482 254.583 255.229
6 13 329.572 160.723 161.096
6 14 226.742 102.135 102.335
6 15 498.972 239.829 240.453
