1.74 0
1 0 38.1804 6.35426 6.22952
1 1 0.000537275 0.00959576 2.88664e-07
2 0 131.181 26.8011 26.812
2 1 0 0.152266 0
3 0 0 0.152266 0
3 1 6.03726 1.29902 1.15609
3 2 112.966 23.9124 23.9009
3 3 282.494 67.7022 67.8358
3 4 388.13 76.1325 76.2843
3 5 341.296 62.7621 62.8709
3 6 309.886 63.6705 63.7879
3 7 226.776 48.4185 48.4887
3 8 166.851 42.1614 42.206
3 9 123.686 32.9115 32.8924
3 10 97.1697 23.0726 23.0111
3 11 64.1386 15.8477 15.7973
3 12 54.8969 14.3468 14.2507
3 13 38.3823 10.2199 10.1176
3 14 24.3214 6.29448 6.16514
3 15 53.2471 14.369 14.3288
4 0 0.0392854 0.0506553 0.00154334
4 1 135.844 34.946 34.9799
4 2 654.455 156.005 156.337
4 3 628.465 133.641 133.912
4 4 447.157 95.4537 95.6467
4 5 276.372 56.8697 56.974
4 6 204.785 43.3456 43.4069
4 7 152.684 43.312 43.373
4 8 95.743 25.3968 25.3407
4 9 52.1822 13.0808 13.0282
4 10 36.6031 9.31216 9.24707
4 11 20.5136 5.13121 5.00862
4 12 17.2136 4.71632 4.61982
4 13 10.1107 2.79455 2.64612
4 14 9.19473 2.4187 2.28829
4 15 23.512 9.95502 9.83698
5 0 0 0.152266 0
5 1 2.45408 1.74012 1.55435
5 2 110.845 66.4649 66.5505
5 3 943.725 583.962 585.459
5 4 2049.34 1165.8 1168.13
5 5 2869.61 1507.67 1509.92
5 6 3285.53 1747.16 1749.42
5 7 3291.16 1839.54 1842.08
5 8 2957.98 1687.09 1689.76
5 9 2463.39 1418.91 1421.51
5 10 1955.14 1086.76 1088.95
5 11 1538.18 852.902 854.794
5 12 1110.35 597.765 599.199
5 13 777.845 381.802 382.76
5 14 568.268 298.287 299.043
5 15 1310.93 729.058 730.755
6 0 3.9873 1.55744 1.4166
6 1 15.8925 12.0941 12.0128
6 2 829.809 396.45 397.432
6 3 1702.79 775.966 777.488
6 4 1995.44 900.987 902.574
6 5 1959.33 868.962 870.528
6 6 1899.42 950.333 952.174
6 7 1646.45 817.056 818.76
6 8 1315.88 578.781 580.032
6 9 1092.43 549.498 550.803
6 10 849.119 444.411 445.529
6 11 650.606 361.631 362.57
6 12 468.484 254.583 255.229
6 13 329.573 160.723 161.096
6 14 226.743 102.135 102.335
6 15 498.973 239.829 240.453
