1.86 0
1 0 38.5535 6.35479 6.2301
1 1 0.000574328 0.00960198 3.29853e-07
2 0 132.381 26.8042 26.8148
2 1 0 0.152266 0
3 0 0 0.152266 0
3 1 6.0385 1.29902 1.15609
3 2 113.004 23.9125 23.901
3 3 282.584 67.7019 67.836
3 4 388.246 76.1335 76.2845
3 5 341.384 62.7601 62.8711
3 6 309.952 63.6686 63.788
3 7 226.819 48.4189 48.4887
3 8 166.88 42.1611 42.206
3 9 123.705 32.9114 32.8925
3 10 97.1869 23.0728 23.0112
3 11 64.1486 15.8478 15.7973
3 12 54.9069 14.3468 14.2508
3 13 38.3893 10.2199 10.1176
3 14 24.3239 6.29451 6.16515
3 15 53.2518 14.3691 14.3288
4 0 0.0392854 0.0506553 0.00154334
4 1 135.894 34.9466 34.98
4 2 654.712 156.008 156.338
4 3 628.708 133.643 133.913
4 4 447.307 95.453 95.647
4 5 276.45 56.8705 56.9741
4 6 204.83 43.3461 43.407
4 7 152.712 43.3118 43.3731
4 8 95.758 25.397 25.3407
4 9 52.1896 13.0808 13.0283
4 10 36.608 9.3121 9.24708
4 11 20.517 5.13125 5.00863
4 12 17.2155 4.71632 4.61982
4 13 10.1116 2.79454 2.64612
4 14 9.19528 2.4187 2.2883
4 15 23.5121 9.95503 9.83698
5 0 0 0.152266 0
5 1 2.45408 1.74012 1.55435
5 2 110.845 66.4649 66.5505
5 3 943.727 583.963 585.459
5 4 2049.35 1165.8 1168.13
5 5 2869.62 1507.67 1509.92
5 6 3285.54 1747.16 1749.42
5 7 3291.17 1839.54 1842.08
5 8 2957.99 1687.09 1689.76
5 9 2463.4 1418.91 1421.51
5 10 1955.15 1086.76 1088.95
5 11 1538.19 852.902 854.794
5 12 1110.35 597.765 599.199
5 13 777.851 381.802 382.76
5 14 568.27 298.287 299.043
5 15 1310.93 729.058 730.756
6 0 3.9873 1.55744 1.4166
6 1 15.8926 12.0941 12.0128
6 2 829.813 396.45 397.432
6 3 1702.8 775.966 777.488
6 4 1995.45 900.987 902.574
6 5 1959.35 868.963 870.528
6 6 1899.43 950.333 952.174
6 7 1646.46 817.056 818.76
6 8 1315.89 578.781 580.032
6 9 1092.44 549.498 550.803
6 10 849.123 444.411 445.529
6 11 650.609 361.631 362.57
6 12 468.486 254.583 255.229
6 13 329.574 160.723 161.096
6 14 226.743 102.135 102.335
6 15 498.974 239.829 240.453
