1.98 0
1 0 38.9265 6.35527 6.23072
1 1 0.000611382 0.00961129 3.73788e-07
2 0 133.582 26.8069 26.8178
2 1 0 0.152266 0
3 0 0 0.152266 0
3 1 6.03973 1.29902 1.15609
3 2 113.042 23.9126 23.9011
3 3 282.674 67.7029 67.8361
3 4 388.363 76.1346 76.2846
3 5 341.473 62.7608 62.8712
3 6 310.018 63.6692 63.7881
3 7 226.862 48.4193 48.4888
3 8 166.909 42.1609 42.2061
3 9 123.725 32.9116 32.8925
3 10 97.2041 23.073 23.0112
3 11 64.1587 15.8479 15.7974
3 12 54.9169 14.347 14.2508
3 13 38.3963 10.2199 10.1176
3 14 24.3263 6.29447 6.16516
3 15 53.2564 14.3692 14.3288
4 0 0.0392854 0.0506553 0.00154334
4 1 135.943 34.9463 34.9801
4 2 654.969 156.011 156.339
4 3 628.95 133.642 133.913
4 4 447.458 95.4523 95.6473
4 5 276.527 56.8712 56.9743
4 6 204.874 43.3458 43.4071
4 7 152.739 43.3122 43.3731
4 8 95.773 25.3969 25.3408
4 9 52.1969 13.0809 13.0283
4 10 36.6129 9.31215 9.2471
4 11 20.5204 5.13125 5.00864
4 12 17.2175 4.71632 4.61983
4 13 10.1124 2.79454 2.64612
4 14 9.19584 2.4187 2.2883
4 15 23.5123 9.95503 9.83698
5 0 0 0.152266 0
5 1 2.45408 1.74012 1.55435
5 2 110.845 66.4649 66.5505
5 3 943.73 583.963 585.459
5 4 2049.35 1165.8 1168.13
5 5 2869.63 1507.67 1509.92
5 6 3285.55 1747.16 1749.42
5 7 3291.18 1839.54 1842.08
5 8 2958 1687.09 1689.76
5 9 2463.41 1418.91 1421.51
5 10 1955.16 1086.76 1088.95
5 11 1538.2 852.902 854.794
5 12 1110.36 597.765 599.199
5 13 777.856 381.802 382.76
5 14 568.273 298.287 299.043
5 15 1310.94 729.058 730.756
6 0 3.9873 1.55744 1.4166
6 1 15.8927 12.0941 12.0128
6 2 829.816 396.45 397.432
6 3 1702.81 775.967 777.488
6 4 1995.47 900.987 902.574
6 5 1959.36 868.963 870.528
6 6 1899.45 950.334 952.174
6 7 1646.47 817.056 818.76
6 8 1315.89 578.781 580.032
6 9 1092.44 549.498 550.803
6 10 849.128 444.411 445.529
6 11 650.612 361.631 362.57
6 12 468.489 254.583 255.229
6 13 329.576 160.723 161.096
6 14 226.744 102.135 102.335
6 15 498.976 239.829 240.453
