0.21 0
1 0 33.424 6.35149 6.2255
1 1 6.48435e-05 0.00961418 4.20468e-09
2 0 115.878 26.7835 26.7926
2 1 0 0.152266 0
3 0 0 0.152266 0
3 1 6.02153 1.29902 1.15607
3 2 112.477 23.912 23.9004
3 3 281.345 67.7004 67.8348
3 4 386.651 76.1325 76.2831
3 5 340.166 62.7604 62.8701
3 6 309.044 63.6684 63.7873
3 7 226.222 48.4185 48.4882
3 8 166.476 42.1609 42.2056
3 9 123.439 32.9115 32.8921
3 10 96.9506 23.0724 23.0108
3 11 64.0103 15.8476 15.7971
3 12 54.7692 14.3465 14.2504
3 13 38.2933 10.2197 10.1174
3 14 24.2901 6.29441 6.16507
3 15 53.1876 14.369 14.3287
4 0 0.0392854 0.0506553 0.00154334
4 1 135.214 34.9457 34.9792
4 2 651.181 156 156.333
4 3 625.372 133.637 133.908
4 4 445.237 95.4494 95.6446
4 5 275.383 56.8698 56.973
4 6 204.214 43.3455 43.4063
4 7 152.333 43.3111 43.3726
4 8 95.5515 25.3965 25.3404
4 9 52.0887 13.0807 13.0281
4 10 36.541 9.31204 9.24696
4 11 20.4702 5.13118 5.00855
4 12 17.1888 4.71629 4.61977
4 13 10.0993 2.79454 2.6461
4 14 9.18761 2.41869 2.28828
4 15 23.5096 9.95499 9.83698
5 0 0 0.152266 0
5 1 2.45408 1.74012 1.55435
5 2 110.843 66.4649 66.5505
5 3 943.69 583.962 585.459
5 4 2049.26 1165.8 1168.13
5 5 2869.49 1507.67 1509.92
5 6 3285.4 1747.15 1749.42
5 7 3291.04 1839.54 1842.08
5 8 2957.86 1687.09 1689.76
5 9 2463.29 1418.91 1421.51
5 10 1955.04 1086.76 1088.95
5 11 1538.08 852.899 854.793
5 12 1110.26 597.763 599.199
5 13 777.778 381.801 382.759
5 14 568.231 298.286 299.043
5 15 1310.86 729.056 730.755
6 0 3.9873 1.55744 1.4166
6 1 15.8916 12.094 12.0128
6 2 829.765 396.449 397.432
6 3 1702.69 775.964 777.488
6 4 1995.27 900.983 902.574
6 5 1959.15 868.959 870.528
6 6 1899.25 950.329 952.173
6 7 1646.31 817.078 818.76
6 8 1315.79 578.779 580.031
6 9 1092.35 549.496 550.803
6 10 849.06 444.409 445.529
6 11 650.569 361.63 362.57
6 12 468.45 254.582 255.229
6 13 329.554 160.722 161.096
6 14 226.736 102.135 102.335
6 15 498.951 239.828 240.453
