2.25 0
1 0 39.7659 6.35661 6.23225
1 1 0.000694752 0.00964572 4.82681e-07
2 0 136.282 26.8143 26.8252
2 1 0 0.152266 0
3 0 0 0.152266 0
3 1 6.04251 1.29902 1.1561
3 2 113.129 23.9126 23.9013
3 3 282.877 67.7027 67.8365
3 4 388.624 76.1335 76.2851
3 5 341.672 62.7625 62.8715
3 6 310.167 63.6706 63.7884
3 7 226.96 48.4186 48.489
3 8 166.976 42.1611 42.2062
3 9 123.768 32.9118 32.8926
3 10 97.2427 23.0729 23.0114
3 11 64.1813 15.8479 15.7974
3 12 54.9395 14.347 14.2509
3 13 38.412 10.22 10.1177
3 14 24.3319 6.29454 6.16519
3 15 53.2669 14.3691 14.3289
4 0 0.0392854 0.0506553 0.00154334
4 1 136.055 34.9468 34.9804
4 2 655.547 156.01 156.34
4 3 629.496 133.644 133.915
4 4 447.797 95.4559 95.6481
4 5 276.702 56.8707 56.9746
4 6 204.975 43.3461 43.4073
4 7 152.801 43.3119 43.3733
4 8 95.8068 25.3971 25.3409
4 9 52.2134 13.0809 13.0283
4 10 36.6239 9.31216 9.24714
4 11 20.528 5.13128 5.00866
4 12 17.2219 4.71634 4.61984
4 13 10.1144 2.79455 2.64613
4 14 9.1971 2.41871 2.28831
4 15 23.5127 9.95504 9.83698
5 0 0 0.152266 0
5 1 2.45408 1.74012 1.55435
5 2 110.846 66.4649 66.5505
5 3 943.736 583.963 585.459
5 4 2049.37 1165.8 1168.13
5 5 2869.65 1507.67 1509.92
5 6 3285.58 1747.16 1749.42
5 7 3291.2 1839.54 1842.08
5 8 2958.02 1687.09 1689.76
5 9 2463.43 1418.91 1421.51
5 10 1955.18 1086.76 1088.95
5 11 1538.22 852.903 854.794
5 12 1110.37 597.766 599.199
5 13 777.868 381.803 382.76
5 14 568.28 298.287 299.043
5 15 1310.95 729.058 730.756
6 0 3.9873 1.55744 1.4166
6 1 15.8929 12.0941 12.0128
6 2 829.824 396.45 397.432
6 3 1702.83 775.967 777.488
6 4 1995.5 900.988 902.574
6 5 1959.39 868.964 870.528
6 6 1899.48 950.334 952.174
6 7 1646.5 817.057 818.76
6 8 1315.91 578.782 580.032
6 9 1092.46 549.498 550.803
6 10 849.138 444.411 445.529
6 11 650.619 361.631 362.57
6 12 468.495 254.584 255.229
6 13 329.579 160.723 161.096
6 14 226.745 102.135 102.335
6 15 498.98 239.829 240.453
