2.31 0
1 0 39.9524 6.35694 6.23262
1 1 0.000713279 0.00965617 5.08767e-07
2 0 136.882 26.8159 26.827
2 1 0 0.152266 0
3 0 0 0.152266 0
3 1 6.04312 1.29903 1.1561
3 2 113.148 23.9128 23.9013
3 3 282.922 67.7032 67.8366
3 4 388.682 76.134 76.2852
3 5 341.716 62.7629 62.8716
3 6 310.2 63.6709 63.7884
3 7 226.982 48.4189 48.489
3 8 166.99 42.1612 42.2063
3 9 123.778 32.9115 32.8926
3 10 97.2513 23.073 23.0114
3 11 64.1864 15.848 15.7975
3 12 54.9445 14.3471 14.2509
3 13 38.4155 10.22 10.1177
3 14 24.3331 6.29456 6.16519
3 15 53.2693 14.3691 14.3289
4 0 0.0392854 0.0506553 0.00154334
4 1 136.079 34.9467 34.9805
4 2 655.675 156.011 156.341
4 3 629.617 133.646 133.915
4 4 447.872 95.4543 95.6483
4 5 276.74 56.8711 56.9747
4 6 204.998 43.3463 43.4073
4 7 152.815 43.3121 43.3733
4 8 95.8143 25.397 25.3409
4 9 52.2171 13.0809 13.0283
4 10 36.6263 9.31219 9.24715
4 11 20.5297 5.1313 5.00867
4 12 17.2228 4.71635 4.61985
4 13 10.1149 2.79455 2.64613
4 14 9.19738 2.41871 2.28831
4 15 23.5128 9.95504 9.83698
5 0 0 0.152266 0
5 1 2.45408 1.74012 1.55435
5 2 110.846 66.4649 66.5505
5 3 943.738 583.963 585.459
5 4 2049.37 1165.8 1168.13
5 5 2869.65 1507.67 1509.92
5 6 3285.58 1747.16 1749.42
5 7 3291.2 1839.54 1842.08
5 8 2958.03 1687.09 1689.76
5 9 2463.43 1418.91 1421.51
5 10 1955.18 1086.76 1088.95
5 11 1538.22 852.903 854.794
5 12 1110.38 597.766 599.199
5 13 777.871 381.803 382.76
5 14 568.281 298.287 299.043
5 15 1310.95 729.058 730.756
6 0 3.9873 1.55744 1.4166
6 1 15.8929 12.094 12.0128
6 2 829.826 396.45 397.432
6 3 1702.83 775.967 777.488
6 4 1995.5 900.988 902.574
6 5 1959.4 868.964 870.529
6 6 1899.48 950.334 952.174
6 7 1646.5 817.057 818.76
6 8 1315.91 578.782 580.032
6 9 1092.46 549.498 550.803
6 10 849.14 444.411 445.529
6 11 650.62 361.631 362.57
6 12 468.496 254.584 255.229
6 13 329.58 160.723 161.096
6 14 226.745 102.135 102.335
6 15 498.981 239.829 240.453
