0.24 0
1 0 33.5172 6.35146 6.22552
1 1 7.41069e-05 0.00961354 5.49183e-09
2 0 116.178 26.7835 26.7927
2 1 0 0.152266 0
3 0 0 0.152266 0
3 1 6.02184 1.29902 1.15607
3 2 112.486 23.9121 23.9004
3 3 281.367 67.7006 67.8348
3 4 386.68 76.1327 76.2831
3 5 340.188 62.7605 62.8701
3 6 309.061 63.6686 63.7873
3 7 226.233 48.4178 48.4882
3 8 166.483 42.161 42.2056
3 9 123.444 32.9111 32.8921
3 10 96.9549 23.0722 23.0108
3 11 64.0128 15.8476 15.7971
3 12 54.7717 14.3465 14.2504
3 13 38.2951 10.2197 10.1174
3 14 24.2907 6.29442 6.16507
3 15 53.1888 14.3689 14.3287
4 0 0.0392854 0.0506553 0.00154334
4 1 135.227 34.9458 34.9792
4 2 651.245 156.001 156.333
4 3 625.432 133.638 133.908
4 4 445.275 95.4497 95.6446
4 5 275.402 56.8699 56.973
4 6 204.225 43.3456 43.4063
4 7 152.339 43.3111 43.3726
4 8 95.5552 25.3966 25.3404
4 9 52.0905 13.0807 13.0281
4 10 36.5422 9.31205 9.24696
4 11 20.4711 5.13119 5.00855
4 12 17.1893 4.71629 4.61977
4 13 10.0996 2.79454 2.6461
4 14 9.18775 2.41868 2.28828
4 15 23.5096 9.95499 9.83698
5 0 0 0.152266 0
5 1 2.45408 1.74012 1.55435
5 2 110.843 66.4649 66.5505
5 3 943.69 583.962 585.459
5 4 2049.26 1165.8 1168.13
5 5 2869.49 1507.67 1509.92
5 6 3285.4 1747.15 1749.42
5 7 3291.04 1839.54 1842.08
5 8 2957.86 1687.09 1689.76
5 9 2463.29 1418.91 1421.51
5 10 1955.04 1086.76 1088.95
5 11 1538.08 852.899 854.793
5 12 1110.27 597.763 599.199
5 13 777.779 381.801 382.759
5 14 568.232 298.286 299.043
5 15 1310.86 729.056 730.755
6 0 3.9873 1.55744 1.4166
6 1 15.8916 12.094 12.0128
6 2 829.766 396.449 397.432
6 3 1702.69 775.964 777.488
6 4 1995.27 900.984 902.574
6 5 1959.15 868.959 870.528
6 6 1899.25 950.329 952.173
6 7 1646.32 817.078 818.76
6 8 1315.79 578.779 580.031
6 9 1092.35 549.496 550.803
6 10 849.062 444.409 445.529
6 11 650.57 361.63 362.57
6 12 468.45 254.582 255.229
6 13 329.554 160.722 161.096
6 14 226.736 102.135 102.335
6 15 498.951 239.828 240.453
