2.4 0
1 0 40.2322 6.35743 6.23319
1 1 0.000741069 0.00967369 5.49183e-07
2 0 137.782 26.8186 26.8298
2 1 0 0.152266 0
3 0 0 0.152266 0
3 1 6.04405 1.29903 1.1561
3 2 113.177 23.9131 23.9014
3 3 282.99 67.7028 67.8367
3 4 388.769 76.1349 76.2854
3 5 341.783 62.7621 62.8717
3 6 310.249 63.67 63.7885
3 7 227.015 48.4192 48.4891
3 8 167.012 42.1615 42.2063
3 9 123.792 32.9117 32.8927
3 10 97.2642 23.0732 23.0114
3 11 64.1939 15.8479 15.7975
3 12 54.952 14.347 14.251
3 13 38.4207 10.22 10.1177
3 14 24.3349 6.29455 6.1652
3 15 53.2728 14.3692 14.3289
4 0 0.0392854 0.0506553 0.00154334
4 1 136.116 34.9471 34.9806
4 2 655.868 156.014 156.341
4 3 629.799 133.644 133.916
4 4 447.985 95.4556 95.6486
4 5 276.799 56.8717 56.9748
4 6 205.031 43.3467 43.4074
4 7 152.836 43.3124 43.3734
4 8 95.8256 25.3971 25.3409
4 9 52.2226 13.081 13.0284
4 10 36.63 9.31224 9.24716
4 11 20.5323 5.13127 5.00868
4 12 17.2243 4.71635 4.61985
4 13 10.1155 2.79456 2.64613
4 14 9.19779 2.41871 2.28831
4 15 23.513 9.95504 9.83698
5 0 0 0.152266 0
5 1 2.45408 1.74012 1.55435
5 2 110.846 66.465 66.5505
5 3 943.74 583.963 585.459
5 4 2049.38 1165.8 1168.13
5 5 2869.66 1507.67 1509.92
5 6 3285.59 1747.16 1749.42
5 7 3291.21 1839.54 1842.08
5 8 2958.04 1687.09 1689.76
5 9 2463.44 1418.91 1421.51
5 10 1955.19 1086.76 1088.95
5 11 1538.22 852.903 854.794
5 12 1110.38 597.766 599.199
5 13 777.875 381.803 382.76
5 14 568.283 298.287 299.043
5 15 1310.96 729.058 730.756
6 0 3.9873 1.55744 1.4166
6 1 15.8929 12.094 12.0128
6 2 829.828 396.45 397.432
6 3 1702.84 775.967 777.488
6 4 1995.51 900.988 902.574
6 5 1959.41 868.964 870.529
6 6 1899.49 950.335 952.174
6 7 1646.51 817.057 818.76
6 8 1315.92 578.782 580.032
6 9 1092.46 549.499 550.803
6 10 849.144 444.411 445.529
6 11 650.623 361.631 362.57
6 12 468.498 254.584 255.229
6 13 329.581 160.723 161.096
6 14 226.745 102.135 102.335
6 15 498.982 239.829 240.453
