2.49 0
1 0 40.512 6.35792 6.23378
1 1 0.000768859 0.00969367 5.91144e-07
2 0 138.683 26.821 26.8326
2 1 0 0.152266 0
3 0 0 0.152266 0
3 1 6.04497 1.29903 1.1561
3 2 113.205 23.9128 23.9015
3 3 283.057 67.7023 67.8369
3 4 388.856 76.1357 76.2855
3 5 341.849 62.7613 62.8718
3 6 310.299 63.6693 63.7886
3 7 227.047 48.4195 48.4892
3 8 167.034 42.1612 42.2064
3 9 123.807 32.9119 32.8927
3 10 97.2771 23.0729 23.0115
3 11 64.2015 15.848 15.7975
3 12 54.9595 14.3471 14.251
3 13 38.426 10.22 10.1178
3 14 24.3368 6.29454 6.16521
3 15 53.2763 14.3692 14.3289
4 0 0.0392854 0.0506553 0.00154334
4 1 136.153 34.9467 34.9807
4 2 656.06 156.012 156.342
4 3 629.981 133.646 133.916
4 4 448.098 95.4546 95.6489
4 5 276.857 56.8723 56.975
4 6 205.065 43.3463 43.4075
4 7 152.856 43.3127 43.3735
4 8 95.8369 25.397 25.341
4 9 52.2281 13.0809 13.0284
4 10 36.6336 9.31222 9.24718
4 11 20.5348 5.1313 5.00869
4 12 17.2258 4.71634 4.61986
4 13 10.1162 2.79456 2.64614
4 14 9.19821 2.41871 2.28831
4 15 23.5131 9.95504 9.83698
5 0 0 0.152266 0
5 1 2.45408 1.74012 1.55435
5 2 110.846 66.465 66.5505
5 3 943.742 583.963 585.459
5 4 2049.38 1165.8 1168.13
5 5 2869.67 1507.67 1509.92
5 6 3285.6 1747.16 1749.42
5 7 3291.22 1839.54 1842.08
5 8 2958.04 1687.09 1689.76
5 9 2463.45 1418.91 1421.51
5 10 1955.19 1086.76 1088.95
5 11 1538.23 852.903 854.794
5 12 1110.39 597.766 599.199
5 13 777.879 381.803 382.76
5 14 568.285 298.287 299.043
5 15 1310.96 729.059 730.756
6 0 3.9873 1.55744 1.4166
6 1 15.893 12.094 12.0128
6 2 829.831 396.45 397.432
6 3 1702.85 775.967 777.488
6 4 1995.52 900.988 902.575
6 5 1959.42 868.964 870.529
6 6 1899.5 950.335 952.174
6 7 1646.52 817.057 818.76
6 8 1315.92 578.782 580.032
6 9 1092.47 549.499 550.803
6 10 849.147 444.411 445.529
6 11 650.625 361.631 362.57
6 12 468.5 254.584 255.229
6 13 329.582 160.723 161.096
6 14 226.746 102.135 102.335
6 15 498.983 239.829 240.453
