2.55 0
1 0 40.6985 6.35837 6.23419
1 1 0.000787386 0.00970831 6.19976e-07
2 0 139.283 26.823 26.8346
2 1 0 0.152266 0
3 0 0 0.152266 0
3 1 6.04559 1.29903 1.1561
3 2 113.225 23.913 23.9015
3 3 283.102 67.7028 67.837
3 4 388.914 76.1362 76.2857
3 5 341.894 62.7617 62.8719
3 6 310.332 63.6696 63.7887
3 7 227.069 48.4197 48.4892
3 8 167.049 42.1614 42.2064
3 9 123.817 32.9116 32.8927
3 10 97.2857 23.073 23.0115
3 11 64.2065 15.848 15.7975
3 12 54.9645 14.3472 14.251
3 13 38.4295 10.22 10.1178
3 14 24.338 6.29455 6.16522
3 15 53.2786 14.3692 14.3289
4 0 0.0392854 0.0506553 0.00154334
4 1 136.178 34.947 34.9807
4 2 656.189 156.013 156.342
4 3 630.103 133.644 133.917
4 4 448.173 95.4554 95.6491
4 5 276.896 56.8716 56.9751
4 6 205.087 43.3466 43.4075
4 7 152.87 43.3123 43.3735
4 8 95.8444 25.3971 25.341
4 9 52.2317 13.0809 13.0284
4 10 36.6361 9.31225 9.24719
4 11 20.5365 5.13129 5.00869
4 12 17.2267 4.71636 4.61986
4 13 10.1167 2.79456 2.64614
4 14 9.19849 2.41871 2.28831
4 15 23.5132 9.95504 9.83698
5 0 0 0.152266 0
5 1 2.45408 1.74012 1.55435
5 2 110.846 66.465 66.5505
5 3 943.743 583.963 585.459
5 4 2049.39 1165.8 1168.13
5 5 2869.67 1507.67 1509.92
5 6 3285.6 1747.16 1749.42
5 7 3291.22 1839.54 1842.08
5 8 2958.05 1687.09 1689.76
5 9 2463.45 1418.91 1421.51
5 10 1955.2 1086.76 1088.95
5 11 1538.23 852.903 854.794
5 12 1110.39 597.766 599.199
5 13 777.881 381.803 382.76
5 14 568.287 298.287 299.043
5 15 1310.96 729.059 730.756
6 0 3.9873 1.55744 1.4166
6 1 15.893 12.094 12.0128
6 2 829.832 396.45 397.432
6 3 1702.85 775.967 777.488
6 4 1995.53 900.989 902.575
6 5 1959.43 868.964 870.529
6 6 1899.51 950.335 952.174
6 7 1646.52 817.057 818.76
6 8 1315.93 578.782 580.032
6 9 1092.47 549.499 550.803
6 10 849.149 444.411 445.529
6 11 650.626 361.631 362.57
6 12 468.502 254.584 255.229
6 13 329.583 160.723 161.096
6 14 226.746 102.135 102.335
6 15 498.984 239.829 240.453
