2.58 0
1 0 40.7918 6.35847 6.2344
1 1 0.000796649 0.00971602 6.3465e-07
2 0 139.583 26.8242 26.8356
2 1 0 0.152266 0
3 0 0 0.152266 0
3 1 6.0459 1.29903 1.1561
3 2 113.234 23.9131 23.9015
3 3 283.125 67.7031 67.8371
3 4 388.943 76.1365 76.2857
3 5 341.916 62.7619 62.872
3 6 310.349 63.6697 63.7887
3 7 227.08 48.4198 48.4892
3 8 167.056 42.1615 42.2064
3 9 123.821 32.9117 32.8928
3 10 97.29 23.073 23.0115
3 11 64.209 15.848 15.7976
3 12 54.967 14.3472 14.2511
3 13 38.4312 10.22 10.1178
3 14 24.3386 6.29456 6.16523
3 15 53.2798 14.3693 14.3289
4 0 0.0392854 0.0506553 0.00154334
4 1 136.19 34.9472 34.9808
4 2 656.253 156.01 156.342
4 3 630.163 133.644 133.917
4 4 448.211 95.4558 95.6492
4 5 276.915 56.8718 56.9751
4 6 205.098 43.3467 43.4076
4 7 152.877 43.3119 43.3735
4 8 95.8481 25.3972 25.341
4 9 52.2336 13.0809 13.0284
4 10 36.6373 9.31227 9.2472
4 11 20.5374 5.1313 5.0087
4 12 17.2272 4.71636 4.61987
4 13 10.1169 2.79455 2.64614
4 14 9.19863 2.41871 2.28831
4 15 23.5133 9.95504 9.83698
5 0 0 0.152266 0
5 1 2.45408 1.74012 1.55435
5 2 110.846 66.465 66.5505
5 3 943.744 583.963 585.459
5 4 2049.39 1165.8 1168.13
5 5 2869.67 1507.67 1509.92
5 6 3285.61 1747.16 1749.42
5 7 3291.22 1839.54 1842.08
5 8 2958.05 1687.09 1689.76
5 9 2463.45 1418.91 1421.51
5 10 1955.2 1086.76 1088.95
5 11 1538.24 852.903 854.794
5 12 1110.39 597.766 599.199
5 13 777.883 381.803 382.76
5 14 568.288 298.287 299.043
5 15 1310.96 729.059 730.756
6 0 3.9873 1.55744 1.4166
6 1 15.8931 12.094 12.0128
6 2 829.833 396.45 397.432
6 3 1702.85 775.967 777.488
6 4 1995.53 900.989 902.575
6 5 1959.43 868.964 870.529
6 6 1899.51 950.335 952.174
6 7 1646.53 817.057 818.76
6 8 1315.93 578.782 580.032
6 9 1092.47 549.499 550.803
6 10 849.151 444.411 445.529
6 11 650.627 361.632 362.57
6 12 468.502 254.584 255.229
6 13 329.583 160.723 161.096
6 14 226.746 102.135 102.335
6 15 498.984 239.829 240.453
