2.67 0
1 0 41.0716 6.35909 6.23503
1 1 0.000824439 0.00974074 6.797e-07
2 0 140.483 26.8274 26.8386
2 1 0 0.152266 0
3 0 0 0.152266 0
3 1 6.04682 1.29903 1.15611
3 2 113.263 23.9131 23.9016
3 3 283.192 67.7038 67.8372
3 4 389.03 76.1355 76.2859
3 5 341.982 62.7625 62.8721
3 6 310.398 63.6702 63.7888
3 7 227.112 48.4194 48.4893
3 8 167.078 42.1617 42.2065
3 9 123.836 32.9119 32.8928
3 10 97.3029 23.0732 23.0116
3 11 64.2166 15.8481 15.7976
3 12 54.9745 14.3472 14.2511
3 13 38.4364 10.2201 10.1178
3 14 24.3405 6.29459 6.16524
3 15 53.2833 14.3693 14.3289
4 0 0.0392854 0.0506553 0.00154334
4 1 136.228 34.9472 34.9809
4 2 656.446 156.012 156.343
4 3 630.345 133.646 133.917
4 4 448.324 95.4571 95.6495
4 5 276.973 56.8713 56.9753
4 6 205.132 43.3463 43.4077
4 7 152.898 43.3122 43.3736
4 8 95.8594 25.397 25.3411
4 9 52.2391 13.081 13.0284
4 10 36.6409 9.31226 9.24721
4 11 20.5399 5.1313 5.00871
4 12 17.2287 4.71638 4.61987
4 13 10.1175 2.79456 2.64614
4 14 9.19905 2.41872 2.28832
4 15 23.5134 9.95505 9.83698
5 0 0 0.152266 0
5 1 2.45408 1.74012 1.55435
5 2 110.846 66.465 66.5505
5 3 943.746 583.963 585.459
5 4 2049.39 1165.8 1168.13
5 5 2869.68 1507.67 1509.92
5 6 3285.61 1747.16 1749.42
5 7 3291.23 1839.54 1842.08
5 8 2958.06 1687.09 1689.76
5 9 2463.46 1418.91 1421.51
5 10 1955.21 1086.76 1088.95
5 11 1538.24 852.903 854.794
5 12 1110.4 597.766 599.199
5 13 777.887 381.803 382.76
5 14 568.29 298.287 299.043
5 15 1310.97 729.059 730.756
6 0 3.9873 1.55744 1.4166
6 1 15.8931 12.094 12.0128
6 2 829.836 396.451 397.432
6 3 1702.86 775.968 777.488
6 4 1995.54 900.989 902.575
6 5 1959.44 868.965 870.529
6 6 1899.52 950.335 952.174
6 7 1646.53 817.058 818.761
6 8 1315.93 578.782 580.032
6 9 1092.48 549.499 550.803
6 10 849.154 444.411 445.529
6 11 650.629 361.632 362.57
6 12 468.504 254.584 255.229
6 13 329.584 160.723 161.096
6 14 226.747 102.135 102.335
6 15 498.986 239.829 240.453
