2.7 0
1 0 41.1649 6.35925 6.23525
1 1 0.000833703 0.0097495 6.9506e-07
2 0 140.783 26.8283 26.8397
2 1 0 0.152266 0
3 0 0 0.152266 0
3 1 6.04713 1.29904 1.15611
3 2 113.272 23.9132 23.9016
3 3 283.215 67.7041 67.8373
3 4 389.059 76.1358 76.286
3 5 342.004 62.7627 62.8721
3 6 310.415 63.6704 63.7888
3 7 227.123 48.4195 48.4893
3 8 167.086 42.1612 42.2065
3 9 123.841 32.9119 32.8928
3 10 97.3072 23.0732 23.0116
3 11 64.2191 15.8481 15.7976
3 12 54.977 14.3471 14.2511
3 13 38.4382 10.2201 10.1178
3 14 24.3411 6.2946 6.16524
3 15 53.2844 14.3693 14.329
4 0 0.0392854 0.0506553 0.00154334
4 1 136.24 34.947 34.9809
4 2 656.51 156.013 156.343
4 3 630.406 133.647 133.918
4 4 448.361 95.4552 95.6496
4 5 276.993 56.8715 56.9753
4 6 205.143 43.3464 43.4077
4 7 152.905 43.3123 43.3736
4 8 95.8631 25.3971 25.3411
4 9 52.2409 13.081 13.0284
4 10 36.6422 9.31227 9.24722
4 11 20.5408 5.13131 5.00871
4 12 17.2292 4.71639 4.61988
4 13 10.1178 2.79456 2.64614
4 14 9.19919 2.41872 2.28832
4 15 23.5134 9.95505 9.83698
5 0 0 0.152266 0
5 1 2.45408 1.74012 1.55435
5 2 110.846 66.465 66.5505
5 3 943.747 583.963 585.459
5 4 2049.39 1165.8 1168.13
5 5 2869.68 1507.67 1509.92
5 6 3285.62 1747.16 1749.42
5 7 3291.23 1839.54 1842.08
5 8 2958.06 1687.09 1689.76
5 9 2463.46 1418.91 1421.51
5 10 1955.21 1086.76 1088.95
5 11 1538.24 852.903 854.794
5 12 1110.4 597.766 599.199
5 13 777.888 381.803 382.76
5 14 568.29 298.287 299.043
5 15 1310.97 729.059 730.756
6 0 3.9873 1.55744 1.4166
6 1 15.8931 12.094 12.0128
6 2 829.837 396.451 397.432
6 3 1702.86 775.968 777.488
6 4 1995.55 900.989 902.575
6 5 1959.45 868.965 870.529
6 6 1899.53 950.335 952.174
6 7 1646.54 817.058 818.761
6 8 1315.94 578.782 580.032
6 9 1092.48 549.499 550.803
6 10 849.155 444.411 445.529
6 11 650.63 361.632 362.57
6 12 468.505 254.584 255.229
6 13 329.585 160.723 161.096
6 14 226.747 102.135 102.335
6 15 498.986 239.829 240.453
