2.79 0
1 0 41.4447 6.35987 6.23591
1 1 0.000861493 0.00977743 7.4217e-07
2 0 141.683 26.8315 26.8429
2 1 0 0.152266 0
3 0 0 0.152266 0
3 1 6.04806 1.29904 1.15611
3 2 113.301 23.9132 23.9017
3 3 283.283 67.7037 67.8374
3 4 389.146 76.135 76.2862
3 5 342.071 62.7633 62.8723
3 6 310.464 63.6709 63.7889
3 7 227.156 48.419 48.4894
3 8 167.108 42.1615 42.2066
3 9 123.855 32.9117 32.8929
3 10 97.3201 23.0731 23.0117
3 11 64.2266 15.8481 15.7976
3 12 54.9846 14.3472 14.2512
3 13 38.4434 10.2201 10.1179
3 14 24.3429 6.29459 6.16525
3 15 53.2879 14.3693 14.329
4 0 0.0392854 0.0506553 0.00154334
4 1 136.277 34.9474 34.981
4 2 656.703 156.016 156.344
4 3 630.588 133.649 133.918
4 4 448.474 95.4564 95.65
4 5 277.051 56.8721 56.9755
4 6 205.177 43.3468 43.4078
4 7 152.925 43.3125 43.3737
4 8 95.8744 25.3972 25.3411
4 9 52.2464 13.081 13.0284
4 10 36.6458 9.31225 9.24724
4 11 20.5433 5.13131 5.00872
4 12 17.2306 4.71636 4.61988
4 13 10.1184 2.79457 2.64614
4 14 9.19961 2.41872 2.28832
4 15 23.5136 9.95505 9.83698
5 0 0 0.152266 0
5 1 2.45408 1.74012 1.55435
5 2 110.846 66.465 66.5505
5 3 943.749 583.963 585.459
5 4 2049.4 1165.8 1168.13
5 5 2869.69 1507.67 1509.92
5 6 3285.63 1747.16 1749.42
5 7 3291.24 1839.54 1842.08
5 8 2958.07 1687.09 1689.76
5 9 2463.47 1418.91 1421.51
5 10 1955.21 1086.76 1088.95
5 11 1538.25 852.903 854.794
5 12 1110.4 597.752 599.199
5 13 777.892 381.803 382.76
5 14 568.293 298.287 299.043
5 15 1310.97 729.059 730.756
6 0 3.9873 1.55744 1.4166
6 1 15.8932 12.094 12.0128
6 2 829.839 396.451 397.432
6 3 1702.87 775.968 777.488
6 4 1995.56 900.989 902.575
6 5 1959.46 868.965 870.529
6 6 1899.54 950.336 952.174
6 7 1646.54 817.058 818.761
6 8 1315.94 578.782 580.032
6 9 1092.48 549.499 550.803
6 10 849.159 444.411 445.529
6 11 650.632 361.632 362.57
6 12 468.507 254.584 255.229
6 13 329.586 160.723 161.096
6 14 226.747 102.135 102.335
6 15 498.987 239.829 240.453
