2.91 0
1 0 41.8177 6.36066 6.23683
1 1 0.000898546 0.00981827 8.07385e-07
2 0 142.883 26.8357 26.8474
2 1 0 0.152266 0
3 0 0 0.152266 0
3 1 6.04929 1.29903 1.15611
3 2 113.34 23.9133 23.9018
3 3 283.373 67.7035 67.8377
3 4 389.262 76.1361 76.2864
3 5 342.159 62.7627 62.8725
3 6 310.53 63.6715 63.7891
3 7 227.199 48.4194 48.4895
3 8 167.137 42.1619 42.2067
3 9 123.875 32.912 32.8929
3 10 97.3373 23.0731 23.0117
3 11 64.2367 15.8482 15.7977
3 12 54.9946 14.3473 14.2512
3 13 38.4504 10.2202 10.1179
3 14 24.3454 6.29462 6.16527
3 15 53.2926 14.3692 14.329
4 0 0.0392854 0.0506553 0.00154334
4 1 136.326 34.9472 34.9812
4 2 656.96 156.019 156.345
4 3 630.83 133.648 133.919
4 4 448.625 95.4559 95.6504
4 5 277.128 56.8729 56.9757
4 6 205.221 43.3473 43.4079
4 7 152.953 43.3129 43.3738
4 8 95.8894 25.3974 25.3412
4 9 52.2538 13.0811 13.0285
4 10 36.6507 9.31232 9.24726
4 11 20.5467 5.13136 5.00874
4 12 17.2326 4.71638 4.61989
4 13 10.1193 2.79458 2.64615
4 14 9.20017 2.41873 2.28832
4 15 23.5138 9.95505 9.83699
5 0 0 0.152266 0
5 1 2.45408 1.74012 1.55435
5 2 110.846 66.465 66.5505
5 3 943.751 583.963 585.459
5 4 2049.41 1165.8 1168.13
5 5 2869.7 1507.67 1509.92
5 6 3285.64 1747.16 1749.42
5 7 3291.25 1839.54 1842.08
5 8 2958.08 1687.09 1689.76
5 9 2463.48 1418.91 1421.51
5 10 1955.22 1086.76 1088.95
5 11 1538.26 852.904 854.794
5 12 1110.41 597.752 599.199
5 13 777.897 381.803 382.76
5 14 568.295 298.288 299.043
5 15 1310.98 729.059 730.756
6 0 3.9873 1.55744 1.4166
6 1 15.8933 12.0941 12.0128
6 2 829.843 396.451 397.432
6 3 1702.88 775.968 777.488
6 4 1995.57 900.989 902.575
6 5 1959.47 868.965 870.529
6 6 1899.55 950.336 952.174
6 7 1646.56 817.058 818.761
6 8 1315.95 578.782 580.032
6 9 1092.49 549.499 550.803
6 10 849.163 444.412 445.529
6 11 650.635 361.632 362.57
6 12 468.51 254.584 255.229
6 13 329.587 160.723 161.096
6 14 226.748 102.135 102.335
6 15 498.989 239.829 240.453
