2.94 0
1 0 41.911 6.36089 6.23707
1 1 0.000907809 0.00982906 8.24118e-07
2 0 143.183 26.8369 26.8485
2 1 0 0.152266 0
3 0 0 0.152266 0
3 1 6.0496 1.29904 1.15612
3 2 113.349 23.9134 23.9019
3 3 283.395 67.7037 67.8377
3 4 389.291 76.1364 76.2865
3 5 342.181 62.7629 62.8725
3 6 310.547 63.6704 63.7891
3 7 227.21 48.4195 48.4895
3 8 167.145 42.162 42.2067
3 9 123.88 32.9121 32.893
3 10 97.3415 23.0732 23.0117
3 11 64.2392 15.8483 15.7977
3 12 54.9971 14.3473 14.2513
3 13 38.4522 10.2202 10.1179
3 14 24.346 6.29463 6.16527
3 15 53.2938 14.3692 14.329
4 0 0.0392854 0.0506553 0.00154334
4 1 136.339 34.9474 34.9813
4 2 657.024 156.016 156.345
4 3 630.891 133.645 133.919
4 4 448.662 95.4563 95.6506
4 5 277.148 56.872 56.9757
4 6 205.233 43.3474 43.408
4 7 152.96 43.313 43.3738
4 8 95.8932 25.3972 25.3412
4 9 52.2556 13.081 13.0285
4 10 36.6519 9.31234 9.24727
4 11 20.5476 5.13134 5.00874
4 12 17.2331 4.71639 4.61989
4 13 10.1195 2.79457 2.64615
4 14 9.20031 2.41873 2.28832
4 15 23.5138 9.95505 9.83699
5 0 0 0.152266 0
5 1 2.45408 1.74012 1.55435
5 2 110.846 66.465 66.5505
5 3 943.752 583.963 585.459
5 4 2049.41 1165.8 1168.13
5 5 2869.7 1507.67 1509.92
5 6 3285.64 1747.16 1749.42
5 7 3291.25 1839.54 1842.08
5 8 2958.08 1687.09 1689.76
5 9 2463.48 1418.91 1421.51
5 10 1955.22 1086.76 1088.95
5 11 1538.26 852.904 854.794
5 12 1110.41 597.752 599.199
5 13 777.898 381.803 382.76
5 14 568.296 298.288 299.043
5 15 1310.98 729.059 730.756
6 0 3.9873 1.55744 1.4166
6 1 15.8933 12.0941 12.0128
6 2 829.844 396.451 397.432
6 3 1702.88 775.968 777.488
6 4 1995.57 900.99 902.575
6 5 1959.47 868.965 870.529
6 6 1899.55 950.336 952.174
6 7 1646.56 817.058 818.761
6 8 1315.95 578.782 580.032
6 9 1092.49 549.499 550.803
6 10 849.164 444.412 445.529
6 11 650.636 361.632 362.57
6 12 468.51 254.584 255.229
6 13 329.587 160.723 161.096
6 14 226.748 102.135 102.335
6 15 498.99 239.829 240.453
