0 0
1 0 42.3178 6.95699 6.8598
1 1 0 0.134289 0
2 0 119.081 22.3478 22.3485
2 1 0 0.134289 0
3 0 25.3884 9.93545 9.83289
3 1 0 0.134289 0
4 0 144.129 67.9036 68.0036
4 1 0 0.134289 0
5 0 0 0.134289 0
5 1 6.44179 1.29257 1.16917
5 2 154.142 29.0562 29.0778
5 3 383.466 82.4277 82.602
5 4 504.69 93.1607 93.3447
5 5 449.594 76.3242 76.4694
5 6 391.086 70.7086 70.8451
5 7 279.147 50.0305 50.1122
5 8 212.233 45.4783 45.5471
5 9 137.341 29.9166 29.9042
5 10 96.2849 17.5825 17.5292
5 11 68.6106 13.3781 13.3352
5 12 50.3803 10.1193 10.0296
5 13 34.7984 7.42334 7.33048
5 14 29.6835 6.56379 6.46145
5 15 55.6325 10.8668 10.8197
6 0 0.0379363 0.0451786 0.00143917
6 1 137.196 34.3591 34.4017
6 2 663.708 147.633 147.937
6 3 642.031 121.265 121.501
6 4 520.131 97.1376 97.3312
6 5 346.231 59.4586 59.5685
6 6 240.4 41.6288 41.689
6 7 156.545 34.803 34.8431
6 8 95.0443 18.0445 17.992
6 9 56.129 11.0005 10.9471
6 10 39.0264 7.6374 7.57281
6 11 23.0841 4.49409 4.38777
6 12 17.7995 4.00523 3.92575
6 13 10.6232 1.87863 1.75075
6 14 9.27692 2.07329 1.95759
6 15 22.089 3.75252 3.63764
7 0 0 0.134289 0
7 1 2.45408 1.71928 1.55435
7 2 110.943 66.4529 66.5537
7 3 947.334 583.943 585.424
7 4 2050.42 1161.12 1163.43
7 5 2869.75 1494.75 1496.93
7 6 3291.31 1723 1725.16
7 7 3306.45 1808.58 1811.02
7 8 2948.41 1644.4 1646.9
7 9 2467.86 1376.52 1378.94
7 10 1954.25 1045.7 1047.79
7 11 1555.63 821.42 823.211
7 12 1101.42 564.956 566.304
7 13 772.24 356.349 357.235
7 14 557.473 276.021 276.723
7 15 1308.24 679.986 681.552
8 0 3.94937 1.53594 1.41516
8 1 15.8783 12.0725 12.0109
8 2 828.399 395.735 396.722
8 3 1703.6 774.333 775.853
8 4 1996.54 894.143 895.712
8 5 1963.71 857.75 859.227
8 6 1895.18 930.657 932.446
8 7 1652.8 796.26 797.887
8 8 1320.73 557.493 558.677
8 9 1094.34 528.248 529.492
8 10 850.053 426.332 427.391
8 11 643.617 344.131 345.024
8 12 477.809 244.679 245.303
8 13 330.781 151.136 151.498
8 14 223.32 93.7216 93.9143
8 15 499.914 220.526 221.093
