165 0
1 0 783.931 72.4112 72.4369
1 1 0 0.133719 0
2 0 1712.46 164.005 163.698
2 1 0 0.133719 0
3 0 796.335 458.569 459.741
3 1 0 0.133719 0
4 0 1169.24 667.216 668.827
4 1 0 0.133719 0
5 0 0 0.133719 0
5 1 59.3169 5.93892 5.83942
5 2 434.369 53.898 53.9794
5 3 731.561 113.296 113.473
5 4 842.178 123.05 123.215
5 5 676.604 96.4002 96.5487
5 6 543.468 84.1575 84.3085
5 7 370.908 58.1538 58.2528
5 8 264.96 50.1315 50.2145
5 9 168.521 32.6511 32.6511
5 10 116.736 19.3635 19.3191
5 11 79.8178 14.3553 14.3175
5 12 58.2461 10.823 10.7377
5 13 40.2083 7.8999 7.81028
5 14 31.5984 6.72349 6.62278
5 15 59.921 11.221 11.1762
6 0 0.0379363 0.0450328 0.00143917
6 1 151.386 35.6003 35.6482
6 2 805.328 160.275 160.564
6 3 811.685 136.369 136.587
6 4 657.894 109.348 109.544
6 5 445.018 68.1888 68.312
6 6 300.214 46.9394 47.014
6 7 192.195 37.9092 37.9608
6 8 116.42 19.9379 19.8949
6 9 64.944 11.7703 11.7213
6 10 44.7562 8.13984 8.07831
6 11 26.5585 4.79017 4.68628
6 12 20.2418 4.21178 4.13405
6 13 12.4831 2.04533 1.91894
6 14 9.88933 2.12711 2.01241
6 15 22.8125 3.81788 3.70402
7 0 0 0.133719 0
7 1 2.45408 1.71862 1.55435
7 2 111.098 66.464 66.5656
7 3 952.051 584.359 585.843
7 4 2062.61 1162.2 1164.5
7 5 2887.89 1496.35 1498.53
7 6 3312.23 1724.86 1727.03
7 7 3324.96 1810.29 1812.64
7 8 2966.08 1645.95 1648.45
7 9 2482.38 1377.77 1380.21
7 10 1964.3 1046.61 1048.66
7 11 1564.16 822.192 823.981
7 12 1108.75 565.619 566.956
7 13 776.191 356.695 357.578
7 14 559.545 276.209 276.905
7 15 1312.94 680.418 681.967
8 0 3.94937 1.53533 1.41516
8 1 15.9555 12.0777 12.0169
8 2 832.741 396.129 397.113
8 3 1715.85 775.451 776.969
8 4 2016.93 895.928 897.509
8 5 1985.7 859.671 861.159
8 6 1915.76 932.497 934.251
8 7 1669.36 797.741 799.347
8 8 1331.46 558.434 559.619
8 9 1103.26 529.034 530.269
8 10 855.807 426.817 427.884
8 11 646.78 344.402 345.299
8 12 480.564 244.909 245.535
8 13 332.494 151.282 151.648
8 14 223.891 93.7694 93.9616
8 15 501.583 220.666 221.235
