180 0
1 0 851.351 84.8667 84.902
1 1 0 0.133719 0
2 0 1857.32 190.942 190.566
2 1 0 0.133719 0
3 0 866.421 543.876 545.26
3 1 0 0.133719 0
4 0 1262.44 781.162 783.033
4 1 0 0.133719 0
5 0 0 0.133719 0
5 1 64.1237 6.82309 6.72716
5 2 459.844 58.6214 58.7127
5 3 763.206 119.155 119.341
5 4 872.859 128.723 128.892
5 5 697.242 100.21 100.365
5 6 557.321 86.7136 86.8677
5 7 379.25 59.6967 59.8002
5 8 269.754 51.0166 51.1016
5 9 171.356 33.1712 33.1733
5 10 118.595 19.7024 19.6593
5 11 80.8366 14.5413 14.5042
5 12 58.9612 10.9571 10.8723
5 13 40.7001 7.99068 7.90148
5 14 31.7725 6.75404 6.65344
5 15 60.3108 11.2885 11.2439
6 0 0.0379363 0.0450328 0.00143917
6 1 152.676 35.836 35.8851
6 2 818.203 162.672 162.964
6 3 827.108 139.233 139.454
6 4 670.418 111.669 111.865
6 5 453.999 69.8466 69.974
6 6 305.652 47.9487 48.0262
6 7 195.436 38.5001 38.5534
6 8 118.364 20.2981 20.2566
6 9 65.7454 11.917 11.8685
6 10 45.2771 8.23553 8.17439
6 11 26.8744 4.84669 4.74302
6 12 20.4638 4.25121 4.17365
6 13 12.6521 2.0772 1.95091
6 14 9.94501 2.13749 2.02283
6 15 22.8782 3.83045 3.71664
7 0 0 0.133719 0
7 1 2.45408 1.71862 1.55435
7 2 111.112 66.466 66.5679
7 3 952.48 584.435 585.923
7 4 2063.72 1162.39 1164.71
7 5 2889.54 1496.69 1498.83
7 6 3314.14 1725.24 1727.39
7 7 3326.64 1810.63 1812.95
7 8 2967.68 1646.21 1648.74
7 9 2483.7 1378.03 1380.45
7 10 1965.22 1046.76 1048.83
7 11 1564.93 822.351 824.127
7 12 1109.41 565.727 567.08
7 13 776.55 356.758 357.644
7 14 559.733 276.242 276.94
7 15 1313.37 680.504 682.046
8 0 3.94937 1.53533 1.41516
8 1 15.9625 12.0789 12.018
8 2 833.136 396.209 397.187
8 3 1716.96 775.678 777.181
8 4 2018.79 896.295 897.85
8 5 1987.7 860.036 861.526
8 6 1917.63 932.81 934.594
8 7 1670.86 798.016 799.624
8 8 1332.44 558.625 559.799
8 9 1104.08 529.167 530.417
8 10 856.331 426.919 427.977
8 11 647.067 344.447 345.351
8 12 480.814 244.957 245.579
8 13 332.65 151.312 151.676
8 14 223.943 93.7778 93.9706
8 15 501.734 220.69 221.261
