195 0
1 0 918.77 98.4073 98.451
1 1 0 0.133719 0
2 0 2002.17 220.197 219.77
2 1 0 0.133719 0
3 0 936.507 636.582 638.216
3 1 0 0.133719 0
4 0 1355.63 904.993 907.17
4 1 0 0.133719 0
5 0 0 0.133719 0
5 1 68.9305 7.78433 7.69208
5 2 485.319 63.7559 63.8577
5 3 794.851 125.532 125.72
5 4 903.54 134.893 135.064
5 5 717.879 104.354 104.514
5 6 571.174 89.4894 89.6494
5 7 387.592 61.3754 61.4821
5 8 274.547 51.9777 52.066
5 9 174.19 33.737 33.7408
5 10 120.455 20.0707 20.0291
5 11 81.8554 14.7436 14.7071
5 12 59.6763 11.1028 11.0186
5 13 41.1919 8.08945 8.00062
5 14 31.9466 6.78723 6.68678
5 15 60.7007 11.3619 11.3176
6 0 0.0379363 0.0450328 0.00143917
6 1 153.966 36.0928 36.1427
6 2 831.078 165.278 165.573
6 3 842.531 142.346 142.571
6 4 682.942 114.191 114.389
6 5 462.979 71.6494 71.7805
6 6 311.089 49.0462 49.1264
6 7 198.676 39.1423 39.1975
6 8 120.307 20.6901 20.6497
6 9 66.5468 12.0764 12.0284
6 10 45.798 8.33952 8.27884
6 11 27.1902 4.90813 4.80469
6 12 20.6858 4.29405 4.21669
6 13 12.8212 2.11185 1.98566
6 14 10.0007 2.14877 2.03415
6 15 22.944 3.84413 3.73035
7 0 0 0.133719 0
7 1 2.45408 1.71862 1.55435
7 2 111.126 66.4688 66.5704
7 3 952.909 584.53 586.01
7 4 2064.83 1162.63 1164.93
7 5 2891.19 1496.93 1499.16
7 6 3316.04 1725.59 1727.77
7 7 3328.33 1810.85 1813.28
7 8 2969.29 1646.56 1649.06
7 9 2485.02 1378.27 1380.72
7 10 1966.13 1046.95 1049.01
7 11 1565.71 822.523 824.286
7 12 1110.08 565.872 567.215
7 13 776.909 356.826 357.715
7 14 559.922 276.278 276.978
7 15 1313.8 680.596 682.132
8 0 3.94937 1.53533 1.41516
8 1 15.9695 12.0801 12.0192
8 2 833.531 396.287 397.268
8 3 1718.07 775.924 777.411
8 4 2020.64 896.661 898.222
8 5 1989.7 860.431 861.926
8 6 1919.5 933.211 934.967
8 7 1672.37 798.316 799.926
8 8 1333.41 558.816 559.993
8 9 1104.89 529.34 530.577
8 10 856.854 427.011 428.079
8 11 647.355 344.508 345.408
8 12 481.064 245.001 245.627
8 13 332.806 151.341 151.707
8 14 223.995 93.7871 93.9804
8 15 501.886 220.722 221.291
