0.42 0
1 0 34.1648 6.35144 6.22568
1 1 0.000143963 0.00960859 2.07254e-08
2 0 117.583 26.7523 26.7615
2 1 0 0.152266 0
3 0 0 0.152266 0
3 1 6.02455 1.29902 1.15607
3 2 112.589 23.912 23.9004
3 3 281.666 67.701 67.8349
3 4 387.056 76.1339 76.2832
3 5 340.481 62.7613 62.8702
3 6 309.274 63.6677 63.7873
3 7 226.365 48.4189 48.4882
3 8 166.562 42.1606 42.2056
3 9 123.484 32.9112 32.8921
3 10 96.9745 23.0724 23.0108
3 11 64.0204 15.8477 15.7971
3 12 54.773 14.3465 14.2504
3 13 38.2974 10.2197 10.1174
3 14 24.2909 6.29442 6.16507
3 15 53.1915 14.369 14.3287
4 0 0.0392854 0.0506553 0.00154334
4 1 135.296 34.9457 34.9792
4 2 651.9 156.109 156.442
4 3 625.807 133.634 133.908
4 4 445.593 95.4501 95.6447
4 5 275.616 56.8695 56.9731
4 6 204.337 43.3451 43.4064
4 7 152.393 43.3117 43.3726
4 8 95.5773 25.3965 25.3404
4 9 52.0997 13.0806 13.0281
4 10 36.5451 9.31201 9.24696
4 11 20.4741 5.13119 5.00855
4 12 17.1902 4.7163 4.61977
4 13 10.1003 2.79453 2.6461
4 14 9.18792 2.41868 2.28828
4 15 23.5099 9.95499 9.83698
5 0 0 0.152266 0
5 1 2.45408 1.74012 1.55435
5 2 110.844 66.4649 66.5505
5 3 943.697 583.962 585.459
5 4 2049.28 1165.8 1168.13
5 5 2869.52 1507.67 1509.92
5 6 3285.44 1747.16 1749.42
5 7 3291.07 1839.54 1842.08
5 8 2957.89 1687.09 1689.76
5 9 2463.31 1418.91 1421.51
5 10 1955.05 1086.76 1088.95
5 11 1538.09 852.9 854.793
5 12 1110.27 597.763 599.199
5 13 777.779 381.801 382.759
5 14 568.232 298.286 299.043
5 15 1310.86 729.056 730.755
6 0 3.9873 1.55744 1.4166
6 1 15.8917 12.094 12.0128
6 2 829.77 396.449 397.432
6 3 1702.7 775.964 777.488
6 4 1995.3 900.984 902.574
6 5 1959.18 868.959 870.528
6 6 1899.28 950.33 952.173
6 7 1646.34 817.078 818.76
6 8 1315.8 578.78 580.031
6 9 1092.36 549.496 550.803
6 10 849.067 444.409 445.529
6 11 650.572 361.63 362.57
6 12 468.452 254.583 255.229
6 13 329.555 160.722 161.096
6 14 226.736 102.135 102.335
6 15 498.952 239.829 240.453
