225 0
1 0 1053.61 128.734 128.801
1 1 0 0.133719 0
2 0 2291.87 285.765 285.188
2 1 0 0.133719 0
3 0 1076.68 844.25 846.438
3 1 0 0.133719 0
4 0 1542.01 1182.36 1185.24
4 1 0 0.133719 0
5 0 0 0.133719 0
5 1 78.5442 9.93755 9.85352
5 2 536.269 75.2585 75.3824
5 3 858.141 139.799 140.007
5 4 964.901 148.705 148.888
5 5 759.154 113.637 113.807
5 6 598.88 95.7102 95.8804
5 7 404.276 65.1335 65.2497
5 8 284.134 54.1316 54.2261
5 9 179.86 35.0041 35.0121
5 10 124.173 20.896 20.8575
5 11 83.8931 15.1963 15.1617
5 12 61.1064 11.4293 11.3464
5 13 42.1755 8.31067 8.22267
5 14 32.2948 6.86157 6.76144
5 15 61.4804 11.5263 11.4826
6 0 0.0379363 0.0450328 0.00143917
6 1 156.546 36.668 36.7196
6 2 856.827 171.114 171.417
6 3 873.377 149.323 149.553
6 4 707.99 119.833 120.041
6 5 480.941 75.6892 75.8271
6 6 321.965 51.5036 51.5909
6 7 205.158 40.5806 40.6404
6 8 124.193 21.5673 21.5304
6 9 68.1495 12.4334 12.3868
6 10 46.8398 8.57272 8.51278
6 11 27.822 5.04577 4.94284
6 12 21.1299 4.39009 4.31309
6 13 13.1594 2.18947 2.0635
6 14 10.112 2.17406 2.05952
6 15 23.0755 3.87473 3.76108
7 0 0 0.133719 0
7 1 2.45408 1.71862 1.55435
7 2 111.154 66.4738 66.5759
7 3 953.766 584.716 586.203
7 4 2067.05 1163.13 1165.43
7 5 2894.49 1497.72 1499.9
7 6 3319.84 1726.52 1728.64
7 7 3331.69 1811.66 1814.03
7 8 2972.5 1647.27 1649.78
7 9 2487.66 1378.86 1381.31
7 10 1967.96 1047.36 1049.41
7 11 1567.26 822.858 824.643
7 12 1111.41 566.166 567.516
7 13 777.628 356.987 357.873
7 14 560.298 276.363 277.062
7 15 1314.65 680.766 682.324
8 0 3.94937 1.53533 1.41516
8 1 15.9836 12.0828 12.022
8 2 834.32 396.47 397.449
8 3 1720.3 776.42 777.928
8 4 2024.35 897.51 899.053
8 5 1993.69 861.315 862.82
8 6 1923.25 934.041 935.803
8 7 1675.38 798.985 800.602
8 8 1335.36 559.259 560.43
8 9 1106.51 529.695 530.937
8 10 857.9 427.236 428.307
8 11 647.93 344.632 345.535
8 12 481.565 245.108 245.735
8 13 333.118 151.409 151.776
8 14 224.098 93.809 94.0023
8 15 502.19 220.791 221.356
