255 0
1 0 1188.45 163.392 163.486
1 1 0 0.133719 0
2 0 2581.58 360.695 359.951
2 1 0 0.133719 0
3 0 1216.85 1081.6 1084.41
3 1 0 0.133719 0
4 0 1728.4 1499.37 1503.03
4 1 0 0.133719 0
5 0 0 0.133719 0
5 1 88.1578 12.399 12.3237
5 2 587.22 88.4019 88.5534
5 3 921.431 156.108 156.336
5 4 1026.26 164.49 164.687
5 5 800.428 124.239 124.427
5 6 626.586 102.818 103.002
5 7 420.96 69.4286 69.5554
5 8 293.721 56.5944 56.6948
5 9 185.529 36.4523 36.465
5 10 127.891 21.8395 21.8042
5 11 85.9308 15.7142 15.6812
5 12 62.5366 11.8025 11.7209
5 13 43.1591 8.5635 8.47645
5 14 32.6429 6.94658 6.84677
5 15 62.2601 11.7141 11.6711
6 0 0.0379363 0.0450328 0.00143917
6 1 159.126 37.3251 37.3789
6 2 882.576 177.783 178.096
6 3 904.224 157.292 157.532
6 4 733.038 126.284 126.5
6 5 498.902 80.3039 80.4518
6 6 332.84 54.3142 54.4075
6 7 211.64 42.2246 42.2894
6 8 128.08 22.5703 22.5369
6 9 69.7522 12.8414 12.7963
6 10 47.8816 8.83906 8.78015
6 11 28.4537 5.20307 5.10073
6 12 21.5739 4.49988 4.42327
6 13 13.4975 2.27817 2.15246
6 14 10.2234 2.20296 2.08852
6 15 23.2071 3.9097 3.79619
7 0 0 0.133719 0
7 1 2.45408 1.71862 1.55435
7 2 111.182 66.4806 66.5822
7 3 954.624 584.942 586.425
7 4 2069.27 1163.7 1166
7 5 2897.79 1498.56 1500.75
7 6 3323.65 1727.5 1729.63
7 7 3335.06 1812.58 1814.89
7 8 2975.72 1648.08 1650.59
7 9 2490.3 1379.58 1381.98
7 10 1969.78 1047.81 1049.88
7 11 1568.81 823.288 825.051
7 12 1112.74 566.516 567.861
7 13 778.346 357.169 358.055
7 14 560.675 276.459 277.159
7 15 1315.51 680.999 682.544
8 0 3.94937 1.53533 1.41516
8 1 15.9976 12.086 12.0251
8 2 835.11 396.67 397.656
8 3 1722.53 776.988 778.518
8 4 2028.05 898.443 900.004
8 5 1997.69 862.385 863.842
8 6 1926.99 934.987 936.758
8 7 1678.39 799.773 801.374
8 8 1337.31 559.746 560.928
8 9 1108.13 530.102 531.348
8 10 858.946 427.511 428.568
8 11 648.505 344.786 345.68
8 12 482.066 245.23 245.858
8 13 333.429 151.488 151.855
8 14 224.202 93.834 94.0273
8 15 502.493 220.861 221.431
