285 0
1 0 1323.29 202.388 202.507
1 1 0 0.133719 0
2 0 2871.29 444.973 444.06
2 1 0 0.133719 0
3 0 1357.02 1348.6 1352.12
3 1 0 0.133719 0
4 0 1914.78 1856.02 1860.54
4 1 0 0.133719 0
5 0 0 0.133719 0
5 1 97.7715 15.1681 15.1027
5 2 638.17 103.191 103.371
5 3 984.72 174.459 174.705
5 4 1087.62 182.247 182.46
5 5 841.703 136.17 136.375
5 6 654.292 110.812 111.013
5 7 437.644 74.2609 74.3994
5 8 303.307 59.3635 59.4721
5 9 191.198 38.0815 38.0995
5 10 131.61 22.9011 22.8693
5 11 87.9685 16.2964 16.2657
5 12 63.9667 12.2222 12.1422
5 13 44.1428 8.84801 8.76196
5 14 32.9911 7.04221 6.94277
5 15 63.0399 11.9256 11.8833
6 0 0.0379363 0.0450328 0.00143917
6 1 161.706 38.0647 38.1206
6 2 908.325 185.291 185.61
6 3 935.07 166.256 166.508
6 4 758.085 133.536 133.767
6 5 516.864 85.4951 85.6546
6 6 343.715 57.4726 57.5761
6 7 218.122 44.0744 44.1445
6 8 131.967 23.6988 23.6692
6 9 71.3549 13.3005 13.257
6 10 48.9234 9.13874 9.08094
6 11 29.0854 5.38004 5.27836
6 12 22.018 4.62336 4.54721
6 13 13.8356 2.37799 2.25253
6 14 10.3347 2.23548 2.12113
6 15 23.3386 3.94909 3.83569
7 0 0 0.133719 0
7 1 2.45408 1.71862 1.55435
7 2 111.21 66.4872 66.5893
7 3 955.482 585.182 586.675
7 4 2071.48 1164.34 1166.64
7 5 2901.08 1499.51 1501.7
7 6 3327.45 1728.6 1730.74
7 7 3338.42 1813.45 1815.86
7 8 2978.93 1648.99 1651.51
7 9 2492.94 1380.28 1382.74
7 10 1971.61 1048.33 1050.4
7 11 1570.36 823.723 825.509
7 12 1114.08 566.909 568.249
7 13 779.064 357.367 358.259
7 14 561.052 276.568 277.267
7 15 1316.36 681.222 682.791
8 0 3.94937 1.53533 1.41516
8 1 16.0116 12.0895 12.0287
8 2 835.899 396.903 397.889
8 3 1724.76 777.678 779.182
8 4 2031.76 899.525 901.073
8 5 2001.69 863.519 864.992
8 6 1930.73 936.05 937.832
8 7 1681.4 800.631 802.242
8 8 1339.26 560.312 561.489
8 9 1109.75 530.57 531.81
8 10 859.993 427.8 428.861
8 11 649.08 344.945 345.844
8 12 482.567 245.367 245.996
8 13 333.741 151.58 151.943
8 14 224.306 93.862 94.0555
8 15 502.796 220.949 221.515
