30 0
1 0 177.157 9.09805 9.02764
1 1 0 0.133719 0
2 0 408.787 27.0151 27.0212
2 1 0 0.133719 0
3 0 165.561 24.7385 24.7059
3 1 0 0.133719 0
4 0 330.513 87.6992 87.8655
4 1 0 0.133719 0
5 0 0 0.133719 0
5 1 16.0554 1.44374 1.32356
5 2 205.092 29.8743 29.901
5 3 446.756 83.4554 83.6226
5 4 566.051 94.1574 94.3322
5 5 490.868 76.9953 77.1332
5 6 418.791 71.1562 71.2902
5 7 295.831 50.2989 50.3814
5 8 221.82 45.6314 45.7014
5 9 143.011 30.0054 29.995
5 10 100.003 17.6401 17.5884
5 11 70.6483 13.4097 13.3677
5 12 51.8104 10.1416 10.053
5 13 35.782 7.43825 7.34634
5 14 30.0316 6.56833 6.46678
5 15 56.4122 10.8779 10.8315
6 0 0.0379363 0.0450328 0.00143917
6 1 139.776 34.3994 34.4429
6 2 689.457 148.059 148.354
6 3 672.878 121.773 122
6 4 545.179 97.5433 97.735
6 5 364.192 59.7485 59.8575
6 6 251.276 41.8039 41.865
6 7 163.026 34.9047 34.9462
6 8 98.9309 18.106 18.0549
6 9 57.7317 11.0251 10.9727
6 10 40.0682 7.65338 7.58952
6 11 23.7158 4.50306 4.39764
6 12 18.2435 4.01142 3.93264
6 13 10.9614 1.88341 1.75631
6 14 9.38827 2.07445 1.95941
6 15 22.2205 3.75402 3.63983
7 0 0 0.133719 0
7 1 2.45408 1.71862 1.55435
7 2 110.971 66.4524 66.5541
7 3 948.192 583.953 585.438
7 4 2052.64 1161.17 1163.46
7 5 2873.05 1494.75 1496.98
7 6 3295.12 1723 1725.23
7 7 3309.82 1808.63 1811.07
7 8 2951.62 1644.4 1646.96
7 9 2470.5 1376.53 1378.98
7 10 1956.08 1045.73 1047.82
7 11 1557.18 821.455 823.236
7 12 1102.75 564.977 566.325
7 13 772.959 356.358 357.247
7 14 557.849 276.034 276.729
7 15 1309.1 680.017 681.566
8 0 3.94937 1.53533 1.41516
8 1 15.8924 12.0721 12.0111
8 2 829.188 395.753 396.735
8 3 1705.82 774.361 775.89
8 4 2000.25 894.206 895.772
8 5 1967.71 857.765 859.29
8 6 1898.92 930.699 932.506
8 7 1655.81 796.317 797.935
8 8 1322.68 557.524 558.708
8 9 1095.96 528.278 529.518
8 10 851.099 426.342 427.407
8 11 644.192 344.139 345.033
8 12 478.31 244.684 245.311
8 13 331.092 151.138 151.503
8 14 223.424 93.7241 93.9159
8 15 500.217 220.528 221.098
