330 0
1 0 1525.54 269.001 269.168
1 1 0 0.133719 0
2 0 3305.84 588.972 587.745
2 1 0 0.133719 0
3 0 1567.28 1804.79 1809.46
3 1 0 0.133719 0
4 0 2194.36 2465.28 2471.3
4 1 0 0.133719 0
5 0 0 0.133719 0
5 1 112.192 19.8992 19.8502
5 2 714.595 128.456 128.684
5 3 1079.66 205.799 206.087
5 4 1179.67 212.573 212.824
5 5 903.615 156.548 156.787
5 6 695.851 124.474 124.699
5 7 462.67 82.5168 82.6745
5 8 317.688 64.0944 64.2166
5 9 199.701 40.865 40.8918
5 10 137.187 24.7144 24.6887
5 11 91.025 17.2917 17.2642
5 12 66.1119 12.9397 12.862
5 13 45.6182 9.33404 9.24969
5 14 33.5133 7.20564 7.10677
5 15 64.2094 12.2866 12.2456
6 0 0.0379363 0.0450328 0.00143917
6 1 165.576 39.3283 39.3877
6 2 946.949 198.107 198.446
6 3 981.339 181.569 181.843
6 4 795.657 145.925 146.182
6 5 543.806 94.3614 94.5427
6 6 360.028 62.872 62.9891
6 7 227.845 47.2343 47.3137
6 8 137.796 25.6269 25.6035
6 9 73.759 14.0849 14.044
6 10 50.4861 9.65085 9.5948
6 11 30.033 5.68244 5.5818
6 12 22.6841 4.83439 4.75896
6 13 14.3429 2.54849 2.4235
6 14 10.5017 2.29107 2.17686
6 15 23.5359 4.01633 3.90317
7 0 0 0.133719 0
7 1 2.45408 1.71862 1.55435
7 2 111.252 66.4999 66.6014
7 3 956.768 585.617 587.101
7 4 2074.81 1165.45 1167.74
7 5 2906.03 1501.2 1503.33
7 6 3333.16 1730.51 1732.64
7 7 3343.47 1815.18 1817.51
7 8 2983.75 1650.57 1653.08
7 9 2496.9 1381.64 1384.03
7 10 1974.35 1049.22 1051.29
7 11 1572.68 824.49 826.292
7 12 1116.08 567.57 568.912
7 13 780.142 357.72 358.608
7 14 561.617 276.755 277.452
7 15 1317.64 681.661 683.213
8 0 3.94937 1.53533 1.41516
8 1 16.0327 12.0955 12.0347
8 2 837.083 397.306 398.286
8 3 1728.1 778.798 780.316
8 4 2037.32 901.348 902.899
8 5 2007.68 865.485 866.956
8 6 1936.34 937.893 939.667
8 7 1685.92 802.119 803.726
8 8 1342.19 561.265 562.448
8 9 1112.19 531.362 532.599
8 10 861.562 428.302 429.363
8 11 649.942 345.224 346.123
8 12 483.318 245.604 246.232
8 13 334.208 151.729 152.095
8 14 224.461 93.9104 94.1036
8 15 503.251 221.09 221.659
