0.69 0
1 0 35.0607 6.35163 6.22607
1 1 0.000236511 0.00960217 5.59375e-08
2 0 120.074 26.7537 26.7629
2 1 0 0.152266 0
3 0 0 0.152266 0
3 1 6.02787 1.29902 1.15607
3 2 112.704 23.9118 23.9005
3 3 281.975 67.7016 67.835
3 4 387.448 76.1336 76.2835
3 5 340.783 62.7608 62.8704
3 6 309.497 63.6696 63.7875
3 7 226.506 48.4185 48.4883
3 8 166.651 42.1603 42.2057
3 9 123.534 32.9109 32.8922
3 10 97.0093 23.0724 23.0108
3 11 64.0382 15.8476 15.7971
3 12 54.7868 14.3466 14.2504
3 13 38.3078 10.2197 10.1174
3 14 24.2942 6.29445 6.16507
3 15 53.1993 14.369 14.3287
4 0 0.0392854 0.0506553 0.00154334
4 1 135.405 34.9455 34.9793
4 2 652.488 156.111 156.443
4 3 626.36 133.639 133.909
4 4 445.992 95.4515 95.6449
4 5 275.854 56.8693 56.9733
4 6 204.466 43.3448 43.4064
4 7 152.462 43.3114 43.3727
4 8 95.6109 25.3966 25.3404
4 9 52.115 13.0808 13.0281
4 10 36.5532 9.31208 9.24696
4 11 20.4804 5.13118 5.00856
4 12 17.1934 4.71628 4.61978
4 13 10.1019 2.79453 2.6461
4 14 9.18874 2.41869 2.28828
4 15 23.5103 9.955 9.83698
5 0 0 0.152266 0
5 1 2.45408 1.74012 1.55435
5 2 110.844 66.4649 66.5505
5 3 943.705 583.962 585.459
5 4 2049.3 1165.8 1168.13
5 5 2869.55 1507.67 1509.92
5 6 3285.47 1747.16 1749.42
5 7 3291.1 1839.54 1842.08
5 8 2957.92 1687.09 1689.76
5 9 2463.33 1418.91 1421.51
5 10 1955.07 1086.76 1088.95
5 11 1538.1 852.9 854.793
5 12 1110.28 597.764 599.199
5 13 777.785 381.801 382.759
5 14 568.235 298.286 299.043
5 15 1310.87 729.056 730.755
6 0 3.9873 1.55744 1.4166
6 1 15.8918 12.094 12.0128
6 2 829.778 396.449 397.432
6 3 1702.72 775.965 777.488
6 4 1995.33 900.985 902.574
6 5 1959.22 868.96 870.528
6 6 1899.31 950.331 952.173
6 7 1646.36 817.079 818.76
6 8 1315.82 578.78 580.031
6 9 1092.38 549.497 550.803
6 10 849.076 444.41 445.529
6 11 650.577 361.63 362.57
6 12 468.457 254.583 255.229
6 13 329.558 160.723 161.096
6 14 226.737 102.135 102.335
6 15 498.955 239.829 240.453
