450 0
1 0 2064.9 494.289 494.623
1 1 0 0.133719 0
2 0 4464.67 1075.89 1073.71
2 1 0 0.133719 0
3 0 2127.97 3347.53 3356.25
3 1 0 0.133719 0
4 0 2939.9 4525.86 4536.94
4 1 0 0.133719 0
5 0 0 0.133719 0
5 1 150.647 35.9035 35.9066
5 2 918.397 213.899 214.296
5 3 1332.82 311.787 312.222
5 4 1425.11 315.124 315.517
5 5 1068.71 225.463 225.819
5 6 806.674 170.666 170.986
5 7 529.405 110.433 110.662
5 8 356.034 80.095 80.2631
5 9 222.378 50.2799 50.3357
5 10 152.061 30.8483 30.8424
5 11 99.1757 20.6578 20.6411
5 12 71.8325 15.3658 15.2965
5 13 49.5526 10.978 10.8993
5 14 34.906 7.7584 7.66142
5 15 67.3283 13.5082 13.4713
6 0 0.0379363 0.0450328 0.00143917
6 1 175.896 43.6005 43.6732
6 2 1049.95 241.448 241.859
6 3 1104.72 233.343 233.708
6 4 895.848 187.835 188.169
6 5 615.651 124.353 124.603
6 6 403.529 81.1306 81.2966
6 7 253.772 57.9213 58.0323
6 8 153.343 32.1477 32.1456
6 9 80.17 16.7381 16.7059
6 10 54.6533 11.383 11.3327
6 11 32.5599 6.70522 6.60807
6 12 24.4603 5.54819 5.47511
6 13 15.6955 3.12517 3.00173
6 14 10.9471 2.47908 2.36531
6 15 24.0621 4.24384 4.13139
7 0 0 0.133719 0
7 1 2.45408 1.71862 1.55435
7 2 111.364 66.5405 66.6423
7 3 960.198 587.048 588.541
7 4 2083.68 1169.16 1171.44
7 5 2919.22 1506.62 1508.82
7 6 3348.37 1736.91 1739.07
7 7 3356.93 1820.72 1823.09
7 8 2996.6 1655.87 1658.4
7 9 2507.46 1385.96 1388.4
7 10 1981.66 1052.22 1054.29
7 11 1578.88 827.163 828.941
7 12 1121.4 569.8 571.154
7 13 783.015 358.902 359.788
7 14 563.124 277.377 278.079
7 15 1321.06 683.092 684.641
8 0 3.94937 1.53533 1.41516
8 1 16.0888 12.1159 12.0552
8 2 840.241 398.645 399.631
8 3 1737 782.662 784.153
8 4 2052.15 907.497 909.077
8 5 2023.67 872.109 873.6
8 6 1951.31 944.071 945.873
8 7 1697.97 807.109 808.745
8 8 1349.99 564.499 565.689
8 9 1118.68 534.016 535.27
8 10 865.747 429.985 431.058
8 11 652.242 346.169 347.067
8 12 485.321 246.4 247.03
8 13 335.455 152.239 152.607
8 14 224.877 94.0726 94.2663
8 15 504.465 221.579 222.146
