465 0
1 0 2132.32 527.345 527.683
1 1 0 0.133719 0
2 0 4609.52 1147.28 1144.96
2 1 0 0.133719 0
3 0 2198.06 3573.7 3583.07
3 1 0 0.133719 0
4 0 3033.09 4827.9 4839.83
4 1 0 0.133719 0
5 0 0 0.133719 0
5 1 155.453 38.2504 38.261
5 2 943.872 226.425 226.85
5 3 1364.46 327.316 327.785
5 4 1455.79 330.175 330.575
5 5 1089.35 235.567 235.942
5 6 820.527 177.439 177.774
5 7 537.747 114.527 114.766
5 8 360.828 82.4427 82.6161
5 9 225.212 51.66 51.7205
5 10 153.92 31.7475 31.7448
5 11 100.194 21.1512 21.1363
5 12 72.5476 15.7217 15.6535
5 13 50.0444 11.2191 11.1411
5 14 35.0801 7.83945 7.74275
5 15 67.7182 13.6874 13.651
6 0 0.0379363 0.0450328 0.00143917
6 1 177.186 44.227 44.3017
6 2 1062.82 247.803 248.224
6 3 1120.15 240.941 241.313
6 4 908.372 193.976 194.326
6 5 624.632 128.75 129.011
6 6 408.966 83.8081 83.9812
6 7 257.013 59.4885 59.604
6 8 155.286 33.1038 33.1049
6 9 80.9714 17.1271 17.0962
6 10 55.1742 11.637 11.5875
6 11 32.8757 6.85524 6.75856
6 12 24.6823 5.65286 5.58012
6 13 15.8645 3.20973 3.08652
6 14 11.0028 2.50665 2.39295
6 15 24.1278 4.2772 4.16485
7 0 0 0.133719 0
7 1 2.45408 1.71862 1.55435
7 2 111.378 66.5467 66.6483
7 3 960.627 587.265 588.752
7 4 2084.78 1169.68 1171.98
7 5 2920.87 1507.45 1509.63
7 6 3350.27 1737.87 1740.01
7 7 3358.61 1821.48 1823.91
7 8 2998.21 1656.67 1659.18
7 9 2508.78 1386.62 1389.04
7 10 1982.58 1052.67 1054.73
7 11 1579.65 827.559 829.329
7 12 1122.07 570.134 571.483
7 13 783.374 359.078 359.961
7 14 563.312 277.47 278.171
7 15 1321.49 683.305 684.85
8 0 3.94937 1.53533 1.41516
8 1 16.0958 12.1188 12.0582
8 2 840.636 398.836 399.828
8 3 1738.12 783.208 784.715
8 4 2054 908.416 909.982
8 5 2025.67 873.097 874.574
8 6 1953.18 944.997 946.783
8 7 1699.47 807.857 809.481
8 8 1350.97 564.98 566.164
8 9 1119.49 534.414 535.661
8 10 866.27 430.239 431.306
8 11 652.529 346.304 347.206
8 12 485.572 246.519 247.147
8 13 335.611 152.316 152.683
8 14 224.928 94.0967 94.2901
8 15 504.617 221.647 222.218
