480 0
1 0 2199.74 561.46 561.826
1 1 0 0.133719 0
2 0 4754.37 1221.1 1218.56
2 1 0 0.133719 0
3 0 2268.14 3807.36 3817.32
3 1 0 0.133719 0
4 0 3126.28 5140.08 5152.65
4 1 0 0.133719 0
5 0 0 0.133719 0
5 1 160.26 40.6738 40.6926
5 2 969.347 239.361 239.815
5 3 1396.11 343.364 343.858
5 4 1486.47 345.691 346.127
5 5 1109.99 246.002 246.397
5 6 834.38 184.433 184.784
5 7 546.089 118.754 119.004
5 8 365.621 84.8666 85.0462
5 9 228.047 53.0857 53.1507
5 10 155.779 32.6768 32.6767
5 11 101.213 21.661 21.6477
5 12 73.2627 16.089 16.0222
5 13 50.5363 11.468 11.391
5 14 35.2542 7.92319 7.82675
5 15 68.108 13.8722 13.8366
6 0 0.0379363 0.0450328 0.00143917
6 1 178.476 44.8738 44.9507
6 2 1075.69 254.363 254.799
6 3 1135.57 248.786 249.168
6 4 920.896 200.323 200.684
6 5 633.613 133.291 133.563
6 6 414.404 86.5728 86.7537
6 7 260.254 61.1066 61.2272
6 8 157.229 34.0919 34.0956
6 9 81.7727 17.5289 17.4993
6 10 55.6951 11.8994 11.8507
6 11 33.1916 7.01018 6.91398
6 12 24.9043 5.76095 5.68857
6 13 16.0336 3.29707 3.17409
6 14 11.0585 2.53512 2.42149
6 15 24.1936 4.31168 4.19942
7 0 0 0.133719 0
7 1 2.45408 1.71862 1.55435
7 2 111.392 66.5526 66.6545
7 3 961.056 587.476 588.971
7 4 2085.89 1170.26 1172.54
7 5 2922.52 1508.3 1510.46
7 6 3352.17 1738.86 1740.98
7 7 3360.3 1822.35 1824.75
7 8 2999.81 1657.49 1659.98
7 9 2510.1 1387.29 1389.71
7 10 1983.49 1053.14 1055.19
7 11 1580.43 827.944 829.73
7 12 1122.74 570.466 571.823
7 13 783.733 359.244 360.14
7 14 563.501 277.567 278.266
7 15 1321.92 683.526 685.066
8 0 3.94937 1.53533 1.41516
8 1 16.1028 12.1219 12.0613
8 2 841.031 399.043 400.032
8 3 1739.23 783.77 785.296
8 4 2055.86 909.364 910.918
8 5 2027.67 874.086 875.58
8 6 1955.05 945.953 947.723
8 7 1700.98 808.629 810.241
8 8 1351.94 565.476 566.655
8 9 1120.3 534.825 536.066
8 10 866.793 430.5 431.563
8 11 652.817 346.444 347.349
8 12 485.822 246.638 247.268
8 13 335.766 152.392 152.76
8 14 224.98 94.1205 94.3147
8 15 504.768 221.722 222.291
