1.05 0
1 0 36.2553 6.35211 6.22688
1 1 0.000359908 0.00959392 1.29534e-07
2 0 123.396 26.7563 26.7659
2 1 0 0.152266 0
3 0 0 0.152266 0
3 1 6.03231 1.29902 1.15608
3 2 112.858 23.9122 23.9006
3 3 282.385 67.702 67.8354
3 4 387.97 76.1345 76.284
3 5 341.186 62.7612 62.8707
3 6 309.793 63.6696 63.7878
3 7 226.694 48.4185 48.4885
3 8 166.769 42.161 42.2058
3 9 123.602 32.9113 32.8922
3 10 97.0556 23.0724 23.0109
3 11 64.062 15.8477 15.7971
3 12 54.8051 14.3466 14.2505
3 13 38.3217 10.2197 10.1174
3 14 24.2987 6.29442 6.16507
3 15 53.2097 14.369 14.3287
4 0 0.0392854 0.0506553 0.00154334
4 1 135.549 34.9457 34.9794
4 2 653.272 156.115 156.443
4 3 627.097 133.638 133.91
4 4 446.523 95.4518 95.6454
4 5 276.17 56.8699 56.9736
4 6 204.638 43.3456 43.4066
4 7 152.555 43.3114 43.3727
4 8 95.6556 25.3968 25.3405
4 9 52.1354 13.0808 13.0281
4 10 36.564 9.31206 9.24697
4 11 20.4888 5.13117 5.00856
4 12 17.1975 4.71629 4.61978
4 13 10.104 2.79453 2.6461
4 14 9.18985 2.4187 2.28828
4 15 23.5109 9.95501 9.83698
5 0 0 0.152266 0
5 1 2.45408 1.74012 1.55435
5 2 110.845 66.4649 66.5505
5 3 943.715 583.962 585.459
5 4 2049.32 1165.8 1168.13
5 5 2869.59 1507.67 1509.92
5 6 3285.52 1747.16 1749.42
5 7 3291.14 1839.54 1842.08
5 8 2957.96 1687.09 1689.76
5 9 2463.36 1418.91 1421.51
5 10 1955.09 1086.76 1088.95
5 11 1538.12 852.9 854.793
5 12 1110.3 597.764 599.199
5 13 777.794 381.801 382.759
5 14 568.239 298.286 299.043
5 15 1310.88 729.056 730.755
6 0 3.9873 1.55744 1.4166
6 1 15.892 12.094 12.0128
6 2 829.787 396.45 397.432
6 3 1702.75 775.965 777.488
6 4 1995.38 900.986 902.574
6 5 1959.27 868.961 870.528
6 6 1899.36 950.332 952.173
6 7 1646.4 817.079 818.76
6 8 1315.84 578.78 580.031
6 9 1092.4 549.497 550.803
6 10 849.089 444.41 445.529
6 11 650.584 361.63 362.57
6 12 468.463 254.583 255.229
6 13 329.562 160.723 161.096
6 14 226.738 102.135 102.335
6 15 498.959 239.829 240.453
