540 0
1 0 2469.42 708.779 709.239
1 1 0 0.133719 0
2 0 5333.79 1539.43 1536.3
2 1 0 0.133719 0
3 0 2548.49 4816.05 4828.68
3 1 0 0.133719 0
4 0 3499.05 6487.13 6503.26
4 1 0 0.133719 0
5 0 0 0.133719 0
5 1 179.487 51.1396 51.191
5 2 1071.25 295.223 295.792
5 3 1522.69 412.649 413.255
5 4 1609.2 412.757 413.273
5 5 1192.54 291.052 291.533
5 6 889.792 214.63 215.048
5 7 579.457 137.009 137.304
5 8 384.795 95.3294 95.5381
5 9 239.385 59.2419 59.3256
5 10 163.216 36.6875 36.7003
5 11 105.289 23.862 23.8557
5 12 76.123 17.6756 17.6139
5 13 52.5035 12.5431 12.4695
5 14 35.9505 8.28465 8.18941
5 15 69.6675 14.6712 14.638
6 0 0.0379363 0.0450328 0.00143917
6 1 183.636 47.6678 47.7527
6 2 1127.19 282.696 283.184
6 3 1197.26 282.621 283.079
6 4 970.992 227.719 228.138
6 5 669.535 152.9 153.218
6 6 436.155 98.5127 98.724
6 7 273.217 68.0948 68.2355
6 8 165.002 38.3558 38.3731
6 9 84.9782 19.2636 19.2398
6 10 57.7787 13.0319 12.987
6 11 34.455 7.67899 7.58501
6 12 25.7925 6.22771 6.15682
6 13 16.7099 3.67411 3.55216
6 14 11.2812 2.65808 2.54471
6 15 24.4567 4.46043 4.34864
7 0 0 0.133719 0
7 1 2.45408 1.71862 1.55435
7 2 111.448 66.5795 66.6813
7 3 962.771 588.414 589.913
7 4 2090.33 1172.69 1174.97
7 5 2929.12 1511.89 1514.06
7 6 3359.78 1743.06 1745.18
7 7 3367.03 1826.07 1828.4
7 8 3006.24 1660.97 1663.45
7 9 2515.38 1390.16 1392.57
7 10 1987.14 1055.11 1057.16
7 11 1583.53 829.679 831.462
7 12 1125.4 571.939 573.288
7 13 785.17 360.024 360.912
7 14 564.254 277.972 278.676
7 15 1323.63 684.438 686
8 0 3.94937 1.53533 1.41516
8 1 16.1309 12.1353 12.0747
8 2 842.61 399.923 400.911
8 3 1743.69 786.304 787.804
8 4 2063.27 913.384 914.957
8 5 2035.66 878.442 879.924
8 6 1962.54 950.006 951.781
8 7 1707 811.903 813.523
8 8 1355.84 567.597 568.774
8 9 1123.54 536.567 537.812
8 10 868.886 431.606 432.671
8 11 653.967 347.059 347.966
8 12 486.824 247.156 247.789
8 13 336.39 152.728 153.095
8 14 225.188 94.2266 94.4211
8 15 505.375 222.039 222.61
