555 0
1 0 2536.84 748.307 748.802
1 1 0 0.133719 0
2 0 5478.64 1624.86 1621.58
2 1 0 0.133719 0
3 0 2618.57 5086.82 5100.11
3 1 0 0.133719 0
4 0 3592.24 6848.94 6865.74
4 1 0 0.133719 0
5 0 0 0.133719 0
5 1 184.294 53.9487 54.0086
5 2 1096.72 310.22 310.815
5 3 1554.33 431.253 431.879
5 4 1639.88 430.745 431.293
5 5 1213.18 303.149 303.647
5 6 903.645 222.736 223.171
5 7 587.799 141.907 142.215
5 8 389.588 98.137 98.354
5 9 242.219 60.894 60.9828
5 10 165.075 37.7643 37.7801
5 11 106.308 24.4528 24.4482
5 12 76.8381 18.1014 18.0411
5 13 52.9953 12.8316 12.759
5 14 36.1246 8.38165 8.28674
5 15 70.0574 14.8855 14.853
6 0 0.0379363 0.0450328 0.00143917
6 1 184.926 48.4171 48.5048
6 2 1140.07 290.298 290.802
6 3 1212.68 291.714 292.18
6 4 983.516 235.074 235.506
6 5 678.516 158.162 158.493
6 6 441.592 101.716 101.937
6 7 276.458 69.9698 70.1164
6 8 166.945 39.4997 39.5211
6 9 85.7795 19.7292 19.7069
6 10 58.2996 13.3359 13.292
6 11 34.7709 7.85852 7.7651
6 12 26.0145 6.35302 6.28249
6 13 16.879 3.77531 3.65363
6 14 11.3368 2.69107 2.57778
6 15 24.5224 4.50036 4.38869
7 0 0 0.133719 0
7 1 2.45408 1.71862 1.55435
7 2 111.462 66.5869 66.6885
7 3 963.2 588.672 590.165
7 4 2091.44 1173.31 1175.62
7 5 2930.77 1512.81 1515.02
7 6 3361.68 1744.14 1746.31
7 7 3368.71 1827.06 1829.38
7 8 3007.85 1661.86 1664.38
7 9 2516.7 1390.94 1393.33
7 10 1988.06 1055.61 1057.68
7 11 1584.3 830.15 831.927
7 12 1126.07 572.324 573.682
7 13 785.529 360.233 361.119
7 14 564.443 278.083 278.786
7 15 1324.05 684.692 686.25
8 0 3.94937 1.53533 1.41516
8 1 16.1379 12.1388 12.0783
8 2 843.005 400.152 401.147
8 3 1744.8 786.983 788.477
8 4 2065.13 914.477 916.041
8 5 2037.66 879.587 881.09
8 6 1964.41 951.107 952.87
8 7 1708.51 812.793 814.404
8 8 1356.82 568.153 569.343
8 9 1124.36 537.027 538.281
8 10 869.409 431.888 432.968
8 11 654.254 347.227 348.132
8 12 487.074 247.298 247.929
8 13 336.545 152.815 153.185
8 14 225.24 94.2554 94.4497
8 15 505.527 222.126 222.695
