570 0
1 0 2604.26 788.92 789.449
1 1 0 0.133719 0
2 0 5623.49 1712.64 1709.19
2 1 0 0.133719 0
3 0 2688.66 5365.01 5378.98
3 1 0 0.133719 0
4 0 3685.44 7220.36 7238.16
4 1 0 0.133719 0
5 0 0 0.133719 0
5 1 189.101 56.8342 56.9034
5 2 1122.2 325.628 326.25
5 3 1585.98 450.348 451.014
5 4 1670.56 449.226 449.808
5 5 1233.81 315.566 316.093
5 6 917.498 231.063 231.516
5 7 596.141 146.94 147.261
5 8 394.381 101.021 101.247
5 9 245.054 62.592 62.6854
5 10 166.935 38.8695 38.8895
5 11 107.326 25.0593 25.0571
5 12 77.5531 18.539 18.4801
5 13 53.4871 13.128 13.0564
5 14 36.2987 8.48135 8.38674
5 15 70.4472 15.1057 15.074
6 0 0.0379363 0.0450328 0.00143917
6 1 186.216 49.1874 49.2774
6 2 1152.94 298.106 298.629
6 3 1228.11 301.054 301.531
6 4 996.04 242.631 243.075
6 5 687.497 163.568 163.913
6 6 447.03 105.007 105.237
6 7 279.699 71.897 72.0488
6 8 168.889 40.6759 40.7006
6 9 86.5809 20.2077 20.1868
6 10 58.8205 13.6482 13.6053
6 11 35.0867 8.04294 7.95012
6 12 26.2365 6.48168 6.41161
6 13 17.048 3.87928 3.75787
6 14 11.3925 2.72497 2.61175
6 15 24.5882 4.54136 4.42983
7 0 0 0.133719 0
7 1 2.45408 1.71862 1.55435
7 2 111.476 66.5934 66.6959
7 3 963.629 588.936 590.425
7 4 2092.54 1173.99 1176.28
7 5 2932.42 1513.82 1516.01
7 6 3363.59 1745.31 1747.47
7 7 3370.39 1828.08 1830.38
7 8 3009.45 1662.83 1665.34
7 9 2518.02 1391.69 1394.12
7 10 1988.97 1056.16 1058.23
7 11 1585.08 830.633 832.404
7 12 1126.74 572.732 574.086
7 13 785.888 360.439 361.331
7 14 564.631 278.197 278.899
7 15 1324.48 684.952 686.508
8 0 3.94937 1.53533 1.41516
8 1 16.1449 12.1425 12.082
8 2 843.4 400.397 401.389
8 3 1745.91 787.653 789.169
8 4 2066.98 915.6 917.155
8 5 2039.66 880.794 882.288
8 6 1966.28 952.206 953.989
8 7 1710.01 813.657 815.308
8 8 1357.79 568.741 569.927
8 9 1125.17 537.5 538.762
8 10 869.932 432.197 433.274
8 11 654.542 347.399 348.302
8 12 487.324 247.444 248.073
8 13 336.701 152.908 153.278
8 14 225.292 94.2849 94.479
8 15 505.679 222.21 222.783
