1.17 0
1 0 36.6535 6.35239 6.22723
1 1 0.000401041 0.00959189 1.60834e-07
2 0 124.504 26.7574 26.7671
2 1 0 0.152266 0
3 0 0 0.152266 0
3 1 6.03378 1.29902 1.15608
3 2 112.909 23.9124 23.9007
3 3 282.522 67.7023 67.8356
3 4 388.144 76.1325 76.2842
3 5 341.32 62.7623 62.8709
3 6 309.892 63.6705 63.7879
3 7 226.757 48.4183 48.4886
3 8 166.808 42.1608 42.2058
3 9 123.624 32.9111 32.8923
3 10 97.071 23.0725 23.0109
3 11 64.0699 15.8476 15.7971
3 12 54.8112 14.3466 14.2505
3 13 38.3263 10.2197 10.1174
3 14 24.3001 6.29443 6.16507
3 15 53.2132 14.3691 14.3287
4 0 0.0392854 0.0506553 0.00154334
4 1 135.597 34.9458 34.9795
4 2 653.533 156.113 156.444
4 3 627.343 133.64 133.91
4 4 446.7 95.4512 95.6457
4 5 276.276 56.8709 56.9737
4 6 204.695 43.3454 43.4067
4 7 152.586 43.3118 43.3728
4 8 95.6705 25.3965 25.3405
4 9 52.1422 13.0807 13.0281
4 10 36.5676 9.31209 9.24698
4 11 20.4917 5.13119 5.00857
4 12 17.1989 4.71628 4.61978
4 13 10.1047 2.79454 2.6461
4 14 9.19021 2.41869 2.28828
4 15 23.5111 9.95501 9.83698
5 0 0 0.152266 0
5 1 2.45408 1.74012 1.55435
5 2 110.845 66.4649 66.5505
5 3 943.719 583.962 585.459
5 4 2049.33 1165.8 1168.13
5 5 2869.6 1507.67 1509.92
5 6 3285.53 1747.16 1749.42
5 7 3291.15 1839.54 1842.08
5 8 2957.97 1687.09 1689.76
5 9 2463.37 1418.91 1421.51
5 10 1955.1 1086.76 1088.95
5 11 1538.13 852.9 854.794
5 12 1110.3 597.764 599.199
5 13 777.797 381.801 382.759
5 14 568.241 298.286 299.043
5 15 1310.88 729.057 730.755
6 0 3.9873 1.55744 1.4166
6 1 15.892 12.094 12.0128
6 2 829.79 396.45 397.432
6 3 1702.76 775.965 777.488
6 4 1995.39 900.986 902.574
6 5 1959.28 868.961 870.528
6 6 1899.37 950.332 952.173
6 7 1646.41 817.08 818.76
6 8 1315.85 578.78 580.031
6 9 1092.4 549.497 550.803
6 10 849.093 444.41 445.529
6 11 650.586 361.631 362.57
6 12 468.465 254.583 255.229
6 13 329.563 160.723 161.096
6 14 226.739 102.135 102.335
6 15 498.96 239.829 240.453
