600 0
1 0 2739.09 873.434 873.995
1 1 0 0.133719 0
2 0 5913.2 1895.33 1891.43
2 1 0 0.133719 0
3 0 2828.83 5943.56 5959.03
3 1 0 0.133719 0
4 0 3871.82 7993.12 8012.77
4 1 0 0.133719 0
5 0 0 0.133719 0
5 1 198.715 62.8369 62.9245
5 2 1173.15 357.666 358.354
5 3 1649.27 490.1 490.815
5 4 1731.92 487.682 488.318
5 5 1275.09 341.416 341.981
5 6 945.204 248.383 248.874
5 7 612.825 157.411 157.756
5 8 403.968 107.025 107.264
5 9 250.723 66.1221 66.2269
5 10 170.653 41.1706 41.1972
5 11 109.364 26.322 26.3234
5 12 78.9833 19.4489 19.393
5 13 54.4707 13.7447 13.675
5 14 36.6469 8.68866 8.59473
5 15 71.2269 15.564 15.5336
6 0 0.0379363 0.0450328 0.00143917
6 1 188.796 50.7896 50.8845
6 2 1178.69 314.354 314.909
6 3 1258.95 320.457 320.98
6 4 1021.09 258.337 258.821
6 5 705.458 174.81 175.186
6 6 457.905 111.853 112.103
6 7 286.181 75.9047 76.0683
6 8 172.775 43.1214 43.1539
6 9 88.1837 21.2027 21.185
6 10 59.8623 14.2978 14.2571
6 11 35.7185 8.4266 8.33497
6 12 26.6806 6.7494 6.68016
6 13 17.3862 4.09551 3.97471
6 14 11.5039 2.7955 2.68243
6 15 24.7197 4.62672 4.51542
7 0 0 0.133719 0
7 1 2.45408 1.71862 1.55435
7 2 111.504 66.6091 66.7112
7 3 964.486 589.473 590.965
7 4 2094.76 1175.36 1177.67
7 5 2935.71 1515.9 1518.07
7 6 3367.39 1747.75 1749.88
7 7 3373.76 1830.06 1832.48
7 8 3012.67 1664.85 1667.33
7 9 2520.66 1393.36 1395.76
7 10 1990.8 1057.3 1059.35
7 11 1586.63 831.612 833.398
7 12 1128.07 573.567 574.927
7 13 786.606 360.877 361.774
7 14 565.008 278.429 279.134
7 15 1325.34 685.493 687.043
8 0 3.94937 1.53533 1.41516
8 1 16.159 12.1502 12.0897
8 2 844.189 400.904 401.894
8 3 1748.14 789.076 790.608
8 4 2070.69 917.899 919.471
8 5 2043.66 883.301 884.779
8 6 1970.02 954.525 956.317
8 7 1713.02 815.555 817.19
8 8 1359.74 569.945 571.142
8 9 1126.79 538.51 539.764
8 10 870.979 432.839 433.91
8 11 655.117 347.751 348.657
8 12 487.825 247.738 248.372
8 13 337.013 153.101 153.47
8 14 225.395 94.3462 94.54
8 15 505.982 222.394 222.965
