615 0
1 0 2806.51 917.294 917.894
1 1 0 0.133719 0
2 0 6058.05 1990.12 1986.05
2 1 0 0.133719 0
3 0 2898.92 6243.9 6260.2
3 1 0 0.133719 0
4 0 3965.01 8394.28 8414.97
4 1 0 0.133719 0
5 0 0 0.133719 0
5 1 203.522 65.9534 66.0509
5 2 1198.62 374.295 375.024
5 3 1680.91 510.72 511.481
5 4 1762.6 507.638 508.313
5 5 1295.72 354.826 355.422
5 6 959.057 257.383 257.887
5 7 621.167 162.841 163.206
5 8 408.761 110.141 110.389
5 9 253.558 67.9552 68.0657
5 10 172.512 42.3649 42.3954
5 11 110.383 26.9774 26.9809
5 12 79.6984 19.9213 19.867
5 13 54.9625 14.0649 13.9962
5 14 36.821 8.79629 8.70273
5 15 71.6168 15.8018 15.7723
6 0 0.0379363 0.0450328 0.00143917
6 1 190.086 51.6216 51.7189
6 2 1191.57 322.781 323.361
6 3 1274.38 330.542 331.079
6 4 1033.61 266.495 266.996
6 5 714.439 180.648 181.039
6 6 463.343 115.409 115.667
6 7 289.422 77.9851 78.1553
6 8 174.719 44.3912 44.4277
6 9 88.985 21.7194 21.7033
6 10 60.3832 14.6352 14.5954
6 11 36.0343 8.62579 8.5348
6 12 26.9026 6.8884 6.8196
6 13 17.5553 4.2078 4.0873
6 14 11.5595 2.83211 2.71912
6 15 24.7855 4.67102 4.55985
7 0 0 0.133719 0
7 1 2.45408 1.71862 1.55435
7 2 111.518 66.6172 66.7192
7 3 964.915 589.745 591.246
7 4 2095.87 1176.09 1178.39
7 5 2937.36 1516.99 1519.14
7 6 3369.29 1749.01 1751.13
7 7 3375.44 1831.16 1833.56
7 8 3014.27 1665.9 1668.37
7 9 2521.98 1394.22 1396.61
7 10 1991.71 1057.86 1059.94
7 11 1587.4 832.11 833.913
7 12 1128.73 574.007 575.363
7 13 786.966 361.109 362.004
7 14 565.196 278.547 279.256
7 15 1325.76 685.774 687.321
8 0 3.94937 1.53533 1.41516
8 1 16.166 12.1541 12.0937
8 2 844.584 401.168 402.156
8 3 1749.25 789.827 791.355
8 4 2072.54 919.109 920.674
8 5 2045.66 884.569 886.073
8 6 1971.89 955.743 957.525
8 7 1714.53 816.539 818.168
8 8 1360.72 570.578 571.774
8 9 1127.6 539.033 540.284
8 10 871.502 433.162 434.24
8 11 655.404 347.937 348.84
8 12 488.076 247.895 248.528
8 13 337.169 153.201 153.57
8 14 225.447 94.3779 94.5717
8 15 506.134 222.489 223.06
