1.26 0
1 0 36.9522 6.35258 6.22752
1 1 0.00043189 0.00959089 1.86529e-07
2 0 125.334 26.7581 26.7682
2 1 0 0.152266 0
3 0 0 0.152266 0
3 1 6.03489 1.29902 1.15608
3 2 112.948 23.9124 23.9008
3 3 282.625 67.7021 67.8357
3 4 388.274 76.1336 76.2843
3 5 341.421 62.7603 62.871
3 6 309.966 63.6686 63.788
3 7 226.804 48.4187 48.4886
3 8 166.838 42.1612 42.2059
3 9 123.641 32.9113 32.8923
3 10 97.0826 23.0724 23.0109
3 11 64.0759 15.8477 15.7971
3 12 54.8158 14.3465 14.2505
3 13 38.3298 10.2197 10.1174
3 14 24.3012 6.29444 6.16508
3 15 53.2158 14.369 14.3287
4 0 0.0392854 0.0506553 0.00154334
4 1 135.634 34.9462 34.9795
4 2 653.729 156.111 156.444
4 3 627.527 133.638 133.91
4 4 446.833 95.4502 95.6458
4 5 276.355 56.8705 56.9738
4 6 204.738 43.3458 43.4067
4 7 152.609 43.3115 43.3728
4 8 95.6816 25.3966 25.3405
4 9 52.1473 13.0808 13.0281
4 10 36.5703 9.31205 9.24698
4 11 20.4938 5.13118 5.00857
4 12 17.1999 4.71629 4.61978
4 13 10.1053 2.79453 2.6461
4 14 9.19049 2.41868 2.28828
4 15 23.5112 9.95501 9.83698
5 0 0 0.152266 0
5 1 2.45408 1.74012 1.55435
5 2 110.845 66.4649 66.5505
5 3 943.721 583.962 585.459
5 4 2049.34 1165.8 1168.13
5 5 2869.61 1507.67 1509.92
5 6 3285.54 1747.16 1749.42
5 7 3291.16 1839.54 1842.08
5 8 2957.98 1687.09 1689.76
5 9 2463.38 1418.91 1421.51
5 10 1955.1 1086.76 1088.95
5 11 1538.13 852.901 854.794
5 12 1110.31 597.764 599.199
5 13 777.799 381.801 382.759
5 14 568.242 298.286 299.043
5 15 1310.89 729.057 730.755
6 0 3.9873 1.55744 1.4166
6 1 15.8921 12.0941 12.0128
6 2 829.793 396.45 397.432
6 3 1702.77 775.966 777.488
6 4 1995.4 900.986 902.574
6 5 1959.29 868.962 870.528
6 6 1899.38 950.332 952.173
6 7 1646.42 817.08 818.76
6 8 1315.86 578.781 580.031
6 9 1092.41 549.497 550.803
6 10 849.096 444.41 445.529
6 11 650.588 361.631 362.57
6 12 468.466 254.583 255.229
6 13 329.564 160.723 161.096
6 14 226.739 102.135 102.335
6 15 498.961 239.829 240.453
