660 0
1 0 3008.77 1055.43 1056.09
1 1 0 0.133719 0
2 0 6492.61 2288.54 2283.94
2 1 0 0.133719 0
3 0 3109.18 7189.55 7208.35
3 1 0 0.133719 0
4 0 4244.59 9657.25 9681.17
4 1 0 0.133719 0
5 0 0 0.133719 0
5 1 217.942 75.7652 75.8931
5 2 1275.05 426.686 427.502
5 3 1775.85 575.672 576.54
5 4 1854.64 570.484 571.262
5 5 1357.64 397.053 397.738
5 6 1000.62 285.691 286.26
5 7 646.193 179.955 180.361
5 8 423.142 119.947 120.225
5 9 262.061 73.7281 73.8547
5 10 178.09 46.1256 46.1675
5 11 113.439 29.0406 29.0509
5 12 81.8436 21.409 21.3593
5 13 56.4379 15.0727 15.0073
5 14 37.3432 9.13523 9.04272
5 15 72.7864 16.5507 16.5235
6 0 0.0379363 0.0450328 0.00143917
6 1 193.956 54.2407 54.3459
6 2 1230.19 349.353 349.973
6 3 1320.65 362.273 362.871
6 4 1071.18 292.183 292.733
6 5 741.381 199.032 199.465
6 6 479.655 126.599 126.889
6 7 299.144 84.5372 84.7256
6 8 180.548 48.3891 48.4379
6 9 91.3891 23.3457 23.3349
6 10 61.9459 15.6973 15.6607
6 11 36.9819 9.25284 9.16389
6 12 27.5687 7.32597 7.25859
6 13 18.0625 4.56125 4.44174
6 14 11.7266 2.94737 2.83464
6 15 24.9828 4.81049 4.69975
7 0 0 0.133719 0
7 1 2.45408 1.71862 1.55435
7 2 111.561 66.6417 66.7443
7 3 966.202 590.639 592.129
7 4 2099.2 1178.35 1180.66
7 5 2942.31 1520.33 1522.51
7 6 3375 1752.99 1755.07
7 7 3380.49 1834.62 1836.98
7 8 3019.09 1669.13 1671.62
7 9 2525.94 1396.88 1399.29
7 10 1994.45 1059.72 1061.78
7 11 1589.73 833.746 835.537
7 12 1130.73 575.377 576.738
7 13 788.043 361.835 362.727
7 14 565.761 278.934 279.64
7 15 1327.05 686.637 688.196
8 0 3.94937 1.53533 1.41516
8 1 16.187 12.1666 12.1062
8 2 845.768 401.987 402.98
8 3 1752.59 792.187 793.706
8 4 2078.1 922.881 924.461
8 5 2051.65 888.657 890.145
8 6 1977.51 959.542 961.329
8 7 1719.05 819.584 821.244
8 8 1363.65 572.57 573.76
8 9 1130.03 540.653 541.921
8 10 873.071 434.2 435.279
8 11 656.267 348.514 349.419
8 12 488.827 248.384 249.017
8 13 337.636 153.512 153.884
8 14 225.603 94.4767 94.6714
8 15 506.589 222.785 223.359
