1.38 0
1 0 37.3503 6.35289 6.22793
1 1 0.000473022 0.00959108 2.2375e-07
2 0 126.442 26.7595 26.7697
2 1 0 0.152266 0
3 0 0 0.152266 0
3 1 6.03637 1.29902 1.15608
3 2 112.999 23.9123 23.9008
3 3 282.762 67.7023 67.8359
3 4 388.448 76.1352 76.2846
3 5 341.555 62.7614 62.8712
3 6 310.065 63.6695 63.7881
3 7 226.866 48.4193 48.4887
3 8 166.877 42.161 42.2059
3 9 123.663 32.9112 32.8923
3 10 97.098 23.0725 23.0109
3 11 64.0838 15.8476 15.7972
3 12 54.8219 14.3466 14.2505
3 13 38.3345 10.2197 10.1174
3 14 24.3027 6.29445 6.16508
3 15 53.2192 14.369 14.3287
4 0 0.0392854 0.0506553 0.00154334
4 1 135.682 34.9459 34.9796
4 2 653.991 156.114 156.444
4 3 627.772 133.637 133.91
4 4 447.01 95.452 95.6461
4 5 276.46 56.8704 56.9739
4 6 204.795 43.3456 43.4068
4 7 152.64 43.3119 43.3728
4 8 95.6966 25.3968 25.3405
4 9 52.1541 13.0807 13.0282
4 10 36.5739 9.31203 9.24699
4 11 20.4966 5.13121 5.00857
4 12 17.2013 4.71628 4.61978
4 13 10.106 2.79453 2.6461
4 14 9.19086 2.41868 2.28828
4 15 23.5114 9.95501 9.83698
5 0 0 0.152266 0
5 1 2.45408 1.74012 1.55435
5 2 110.845 66.4649 66.5505
5 3 943.725 583.962 585.459
5 4 2049.35 1165.8 1168.13
5 5 2869.63 1507.67 1509.92
5 6 3285.56 1747.16 1749.42
5 7 3291.18 1839.54 1842.08
5 8 2957.99 1687.09 1689.76
5 9 2463.39 1418.91 1421.51
5 10 1955.11 1086.76 1088.95
5 11 1538.14 852.901 854.794
5 12 1110.31 597.764 599.199
5 13 777.802 381.801 382.759
5 14 568.244 298.286 299.043
5 15 1310.89 729.057 730.755
6 0 3.9873 1.55744 1.4166
6 1 15.8921 12.0941 12.0128
6 2 829.796 396.45 397.432
6 3 1702.77 775.966 777.488
6 4 1995.42 900.986 902.574
6 5 1959.31 868.962 870.528
6 6 1899.4 950.332 952.173
6 7 1646.43 817.055 818.76
6 8 1315.87 578.781 580.032
6 9 1092.42 549.497 550.803
6 10 849.101 444.41 445.529
6 11 650.59 361.631 362.57
6 12 468.468 254.583 255.229
6 13 329.565 160.723 161.096
6 14 226.74 102.135 102.335
6 15 498.962 239.829 240.453
