1.41 0
1 0 37.4499 6.35297 6.22804
1 1 0.000483305 0.00959141 2.33584e-07
2 0 126.719 26.76 26.77
2 1 0 0.152266 0
3 0 0 0.152266 0
3 1 6.03674 1.29902 1.15608
3 2 113.012 23.9124 23.9009
3 3 282.796 67.7015 67.836
3 4 388.491 76.1356 76.2846
3 5 341.589 62.7617 62.8713
3 6 310.09 63.6698 63.7881
3 7 226.882 48.4186 48.4887
3 8 166.887 42.1611 42.2059
3 9 123.669 32.9113 32.8923
3 10 97.1019 23.0726 23.0109
3 11 64.0858 15.8476 15.7972
3 12 54.8235 14.3466 14.2505
3 13 38.3356 10.2197 10.1174
3 14 24.3031 6.29446 6.16508
3 15 53.2201 14.369 14.3287
4 0 0.0392854 0.0506553 0.00154334
4 1 135.694 34.946 34.9796
4 2 654.056 156.114 156.444
4 3 627.834 133.638 133.91
4 4 447.055 95.4524 95.6461
4 5 276.487 56.8706 56.974
4 6 204.81 43.3458 43.4068
4 7 152.648 43.312 43.3729
4 8 95.7003 25.3968 25.3405
4 9 52.1558 13.0807 13.0282
4 10 36.5748 9.31204 9.24699
4 11 20.4973 5.13119 5.00857
4 12 17.2017 4.71628 4.61978
4 13 10.1062 2.79453 2.6461
4 14 9.19095 2.41868 2.28828
4 15 23.5114 9.95502 9.83698
5 0 0 0.152266 0
5 1 2.45408 1.74012 1.55435
5 2 110.845 66.4649 66.5505
5 3 943.726 583.963 585.459
5 4 2049.35 1165.8 1168.13
5 5 2869.63 1507.67 1509.92
5 6 3285.56 1747.16 1749.42
5 7 3291.18 1839.54 1842.08
5 8 2957.99 1687.09 1689.76
5 9 2463.4 1418.91 1421.51
5 10 1955.11 1086.76 1088.95
5 11 1538.14 852.901 854.794
5 12 1110.31 597.764 599.199
5 13 777.802 381.801 382.759
5 14 568.244 298.286 299.043
5 15 1310.89 729.057 730.755
6 0 3.9873 1.55744 1.4166
6 1 15.8921 12.0941 12.0128
6 2 829.797 396.45 397.432
6 3 1702.78 775.966 777.488
6 4 1995.42 900.986 902.574
6 5 1959.31 868.962 870.528
6 6 1899.4 950.333 952.173
6 7 1646.44 817.055 818.76
6 8 1315.87 578.781 580.032
6 9 1092.42 549.498 550.803
6 10 849.102 444.41 445.529
6 11 650.591 361.631 362.57
6 12 468.469 254.583 255.229
6 13 329.566 160.723 161.096
6 14 226.74 102.135 102.335
6 15 498.962 239.829 240.453
