765 0
1 0 3480.71 1415.59 1416.5
1 1 0 0.133719 0
2 0 7506.58 3066.97 3060.77
2 1 0 0.133719 0
3 0 3599.78 9655.68 9680.99
3 1 0 0.133719 0
4 0 4896.94 12951.2 12983.2
4 1 0 0.133719 0
5 0 0 0.133719 0
5 1 251.59 101.356 101.56
5 2 1453.38 563.268 564.358
5 3 1997.36 745.09 746.203
5 4 2069.41 734.401 735.423
5 5 1502.1 507.192 508.091
5 6 1097.59 359.509 360.253
5 7 704.586 224.578 225.101
5 8 456.695 145.529 145.876
5 9 281.903 88.7785 88.9513
5 10 191.104 55.9322 56.0045
5 11 120.571 34.4222 34.4492
5 12 86.8491 25.2882 25.2509
5 13 59.8806 17.7012 17.6442
5 14 38.5618 10.0191 9.92937
5 15 75.5154 18.5037 18.4828
6 0 0.0379363 0.0450328 0.00143917
6 1 202.986 61.0717 61.1965
6 2 1320.31 418.598 419.37
6 3 1428.61 445.007 445.779
6 4 1158.85 359.148 359.852
6 5 804.246 246.971 247.519
6 6 517.719 155.785 156.155
6 7 321.831 101.623 101.86
6 8 194.151 58.8153 58.8958
6 9 96.9987 27.5879 27.59
6 10 65.5921 18.4666 18.4389
6 11 39.1929 10.8882 10.8044
6 12 29.1229 8.46727 8.40339
6 13 19.246 5.483 5.36607
6 14 12.1163 3.24798 3.1359
6 15 25.4432 5.17423 5.06458
7 0 0 0.133719 0
7 1 2.45408 1.71862 1.55435
7 2 111.659 66.7073 66.8098
7 3 969.203 592.939 594.432
7 4 2106.95 1184.28 1186.59
7 5 2953.85 1529.11 1531.3
7 6 3388.31 1763.18 1765.34
7 7 3392.27 1843.53 1845.9
7 8 3030.34 1677.62 1680.12
7 9 2535.18 1403.83 1406.29
7 10 2000.85 1064.52 1066.59
7 11 1595.15 837.976 839.771
7 12 1135.4 578.961 580.321
7 13 790.557 363.71 364.614
7 14 567.08 279.934 280.642
7 15 1330.04 688.913 690.479
8 0 3.94937 1.53533 1.41516
8 1 16.2361 12.1992 12.1389
8 2 848.531 404.132 405.129
8 3 1760.39 798.3 799.838
8 4 2091.08 932.74 934.336
8 5 2065.64 899.26 900.766
8 6 1990.6 969.438 971.251
8 7 1729.58 827.632 829.267
8 8 1370.47 577.734 578.941
8 9 1135.71 544.921 546.189
8 10 876.733 436.902 437.988
8 11 658.279 350.019 350.929
8 12 490.58 249.658 250.293
8 13 338.727 154.33 154.703
8 14 225.966 94.7357 94.9315
8 15 507.651 223.56 224.137
