810 0
1 0 3682.97 1586.17 1587.21
1 1 0 0.133719 0
2 0 7941.14 3435.84 3428.75
2 1 0 0.133719 0
3 0 3810.04 10823.9 10852.2
3 1 0 0.133719 0
4 0 5176.51 14511.6 14547.3
4 1 0 0.133719 0
5 0 0 0.133719 0
5 1 266.01 113.477 113.718
5 2 1529.8 627.946 629.184
5 3 2092.29 825.298 826.57
5 4 2161.45 812.047 813.183
5 5 1564.01 559.366 560.363
5 6 1139.15 394.49 395.302
5 7 729.612 245.72 246.293
5 8 471.075 157.645 158.027
5 9 290.407 95.9083 96.1023
5 10 196.682 60.5771 60.6641
5 11 123.628 36.9715 37.0062
5 12 88.9944 27.1258 27.0943
5 13 61.356 18.9463 18.8933
5 14 39.0841 10.4377 10.3494
5 15 76.685 19.429 19.4108
6 0 0.0379363 0.0450328 0.00143917
6 1 206.856 64.3066 64.4416
6 2 1358.94 451.41 452.243
6 3 1474.88 484.208 485.052
6 4 1196.42 390.872 391.646
6 5 831.188 269.675 270.281
6 6 534.032 169.614 170.018
6 7 331.553 109.715 109.976
6 8 199.981 63.7533 63.8495
6 9 99.4028 29.5971 29.6056
6 10 67.1548 19.7783 19.7548
6 11 40.1405 11.6629 11.5816
6 12 29.789 9.00781 8.94567
6 13 19.7532 5.91958 5.80391
6 14 12.2833 3.39037 3.2786
6 15 25.6405 5.34653 5.23739
7 0 0 0.133719 0
7 1 2.45408 1.71862 1.55435
7 2 111.701 66.7381 66.8408
7 3 970.49 594.012 595.523
7 4 2110.28 1187.06 1189.39
7 5 2958.8 1533.28 1535.46
7 6 3394.02 1768.06 1770.21
7 7 3397.31 1847.7 1850.13
7 8 3035.16 1681.67 1684.14
7 9 2539.14 1407.16 1409.6
7 10 2003.59 1066.78 1068.87
7 11 1597.48 839.986 841.776
7 12 1137.4 580.648 582.019
7 13 791.635 364.603 365.507
7 14 567.645 280.408 281.116
7 15 1331.32 689.997 691.56
8 0 3.94937 1.53533 1.41516
8 1 16.2572 12.2147 12.1544
8 2 849.716 405.15 406.148
8 3 1763.73 801.202 802.743
8 4 2096.64 937.415 939.013
8 5 2071.64 904.254 905.796
8 6 1996.22 974.144 975.95
8 7 1734.1 831.409 833.067
8 8 1373.4 580.184 581.396
8 9 1138.15 546.931 548.212
8 10 878.303 438.178 439.272
8 11 659.142 350.73 351.644
8 12 491.331 250.255 250.897
8 13 339.194 154.718 155.091
8 14 226.122 94.8586 95.0546
8 15 508.106 223.928 224.506
