825 0
1 0 3750.39 1645.19 1646.29
1 1 0 0.133719 0
2 0 8085.99 3563.41 3556.08
2 1 0 0.133719 0
3 0 3880.12 11228.1 11257.5
3 1 0 0.133719 0
4 0 5269.71 15051.3 15088.6
4 1 0 0.133719 0
5 0 0 0.133719 0
5 1 270.817 117.671 117.925
5 2 1555.28 650.327 651.616
5 3 2123.94 853.041 854.38
5 4 2192.13 838.906 840.09
5 5 1584.65 577.415 578.451
5 6 1153 406.591 407.431
5 7 737.954 253.033 253.627
5 8 475.869 161.838 162.231
5 9 293.241 98.3758 98.5768
5 10 198.541 62.1852 62.2765
5 11 124.647 37.8533 37.891
5 12 89.7094 27.7618 27.7322
5 13 61.8478 19.3772 19.3255
5 14 39.2582 10.5826 10.4947
5 15 77.0749 19.749 19.732
6 0 0.0379363 0.0450328 0.00143917
6 1 208.146 65.4259 65.5645
6 2 1371.81 462.753 463.618
6 3 1490.3 497.755 498.641
6 4 1208.95 401.858 402.647
6 5 840.168 277.536 278.157
6 6 539.469 174.398 174.815
6 7 334.794 112.516 112.784
6 8 201.924 65.4631 65.5637
6 9 100.204 30.2923 30.3031
6 10 67.6757 20.2323 20.2102
6 11 40.4564 11.931 11.8505
6 12 30.011 9.19492 9.13331
6 13 19.9223 6.07068 5.95542
6 14 12.339 3.43962 3.32798
6 15 25.7063 5.4062 5.29719
7 0 0 0.133719 0
7 1 2.45408 1.71862 1.55435
7 2 111.715 66.7489 66.8515
7 3 970.919 594.392 595.901
7 4 2111.39 1188.03 1190.36
7 5 2960.45 1534.73 1536.9
7 6 3395.92 1769.75 1771.89
7 7 3399 1849.17 1851.59
7 8 3036.76 1683.06 1685.53
7 9 2540.46 1408.31 1410.74
7 10 2004.51 1067.57 1069.66
7 11 1598.25 840.658 842.471
7 12 1138.06 581.221 582.607
7 13 791.994 364.912 365.816
7 14 567.833 280.573 281.281
7 15 1331.75 690.371 691.934
8 0 3.94937 1.53533 1.41516
8 1 16.2642 12.22 12.1598
8 2 850.11 405.502 406.5
8 3 1764.84 802.205 803.748
8 4 2098.49 939.032 940.632
8 5 2073.64 905.992 907.537
8 6 1998.09 975.771 977.576
8 7 1735.61 832.724 834.383
8 8 1374.37 581.031 582.245
8 9 1138.96 547.631 548.911
8 10 878.826 438.622 439.716
8 11 659.429 350.978 351.892
8 12 491.581 250.464 251.106
8 13 339.35 154.852 155.226
8 14 226.173 94.8999 95.0973
8 15 508.258 224.055 224.633
