1.68 0
1 0 38.3458 6.35385 6.22912
1 1 0.000575853 0.00960229 3.31607e-07
2 0 129.21 26.7637 26.774
2 1 0 0.152266 0
3 0 0 0.152266 0
3 1 6.04007 1.29902 1.15609
3 2 113.127 23.9123 23.901
3 3 283.104 67.7023 67.8365
3 4 388.883 76.1357 76.2853
3 5 341.891 62.7615 62.8718
3 6 310.312 63.6693 63.7885
3 7 227.023 48.4191 48.489
3 8 166.976 42.1609 42.2061
3 9 123.719 32.9115 32.8924
3 10 97.1366 23.0727 23.011
3 11 64.1036 15.8477 15.7972
3 12 54.8372 14.3466 14.2505
3 13 38.3461 10.2197 10.1174
3 14 24.3064 6.29445 6.16508
3 15 53.2279 14.369 14.3287
4 0 0.0392854 0.0506553 0.00154334
4 1 135.802 34.9464 34.9798
4 2 654.644 156.113 156.445
4 3 628.387 133.639 133.911
4 4 447.453 95.4518 95.6468
4 5 276.724 56.8707 56.9744
4 6 204.939 43.3463 43.407
4 7 152.718 43.3118 43.373
4 8 95.7338 25.3967 25.3406
4 9 52.1711 13.0808 13.0282
4 10 36.5829 9.31205 9.247
4 11 20.5036 5.13122 5.00858
4 12 17.2048 4.71629 4.61979
4 13 10.1078 2.79454 2.64611
4 14 9.19177 2.41869 2.28828
4 15 23.5119 9.95502 9.83698
5 0 0 0.152266 0
5 1 2.45408 1.74012 1.55435
5 2 110.845 66.4649 66.5505
5 3 943.734 583.963 585.459
5 4 2049.37 1165.8 1168.13
5 5 2869.66 1507.67 1509.92
5 6 3285.6 1747.16 1749.42
5 7 3291.21 1839.54 1842.08
5 8 2958.02 1687.09 1689.76
5 9 2463.42 1418.91 1421.51
5 10 1955.13 1086.76 1088.95
5 11 1538.16 852.901 854.794
5 12 1110.33 597.765 599.199
5 13 777.809 381.801 382.759
5 14 568.247 298.286 299.043
5 15 1310.9 729.057 730.755
6 0 3.9873 1.55744 1.4166
6 1 15.8923 12.0941 12.0128
6 2 829.804 396.45 397.432
6 3 1702.8 775.966 777.488
6 4 1995.46 900.987 902.574
6 5 1959.35 868.963 870.528
6 6 1899.44 950.333 952.173
6 7 1646.46 817.056 818.76
6 8 1315.89 578.781 580.032
6 9 1092.43 549.498 550.803
6 10 849.111 444.41 445.529
6 11 650.596 361.631 362.57
6 12 468.473 254.583 255.229
6 13 329.569 160.723 161.096
6 14 226.741 102.135 102.335
6 15 498.965 239.829 240.453
