1.77 0
1 0 38.6445 6.35418 6.22953
1 1 0.000606703 0.00960994 3.68088e-07
2 0 130.041 26.765 26.7754
2 1 0 0.152266 0
3 0 0 0.152266 0
3 1 6.04117 1.29902 1.15609
3 2 113.165 23.9127 23.9011
3 3 283.207 67.7034 67.8367
3 4 389.013 76.1351 76.2855
3 5 341.992 62.7624 62.872
3 6 310.386 63.67 63.7887
3 7 227.07 48.4196 48.4891
3 8 167.005 42.1613 42.2061
3 9 123.736 32.9113 32.8924
3 10 97.1482 23.0725 23.011
3 11 64.1096 15.8476 15.7972
3 12 54.8418 14.3466 14.2505
3 13 38.3495 10.2197 10.1174
3 14 24.3075 6.29443 6.16509
3 15 53.2305 14.369 14.3287
4 0 0.0392854 0.0506553 0.00154334
4 1 135.838 34.9459 34.9798
4 2 654.84 156.115 156.446
4 3 628.571 133.641 133.912
4 4 447.586 95.4531 95.647
4 5 276.803 56.8714 56.9745
4 6 204.981 43.346 43.4071
4 7 152.741 43.3121 43.373
4 8 95.745 25.3968 25.3406
4 9 52.1762 13.0808 13.0282
4 10 36.5856 9.31208 9.24701
4 11 20.5057 5.13118 5.00859
4 12 17.2058 4.71628 4.61979
4 13 10.1083 2.79455 2.64611
4 14 9.19205 2.41869 2.28828
4 15 23.512 9.95502 9.83698
5 0 0 0.152266 0
5 1 2.45408 1.74012 1.55435
5 2 110.846 66.4649 66.5505
5 3 943.736 583.963 585.459
5 4 2049.38 1165.8 1168.13
5 5 2869.67 1507.67 1509.92
5 6 3285.61 1747.16 1749.42
5 7 3291.22 1839.54 1842.08
5 8 2958.03 1687.09 1689.76
5 9 2463.43 1418.91 1421.51
5 10 1955.13 1086.76 1088.95
5 11 1538.16 852.901 854.794
5 12 1110.33 597.765 599.199
5 13 777.811 381.801 382.759
5 14 568.249 298.286 299.043
5 15 1310.9 729.057 730.755
6 0 3.9873 1.55744 1.4166
6 1 15.8923 12.0941 12.0128
6 2 829.806 396.45 397.432
6 3 1702.8 775.966 777.488
6 4 1995.47 900.987 902.574
6 5 1959.36 868.963 870.528
6 6 1899.45 950.334 952.174
6 7 1646.47 817.056 818.76
6 8 1315.89 578.781 580.032
6 9 1092.44 549.498 550.803
6 10 849.114 444.41 445.529
6 11 650.598 361.631 362.57
6 12 468.475 254.583 255.229
6 13 329.569 160.723 161.096
6 14 226.741 102.135 102.335
6 15 498.966 239.829 240.453
