90 0
1 0 446.834 26.3966 26.3703
1 1 0 0.133719 0
2 0 988.198 64.4841 64.4027
2 1 0 0.133719 0
3 0 445.905 143.373 143.69
3 1 0 0.133719 0
4 0 703.283 246.191 246.761
4 1 0 0.133719 0
5 0 0 0.133719 0
5 1 35.2827 2.67221 2.55867
5 2 306.993 36.4434 36.4866
5 3 573.336 91.6213 91.7868
5 4 688.774 102.071 102.232
5 5 573.418 82.3074 82.4434
5 6 474.203 74.7151 74.8507
5 7 329.199 52.4473 52.5342
5 8 240.994 46.8627 46.9357
5 9 154.349 30.7288 30.7215
5 10 107.44 18.111 18.0617
5 11 74.7236 13.6679 13.6275
5 12 54.6707 10.3278 10.2403
5 13 37.7493 7.56431 7.47323
5 14 30.728 6.61069 6.50945
5 15 57.9717 10.9715 10.9257
6 0 0.0379363 0.0450328 0.00143917
6 1 144.936 34.7275 34.7725
6 2 740.955 151.401 151.694
6 3 734.57 125.77 125.989
6 4 595.275 100.776 100.965
6 5 400.115 62.0578 62.1698
6 6 273.026 43.2087 43.2733
6 7 175.99 35.7262 35.7707
6 8 106.704 18.6065 18.5581
6 9 60.9372 11.2287 11.1774
6 10 42.1518 7.78627 7.72321
6 11 24.9792 4.58144 4.47658
6 12 19.1316 4.06611 3.98773
6 13 11.6377 1.9276 1.80079
6 14 9.61096 2.08879 1.9739
6 15 22.4836 3.77146 3.65739
7 0 0 0.133719 0
7 1 2.45408 1.71862 1.55435
7 2 111.027 66.4557 66.5573
7 3 949.907 584.055 585.549
7 4 2057.07 1161.44 1163.75
7 5 2879.65 1495.19 1497.41
7 6 3302.73 1723.51 1725.72
7 7 3316.55 1809.13 1811.5
7 8 2958.05 1644.83 1647.36
7 9 2475.78 1376.89 1379.32
7 10 1959.73 1045.97 1048.05
7 11 1560.28 821.65 823.44
7 12 1105.42 565.159 566.498
7 13 774.395 356.45 357.337
7 14 558.603 276.076 276.777
7 15 1310.81 680.124 681.675
8 0 3.94937 1.53533 1.41516
8 1 15.9204 12.0736 12.0127
8 2 830.767 395.858 396.838
8 3 1710.28 774.681 776.185
8 4 2007.66 894.65 896.247
8 5 1975.71 858.287 859.801
8 6 1906.41 931.194 932.983
8 7 1661.83 796.714 798.321
8 8 1326.58 557.786 558.957
8 9 1099.21 528.476 529.724
8 10 853.192 426.474 427.537
8 11 645.342 344.209 345.106
8 12 479.312 244.748 245.372
8 13 331.715 151.179 151.543
8 14 223.631 93.7351 93.9284
8 15 500.824 220.567 221.135
