1.83 0
1 0 38.8436 6.35437 6.22981
1 1 0.000627269 0.00961638 3.93466e-07
2 0 130.594 26.7659 26.7765
2 1 0 0.152266 0
3 0 0 0.152266 0
3 1 6.04191 1.29902 1.15609
3 2 113.191 23.9127 23.9012
3 3 283.275 67.703 67.8368
3 4 389.1 76.1359 76.2857
3 5 342.059 62.763 62.8721
3 6 310.436 63.6705 63.7887
3 7 227.101 48.4191 48.4891
3 8 167.025 42.1615 42.2062
3 9 123.747 32.9114 32.8925
3 10 97.1559 23.0726 23.011
3 11 64.1135 15.8477 15.7972
3 12 54.8448 14.3466 14.2505
3 13 38.3519 10.2198 10.1175
3 14 24.3082 6.29444 6.16509
3 15 53.2322 14.3691 14.3287
4 0 0.0392854 0.0506553 0.00154334
4 1 135.862 34.9462 34.9799
4 2 654.971 156.116 156.446
4 3 628.694 133.642 133.912
4 4 447.675 95.454 95.6472
4 5 276.856 56.8719 56.9746
4 6 205.01 43.3463 43.4072
4 7 152.756 43.3117 43.3731
4 8 95.7524 25.3969 25.3406
4 9 52.1796 13.0808 13.0282
4 10 36.5874 9.3121 9.24701
4 11 20.5071 5.13119 5.00859
4 12 17.2065 4.71628 4.61979
4 13 10.1087 2.79454 2.64611
4 14 9.19223 2.41869 2.28828
4 15 23.5121 9.95503 9.83698
5 0 0 0.152266 0
5 1 2.45408 1.74012 1.55435
5 2 110.846 66.4649 66.5505
5 3 943.738 583.963 585.459
5 4 2049.38 1165.8 1168.13
5 5 2869.68 1507.67 1509.92
5 6 3285.62 1747.16 1749.42
5 7 3291.23 1839.54 1842.08
5 8 2958.04 1687.09 1689.76
5 9 2463.43 1418.91 1421.51
5 10 1955.14 1086.76 1088.95
5 11 1538.16 852.901 854.794
5 12 1110.33 597.765 599.199
5 13 777.812 381.801 382.759
5 14 568.249 298.286 299.043
5 15 1310.9 729.057 730.755
6 0 3.9873 1.55744 1.4166
6 1 15.8923 12.0941 12.0128
6 2 829.808 396.45 397.432
6 3 1702.81 775.966 777.488
6 4 1995.48 900.987 902.574
6 5 1959.37 868.963 870.528
6 6 1899.46 950.334 952.174
6 7 1646.48 817.056 818.76
6 8 1315.9 578.781 580.032
6 9 1092.44 549.498 550.803
6 10 849.116 444.41 445.529
6 11 650.599 361.631 362.57
6 12 468.476 254.583 255.229
6 13 329.57 160.723 161.096
6 14 226.741 102.135 102.335
6 15 498.967 239.829 240.453
