930 0
1 0 4222.32 2088.77 2090.15
1 1 0 0.133719 0
2 0 9099.96 4521.88 4512.81
2 1 0 0.133719 0
3 0 4370.72 14265.5 14302.8
3 1 0 0.133719 0
4 0 5922.05 19108 19155.3
4 1 0 0.133719 0
5 0 0 0.133719 0
5 1 304.465 149.189 149.536
5 2 1733.6 818.55 820.165
5 3 2345.45 1061.65 1063.33
5 4 2406.9 1040.74 1042.27
5 5 1729.11 713.049 714.36
5 6 1249.97 497.516 498.559
5 7 796.348 307.996 308.727
5 8 509.422 193.344 193.823
5 9 313.083 116.914 117.169
5 10 211.555 74.2635 74.3915
5 11 131.778 44.4817 44.5393
5 12 94.715 32.5397 32.5251
5 13 65.2905 22.6146 22.5731
5 14 40.4768 11.6712 11.5867
5 15 79.8039 22.1546 22.1449
6 0 0.0379363 0.0450328 0.00143917
6 1 217.176 73.838 74.0016
6 2 1461.93 548.039 549.086
6 3 1598.26 599.644 600.75
6 4 1296.61 484.33 485.309
6 5 903.033 336.566 337.339
6 6 577.532 210.341 210.858
6 7 357.481 133.559 133.887
6 8 215.527 78.3039 78.4434
6 9 105.814 35.5167 35.5436
6 10 71.322 23.6431 23.6317
6 11 42.6674 13.9451 13.8709
6 12 31.5652 10.6005 10.5432
6 13 21.1058 7.20582 7.09381
6 14 12.7287 3.80983 3.699
6 15 26.1667 5.85417 5.7465
7 0 0 0.133719 0
7 1 2.45408 1.71862 1.55435
7 2 111.813 66.8294 66.9321
7 3 973.92 597.213 598.737
7 4 2119.15 1195.3 1197.65
7 5 2971.99 1545.56 1547.72
7 6 3409.23 1782.41 1784.54
7 7 3410.78 1860.18 1862.57
7 8 3048.01 1693.48 1695.99
7 9 2549.7 1416.93 1419.35
7 10 2010.9 1073.46 1075.58
7 11 1603.67 845.846 847.685
7 12 1142.72 585.632 587.02
7 13 794.508 367.237 368.14
7 14 569.152 281.804 282.514
7 15 1334.74 693.163 694.745
8 0 3.94937 1.53533 1.41516
8 1 16.3133 12.2602 12.2001
8 2 852.874 408.142 409.148
8 3 1772.64 809.734 811.301
8 4 2111.46 951.163 952.793
8 5 2087.63 919.064 920.617
8 6 2011.18 987.98 989.795
8 7 1746.15 842.59 844.263
8 8 1381.2 587.386 588.626
8 9 1144.64 552.88 554.169
8 10 882.488 441.957 443.053
8 11 661.441 352.831 353.751
8 12 493.334 252.031 252.677
8 13 340.441 155.856 156.235
8 14 226.537 95.22 95.4175
8 15 509.32 225.011 225.592
