945 0
1 0 4289.74 2156.46 2157.9
1 1 0 0.133719 0
2 0 9244.81 4668.17 4658.83
2 1 0 0.133719 0
3 0 4440.81 14729.3 14767.5
3 1 0 0.133719 0
4 0 6015.24 19727.3 19776
4 1 0 0.133719 0
5 0 0 0.133719 0
5 1 309.272 153.997 154.361
5 2 1759.08 844.221 845.89
5 3 2377.1 1093.47 1095.23
5 4 2437.58 1071.59 1073.12
5 5 1749.75 733.754 735.103
5 6 1263.82 511.383 512.468
5 7 804.69 316.384 317.137
5 8 514.216 198.152 198.645
5 9 315.917 119.744 120.007
5 10 213.415 76.107 76.2406
5 11 132.797 45.4933 45.554
5 12 95.43 33.2687 33.2566
5 13 65.7823 23.1088 23.0688
5 14 40.6508 11.8373 11.7533
5 15 80.1937 22.5215 22.5132
6 0 0.0379363 0.0450328 0.00143917
6 1 218.466 75.1217 75.2893
6 2 1474.81 561.063 562.131
6 3 1613.68 615.202 616.334
6 4 1309.14 496.916 497.926
6 5 912.014 345.576 346.371
6 6 582.97 215.828 216.359
6 7 360.722 136.768 137.107
6 8 217.471 80.263 80.4092
6 9 106.615 36.3138 36.3434
6 10 71.8429 24.1638 24.1539
6 11 42.9832 14.2526 14.1793
6 12 31.7872 10.815 10.7584
6 13 21.2749 7.37905 7.26755
6 14 12.7844 3.86633 3.75563
6 15 26.2324 5.92254 5.81507
7 0 0 0.133719 0
7 1 2.45408 1.71862 1.55435
7 2 111.827 66.8418 66.9445
7 3 974.349 597.646 599.17
7 4 2120.26 1196.42 1198.77
7 5 2973.64 1547.21 1549.38
7 6 3411.13 1784.34 1786.47
7 7 3412.46 1861.86 1864.25
7 8 3049.62 1695.02 1697.58
7 9 2551.02 1418.25 1420.67
7 10 2011.81 1074.36 1076.48
7 11 1604.45 846.641 848.481
7 12 1143.39 586.304 587.694
7 13 794.867 367.59 368.494
7 14 569.341 281.992 282.703
7 15 1335.17 693.591 695.174
8 0 3.94937 1.53533 1.41516
8 1 16.3203 12.2663 12.2063
8 2 853.268 408.545 409.552
8 3 1773.75 810.882 812.454
8 4 2113.32 953.012 954.65
8 5 2089.62 921.086 922.613
8 6 2013.06 989.841 991.66
8 7 1747.65 844.094 845.771
8 8 1382.18 588.373 589.6
8 9 1145.45 553.681 554.971
8 10 883.011 442.465 443.562
8 11 661.729 353.115 354.035
8 12 493.585 252.27 252.917
8 13 340.596 156.009 156.389
8 14 226.589 95.2686 95.4664
8 15 509.471 225.156 225.738
