960 0
1 0 4357.16 2225.24 2226.73
1 1 0 0.133719 0
2 0 9389.67 4816.79 4807.19
2 1 0 0.133719 0
3 0 4510.9 15200.2 15239.8
3 1 0 0.133719 0
4 0 6108.44 20356.1 20406.6
4 1 0 0.133719 0
5 0 0 0.133719 0
5 1 314.079 158.886 159.263
5 2 1784.55 870.302 872.026
5 3 2408.74 1125.88 1127.63
5 4 2468.26 1102.85 1104.48
5 5 1770.38 754.767 756.178
5 6 1277.67 525.472 526.599
5 7 813.032 324.899 325.681
5 8 519.009 203.037 203.544
5 9 318.752 122.619 122.89
5 10 215.274 77.9801 78.1192
5 11 133.816 46.5212 46.585
5 12 96.1451 34.0097 33.9998
5 13 66.2741 23.6108 23.5724
5 14 40.8249 12.0061 11.9227
5 15 80.5836 22.8947 22.8873
6 0 0.0379363 0.0450328 0.00143917
6 1 219.756 76.426 76.5977
6 2 1487.68 574.277 575.384
6 3 1629.11 631.03 632.168
6 4 1321.66 509.705 510.744
6 5 920.995 354.73 355.548
6 6 588.408 221.4 221.948
6 7 363.963 140.031 140.38
6 8 219.414 82.2545 82.4064
6 9 107.416 37.1241 37.1561
6 10 72.3638 24.6928 24.6845
6 11 43.2991 14.5649 14.4926
6 12 32.0092 11.033 10.977
6 13 21.444 7.5551 7.44408
6 14 12.84 3.92373 3.81316
6 15 26.2982 5.99203 5.88475
7 0 0 0.133719 0
7 1 2.45408 1.71862 1.55435
7 2 111.841 66.8543 66.9569
7 3 974.778 598.087 599.61
7 4 2121.37 1197.55 1199.9
7 5 2975.29 1548.89 1551.05
7 6 3413.03 1786.3 1788.43
7 7 3414.14 1863.56 1865.95
7 8 3051.22 1696.64 1699.2
7 9 2552.34 1419.59 1422
7 10 2012.73 1075.28 1077.4
7 11 1605.22 847.448 849.289
7 12 1144.06 586.987 588.378
7 13 795.226 367.949 368.855
7 14 569.529 282.183 282.894
7 15 1335.59 694.026 695.609
8 0 3.94937 1.53533 1.41516
8 1 16.3273 12.2725 12.2125
8 2 853.663 408.954 409.962
8 3 1774.87 812.048 813.625
8 4 2115.17 954.89 956.535
8 5 2091.62 923.105 924.641
8 6 2014.93 991.731 993.555
8 7 1749.16 845.622 847.304
8 8 1383.15 589.357 590.589
8 9 1146.26 554.493 555.786
8 10 883.534 442.982 444.08
8 11 662.016 353.402 354.323
8 12 493.835 252.514 253.16
8 13 340.752 156.167 156.545
8 14 226.64 95.318 95.5161
8 15 509.623 225.304 225.887
