1020 0
1 0 4626.84 2511.27 2512.88
1 1 0 0.133719 0
2 0 9969.08 5434.7 5423.99
2 1 0 0.133719 0
3 0 4791.24 17158.1 17203
3 1 0 0.133719 0
4 0 6481.2 22971.8 23028.4
4 1 0 0.133719 0
5 0 0 0.133719 0
5 1 333.306 179.205 179.642
5 2 1886.45 978.74 980.687
5 3 2535.32 1260.34 1262.34
5 4 2590.98 1232.96 1234.82
5 5 1852.93 842.209 843.797
5 6 1333.09 584.099 585.348
5 7 846.399 360.335 361.203
5 8 538.182 223.344 223.91
5 9 330.09 134.569 134.877
5 10 222.711 85.7668 85.9297
5 11 137.891 50.7941 50.8711
5 12 99.0054 37.09 37.0897
5 13 68.2413 25.6979 25.6661
5 14 41.5213 12.708 12.6266
5 15 82.1431 24.4455 24.4429
6 0 0.0379363 0.0450328 0.00143917
6 1 224.916 81.8496 82.037
6 2 1539.18 629.253 630.485
6 3 1690.8 696.689 697.996
6 4 1371.76 562.875 564.035
6 5 956.917 392.791 393.702
6 6 610.158 244.574 245.184
6 7 376.926 153.596 153.984
6 8 227.187 90.5319 90.7098
6 9 110.622 40.4922 40.5346
6 10 74.4474 26.8917 26.8903
6 11 44.5625 15.8634 15.7952
6 12 32.8973 11.9391 11.886
6 13 22.1203 8.28687 8.17799
6 14 13.0627 4.16239 4.05236
6 15 26.5613 6.28086 6.17441
7 0 0 0.133719 0
7 1 2.45408 1.71862 1.55435
7 2 111.897 66.9054 67.0089
7 3 976.493 599.916 601.438
7 4 2125.8 1202.25 1204.6
7 5 2981.89 1555.85 1558.03
7 6 3420.64 1794.44 1796.59
7 7 3420.87 1870.64 1873.04
7 8 3057.65 1703.38 1705.95
7 9 2557.62 1425.13 1427.56
7 10 2016.38 1079.09 1081.22
7 11 1608.32 850.801 852.651
7 12 1146.72 589.823 591.224
7 13 796.663 369.44 370.352
7 14 570.282 282.975 283.69
7 15 1337.3 695.834 697.422
8 0 3.94937 1.53533 1.41516
8 1 16.3554 12.2984 12.2385
8 2 855.242 410.653 411.669
8 3 1779.32 816.944 818.494
8 4 2122.59 962.727 964.376
8 5 2099.62 931.496 933.074
8 6 2022.41 999.584 1001.43
8 7 1755.18 851.969 853.674
8 8 1387.05 593.464 594.703
8 9 1149.5 557.884 559.176
8 10 885.626 445.127 446.231
8 11 663.166 354.599 355.522
8 12 494.837 253.524 254.173
8 13 341.375 156.816 157.196
8 14 226.848 95.5243 95.7226
8 15 510.23 225.923 226.505
