105 0
1 0 514.254 33.4301 33.4158
1 1 0 0.133719 0
2 0 1133.05 79.7072 79.589
2 1 0 0.133719 0
3 0 515.991 191.58 192.027
3 1 0 0.133719 0
4 0 796.475 310.58 311.312
4 1 0 0.133719 0
5 0 0 0.133719 0
5 1 40.0896 3.17158 3.06043
5 2 332.468 39.1121 39.1619
5 3 604.981 94.9402 95.1035
5 4 719.455 105.281 105.441
5 5 594.055 84.4628 84.6007
5 6 488.056 76.1584 76.2972
5 7 337.541 53.3205 53.4088
5 8 245.787 47.3628 47.4372
5 9 157.183 31.0222 31.0166
5 10 109.299 18.3024 18.254
5 11 75.7424 13.7732 13.733
5 12 55.3858 10.4034 10.3164
5 13 38.2411 7.61564 7.52478
5 14 30.9021 6.62791 6.52678
5 15 58.3615 11.0098 10.964
6 0 0.0379363 0.0450328 0.00143917
6 1 146.226 34.8613 34.9064
6 2 753.83 152.76 153.051
6 3 749.993 127.396 127.61
6 4 607.799 102.09 102.277
6 5 409.095 62.9954 63.1092
6 6 278.464 43.7789 43.8454
6 7 179.231 36.0603 36.1056
6 8 108.647 18.8102 18.7626
6 9 61.7385 11.3116 11.2606
6 10 42.6727 7.84031 7.77752
6 11 25.2951 4.61336 4.50865
6 12 19.3537 4.08835 4.0101
6 13 11.8068 1.9456 1.81886
6 14 9.66664 2.09465 1.97979
6 15 22.5494 3.77857 3.66452
7 0 0 0.133719 0
7 1 2.45408 1.71862 1.55435
7 2 111.041 66.4573 66.5585
7 3 950.336 584.109 585.594
7 4 2058.18 1161.54 1163.86
7 5 2881.29 1495.4 1497.58
7 6 3304.63 1723.74 1725.92
7 7 3318.23 1809.27 1811.67
7 8 2959.65 1645.02 1647.53
7 9 2477.1 1377 1379.46
7 10 1960.65 1046.09 1048.14
7 11 1561.06 821.725 823.523
7 12 1106.08 565.213 566.568
7 13 774.754 356.485 357.374
7 14 558.791 276.099 276.797
7 15 1311.23 680.176 681.72
8 0 3.94937 1.53533 1.41516
8 1 15.9274 12.0743 12.0133
8 2 831.162 395.898 396.88
8 3 1711.39 774.819 776.305
8 4 2009.52 894.873 896.44
8 5 1977.7 858.525 860.009
8 6 1908.28 931.391 933.177
8 7 1663.34 796.848 798.478
8 8 1327.56 557.885 559.058
8 9 1100.02 528.573 529.807
8 10 853.715 426.526 427.59
8 11 645.63 344.244 345.135
8 12 479.562 244.77 245.397
8 13 331.871 151.195 151.559
8 14 223.683 93.7409 93.9335
8 15 500.976 220.584 221.15
