1050 0
1 0 4761.68 2660.6 2662.46
1 1 0 0.133719 0
2 0 10258.8 5757.69 5746.41
2 1 0 0.133719 0
3 0 4931.41 18181.5 18229.2
3 1 0 0.133719 0
4 0 6667.59 24338.4 24398.9
4 1 0 0.133719 0
5 0 0 0.133719 0
5 1 342.92 189.826 190.295
5 2 1937.4 1035.43 1037.49
5 3 2598.61 1330.66 1332.75
5 4 2652.34 1300.95 1302.95
5 5 1894.21 887.91 889.597
5 6 1360.79 614.742 616.058
5 7 863.083 378.852 379.772
5 8 547.769 233.967 234.556
5 9 335.759 140.818 141.142
5 10 226.429 89.8371 90.0124
5 11 139.929 53.0276 53.1115
5 12 100.436 38.7001 38.7049
5 13 69.2249 26.7888 26.7605
5 14 41.8694 13.0749 12.9946
5 15 82.9228 25.2562 25.2561
6 0 0.0379363 0.0450328 0.00143917
6 1 227.496 84.6842 84.8803
6 2 1564.93 657.991 659.287
6 3 1721.65 731.049 732.406
6 4 1396.8 590.671 591.892
6 5 974.879 412.68 413.646
6 6 621.033 256.689 257.331
6 7 383.408 160.688 161.095
6 8 231.073 94.8598 95.0502
6 9 112.225 42.2529 42.3006
6 10 75.4892 28.041 28.0433
6 11 45.1942 16.5422 16.4761
6 12 33.3414 12.4128 12.3611
6 13 22.4584 8.66942 8.56162
6 14 13.1741 4.28712 4.17739
6 15 26.6928 6.43183 6.32583
7 0 0 0.133719 0
7 1 2.45408 1.71862 1.55435
7 2 111.925 66.9326 67.0361
7 3 977.351 600.871 602.394
7 4 2128.02 1204.7 1207.05
7 5 2985.19 1559.49 1561.68
7 6 3424.45 1798.69 1800.85
7 7 3424.24 1874.34 1876.74
7 8 3060.86 1706.9 1709.47
7 9 2560.26 1428.03 1430.46
7 10 2018.21 1081.08 1083.21
7 11 1609.87 852.575 854.409
7 12 1148.06 591.319 592.712
7 13 797.381 370.218 371.135
7 14 570.659 283.389 284.105
7 15 1338.16 696.778 698.369
8 0 3.94937 1.53533 1.41516
8 1 16.3694 12.312 12.2521
8 2 856.032 411.549 412.561
8 3 1781.55 819.474 821.039
8 4 2126.29 966.839 968.474
8 5 2103.61 935.912 937.482
8 6 2026.15 1003.69 1005.55
8 7 1758.19 855.284 857.004
8 8 1389 595.6 596.853
8 9 1151.13 559.647 560.948
8 10 886.673 446.247 447.355
8 11 663.741 355.223 356.148
8 12 495.337 254.051 254.703
8 13 341.687 157.156 157.536
8 14 226.952 95.6327 95.8305
8 15 510.533 226.244 226.828
