1065 0
1 0 4829.1 2737.08 2738.88
1 1 0 0.133719 0
2 0 10403.6 5922.69 5911.12
2 1 0 0.133719 0
3 0 5001.5 18704.4 18753.5
3 1 0 0.133719 0
4 0 6760.78 25037.1 25099
4 1 0 0.133719 0
5 0 0 0.133719 0
5 1 347.726 195.252 195.737
5 2 1962.88 1064.39 1066.5
5 3 2630.26 1366.56 1368.73
5 4 2683.02 1335.71 1337.76
5 5 1914.84 911.273 912.995
5 6 1374.65 630.388 631.747
5 7 871.425 388.317 389.258
5 8 552.562 239.391 239.995
5 9 338.594 144.008 144.343
5 10 228.288 91.9172 92.0982
5 11 140.948 54.1684 54.2561
5 12 101.151 39.5229 39.53
5 13 69.7168 27.3463 27.3196
5 14 42.0435 13.2622 13.1826
5 15 83.3126 25.6702 25.6715
6 0 0.0379363 0.0450328 0.00143917
6 1 228.786 86.1328 86.3328
6 2 1577.8 672.662 674.002
6 3 1737.07 748.58 749.985
6 4 1409.33 604.855 606.124
6 5 983.859 422.846 423.835
6 6 626.471 262.876 263.536
6 7 386.649 164.311 164.728
6 8 233.017 97.0703 97.2676
6 9 113.026 43.1522 43.2028
6 10 76.0101 28.6284 28.6323
6 11 45.5101 16.8889 16.8239
6 12 33.5634 12.6548 12.6039
6 13 22.6275 8.8648 8.7576
6 14 13.2297 4.35085 4.24127
6 15 26.7586 6.509 6.40319
7 0 0 0.133719 0
7 1 2.45408 1.71862 1.55435
7 2 111.939 66.9465 67.05
7 3 977.779 601.359 602.882
7 4 2129.12 1205.95 1208.31
7 5 2986.84 1561.35 1563.54
7 6 3426.35 1800.86 1803.03
7 7 3425.92 1876.22 1878.63
7 8 3062.47 1708.7 1711.27
7 9 2561.58 1429.51 1431.94
7 10 2019.12 1082.1 1084.23
7 11 1610.65 853.47 855.306
7 12 1148.72 592.076 593.471
7 13 797.74 370.616 371.535
7 14 570.848 283.6 284.318
7 15 1338.58 697.26 698.853
8 0 3.94937 1.53533 1.41516
8 1 16.3765 12.3189 12.259
8 2 856.426 412.002 413.017
8 3 1782.66 820.767 822.339
8 4 2128.15 968.921 970.568
8 5 2105.61 938.15 939.733
8 6 2028.02 1005.78 1007.65
8 7 1759.7 856.977 858.705
8 8 1389.98 596.691 597.952
8 9 1151.94 560.548 561.853
8 10 887.196 446.819 447.93
8 11 664.029 355.542 356.469
8 12 495.588 254.321 254.973
8 13 341.843 157.329 157.71
8 14 227.004 95.6875 95.8856
8 15 510.685 226.408 226.993
