2.16 0
1 0 39.9386 6.35585 6.23153
1 1 0.000740383 0.00967324 5.48167e-07
2 0 133.639 26.7722 26.7827
2 1 0 0.152266 0
3 0 0 0.152266 0
3 1 6.04598 1.29902 1.1561
3 2 113.332 23.9129 23.9015
3 3 283.652 67.7035 67.8376
3 4 389.579 76.137 76.2867
3 5 342.428 62.7636 62.8729
3 6 310.708 63.6706 63.7893
3 7 227.274 48.42 48.4895
3 8 167.133 42.1616 42.2064
3 9 123.809 32.9114 32.8926
3 10 97.1983 23.0728 23.0111
3 11 64.1353 15.8476 15.7972
3 12 54.8617 14.3467 14.2506
3 13 38.3646 10.2198 10.1175
3 14 24.3123 6.29444 6.1651
3 15 53.2417 14.3691 14.3288
4 0 0.0392854 0.0506553 0.00154334
4 1 135.995 34.9464 34.9802
4 2 655.689 156.116 156.447
4 3 629.369 133.642 133.913
4 4 448.162 95.4545 95.6483
4 5 277.146 56.8715 56.9752
4 6 205.168 43.3465 43.4075
4 7 152.841 43.3123 43.3732
4 8 95.7934 25.3968 25.3407
4 9 52.1983 13.0809 13.0282
4 10 36.5973 9.31208 9.24703
4 11 20.5148 5.13121 5.00861
4 12 17.2103 4.71632 4.6198
4 13 10.1106 2.79454 2.64611
4 14 9.19324 2.41869 2.28829
4 15 23.5126 9.95503 9.83698
5 0 0 0.152266 0
5 1 2.45408 1.74012 1.55435
5 2 110.846 66.465 66.5505
5 3 943.748 583.963 585.459
5 4 2049.41 1165.8 1168.13
5 5 2869.71 1507.67 1509.92
5 6 3285.66 1747.16 1749.42
5 7 3291.26 1839.54 1842.08
5 8 2958.07 1687.09 1689.76
5 9 2463.46 1418.91 1421.51
5 10 1955.16 1086.76 1088.95
5 11 1538.18 852.902 854.794
5 12 1110.35 597.765 599.199
5 13 777.82 381.801 382.76
5 14 568.253 298.286 299.043
5 15 1310.91 729.057 730.755
6 0 3.9873 1.55744 1.4166
6 1 15.8925 12.0941 12.0128
6 2 829.817 396.45 397.432
6 3 1702.83 775.967 777.488
6 4 1995.52 900.988 902.574
6 5 1959.42 868.964 870.529
6 6 1899.5 950.335 952.174
6 7 1646.51 817.057 818.76
6 8 1315.92 578.782 580.032
6 9 1092.46 549.498 550.803
6 10 849.128 444.411 445.529
6 11 650.605 361.631 362.57
6 12 468.481 254.583 255.229
6 13 329.573 160.723 161.096
6 14 226.742 102.135 102.335
6 15 498.97 239.829 240.453
