1110 0
1 0 5031.35 2972.65 2974.63
1 1 0 0.133719 0
2 0 10838.2 6432.18 6419.27
2 1 0 0.133719 0
3 0 5211.76 20317.8 20370.9
3 1 0 0.133719 0
4 0 7040.36 27191.5 27259
4 1 0 0.133719 0
5 0 0 0.133719 0
5 1 362.147 211.993 212.527
5 2 2039.3 1153.74 1156.03
5 3 2725.19 1477.31 1479.71
5 4 2775.07 1442.96 1445.14
5 5 1976.76 983.297 985.181
5 6 1416.2 678.681 680.148
5 7 896.451 417.502 418.524
5 8 566.943 256.124 256.775
5 9 347.097 153.854 154.219
5 10 233.866 98.3327 98.5329
5 11 144.004 57.6891 57.7873
5 12 103.296 42.0606 42.0757
5 13 71.1922 29.0658 29.0445
5 14 42.5658 13.8404 13.7626
5 15 84.4822 26.9478 26.9531
6 0 0.0379363 0.0450328 0.00143917
6 1 232.656 90.6016 90.8141
6 2 1616.43 717.97 719.397
6 3 1783.34 802.691 804.219
6 4 1446.9 648.67 650.028
6 5 1010.8 454.203 455.268
6 6 642.784 281.967 282.679
6 7 396.372 175.488 175.936
6 8 238.847 103.892 104.109
6 9 115.43 45.9272 45.9863
6 10 77.5728 30.4401 30.4496
6 11 46.4577 17.9587 17.8971
6 12 34.2295 13.4014 13.3527
6 13 23.1347 9.46767 9.36224
6 14 13.3968 4.54747 4.43833
6 15 26.9559 6.74691 6.64183
7 0 0 0.133719 0
7 1 2.45408 1.71862 1.55435
7 2 111.982 66.9893 67.0928
7 3 979.066 602.863 604.389
7 4 2132.45 1209.82 1212.18
7 5 2991.78 1567.07 1569.29
7 6 3432.05 1807.56 1809.75
7 7 3430.97 1882.04 1884.46
7 8 3067.29 1714.24 1716.82
7 9 2565.54 1434.07 1436.51
7 10 2021.87 1085.23 1087.38
7 11 1612.97 856.252 858.076
7 12 1150.72 594.409 595.816
7 13 798.818 371.85 372.769
7 14 571.413 284.252 284.973
7 15 1339.87 698.746 700.346
8 0 3.94937 1.53533 1.41516
8 1 16.3975 12.3402 12.2805
8 2 857.611 413.399 414.423
8 3 1786 824.752 826.35
8 4 2133.71 975.375 977.028
8 5 2111.61 945.087 946.68
8 6 2033.64 1012.24 1014.14
8 7 1764.22 862.251 863.953
8 8 1392.9 600.091 601.341
8 9 1154.37 563.326 564.645
8 10 888.765 448.593 449.702
8 11 664.891 356.526 357.456
8 12 496.339 255.156 255.808
8 13 342.31 157.861 158.246
8 14 227.159 95.8563 96.0557
8 15 511.14 226.914 227.502
