2.25 0
1 0 40.2372 6.35628 6.23204
1 1 0.000771232 0.00969546 5.94799e-07
2 0 134.47 26.7739 26.7845
2 1 0 0.152266 0
3 0 0 0.152266 0
3 1 6.04709 1.29903 1.1561
3 2 113.37 23.913 23.9016
3 3 283.755 67.7047 67.8379
3 4 389.709 76.1365 76.287
3 5 342.529 62.7631 62.8731
3 6 310.782 63.6713 63.7895
3 7 227.321 48.4188 48.4896
3 8 167.162 42.1614 42.2065
3 9 123.826 32.9116 32.8926
3 10 97.2099 23.0727 23.0111
3 11 64.1413 15.8477 15.7973
3 12 54.8662 14.3467 14.2506
3 13 38.3681 10.2198 10.1175
3 14 24.3134 6.29445 6.1651
3 15 53.2443 14.3691 14.3288
4 0 0.0392854 0.0506553 0.00154334
4 1 136.031 34.9465 34.9802
4 2 655.885 156.118 156.448
4 3 629.554 133.644 133.914
4 4 448.295 95.4559 95.6486
4 5 277.225 56.8723 56.9754
4 6 205.211 43.3469 43.4076
4 7 152.865 43.312 43.3733
4 8 95.8046 25.397 25.3407
4 9 52.2035 13.0807 13.0282
4 10 36.6001 9.31211 9.24704
4 11 20.5169 5.13123 5.00861
4 12 17.2114 4.71629 4.6198
4 13 10.1111 2.79455 2.64611
4 14 9.19352 2.41869 2.28829
4 15 23.5127 9.95504 9.83698
5 0 0 0.152266 0
5 1 2.45408 1.74012 1.55435
5 2 110.846 66.465 66.5505
5 3 943.75 583.963 585.459
5 4 2049.41 1165.8 1168.13
5 5 2869.72 1507.67 1509.92
5 6 3285.67 1747.16 1749.42
5 7 3291.27 1839.55 1842.08
5 8 2958.08 1687.1 1689.76
5 9 2463.47 1418.91 1421.51
5 10 1955.16 1086.76 1088.95
5 11 1538.19 852.902 854.794
5 12 1110.35 597.765 599.199
5 13 777.822 381.801 382.76
5 14 568.255 298.286 299.043
5 15 1310.91 729.057 730.755
6 0 3.9873 1.55744 1.4166
6 1 15.8925 12.0941 12.0128
6 2 829.819 396.45 397.432
6 3 1702.84 775.967 777.488
6 4 1995.53 900.989 902.574
6 5 1959.43 868.964 870.529
6 6 1899.51 950.335 952.174
6 7 1646.52 817.057 818.76
6 8 1315.92 578.782 580.032
6 9 1092.46 549.499 550.803
6 10 849.131 444.411 445.529
6 11 650.607 361.631 362.57
6 12 468.483 254.583 255.229
6 13 329.574 160.723 161.096
6 14 226.743 102.135 102.335
6 15 498.971 239.829 240.453
