1140 0
1 0 5166.19 3135.1 3137.22
1 1 0 0.133719 0
2 0 11127.9 6783.27 6769.73
2 1 0 0.133719 0
3 0 5351.93 21430.3 21486.4
3 1 0 0.133719 0
4 0 7226.74 28677.5 28748.6
4 1 0 0.133719 0
5 0 0 0.133719 0
5 1 371.76 223.542 224.106
5 2 2090.25 1215.32 1217.77
5 3 2788.48 1553.75 1556.25
5 4 2836.43 1516.82 1519.2
5 5 2018.03 1032.99 1034.96
5 6 1443.91 711.977 713.529
5 7 913.135 437.645 438.707
5 8 576.529 267.663 268.347
5 9 352.766 160.645 161.029
5 10 237.584 102.756 102.971
5 11 146.042 60.1171 60.2226
5 12 104.726 43.8106 43.8313
5 13 72.1758 30.2516 30.2341
5 14 42.9139 14.2392 14.1626
5 15 85.2619 27.8289 27.837
6 0 0.0379363 0.0450328 0.00143917
6 1 235.236 93.6822 93.9046
6 2 1642.18 749.211 750.704
6 3 1814.18 840.022 841.621
6 4 1471.95 678.871 680.308
6 5 1028.76 475.815 476.946
6 6 653.659 295.134 295.882
6 7 402.853 183.195 183.666
6 8 242.733 108.595 108.826
6 9 117.033 47.8409 47.9059
6 10 78.6146 31.6893 31.7029
6 11 47.0894 18.6965 18.6372
6 12 34.6736 13.9163 13.8692
6 13 23.4729 9.88348 9.77923
6 14 13.5081 4.68305 4.57424
6 15 27.0874 6.91103 6.80641
7 0 0 0.133719 0
7 1 2.45408 1.71862 1.55435
7 2 112.01 67.0188 67.1223
7 3 979.923 603.9 605.428
7 4 2134.67 1212.48 1214.85
7 5 2995.08 1571.02 1573.25
7 6 3435.86 1812.25 1814.38
7 7 3434.33 1886.06 1888.49
7 8 3070.5 1718.12 1720.66
7 9 2568.18 1437.22 1439.67
7 10 2023.69 1087.4 1089.54
7 11 1614.52 858.153 859.986
7 12 1152.05 596.017 597.433
7 13 799.536 372.695 373.62
7 14 571.789 284.706 285.425
7 15 1340.72 699.771 701.375
8 0 3.94937 1.53533 1.41516
8 1 16.4115 12.355 12.2952
8 2 858.4 414.363 415.393
8 3 1788.23 827.524 829.117
8 4 2137.41 979.8 981.483
8 5 2115.6 949.879 951.472
8 6 2037.38 1016.73 1018.62
8 7 1767.23 865.85 867.572
8 8 1394.85 602.41 603.678
8 9 1155.99 565.254 566.571
8 10 889.812 449.809 450.925
8 11 665.466 357.204 358.137
8 12 496.84 255.728 256.383
8 13 342.622 158.231 158.615
8 14 227.263 95.9738 96.173
8 15 511.443 227.27 227.853
