1155 0
1 0 5233.61 3217.95 3220.14
1 1 0 0.133719 0
2 0 11272.8 6962.33 6948.46
2 1 0 0.133719 0
3 0 5422.02 21997.6 22055.3
3 1 0 0.133719 0
4 0 7319.94 29435.7 29508.3
4 1 0 0.133719 0
5 0 0 0.133719 0
5 1 376.567 229.428 230.011
5 2 2115.73 1246.79 1249.25
5 3 2820.13 1592.7 1595.29
5 4 2867.11 1554.55 1556.97
5 5 2038.67 1058.34 1060.35
5 6 1457.76 728.979 730.553
5 7 921.477 447.908 449
5 8 581.323 273.545 274.248
5 9 355.601 164.107 164.502
5 10 239.443 105.013 105.234
5 11 147.061 61.3552 61.4646
5 12 105.441 44.7032 44.7267
5 13 72.6676 30.8566 30.8408
5 14 43.088 14.4426 14.3666
5 15 85.6518 28.2783 28.2877
6 0 0.0379363 0.0450328 0.00143917
6 1 236.526 95.2539 95.4808
6 2 1655.05 765.132 766.671
6 3 1829.61 859.048 860.696
6 4 1484.47 694.285 695.75
6 5 1037.74 486.85 488.002
6 6 659.097 301.849 302.615
6 7 406.094 187.127 187.608
6 8 244.676 110.995 111.232
6 9 117.834 48.8173 48.8849
6 10 79.1355 32.3266 32.3421
6 11 47.4053 19.0728 19.0146
6 12 34.8956 14.1788 14.1326
6 13 23.6419 10.0955 9.9919
6 14 13.5638 4.75221 4.64355
6 15 27.1532 6.99476 6.89035
7 0 0 0.133719 0
7 1 2.45408 1.71862 1.55435
7 2 112.024 67.0339 67.1374
7 3 980.352 604.428 605.958
7 4 2135.78 1213.84 1216.22
7 5 2996.73 1573.03 1575.27
7 6 3437.76 1814.6 1816.75
7 7 3436.02 1888.1 1890.54
7 8 3072.11 1720.07 1722.61
7 9 2569.5 1438.82 1441.28
7 10 2024.61 1088.5 1090.65
7 11 1615.3 859.122 860.96
7 12 1152.72 596.837 598.257
7 13 799.895 373.126 374.054
7 14 571.978 284.935 285.656
7 15 1341.15 700.293 701.9
8 0 3.94937 1.53533 1.41516
8 1 16.4186 12.3625 12.3027
8 2 858.795 414.862 415.887
8 3 1789.34 828.952 830.528
8 4 2139.27 982.057 983.755
8 5 2117.6 952.305 953.915
8 6 2039.25 1019 1020.9
8 7 1768.73 867.685 869.418
8 8 1395.83 603.61 604.87
8 9 1156.8 566.23 567.553
8 10 890.335 450.429 451.548
8 11 665.754 357.55 358.484
8 12 497.09 256.02 256.677
8 13 342.778 158.418 158.804
8 14 227.315 96.0332 96.2329
8 15 511.595 227.448 228.032
