2.34 0
1 0 40.5359 6.35676 6.23258
1 1 0.000802081 0.00972061 6.43335e-07
2 0 135.301 26.7756 26.7865
2 1 0 0.152266 0
3 0 0 0.152266 0
3 1 6.04819 1.29903 1.15611
3 2 113.409 23.913 23.9016
3 3 283.857 67.7035 67.8381
3 4 389.84 76.1378 76.2874
3 5 342.63 62.764 62.8734
3 6 310.856 63.6708 63.7897
3 7 227.368 48.4193 48.4897
3 8 167.192 42.1617 42.2065
3 9 123.843 32.9118 32.8927
3 10 97.2215 23.0726 23.0112
3 11 64.1472 15.8477 15.7973
3 12 54.8708 14.3467 14.2506
3 13 38.3716 10.2198 10.1175
3 14 24.3145 6.29446 6.1651
3 15 53.2469 14.369 14.3288
4 0 0.0392854 0.0506553 0.00154334
4 1 136.067 34.9464 34.9803
4 2 656.081 156.121 156.448
4 3 629.738 133.646 133.914
4 4 448.427 95.455 95.6489
4 5 277.304 56.8721 56.9756
4 6 205.254 43.3467 43.4077
4 7 152.888 43.3118 43.3733
4 8 95.8158 25.3968 25.3408
4 9 52.2086 13.0808 13.0283
4 10 36.6028 9.31214 9.24704
4 11 20.519 5.13122 5.00862
4 12 17.2124 4.7163 4.6198
4 13 10.1117 2.79454 2.64611
4 14 9.19379 2.41869 2.28829
4 15 23.5129 9.95504 9.83698
5 0 0 0.152266 0
5 1 2.45408 1.74012 1.55435
5 2 110.846 66.465 66.5505
5 3 943.753 583.963 585.459
5 4 2049.42 1165.8 1168.13
5 5 2869.73 1507.67 1509.92
5 6 3285.68 1747.16 1749.42
5 7 3291.28 1839.55 1842.08
5 8 2958.09 1687.1 1689.76
5 9 2463.48 1418.91 1421.51
5 10 1955.17 1086.76 1088.95
5 11 1538.19 852.902 854.794
5 12 1110.36 597.765 599.199
5 13 777.825 381.801 382.76
5 14 568.256 298.287 299.043
5 15 1310.92 729.057 730.755
6 0 3.9873 1.55744 1.4166
6 1 15.8926 12.0941 12.0128
6 2 829.822 396.45 397.432
6 3 1702.85 775.967 777.488
6 4 1995.54 900.989 902.575
6 5 1959.44 868.964 870.529
6 6 1899.52 950.335 952.174
6 7 1646.53 817.057 818.76
6 8 1315.93 578.782 580.032
6 9 1092.47 549.499 550.803
6 10 849.134 444.411 445.529
6 11 650.609 361.631 362.57
6 12 468.484 254.583 255.229
6 13 329.575 160.723 161.096
6 14 226.743 102.135 102.335
6 15 498.972 239.829 240.453
