2.37 0
1 0 40.6354 6.35693 6.23277
1 1 0.000812364 0.00972974 6.59936e-07
2 0 135.577 26.776 26.7871
2 1 0 0.152266 0
3 0 0 0.152266 0
3 1 6.04856 1.29903 1.15611
3 2 113.422 23.9132 23.9017
3 3 283.892 67.7038 67.8382
3 4 389.883 76.1383 76.2875
3 5 342.663 62.7643 62.8734
3 6 310.881 63.671 63.7897
3 7 227.383 48.4195 48.4898
3 8 167.202 42.1612 42.2066
3 9 123.848 32.9119 32.8927
3 10 97.2254 23.0726 23.0112
3 11 64.1492 15.8478 15.7973
3 12 54.8723 14.3467 14.2506
3 13 38.3727 10.2198 10.1175
3 14 24.3148 6.29447 6.1651
3 15 53.2478 14.369 14.3288
4 0 0.0392854 0.0506553 0.00154334
4 1 136.079 34.9466 34.9804
4 2 656.147 156.121 156.449
4 3 629.799 133.643 133.914
4 4 448.472 95.4555 95.649
4 5 277.331 56.8723 56.9757
4 6 205.268 43.3468 43.4078
4 7 152.895 43.3119 43.3734
4 8 95.8195 25.3969 25.3408
4 9 52.2103 13.0808 13.0283
4 10 36.6037 9.31215 9.24705
4 11 20.5197 5.13123 5.00862
4 12 17.2127 4.7163 4.61981
4 13 10.1119 2.79454 2.64611
4 14 9.19388 2.41869 2.28829
4 15 23.5129 9.95504 9.83698
5 0 0 0.152266 0
5 1 2.45408 1.74012 1.55435
5 2 110.846 66.465 66.5505
5 3 943.754 583.963 585.459
5 4 2049.42 1165.8 1168.13
5 5 2869.74 1507.67 1509.92
5 6 3285.68 1747.16 1749.42
5 7 3291.29 1839.55 1842.08
5 8 2958.1 1687.1 1689.76
5 9 2463.48 1418.91 1421.51
5 10 1955.17 1086.76 1088.95
5 11 1538.19 852.902 854.794
5 12 1110.36 597.765 599.199
5 13 777.825 381.802 382.76
5 14 568.256 298.287 299.043
5 15 1310.92 729.057 730.755
6 0 3.9873 1.55744 1.4166
6 1 15.8926 12.0941 12.0128
6 2 829.823 396.45 397.432
6 3 1702.85 775.967 777.488
6 4 1995.54 900.989 902.575
6 5 1959.44 868.965 870.529
6 6 1899.52 950.335 952.174
6 7 1646.53 817.057 818.76
6 8 1315.93 578.782 580.032
6 9 1092.47 549.499 550.803
6 10 849.135 444.411 445.529
6 11 650.609 361.631 362.57
6 12 468.485 254.583 255.229
6 13 329.576 160.723 161.096
6 14 226.743 102.135 102.335
6 15 498.972 239.829 240.453
