120 0
1 0 581.673 41.5514 41.5452
1 1 0 0.133719 0
2 0 1277.9 97.2644 97.1116
2 1 0 0.133719 0
3 0 586.077 247.198 247.801
3 1 0 0.133719 0
4 0 889.667 384.876 385.794
4 1 0 0.133719 0
5 0 0 0.133719 0
5 1 44.8964 3.74797 3.63939
5 2 357.943 42.1931 42.2489
5 3 636.626 98.7628 98.9305
5 4 750.136 108.985 109.144
5 5 614.692 86.9503 87.0899
5 6 501.909 77.8256 77.9663
5 7 345.882 54.3265 54.418
5 8 250.58 47.9392 48.0158
5 9 160.018 31.3617 31.3571
5 10 111.159 18.5236 18.4759
5 11 76.7613 13.8944 13.8548
5 12 56.1009 10.4909 10.4042
5 13 38.7329 7.67485 7.58426
5 14 31.0762 6.64785 6.54678
5 15 58.7514 11.0537 11.0082
6 0 0.0379363 0.0450328 0.00143917
6 1 147.516 35.0151 35.061
6 2 766.705 154.332 154.616
6 3 765.416 129.268 129.48
6 4 620.323 103.602 103.791
6 5 418.076 64.0783 64.1931
6 6 283.901 44.4374 44.5056
6 7 182.472 36.4447 36.4921
6 8 110.591 19.0448 18.9985
6 9 62.5399 11.4071 11.3566
6 10 43.1936 7.90268 7.84018
6 11 25.6109 4.65017 4.54566
6 12 19.5757 4.11404 4.03593
6 13 11.9758 1.96637 1.83971
6 14 9.72231 2.1014 1.98659
6 15 22.6151 3.78674 3.67275
7 0 0 0.133719 0
7 1 2.45408 1.71862 1.55435
7 2 111.055 66.4581 66.56
7 3 950.765 584.159 585.646
7 4 2059.29 1161.7 1164
7 5 2882.94 1495.63 1497.78
7 6 3306.53 1724.01 1726.15
7 7 3319.91 1809.43 1811.88
7 8 2961.26 1645.19 1647.72
7 9 2478.42 1377.19 1379.61
7 10 1961.56 1046.18 1048.25
7 11 1561.83 821.834 823.618
7 12 1106.75 565.306 566.649
7 13 775.114 356.533 357.417
7 14 558.98 276.12 276.82
7 15 1311.66 680.218 681.772
8 0 3.94937 1.53533 1.41516
8 1 15.9345 12.075 12.0141
8 2 831.557 395.944 396.928
8 3 1712.51 774.925 776.443
8 4 2011.37 895.124 896.663
8 5 1979.7 858.735 860.249
8 6 1910.15 931.616 933.401
8 7 1664.84 797.054 798.659
8 8 1328.53 557.999 559.175
8 9 1100.83 528.656 529.903
8 10 854.238 426.587 427.651
8 11 645.917 344.271 345.169
8 12 479.812 244.803 245.426
8 13 332.027 151.213 151.577
8 14 223.735 93.7474 93.9393
8 15 501.128 220.596 221.168
