1200 0
1 0 5435.87 3473.17 3475.4
1 1 0 0.133719 0
2 0 11707.3 7513.54 7498.67
2 1 0 0.133719 0
3 0 5632.27 23744.6 23806.6
3 1 0 0.133719 0
4 0 7599.51 31767.9 31847.1
4 1 0 0.133719 0
5 0 0 0.133719 0
5 1 390.988 247.553 248.191
5 2 2192.16 1343.47 1346.18
5 3 2915.06 1712.64 1715.45
5 4 2959.15 1670.65 1673.24
5 5 2100.58 1136.35 1138.51
5 6 1499.32 781.241 782.96
5 7 946.503 479.507 480.688
5 8 595.703 291.666 292.417
5 9 364.105 174.77 175.195
5 10 245.021 111.959 112.201
5 11 150.117 65.1668 65.288
5 12 107.586 47.451 47.483
5 13 74.143 32.7185 32.7085
5 14 43.6103 15.0686 14.9946
5 15 86.8214 29.6617 29.6754
6 0 0.0379363 0.0450328 0.00143917
6 1 240.396 100.092 100.333
6 2 1693.67 814.197 815.823
6 3 1875.88 917.653 919.418
6 4 1522.04 741.718 743.288
6 5 1064.69 520.799 522.037
6 6 675.41 322.519 323.343
6 7 415.817 199.225 199.744
6 8 250.506 118.379 118.64
6 9 120.238 51.8217 51.8986
6 10 80.6981 34.2882 34.3098
6 11 48.3528 20.2312 20.1766
6 12 35.5617 14.9872 14.9434
6 13 24.1491 10.7483 10.6466
6 14 13.7308 4.96507 4.85692
6 15 27.3505 7.25236 7.14875
7 0 0 0.133719 0
7 1 2.45408 1.71862 1.55435
7 2 112.066 67.0801 67.1838
7 3 981.639 606.054 607.589
7 4 2139.1 1218.01 1220.41
7 5 3001.68 1579.23 1581.5
7 6 3443.47 1821.84 1824.02
7 7 3441.06 1894.39 1896.86
7 8 3076.93 1726.06 1728.62
7 9 2573.46 1443.76 1446.23
7 10 2027.35 1091.89 1094.06
7 11 1617.62 862.104 863.959
7 12 1154.72 599.389 600.795
7 13 800.972 374.469 375.39
7 14 572.543 285.64 286.365
7 15 1342.43 701.919 703.517
8 0 3.94937 1.53533 1.41516
8 1 16.4396 12.3856 12.3259
8 2 859.979 416.383 417.41
8 3 1792.68 833.262 834.871
8 4 2144.83 989.07 990.749
8 5 2123.6 959.804 961.437
8 6 2044.86 1026.02 1027.93
8 7 1773.25 873.357 875.101
8 8 1398.76 607.268 608.54
8 9 1159.24 569.249 570.577
8 10 891.904 452.337 453.467
8 11 666.616 358.62 359.554
8 12 497.841 256.919 257.58
8 13 343.245 158.998 159.384
8 14 227.47 96.2169 96.4171
8 15 512.05 227.995 228.583
