1215 0
1 0 5503.29 3560.36 3562.66
1 1 0 0.133719 0
2 0 11852.2 7701.95 7686.74
2 1 0 0.133719 0
3 0 5702.36 24341.6 24405.2
3 1 0 0.133719 0
4 0 7692.7 32565.7 32646.5
4 1 0 0.133719 0
5 0 0 0.133719 0
5 1 395.795 253.75 254.405
5 2 2217.63 1376.54 1379.32
5 3 2946.71 1753.7 1756.53
5 4 2989.83 1710.29 1712.98
5 5 2121.22 1163.01 1165.23
5 6 1513.17 799.114 800.874
5 7 954.845 490.32 491.52
5 8 600.496 297.857 298.627
5 9 366.939 178.414 178.85
5 10 246.88 114.334 114.583
5 11 151.136 66.4698 66.5949
5 12 108.301 48.3904 48.4252
5 13 74.6348 33.3548 33.3469
5 14 43.7844 15.2826 15.2092
5 15 87.2112 30.1348 30.1497
6 0 0.0379363 0.0450328 0.00143917
6 1 241.686 101.746 101.991
6 2 1706.55 830.953 832.625
6 3 1891.3 937.677 939.49
6 4 1534.57 757.941 759.538
6 5 1073.67 532.401 533.671
6 6 680.847 329.588 330.429
6 7 419.058 203.364 203.892
6 8 252.449 120.903 121.171
6 9 121.04 52.8484 52.9288
6 10 81.219 34.9589 34.9824
6 11 48.6687 20.6272 20.5738
6 12 35.7837 15.2634 15.2206
6 13 24.3182 10.9714 10.8704
6 14 13.7865 5.03785 4.92986
6 15 27.4163 7.34044 7.23707
7 0 0 0.133719 0
7 1 2.45408 1.71862 1.55435
7 2 112.08 67.0959 67.1996
7 3 982.068 606.61 608.146
7 4 2140.21 1219.44 1221.84
7 5 3003.33 1581.34 1583.62
7 6 3445.37 1824.32 1826.51
7 7 3442.75 1896.62 1899.02
7 8 3078.53 1728.11 1730.68
7 9 2574.78 1445.44 1447.92
7 10 2028.26 1093.08 1095.22
7 11 1618.4 863.123 864.984
7 12 1155.38 600.252 601.663
7 13 801.332 374.922 375.847
7 14 572.731 285.881 286.608
7 15 1342.86 702.486 704.069
8 0 3.94937 1.53533 1.41516
8 1 16.4466 12.3934 12.3339
8 2 860.374 416.9 417.93
8 3 1793.8 834.735 836.356
8 4 2146.68 991.443 993.139
8 5 2125.6 962.39 964.008
8 6 2046.73 1028.4 1030.33
8 7 1774.76 875.286 877.043
8 8 1399.73 608.528 609.794
8 9 1160.05 570.289 571.61
8 10 892.427 452.998 454.123
8 11 666.904 358.983 359.919
8 12 498.092 257.234 257.889
8 13 343.401 159.195 159.583
8 14 227.522 96.2793 96.48
8 15 512.202 228.182 228.771
