1230 0
1 0 5570.71 3648.63 3651
1 1 0 0.133719 0
2 0 11997 7892.71 7877.16
2 1 0 0.133719 0
3 0 5772.45 24946.1 25011.3
3 1 0 0.133719 0
4 0 7785.9 33372.8 33455.9
4 1 0 0.133719 0
5 0 0 0.133719 0
5 1 400.601 260.024 260.696
5 2 2243.11 1410.07 1412.86
5 3 2978.35 1795.14 1798.12
5 4 3020.51 1750.5 1753.22
5 5 2141.86 1189.99 1192.28
5 6 1527.03 817.21 819.011
5 7 963.187 501.246 502.486
5 8 605.289 304.125 304.914
5 9 369.774 182.103 182.55
5 10 248.739 116.738 116.994
5 11 152.155 67.789 67.9181
5 12 109.016 49.3414 49.3791
5 13 75.1266 33.9993 33.9932
5 14 43.9585 15.4993 15.4266
5 15 87.6011 30.6135 30.63
6 0 0.0379363 0.0450328 0.00143917
6 1 242.976 103.419 103.671
6 2 1719.42 847.892 849.635
6 3 1906.72 957.951 959.812
6 4 1547.09 774.322 775.99
6 5 1082.65 544.161 545.45
6 6 686.285 336.738 337.602
6 7 422.299 207.55 208.092
6 8 254.393 123.46 123.735
6 9 121.841 53.8884 53.9718
6 10 81.7399 35.6377 35.6633
6 11 48.9846 21.0281 20.9759
6 12 36.0057 15.5432 15.5012
6 13 24.4873 11.1973 11.0969
6 14 13.8422 5.11151 5.0037
6 15 27.482 7.42961 7.3265
7 0 0 0.133719 0
7 1 2.45408 1.71862 1.55435
7 2 112.094 67.1124 67.2157
7 3 982.496 607.172 608.711
7 4 2141.32 1220.88 1223.29
7 5 3004.98 1583.49 1585.78
7 6 3447.27 1826.82 1829.03
7 7 3444.43 1898.8 1901.2
7 8 3080.14 1730.18 1732.76
7 9 2576.1 1447.15 1449.63
7 10 2029.17 1094.25 1096.4
7 11 1619.17 864.155 866.022
7 12 1156.05 601.124 602.542
7 13 801.691 375.381 376.31
7 14 572.92 286.125 286.853
7 15 1343.29 703.042 704.629
8 0 3.94937 1.53533 1.41516
8 1 16.4536 12.4015 12.3419
8 2 860.769 417.422 418.457
8 3 1794.91 836.252 837.859
8 4 2148.54 993.845 995.56
8 5 2127.6 964.973 966.612
8 6 2048.61 1030.85 1032.76
8 7 1776.26 877.267 879.009
8 8 1400.71 609.787 611.064
8 9 1160.86 571.328 572.657
8 10 892.951 453.658 454.787
8 11 667.191 359.358 360.289
8 12 498.342 257.545 258.202
8 13 343.557 159.396 159.783
8 14 227.574 96.3437 96.5438
8 15 512.354 228.375 228.962
