1275 0
1 0 5772.97 3919.75 3922.52
1 1 0 0.133719 0
2 0 12431.6 8479.01 8462.41
2 1 0 0.133719 0
3 0 5982.7 26804.4 26874.2
3 1 0 0.133719 0
4 0 8065.47 35855.1 35943.6
4 1 0 0.133719 0
5 0 0 0.133719 0
5 1 415.022 279.304 280.033
5 2 2319.53 1512.91 1515.97
5 3 3073.29 1922.72 1925.94
5 4 3112.55 1873.94 1876.89
5 5 2203.77 1272.94 1275.42
5 6 1568.59 872.835 874.756
5 7 988.213 534.877 536.192
5 8 619.67 323.398 324.24
5 9 378.277 193.444 193.924
5 10 254.317 124.127 124.405
5 11 155.212 71.8434 71.985
5 12 111.162 52.2645 52.311
5 13 76.6021 35.9799 35.9798
5 14 44.4807 16.1651 16.0946
5 15 88.7707 32.085 32.106
6 0 0.0379363 0.0450328 0.00143917
6 1 246.846 108.566 108.832
6 2 1758.05 900.063 901.918
6 3 1952.99 1020.27 1022.27
6 4 1584.66 824.787 826.556
6 5 1109.59 580.269 581.652
6 6 702.598 358.73 359.65
6 7 432.022 220.425 221
6 8 260.223 131.314 131.614
6 9 124.245 57.0842 57.1776
6 10 83.3026 37.7244 37.7563
6 11 49.9321 22.2602 22.2119
6 12 36.6718 16.4031 16.3636
6 13 24.9945 11.8916 11.7933
6 14 14.0092 5.33793 5.23066
6 15 27.6793 7.70366 7.60135
7 0 0 0.133719 0
7 1 2.45408 1.71862 1.55435
7 2 112.136 67.161 67.265
7 3 983.783 608.9 610.446
7 4 2144.64 1225.36 1227.76
7 5 3009.92 1590.13 1592.4
7 6 3452.97 1834.52 1836.76
7 7 3449.48 1905.48 1907.92
7 8 3084.96 1736.55 1739.16
7 9 2580.06 1452.39 1454.9
7 10 2031.92 1097.89 1100.02
7 11 1621.5 867.347 869.212
7 12 1158.05 603.806 605.242
7 13 802.768 376.798 377.731
7 14 573.485 286.884 287.608
7 15 1344.57 704.75 706.348
8 0 3.94937 1.53533 1.41516
8 1 16.4747 12.4261 12.3665
8 2 861.953 419.037 420.077
8 3 1798.25 840.86 842.479
8 4 2154.1 1001.3 1003
8 5 2133.59 972.942 974.613
8 6 2054.22 1038.28 1040.24
8 7 1780.78 883.295 885.054
8 8 1403.63 613.691 614.967
8 9 1163.29 574.535 575.873
8 10 894.52 455.695 456.829
8 11 668.054 360.488 361.427
8 12 499.093 258.5 259.163
8 13 344.024 160.012 160.401
8 14 227.73 96.5389 96.7397
8 15 512.809 228.956 229.549
