2.58 0
1 0 41.3323 6.35807 6.23412
1 1 0.000884346 0.00980208 7.82068e-07
2 0 137.515 26.781 26.792
2 1 0 0.152266 0
3 0 0 0.152266 0
3 1 6.05115 1.29903 1.15611
3 2 113.511 23.9135 23.9019
3 3 284.131 67.7042 67.8388
3 4 390.187 76.1378 76.2883
3 5 342.898 62.7638 62.8741
3 6 311.054 63.6716 63.7902
3 7 227.493 48.4207 48.4901
3 8 167.271 42.1621 42.2068
3 9 123.888 32.9116 32.8928
3 10 97.2524 23.0729 23.0112
3 11 64.1631 15.8478 15.7973
3 12 54.883 14.3467 14.2506
3 13 38.3809 10.2198 10.1175
3 14 24.3174 6.29446 6.16511
3 15 53.2538 14.3691 14.3288
4 0 0.0392854 0.0506553 0.00154334
4 1 136.163 34.9468 34.9806
4 2 656.604 156.118 156.45
4 3 630.229 133.644 133.916
4 4 448.782 95.4566 95.6498
4 5 277.515 56.8731 56.9762
4 6 205.368 43.3471 43.408
4 7 152.95 43.3126 43.3735
4 8 95.8456 25.397 25.3409
4 9 52.2222 13.0809 13.0283
4 10 36.61 9.31209 9.24706
4 11 20.5246 5.13122 5.00863
4 12 17.2152 4.71633 4.61981
4 13 10.1131 2.79454 2.64612
4 14 9.19453 2.41869 2.28829
4 15 23.5133 9.95504 9.83698
5 0 0 0.152266 0
5 1 2.45408 1.74012 1.55435
5 2 110.847 66.465 66.5505
5 3 943.76 583.963 585.459
5 4 2049.44 1165.8 1168.13
5 5 2869.76 1507.67 1509.92
5 6 3285.71 1747.16 1749.42
5 7 3291.31 1839.55 1842.08
5 8 2958.12 1687.1 1689.76
5 9 2463.5 1418.91 1421.51
5 10 1955.18 1086.76 1088.95
5 11 1538.2 852.902 854.794
5 12 1110.37 597.765 599.199
5 13 777.83 381.802 382.76
5 14 568.259 298.287 299.043
5 15 1310.92 729.058 730.755
6 0 3.9873 1.55744 1.4166
6 1 15.8927 12.0941 12.0128
6 2 829.828 396.45 397.432
6 3 1702.86 775.968 777.488
6 4 1995.57 900.989 902.575
6 5 1959.47 868.965 870.529
6 6 1899.55 950.336 952.174
6 7 1646.56 817.058 818.761
6 8 1315.95 578.782 580.032
6 9 1092.48 549.499 550.803
6 10 849.142 444.411 445.529
6 11 650.613 361.631 362.57
6 12 468.488 254.583 255.229
6 13 329.578 160.723 161.096
6 14 226.744 102.135 102.335
6 15 498.974 239.829 240.453
