135 0
1 0 649.092 50.7531 50.7585
1 1 0 0.133719 0
2 0 1422.76 117.169 116.971
2 1 0 0.133719 0
3 0 656.163 310.24 311.011
3 1 0 0.133719 0
4 0 982.859 469.086 470.207
4 1 0 0.133719 0
5 0 0 0.133719 0
5 1 49.7032 4.40126 4.29554
5 2 383.418 45.6832 45.7475
5 3 668.271 103.095 103.268
5 4 780.817 113.183 113.34
5 5 635.33 89.7683 89.9109
5 6 515.762 79.7153 79.8578
5 7 354.224 55.4683 55.5617
5 8 255.374 48.5939 48.6715
5 9 162.852 31.7462 31.7431
5 10 113.018 18.774 18.7274
5 11 77.7801 14.0318 13.9928
5 12 56.816 10.5899 10.5037
5 13 39.2247 7.74196 7.65167
5 14 31.2502 6.67036 6.56944
5 15 59.1413 11.1037 11.0583
6 0 0.0379363 0.0450328 0.00143917
6 1 148.806 35.1893 35.2361
6 2 779.579 156.1 156.39
6 3 780.839 131.382 131.6
6 4 632.846 105.317 105.507
6 5 427.057 65.3048 65.4216
6 6 289.339 45.1844 45.2537
6 7 185.713 36.8819 36.9301
6 8 112.534 19.3111 19.2658
6 9 63.3413 11.5155 11.4654
6 10 43.7144 7.97339 7.9112
6 11 25.9268 4.69192 4.5876
6 12 19.7977 4.14319 4.06519
6 13 12.1449 1.98991 1.86334
6 14 9.77798 2.10907 1.99429
6 15 22.6809 3.79602 3.68208
7 0 0 0.133719 0
7 1 2.45408 1.71862 1.55435
7 2 111.069 66.46 66.5617
7 3 951.193 584.215 585.705
7 4 2060.4 1161.84 1164.15
7 5 2884.59 1495.77 1498
7 6 3308.43 1724.24 1726.42
7 7 3321.59 1809.69 1812.1
7 8 2962.87 1645.43 1647.94
7 9 2479.74 1377.34 1379.79
7 10 1962.47 1046.32 1048.37
7 11 1562.61 821.956 823.726
7 12 1107.41 565.395 566.74
7 13 775.473 356.579 357.465
7 14 559.168 276.143 276.845
7 15 1312.09 680.266 681.83
8 0 3.94937 1.53533 1.41516
8 1 15.9415 12.0758 12.0149
8 2 831.952 396.005 396.983
8 3 1713.62 775.099 776.6
8 4 2013.23 895.342 896.915
8 5 1981.7 859.036 860.52
8 6 1912.02 931.9 933.654
8 7 1666.35 797.235 798.864
8 8 1329.51 558.129 559.308
8 9 1101.64 528.778 530.012
8 10 854.761 426.656 427.721
8 11 646.205 344.314 345.208
8 12 480.063 244.832 245.459
8 13 332.183 151.232 151.598
8 14 223.787 93.7525 93.946
8 15 501.279 220.618 221.188
