2.7 0
1 0 41.7305 6.35885 6.23495
1 1 0.000925479 0.0098504 8.56511e-07
2 0 138.623 26.7838 26.795
2 1 0 0.152266 0
3 0 0 0.152266 0
3 1 6.05263 1.29904 1.15612
3 2 113.563 23.9134 23.9021
3 3 284.268 67.7058 67.8392
3 4 390.361 76.1396 76.2888
3 5 343.033 62.7651 62.8745
3 6 311.153 63.6713 63.7905
3 7 227.556 48.4197 48.4902
3 8 167.31 42.162 42.2069
3 9 123.91 32.9119 32.8929
3 10 97.2678 23.0728 23.0113
3 11 64.171 15.8477 15.7973
3 12 54.8892 14.3468 14.2506
3 13 38.3855 10.2199 10.1175
3 14 24.3189 6.29444 6.16511
3 15 53.2573 14.3691 14.3288
4 0 0.0392854 0.0506553 0.00154334
4 1 136.212 34.9473 34.9807
4 2 656.865 156.121 156.451
4 3 630.475 133.646 133.916
4 4 448.959 95.4562 95.6503
4 5 277.621 56.8732 56.9765
4 6 205.426 43.3477 43.4082
4 7 152.981 43.312 43.3736
4 8 95.8605 25.3969 25.3409
4 9 52.229 13.0808 13.0283
4 10 36.6136 9.31214 9.24707
4 11 20.5274 5.13125 5.00864
4 12 17.2165 4.71632 4.61982
4 13 10.1138 2.79455 2.64612
4 14 9.19489 2.4187 2.28829
4 15 23.5134 9.95505 9.83698
5 0 0 0.152266 0
5 1 2.45408 1.74012 1.55435
5 2 110.847 66.465 66.5505
5 3 943.763 583.963 585.459
5 4 2049.45 1165.8 1168.13
5 5 2869.77 1507.67 1509.92
5 6 3285.73 1747.16 1749.42
5 7 3291.32 1839.55 1842.08
5 8 2958.13 1687.1 1689.76
5 9 2463.51 1418.91 1421.51
5 10 1955.19 1086.76 1088.95
5 11 1538.21 852.902 854.794
5 12 1110.37 597.766 599.199
5 13 777.833 381.802 382.76
5 14 568.26 298.287 299.043
5 15 1310.93 729.058 730.755
6 0 3.9873 1.55744 1.4166
6 1 15.8927 12.0941 12.0128
6 2 829.831 396.45 397.432
6 3 1702.87 775.968 777.488
6 4 1995.58 900.99 902.575
6 5 1959.49 868.965 870.529
6 6 1899.57 950.336 952.174
6 7 1646.57 817.058 818.761
6 8 1315.95 578.782 580.032
6 9 1092.49 549.499 550.803
6 10 849.147 444.411 445.529
6 11 650.615 361.631 362.57
6 12 468.49 254.583 255.229
6 13 329.579 160.723 161.096
6 14 226.744 102.135 102.335
6 15 498.975 239.829 240.453
