1380 0
1 0 6244.9 4590.89 4594
1 1 0 0.133719 0
2 0 13445.5 9929.64 9909.78
2 1 0 0.133719 0
3 0 6473.31 31398.9 31481.1
3 1 0 0.133719 0
4 0 8717.82 41991 42095.8
4 1 0 0.133719 0
5 0 0 0.133719 0
5 1 448.67 326.989 327.855
5 2 2497.86 1767.38 1770.95
5 3 3294.8 2238.36 2242.05
5 4 3327.32 2179.25 2182.75
5 5 2348.23 1478.08 1481.02
5 6 1665.56 1010.35 1012.62
5 7 1046.61 618.014 619.549
5 8 653.223 371.055 372.032
5 9 398.119 221.487 222.051
5 10 267.331 142.401 142.733
5 11 162.343 81.8711 82.0427
5 12 116.167 59.4931 59.5617
5 13 80.0447 40.8777 40.8928
5 14 45.6993 17.8121 17.7465
5 15 91.4997 35.724 35.7564
6 0 0.0379363 0.0450328 0.00143917
6 1 255.876 121.291 121.596
6 2 1848.17 1029.07 1031.22
6 3 2060.95 1174.42 1176.75
6 4 1672.33 949.555 951.61
6 5 1172.45 669.572 671.183
6 6 740.661 413.112 414.177
6 7 454.708 252.255 252.924
6 8 273.825 150.74 151.098
6 9 129.855 64.9885 65.1055
6 10 86.9489 42.8844 42.9325
6 11 52.1432 25.3074 25.2685
6 12 38.226 18.5295 18.4966
6 13 26.178 13.6087 13.5155
6 14 14.3989 5.89787 5.79195
6 15 28.1397 8.38144 8.28108
7 0 0 0.133719 0
7 1 2.45408 1.71862 1.55435
7 2 112.234 67.2825 67.3869
7 3 986.784 613.181 614.737
7 4 2152.4 1236.37 1238.79
7 5 3021.47 1606.46 1608.77
7 6 3466.29 1853.68 1855.9
7 7 3461.26 1922.09 1924.54
7 8 3096.2 1752.35 1754.98
7 9 2589.3 1465.39 1467.93
7 10 2038.31 1106.82 1108.98
7 11 1626.92 875.227 877.1
7 12 1162.71 610.476 611.919
7 13 805.282 380.298 381.246
7 14 574.803 288.74 289.475
7 15 1347.56 708.989 710.601
8 0 3.94937 1.53533 1.41516
8 1 16.5238 12.4868 12.4275
8 2 864.716 423.034 424.082
8 3 1806.05 852.262 853.905
8 4 2167.07 1019.64 1021.4
8 5 2147.58 992.693 994.4
8 6 2067.32 1056.72 1058.72
8 7 1791.32 898.206 900.002
8 8 1410.46 623.305 624.621
8 9 1168.97 582.468 583.827
8 10 898.182 460.735 461.877
8 11 670.066 363.287 364.24
8 12 500.846 260.871 261.539
8 13 345.115 161.532 161.927
8 14 228.093 97.022 97.2242
8 15 513.87 230.4 230.999
