1395 0
1 0 6312.32 4691.07 4694.27
1 1 0 0.133719 0
2 0 13590.4 10146.1 10125.9
2 1 0 0.133719 0
3 0 6543.39 32085.5 32168.9
3 1 0 0.133719 0
4 0 8811.01 42907.1 43014.4
4 1 0 0.133719 0
5 0 0 0.133719 0
5 1 453.476 334.106 334.995
5 2 2523.33 1805.4 1809.02
5 3 3326.45 2285.4 2289.25
5 4 3358 2224.9 2228.42
5 5 2368.87 1508.72 1511.72
5 6 1679.41 1030.9 1033.2
5 7 1054.95 630.433 631.995
5 8 658.017 378.173 379.168
5 9 400.954 225.68 226.251
5 10 269.191 145.13 145.469
5 11 163.362 83.3683 83.5445
5 12 116.882 60.5721 60.6444
5 13 80.5365 41.6089 41.6264
5 14 45.8734 18.058 17.9932
5 15 91.8896 36.2673 36.3014
6 0 0.0379363 0.0450328 0.00143917
6 1 257.166 123.191 123.502
6 2 1861.04 1048.33 1050.52
6 3 2076.38 1197.41 1199.81
6 4 1684.85 968.153 970.282
6 5 1181.43 682.895 684.551
6 6 746.099 421.231 422.318
6 7 457.949 257.008 257.691
6 8 275.769 153.642 154.008
6 9 130.656 66.1683 66.2893
6 10 87.4698 43.6551 43.7053
6 11 52.459 25.7624 25.7249
6 12 38.448 18.8469 18.8151
6 13 26.3471 13.8651 13.7726
6 14 14.4546 5.98147 5.87576
6 15 28.2055 8.48263 8.38257
7 0 0 0.133719 0
7 1 2.45408 1.71862 1.55435
7 2 112.248 67.3006 67.4052
7 3 987.213 613.818 615.378
7 4 2153.51 1238 1240.43
7 5 3023.12 1608.88 1611.21
7 6 3468.19 1856.52 1858.76
7 7 3462.94 1924.55 1927.02
7 8 3097.81 1754.76 1757.34
7 9 2590.62 1467.32 1469.87
7 10 2039.23 1108.15 1110.31
7 11 1627.69 876.396 878.278
7 12 1163.38 611.465 612.916
7 13 805.641 380.826 381.77
7 14 574.992 289.021 289.754
7 15 1347.99 709.619 711.235
8 0 3.94937 1.53533 1.41516
8 1 16.5308 12.4959 12.4366
8 2 865.111 423.636 424.68
8 3 1807.16 853.952 855.611
8 4 2168.93 1022.4 1024.14
8 5 2149.58 995.62 997.354
8 6 2069.19 1059.5 1061.48
8 7 1792.82 900.419 902.234
8 8 1411.44 624.751 626.062
8 9 1169.78 583.66 585.014
8 10 898.705 461.483 462.631
8 11 670.353 363.717 364.66
8 12 501.097 261.223 261.894
8 13 345.271 161.762 162.155
8 14 228.145 97.0936 97.2966
8 15 514.022 230.623 231.215
