1410 0
1 0 6379.74 4792.33 4795.61
1 1 0 0.133719 0
2 0 13735.3 10365 10344.3
2 1 0 0.133719 0
3 0 6613.48 32778.9 32864.2
3 1 0 0.133719 0
4 0 8904.2 43833 43943
4 1 0 0.133719 0
5 0 0 0.133719 0
5 1 458.283 341.305 342.213
5 2 2548.81 1843.77 1847.51
5 3 3358.09 2333.12 2336.96
5 4 3388.68 2270.97 2274.58
5 5 2389.5 1539.7 1542.75
5 6 1693.26 1051.64 1054.01
5 7 1063.29 642.974 644.576
5 8 662.81 385.367 386.381
5 9 403.788 229.911 230.496
5 10 271.05 147.887 148.236
5 11 164.381 84.8818 85.0625
5 12 117.597 61.6628 61.7387
5 13 81.0283 42.3481 42.3679
5 14 46.0475 18.3066 18.2425
5 15 92.2794 36.8171 36.8523
6 0 0.0379363 0.0450328 0.00143917
6 1 258.456 125.112 125.428
6 2 1873.92 1067.83 1070.04
6 3 2091.8 1220.68 1223.12
6 4 1697.38 987.008 989.156
6 5 1190.42 696.395 698.064
6 6 751.536 429.439 430.548
6 7 461.19 261.813 262.509
6 8 277.712 156.573 156.948
6 9 131.457 67.3614 67.4858
6 10 87.9907 44.4339 44.4865
6 11 52.7749 26.2223 26.1862
6 12 38.6701 19.1679 19.137
6 13 26.5162 14.1242 14.0325
6 14 14.5102 6.06598 5.96048
6 15 28.2713 8.58492 8.48516
7 0 0 0.133719 0
7 1 2.45408 1.71862 1.55435
7 2 112.262 67.3189 67.4236
7 3 987.642 614.462 616.025
7 4 2154.62 1239.7 1242.1
7 5 3024.77 1611.4 1613.69
7 6 3470.09 1859.38 1861.65
7 7 3464.62 1927.04 1929.53
7 8 3099.42 1757.14 1759.73
7 9 2591.94 1469.28 1471.84
7 10 2040.14 1109.49 1111.67
7 11 1628.47 877.577 879.469
7 12 1164.05 612.464 613.924
7 13 806 381.359 382.301
7 14 575.18 289.3 290.035
7 15 1348.41 710.274 711.877
8 0 3.94937 1.53533 1.41516
8 1 16.5378 12.5051 12.4458
8 2 865.506 424.235 425.284
8 3 1808.27 855.659 857.335
8 4 2170.78 1025.15 1026.92
8 5 2151.58 998.614 1000.34
8 6 2071.06 1062.26 1064.27
8 7 1794.33 902.684 904.49
8 8 1412.41 626.211 627.519
8 9 1170.59 584.85 586.215
8 10 899.228 462.238 463.393
8 11 670.641 364.138 365.084
8 12 501.347 261.583 262.253
8 13 345.426 161.99 162.386
8 14 228.197 97.1659 97.3697
8 15 514.174 230.839 231.434
