1440 0
1 0 6514.58 4998.34 5001.56
1 1 0 0.133719 0
2 0 14025 10809.7 10788.2
2 1 0 0.133719 0
3 0 6753.65 34188.1 34277.2
3 1 0 0.133719 0
4 0 9090.59 45716.6 45829.9
4 1 0 0.133719 0
5 0 0 0.133719 0
5 1 467.897 355.933 356.88
5 2 2599.76 1921.86 1925.71
5 3 3421.38 2429.83 2433.91
5 4 3450.04 2364.58 2368.39
5 5 2430.78 1602.64 1605.81
5 6 1720.97 1093.83 1096.29
5 7 1079.97 668.474 670.142
5 8 672.397 399.988 401.039
5 9 409.457 238.514 239.123
5 10 274.768 153.491 153.857
5 11 166.419 87.9575 88.1472
5 12 119.028 63.8803 63.9625
5 13 82.0119 43.8505 43.8748
5 14 46.3957 18.8117 18.7492
5 15 93.0592 37.9328 37.9719
6 0 0.0379363 0.0450328 0.00143917
6 1 261.036 129.016 129.343
6 2 1899.67 1107.36 1109.69
6 3 2122.65 1267.97 1270.5
6 4 1722.43 1025.27 1027.51
6 5 1208.38 723.781 725.523
6 6 762.411 446.119 447.271
6 7 467.672 271.574 272.3
6 8 281.598 162.532 162.924
6 9 133.06 69.7856 69.9173
6 10 89.0325 46.0166 46.074
6 11 53.4066 27.1569 27.1237
6 12 39.1141 19.8201 19.7912
6 13 26.8543 14.6509 14.5607
6 14 14.6216 6.2377 6.13262
6 15 28.4028 8.79281 8.69363
7 0 0 0.133719 0
7 1 2.45408 1.71862 1.55435
7 2 112.29 67.3561 67.461
7 3 988.5 615.782 617.341
7 4 2156.84 1243.06 1245.48
7 5 3028.06 1616.38 1618.71
7 6 3473.9 1865.21 1867.52
7 7 3467.99 1932.11 1934.63
7 8 3102.63 1761.96 1764.58
7 9 2594.58 1473.3 1475.83
7 10 2041.97 1112.22 1114.41
7 11 1630.02 879.976 881.888
7 12 1165.38 614.524 615.972
7 13 806.719 382.427 383.379
7 14 575.557 289.872 290.608
7 15 1349.27 711.568 713.181
8 0 3.94937 1.53533 1.41516
8 1 16.5519 12.5238 12.4645
8 2 866.295 425.46 426.513
8 3 1810.5 859.183 860.839
8 4 2174.49 1030.77 1032.56
8 5 2155.58 1004.66 1006.41
8 6 2074.8 1067.92 1069.94
8 7 1797.34 907.256 909.075
8 8 1414.36 629.141 630.479
8 9 1172.22 587.296 588.654
8 10 900.274 463.793 464.941
8 11 671.216 364.994 365.947
8 12 501.848 262.306 262.982
8 13 345.738 162.456 162.854
8 14 228.301 97.3153 97.5183
8 15 514.477 231.28 231.879
