0.33 0
1 0 33.8662 6.35144 6.22559
1 1 0.000113114 0.00961083 1.27948e-08
2 0 116.752 26.7521 26.7612
2 1 0 0.152266 0
3 0 0 0.152266 0
3 1 6.02344 1.29902 1.15607
3 2 112.55 23.912 23.9004
3 3 281.564 67.7 67.8348
3 4 386.926 76.1328 76.2832
3 5 340.38 62.7605 62.8701
3 6 309.2 63.6684 63.7873
3 7 226.318 48.4185 48.4882
3 8 166.533 42.1603 42.2056
3 9 123.467 32.911 32.8921
3 10 96.963 23.0722 23.0108
3 11 64.0144 15.8476 15.7971
3 12 54.7684 14.3465 14.2504
3 13 38.2939 10.2197 10.1174
3 14 24.2898 6.29441 6.16507
3 15 53.1889 14.3689 14.3287
4 0 0.0392854 0.0506553 0.00154334
4 1 135.26 34.9457 34.9792
4 2 651.704 156.111 156.442
4 3 625.623 133.636 133.908
4 4 445.461 95.4513 95.6447
4 5 275.537 56.8699 56.9731
4 6 204.294 43.3447 43.4063
4 7 152.369 43.3115 43.3726
4 8 95.5662 25.3964 25.3404
4 9 52.0946 13.0808 13.0281
4 10 36.5423 9.31198 9.24696
4 11 20.472 5.13117 5.00855
4 12 17.1892 4.71629 4.61977
4 13 10.0998 2.79454 2.6461
4 14 9.18764 2.41869 2.28828
4 15 23.5098 9.95499 9.83698
5 0 0 0.152266 0
5 1 2.45408 1.74012 1.55435
5 2 110.843 66.4649 66.5505
5 3 943.695 583.962 585.459
5 4 2049.27 1165.8 1168.13
5 5 2869.51 1507.67 1509.92
5 6 3285.42 1747.15 1749.42
5 7 3291.06 1839.54 1842.08
5 8 2957.88 1687.09 1689.76
5 9 2463.3 1418.91 1421.51
5 10 1955.04 1086.76 1088.95
5 11 1538.09 852.899 854.793
5 12 1110.27 597.763 599.199
5 13 777.776 381.801 382.759
5 14 568.23 298.286 299.043
5 15 1310.86 729.056 730.755
6 0 3.9873 1.55744 1.4166
6 1 15.8916 12.094 12.0128
6 2 829.768 396.449 397.432
6 3 1702.7 775.964 777.488
6 4 1995.29 900.984 902.574
6 5 1959.17 868.959 870.528
6 6 1899.27 950.33 952.173
6 7 1646.33 817.078 818.76
6 8 1315.8 578.779 580.031
6 9 1092.36 549.496 550.803
6 10 849.064 444.409 445.529
6 11 650.57 361.63 362.57
6 12 468.451 254.582 255.229
6 13 329.554 160.722 161.096
6 14 226.736 102.135 102.335
6 15 498.951 239.828 240.453
