0.48 0
1 0 34.3639 6.35148 6.22575
1 1 0.00016453 0.00960716 2.707e-08
2 0 118.137 26.7526 26.7618
2 1 0 0.152266 0
3 0 0 0.152266 0
3 1 6.02529 1.29902 1.15607
3 2 112.615 23.9122 23.9004
3 3 281.735 67.7017 67.8349
3 4 387.143 76.1329 76.2833
3 5 340.548 62.7604 62.8702
3 6 309.324 63.6681 63.7874
3 7 226.396 48.4184 48.4883
3 8 166.582 42.1608 42.2056
3 9 123.495 32.9113 32.8921
3 10 96.9823 23.0724 23.0108
3 11 64.0244 15.8476 15.7971
3 12 54.7761 14.3466 14.2504
3 13 38.2997 10.2197 10.1174
3 14 24.2917 6.29442 6.16507
3 15 53.1933 14.369 14.3287
4 0 0.0392854 0.0506553 0.00154334
4 1 135.32 34.9455 34.9792
4 2 652.031 156.11 156.442
4 3 625.93 133.635 133.909
4 4 445.682 95.4487 95.6447
4 5 275.669 56.8699 56.9731
4 6 204.365 43.3453 43.4064
4 7 152.408 43.3113 43.3726
4 8 95.5848 25.3966 25.3404
4 9 52.1031 13.0807 13.0281
4 10 36.5469 9.31202 9.24696
4 11 20.4755 5.13117 5.00855
4 12 17.1909 4.71628 4.61977
4 13 10.1006 2.79453 2.6461
4 14 9.1881 2.41868 2.28828
4 15 23.51 9.95499 9.83698
5 0 0 0.152266 0
5 1 2.45408 1.74012 1.55435
5 2 110.844 66.4649 66.5505
5 3 943.699 583.962 585.459
5 4 2049.28 1165.8 1168.13
5 5 2869.52 1507.67 1509.92
5 6 3285.44 1747.16 1749.42
5 7 3291.07 1839.54 1842.08
5 8 2957.89 1687.09 1689.76
5 9 2463.31 1418.91 1421.51
5 10 1955.05 1086.76 1088.95
5 11 1538.09 852.9 854.793
5 12 1110.27 597.763 599.199
5 13 777.78 381.801 382.759
5 14 568.232 298.286 299.043
5 15 1310.86 729.056 730.755
6 0 3.9873 1.55744 1.4166
6 1 15.8917 12.094 12.0128
6 2 829.772 396.449 397.432
6 3 1702.71 775.964 777.488
6 4 1995.31 900.984 902.574
6 5 1959.19 868.96 870.528
6 6 1899.29 950.33 952.173
6 7 1646.34 817.078 818.76
6 8 1315.81 578.78 580.031
6 9 1092.37 549.496 550.803
6 10 849.069 444.409 445.529
6 11 650.573 361.63 362.57
6 12 468.453 254.583 255.229
6 13 329.556 160.722 161.096
6 14 226.737 102.135 102.335
6 15 498.953 239.829 240.453
