0.78 0
1 0 35.3594 6.3517 6.22624
1 1 0.00026736 0.00959995 7.14816e-08
2 0 120.905 26.7541 26.7636
2 1 0 0.152266 0
3 0 0 0.152266 0
3 1 6.02898 1.29902 1.15607
3 2 112.743 23.9121 23.9005
3 3 282.077 67.7014 67.8351
3 4 387.578 76.1347 76.2836
3 5 340.884 62.7616 62.8704
3 6 309.571 63.669 63.7875
3 7 226.553 48.4189 48.4884
3 8 166.68 42.1606 42.2057
3 9 123.551 32.9111 32.8922
3 10 97.0208 23.0723 23.0108
3 11 64.0442 15.8476 15.7971
3 12 54.7914 14.3465 14.2504
3 13 38.3113 10.2197 10.1174
3 14 24.2953 6.29446 6.16507
3 15 53.2019 14.3691 14.3287
4 0 0.0392854 0.0506553 0.00154334
4 1 135.441 34.9458 34.9793
4 2 652.684 156.113 156.443
4 3 626.544 133.636 133.909
4 4 446.125 95.4504 95.645
4 5 275.933 56.87 56.9733
4 6 204.509 43.3452 43.4065
4 7 152.485 43.3117 43.3727
4 8 95.622 25.3965 25.3404
4 9 52.1201 13.0807 13.0281
4 10 36.5559 9.31198 9.24697
4 11 20.4825 5.13117 5.00856
4 12 17.1944 4.71629 4.61978
4 13 10.1024 2.79453 2.6461
4 14 9.18902 2.41869 2.28828
4 15 23.5105 9.955 9.83698
5 0 0 0.152266 0
5 1 2.45408 1.74012 1.55435
5 2 110.844 66.4649 66.5505
5 3 943.708 583.962 585.459
5 4 2049.3 1165.8 1168.13
5 5 2869.56 1507.67 1509.92
5 6 3285.48 1747.16 1749.42
5 7 3291.11 1839.54 1842.08
5 8 2957.93 1687.09 1689.76
5 9 2463.34 1418.91 1421.51
5 10 1955.07 1086.76 1088.95
5 11 1538.11 852.9 854.793
5 12 1110.29 597.764 599.199
5 13 777.787 381.801 382.759
5 14 568.236 298.286 299.043
5 15 1310.87 729.056 730.755
6 0 3.9873 1.55744 1.4166
6 1 15.8919 12.094 12.0128
6 2 829.78 396.449 397.432
6 3 1702.73 775.965 777.488
6 4 1995.34 900.985 902.574
6 5 1959.23 868.96 870.528
6 6 1899.32 950.331 952.173
6 7 1646.37 817.079 818.76
6 8 1315.83 578.78 580.031
6 9 1092.38 549.497 550.803
6 10 849.08 444.41 445.529
6 11 650.579 361.63 362.57
6 12 468.458 254.583 255.229
6 13 329.559 160.723 161.096
6 14 226.738 102.135 102.335
6 15 498.956 239.829 240.453
