0.84 0
1 0 35.5585 6.35178 6.22637
1 1 0.000287927 0.00959854 8.29018e-08
2 0 121.459 26.7544 26.764
2 1 0 0.152266 0
3 0 0 0.152266 0
3 1 6.02972 1.29902 1.15607
3 2 112.768 23.9123 23.9006
3 3 282.146 67.7009 67.8352
3 4 387.665 76.1337 76.2836
3 5 340.951 62.7593 62.8705
3 6 309.62 63.6681 63.7876
3 7 226.584 48.4183 48.4884
3 8 166.7 42.1608 42.2057
3 9 123.562 32.9112 32.8922
3 10 97.0286 23.0724 23.0108
3 11 64.0481 15.8477 15.7971
3 12 54.7944 14.3465 14.2504
3 13 38.3136 10.2197 10.1174
3 14 24.2961 6.29443 6.16507
3 15 53.2036 14.369 14.3287
4 0 0.0392854 0.0506553 0.00154334
4 1 135.465 34.9457 34.9793
4 2 652.815 156.11 156.443
4 3 626.667 133.638 133.909
4 4 446.213 95.4512 95.6451
4 5 275.986 56.8705 56.9734
4 6 204.537 43.3454 43.4065
4 7 152.501 43.3113 43.3727
4 8 95.6295 25.3966 25.3405
4 9 52.1235 13.0806 13.0281
4 10 36.5577 9.312 9.24697
4 11 20.4839 5.13118 5.00856
4 12 17.1951 4.71629 4.61978
4 13 10.1028 2.79454 2.6461
4 14 9.1892 2.41869 2.28828
4 15 23.5106 9.955 9.83698
5 0 0 0.152266 0
5 1 2.45408 1.74012 1.55435
5 2 110.844 66.4649 66.5505
5 3 943.709 583.962 585.459
5 4 2049.31 1165.8 1168.13
5 5 2869.56 1507.67 1509.92
5 6 3285.49 1747.16 1749.42
5 7 3291.11 1839.54 1842.08
5 8 2957.93 1687.09 1689.76
5 9 2463.35 1418.91 1421.51
5 10 1955.08 1086.76 1088.95
5 11 1538.11 852.9 854.793
5 12 1110.29 597.764 599.199
5 13 777.789 381.801 382.759
5 14 568.237 298.286 299.043
5 15 1310.87 729.056 730.755
6 0 3.9873 1.55744 1.4166
6 1 15.8919 12.094 12.0128
6 2 829.782 396.449 397.432
6 3 1702.73 775.965 777.488
6 4 1995.35 900.985 902.574
6 5 1959.24 868.96 870.528
6 6 1899.33 950.331 952.173
6 7 1646.38 817.079 818.76
6 8 1315.83 578.78 580.031
6 9 1092.39 549.497 550.803
6 10 849.082 444.41 445.529
6 11 650.58 361.63 362.57
6 12 468.459 254.583 255.229
6 13 329.56 160.723 161.096
6 14 226.738 102.135 102.335
6 15 498.957 239.829 240.453
