1.5 0
1 0 37.7485 6.35325 6.22838
1 1 0.000514155 0.00959331 2.64355e-07
2 0 127.549 26.7613 26.7713
2 1 0 0.152266 0
3 0 0 0.152266 0
3 1 6.03785 1.29902 1.15608
3 2 113.05 23.9125 23.9009
3 3 282.899 67.7025 67.8361
3 4 388.622 76.1332 76.2848
3 5 341.69 62.7626 62.8714
3 6 310.164 63.6704 63.7883
3 7 226.929 48.4191 48.4888
3 8 166.917 42.1609 42.206
3 9 123.686 32.9114 32.8923
3 10 97.1135 23.0724 23.0109
3 11 64.0917 15.8477 15.7972
3 12 54.828 14.3466 14.2505
3 13 38.3391 10.2198 10.1174
3 14 24.3042 6.29443 6.16508
3 15 53.2227 14.3691 14.3287
4 0 0.0392854 0.0506553 0.00154334
4 1 135.73 34.946 34.9796
4 2 654.252 156.117 156.445
4 3 628.018 133.639 133.911
4 4 447.188 95.4537 95.6464
4 5 276.566 56.8714 56.9741
4 6 204.852 43.3455 43.4069
4 7 152.671 43.3118 43.3729
4 8 95.7115 25.3967 25.3406
4 9 52.1609 13.0808 13.0282
4 10 36.5775 9.31207 9.24699
4 11 20.4994 5.13118 5.00858
4 12 17.2027 4.71629 4.61979
4 13 10.1067 2.79453 2.6461
4 14 9.19122 2.41869 2.28828
4 15 23.5116 9.95502 9.83698
5 0 0 0.152266 0
5 1 2.45408 1.74012 1.55435
5 2 110.845 66.4649 66.5505
5 3 943.728 583.963 585.459
5 4 2049.36 1165.8 1168.13
5 5 2869.64 1507.67 1509.92
5 6 3285.57 1747.16 1749.42
5 7 3291.19 1839.54 1842.08
5 8 2958 1687.09 1689.76
5 9 2463.4 1418.91 1421.51
5 10 1955.12 1086.76 1088.95
5 11 1538.15 852.901 854.794
5 12 1110.32 597.764 599.199
5 13 777.804 381.801 382.759
5 14 568.245 298.286 299.043
5 15 1310.89 729.057 730.755
6 0 3.9873 1.55744 1.4166
6 1 15.8922 12.0941 12.0128
6 2 829.799 396.45 397.432
6 3 1702.78 775.966 777.488
6 4 1995.43 900.987 902.574
6 5 1959.33 868.962 870.528
6 6 1899.41 950.333 952.173
6 7 1646.45 817.056 818.76
6 8 1315.87 578.781 580.032
6 9 1092.42 549.498 550.803
6 10 849.105 444.41 445.529
6 11 650.592 361.631 362.57
6 12 468.47 254.583 255.229
6 13 329.567 160.723 161.096
6 14 226.74 102.135 102.335
6 15 498.963 239.829 240.453
