1.62 0
1 0 38.1467 6.35365 6.22887
1 1 0.000555287 0.00959847 3.08344e-07
2 0 128.656 26.7628 26.773
2 1 0 0.152266 0
3 0 0 0.152266 0
3 1 6.03933 1.29902 1.15609
3 2 113.101 23.9127 23.901
3 3 283.036 67.7016 67.8364
3 4 388.796 76.1348 76.2852
3 5 341.824 62.7623 62.8716
3 6 310.263 63.6688 63.7884
3 7 226.992 48.4188 48.4889
3 8 166.956 42.1613 42.206
3 9 123.708 32.9113 32.8924
3 10 97.1289 23.0726 23.011
3 11 64.0996 15.8478 15.7972
3 12 54.8342 14.3466 14.2505
3 13 38.3437 10.2197 10.1174
3 14 24.3056 6.29444 6.16508
3 15 53.2261 14.369 14.3287
4 0 0.0392854 0.0506553 0.00154334
4 1 135.778 34.9461 34.9797
4 2 654.513 156.115 156.445
4 3 628.264 133.642 133.911
4 4 447.365 95.4531 95.6466
4 5 276.671 56.8702 56.9743
4 6 204.91 43.346 43.407
4 7 152.702 43.3116 43.3729
4 8 95.7264 25.3966 25.3406
4 9 52.1677 13.0808 13.0282
4 10 36.5811 9.3121 9.247
4 11 20.5022 5.1312 5.00858
4 12 17.2041 4.71631 4.61979
4 13 10.1074 2.79454 2.6461
4 14 9.19159 2.41869 2.28828
4 15 23.5118 9.95502 9.83698
5 0 0 0.152266 0
5 1 2.45408 1.74012 1.55435
5 2 110.845 66.4649 66.5505
5 3 943.732 583.963 585.459
5 4 2049.37 1165.8 1168.13
5 5 2869.65 1507.67 1509.92
5 6 3285.59 1747.16 1749.42
5 7 3291.2 1839.54 1842.08
5 8 2958.02 1687.09 1689.76
5 9 2463.41 1418.91 1421.51
5 10 1955.12 1086.76 1088.95
5 11 1538.15 852.901 854.794
5 12 1110.32 597.764 599.199
5 13 777.807 381.801 382.759
5 14 568.247 298.286 299.043
5 15 1310.9 729.057 730.755
6 0 3.9873 1.55744 1.4166
6 1 15.8922 12.0941 12.0128
6 2 829.802 396.45 397.432
6 3 1702.79 775.966 777.488
6 4 1995.45 900.987 902.574
6 5 1959.34 868.962 870.528
6 6 1899.43 950.333 952.173
6 7 1646.46 817.056 818.76
6 8 1315.88 578.781 580.032
6 9 1092.43 549.498 550.803
6 10 849.109 444.41 445.529
6 11 650.595 361.631 362.57
6 12 468.472 254.583 255.229
6 13 329.568 160.723 161.096
6 14 226.74 102.135 102.335
6 15 498.964 239.829 240.453
