2.13 0
1 0 39.839 6.35567 6.23136
1 1 0.0007301 0.00966648 5.33046e-07
2 0 133.363 26.7714 26.782
2 1 0 0.152266 0
3 0 0 0.152266 0
3 1 6.04561 1.29903 1.1561
3 2 113.319 23.913 23.9014
3 3 283.618 67.7032 67.8375
3 4 389.535 76.1365 76.2866
3 5 342.395 62.7632 62.8728
3 6 310.683 63.6703 63.7893
3 7 227.258 48.4198 48.4895
3 8 167.123 42.1615 42.2064
3 9 123.804 32.9117 32.8926
3 10 97.1945 23.0728 23.0111
3 11 64.1333 15.8479 15.7972
3 12 54.8601 14.3467 14.2506
3 13 38.3635 10.2198 10.1175
3 14 24.3119 6.29443 6.16509
3 15 53.2408 14.3691 14.3288
4 0 0.0392854 0.0506553 0.00154334
4 1 135.983 34.9463 34.9801
4 2 655.624 156.115 156.447
4 3 629.308 133.641 133.913
4 4 448.117 95.454 95.6482
4 5 277.12 56.8724 56.9752
4 6 205.153 43.3463 43.4075
4 7 152.834 43.3122 43.3732
4 8 95.7897 25.3968 25.3407
4 9 52.1966 13.0809 13.0282
4 10 36.5964 9.31207 9.24703
4 11 20.5141 5.1312 5.00861
4 12 17.21 4.71632 4.6198
4 13 10.1104 2.79454 2.64611
4 14 9.19315 2.41869 2.28829
4 15 23.5126 9.95503 9.83698
5 0 0 0.152266 0
5 1 2.45408 1.74012 1.55435
5 2 110.846 66.465 66.5505
5 3 943.747 583.963 585.459
5 4 2049.4 1165.8 1168.13
5 5 2869.71 1507.67 1509.92
5 6 3285.65 1747.16 1749.42
5 7 3291.26 1839.54 1842.08
5 8 2958.07 1687.09 1689.76
5 9 2463.46 1418.91 1421.51
5 10 1955.16 1086.76 1088.95
5 11 1538.18 852.902 854.794
5 12 1110.35 597.765 599.199
5 13 777.82 381.801 382.76
5 14 568.253 298.286 299.043
5 15 1310.91 729.057 730.755
6 0 3.9873 1.55744 1.4166
6 1 15.8925 12.0941 12.0128
6 2 829.816 396.45 397.432
6 3 1702.83 775.967 777.488
6 4 1995.51 900.988 902.574
6 5 1959.41 868.964 870.528
6 6 1899.49 950.335 952.174
6 7 1646.51 817.057 818.76
6 8 1315.92 578.782 580.032
6 9 1092.46 549.498 550.803
6 10 849.127 444.411 445.529
6 11 650.605 361.631 362.57
6 12 468.481 254.583 255.229
6 13 329.573 160.723 161.096
6 14 226.742 102.135 102.335
6 15 498.97 239.829 240.453
