2.22 0
1 0 40.1377 6.3561 6.23187
1 1 0.000760949 0.00968773 5.79043e-07
2 0 134.193 26.7734 26.7839
2 1 0 0.152266 0
3 0 0 0.152266 0
3 1 6.04672 1.29903 1.1561
3 2 113.358 23.9131 23.9015
3 3 283.72 67.7043 67.8378
3 4 389.666 76.1361 76.2869
3 5 342.495 62.7642 62.873
3 6 310.757 63.6711 63.7894
3 7 227.305 48.4203 48.4896
3 8 167.153 42.1613 42.2064
3 9 123.82 32.9115 32.8926
3 10 97.2061 23.0729 23.0111
3 11 64.1393 15.8477 15.7973
3 12 54.8647 14.3467 14.2506
3 13 38.3669 10.2198 10.1175
3 14 24.313 6.29445 6.1651
3 15 53.2434 14.3691 14.3288
4 0 0.0392854 0.0506553 0.00154334
4 1 136.019 34.9467 34.9802
4 2 655.82 156.117 156.448
4 3 629.492 133.643 133.914
4 4 448.25 95.4554 95.6485
4 5 277.199 56.8721 56.9754
4 6 205.196 43.3468 43.4076
4 7 152.857 43.3125 43.3733
4 8 95.8009 25.3969 25.3407
4 9 52.2018 13.0808 13.0282
4 10 36.5991 9.3121 9.24704
4 11 20.5162 5.13122 5.00861
4 12 17.211 4.71628 4.6198
4 13 10.111 2.79454 2.64611
4 14 9.19343 2.41869 2.28829
4 15 23.5127 9.95503 9.83698
5 0 0 0.152266 0
5 1 2.45408 1.74012 1.55435
5 2 110.846 66.465 66.5505
5 3 943.749 583.963 585.459
5 4 2049.41 1165.8 1168.13
5 5 2869.72 1507.67 1509.92
5 6 3285.67 1747.16 1749.42
5 7 3291.27 1839.54 1842.08
5 8 2958.08 1687.09 1689.76
5 9 2463.47 1418.91 1421.51
5 10 1955.16 1086.76 1088.95
5 11 1538.18 852.902 854.794
5 12 1110.35 597.765 599.199
5 13 777.822 381.801 382.76
5 14 568.254 298.286 299.043
5 15 1310.91 729.057 730.755
6 0 3.9873 1.55744 1.4166
6 1 15.8925 12.0941 12.0128
6 2 829.819 396.45 397.432
6 3 1702.84 775.967 777.488
6 4 1995.52 900.988 902.574
6 5 1959.42 868.964 870.529
6 6 1899.51 950.335 952.174
6 7 1646.52 817.057 818.76
6 8 1315.92 578.782 580.032
6 9 1092.46 549.498 550.803
6 10 849.13 444.411 445.529
6 11 650.606 361.631 362.57
6 12 468.482 254.583 255.229
6 13 329.574 160.723 161.096
6 14 226.743 102.135 102.335
6 15 498.971 239.829 240.453
