2.28 0
1 0 40.3368 6.3564 6.23222
1 1 0.000781515 0.00970352 6.10766e-07
2 0 134.747 26.7747 26.7852
2 1 0 0.152266 0
3 0 0 0.152266 0
3 1 6.04746 1.29903 1.1561
3 2 113.383 23.9131 23.9016
3 3 283.789 67.7051 67.838
3 4 389.753 76.137 76.2871
3 5 342.563 62.7634 62.8732
3 6 310.807 63.6716 63.7896
3 7 227.336 48.419 48.4896
3 8 167.172 42.1615 42.2065
3 9 123.832 32.9116 32.8926
3 10 97.2138 23.0725 23.0111
3 11 64.1432 15.8477 15.7973
3 12 54.8678 14.3466 14.2506
3 13 38.3693 10.2198 10.1175
3 14 24.3137 6.29445 6.1651
3 15 53.2452 14.369 14.3288
4 0 0.0392854 0.0506553 0.00154334
4 1 136.043 34.9466 34.9803
4 2 655.951 156.119 156.448
4 3 629.615 133.645 133.914
4 4 448.339 95.4564 95.6487
4 5 277.251 56.8726 56.9755
4 6 205.225 43.347 43.4076
4 7 152.872 43.3121 43.3733
4 8 95.8083 25.3968 25.3408
4 9 52.2052 13.0808 13.0282
4 10 36.601 9.31212 9.24704
4 11 20.5176 5.13124 5.00861
4 12 17.2117 4.71629 4.6198
4 13 10.1113 2.79454 2.64611
4 14 9.19361 2.41869 2.28829
4 15 23.5128 9.95504 9.83698
5 0 0 0.152266 0
5 1 2.45408 1.74012 1.55435
5 2 110.846 66.465 66.5505
5 3 943.751 583.963 585.459
5 4 2049.41 1165.8 1168.13
5 5 2869.73 1507.67 1509.92
5 6 3285.67 1747.16 1749.42
5 7 3291.28 1839.55 1842.08
5 8 2958.09 1687.1 1689.76
5 9 2463.47 1418.91 1421.51
5 10 1955.17 1086.76 1088.95
5 11 1538.19 852.902 854.794
5 12 1110.35 597.765 599.199
5 13 777.823 381.801 382.76
5 14 568.255 298.286 299.043
5 15 1310.91 729.057 730.755
6 0 3.9873 1.55744 1.4166
6 1 15.8926 12.0941 12.0128
6 2 829.82 396.45 397.432
6 3 1702.84 775.967 777.488
6 4 1995.53 900.989 902.575
6 5 1959.43 868.964 870.529
6 6 1899.51 950.335 952.174
6 7 1646.53 817.057 818.76
6 8 1315.93 578.782 580.032
6 9 1092.46 549.499 550.803
6 10 849.132 444.411 445.529
6 11 650.607 361.631 362.57
6 12 468.483 254.583 255.229
6 13 329.575 160.723 161.096
6 14 226.743 102.135 102.335
6 15 498.971 239.829 240.453
