2.49 0
1 0 41.0336 6.35759 6.23353
1 1 0.000853497 0.00976917 7.28457e-07
2 0 136.685 26.7793 26.7899
2 1 0 0.152266 0
3 0 0 0.152266 0
3 1 6.05004 1.29903 1.15611
3 2 113.473 23.9131 23.9018
3 3 284.029 67.7054 67.8386
3 4 390.057 76.1382 76.2879
3 5 342.798 62.7642 62.8738
3 6 310.98 63.6708 63.79
3 7 227.446 48.4202 48.4899
3 8 167.241 42.1617 42.2067
3 9 123.871 32.9118 32.8927
3 10 97.2408 23.0728 23.0112
3 11 64.1571 15.8479 15.7973
3 12 54.8785 14.3466 14.2506
3 13 38.3774 10.2198 10.1175
3 14 24.3163 6.29448 6.16511
3 15 53.2512 14.3691 14.3288
4 0 0.0392854 0.0506553 0.00154334
4 1 136.127 34.9468 34.9805
4 2 656.408 156.12 156.449
4 3 630.045 133.642 133.915
4 4 448.649 95.4552 95.6495
4 5 277.436 56.8723 56.976
4 6 205.325 43.3467 43.4079
4 7 152.926 43.3123 43.3734
4 8 95.8344 25.3968 25.3408
4 9 52.2171 13.0809 13.0283
4 10 36.6073 9.31206 9.24706
4 11 20.5225 5.13123 5.00863
4 12 17.2141 4.71632 4.61981
4 13 10.1126 2.79454 2.64612
4 14 9.19425 2.41869 2.28829
4 15 23.5131 9.95504 9.83698
5 0 0 0.152266 0
5 1 2.45408 1.74012 1.55435
5 2 110.847 66.465 66.5505
5 3 943.757 583.963 585.459
5 4 2049.43 1165.8 1168.13
5 5 2869.75 1507.67 1509.92
5 6 3285.7 1747.16 1749.42
5 7 3291.3 1839.55 1842.08
5 8 2958.11 1687.1 1689.76
5 9 2463.49 1418.91 1421.51
5 10 1955.18 1086.76 1088.95
5 11 1538.2 852.902 854.794
5 12 1110.36 597.765 599.199
5 13 777.828 381.802 382.76
5 14 568.258 298.287 299.043
5 15 1310.92 729.057 730.755
6 0 3.9873 1.55744 1.4166
6 1 15.8926 12.0941 12.0128
6 2 829.826 396.45 397.432
6 3 1702.86 775.967 777.488
6 4 1995.56 900.989 902.575
6 5 1959.46 868.965 870.529
6 6 1899.54 950.336 952.174
6 7 1646.55 817.058 818.761
6 8 1315.94 578.782 580.032
6 9 1092.48 549.499 550.803
6 10 849.139 444.411 445.529
6 11 650.611 361.631 362.57
6 12 468.487 254.583 255.229
6 13 329.577 160.723 161.096
6 14 226.743 102.135 102.335
6 15 498.973 239.829 240.453
