2.73 0
1 0 41.83 6.35897 6.23516
1 1 0.000935762 0.00986325 8.7565e-07
2 0 138.899 26.7847 26.7958
2 1 0 0.152266 0
3 0 0 0.152266 0
3 1 6.053 1.29903 1.15612
3 2 113.575 23.9136 23.9021
3 3 284.302 67.7062 67.8393
3 4 390.405 76.1401 76.2889
3 5 343.066 62.7654 62.8745
3 6 311.177 63.6715 63.7906
3 7 227.571 48.4198 48.4903
3 8 167.32 42.1615 42.2069
3 9 123.916 32.9119 32.8929
3 10 97.2717 23.0726 23.0113
3 11 64.173 15.8478 15.7973
3 12 54.8907 14.3468 14.2506
3 13 38.3867 10.2198 10.1175
3 14 24.3193 6.29444 6.16511
3 15 53.2581 14.3691 14.3288
4 0 0.0392854 0.0506553 0.00154334
4 1 136.224 34.9471 34.9808
4 2 656.931 156.122 156.451
4 3 630.536 133.647 133.916
4 4 449.003 95.4567 95.6505
4 5 277.647 56.8735 56.9766
4 6 205.44 43.3472 43.4082
4 7 152.988 43.3121 43.3736
4 8 95.8642 25.3969 25.3409
4 9 52.2307 13.0808 13.0283
4 10 36.6145 9.31215 9.24708
4 11 20.5281 5.13126 5.00864
4 12 17.2169 4.7163 4.61982
4 13 10.114 2.79454 2.64612
4 14 9.19499 2.4187 2.28829
4 15 23.5135 9.95505 9.83698
5 0 0 0.152266 0
5 1 2.45408 1.74012 1.55435
5 2 110.847 66.465 66.5505
5 3 943.764 583.964 585.459
5 4 2049.45 1165.8 1168.13
5 5 2869.78 1507.67 1509.92
5 6 3285.73 1747.16 1749.42
5 7 3291.33 1839.55 1842.08
5 8 2958.14 1687.1 1689.76
5 9 2463.51 1418.91 1421.51
5 10 1955.19 1086.76 1088.95
5 11 1538.21 852.902 854.794
5 12 1110.37 597.766 599.199
5 13 777.834 381.802 382.76
5 14 568.261 298.287 299.043
5 15 1310.93 729.058 730.755
6 0 3.9873 1.55744 1.4166
6 1 15.8928 12.0941 12.0128
6 2 829.832 396.45 397.432
6 3 1702.88 775.968 777.488
6 4 1995.59 900.99 902.575
6 5 1959.49 868.966 870.529
6 6 1899.57 950.336 952.174
6 7 1646.57 817.058 818.761
6 8 1315.96 578.783 580.032
6 9 1092.49 549.499 550.803
6 10 849.148 444.411 445.529
6 11 650.616 361.631 362.57
6 12 468.491 254.583 255.229
6 13 329.579 160.723 161.096
6 14 226.744 102.135 102.335
6 15 498.976 239.829 240.453
