2.79 0
1 0 42.0291 6.35938 6.23559
1 1 0.000956328 0.00988971 9.14563e-07
2 0 139.453 26.7863 26.7973
2 1 0 0.152266 0
3 0 0 0.152266 0
3 1 6.05374 1.29904 1.15612
3 2 113.601 23.9139 23.9022
3 3 284.371 67.7046 67.8395
3 4 390.492 76.1392 76.2892
3 5 343.133 62.7661 62.8747
3 6 311.227 63.6721 63.7907
3 7 227.603 48.4202 48.4904
3 8 167.34 42.1618 42.207
3 9 123.927 32.9121 32.8929
3 10 97.2794 23.0727 23.0113
3 11 64.1769 15.8478 15.7974
3 12 54.8937 14.3468 14.2506
3 13 38.389 10.2198 10.1175
3 14 24.32 6.29445 6.16512
3 15 53.2599 14.3692 14.3288
4 0 0.0392854 0.0506553 0.00154334
4 1 136.248 34.9469 34.9808
4 2 657.061 156.124 156.451
4 3 630.659 133.648 133.917
4 4 449.092 95.4577 95.6507
4 5 277.7 56.8729 56.9767
4 6 205.469 43.3468 43.4083
4 7 153.004 43.3123 43.3736
4 8 95.8717 25.397 25.3409
4 9 52.2341 13.0809 13.0283
4 10 36.6163 9.31217 9.24708
4 11 20.5296 5.13127 5.00864
4 12 17.2176 4.71631 4.61982
4 13 10.1144 2.79454 2.64612
4 14 9.19517 2.4187 2.28829
4 15 23.5136 9.95505 9.83698
5 0 0 0.152266 0
5 1 2.45408 1.74012 1.55435
5 2 110.847 66.465 66.5505
5 3 943.766 583.964 585.459
5 4 2049.45 1165.8 1168.13
5 5 2869.78 1507.67 1509.92
5 6 3285.74 1747.16 1749.42
5 7 3291.34 1839.55 1842.08
5 8 2958.14 1687.1 1689.76
5 9 2463.52 1418.91 1421.51
5 10 1955.2 1086.76 1088.95
5 11 1538.21 852.902 854.794
5 12 1110.38 597.766 599.199
5 13 777.835 381.802 382.76
5 14 568.261 298.287 299.043
5 15 1310.93 729.058 730.755
6 0 3.9873 1.55744 1.4166
6 1 15.8928 12.0941 12.0128
6 2 829.834 396.45 397.432
6 3 1702.88 775.968 777.488
6 4 1995.6 900.99 902.575
6 5 1959.5 868.966 870.529
6 6 1899.58 950.336 952.174
6 7 1646.58 817.058 818.761
6 8 1315.96 578.783 580.032
6 9 1092.49 549.499 550.803
6 10 849.15 444.411 445.529
6 11 650.617 361.631 362.57
6 12 468.492 254.583 255.229
6 13 329.58 160.723 161.096
6 14 226.745 102.135 102.335
6 15 498.976 239.829 240.453
