2.85 0
1 0 42.2282 6.35974 6.23603
1 1 0.000976894 0.0099174 9.54322e-07
2 0 140.007 26.7876 26.7989
2 1 0 0.152266 0
3 0 0 0.152266 0
3 1 6.05448 1.29904 1.15612
3 2 113.627 23.9135 23.9023
3 3 284.439 67.7054 67.8397
3 4 390.579 76.1401 76.2894
3 5 343.201 62.7653 62.8749
3 6 311.276 63.6726 63.7908
3 7 227.634 48.4205 48.4905
3 8 167.359 42.162 42.207
3 9 123.938 32.9118 32.8929
3 10 97.2871 23.0728 23.0113
3 11 64.1809 15.8478 15.7974
3 12 54.8968 14.3467 14.2507
3 13 38.3913 10.2198 10.1176
3 14 24.3207 6.29446 6.16512
3 15 53.2616 14.3692 14.3288
4 0 0.0392854 0.0506553 0.00154334
4 1 136.272 34.9472 34.9809
4 2 657.192 156.125 156.452
4 3 630.782 133.646 133.917
4 4 449.18 95.4565 95.651
4 5 277.753 56.8735 56.9769
4 6 205.497 43.3471 43.4084
4 7 153.019 43.3125 43.3737
4 8 95.8791 25.3971 25.341
4 9 52.2375 13.0809 13.0283
4 10 36.6181 9.31219 9.24709
4 11 20.531 5.13123 5.00865
4 12 17.2183 4.71631 4.61982
4 13 10.1147 2.79454 2.64612
4 14 9.19535 2.4187 2.28829
4 15 23.5137 9.95505 9.83698
5 0 0 0.152266 0
5 1 2.45408 1.74012 1.55435
5 2 110.847 66.465 66.5505
5 3 943.768 583.964 585.459
5 4 2049.46 1165.8 1168.13
5 5 2869.79 1507.67 1509.92
5 6 3285.75 1747.16 1749.42
5 7 3291.34 1839.55 1842.08
5 8 2958.15 1687.1 1689.76
5 9 2463.52 1418.91 1421.51
5 10 1955.2 1086.76 1088.95
5 11 1538.22 852.903 854.794
5 12 1110.38 597.766 599.199
5 13 777.837 381.802 382.76
5 14 568.262 298.287 299.043
5 15 1310.93 729.058 730.755
6 0 3.9873 1.55744 1.4166
6 1 15.8928 12.0941 12.0128
6 2 829.835 396.451 397.432
6 3 1702.89 775.968 777.488
6 4 1995.6 900.99 902.575
6 5 1959.51 868.966 870.529
6 6 1899.58 950.337 952.174
6 7 1646.58 817.059 818.761
6 8 1315.96 578.783 580.032
6 9 1092.5 549.499 550.803
6 10 849.152 444.411 445.529
6 11 650.618 361.631 362.57
6 12 468.493 254.583 255.229
6 13 329.581 160.723 161.096
6 14 226.745 102.135 102.335
6 15 498.977 239.829 240.453
