2.94 0
1 0 42.5268 6.3604 6.23671
1 1 0.00100774 0.00996099 1.01555e-06
2 0 140.837 26.7896 26.8014
2 1 0 0.152266 0
3 0 0 0.152266 0
3 1 6.05558 1.29905 1.15613
3 2 113.665 23.9139 23.9024
3 3 284.542 67.7067 67.8401
3 4 390.709 76.1397 76.2898
3 5 343.301 62.7649 62.8753
3 6 311.35 63.6721 63.7911
3 7 227.681 48.421 48.4906
3 8 167.389 42.1624 42.2071
3 9 123.955 32.9117 32.893
3 10 97.2987 23.0729 23.0114
3 11 64.1868 15.8479 15.7974
3 12 54.9014 14.3467 14.2507
3 13 38.3948 10.2198 10.1176
3 14 24.3218 6.29447 6.16512
3 15 53.2642 14.3691 14.3288
4 0 0.0392854 0.0506553 0.00154334
4 1 136.308 34.9477 34.981
4 2 657.388 156.119 156.452
4 3 630.966 133.644 133.918
4 4 449.313 95.458 95.6514
4 5 277.832 56.8743 56.9771
4 6 205.54 43.3476 43.4085
4 7 153.042 43.3128 43.3738
4 8 95.8903 25.397 25.341
4 9 52.2426 13.081 13.0284
4 10 36.6208 9.31215 9.24709
4 11 20.5331 5.13125 5.00866
4 12 17.2193 4.71633 4.61982
4 13 10.1152 2.79455 2.64612
4 14 9.19563 2.41869 2.28829
4 15 23.5138 9.95505 9.83699
5 0 0 0.152266 0
5 1 2.45408 1.74012 1.55435
5 2 110.847 66.465 66.5505
5 3 943.77 583.964 585.459
5 4 2049.46 1165.8 1168.13
5 5 2869.8 1507.68 1509.92
5 6 3285.76 1747.16 1749.42
5 7 3291.35 1839.55 1842.08
5 8 2958.16 1687.1 1689.76
5 9 2463.53 1418.91 1421.51
5 10 1955.21 1086.76 1088.95
5 11 1538.22 852.903 854.794
5 12 1110.38 597.766 599.199
5 13 777.839 381.802 382.76
5 14 568.263 298.287 299.043
5 15 1310.93 729.058 730.755
6 0 3.9873 1.55744 1.4166
6 1 15.8929 12.0941 12.0128
6 2 829.838 396.451 397.432
6 3 1702.89 775.968 777.488
6 4 1995.61 900.99 902.575
6 5 1959.52 868.966 870.529
6 6 1899.6 950.337 952.174
6 7 1646.59 817.059 818.761
6 8 1315.97 578.783 580.032
6 9 1092.5 549.499 550.803
6 10 849.155 444.411 445.529
6 11 650.62 361.631 362.57
6 12 468.494 254.583 255.229
6 13 329.582 160.723 161.096
6 14 226.745 102.135 102.335
6 15 498.978 239.829 240.453
