15 0
1 0 109.737 7.48482 7.40176
1 1 0 0.133719 0
2 0 263.934 23.5082 23.5166
2 1 0 0.133719 0
3 0 95.4745 13.6265 13.5511
3 1 0 0.133719 0
4 0 237.321 72.8462 72.9691
4 1 0 0.133719 0
5 0 0 0.133719 0
5 1 11.2486 1.32889 1.20777
5 2 179.617 29.2594 29.2836
5 3 415.111 82.6883 82.8571
5 4 535.37 93.4122 93.5916
5 5 470.231 76.4928 76.6354
5 6 404.939 70.8219 70.9564
5 7 287.489 50.0975 50.1795
5 8 217.027 45.5165 45.5856
5 9 140.176 29.9377 29.9269
5 10 98.1441 17.5964 17.544
5 11 69.6294 13.3855 13.3434
5 12 51.0954 10.1243 10.0355
5 13 35.2902 7.4265 7.33444
5 14 29.8576 6.56438 6.46278
5 15 56.0224 10.8691 10.8226
6 0 0.0379363 0.0450328 0.00143917
6 1 138.486 34.3686 34.412
6 2 676.582 147.741 148.041
6 3 657.455 121.394 121.626
6 4 532.655 97.2382 97.4322
6 5 355.211 59.5312 59.6407
6 6 245.838 41.6722 41.733
6 7 159.786 34.8277 34.8689
6 8 96.9876 18.059 18.0077
6 9 56.9304 11.006 10.9535
6 10 39.5473 7.64091 7.57699
6 11 23.3999 4.49576 4.39023
6 12 18.0215 4.00634 3.92747
6 13 10.7923 1.87932 1.75214
6 14 9.33259 2.07312 1.95805
6 15 22.1548 3.75238 3.63819
7 0 0 0.133719 0
7 1 2.45408 1.71862 1.55435
7 2 110.957 66.4522 66.5538
7 3 947.763 583.933 585.428
7 4 2051.53 1161.12 1163.44
7 5 2871.4 1494.74 1496.94
7 6 3293.22 1722.98 1725.18
7 7 3308.13 1808.63 1811.03
7 8 2950.01 1644.39 1646.92
7 9 2469.18 1376.52 1378.95
7 10 1955.17 1045.73 1047.79
7 11 1556.41 821.42 823.217
7 12 1102.08 564.961 566.309
7 13 772.6 356.351 357.238
7 14 557.661 276.026 276.725
7 15 1308.67 679.998 681.555
8 0 3.94937 1.53533 1.41516
8 1 15.8853 12.072 12.011
8 2 828.794 395.745 396.725
8 3 1704.71 774.362 775.862
8 4 1998.4 894.159 895.727
8 5 1965.71 857.742 859.243
8 6 1897.05 930.678 932.461
8 7 1654.3 796.277 797.899
8 8 1321.71 557.502 558.685
8 9 1095.15 528.257 529.499
8 10 850.576 426.328 427.395
8 11 643.905 344.126 345.026
8 12 478.06 244.681 245.305
8 13 330.936 151.136 151.5
8 14 223.372 93.7221 93.9147
8 15 500.066 220.529 221.094
