150 0
1 0 716.512 61.0396 61.0557
1 1 0 0.133719 0
2 0 1567.61 139.409 139.166
2 1 0 0.133719 0
3 0 726.249 380.692 381.657
3 1 0 0.133719 0
4 0 1076.05 563.2 564.552
4 1 0 0.133719 0
5 0 0 0.133719 0
5 1 54.51 5.13158 5.02888
5 2 408.893 49.5854 49.6576
5 3 699.916 107.941 108.115
5 4 811.497 117.868 118.031
5 5 655.967 92.9212 93.0639
5 6 529.615 81.8258 81.9719
5 7 362.566 56.7435 56.84
5 8 260.167 49.3243 49.4044
5 9 165.687 32.1756 32.1744
5 10 114.877 19.0539 19.0084
5 11 78.7989 14.1854 14.147
5 12 57.531 10.7006 10.6148
5 13 39.7165 7.81698 7.72701
5 14 31.4243 6.6956 6.59478
5 15 59.5311 11.1594 11.1143
6 0 0.0379363 0.0450328 0.00143917
6 1 150.096 35.3845 35.4318
6 2 792.454 158.082 158.373
6 3 796.262 133.752 133.968
6 4 645.37 107.234 107.424
6 5 436.037 66.6737 66.7945
6 6 294.777 46.0181 46.0899
6 7 188.954 37.3697 37.4197
6 8 114.477 19.6089 19.5646
6 9 64.1427 11.6364 11.5869
6 10 44.2354 8.05244 7.99058
6 11 26.2427 4.73857 4.63447
6 12 20.0197 4.17575 4.0979
6 13 12.314 2.01623 1.88975
6 14 9.83366 2.11763 2.0029
6 15 22.7467 3.80643 3.6925
7 0 0 0.133719 0
7 1 2.45408 1.71862 1.55435
7 2 111.083 66.4621 66.5636
7 3 951.622 584.289 585.771
7 4 2061.51 1162.03 1164.32
7 5 2886.24 1496.05 1498.25
7 6 3310.33 1724.57 1726.71
7 7 3323.28 1809.98 1812.36
7 8 2964.47 1645.65 1648.18
7 9 2481.06 1377.57 1379.99
7 10 1963.39 1046.44 1048.51
7 11 1563.38 822.067 823.847
7 12 1108.08 565.495 566.843
7 13 775.832 356.63 357.519
7 14 559.356 276.175 276.874
7 15 1312.51 680.338 681.895
8 0 3.94937 1.53533 1.41516
8 1 15.9485 12.0768 12.0158
8 2 832.346 396.064 397.045
8 3 1714.73 775.29 776.775
8 4 2015.08 895.652 897.197
8 5 1983.7 859.338 860.824
8 6 1913.89 932.155 933.938
8 7 1667.85 797.464 799.094
8 8 1330.48 558.274 559.456
8 9 1102.45 528.887 530.134
8 10 855.284 426.733 427.798
8 11 646.492 344.35 345.251
8 12 480.313 244.872 245.495
8 13 332.339 151.258 151.622
8 14 223.839 93.7606 93.9534
8 15 501.431 220.643 221.21
