240 0
1 0 1121.03 145.518 145.601
1 1 0 0.133719 0
2 0 2436.73 322.051 321.401
2 1 0 0.133719 0
3 0 1146.77 959.214 961.704
3 1 0 0.133719 0
4 0 1635.21 1335.91 1339.17
4 1 0 0.133719 0
5 0 0 0.133719 0
5 1 83.351 11.1298 11.05
5 2 561.744 81.6243 81.7621
5 3 889.786 147.698 147.916
5 4 995.582 156.355 156.54
5 5 779.791 118.773 118.951
5 6 612.733 99.1534 99.3297
5 7 412.618 67.2134 67.3353
5 8 288.927 55.3247 55.4218
5 9 182.694 35.7054 35.7159
5 10 126.032 21.3531 21.3161
5 11 84.912 15.4472 15.4133
5 12 61.8215 11.6099 11.5278
5 13 42.6673 8.43314 8.3456
5 14 32.4688 6.90272 6.80277
5 15 61.8703 11.6173 11.5739
6 0 0.0379363 0.0450328 0.00143917
6 1 157.836 36.9866 37.0389
6 2 869.701 174.347 174.652
6 3 888.8 153.183 153.418
6 4 720.514 122.953 123.17
6 5 489.922 77.9246 78.0672
6 6 327.402 52.8639 52.9552
6 7 208.399 41.3767 41.4391
6 8 126.137 22.0533 22.0179
6 9 68.9508 12.631 12.5851
6 10 47.3607 8.70165 8.64229
6 11 28.1378 5.12196 5.01932
6 12 21.3519 4.44326 4.36646
6 13 13.3284 2.23243 2.10659
6 14 10.1677 2.18805 2.07357
6 15 23.1413 3.89168 3.77808
7 0 0 0.133719 0
7 1 2.45408 1.71862 1.55435
7 2 111.168 66.4771 66.5789
7 3 954.195 584.82 586.311
7 4 2068.16 1163.39 1165.71
7 5 2896.14 1498.16 1500.31
7 6 3321.74 1726.96 1729.12
7 7 3333.37 1812.11 1814.45
7 8 2974.11 1647.69 1650.17
7 9 2488.98 1379.21 1381.63
7 10 1968.87 1047.56 1049.64
7 11 1568.03 823.067 824.84
7 12 1112.08 566.343 567.683
7 13 777.987 357.071 357.961
7 14 560.487 276.407 277.109
7 15 1315.08 680.879 682.43
8 0 3.94937 1.53533 1.41516
8 1 15.9906 12.0844 12.0235
8 2 834.715 396.567 397.549
8 3 1721.41 776.72 778.214
8 4 2026.2 897.963 899.514
8 5 1995.69 861.835 863.315
8 6 1925.12 934.5 936.265
8 7 1676.89 799.355 800.976
8 8 1336.34 559.495 560.671
8 9 1107.32 529.892 531.136
8 10 858.423 427.369 428.434
8 11 648.217 344.707 345.605
8 12 481.816 245.171 245.794
8 13 333.273 151.449 151.814
8 14 224.15 93.8206 94.0144
8 15 502.341 220.821 221.393
