270 0
1 0 1255.87 182.348 182.455
1 1 0 0.133719 0
2 0 2726.43 401.68 400.837
2 1 0 0.133719 0
3 0 1286.94 1211.38 1214.54
3 1 0 0.133719 0
4 0 1821.59 1672.74 1676.82
4 1 0 0.133719 0
5 0 0 0.133719 0
5 1 92.9646 13.745 13.6746
5 2 612.695 95.5894 95.7563
5 3 953.076 165.026 165.265
5 4 1056.94 173.118 173.327
5 5 821.066 130.041 130.235
5 6 640.439 106.704 106.896
5 7 429.302 71.7777 71.9102
5 8 298.514 57.9406 58.0448
5 9 188.363 37.244 37.2596
5 10 129.751 22.3558 22.322
5 11 86.9496 15.9973 15.9653
5 12 63.2516 12.0065 11.9257
5 13 43.651 8.70184 8.61524
5 14 32.817 6.99309 6.89344
5 15 62.65 11.8168 11.7743
6 0 0.0379363 0.0450328 0.00143917
6 1 160.416 37.6849 37.7394
6 2 895.45 181.435 181.749
6 3 919.647 161.652 161.896
6 4 745.561 129.809 130.033
6 5 507.883 82.8273 82.9809
6 6 338.277 55.8496 55.9478
6 7 214.881 43.1236 43.1912
6 8 130.023 23.1192 23.0873
6 9 70.5536 13.0645 13.0202
6 10 48.4025 8.98481 8.92637
6 11 28.7695 5.28908 5.18708
6 12 21.796 4.55989 4.48352
6 13 13.6666 2.32669 2.20111
6 14 10.279 2.21877 2.10437
6 15 23.2728 3.92886 3.81539
7 0 0 0.133719 0
7 1 2.45408 1.71862 1.55435
7 2 111.196 66.4843 66.5856
7 3 955.053 585.058 586.546
7 4 2070.37 1164.03 1166.31
7 5 2899.43 1498.99 1501.21
7 6 3325.55 1728 1730.17
7 7 3336.74 1812.93 1815.36
7 8 2977.32 1648.55 1651.04
7 9 2491.62 1379.92 1382.35
7 10 1970.7 1048.08 1050.13
7 11 1569.58 823.476 825.273
7 12 1113.41 566.701 568.05
7 13 778.705 357.266 358.154
7 14 560.863 276.514 277.211
7 15 1315.93 681.125 682.664
8 0 3.94937 1.53533 1.41516
8 1 16.0046 12.0877 12.0269
8 2 835.505 396.788 397.769
8 3 1723.64 777.324 778.841
8 4 2029.91 898.985 900.523
8 5 1999.69 862.907 864.401
8 6 1928.86 935.505 937.28
8 7 1679.9 800.191 801.796
8 8 1338.29 560.029 561.201
8 9 1108.94 530.336 531.572
8 10 859.469 427.642 428.711
8 11 648.792 344.857 345.76
8 12 482.316 245.3 245.925
8 13 333.585 151.532 151.898
8 14 224.254 93.8482 94.041
8 15 502.645 220.904 221.472
