300 0
1 0 1390.71 223.499 223.644
1 1 0 0.133719 0
2 0 3016.14 490.633 489.618
2 1 0 0.133719 0
3 0 1427.11 1493.25 1497.13
3 1 0 0.133719 0
4 0 2007.97 2049.18 2054.2
4 1 0 0.133719 0
5 0 0 0.133719 0
5 1 102.578 16.6682 16.608
5 2 663.645 111.2 111.397
5 3 1016.37 184.387 184.655
5 4 1118.3 191.863 192.088
5 5 862.34 142.632 142.847
5 6 668.145 115.143 115.352
5 7 445.986 76.8763 77.0232
5 8 308.101 60.8644 60.9764
5 9 194.032 38.964 38.9849
5 10 133.469 23.4762 23.4462
5 11 88.9873 16.6121 16.5823
5 12 64.6818 12.4497 12.3705
5 13 44.6346 9.00202 8.9166
5 14 33.1652 7.09405 6.99477
5 15 63.4297 12.0401 11.9982
6 0 0.0379363 0.0450328 0.00143917
6 1 162.996 38.4652 38.5224
6 2 921.2 189.359 189.68
6 3 950.493 171.111 171.371
6 4 770.609 137.466 137.704
6 5 525.844 88.3074 88.4727
6 6 349.153 59.1849 59.2924
6 7 221.363 45.0764 45.1494
6 8 133.91 24.31 24.2825
6 9 72.1563 13.5493 13.5065
6 10 49.4443 9.30119 9.24387
6 11 29.4013 5.47592 5.37457
6 12 22.24 4.69029 4.61435
6 13 14.0047 2.43205 2.30674
6 14 10.3904 2.25311 2.1388
6 15 23.4044 3.97042 3.85708
7 0 0 0.133719 0
7 1 2.45408 1.71862 1.55435
7 2 111.224 66.4912 66.5931
7 3 955.91 585.325 586.81
7 4 2072.59 1164.71 1166.99
7 5 2902.73 1500.04 1502.22
7 6 3329.35 1729.23 1731.34
7 7 3340.1 1814 1816.38
7 8 2980.54 1649.51 1652.01
7 9 2494.26 1380.71 1383.15
7 10 1972.53 1048.62 1050.68
7 11 1571.13 823.982 825.757
7 12 1114.74 567.1 568.46
7 13 779.423 357.481 358.37
7 14 561.24 276.624 277.326
7 15 1316.79 681.362 682.925
8 0 3.94937 1.53533 1.41516
8 1 16.0187 12.0914 12.0306
8 2 836.294 397.034 398.015
8 3 1725.87 778.05 779.542
8 4 2033.61 900.092 901.652
8 5 2003.69 864.163 865.615
8 6 1932.6 936.655 938.414
8 7 1682.91 801.12 802.713
8 8 1340.24 560.608 561.793
8 9 1110.57 530.818 532.06
8 10 860.516 427.957 429.02
8 11 649.367 345.038 345.932
8 12 482.817 245.445 246.071
8 13 333.897 151.625 151.991
8 14 224.358 93.8777 94.0707
8 15 502.948 220.988 221.561
