315 0
1 0 1458.13 245.714 245.864
1 1 0 0.133719 0
2 0 3160.99 538.595 537.514
2 1 0 0.133719 0
3 0 1497.2 1645.29 1649.58
3 1 0 0.133719 0
4 0 2101.17 2252.25 2257.78
4 1 0 0.133719 0
5 0 0 0.133719 0
5 1 107.385 18.2453 18.1905
5 2 689.12 119.622 119.835
5 3 1048.01 194.841 195.116
5 4 1148.99 201.974 202.209
5 5 882.978 149.426 149.651
5 6 681.998 119.701 119.914
5 7 454.328 79.6281 79.7816
5 8 312.894 62.4409 62.5579
5 9 196.867 39.8916 39.9157
5 10 135.328 24.0806 24.0527
5 11 90.0061 16.9438 16.9151
5 12 65.3969 12.6888 12.6104
5 13 45.1264 9.1641 9.07918
5 14 33.3393 7.14848 7.04943
5 15 63.8196 12.1603 12.119
6 0 0.0379363 0.0450328 0.00143917
6 1 164.286 38.8864 38.9447
6 2 934.074 193.624 193.959
6 3 965.916 176.217 176.482
6 4 783.133 141.598 141.842
6 5 534.825 91.2619 91.4354
6 6 354.59 60.9851 61.0967
6 7 224.604 46.1297 46.2058
6 8 135.853 24.9528 24.9272
6 9 72.9577 13.8106 13.7689
6 10 49.9652 9.47184 9.41516
6 11 29.7171 5.57671 5.47572
6 12 22.462 4.76062 4.68494
6 13 14.1738 2.48889 2.36373
6 14 10.4461 2.27164 2.15738
6 15 23.4701 3.99282 3.87958
7 0 0 0.133719 0
7 1 2.45408 1.71862 1.55435
7 2 111.238 66.4955 66.5971
7 3 956.339 585.461 586.952
7 4 2073.7 1165.05 1167.35
7 5 2904.38 1500.61 1502.76
7 6 3331.25 1729.89 1731.98
7 7 3341.79 1814.58 1816.93
7 8 2982.14 1650.06 1652.54
7 9 2495.58 1381.16 1383.58
7 10 1973.44 1048.9 1050.98
7 11 1571.91 824.253 826.018
7 12 1115.41 567.33 568.681
7 13 779.783 357.602 358.486
7 14 561.429 276.688 277.388
7 15 1317.22 681.508 683.065
8 0 3.94937 1.53533 1.41516
8 1 16.0257 12.0934 12.0326
8 2 836.689 397.163 398.147
8 3 1726.98 778.39 779.92
8 4 2035.47 900.721 902.261
8 5 2005.68 864.778 866.269
8 6 1934.47 937.26 939.025
8 7 1684.41 801.583 803.208
8 8 1341.21 560.937 562.113
8 9 1111.38 531.077 532.323
8 10 861.039 428.121 429.187
8 11 649.654 345.122 346.025
8 12 483.068 245.523 246.149
8 13 334.052 151.677 152.042
8 14 224.41 93.8931 94.0868
8 15 503.1 221.038 221.609
