360 0
1 0 1660.38 318.822 319.028
1 1 0 0.133719 0
2 0 3595.55 696.667 695.217
2 1 0 0.133719 0
3 0 1707.45 2145.97 2151.54
3 1 0 0.133719 0
4 0 2380.74 2920.93 2928.12
4 1 0 0.133719 0
5 0 0 0.133719 0
5 1 121.806 23.4382 23.4011
5 2 765.546 147.347 147.617
5 3 1142.95 229.229 229.559
5 4 1241.03 235.255 235.535
5 5 944.89 171.796 172.053
5 6 723.556 134.687 134.935
5 7 479.354 88.6902 88.8641
5 8 327.274 67.6327 67.7653
5 9 205.37 42.9471 42.9804
5 10 140.906 26.0708 26.0497
5 11 93.0626 18.0359 18.011
5 12 67.5421 13.4761 13.4004
5 13 46.6018 9.69759 9.6145
5 14 33.8615 7.32788 7.22943
5 15 64.9892 12.5567 12.5167
6 0 0.0379363 0.0450328 0.00143917
6 1 168.156 40.2725 40.3355
6 2 972.698 207.688 208.047
6 3 1012.18 193.023 193.313
6 4 820.705 155.198 155.467
6 5 561.767 100.993 101.191
6 6 370.903 66.9103 67.0379
6 7 234.326 49.5969 49.6842
6 8 141.683 27.0686 27.0503
6 9 75.3618 14.6716 14.6327
6 10 51.5279 10.0339 9.97914
6 11 30.6647 5.90864 5.80876
6 12 23.1281 4.99223 4.91734
6 13 14.681 2.67602 2.55138
6 14 10.6131 2.33264 2.21853
6 15 23.6674 4.06666 3.95364
7 0 0 0.133719 0
7 1 2.45408 1.71862 1.55435
7 2 111.28 66.5084 66.6104
7 3 957.625 585.925 587.419
7 4 2077.03 1166.27 1168.56
7 5 2909.33 1502.34 1504.54
7 6 3336.96 1731.91 1734.06
7 7 3346.83 1816.32 1818.74
7 8 2986.96 1651.73 1654.26
7 9 2499.54 1382.55 1385
7 10 1976.18 1049.88 1051.95
7 11 1574.23 825.096 826.878
7 12 1117.41 568.054 569.408
7 13 780.86 357.98 358.869
7 14 561.994 276.888 277.591
7 15 1318.5 681.988 683.529
8 0 3.94937 1.53533 1.41516
8 1 16.0467 12.1 12.0393
8 2 837.873 397.602 398.584
8 3 1730.32 779.668 781.165
8 4 2041.03 902.719 904.265
8 5 2011.68 866.931 868.425
8 6 1940.09 939.247 941.039
8 7 1688.93 803.213 804.836
8 8 1344.14 561.981 563.164
8 9 1113.81 531.944 533.19
8 10 862.608 428.671 429.737
8 11 650.517 345.427 346.332
8 12 483.819 245.779 246.408
8 13 334.52 151.844 152.208
8 14 224.565 93.946 94.1396
8 15 503.555 221.2 221.767
