375 0
1 0 1727.8 345.373 345.584
1 1 0 0.133719 0
2 0 3740.4 753.97 752.458
2 1 0 0.133719 0
3 0 1777.54 2327.64 2333.74
3 1 0 0.133719 0
4 0 2473.94 3163.67 3171.43
4 1 0 0.133719 0
5 0 0 0.133719 0
5 1 126.612 25.3233 25.2924
5 2 791.021 157.413 157.701
5 3 1174.59 241.719 242.06
5 4 1271.71 247.33 247.631
5 5 965.527 179.909 180.185
5 6 737.409 140.131 140.388
5 7 487.696 91.9772 92.1607
5 8 332.068 69.5178 69.6554
5 9 208.205 44.0557 44.0928
5 10 142.765 26.7931 26.7745
5 11 94.0815 18.4325 18.4087
5 12 68.2572 13.7618 13.6872
5 13 47.0936 9.89113 9.8088
5 14 34.0356 7.39297 7.29476
5 15 65.379 12.7006 12.6611
6 0 0.0379363 0.0450328 0.00143917
6 1 169.446 40.776 40.8403
6 2 985.573 212.793 213.16
6 3 1027.61 199.119 199.423
6 4 833.229 160.137 160.413
6 5 570.748 104.526 104.731
6 6 376.341 69.0588 69.1943
6 7 237.567 50.8558 50.9467
6 8 143.626 27.837 27.8209
6 9 76.1631 14.9841 14.9462
6 10 52.0488 10.2379 10.1838
6 11 30.9806 6.02908 5.92965
6 12 23.3502 5.07632 5.00169
6 13 14.8501 2.74396 2.61949
6 14 10.6688 2.35479 2.24073
6 15 23.7332 4.09345 3.98052
7 0 0 0.133719 0
7 1 2.45408 1.71862 1.55435
7 2 111.294 66.5135 66.6152
7 3 958.054 586.102 587.589
7 4 2078.13 1166.68 1168.99
7 5 2910.98 1503.01 1505.19
7 6 3338.86 1732.69 1734.82
7 7 3348.52 1817 1819.4
7 8 2988.57 1652.38 1654.88
7 9 2500.86 1383.08 1385.51
7 10 1977.09 1050.25 1052.31
7 11 1575 825.417 827.19
7 12 1118.07 568.325 569.672
7 13 781.219 358.122 359.008
7 14 562.182 276.963 277.665
7 15 1318.93 682.161 683.697
8 0 3.94937 1.53533 1.41516
8 1 16.0537 12.1024 12.0417
8 2 838.268 397.756 398.742
8 3 1731.44 780.106 781.617
8 4 2042.88 903.433 904.993
8 5 2013.68 867.731 869.208
8 6 1941.96 939.999 941.77
8 7 1690.44 803.82 805.427
8 8 1345.11 562.371 563.546
8 9 1114.62 532.267 533.505
8 10 863.132 428.876 429.937
8 11 650.804 345.542 346.443
8 12 484.069 245.876 246.502
8 13 334.676 151.901 152.269
8 14 224.617 93.9656 94.1587
8 15 503.707 221.255 221.824
