390 0
1 0 1795.22 372.991 373.224
1 1 0 0.133719 0
2 0 3885.26 813.718 812.035
2 1 0 0.133719 0
3 0 1847.63 2516.82 2523.37
3 1 0 0.133719 0
4 0 2567.13 3416.32 3424.67
4 1 0 0.133719 0
5 0 0 0.133719 0
5 1 131.419 27.2855 27.2608
5 2 816.496 167.89 168.197
5 3 1206.24 254.715 255.072
5 4 1302.39 259.904 260.221
5 5 986.164 188.358 188.648
5 6 751.262 145.797 146.062
5 7 496.038 95.402 95.5918
5 8 336.861 71.4803 71.6227
5 9 211.04 45.2097 45.2506
5 10 144.624 27.5454 27.5289
5 11 95.1003 18.845 18.8227
5 12 68.9722 14.0594 13.9856
5 13 47.5854 10.0927 10.011
5 14 34.2097 7.46078 7.36276
5 15 65.7689 12.8504 12.8113
6 0 0.0379363 0.0450328 0.00143917
6 1 170.736 41.2997 41.3657
6 2 998.447 218.111 218.482
6 3 1043.03 205.468 205.781
6 4 845.753 165.274 165.56
6 5 579.728 108.205 108.417
6 6 381.778 71.2974 71.4387
6 7 240.808 52.1672 52.2607
6 8 145.569 28.6365 28.6229
6 9 76.9645 15.3094 15.2726
6 10 52.5697 10.4502 10.3969
6 11 31.2964 6.15451 6.05546
6 12 23.5722 5.16381 5.08949
6 13 15.0192 2.81465 2.69038
6 14 10.7244 2.37784 2.26384
6 15 23.799 4.12135 4.0085
7 0 0 0.133719 0
7 1 2.45408 1.71862 1.55435
7 2 111.308 66.5187 66.6203
7 3 958.483 586.273 587.765
7 4 2079.24 1167.15 1169.45
7 5 2912.63 1503.71 1505.86
7 6 3340.76 1733.5 1735.61
7 7 3350.2 1817.7 1820.08
7 8 2990.18 1653.05 1655.54
7 9 2502.18 1383.63 1386.05
7 10 1978.01 1050.63 1052.67
7 11 1575.78 825.75 827.515
7 12 1118.74 568.607 569.947
7 13 781.578 358.27 359.153
7 14 562.37 277.042 277.742
7 15 1319.35 682.305 683.872
8 0 3.94937 1.53533 1.41516
8 1 16.0607 12.1049 12.0442
8 2 838.662 397.925 398.907
8 3 1732.55 780.561 782.087
8 4 2044.74 904.174 905.75
8 5 2015.68 868.532 870.023
8 6 1943.83 940.75 942.531
8 7 1691.94 804.425 806.043
8 8 1346.09 562.76 563.943
8 9 1115.43 532.589 533.832
8 10 863.655 429.071 430.145
8 11 651.092 345.661 346.559
8 12 484.32 245.976 246.6
8 13 334.832 151.965 152.331
8 14 224.669 93.9848 94.1787
8 15 503.858 221.312 221.884
