405 0
1 0 1862.64 401.692 401.948
1 1 0 0.133719 0
2 0 4030.11 875.754 873.948
2 1 0 0.133719 0
3 0 1917.71 2713.33 2720.43
3 1 0 0.133719 0
4 0 2660.32 3678.81 3687.84
4 1 0 0.133719 0
5 0 0 0.133719 0
5 1 136.226 29.3243 29.3064
5 2 841.971 178.775 179.104
5 3 1237.88 268.208 268.594
5 4 1333.07 272.978 273.304
5 5 1006.8 197.137 197.443
5 6 765.115 151.677 151.959
5 7 504.38 98.9575 99.1575
5 8 341.654 73.5187 73.667
5 9 213.874 46.4092 46.4537
5 10 146.483 28.3268 28.3129
5 11 96.1191 19.274 19.253
5 12 69.6873 14.3684 14.2958
5 13 48.0772 10.3022 10.2212
5 14 34.3838 7.53116 7.43342
5 15 66.1587 13.0061 12.9675
6 0 0.0379363 0.0450328 0.00143917
6 1 172.026 41.8441 41.9116
6 2 1011.32 223.635 224.013
6 3 1058.45 212.063 212.389
6 4 858.277 170.611 170.91
6 5 588.709 112.023 112.247
6 6 387.216 73.6247 73.7712
6 7 244.049 53.5275 53.6263
6 8 147.513 29.467 29.4564
6 9 77.7659 15.6474 15.6117
6 10 53.0906 10.671 10.6183
6 11 31.6123 6.28479 6.18621
6 12 23.7942 5.25476 5.18073
6 13 15.1882 2.88812 2.76404
6 14 10.7801 2.4018 2.28785
6 15 23.8648 4.15032 4.03758
7 0 0 0.133719 0
7 1 2.45408 1.71862 1.55435
7 2 111.322 66.5236 66.6255
7 3 958.912 586.463 587.949
7 4 2080.35 1167.64 1169.92
7 5 2914.28 1504.43 1506.56
7 6 3342.66 1734.34 1736.42
7 7 3351.88 1818.44 1820.79
7 8 2991.78 1653.75 1656.21
7 9 2503.5 1384.21 1386.6
7 10 1978.92 1050.99 1053.06
7 11 1576.55 826.05 827.852
7 12 1119.41 568.873 570.233
7 13 781.938 358.409 359.303
7 14 562.559 277.124 277.821
7 15 1319.78 682.492 684.054
8 0 3.94937 1.53533 1.41516
8 1 16.0678 12.1075 12.0468
8 2 839.057 398.091 399.078
8 3 1733.66 781.059 782.576
8 4 2046.59 904.977 906.537
8 5 2017.68 869.394 870.869
8 6 1945.7 941.528 943.322
8 7 1693.45 805.055 806.682
8 8 1347.06 563.18 564.356
8 9 1116.24 532.923 534.172
8 10 864.178 429.292 430.361
8 11 651.379 345.785 346.679
8 12 484.57 246.072 246.702
8 13 334.987 152.032 152.397
8 14 224.721 94.0059 94.1994
8 15 504.01 221.375 221.946
