420 0
1 0 1930.06 431.475 431.756
1 1 0 0.133719 0
2 0 4174.96 940.129 938.198
2 1 0 0.133719 0
3 0 1987.8 2917.31 2924.94
3 1 0 0.133719 0
4 0 2753.51 3951.3 3960.94
4 1 0 0.133719 0
5 0 0 0.133719 0
5 1 141.033 31.4405 31.4293
5 2 867.446 190.071 190.423
5 3 1269.53 282.227 282.626
5 4 1363.75 286.533 286.881
5 5 1027.44 206.244 206.57
5 6 778.968 157.783 158.079
5 7 512.721 102.649 102.858
5 8 346.448 75.6347 75.7886
5 9 216.709 47.6541 47.7023
5 10 148.343 29.1378 29.1265
5 11 97.138 19.7189 19.6994
5 12 70.4024 14.6891 14.6177
5 13 48.569 10.5195 10.4393
5 14 34.5579 7.60425 7.50676
5 15 66.5486 13.1676 13.1295
6 0 0.0379363 0.0450328 0.00143917
6 1 173.316 42.4088 42.4782
6 2 1024.2 229.356 229.753
6 3 1073.88 218.921 219.246
6 4 870.801 176.153 176.461
6 5 597.69 115.991 116.221
6 6 392.654 76.039 76.1917
6 7 247.29 54.9403 55.0434
6 8 149.456 30.3293 30.3213
6 9 78.5673 15.9982 15.9636
6 10 53.6115 10.9 10.8481
6 11 31.9281 6.42002 6.3219
6 12 24.0162 5.34913 5.27541
6 13 15.3573 2.96436 2.84049
6 14 10.8358 2.42665 2.31276
6 15 23.9305 4.1804 4.06775
7 0 0 0.133719 0
7 1 2.45408 1.71862 1.55435
7 2 111.336 66.5287 66.6309
7 3 959.341 586.647 588.14
7 4 2081.46 1168.1 1170.41
7 5 2915.93 1505.11 1507.29
7 6 3344.57 1735.14 1737.27
7 7 3353.57 1819.2 1821.53
7 8 2993.39 1654.41 1656.91
7 9 2504.82 1384.75 1387.18
7 10 1979.84 1051.4 1053.46
7 11 1577.33 826.409 828.202
7 12 1120.07 569.176 570.529
7 13 782.297 358.568 359.459
7 14 562.747 277.199 277.904
7 15 1320.21 682.685 684.243
8 0 3.94937 1.53533 1.41516
8 1 16.0748 12.1102 12.0495
8 2 839.452 398.272 399.256
8 3 1734.78 781.575 783.083
8 4 2048.44 905.809 907.354
8 5 2019.67 870.259 871.747
8 6 1947.57 942.367 944.143
8 7 1694.95 805.732 807.346
8 8 1348.04 563.598 564.785
8 9 1117.05 533.284 534.525
8 10 864.701 429.521 430.585
8 11 651.667 345.9 346.804
8 12 484.82 246.181 246.807
8 13 335.143 152.098 152.464
8 14 224.773 94.0266 94.2209
8 15 504.162 221.441 222.01
