435 0
1 0 1997.48 462.363 462.648
1 1 0 0.133719 0
2 0 4319.82 1006.84 1004.78
2 1 0 0.133719 0
3 0 2057.88 3128.71 3136.88
3 1 0 0.133719 0
4 0 2846.71 4233.53 4243.97
4 1 0 0.133719 0
5 0 0 0.133719 0
5 1 145.84 33.6333 33.6293
5 2 892.922 201.777 202.154
5 3 1301.17 296.742 297.169
5 4 1394.43 300.589 300.952
5 5 1048.08 215.696 216.029
5 6 792.821 164.114 164.421
5 7 521.063 106.473 106.693
5 8 351.241 77.8268 77.9873
5 9 219.543 48.9446 48.9963
5 10 150.202 29.978 29.9697
5 11 98.1568 20.1804 20.1621
5 12 71.1175 15.0217 14.9512
5 13 49.0608 10.7448 10.6653
5 14 34.7319 7.68001 7.58275
5 15 66.9385 13.3349 13.2974
6 0 0.0379363 0.0450328 0.00143917
6 1 174.606 42.9942 43.0654
6 2 1037.07 235.299 235.701
6 3 1089.3 226.009 226.352
6 4 883.324 181.894 182.214
6 5 606.67 120.099 120.34
6 6 398.091 78.5404 78.7001
6 7 250.531 56.4059 56.5121
6 8 151.399 31.2232 31.2177
6 9 79.3686 16.3618 16.3284
6 10 54.1324 11.1374 11.0862
6 11 32.244 6.56017 6.46252
6 12 24.2383 5.44691 5.37354
6 13 15.5264 3.04339 2.91972
6 14 10.8915 2.45241 2.33858
6 15 23.9963 4.21155 4.09902
7 0 0 0.133719 0
7 1 2.45408 1.71862 1.55435
7 2 111.35 66.5345 66.6365
7 3 959.77 586.85 588.337
7 4 2082.57 1168.63 1170.92
7 5 2917.57 1505.83 1508.04
7 6 3346.47 1735.97 1738.15
7 7 3355.25 1819.98 1822.3
7 8 2994.99 1655.16 1657.64
7 9 2506.14 1385.37 1387.78
7 10 1980.75 1051.82 1053.87
7 11 1578.1 826.78 828.565
7 12 1120.74 569.49 570.836
7 13 782.656 358.732 359.621
7 14 562.936 277.286 277.99
7 15 1320.63 682.885 684.438
8 0 3.94937 1.53533 1.41516
8 1 16.0818 12.113 12.0523
8 2 839.847 398.459 399.44
8 3 1735.89 782.109 783.608
8 4 2050.3 906.67 908.201
8 5 2021.67 871.184 872.658
8 6 1949.44 943.235 944.993
8 7 1696.46 806.433 808.033
8 8 1349.02 564.049 565.229
8 9 1117.87 533.644 534.891
8 10 865.224 429.75 430.817
8 11 651.954 346.033 346.933
8 12 485.071 246.288 246.917
8 13 335.299 152.168 152.535
8 14 224.825 94.0492 94.2432
8 15 504.313 221.509 222.077
