45 0
1 0 244.576 11.7963 11.7374
1 1 0 0.133719 0
2 0 553.64 32.8657 32.862
2 1 0 0.133719 0
3 0 235.647 43.2689 43.2971
3 1 0 0.133719 0
4 0 423.706 112.461 112.693
4 1 0 0.133719 0
5 0 0 0.133719 0
5 1 20.8623 1.63552 1.51655
5 2 230.567 30.8998 30.93
5 3 478.401 84.7336 84.8982
5 4 596.732 95.3986 95.5664
5 5 511.506 77.827 77.9629
5 6 432.644 71.7121 71.8465
5 7 304.173 50.6346 50.7177
5 8 226.614 45.8242 45.8942
5 9 145.845 30.1184 30.1085
5 10 101.863 17.7137 17.6623
5 11 71.6671 13.45 13.4083
5 12 52.5255 10.1707 10.0823
5 13 36.2738 7.45789 7.36617
5 14 30.2057 6.57492 6.47345
5 15 56.8021 10.8925 10.8462
6 0 0.0379363 0.0450328 0.00143917
6 1 141.066 34.4502 34.4944
6 2 702.332 148.582 148.876
6 3 688.301 122.4 122.623
6 4 557.703 98.0509 98.2396
6 5 373.173 60.1107 60.2188
6 6 256.713 42.023 42.0851
6 7 166.267 35.0331 35.075
6 8 100.874 18.184 18.1335
6 9 58.5331 11.0569 11.0047
6 10 40.5891 7.67407 7.61041
6 11 24.0316 4.51527 4.40997
6 12 18.4655 4.01993 3.94124
6 13 11.1305 1.89029 1.76326
6 14 9.44394 2.07667 1.96167
6 15 22.2863 3.75673 3.64258
7 0 0 0.133719 0
7 1 2.45408 1.71862 1.55435
7 2 110.985 66.4532 66.5546
7 3 948.621 583.969 585.455
7 4 2053.75 1161.2 1163.51
7 5 2874.7 1494.85 1497.05
7 6 3297.02 1723.12 1725.3
7 7 3311.5 1808.74 1811.14
7 8 2953.23 1644.5 1647.02
7 9 2471.82 1376.61 1379.03
7 10 1956.99 1045.79 1047.85
7 11 1557.96 821.479 823.268
7 12 1103.42 565.003 566.352
7 13 773.318 356.378 357.261
7 14 558.038 276.035 276.737
7 15 1309.52 680.025 681.583
8 0 3.94937 1.53533 1.41516
8 1 15.8994 12.0723 12.0114
8 2 829.583 395.768 396.751
8 3 1706.94 774.426 775.936
8 4 2002.1 894.281 895.846
8 5 1969.71 857.878 859.37
8 6 1900.79 930.78 932.58
8 7 1657.31 796.357 797.996
8 8 1323.66 557.563 558.747
8 9 1096.78 528.312 529.55
8 10 851.622 426.362 427.427
8 11 644.48 344.144 345.045
8 12 478.56 244.698 245.321
8 13 331.248 151.146 151.51
8 14 223.476 93.7246 93.9178
8 15 500.369 220.536 221.103
