495 0
1 0 2267.16 596.658 597.054
1 1 0 0.133719 0
2 0 4899.23 1297.17 1294.49
2 1 0 0.133719 0
3 0 2338.23 4048.45 4059
3 1 0 0.133719 0
4 0 3219.47 5461.95 5475.41
4 1 0 0.133719 0
5 0 0 0.133719 0
5 1 165.067 43.1746 43.2014
5 2 994.822 252.715 253.192
5 3 1427.75 359.92 360.442
5 4 1517.15 361.727 362.173
5 5 1130.63 256.776 257.183
5 6 848.233 191.647 192.016
5 7 554.431 123.118 123.377
5 8 370.415 87.3669 87.5535
5 9 230.881 54.5572 54.6264
5 10 157.639 33.6354 33.6382
5 11 102.232 22.187 22.1753
5 12 73.9778 16.4682 16.4026
5 13 51.0281 11.725 11.6487
5 14 35.4283 8.00959 7.91341
5 15 68.4979 14.0632 14.0281
6 0 0.0379363 0.0450328 0.00143917
6 1 179.766 45.5414 45.6203
6 2 1088.57 261.13 261.582
6 3 1150.99 256.87 257.271
6 4 933.42 206.87 207.245
6 5 642.593 137.979 138.26
6 6 419.842 89.4268 89.6142
6 7 263.495 62.7756 62.902
6 8 159.172 35.1106 35.1178
6 9 82.5741 17.9435 17.9152
6 10 56.216 12.17 12.1223
6 11 33.5074 7.17004 7.07434
6 12 25.1264 5.87251 5.80047
6 13 16.2027 3.38717 3.26443
6 14 11.1142 2.5645 2.45093
6 15 24.2594 4.34723 4.23508
7 0 0 0.133719 0
7 1 2.45408 1.71862 1.55435
7 2 111.406 66.5587 66.6609
7 3 961.485 587.707 589.196
7 4 2087 1170.81 1173.12
7 5 2924.17 1509.17 1511.32
7 6 3354.08 1739.89 1741.99
7 7 3361.98 1823.24 1825.62
7 8 3001.42 1658.34 1660.81
7 9 2511.42 1387.99 1390.39
7 10 1984.4 1053.58 1055.66
7 11 1581.2 828.342 830.144
7 12 1123.4 570.822 572.173
7 13 784.092 359.43 360.324
7 14 563.689 277.661 278.364
7 15 1322.34 683.734 685.289
8 0 3.94937 1.53533 1.41516
8 1 16.1099 12.1251 12.0645
8 2 841.426 399.255 400.242
8 3 1740.35 784.377 785.895
8 4 2057.71 910.342 911.883
8 5 2029.67 875.136 876.618
8 6 1956.92 946.906 948.693
8 7 1702.48 809.425 811.025
8 8 1352.92 565.971 567.161
8 9 1121.11 535.235 536.483
8 10 867.317 430.75 431.828
8 11 653.104 346.594 347.496
8 12 486.072 246.761 247.392
8 13 335.922 152.473 152.84
8 14 225.032 94.1462 94.3402
8 15 504.92 221.795 222.367
