510 0
1 0 2334.58 632.937 633.365
1 1 0 0.133719 0
2 0 5044.08 1375.49 1372.76
2 1 0 0.133719 0
3 0 2408.31 4296.95 4308.12
3 1 0 0.133719 0
4 0 3312.67 5793.86 5808.1
4 1 0 0.133719 0
5 0 0 0.133719 0
5 1 169.874 45.7526 45.7874
5 2 1020.3 266.48 266.98
5 3 1459.4 376.984 377.536
5 4 1547.84 378.225 378.713
5 5 1151.26 267.871 268.301
5 6 862.086 199.089 199.471
5 7 562.773 127.613 127.885
5 8 375.208 89.9434 90.1379
5 9 233.716 56.0735 56.1474
5 10 159.498 34.6233 34.6293
5 11 103.251 22.729 22.7192
5 12 74.6928 16.859 16.7947
5 13 51.5199 11.9897 11.9144
5 14 35.6024 8.09861 8.00275
5 15 68.8878 14.26 14.2255
6 0 0.0379363 0.0450328 0.00143917
6 1 181.056 46.2299 46.3105
6 2 1101.44 268.113 268.574
6 3 1166.42 265.209 265.625
6 4 945.944 213.624 214.007
6 5 651.574 142.806 143.102
6 6 425.279 92.3659 92.5628
6 7 266.735 64.4977 64.6283
6 8 161.116 36.161 36.1715
6 9 83.3755 18.3708 18.3439
6 10 56.7369 12.4491 12.4022
6 11 33.8233 7.33473 7.23962
6 12 25.3484 5.98747 5.91581
6 13 16.3718 3.48005 3.35756
6 14 11.1698 2.59479 2.48128
6 15 24.3251 4.38385 4.27183
7 0 0 0.133719 0
7 1 2.45408 1.71862 1.55435
7 2 111.42 66.5654 66.6675
7 3 961.914 587.944 589.428
7 4 2088.11 1171.42 1173.72
7 5 2925.82 1510.02 1512.21
7 6 3355.98 1740.94 1743.02
7 7 3363.66 1824.15 1826.52
7 8 3003.03 1659.21 1661.66
7 9 2512.74 1388.66 1391.09
7 10 1985.32 1054.08 1056.14
7 11 1581.98 828.775 830.571
7 12 1124.07 571.174 572.534
7 13 784.451 359.623 360.514
7 14 563.878 277.759 278.465
7 15 1322.77 683.95 685.519
8 0 3.94937 1.53533 1.41516
8 1 16.1169 12.1284 12.0678
8 2 841.82 399.474 400.458
8 3 1741.46 785.001 786.513
8 4 2059.56 911.315 912.878
8 5 2031.67 876.217 877.688
8 6 1958.8 947.89 949.692
8 7 1703.99 810.194 811.834
8 8 1353.89 566.497 567.683
8 9 1121.92 535.657 536.913
8 10 867.84 431.027 432.101
8 11 653.392 346.749 347.649
8 12 486.323 246.892 247.521
8 13 336.078 152.554 152.923
8 14 225.084 94.1715 94.3664
8 15 505.072 221.874 222.446
