525 0
1 0 2402 670.331 670.76
1 1 0 0.133719 0
2 0 5188.93 1456.24 1453.36
2 1 0 0.133719 0
3 0 2478.4 4552.79 4564.68
3 1 0 0.133719 0
4 0 3405.86 6135.54 6150.72
4 1 0 0.133719 0
5 0 0 0.133719 0
5 1 174.681 48.4076 48.4506
5 2 1045.77 280.646 281.18
5 3 1491.04 394.57 395.14
5 4 1578.52 395.244 395.746
5 5 1171.9 279.296 279.751
5 6 875.939 206.746 207.148
5 7 571.115 132.244 132.527
5 8 380.001 92.5982 92.7994
5 9 236.55 57.6348 57.7138
5 10 161.357 35.6404 35.65
5 11 104.27 23.2874 23.2793
5 12 75.4079 17.2613 17.1984
5 13 52.0117 12.2625 12.188
5 14 35.7765 8.19032 8.09474
5 15 69.2776 14.4626 14.4288
6 0 0.0379363 0.0450328 0.00143917
6 1 182.346 46.938 47.0213
6 2 1114.32 275.292 275.775
6 3 1181.84 273.787 274.227
6 4 958.468 220.571 220.971
6 5 660.555 147.781 148.088
6 6 430.717 95.3945 95.5994
6 7 269.976 66.2696 66.4061
6 8 163.059 37.2425 37.2566
6 9 84.1768 18.8107 18.7855
6 10 57.2578 12.7363 12.6904
6 11 34.1392 7.50445 7.40985
6 12 25.5704 6.10589 6.0346
6 13 16.5408 3.57568 3.45347
6 14 11.2255 2.62597 2.51254
6 15 24.3909 4.42162 4.30969
7 0 0 0.133719 0
7 1 2.45408 1.71862 1.55435
7 2 111.434 66.5724 66.6743
7 3 962.342 588.176 589.667
7 4 2089.22 1172.05 1174.33
7 5 2927.47 1510.94 1513.12
7 6 3357.88 1741.95 1744.09
7 7 3365.34 1825.1 1827.45
7 8 3004.63 1660.05 1662.55
7 9 2514.06 1389.4 1391.82
7 10 1986.23 1054.58 1056.64
7 11 1582.75 829.221 831.01
7 12 1124.74 571.551 572.906
7 13 784.811 359.82 360.71
7 14 564.066 277.864 278.569
7 15 1323.2 684.191 685.756
8 0 3.94937 1.53533 1.41516
8 1 16.1239 12.1318 12.0712
8 2 842.215 399.691 400.681
8 3 1742.57 785.644 787.149
8 4 2061.42 912.32 913.903
8 5 2033.66 877.298 878.79
8 6 1960.67 948.933 950.722
8 7 1705.49 811.037 812.666
8 8 1354.87 567.039 568.221
8 9 1122.73 536.106 537.356
8 10 868.363 431.313 432.382
8 11 653.679 346.901 347.805
8 12 486.573 247.022 247.653
8 13 336.234 152.64 153.008
8 14 225.136 94.1987 94.3933
8 15 505.224 221.956 222.527
