60 0
1 0 311.995 15.5784 15.5312
1 1 0 0.133719 0
2 0 698.493 41.062 41.0392
2 1 0 0.133719 0
3 0 305.733 69.2185 69.3248
3 1 0 0.133719 0
4 0 516.898 147.129 147.451
4 1 0 0.133719 0
5 0 0 0.133719 0
5 1 25.6691 1.90416 1.78673
5 2 256.042 32.3366 32.3706
5 3 510.046 86.5218 86.6841
5 4 627.413 97.1284 97.2944
5 5 532.143 78.9897 79.1245
5 6 446.497 72.4926 72.6254
5 7 312.515 51.1042 51.1887
5 8 231.407 46.0928 46.1642
5 9 148.68 30.2768 30.2674
5 10 103.722 17.8166 17.7659
5 11 72.6859 13.5064 13.4651
5 12 53.2406 10.2114 10.1233
5 13 36.7656 7.4855 7.39392
5 14 30.3798 6.58416 6.48278
5 15 57.1919 10.9129 10.8668
6 0 0.0379363 0.0450328 0.00143917
6 1 142.356 34.5222 34.5665
6 2 715.206 149.314 149.607
6 3 703.724 123.275 123.496
6 4 570.227 98.7586 98.9461
6 5 382.153 60.615 60.7246
6 6 262.151 42.3304 42.3931
6 7 169.508 35.2128 35.2553
6 8 102.817 18.2935 18.2436
6 9 59.3344 11.1014 11.0494
6 10 41.11 7.70306 7.63966
6 11 24.3475 4.53242 4.42724
6 12 18.6876 4.0319 3.95329
6 13 11.2995 1.89994 1.77299
6 14 9.49962 2.0798 1.96484
6 15 22.3521 3.76055 3.64642
7 0 0 0.133719 0
7 1 2.45408 1.71862 1.55435
7 2 110.999 66.4536 66.5553
7 3 949.049 583.991 585.48
7 4 2054.86 1161.25 1163.57
7 5 2876.35 1494.98 1497.14
7 6 3298.92 1723.26 1725.41
7 7 3313.18 1808.8 1811.23
7 8 2954.83 1644.63 1647.11
7 9 2473.14 1376.67 1379.11
7 10 1957.91 1045.83 1047.9
7 11 1558.73 821.517 823.312
7 12 1104.08 565.04 566.39
7 13 773.677 356.397 357.281
7 14 558.226 276.049 276.747
7 15 1309.95 680.039 681.607
8 0 3.94937 1.53533 1.41516
8 1 15.9064 12.0727 12.0117
8 2 829.978 395.797 396.773
8 3 1708.05 774.509 776.001
8 4 2003.96 894.355 895.95
8 5 1971.71 857.964 859.482
8 6 1902.66 930.888 932.685
8 7 1658.82 796.468 798.08
8 8 1324.63 557.633 558.801
8 9 1097.59 528.358 529.595
8 10 852.146 426.392 427.456
8 11 644.767 344.165 345.06
8 12 478.811 244.709 245.334
8 13 331.404 151.153 151.518
8 14 223.528 93.7281 93.9206
8 15 500.521 220.546 221.112
