645 0
1 0 2941.35 1008.31 1008.94
1 1 0 0.133719 0
2 0 6347.76 2186.73 2182.3
2 1 0 0.133719 0
3 0 3039.09 6866.96 6884.87
3 1 0 0.133719 0
4 0 4151.4 9226.36 9249.17
4 1 0 0.133719 0
5 0 0 0.133719 0
5 1 213.135 72.4176 72.5352
5 2 1249.57 408.811 409.598
5 3 1744.2 553.526 554.343
5 4 1823.96 549.051 549.785
5 5 1337 382.65 383.301
5 6 986.763 276.033 276.58
5 7 637.851 174.119 174.508
5 8 418.348 116.602 116.869
5 9 259.227 71.7587 71.8796
5 10 176.231 44.8424 44.8805
5 11 112.421 28.337 28.3447
5 12 81.1285 20.9014 20.8502
5 13 55.9461 14.7287 14.6623
5 14 37.1691 9.0196 8.92672
5 15 72.3965 16.2952 16.2672
6 0 0.0379363 0.0450328 0.00143917
6 1 192.666 53.3471 53.4496
6 2 1217.32 340.293 340.893
6 3 1305.22 351.443 352.024
6 4 1058.66 283.422 283.952
6 5 732.4 192.763 193.179
6 6 474.218 122.783 123.061
6 7 295.904 82.302 82.4839
6 8 178.605 47.0254 47.0697
6 9 90.5878 22.7909 22.7782
6 10 61.425 15.3348 15.2973
6 11 36.666 9.03891 8.94926
6 12 27.3467 7.17668 7.10882
6 13 17.8934 4.44067 4.32081
6 14 11.6709 2.90804 2.79523
6 15 24.9171 4.76292 4.65202
7 0 0 0.133719 0
7 1 2.45408 1.71862 1.55435
7 2 111.547 66.634 66.7357
7 3 965.773 590.335 591.828
7 4 2098.09 1177.6 1179.89
7 5 2940.66 1519.23 1521.36
7 6 3373.09 1751.63 1753.72
7 7 3378.8 1833.44 1835.82
7 8 3017.49 1668.07 1670.51
7 9 2524.62 1395.96 1398.38
7 10 1993.54 1059.09 1061.15
7 11 1588.95 833.188 834.983
7 12 1130.07 574.905 576.269
7 13 787.684 361.588 362.48
7 14 565.573 278.802 279.509
7 15 1326.62 686.337 687.898
8 0 3.94937 1.53533 1.41516
8 1 16.18 12.1624 12.1019
8 2 845.373 401.705 402.699
8 3 1751.48 791.382 792.904
8 4 2076.25 921.584 923.169
8 5 2049.65 887.263 888.756
8 6 1975.64 958.236 960.031
8 7 1717.54 818.579 820.195
8 8 1362.67 571.891 573.082
8 9 1129.22 540.105 541.362
8 10 872.548 433.843 434.924
8 11 655.979 348.315 349.222
8 12 488.576 248.216 248.85
8 13 337.48 153.405 153.777
8 14 225.551 94.4426 94.6374
8 15 506.437 222.683 223.257
