675 0
1 0 3076.19 1103.62 1104.33
1 1 0 0.133719 0
2 0 6637.46 2392.7 2387.9
2 1 0 0.133719 0
3 0 3179.26 7519.7 7539.28
3 1 0 0.133719 0
4 0 4337.78 10098.3 10123.1
4 1 0 0.133719 0
5 0 0 0.133719 0
5 1 222.749 79.1898 79.3283
5 2 1300.52 444.959 445.819
5 3 1807.49 598.349 599.247
5 4 1885.32 592.434 593.232
5 5 1378.27 411.801 412.507
5 6 1014.47 295.561 296.163
5 7 654.535 185.93 186.349
5 8 427.935 123.372 123.658
5 9 264.896 75.7413 75.8751
5 10 179.949 47.4382 47.484
5 11 114.458 29.761 29.7734
5 12 82.5587 21.9281 21.8801
5 13 56.9298 15.4244 15.3602
5 14 37.5173 9.2535 9.16139
5 15 73.1762 16.8119 16.7857
6 0 0.0379363 0.0450328 0.00143917
6 1 195.246 55.1547 55.2627
6 2 1243.06 358.622 359.26
6 3 1336.07 373.337 373.967
6 4 1083.71 301.145 301.716
6 5 750.361 205.451 205.896
6 6 485.093 130.506 130.806
6 7 302.385 86.8236 87.0187
6 8 182.492 49.784 49.8375
6 9 92.1905 23.9136 23.9044
6 10 62.4667 16.0677 16.0326
6 11 37.2978 9.47172 9.38345
6 12 27.7907 7.47877 7.4118
6 13 18.2316 4.68462 4.56545
6 14 11.7822 2.9876 2.87496
6 15 25.0486 4.85917 4.74858
7 0 0 0.133719 0
7 1 2.45408 1.71862 1.55435
7 2 111.575 66.6506 66.7531
7 3 966.63 590.939 592.437
7 4 2100.3 1179.15 1181.46
7 5 2943.96 1521.51 1523.69
7 6 3376.9 1754.3 1756.44
7 7 3382.17 1835.82 1838.18
7 8 3020.7 1670.21 1672.76
7 9 2527.26 1397.82 1400.23
7 10 1995.37 1060.34 1062.43
7 11 1590.5 834.316 836.104
7 12 1131.4 575.86 577.217
7 13 788.402 362.081 362.98
7 14 565.95 279.068 279.774
7 15 1327.47 686.927 688.502
8 0 3.94937 1.53533 1.41516
8 1 16.194 12.171 12.1106
8 2 846.163 402.267 403.267
8 3 1753.71 793.01 794.527
8 4 2079.95 924.207 925.782
8 5 2053.65 890.083 891.567
8 6 1979.38 960.877 962.657
8 7 1720.55 820.662 822.318
8 8 1364.62 573.265 574.454
8 9 1130.85 541.227 542.492
8 10 873.594 434.564 435.641
8 11 656.554 348.711 349.621
8 12 489.077 248.552 249.188
8 13 337.792 153.622 153.994
8 14 225.655 94.5105 94.7062
8 15 506.741 222.889 223.463
