690 0
1 0 3143.61 1152.9 1153.65
1 1 0 0.133719 0
2 0 6782.31 2499.19 2494.21
2 1 0 0.133719 0
3 0 3249.35 7857.13 7877.64
3 1 0 0.133719 0
4 0 4430.97 10548.8 10575
4 1 0 0.133719 0
5 0 0 0.133719 0
5 1 227.556 82.6926 82.8406
5 2 1326 463.642 464.546
5 3 1839.14 621.535 622.464
5 4 1916 614.854 615.696
5 5 1398.91 426.865 427.608
5 6 1028.32 305.672 306.288
5 7 662.877 192.039 192.471
5 8 432.728 126.873 127.168
5 9 267.73 77.8009 77.941
5 10 181.808 48.7802 48.8301
5 11 115.477 30.4975 30.5121
5 12 83.2738 22.4589 22.4127
5 13 57.4216 15.7841 15.7211
5 14 37.6914 9.37451 9.28272
5 15 73.5661 17.0793 17.0539
6 0 0.0379363 0.0450328 0.00143917
6 1 196.536 56.0898 56.2002
6 2 1255.94 368.097 368.757
6 3 1351.49 384.663 385.312
6 4 1096.23 310.308 310.901
6 5 759.342 212.007 212.472
6 6 490.531 134.502 134.811
6 7 305.626 89.161 89.3634
6 8 184.435 51.211 51.2686
6 9 92.9919 24.4941 24.4867
6 10 62.9876 16.4466 16.4127
6 11 37.6136 9.69551 9.60795
6 12 28.0127 7.63489 7.56846
6 13 18.4006 4.81075 4.69194
6 14 11.8379 3.02875 2.91618
6 15 25.1144 4.90894 4.7985
7 0 0 0.133719 0
7 1 2.45408 1.71862 1.55435
7 2 111.589 66.6596 66.762
7 3 967.059 591.245 592.752
7 4 2101.41 1179.93 1182.27
7 5 2945.61 1522.66 1524.89
7 6 3378.8 1755.71 1757.85
7 7 3383.85 1837.05 1839.4
7 8 3022.31 1671.38 1673.92
7 9 2528.58 1398.79 1401.19
7 10 1996.28 1061 1063.08
7 11 1591.28 834.899 836.683
7 12 1132.07 576.338 577.708
7 13 788.761 362.34 363.238
7 14 566.138 279.206 279.911
7 15 1327.9 687.242 688.814
8 0 3.94937 1.53533 1.41516
8 1 16.2011 12.1755 12.1151
8 2 846.558 402.562 403.562
8 3 1754.82 793.851 795.366
8 4 2081.81 925.562 927.134
8 5 2055.65 891.508 893.02
8 6 1981.25 962.21 964.015
8 7 1722.06 821.765 823.416
8 8 1365.6 573.974 575.163
8 9 1131.66 541.814 543.076
8 10 874.117 434.927 436.012
8 11 656.842 348.919 349.828
8 12 489.328 248.727 249.362
8 13 337.948 153.735 154.106
8 14 225.707 94.5461 94.7418
8 15 506.892 222.996 223.569
