720 0
1 0 3278.45 1254.7 1255.53
1 1 0 0.133719 0
2 0 7072.02 2719.39 2713.82
2 1 0 0.133719 0
3 0 3389.52 8554.4 8576.67
3 1 0 0.133719 0
4 0 4617.36 11480.3 11508.5
4 1 0 0.133719 0
5 0 0 0.133719 0
5 1 237.169 89.9262 90.0969
5 2 1376.95 502.255 503.236
5 3 1902.43 669.412 670.429
5 4 1977.37 661.198 662.106
5 5 1440.19 458.02 458.805
5 6 1056.03 326.541 327.206
5 7 679.56 204.655 205.12
5 8 442.315 134.104 134.42
5 9 273.399 82.0567 82.2089
5 10 185.527 51.5527 51.6111
5 11 117.515 32.019 32.0382
5 12 84.7039 23.5556 23.5129
5 13 58.4052 16.5272 16.4666
5 14 38.0396 9.62432 9.53338
5 15 74.3458 17.6315 17.6077
6 0 0.0379363 0.0450328 0.00143917
6 1 199.116 58.0211 58.1369
6 2 1281.69 387.683 388.376
6 3 1382.34 408.061 408.751
6 4 1121.28 329.236 329.876
6 5 777.304 225.559 226.057
6 6 501.406 142.754 143.085
6 7 312.108 93.9912 94.2073
6 8 188.321 54.1587 54.2251
6 9 94.5946 25.693 25.6896
6 10 64.0294 17.2297 17.1981
6 11 38.2453 10.1579 10.0717
6 12 28.4568 7.95754 7.8921
6 13 18.7388 5.07132 4.95325
6 14 11.9493 3.11373 3.00135
6 15 25.2459 5.01177 4.90164
7 0 0 0.133719 0
7 1 2.45408 1.71862 1.55435
7 2 111.617 66.6783 66.7805
7 3 967.917 591.902 593.404
7 4 2103.63 1181.62 1183.94
7 5 2948.91 1525.16 1527.38
7 6 3382.6 1758.64 1760.75
7 7 3387.22 1839.6 1841.92
7 8 3025.52 1673.81 1676.32
7 9 2531.22 1400.73 1403.16
7 10 1998.11 1062.37 1064.44
7 11 1592.83 836.078 837.88
7 12 1133.4 577.356 578.721
7 13 789.48 362.874 363.771
7 14 566.515 279.49 280.194
7 15 1328.76 687.89 689.459
8 0 3.94937 1.53533 1.41516
8 1 16.2151 12.1847 12.1243
8 2 847.347 403.171 404.169
8 3 1757.05 795.587 797.1
8 4 2085.51 928.326 929.925
8 5 2059.65 894.515 896.022
8 6 1984.99 965.027 966.82
8 7 1725.07 824.041 825.684
8 8 1367.55 575.422 576.627
8 9 1133.28 543.025 544.283
8 10 875.164 435.697 436.778
8 11 657.417 349.348 350.255
8 12 489.828 249.086 249.723
8 13 338.259 153.964 154.337
8 14 225.81 94.6196 94.8153
8 15 507.196 223.212 223.789
