735 0
1 0 3345.87 1307.29 1308.1
1 1 0 0.133719 0
2 0 7216.87 2832.91 2827.14
2 1 0 0.133719 0
3 0 3459.61 8914.08 8937.34
3 1 0 0.133719 0
4 0 4710.55 11960.7 11990.1
4 1 0 0.133719 0
5 0 0 0.133719 0
5 1 241.976 93.6591 93.8408
5 2 1402.43 522.17 523.198
5 3 1934.07 694.154 695.177
5 4 2008.05 685.123 686.051
5 5 1460.82 474.08 474.902
5 6 1069.88 337.308 337.999
5 7 687.902 211.162 211.645
5 8 447.108 137.835 138.162
5 9 276.234 84.2517 84.4109
5 10 187.386 52.9831 53.046
5 11 118.534 32.8036 32.8256
5 12 85.419 24.1215 24.0805
5 13 58.897 16.9106 16.8512
5 14 38.2136 9.75323 9.66271
5 15 74.7357 17.9163 17.8935
6 0 0.0379363 0.0450328 0.00143917
6 1 200.406 59.0165 59.1362
6 2 1294.56 397.78 398.499
6 3 1397.76 420.118 420.844
6 4 1133.8 339.012 339.666
6 5 786.284 232.548 233.066
6 6 506.843 147.008 147.353
6 7 315.349 96.484 96.7066
6 8 190.265 55.6796 55.7505
6 9 95.396 26.3121 26.3103
6 10 64.5503 17.6335 17.6034
6 11 38.5612 10.3964 10.311
6 12 28.6788 8.12399 8.05909
6 13 18.9079 5.20576 5.08808
6 14 12.0049 3.15756 3.04529
6 15 25.3117 5.06484 4.95485
7 0 0 0.133719 0
7 1 2.45408 1.71862 1.55435
7 2 111.631 66.688 66.7901
7 3 968.346 592.241 593.739
7 4 2104.74 1182.49 1184.8
7 5 2950.56 1526.45 1528.66
7 6 3384.51 1760.14 1762.25
7 7 3388.9 1840.91 1843.22
7 8 3027.12 1675.05 1677.56
7 9 2532.54 1401.76 1404.18
7 10 1999.02 1063.07 1065.15
7 11 1593.6 836.698 838.497
7 12 1134.06 577.88 579.244
7 13 789.839 363.15 364.046
7 14 566.703 279.632 280.341
7 15 1329.18 688.224 689.792
8 0 3.94937 1.53533 1.41516
8 1 16.2221 12.1894 12.1291
8 2 847.742 403.485 404.483
8 3 1758.16 796.482 797.994
8 4 2087.37 929.768 931.366
8 5 2061.64 896.066 897.572
8 6 1986.86 966.479 968.267
8 7 1726.57 825.214 826.854
8 8 1368.52 576.178 577.383
8 9 1134.09 543.649 544.906
8 10 875.687 436.094 437.173
8 11 657.704 349.564 350.475
8 12 490.079 249.273 249.909
8 13 338.415 154.084 154.457
8 14 225.862 94.6576 94.8532
8 15 507.347 223.326 223.903
