75 0
1 0 379.415 20.445 20.4088
1 1 0 0.133719 0
2 0 843.345 51.6005 51.5528
2 1 0 0.133719 0
3 0 375.819 102.587 102.789
3 1 0 0.133719 0
4 0 610.09 191.706 192.141
4 1 0 0.133719 0
5 0 0 0.133719 0
5 1 30.4759 2.24972 2.1341
5 2 281.518 34.1837 34.2228
5 3 541.691 88.8169 88.9803
5 4 658.093 99.3537 99.5162
5 5 552.78 80.4801 80.618
5 6 460.35 73.4926 73.6268
5 7 320.857 51.7102 51.7942
5 8 236.2 46.4397 46.5114
5 9 151.514 30.4798 30.4718
5 10 105.581 17.949 17.899
5 11 73.7048 13.5791 13.5382
5 12 53.9557 10.2637 10.1759
5 13 37.2575 7.52097 7.42961
5 14 30.5539 6.59613 6.49478
5 15 57.5818 10.9394 10.8933
6 0 0.0379363 0.0450328 0.00143917
6 1 143.646 34.6146 34.6592
6 2 728.081 150.252 150.546
6 3 719.147 124.398 124.618
6 4 582.751 99.6668 99.8545
6 5 391.134 61.265 61.375
6 6 267.589 42.7256 42.7892
6 7 172.749 35.4436 35.4872
6 8 104.761 18.4343 18.3852
6 9 60.1358 11.1587 11.107
6 10 41.6309 7.74054 7.67725
6 11 24.6634 4.55445 4.44944
6 12 18.9096 4.04729 3.96879
6 13 11.4686 1.91239 1.7855
6 14 9.55529 2.08386 1.96892
6 15 22.4178 3.76545 3.65135
7 0 0 0.133719 0
7 1 2.45408 1.71862 1.55435
7 2 111.013 66.4543 66.5562
7 3 949.478 584.031 585.511
7 4 2055.96 1161.35 1163.65
7 5 2878 1495.02 1497.26
7 6 3300.82 1723.37 1725.55
7 7 3314.86 1808.95 1811.35
7 8 2956.44 1644.71 1647.22
7 9 2474.46 1376.74 1379.2
7 10 1958.82 1045.91 1047.97
7 11 1559.51 821.589 823.37
7 12 1104.75 565.087 566.439
7 13 774.036 356.42 357.306
7 14 558.414 276.061 276.761
7 15 1310.38 680.078 681.638
8 0 3.94937 1.53533 1.41516
8 1 15.9134 12.0731 12.0121
8 2 830.373 395.816 396.802
8 3 1709.16 774.562 776.084
8 4 2005.81 894.519 896.083
8 5 1973.71 858.14 859.626
8 6 1904.54 931.027 932.819
8 7 1660.32 796.555 798.189
8 8 1325.61 557.686 558.871
8 9 1098.4 528.417 529.653
8 10 852.669 426.428 427.492
8 11 645.055 344.179 345.081
8 12 479.061 244.727 245.351
8 13 331.56 151.167 151.529
8 14 223.58 93.7323 93.9241
8 15 500.673 220.552 221.122
