750 0
1 0 3413.29 1360.9 1361.76
1 1 0 0.133719 0
2 0 7361.73 2948.77 2942.79
2 1 0 0.133719 0
3 0 3529.69 9281.17 9305.45
3 1 0 0.133719 0
4 0 4803.74 12450.9 12481.7
4 1 0 0.133719 0
5 0 0 0.133719 0
5 1 246.783 97.4691 97.6619
5 2 1427.9 542.514 543.572
5 3 1965.71 719.353 720.435
5 4 2038.73 709.516 710.49
5 5 1481.46 490.47 491.331
5 6 1083.73 348.298 349.015
5 7 696.244 217.803 218.306
5 8 451.902 141.644 141.98
5 9 279.068 86.4932 86.6584
5 10 189.245 54.4429 54.5104
5 11 119.552 33.605 33.6293
5 12 86.1341 24.6988 24.6599
5 13 59.3888 17.302 17.2437
5 14 38.3877 9.88485 9.7947
5 15 75.1255 18.207 18.1852
6 0 0.0379363 0.0450328 0.00143917
6 1 201.696 60.0339 60.1561
6 2 1307.44 408.085 408.83
6 3 1413.18 432.439 433.187
6 4 1146.33 348.979 349.658
6 5 795.265 239.687 240.22
6 6 512.281 151.356 151.71
6 7 318.59 99.0279 99.2574
6 8 192.208 57.2318 57.3074
6 9 96.1973 26.9434 26.9438
6 10 65.0712 18.0459 18.0169
6 11 38.8771 10.6399 10.5553
6 12 28.9008 8.2939 8.22952
6 13 19.0769 5.34302 5.22569
6 14 12.0606 3.20233 3.09014
6 15 25.3774 5.119 5.00917
7 0 0 0.133719 0
7 1 2.45408 1.71862 1.55435
7 2 111.645 66.6973 66.7998
7 3 968.774 592.587 594.082
7 4 2105.85 1183.37 1185.69
7 5 2952.21 1527.77 1529.96
7 6 3386.41 1761.61 1763.78
7 7 3390.58 1842.24 1844.55
7 8 3028.73 1676.33 1678.83
7 9 2533.86 1402.81 1405.22
7 10 1999.94 1063.79 1065.86
7 11 1594.38 837.331 839.128
7 12 1134.73 578.416 579.777
7 13 790.198 363.431 364.327
7 14 566.892 279.781 280.49
7 15 1329.61 688.565 690.132
8 0 3.94937 1.53533 1.41516
8 1 16.2291 12.1943 12.134
8 2 848.137 403.805 404.803
8 3 1759.28 797.369 798.907
8 4 2089.22 931.239 932.836
8 5 2063.64 897.647 899.153
8 6 1988.73 967.927 969.744
8 7 1728.08 826.411 828.049
8 8 1369.5 576.948 578.154
8 9 1134.9 544.286 545.541
8 10 876.21 436.498 437.577
8 11 657.992 349.789 350.7
8 12 490.329 249.463 250.099
8 13 338.571 154.206 154.579
8 14 225.914 94.6962 94.892
8 15 507.499 223.442 224.019
