780 0
1 0 3548.13 1471.3 1472.32
1 1 0 0.133719 0
2 0 7651.43 3187.51 3181.09
2 1 0 0.133719 0
3 0 3669.86 10037.6 10064
3 1 0 0.133719 0
4 0 4990.13 13461.4 13494.7
4 1 0 0.133719 0
5 0 0 0.133719 0
5 1 256.397 105.319 105.536
5 2 1478.85 584.417 585.555
5 3 2029.01 771.307 772.482
5 4 2100.09 759.78 760.849
5 5 1522.74 524.245 525.183
5 6 1111.44 370.954 371.714
5 7 712.928 231.493 232.031
5 8 461.488 149.491 149.849
5 9 284.738 91.1103 91.2896
5 10 192.963 57.4518 57.5281
5 11 121.59 35.2559 35.2853
5 12 87.5642 25.889 25.8537
5 13 60.3724 18.1084 18.0527
5 14 38.7359 10.156 10.0667
5 15 75.9053 18.8063 18.7862
6 0 0.0379363 0.0450328 0.00143917
6 1 204.276 62.129 62.2576
6 2 1333.19 429.332 430.119
6 3 1444.03 457.825 458.621
6 4 1171.37 369.529 370.248
6 5 813.226 254.399 254.961
6 6 523.156 160.309 160.688
6 7 325.072 104.27 104.514
6 8 196.095 60.4302 60.5156
6 9 97.8 28.2446 28.2491
6 10 66.113 18.8956 18.8692
6 11 39.5088 11.1415 11.0585
6 12 29.3449 8.64402 8.58071
6 13 19.4151 5.62578 5.50924
6 14 12.1719 3.29454 3.18256
6 15 25.509 5.23062 5.12108
7 0 0 0.133719 0
7 1 2.45408 1.71862 1.55435
7 2 111.673 66.7176 66.8199
7 3 969.632 593.274 594.789
7 4 2108.06 1185.2 1187.5
7 5 2955.5 1530.47 1532.66
7 6 3390.21 1764.77 1766.93
7 7 3393.95 1844.92 1847.28
7 8 3031.94 1678.95 1681.43
7 9 2536.5 1404.92 1407.37
7 10 2001.76 1065.24 1067.34
7 11 1595.93 838.633 840.427
7 12 1136.06 579.517 580.877
7 13 790.916 364.002 364.906
7 14 567.268 280.089 280.797
7 15 1330.46 689.268 690.832
8 0 3.94937 1.53533 1.41516
8 1 16.2432 12.2043 12.144
8 2 848.926 404.465 405.462
8 3 1761.5 799.249 800.788
8 4 2092.93 934.269 935.865
8 5 2067.64 900.872 902.41
8 6 1992.47 970.977 972.787
8 7 1731.09 828.876 830.51
8 8 1371.45 578.536 579.744
8 9 1136.52 545.57 546.851
8 10 877.256 437.322 438.408
8 11 658.567 350.247 351.163
8 12 490.83 249.856 250.49
8 13 338.882 154.457 154.83
8 14 226.018 94.7759 94.9717
8 15 507.803 223.68 224.257
