795 0
1 0 3615.55 1528.23 1529.22
1 1 0 0.133719 0
2 0 7796.29 3310.39 3303.75
2 1 0 0.133719 0
3 0 3739.95 10427.1 10454.4
3 1 0 0.133719 0
4 0 5083.32 13981.5 14016
4 1 0 0.133719 0
5 0 0 0.133719 0
5 1 261.203 109.359 109.588
5 2 1504.33 605.976 607.164
5 3 2060.65 798.063 799.271
5 4 2130.77 785.651 786.769
5 5 1543.37 541.649 542.607
5 6 1125.29 382.611 383.397
5 7 721.27 238.536 239.095
5 8 466.282 153.53 153.9
5 9 287.572 93.4874 93.6732
5 10 194.823 58.9993 59.0813
5 11 122.609 36.1054 36.1376
5 12 88.2793 26.5017 26.4682
5 13 60.8642 18.5235 18.469
5 14 38.91 10.2955 10.2067
5 15 76.2951 19.1147 19.0956
6 0 0.0379363 0.0450328 0.00143917
6 1 205.566 63.2076 63.3393
6 2 1346.06 440.26 441.076
6 3 1459.45 470.893 471.712
6 4 1183.9 380.099 380.846
6 5 822.207 261.965 262.549
6 6 528.594 164.914 165.309
6 7 328.313 106.966 107.219
6 8 198.038 62.0757 62.1668
6 9 98.6014 28.9143 28.921
6 10 66.6339 19.3329 19.3078
6 11 39.8246 11.3998 11.3176
6 12 29.5669 8.82423 8.76147
6 13 19.5842 5.77129 5.65519
6 14 12.2276 3.34199 3.23013
6 15 25.5747 5.28805 5.17869
7 0 0 0.133719 0
7 1 2.45408 1.71862 1.55435
7 2 111.687 66.7275 66.8303
7 3 970.061 593.64 595.153
7 4 2109.17 1186.14 1188.44
7 5 2957.15 1531.87 1534.05
7 6 3392.11 1766.4 1768.55
7 7 3395.63 1846.33 1848.69
7 8 3033.55 1680.29 1682.77
7 9 2537.82 1406.03 1408.47
7 10 2002.68 1066 1068.09
7 11 1596.7 839.303 841.095
7 12 1136.73 580.07 581.442
7 13 791.275 364.3 365.204
7 14 567.457 280.247 280.955
7 15 1330.89 689.629 691.192
8 0 3.94937 1.53533 1.41516
8 1 16.2502 12.2094 12.1492
8 2 849.321 404.804 405.802
8 3 1762.62 800.217 801.756
8 4 2094.78 935.828 937.424
8 5 2069.64 902.547 904.087
8 6 1994.35 972.546 974.354
8 7 1732.6 830.117 831.777
8 8 1372.42 579.352 580.562
8 9 1137.34 546.244 547.525
8 10 877.779 437.741 438.836
8 11 658.854 350.487 351.401
8 12 491.081 250.05 250.692
8 13 339.038 154.586 154.96
8 14 226.07 94.8169 95.0128
8 15 507.954 223.803 224.38
