870 0
1 0 3952.64 1828.85 1830.01
1 1 0 0.133719 0
2 0 8520.55 3959.87 3952.09
2 1 0 0.133719 0
3 0 4090.38 12485.3 12518
3 1 0 0.133719 0
4 0 5549.28 16730.7 16771.9
4 1 0 0.133719 0
5 0 0 0.133719 0
5 1 285.238 130.716 131.01
5 2 1631.7 719.958 721.382
5 3 2218.87 939.43 940.87
5 4 2284.17 922.443 923.775
5 5 1646.56 633.552 634.707
5 6 1194.56 444.217 445.151
5 7 762.98 275.782 276.434
5 8 490.249 174.877 175.308
5 9 301.745 106.05 106.273
5 10 204.119 67.1849 67.2911
5 11 127.703 40.5969 40.6429
5 12 91.8547 29.7392 29.7161
5 13 63.3233 20.7172 20.6698
5 14 39.7804 11.0332 10.9467
5 15 78.2444 20.7446 20.7307
6 0 0.0379363 0.0450328 0.00143917
6 1 212.016 68.9084 69.0568
6 2 1410.43 498.044 498.995
6 3 1536.57 539.943 540.906
6 4 1246.52 435.988 436.862
6 5 867.11 301.965 302.654
6 6 555.782 189.274 189.734
6 7 344.517 121.225 121.519
6 8 207.754 70.7774 70.8949
6 9 102.608 32.4549 32.4722
6 10 69.2384 21.6441 21.6264
6 11 41.4039 12.7646 12.6868
6 12 30.6771 9.77667 9.7169
6 13 20.4295 6.54053 6.42662
6 14 12.506 3.59285 3.48155
6 15 25.9036 5.59159 5.48317
7 0 0 0.133719 0
7 1 2.45408 1.71862 1.55435
7 2 111.757 66.782 66.8849
7 3 972.205 595.57 597.075
7 4 2114.71 1191.02 1193.38
7 5 2965.4 1539.21 1541.38
7 6 3401.62 1774.99 1777.13
7 7 3404.04 1853.73 1856.14
7 8 3041.58 1687.34 1689.86
7 9 2544.42 1411.88 1414.31
7 10 2007.25 1069.99 1072.11
7 11 1600.57 842.817 844.629
7 12 1140.06 583.048 584.434
7 13 793.071 365.872 366.778
7 14 568.399 281.083 281.791
7 15 1333.03 691.517 693.097
8 0 3.94937 1.53533 1.41516
8 1 16.2852 12.2367 12.1765
8 2 851.295 406.596 407.596
8 3 1768.18 805.324 806.875
8 4 2104.05 944.056 945.666
8 5 2079.63 911.393 912.951
8 6 2003.7 980.828 982.634
8 7 1740.12 836.81 838.472
8 8 1377.3 583.663 584.886
8 9 1141.39 549.805 551.087
8 10 880.395 440.004 441.097
8 11 660.291 351.748 352.661
8 12 492.333 251.115 251.756
8 13 339.817 155.266 155.643
8 14 226.329 95.0331 95.2298
8 15 508.713 224.451 225.03
