885 0
1 0 4020.06 1892.11 1893.42
1 1 0 0.133719 0
2 0 8665.4 4096.78 4088.76
2 1 0 0.133719 0
3 0 4160.47 12919.4 12953
3 1 0 0.133719 0
4 0 5642.47 17310 17352.8
4 1 0 0.133719 0
5 0 0 0.133719 0
5 1 290.044 135.219 135.526
5 2 1657.18 743.983 745.46
5 3 2250.52 969.212 970.721
5 4 2314.85 951.277 952.658
5 5 1667.2 652.95 654.122
5 6 1208.41 457.207 458.169
5 7 771.322 283.632 284.305
5 8 495.042 179.378 179.821
5 9 304.579 108.697 108.929
5 10 205.978 68.9094 69.0219
5 11 128.722 41.5438 41.5926
5 12 92.5697 30.4218 30.4008
5 13 63.8151 21.1797 21.1337
5 14 39.9545 11.1887 11.1027
5 15 78.6343 21.0883 21.0754
6 0 0.0379363 0.0450328 0.00143917
6 1 213.306 70.1094 70.2621
6 2 1423.31 510.235 511.204
6 3 1551.99 554.505 555.493
6 4 1259.04 447.781 448.671
6 5 876.091 310.404 311.108
6 6 561.22 194.41 194.883
6 7 347.758 124.231 124.534
6 8 209.697 72.6128 72.7348
6 9 103.41 33.201 33.2209
6 10 69.7593 22.1315 22.1152
6 11 41.7198 13.0524 12.9754
6 12 30.8991 9.97746 9.91832
6 13 20.5986 6.70273 6.58925
6 14 12.5617 3.64575 3.53456
6 15 25.9694 5.65563 5.54735
7 0 0 0.133719 0
7 1 2.45408 1.71862 1.55435
7 2 111.771 66.7936 66.8964
7 3 972.634 595.977 597.48
7 4 2115.82 1192.07 1194.42
7 5 2967.05 1540.76 1542.93
7 6 3403.53 1776.8 1778.93
7 7 3405.73 1855.3 1857.71
7 8 3043.19 1688.84 1691.35
7 9 2545.74 1413.11 1415.54
7 10 2008.16 1070.84 1072.95
7 11 1601.35 843.562 845.374
7 12 1140.73 583.678 585.064
7 13 793.43 366.203 367.11
7 14 568.587 281.259 281.968
7 15 1333.46 691.918 693.499
8 0 3.94937 1.53533 1.41516
8 1 16.2923 12.2424 12.1823
8 2 851.689 406.973 407.974
8 3 1769.3 806.399 807.953
8 4 2105.9 945.789 947.403
8 5 2081.63 913.256 914.82
8 6 2005.57 982.572 984.379
8 7 1741.63 838.22 839.884
8 8 1378.27 584.571 585.797
8 9 1142.2 550.555 551.839
8 10 880.918 440.48 441.574
8 11 660.579 352.014 352.927
8 12 492.583 251.34 251.981
8 13 339.973 155.41 155.788
8 14 226.381 95.0787 95.2756
8 15 508.864 224.588 225.167
