900 0
1 0 4087.48 1956.55 1957.91
1 1 0 0.133719 0
2 0 8810.26 4236.04 4227.78
2 1 0 0.133719 0
3 0 4230.55 13360.7 13395.5
3 1 0 0.133719 0
4 0 5735.67 17899.1 17943.7
4 1 0 0.133719 0
5 0 0 0.133719 0
5 1 294.851 139.798 140.119
5 2 1682.65 768.419 769.95
5 3 2282.16 999.54 1001.08
5 4 2345.54 980.602 982.034
5 5 1687.83 672.637 673.869
5 6 1222.26 470.421 471.41
5 7 779.664 291.623 292.311
5 8 499.835 183.955 184.411
5 9 307.414 111.392 111.63
5 10 207.837 70.6652 70.7822
5 11 129.741 42.5069 42.5586
5 12 93.2848 31.1161 31.0972
5 13 64.3069 21.65 21.6056
5 14 40.1286 11.3469 11.2613
5 15 79.0242 21.4377 21.426
6 0 0.0379363 0.0450328 0.00143917
6 1 214.596 71.3319 71.488
6 2 1436.18 522.617 523.623
6 3 1567.42 569.296 570.329
6 4 1271.57 459.749 460.682
6 5 885.072 318.98 319.707
6 6 566.657 199.633 200.12
6 7 350.999 127.288 127.6
6 8 211.641 74.4778 74.6062
6 9 104.211 33.9603 33.9823
6 10 70.2802 22.627 22.6124
6 11 42.0356 13.345 13.269
6 12 31.1211 10.1817 10.1232
6 13 20.7677 6.86763 6.75465
6 14 12.6173 3.69953 3.58847
6 15 26.0351 5.72071 5.61264
7 0 0 0.133719 0
7 1 2.45408 1.71862 1.55435
7 2 111.785 66.8053 66.9081
7 3 973.063 596.378 597.892
7 4 2116.93 1193.13 1195.48
7 5 2968.7 1542.33 1544.5
7 6 3405.43 1778.64 1780.77
7 7 3407.41 1856.9 1859.3
7 8 3044.8 1690.36 1692.87
7 9 2547.06 1414.37 1416.79
7 10 2009.07 1071.7 1073.81
7 11 1602.12 844.319 846.131
7 12 1141.39 584.319 585.705
7 13 793.789 366.539 367.448
7 14 568.775 281.438 282.147
7 15 1333.88 692.326 693.907
8 0 3.94937 1.53533 1.41516
8 1 16.2993 12.2482 12.1881
8 2 852.084 407.356 408.359
8 3 1770.41 807.493 809.051
8 4 2107.76 947.551 949.17
8 5 2083.63 915.15 916.72
8 6 2007.44 984.346 986.155
8 7 1743.14 839.653 841.32
8 8 1379.25 585.494 586.725
8 9 1143.01 551.318 552.602
8 10 881.441 440.964 442.059
8 11 660.866 352.284 353.197
8 12 492.833 251.568 252.209
8 13 340.129 155.556 155.934
8 14 226.433 95.125 95.3221
8 15 509.016 224.726 225.306
