975 0
1 0 4424.58 2295.09 2296.64
1 1 0 0.133719 0
2 0 9534.52 4967.76 4957.89
2 1 0 0.133719 0
3 0 4580.98 15678.6 15719.4
3 1 0 0.133719 0
4 0 6201.63 20994.8 21047.2
4 1 0 0.133719 0
5 0 0 0.133719 0
5 1 318.885 163.85 164.242
5 2 1810.03 896.794 898.574
5 3 2440.39 1158.72 1160.54
5 4 2498.94 1134.65 1136.32
5 5 1791.02 776.135 777.585
5 6 1291.53 539.799 540.952
5 7 821.374 333.556 334.36
5 8 523.802 208 208.519
5 9 321.587 125.538 125.819
5 10 217.133 79.8827 80.0275
5 11 134.835 47.5648 47.6322
5 12 96.8602 34.762 34.7547
5 13 66.7659 24.1206 24.0839
5 14 40.999 12.1777 12.0947
5 15 80.9735 23.2735 23.2674
6 0 0.0379363 0.0450328 0.00143917
6 1 221.046 77.7517 77.9266
6 2 1500.56 587.718 588.846
6 3 1644.53 647.066 648.251
6 4 1334.18 522.695 523.764
6 5 929.975 364.028 364.87
6 6 593.845 227.064 227.625
6 7 367.203 143.347 143.703
6 8 221.357 84.2776 84.4351
6 9 108.218 37.9468 37.9815
6 10 72.8847 25.23 25.2234
6 11 43.6149 14.882 14.8109
6 12 32.2313 11.2543 11.1991
6 13 21.613 7.73384 7.62339
6 14 12.8957 3.98203 3.8716
6 15 26.364 6.06261 5.95552
7 0 0 0.133719 0
7 1 2.45408 1.71862 1.55435
7 2 111.855 66.8671 66.9697
7 3 975.207 598.534 600.056
7 4 2122.47 1198.7 1201.04
7 5 2976.94 1550.59 1552.76
7 6 3414.94 1788.29 1790.43
7 7 3415.82 1865.29 1867.68
7 8 3052.83 1698.29 1700.85
7 9 2553.66 1420.94 1423.36
7 10 2013.64 1076.21 1078.33
7 11 1606 848.267 850.111
7 12 1144.72 587.68 589.074
7 13 795.585 368.313 369.22
7 14 569.717 282.377 283.089
7 15 1336.02 694.468 696.052
8 0 3.94937 1.53533 1.41516
8 1 16.3344 12.2789 12.2189
8 2 854.058 409.369 410.379
8 3 1775.98 813.259 814.814
8 4 2117.03 956.798 958.451
8 5 2093.62 925.156 926.701
8 6 2016.8 993.651 995.479
8 7 1750.66 847.173 848.86
8 8 1384.13 590.357 591.594
8 9 1147.07 555.332 556.615
8 10 884.057 443.506 444.605
8 11 662.304 353.695 354.616
8 12 494.085 252.761 253.408
8 13 340.908 156.325 156.704
8 14 226.692 95.3682 95.5665
8 15 509.775 225.458 226.038
