990 0
1 0 4492 2366.14 2367.64
1 1 0 0.133719 0
2 0 9679.37 5121.06 5110.92
2 1 0 0.133719 0
3 0 4651.07 16164.3 16206.5
3 1 0 0.133719 0
4 0 6294.82 21643.9 21697.6
4 1 0 0.133719 0
5 0 0 0.133719 0
5 1 323.692 168.893 169.298
5 2 1835.5 923.699 925.533
5 3 2472.03 1192.07 1193.96
5 4 2529.62 1166.94 1168.66
5 5 1811.66 797.836 799.323
5 6 1305.38 554.348 555.528
5 7 829.716 342.355 343.173
5 8 528.596 213.039 213.573
5 9 324.421 128.504 128.793
5 10 218.992 81.8138 81.9653
5 11 135.854 48.625 48.6956
5 12 97.5753 35.5266 35.5213
5 13 67.2577 24.6386 24.6034
5 14 41.1731 12.3517 12.2693
5 15 81.3633 23.6584 23.6534
6 0 0.0379363 0.0450328 0.00143917
6 1 222.336 79.0968 79.2761
6 2 1513.43 601.348 602.517
6 3 1659.95 663.373 664.583
6 4 1346.71 535.886 536.986
6 5 938.956 373.471 374.336
6 6 599.283 232.811 233.39
6 7 370.444 146.711 147.079
6 8 223.3 86.3309 86.4952
6 9 109.019 38.7826 38.8197
6 10 73.4056 25.7755 25.7707
6 11 43.9308 15.2043 15.134
6 12 32.4533 11.4792 11.4246
6 13 21.7821 7.91544 7.80547
6 14 12.9514 4.04125 3.93095
6 15 26.4297 6.13428 6.02739
7 0 0 0.133719 0
7 1 2.45408 1.71862 1.55435
7 2 111.869 66.88 66.9825
7 3 975.635 598.988 600.51
7 4 2123.58 1199.86 1202.21
7 5 2978.59 1552.32 1554.49
7 6 3416.84 1790.31 1792.45
7 7 3417.51 1867.05 1869.44
7 8 3054.44 1699.96 1702.52
7 9 2554.98 1422.32 1424.74
7 10 2014.56 1077.16 1079.28
7 11 1606.77 849.099 850.945
7 12 1145.39 588.384 589.78
7 13 795.944 368.683 369.592
7 14 569.906 282.573 283.286
7 15 1336.45 694.917 696.502
8 0 3.94937 1.53533 1.41516
8 1 16.3414 12.2853 12.2253
8 2 854.453 409.791 410.803
8 3 1777.09 814.461 816.022
8 4 2118.88 958.767 960.396
8 5 2095.62 927.238 928.794
8 6 2018.67 995.599 997.434
8 7 1752.17 848.748 850.44
8 8 1385.1 591.388 592.615
8 9 1147.88 556.17 557.456
8 10 884.58 444.038 445.139
8 11 662.591 353.992 354.913
8 12 494.336 253.011 253.659
8 13 341.064 156.486 156.866
8 14 226.744 95.4191 95.6178
8 15 509.926 225.611 226.191
