1005 0
1 0 4559.42 2438.16 2439.72
1 1 0 0.133719 0
2 0 9824.23 5276.71 5266.29
2 1 0 0.133719 0
3 0 4721.15 16657.5 16701
3 1 0 0.133719 0
4 0 6388.01 22302.4 22358
4 1 0 0.133719 0
5 0 0 0.133719 0
5 1 328.499 174.012 174.432
5 2 1860.98 951.014 952.904
5 3 2503.68 1225.93 1227.9
5 4 2560.3 1199.68 1201.49
5 5 1832.3 819.844 821.394
5 6 1319.23 569.12 570.327
5 7 838.058 351.274 352.121
5 8 533.389 218.155 218.703
5 9 327.256 131.513 131.812
5 10 220.851 83.7756 83.9327
5 11 136.873 49.7015 49.7752
5 12 98.2903 36.3023 36.2997
5 13 67.7495 25.1643 25.1307
5 14 41.3472 12.5286 12.4466
5 15 81.7532 24.0489 24.0452
6 0 0.0379363 0.0450328 0.00143917
6 1 223.626 80.4635 80.6462
6 2 1526.31 615.206 616.397
6 3 1675.38 679.907 681.165
6 4 1359.23 549.279 550.41
6 5 947.937 383.059 383.947
6 6 604.721 238.651 239.243
6 7 373.685 150.128 150.505
6 8 225.244 88.4157 88.5868
6 9 109.821 39.6312 39.6708
6 10 73.9265 26.3293 26.3263
6 11 44.2467 15.5314 15.4622
6 12 32.6753 11.7074 11.6536
6 13 21.9512 8.09979 7.99034
6 14 13.0071 4.10137 3.9912
6 15 26.4955 6.20699 6.10035
7 0 0 0.133719 0
7 1 2.45408 1.71862 1.55435
7 2 111.883 66.8926 66.9956
7 3 976.064 599.448 600.971
7 4 2124.69 1201.04 1203.4
7 5 2980.24 1554.07 1556.25
7 6 3418.74 1792.36 1794.5
7 7 3419.19 1868.83 1871.23
7 8 3056.04 1701.66 1704.22
7 9 2556.3 1423.72 1426.14
7 10 2015.47 1078.12 1080.24
7 11 1607.55 849.944 851.792
7 12 1146.06 589.098 590.497
7 13 796.304 369.059 369.969
7 14 570.094 282.773 283.486
7 15 1336.88 695.372 696.958
8 0 3.94937 1.53533 1.41516
8 1 16.3484 12.2918 12.2319
8 2 854.847 410.218 411.233
8 3 1778.21 815.681 817.249
8 4 2120.73 960.733 962.371
8 5 2097.62 929.352 930.918
8 6 2020.54 997.577 999.418
8 7 1753.68 850.347 852.045
8 8 1386.08 592.419 593.651
8 9 1148.69 557.021 558.309
8 10 885.103 444.578 445.681
8 11 662.879 354.293 355.215
8 12 494.586 253.266 253.914
8 13 341.22 156.649 157.03
8 14 226.796 95.4708 95.6698
8 15 510.078 225.766 226.347
