1035 0
1 0 4694.26 2585.33 2587.13
1 1 0 0.133719 0
2 0 10113.9 5595.02 5584.03
2 1 0 0.133719 0
3 0 4861.33 17666.1 17712.4
3 1 0 0.133719 0
4 0 6574.4 23650.2 23708.7
4 1 0 0.133719 0
5 0 0 0.133719 0
5 1 338.113 184.477 184.93
5 2 1911.93 1006.88 1008.88
5 3 2566.97 1295.22 1297.29
5 4 2621.66 1266.73 1268.64
5 5 1873.57 864.907 866.531
5 6 1346.94 599.3 600.592
5 7 854.741 369.53 370.42
5 8 542.976 228.615 229.195
5 9 332.925 137.671 137.987
5 10 224.57 87.7877 87.9563
5 11 138.91 51.9025 51.9832
5 12 99.7205 37.8894 37.8914
5 13 68.7331 26.2394 26.2093
5 14 41.6954 12.8901 12.8093
5 15 82.5329 24.8479 24.8466
6 0 0.0379363 0.0450328 0.00143917
6 1 226.206 83.2572 83.4483
6 2 1552.05 643.528 644.782
6 3 1706.22 713.744 715.076
6 4 1384.28 576.672 577.863
6 5 965.898 402.668 403.602
6 6 615.596 250.59 251.213
6 7 380.167 157.116 157.514
6 8 229.13 92.6807 92.8643
6 9 111.423 41.3659 41.4112
6 10 74.9683 27.4622 27.4626
6 11 44.8784 16.2003 16.1332
6 12 33.1194 12.1742 12.1218
6 13 22.2893 8.47674 8.36841
6 14 13.1184 4.2243 4.11442
6 15 26.627 6.35578 6.24957
7 0 0 0.133719 0
7 1 2.45408 1.71862 1.55435
7 2 111.911 66.9189 67.0224
7 3 976.922 600.39 601.913
7 4 2126.91 1203.46 1205.82
7 5 2983.54 1557.66 1559.84
7 6 3422.54 1796.55 1798.7
7 7 3422.55 1872.47 1874.87
7 8 3059.25 1705.13 1707.7
7 9 2558.94 1426.57 1429
7 10 2017.3 1080.08 1082.21
7 11 1609.1 851.67 853.523
7 12 1147.39 590.573 591.962
7 13 797.022 369.826 370.741
7 14 570.471 283.181 283.896
7 15 1337.73 696.302 697.892
8 0 3.94937 1.53533 1.41516
8 1 16.3624 12.3052 12.2453
8 2 855.637 411.102 412.112
8 3 1780.43 818.2 819.757
8 4 2124.44 964.751 966.41
8 5 2101.62 933.672 935.262
8 6 2024.28 1001.62 1003.48
8 7 1756.69 853.615 855.327
8 8 1388.03 594.524 595.77
8 9 1150.31 558.759 560.055
8 10 886.15 445.683 446.789
8 11 663.454 354.909 355.833
8 12 495.087 253.786 254.436
8 13 341.531 156.984 157.365
8 14 226.9 95.5787 95.7761
8 15 510.381 226.082 226.665
