1080 0
1 0 4896.52 2814.52 2816.38
1 1 0 0.133719 0
2 0 10548.5 6090.45 6078.17
2 1 0 0.133719 0
3 0 5071.58 19235 19285.2
3 1 0 0.133719 0
4 0 6853.97 25745.1 25809
4 1 0 0.133719 0
5 0 0 0.133719 0
5 1 352.533 200.756 201.256
5 2 1988.35 1093.76 1095.93
5 3 2661.9 1402.91 1405.21
5 4 2713.7 1371.01 1373.06
5 5 1935.48 934.97 936.725
5 6 1388.5 646.257 647.658
5 7 879.767 397.917 398.879
5 8 557.356 244.889 245.511
5 9 341.428 147.246 147.59
5 10 230.147 94.0257 94.2135
5 11 141.967 55.3259 55.4169
5 12 101.866 40.357 40.3669
5 13 70.2086 27.9116 27.8866
5 14 42.2176 13.4523 13.3733
5 15 83.7025 26.0902 26.0928
6 0 0.0379363 0.0450328 0.00143917
6 1 230.076 87.6019 87.806
6 2 1590.68 687.563 688.925
6 3 1752.49 766.359 767.814
6 4 1421.85 619.258 620.557
6 5 992.84 433.147 434.168
6 6 631.909 269.157 269.829
6 7 389.89 167.985 168.413
6 8 234.96 99.3122 99.5165
6 9 113.827 44.0647 44.1178
6 10 76.531 29.224 29.2298
6 11 45.826 17.2406 17.1767
6 12 33.7855 12.9002 12.85
6 13 22.7966 9.063 8.95637
6 14 13.2854 4.41549 4.30605
6 15 26.8243 6.58717 6.48164
7 0 0 0.133719 0
7 1 2.45408 1.71862 1.55435
7 2 111.953 66.9606 67.0641
7 3 978.208 601.854 603.378
7 4 2130.23 1207.22 1209.58
7 5 2988.49 1563.23 1565.43
7 6 3428.25 1803.07 1805.24
7 7 3427.6 1878.14 1880.55
7 8 3064.07 1710.52 1713.1
7 9 2562.9 1431.01 1433.44
7 10 2020.04 1083.13 1085.26
7 11 1611.42 854.376 856.217
7 12 1149.39 592.843 594.242
7 13 798.099 371.019 371.941
7 14 571.036 283.815 284.533
7 15 1339.01 697.748 699.343
8 0 3.94937 1.53533 1.41516
8 1 16.3835 12.3259 12.2661
8 2 856.821 412.461 413.479
8 3 1783.77 822.077 823.658
8 4 2130 971.032 972.692
8 5 2107.61 940.42 942.017
8 6 2029.9 1007.9 1009.79
8 7 1761.2 858.693 860.43
8 8 1390.95 597.814 599.066
8 9 1152.75 561.462 562.771
8 10 887.719 447.399 448.513
8 11 664.316 355.866 356.793
8 12 495.838 254.594 255.248
8 13 341.999 157.504 157.886
8 14 227.055 95.743 95.9416
8 15 510.837 226.574 227.16
