1095 0
1 0 4963.93 2893.04 2894.96
1 1 0 0.133719 0
2 0 10693.3 6260.14 6247.55
2 1 0 0.133719 0
3 0 5141.67 19772.7 19824.4
3 1 0 0.133719 0
4 0 6947.17 26463 26529
4 1 0 0.133719 0
5 0 0 0.133719 0
5 1 357.34 206.336 206.853
5 2 2013.83 1123.54 1125.77
5 3 2693.55 1439.88 1442.21
5 4 2744.39 1406.71 1408.85
5 5 1956.12 958.999 960.787
5 6 1402.35 662.348 663.792
5 7 888.109 407.642 408.634
5 8 562.149 250.468 251.104
5 9 344.263 150.527 150.881
5 10 232.007 96.1638 96.3584
5 11 142.986 56.4991 56.594
5 12 102.581 41.2031 41.2154
5 13 70.7004 28.4848 28.4616
5 14 42.3917 13.645 13.5666
5 15 84.0924 26.5161 26.52
6 0 0.0379363 0.0450328 0.00143917
6 1 231.366 89.0915 89.2997
6 2 1603.55 702.673 704.057
6 3 1767.91 784.413 785.891
6 4 1434.38 633.863 635.192
6 5 1001.82 443.602 444.646
6 6 637.346 275.515 276.21
6 7 393.131 171.708 172.149
6 8 236.903 101.587 101.797
6 9 114.629 44.9895 45.0457
6 10 77.0519 29.8279 29.8355
6 11 46.1418 17.5972 17.5344
6 12 34.0075 13.149 13.0997
6 13 22.9656 9.26399 9.15792
6 14 13.3411 4.48104 4.37174
6 15 26.8901 6.66652 6.56119
7 0 0 0.133719 0
7 1 2.45408 1.71862 1.55435
7 2 111.967 66.9748 67.0783
7 3 978.637 602.355 603.88
7 4 2131.34 1208.51 1210.87
7 5 2990.14 1565.14 1567.35
7 6 3430.15 1805.3 1807.48
7 7 3429.28 1880.08 1882.49
7 8 3065.68 1712.37 1714.95
7 9 2564.22 1432.53 1434.97
7 10 2020.95 1084.18 1086.31
7 11 1612.2 855.296 857.14
7 12 1150.05 593.621 595.023
7 13 798.458 371.436 372.352
7 14 571.224 284.032 284.752
7 15 1339.44 698.244 699.841
8 0 3.94937 1.53533 1.41516
8 1 16.3905 12.333 12.2732
8 2 857.216 412.927 413.948
8 3 1784.89 823.405 824.995
8 4 2131.85 973.172 974.845
8 5 2109.61 942.721 944.333
8 6 2031.77 1010.06 1011.95
8 7 1762.71 860.46 862.179
8 8 1391.93 598.954 600.195
8 9 1153.56 562.387 563.702
8 10 888.242 447.997 449.103
8 11 664.604 356.194 357.122
8 12 496.089 254.875 255.526
8 13 342.154 157.682 158.065
8 14 227.107 95.7993 95.9982
8 15 510.988 226.743 227.33
