1125 0
1 0 5098.77 3053.33 3055.38
1 1 0 0.133719 0
2 0 10983 6606.55 6593.33
2 1 0 0.133719 0
3 0 5281.84 20870.3 20925
3 1 0 0.133719 0
4 0 7133.55 27929.2 27998.8
4 1 0 0.133719 0
5 0 0 0.133719 0
5 1 366.954 217.728 218.278
5 2 2064.78 1184.31 1186.69
5 3 2756.84 1515.3 1517.73
5 4 2805.75 1479.7 1481.92
5 5 1997.39 1007.99 1009.91
5 6 1430.06 695.218 696.727
5 7 904.793 427.506 428.548
5 8 571.736 261.852 262.522
5 9 349.932 157.225 157.601
5 10 235.725 100.53 100.737
5 11 145.023 58.8953 58.9968
5 12 104.011 42.9298 42.9477
5 13 71.684 29.6549 29.6353
5 14 42.7399 14.0384 13.9613
5 15 84.8721 27.3854 27.3921
6 0 0.0379363 0.0450328 0.00143917
6 1 233.946 92.1311 92.349
6 2 1629.3 733.474 734.946
6 3 1798.76 821.245 822.795
6 4 1459.42 663.679 665.067
6 5 1019.78 464.948 466.035
6 6 648.221 288.512 289.237
6 7 399.613 179.314 179.775
6 8 240.79 106.227 106.452
6 9 116.231 46.8776 46.9397
6 10 78.0937 31.0604 31.0721
6 11 46.7735 18.3251 18.2647
6 12 34.4515 13.6571 13.6092
6 13 23.3038 9.67418 9.56935
6 14 13.4524 4.6148 4.50583
6 15 27.0217 6.82842 6.72357
7 0 0 0.133719 0
7 1 2.45408 1.71862 1.55435
7 2 111.996 67.004 67.1075
7 3 979.495 603.378 604.905
7 4 2133.56 1211.14 1213.51
7 5 2993.43 1569.03 1571.26
7 6 3433.96 1809.85 1812.05
7 7 3432.65 1884.04 1886.46
7 8 3068.89 1716.2 1718.73
7 9 2566.86 1435.64 1438.08
7 10 2022.78 1086.31 1088.45
7 11 1613.75 857.196 859.025
7 12 1151.39 595.208 596.619
7 13 799.177 372.27 373.192
7 14 571.601 284.475 285.198
7 15 1340.29 699.255 700.857
8 0 3.94937 1.53533 1.41516
8 1 16.4045 12.3475 12.2878
8 2 858.005 413.878 414.905
8 3 1787.12 826.116 827.724
8 4 2135.56 977.573 979.24
8 5 2113.61 947.484 949.06
8 6 2035.51 1014.48 1016.37
8 7 1765.72 864.038 865.75
8 8 1393.88 601.243 602.502
8 9 1155.18 564.291 565.602
8 10 889.289 449.197 450.309
8 11 665.179 356.863 357.794
8 12 496.589 255.44 256.093
8 13 342.466 158.046 158.429
8 14 227.211 95.9152 96.114
8 15 511.292 227.09 227.676
