1170 0
1 0 5301.03 3302.04 3304.14
1 1 0 0.133719 0
2 0 11417.6 7143.72 7129.52
2 1 0 0.133719 0
3 0 5492.1 22572.8 22631.6
3 1 0 0.133719 0
4 0 7413.13 30203.2 30278
4 1 0 0.133719 0
5 0 0 0.133719 0
5 1 381.374 235.394 235.994
5 2 2141.2 1278.59 1281.15
5 3 2851.77 1632.17 1634.83
5 4 2897.79 1592.78 1595.23
5 5 2059.31 1084 1086.08
5 6 1471.62 746.164 747.799
5 7 929.819 458.307 459.428
5 8 586.116 279.51 280.227
5 9 358.436 167.618 168.021
5 10 241.303 107.299 107.527
5 11 148.08 62.6095 62.7228
5 12 106.156 45.6078 45.6338
5 13 73.1594 31.4694 31.4554
5 14 43.2621 14.6486 14.5733
5 15 86.0417 28.7335 28.7444
6 0 0.0379363 0.0450328 0.00143917
6 1 237.816 96.846 97.0775
6 2 1667.93 781.286 782.846
6 3 1845.03 878.325 880.021
6 4 1497 709.88 711.394
6 5 1046.72 498.03 499.203
6 6 664.534 308.659 309.437
6 7 409.335 191.107 191.602
6 8 246.62 113.425 113.67
6 9 118.636 49.8057 49.8767
6 10 79.6563 32.9722 32.9896
6 11 47.7211 19.4541 19.397
6 12 35.1176 14.4449 14.3994
6 13 23.811 10.3103 10.2073
6 14 13.6195 4.82226 4.71377
6 15 27.219 7.07954 6.97539
7 0 0 0.133719 0
7 1 2.45408 1.71862 1.55435
7 2 112.038 67.0491 67.1527
7 3 980.781 604.964 606.495
7 4 2136.88 1215.21 1217.6
7 5 2998.38 1575.07 1577.32
7 6 3439.66 1816.99 1819.14
7 7 3437.7 1890.17 1892.62
7 8 3073.71 1722.04 1724.59
7 9 2570.82 1440.45 1442.91
7 10 2025.52 1089.61 1091.77
7 11 1616.07 860.104 861.947
7 12 1153.39 597.668 599.092
7 13 800.254 373.563 374.494
7 14 572.166 285.167 285.889
7 15 1341.58 700.841 702.432
8 0 3.94937 1.53533 1.41516
8 1 16.4256 12.3701 12.3104
8 2 859.19 415.36 416.388
8 3 1790.46 830.371 831.957
8 4 2141.12 984.378 986.056
8 5 2119.6 954.762 956.391
8 6 2041.12 1021.29 1023.21
8 7 1770.24 869.543 871.288
8 8 1396.81 604.808 606.078
8 9 1157.62 567.234 568.548
8 10 890.858 451.057 452.18
8 11 666.041 357.9 358.836
8 12 497.341 256.316 256.974
8 13 342.933 158.607 158.995
8 14 227.367 96.0933 96.2935
8 15 511.747 227.628 228.213
