1185 0
1 0 5368.45 3387.06 3389.23
1 1 0 0.133719 0
2 0 11562.5 7327.46 7312.93
2 1 0 0.133719 0
3 0 5562.19 23155 23215.4
3 1 0 0.133719 0
4 0 7506.32 30980.6 31057.6
4 1 0 0.133719 0
5 0 0 0.133719 0
5 1 386.181 241.436 242.054
5 2 2166.68 1310.85 1313.46
5 3 2883.42 1672.15 1674.89
5 4 2928.47 1631.44 1633.99
5 5 2079.94 1109.99 1112.13
5 6 1485.47 763.591 765.269
5 7 938.161 468.839 469.991
5 8 590.909 285.547 286.283
5 9 361.27 171.169 171.585
5 10 243.162 109.614 109.849
5 11 149.099 63.88 63.9973
5 12 106.871 46.5234 46.5525
5 13 73.6512 32.0899 32.078
5 14 43.4362 14.8573 14.7826
5 15 86.4315 29.1948 29.2069
6 0 0.0379363 0.0450328 0.00143917
6 1 239.106 98.4575 98.6949
6 2 1680.8 797.625 799.23
6 3 1860.45 897.849 899.594
6 4 1509.52 725.698 727.24
6 5 1055.7 509.343 510.548
6 6 669.972 315.545 316.346
6 7 412.576 195.139 195.647
6 8 248.563 115.887 116.139
6 9 119.437 50.8072 50.8813
6 10 80.1772 33.6259 33.6455
6 11 48.037 19.8402 19.7843
6 12 35.3396 14.7143 14.6697
6 13 23.9801 10.528 10.4256
6 14 13.6751 4.89322 4.78489
6 15 27.2847 7.16541 7.06152
7 0 0 0.133719 0
7 1 2.45408 1.71862 1.55435
7 2 112.052 67.0645 67.1681
7 3 981.21 605.506 607.038
7 4 2137.99 1216.6 1218.99
7 5 3000.03 1577.14 1579.4
7 6 3441.56 1819.4 1821.57
7 7 3439.38 1892.27 1894.72
7 8 3075.32 1724.04 1726.59
7 9 2572.14 1442.09 1444.56
7 10 2026.43 1090.74 1092.91
7 11 1616.85 861.098 862.947
7 12 1154.05 598.524 599.939
7 13 800.613 374.013 374.939
7 14 572.355 285.402 286.126
7 15 1342 701.377 702.971
8 0 3.94937 1.53533 1.41516
8 1 16.4326 12.3778 12.3181
8 2 859.584 415.873 416.896
8 3 1791.57 831.808 833.405
8 4 2142.98 986.692 988.388
8 5 2121.6 957.251 958.898
8 6 2042.99 1023.66 1025.56
8 7 1771.74 871.451 873.182
8 8 1397.78 606.021 607.301
8 9 1158.43 568.235 569.556
8 10 891.381 451.693 452.819
8 11 666.329 358.254 359.193
8 12 497.591 256.616 257.275
8 13 343.089 158.804 159.188
8 14 227.419 96.1541 96.3549
8 15 511.898 227.81 228.397
