1245 0
1 0 5638.13 3737.8 3740.42
1 1 0 0.133719 0
2 0 12141.9 8085.8 8069.9
2 1 0 0.133719 0
3 0 5842.53 25557.9 25624.8
3 1 0 0.133719 0
4 0 7879.09 34189.8 34275.2
4 1 0 0.133719 0
5 0 0 0.133719 0
5 1 405.408 266.374 267.065
5 2 2268.58 1443.93 1446.82
5 3 3010 1837.23 1840.21
5 4 3051.19 1791.13 1793.95
5 5 2162.49 1217.31 1219.66
5 6 1540.88 835.529 837.37
5 7 971.529 512.329 513.587
5 8 610.083 310.476 311.279
5 9 372.608 185.838 186.296
5 10 250.599 119.171 119.435
5 11 153.174 69.1244 69.2575
5 12 109.732 50.3042 50.3447
5 13 75.6184 34.6513 34.6475
5 14 44.1325 15.7186 15.6466
5 15 87.991 31.098 31.1161
6 0 0.0379363 0.0450328 0.00143917
6 1 244.266 105.113 105.37
6 2 1732.3 865.091 866.854
6 3 1922.15 978.443 980.384
6 4 1559.62 790.95 792.644
6 5 1091.63 556.039 557.372
6 6 691.722 343.982 344.863
6 7 425.54 211.788 212.343
6 8 256.336 126.046 126.33
6 9 122.642 54.9412 55.0276
6 10 82.2608 36.3248 36.3527
6 11 49.3004 21.4338 21.383
6 12 36.2278 15.8264 15.7852
6 13 24.6564 11.426 11.3263
6 14 13.8978 5.18609 5.07845
6 15 27.5478 7.51988 7.41702
7 0 0 0.133719 0
7 1 2.45408 1.71862 1.55435
7 2 112.108 67.1281 67.2319
7 3 982.925 607.742 609.282
7 4 2142.43 1222.35 1224.76
7 5 3006.63 1585.65 1587.96
7 6 3449.17 1829.36 1831.57
7 7 3446.11 1901 1903.42
7 8 3081.75 1732.28 1734.87
7 9 2577.42 1448.87 1451.37
7 10 2030.09 1095.44 1097.59
7 11 1619.95 865.198 867.072
7 12 1156.72 602.008 603.431
7 13 802.05 375.845 376.778
7 14 573.108 286.371 287.102
7 15 1343.71 703.605 705.195
8 0 3.94937 1.53533 1.41516
8 1 16.4606 12.4096 12.35
8 2 861.163 417.96 418.991
8 3 1796.02 837.761 839.381
8 4 2150.39 996.276 998.01
8 5 2129.6 967.587 969.247
8 6 2050.48 1033.3 1035.22
8 7 1777.77 879.244 881
8 8 1401.68 611.062 612.35
8 9 1161.67 572.38 573.716
8 10 893.474 454.326 455.46
8 11 667.479 359.73 360.664
8 12 498.593 257.859 258.518
8 13 343.712 159.598 159.987
8 14 227.626 96.4076 96.6083
8 15 512.505 228.566 229.155
