1260 0
1 0 5705.55 3828.23 3830.93
1 1 0 0.133719 0
2 0 12286.7 8281.24 8264.99
2 1 0 0.133719 0
3 0 5912.62 26177.2 26245.8
3 1 0 0.133719 0
4 0 7972.28 35016.7 35104.4
4 1 0 0.133719 0
5 0 0 0.133719 0
5 1 410.215 272.799 273.51
5 2 2294.06 1478.24 1481.19
5 3 3041.64 1879.75 1882.82
5 4 3081.87 1832.32 1835.18
5 5 2183.13 1244.96 1247.37
5 6 1554.73 854.071 855.952
5 7 979.871 523.524 524.822
5 8 614.876 316.898 317.721
5 9 375.443 189.621 190.087
5 10 252.458 121.635 121.905
5 11 154.193 70.4761 70.6131
5 12 110.447 51.2783 51.322
5 13 76.1103 35.3116 35.3097
5 14 44.3066 15.9406 15.8692
5 15 88.3808 31.5884 31.6081
6 0 0.0379363 0.0450328 0.00143917
6 1 245.556 106.829 107.091
6 2 1745.17 882.473 884.281
6 3 1937.57 999.247 1001.2
6 4 1572.14 807.778 809.499
6 5 1100.61 568.075 569.44
6 6 697.16 351.315 352.213
6 7 428.781 216.077 216.646
6 8 258.279 128.665 128.956
6 9 123.444 56.0063 56.0962
6 10 82.7817 37.0205 37.0503
6 11 49.6163 21.8446 21.7949
6 12 36.4498 16.113 16.0727
6 13 24.8254 11.6574 11.5584
6 14 13.9535 5.26157 5.1541
6 15 27.6136 7.61122 7.50864
7 0 0 0.133719 0
7 1 2.45408 1.71862 1.55435
7 2 112.122 67.1445 67.2483
7 3 983.354 608.318 609.861
7 4 2143.54 1223.86 1226.25
7 5 3008.28 1587.91 1590.17
7 6 3451.07 1831.92 1834.15
7 7 3447.79 1903.23 1905.66
7 8 3083.35 1734.4 1737
7 9 2578.74 1450.62 1453.12
7 10 2031 1096.67 1098.8
7 11 1620.72 866.279 868.136
7 12 1157.38 602.901 604.331
7 13 802.409 376.315 377.251
7 14 573.297 286.631 287.354
7 15 1344.14 704.174 705.768
8 0 3.94937 1.53533 1.41516
8 1 16.4677 12.4178 12.3582
8 2 861.558 418.496 419.53
8 3 1797.14 839.288 840.921
8 4 2152.24 998.772 1000.49
8 5 2131.59 970.266 971.914
8 6 2052.35 1035.77 1037.72
8 7 1779.27 881.271 883.015
8 8 1402.66 612.351 613.651
8 9 1162.48 573.444 574.788
8 10 893.997 455.012 456.14
8 11 667.766 360.107 361.043
8 12 498.843 258.178 258.838
8 13 343.868 159.802 160.192
8 14 227.678 96.4723 96.6736
8 15 512.657 228.76 229.351
