1290 0
1 0 5840.39 4012.53 4015.19
1 1 0 0.133719 0
2 0 12576.4 8679.13 8662.17
2 1 0 0.133719 0
3 0 6052.79 27438.5 27510
3 1 0 0.133719 0
4 0 8158.67 36701.8 36792.7
4 1 0 0.133719 0
5 0 0 0.133719 0
5 1 419.829 285.886 286.633
5 2 2345.01 1548.04 1551.16
5 3 3104.93 1966.34 1969.57
5 4 3143.24 1916.06 1919.11
5 5 2224.4 1301.26 1303.79
5 6 1582.44 891.822 893.783
5 7 996.555 546.341 547.697
5 8 624.463 329.975 330.836
5 9 381.112 197.312 197.806
5 10 256.176 126.648 126.934
5 11 156.23 73.2276 73.3731
5 12 111.877 53.2619 53.3117
5 13 77.0939 36.6556 36.6579
5 14 44.6548 16.3925 16.3226
5 15 89.1606 32.5874 32.6098
6 0 0.0379363 0.0450328 0.00143917
6 1 248.136 110.322 110.593
6 2 1770.92 917.889 919.763
6 3 1968.41 1041.57 1043.59
6 4 1597.19 841.998 843.815
6 5 1118.57 592.58 594.009
6 6 708.035 366.239 367.176
6 7 435.262 224.814 225.406
6 8 262.166 133.995 134.303
6 9 125.047 58.1749 58.2717
6 10 83.8235 38.4366 38.4707
6 11 50.248 22.6807 22.6337
6 12 36.8938 16.6966 16.658
6 13 25.1636 12.1286 12.031
6 14 14.0649 5.41521 5.30813
6 15 27.7451 7.79718 7.69516
7 0 0 0.133719 0
7 1 2.45408 1.71862 1.55435
7 2 112.15 67.1778 67.2818
7 3 984.212 609.502 611.038
7 4 2145.75 1226.88 1229.28
7 5 3011.57 1592.37 1594.66
7 6 3454.88 1837.14 1839.41
7 7 3451.16 1907.77 1910.22
7 8 3086.56 1738.72 1741.34
7 9 2581.38 1454.18 1456.7
7 10 2032.83 1099.12 1101.26
7 11 1622.27 868.429 870.3
7 12 1158.71 604.735 606.163
7 13 803.127 377.279 378.216
7 14 573.673 287.139 287.866
7 15 1345 705.333 706.935
8 0 3.94937 1.53533 1.41516
8 1 16.4817 12.4345 12.375
8 2 862.348 419.585 420.63
8 3 1799.36 842.424 844.056
8 4 2155.95 1003.81 1005.54
8 5 2135.59 975.685 977.344
8 6 2056.09 1040.81 1042.79
8 7 1782.28 885.342 887.117
8 8 1404.61 615.011 616.3
8 9 1164.1 575.639 576.971
8 10 895.043 456.387 457.525
8 11 668.341 360.874 361.815
8 12 499.344 258.829 259.491
8 13 344.18 160.221 160.611
8 14 227.782 96.6051 96.8066
8 15 512.96 229.158 229.749
