1305 0
1 0 5907.81 4106.22 4108.95
1 1 0 0.133719 0
2 0 12721.3 8881.59 8864.26
2 1 0 0.133719 0
3 0 6122.88 28080 28153.2
3 1 0 0.133719 0
4 0 8251.86 37558.5 37651.7
4 1 0 0.133719 0
5 0 0 0.133719 0
5 1 424.636 292.545 293.311
5 2 2370.48 1583.59 1586.76
5 3 3136.58 2010.33 2013.71
5 4 3173.92 1958.66 1961.81
5 5 2245.04 1329.91 1332.5
5 6 1596.29 911.008 913.032
5 7 1004.9 557.952 559.336
5 8 629.256 336.634 337.509
5 9 383.946 201.232 201.733
5 10 258.035 129.201 129.494
5 11 157.249 74.628 74.7775
5 12 112.592 54.2716 54.3241
5 13 77.5857 37.3397 37.3439
5 14 44.8289 16.6225 16.5532
5 15 89.5504 33.0954 33.1195
6 0 0.0379363 0.0450328 0.00143917
6 1 249.426 112.098 112.376
6 2 1783.8 935.897 937.817
6 3 1983.84 1063.06 1065.16
6 4 1609.71 859.411 861.277
6 5 1127.55 605.064 606.51
6 6 713.473 373.829 374.789
6 7 438.503 229.262 229.864
6 8 264.109 136.708 137.023
6 9 125.848 59.2789 59.3787
6 10 84.3444 39.1568 39.1935
6 11 50.5639 23.1062 23.0605
6 12 37.1159 16.9934 16.9558
6 13 25.3327 12.3684 12.2715
6 14 14.1205 5.4934 5.3865
6 15 27.8109 7.89184 7.79007
7 0 0 0.133719 0
7 1 2.45408 1.71862 1.55435
7 2 112.164 67.1948 67.2988
7 3 984.64 610.098 611.637
7 4 2146.86 1228.41 1230.82
7 5 3013.22 1594.65 1596.94
7 6 3456.78 1839.8 1842.08
7 7 3452.84 1910.07 1912.54
7 8 3088.17 1740.92 1743.55
7 9 2582.7 1455.99 1458.52
7 10 2033.74 1100.36 1102.51
7 11 1623.05 869.522 871.402
7 12 1159.38 605.66 607.096
7 13 803.487 377.774 378.707
7 14 573.862 287.398 288.127
7 15 1345.42 705.923 707.529
8 0 3.94937 1.53533 1.41516
8 1 16.4887 12.4429 12.3835
8 2 862.742 420.149 421.189
8 3 1800.48 844.031 845.651
8 4 2157.8 1006.36 1008.11
8 5 2137.59 978.424 980.107
8 6 2057.96 1043.44 1045.37
8 7 1783.79 887.413 889.204
8 8 1405.58 616.347 617.648
8 9 1164.92 576.741 578.081
8 10 895.566 457.097 458.23
8 11 668.628 361.264 362.208
8 12 499.594 259.159 259.823
8 13 344.336 160.433 160.825
8 14 227.834 96.6721 96.8742
8 15 513.112 229.359 229.951
