1320 0
1 0 5975.23 4200.98 4203.79
1 1 0 0.133719 0
2 0 12866.1 9086.99 9068.69
2 1 0 0.133719 0
3 0 6192.96 28728.9 28803.9
3 1 0 0.133719 0
4 0 8345.05 38425 38520.7
4 1 0 0.133719 0
5 0 0 0.133719 0
5 1 429.442 299.277 300.065
5 2 2395.96 1619.5 1622.78
5 3 3168.22 2054.97 2058.35
5 4 3204.6 2001.84 2005.01
5 5 2265.68 1358.93 1361.54
5 6 1610.15 930.441 932.504
5 7 1013.24 569.697 571.109
5 8 634.05 343.365 344.259
5 9 386.781 205.191 205.706
5 10 259.895 131.782 132.082
5 11 158.268 76.044 76.198
5 12 113.307 55.292 55.3482
5 13 78.0775 38.0313 38.0378
5 14 45.003 16.855 16.7865
5 15 89.9403 33.6093 33.6351
6 0 0.0379363 0.0450328 0.00143917
6 1 250.716 113.896 114.178
6 2 1796.67 954.142 956.079
6 3 1999.26 1084.84 1086.98
6 4 1622.23 877.05 878.94
6 5 1136.53 617.664 619.155
6 6 718.91 381.508 382.491
6 7 441.744 233.757 234.373
6 8 266.052 139.452 139.775
6 9 126.649 60.3952 60.4985
6 10 84.8653 39.8858 39.9245
6 11 50.8797 23.5366 23.4922
6 12 37.3379 17.2938 17.2571
6 13 25.5017 12.6109 12.5147
6 14 14.1762 5.57249 5.46578
6 15 27.8766 7.98759 7.88608
7 0 0 0.133719 0
7 1 2.45408 1.71862 1.55435
7 2 112.178 67.2119 67.3161
7 3 985.069 610.701 612.243
7 4 2147.97 1229.96 1232.38
7 5 3014.87 1596.94 1599.26
7 6 3458.68 1842.48 1844.78
7 7 3454.52 1912.41 1914.88
7 8 3089.78 1743.14 1745.78
7 9 2584.02 1457.82 1460.36
7 10 2034.66 1101.62 1103.77
7 11 1623.82 870.654 872.516
7 12 1160.05 606.596 608.039
7 13 803.846 378.266 379.203
7 14 574.05 287.659 288.39
7 15 1345.85 706.519 708.129
8 0 3.94937 1.53533 1.41516
8 1 16.4957 12.4515 12.3921
8 2 863.137 420.719 421.754
8 3 1801.59 845.63 847.265
8 4 2159.66 1008.94 1010.71
8 5 2139.59 981.228 982.901
8 6 2059.83 1046.03 1047.98
8 7 1785.3 889.535 891.315
8 8 1406.56 617.715 619.011
8 9 1165.73 577.855 579.205
8 10 896.089 457.804 458.943
8 11 668.916 361.665 362.605
8 12 499.845 259.492 260.158
8 13 344.492 160.648 161.04
8 14 227.885 96.741 96.9427
8 15 513.264 229.566 230.156
