1335 0
1 0 6042.64 4296.84 4299.72
1 1 0 0.133719 0
2 0 13011 9294.14 9275.46
2 1 0 0.133719 0
3 0 6263.05 29385.3 29462.1
3 1 0 0.133719 0
4 0 8438.24 39302.3 39399.6
4 1 0 0.133719 0
5 0 0 0.133719 0
5 1 434.249 306.091 306.897
5 2 2421.43 1655.91 1659.2
5 3 3199.87 2100.05 2103.51
5 4 3235.28 2045.43 2048.71
5 5 2286.32 1388.2 1390.92
5 6 1624 950.072 952.199
5 7 1021.58 581.577 583.017
5 8 638.843 350.174 351.087
5 9 389.615 209.198 209.724
5 10 261.754 134.392 134.701
5 11 159.287 77.477 77.6349
5 12 114.022 56.3251 56.3841
5 13 78.5693 38.7311 38.7397
5 14 45.1771 17.0903 17.0225
5 15 90.3301 34.1291 34.1566
6 0 0.0379363 0.0450328 0.00143917
6 1 252.006 115.715 116.002
6 2 1809.55 972.539 974.55
6 3 2014.68 1106.86 1109.05
6 4 1634.76 894.866 896.804
6 5 1145.51 630.424 631.946
6 6 724.348 389.275 390.28
6 7 444.985 238.301 238.933
6 8 267.996 142.228 142.559
6 9 127.451 61.5243 61.631
6 10 85.3862 40.623 40.664
6 11 51.1956 23.9719 23.9289
6 12 37.5599 17.5976 17.5618
6 13 25.6708 12.8562 12.7607
6 14 14.2319 5.65249 5.54596
6 15 27.9424 8.08443 7.98318
7 0 0 0.133719 0
7 1 2.45408 1.71862 1.55435
7 2 112.192 67.2293 67.3335
7 3 985.498 611.311 612.856
7 4 2149.08 1231.52 1233.95
7 5 3016.52 1599.33 1601.6
7 6 3460.58 1845.28 1847.52
7 7 3456.21 1914.77 1917.26
7 8 3091.38 1745.39 1748.04
7 9 2585.34 1459.67 1462.22
7 10 2035.57 1102.89 1105.05
7 11 1624.6 871.773 873.643
7 12 1160.71 607.558 608.993
7 13 804.205 378.763 379.705
7 14 574.238 287.924 288.657
7 15 1346.28 707.122 708.737
8 0 3.94937 1.53533 1.41516
8 1 16.5027 12.4602 12.4008
8 2 863.532 421.286 422.327
8 3 1802.71 847.248 848.897
8 4 2161.51 1011.61 1013.33
8 5 2141.59 984.03 985.728
8 6 2061.7 1048.65 1050.62
8 7 1786.8 891.682 893.451
8 8 1407.53 619.099 620.39
8 9 1166.54 578.996 580.341
8 10 896.612 458.52 459.664
8 11 669.203 362.064 363.007
8 12 500.095 259.829 260.498
8 13 344.647 160.867 161.258
8 14 227.937 96.8095 97.0119
8 15 513.415 229.771 230.363
