1350 0
1 0 6110.06 4393.77 4396.73
1 1 0 0.133719 0
2 0 13155.8 9503.63 9484.56
2 1 0 0.133719 0
3 0 6333.13 30049.1 30127.6
3 1 0 0.133719 0
4 0 8531.43 40188.6 40288.4
4 1 0 0.133719 0
5 0 0 0.133719 0
5 1 439.056 312.977 313.806
5 2 2446.91 1692.64 1696.04
5 3 3231.51 2145.64 2149.18
5 4 3265.96 2089.52 2092.9
5 5 2306.95 1417.84 1420.62
5 6 1637.85 969.951 972.116
5 7 1029.92 593.579 595.06
5 8 643.636 357.059 357.991
5 9 392.45 213.251 213.788
5 10 263.613 137.032 137.348
5 11 160.306 78.9255 79.0879
5 12 114.737 57.3694 57.4316
5 13 79.0611 39.4385 39.4495
5 14 45.3511 17.3283 17.2612
5 15 90.72 34.6551 34.6839
6 0 0.0379363 0.0450328 0.00143917
6 1 253.296 117.552 117.846
6 2 1822.42 991.173 993.23
6 3 2030.11 1129.09 1131.36
6 4 1647.28 912.885 914.871
6 5 1154.49 643.344 644.88
6 6 729.786 397.137 398.158
6 7 448.226 242.903 243.546
6 8 269.939 145.033 145.374
6 9 128.252 62.6662 62.7764
6 10 85.9071 41.3687 41.4118
6 11 51.5114 24.4122 24.3705
6 12 37.782 17.9047 17.87
6 13 25.8399 13.1043 13.0095
6 14 14.2875 5.73335 5.62705
6 15 28.0082 8.18231 8.08139
7 0 0 0.133719 0
7 1 2.45408 1.71862 1.55435
7 2 112.206 67.2468 67.3511
7 3 985.927 611.928 613.476
7 4 2150.19 1233.11 1235.55
7 5 3018.17 1601.68 1603.96
7 6 3462.48 1848.02 1850.28
7 7 3457.89 1917.15 1919.66
7 8 3092.99 1747.73 1750.33
7 9 2586.66 1461.54 1464.1
7 10 2036.48 1104.17 1106.35
7 11 1625.37 872.904 874.783
7 12 1161.38 608.515 609.957
7 13 804.564 379.274 380.213
7 14 574.427 288.196 288.927
7 15 1346.7 707.731 709.351
8 0 3.94937 1.53533 1.41516
8 1 16.5098 12.469 12.4096
8 2 863.927 421.859 422.905
8 3 1803.82 848.911 850.548
8 4 2163.36 1014.25 1015.99
8 5 2143.59 986.899 988.587
8 6 2063.57 1051.3 1053.29
8 7 1788.31 893.824 895.61
8 8 1408.51 620.48 621.785
8 9 1167.35 580.136 581.49
8 10 897.136 459.244 460.394
8 11 669.491 362.467 363.413
8 12 500.345 260.174 260.841
8 13 344.803 161.085 161.479
8 14 227.989 96.88 97.0819
8 15 513.567 229.978 230.573
