1365 0
1 0 6177.48 4491.79 4494.83
1 1 0 0.133719 0
2 0 13300.7 9715.46 9696
2 1 0 0.133719 0
3 0 6403.22 30720.3 30800.6
3 1 0 0.133719 0
4 0 8624.63 41084.9 41187.1
4 1 0 0.133719 0
5 0 0 0.133719 0
5 1 443.863 319.949 320.792
5 2 2472.38 1729.83 1733.29
5 3 3263.16 2191.75 2195.36
5 4 3296.64 2134.1 2137.58
5 5 2327.59 1447.82 1450.66
5 6 1651.7 990.052 992.255
5 7 1038.26 605.742 607.237
5 8 648.43 364.022 364.973
5 9 395.285 217.347 217.897
5 10 265.472 139.702 140.026
5 11 161.325 80.3902 80.5572
5 12 115.452 58.4249 58.4908
5 13 79.5529 40.1544 40.1672
5 14 45.5252 17.5689 17.5025
5 15 91.1099 35.1866 35.2172
6 0 0.0379363 0.0450328 0.00143917
6 1 254.586 119.411 119.711
6 2 1835.3 1010.05 1012.12
6 3 2045.53 1151.65 1153.93
6 4 1659.81 931.132 933.139
6 5 1163.47 656.378 657.959
6 6 735.223 405.08 406.123
6 7 451.467 247.553 248.209
6 8 271.882 147.872 148.22
6 9 129.053 63.8209 63.9346
6 10 86.428 42.1227 42.1679
6 11 51.8273 24.8574 24.817
6 12 38.004 18.2154 18.1816
6 13 26.009 13.3551 13.2611
6 14 14.3432 5.81517 5.70905
6 15 28.074 8.28133 8.18068
7 0 0 0.133719 0
7 1 2.45408 1.71862 1.55435
7 2 112.22 67.2646 67.3689
7 3 986.356 612.551 614.103
7 4 2151.29 1234.75 1237.16
7 5 3019.82 1604.05 1606.35
7 6 3464.39 1850.87 1853.08
7 7 3459.57 1919.65 1922.09
7 8 3094.6 1750.03 1752.64
7 9 2587.98 1463.48 1466
7 10 2037.4 1105.47 1107.65
7 11 1626.14 874.047 875.935
7 12 1162.05 609.483 610.933
7 13 804.923 379.783 380.726
7 14 574.615 288.466 289.199
7 15 1347.13 708.348 709.972
8 0 3.94937 1.53533 1.41516
8 1 16.5168 12.4779 12.4185
8 2 864.322 422.439 423.49
8 3 1804.93 850.59 852.217
8 4 2165.22 1016.91 1018.68
8 5 2145.58 989.797 991.477
8 6 2065.44 1054.01 1055.99
8 7 1789.81 895.99 897.794
8 8 1409.48 621.894 623.195
8 9 1168.16 581.303 582.652
8 10 897.659 459.986 461.131
8 11 669.779 362.875 363.824
8 12 500.596 260.523 261.188
8 13 344.959 161.308 161.702
8 14 228.041 96.9501 97.1526
8 15 513.719 230.188 230.784
