1425 0
1 0 6447.16 4894.68 4898.04
1 1 0 0.133719 0
2 0 13880.1 10586.2 10565.1
2 1 0 0.133719 0
3 0 6683.56 33479.8 33567
3 1 0 0.133719 0
4 0 8997.4 44770.8 44881.5
4 1 0 0.133719 0
5 0 0 0.133719 0
5 1 463.09 348.576 349.508
5 2 2574.28 1882.61 1886.4
5 3 3389.74 2381.26 2385.18
5 4 3419.36 2317.53 2321.24
5 5 2410.14 1571.01 1574.12
5 6 1707.12 1072.64 1075.04
5 7 1071.63 655.649 657.292
5 8 667.603 392.639 393.672
5 9 406.623 234.188 234.787
5 10 272.909 150.675 151.031
5 11 165.4 86.4115 86.5967
5 12 118.312 62.7657 62.8448
5 13 81.5201 43.0952 43.1174
5 14 46.2216 18.5579 18.4945
5 15 92.6693 37.3721 37.4092
6 0 0.0379363 0.0450328 0.00143917
6 1 259.746 127.054 127.375
6 2 1886.79 1087.51 1089.76
6 3 2107.22 1244.2 1246.69
6 4 1709.9 1006.04 1008.23
6 5 1199.4 710.007 711.721
6 6 756.974 437.735 438.866
6 7 464.431 266.666 267.379
6 8 279.655 159.538 159.921
6 9 132.259 68.5668 68.6952
6 10 88.5116 45.2211 45.2761
6 11 53.0907 26.6871 26.6525
6 12 38.8921 19.4923 19.4624
6 13 26.6852 14.3862 14.2953
6 14 14.5659 6.15139 6.0461
6 15 28.337 8.68834 8.58885
7 0 0 0.133719 0
7 1 2.45408 1.71862 1.55435
7 2 112.276 67.3374 67.4422
7 3 988.071 615.113 616.68
7 4 2155.73 1241.37 1243.78
7 5 3026.42 1613.87 1616.18
7 6 3471.99 1862.28 1864.57
7 7 3466.3 1929.56 1932.06
7 8 3101.02 1759.53 1762.14
7 9 2593.26 1471.3 1473.83
7 10 2041.05 1110.85 1113.03
7 11 1629.24 878.77 880.672
7 12 1164.71 613.489 614.942
7 13 806.36 381.89 382.837
7 14 575.369 289.587 290.32
7 15 1348.84 710.917 712.526
8 0 3.94937 1.53533 1.41516
8 1 16.5448 12.5144 12.4551
8 2 865.901 424.84 425.895
8 3 1809.39 857.411 859.078
8 4 2172.63 1027.93 1029.73
8 5 2153.58 1001.64 1003.36
8 6 2072.93 1065.06 1067.09
8 7 1795.84 904.972 906.77
8 8 1413.39 627.668 628.991
8 9 1171.41 586.052 587.428
8 10 899.751 463.012 464.163
8 11 670.928 364.564 365.513
8 12 501.597 261.943 262.616
8 13 345.582 162.223 162.619
8 14 228.249 97.2402 97.4436
8 15 514.326 231.058 231.655
