1455 0
1 0 6582 5102.86 5106.16
1 1 0 0.133719 0
2 0 14169.8 11035.6 11013.7
2 1 0 0.133719 0
3 0 6823.74 34903.8 34994.8
3 1 0 0.133719 0
4 0 9183.78 46672.3 46788.2
4 1 0 0.133719 0
5 0 0 0.133719 0
5 1 472.704 363.358 364.329
5 2 2625.23 1961.46 1965.43
5 3 3453.03 2479.08 2483.15
5 4 3480.72 2412.21 2416.03
5 5 2451.42 1634.61 1637.84
5 6 1734.82 1115.27 1117.77
5 7 1088.32 681.432 683.126
5 8 677.19 407.414 408.484
5 9 412.292 242.882 243.504
5 10 276.627 156.336 156.712
5 11 167.438 89.5189 89.7139
5 12 119.743 65.0061 65.092
5 13 82.5037 44.6132 44.6401
5 14 46.5697 19.0683 19.0065
5 15 93.449 38.4996 38.5405
6 0 0.0379363 0.0450328 0.00143917
6 1 262.326 130.998 131.331
6 2 1912.54 1127.46 1129.83
6 3 2138.07 1291.95 1294.56
6 4 1734.95 1044.67 1046.99
6 5 1217.36 737.683 739.47
6 6 767.849 454.591 455.765
6 7 470.912 276.534 277.273
6 8 283.542 165.556 165.96
6 9 133.862 71.0166 71.1523
6 10 89.5534 46.8205 46.8803
6 11 53.7225 27.6316 27.5998
6 12 39.3361 20.1513 20.1234
6 13 27.0234 14.9184 14.829
6 14 14.6773 6.32493 6.22006
6 15 28.4686 8.89837 8.79952
7 0 0 0.133719 0
7 1 2.45408 1.71862 1.55435
7 2 112.304 67.3755 67.48
7 3 988.928 616.446 618.01
7 4 2157.95 1244.76 1247.2
7 5 3029.71 1618.91 1621.26
7 6 3475.8 1868.17 1870.5
7 7 3469.67 1934.75 1937.22
7 8 3104.24 1764.4 1767.04
7 9 2595.9 1475.31 1477.86
7 10 2042.88 1113.64 1115.81
7 11 1630.79 881.22 883.117
7 12 1166.04 615.555 617.012
7 13 807.078 382.969 383.926
7 14 575.745 290.16 290.899
7 15 1349.7 712.224 713.844
8 0 3.94937 1.53533 1.41516
8 1 16.5589 12.5332 12.474
8 2 866.69 426.078 427.137
8 3 1811.61 860.945 862.619
8 4 2176.34 1033.65 1035.43
8 5 2157.58 1007.78 1009.49
8 6 2076.67 1070.81 1072.82
8 7 1798.85 909.563 911.403
8 8 1415.34 630.665 631.983
8 9 1173.03 588.524 589.893
8 10 900.798 464.573 465.727
8 11 671.503 365.429 366.385
8 12 502.098 262.678 263.352
8 13 345.894 162.696 163.092
8 14 228.352 97.3899 97.5938
8 15 514.629 231.507 232.104
