1470 0
1 0 6649.42 5208.46 5211.84
1 1 0 0.133719 0
2 0 14314.7 11263.8 11241.5
2 1 0 0.133719 0
3 0 6893.82 35626.9 35719.9
3 1 0 0.133719 0
4 0 9276.97 47637.9 47756.5
4 1 0 0.133719 0
5 0 0 0.133719 0
5 1 477.511 370.865 371.856
5 2 2650.71 2001.53 2005.56
5 3 3484.67 2528.67 2532.9
5 4 3511.4 2460.25 2464.17
5 5 2472.05 1666.92 1670.2
5 6 1748.68 1136.9 1139.46
5 7 1096.66 694.511 696.245
5 8 681.983 414.91 416.005
5 9 415.126 247.295 247.931
5 10 278.487 159.214 159.596
5 11 168.456 91.0973 91.2968
5 12 120.458 66.1442 66.2331
5 13 82.9955 45.3844 45.4133
5 14 46.7438 19.3275 19.2665
5 15 93.8389 39.0726 39.115
6 0 0.0379363 0.0450328 0.00143917
6 1 263.616 133 133.34
6 2 1925.42 1147.8 1150.18
6 3 2153.49 1316.22 1318.87
6 4 1747.47 1064.34 1066.67
6 5 1226.34 751.729 753.56
6 6 773.287 463.134 464.346
6 7 474.153 281.541 282.297
6 8 285.485 168.616 169.026
6 9 134.663 72.2604 72.4
6 10 90.0743 47.6324 47.695
6 11 54.0383 28.1112 28.0809
6 12 39.5582 20.486 20.4591
6 13 27.1925 15.1886 15.1
6 14 14.7329 6.41305 6.3084
6 15 28.5343 9.00506 8.9065
7 0 0 0.133719 0
7 1 2.45408 1.71862 1.55435
7 2 112.318 67.3946 67.4992
7 3 989.357 617.117 618.685
7 4 2159.05 1246.49 1248.94
7 5 3031.36 1621.46 1623.83
7 6 3477.7 1871.16 1873.51
7 7 3471.35 1937.35 1939.83
7 8 3105.84 1766.88 1769.53
7 9 2597.22 1477.35 1479.91
7 10 2043.79 1115.04 1117.22
7 11 1631.57 882.451 884.359
7 12 1166.71 616.597 618.063
7 13 807.437 383.533 384.479
7 14 575.934 290.451 291.192
7 15 1350.12 712.888 714.513
8 0 3.94937 1.53533 1.41516
8 1 16.5659 12.5428 12.4836
8 2 867.085 426.702 427.767
8 3 1812.73 862.752 864.417
8 4 2178.19 1036.52 1038.33
8 5 2159.57 1010.86 1012.61
8 6 2078.54 1073.69 1075.73
8 7 1800.35 911.923 913.756
8 8 1416.31 632.168 633.502
8 9 1173.84 589.764 591.145
8 10 901.321 465.361 466.522
8 11 671.791 365.874 366.828
8 12 502.349 263.052 263.726
8 13 346.05 162.933 163.332
8 14 228.404 97.4665 97.67
8 15 514.781 231.733 232.333
