1485 0
1 0 6716.84 5315.15 5318.6
1 1 0 0.133719 0
2 0 14459.5 11494.4 11471.6
2 1 0 0.133719 0
3 0 6963.91 36357.5 36452.4
3 1 0 0.133719 0
4 0 9370.17 48613.4 48734.7
4 1 0 0.133719 0
5 0 0 0.133719 0
5 1 482.317 378.444 379.459
5 2 2676.18 2041.96 2046.1
5 3 3516.32 2578.85 2583.16
5 4 3542.09 2508.69 2512.8
5 5 2492.69 1699.56 1702.89
5 6 1762.53 1158.79 1161.38
5 7 1105 707.741 709.499
5 8 686.777 422.491 423.604
5 9 417.961 251.754 252.403
5 10 280.346 162.119 162.51
5 11 169.475 92.6921 92.896
5 12 121.173 67.2935 67.386
5 13 83.4874 46.163 46.1945
5 14 46.9179 19.5894 19.5291
5 15 94.2287 39.6512 39.6954
6 0 0.0379363 0.0450328 0.00143917
6 1 264.906 135.024 135.369
6 2 1938.29 1168.28 1170.74
6 3 2168.91 1340.74 1343.44
6 4 1760 1084.18 1086.55
6 5 1235.32 765.938 767.796
6 6 778.724 471.783 473.016
6 7 477.394 286.604 287.373
6 8 287.428 171.705 172.124
6 9 135.464 73.5171 73.6606
6 10 90.5952 48.453 48.518
6 11 54.3542 28.5958 28.5669
6 12 39.7802 20.8242 20.7982
6 13 27.3615 15.4616 15.3739
6 14 14.7886 6.50207 6.39764
6 15 28.6001 9.1128 9.01457
7 0 0 0.133719 0
7 1 2.45408 1.71862 1.55435
7 2 112.332 67.4139 67.5186
7 3 989.786 617.795 619.367
7 4 2160.16 1248.23 1250.69
7 5 3033.01 1624.11 1626.44
7 6 3479.6 1874.33 1876.55
7 7 3473.03 1939.97 1942.47
7 8 3107.45 1769.37 1772.05
7 9 2598.54 1479.4 1481.98
7 10 2044.71 1116.45 1118.64
7 11 1632.34 883.719 885.613
7 12 1167.38 617.649 619.125
7 13 807.796 384.086 385.038
7 14 576.122 290.745 291.489
7 15 1350.55 713.558 715.189
8 0 3.94937 1.53533 1.41516
8 1 16.5729 12.5524 12.4933
8 2 867.479 427.351 428.404
8 3 1813.84 864.55 866.234
8 4 2180.05 1039.45 1041.25
8 5 2161.57 1013.98 1015.75
8 6 2080.41 1076.64 1078.67
8 7 1801.86 914.306 916.132
8 8 1417.29 633.687 635.037
8 9 1174.65 591.017 592.409
8 10 901.844 466.166 467.324
8 11 672.078 366.318 367.275
8 12 502.599 263.427 264.104
8 13 346.205 163.176 163.575
8 14 228.456 97.5426 97.7471
8 15 514.932 231.965 232.563
