0.3 0
1 0 33.7038 6.35149 6.22557
1 1 9.26336e-05 0.00961225 8.58099e-09
2 0 116.778 26.7837 26.7929
2 1 0 0.152266 0
3 0 0 0.152266 0
3 1 6.02246 1.29902 1.15607
3 2 112.505 23.9119 23.9004
3 3 281.412 67.701 67.8348
3 4 386.738 76.1332 76.2831
3 5 340.233 62.7594 62.8701
3 6 309.094 63.6688 63.7873
3 7 226.254 48.418 48.4882
3 8 166.498 42.1611 42.2056
3 9 123.454 32.9109 32.8921
3 10 96.9635 23.0723 23.0108
3 11 64.0178 15.8477 15.7971
3 12 54.7767 14.3466 14.2504
3 13 38.2986 10.2197 10.1174
3 14 24.2919 6.29443 6.16507
3 15 53.1911 14.369 14.3287
4 0 0.0392854 0.0506553 0.00154334
4 1 135.251 34.9456 34.9792
4 2 651.373 156.002 156.333
4 3 625.554 133.639 133.908
4 4 445.35 95.4504 95.6446
4 5 275.441 56.8702 56.9731
4 6 204.248 43.3458 43.4063
4 7 152.353 43.3113 43.3726
4 8 95.5627 25.3967 25.3404
4 9 52.0942 13.0808 13.0281
4 10 36.5446 9.312 9.24696
4 11 20.4728 5.13118 5.00855
4 12 17.1903 4.7163 4.61977
4 13 10.1 2.79454 2.6461
4 14 9.18803 2.41868 2.28828
4 15 23.5097 9.95499 9.83698
5 0 0 0.152266 0
5 1 2.45408 1.74012 1.55435
5 2 110.843 66.4649 66.5505
5 3 943.692 583.962 585.459
5 4 2049.26 1165.8 1168.13
5 5 2869.49 1507.67 1509.92
5 6 3285.41 1747.15 1749.42
5 7 3291.04 1839.54 1842.08
5 8 2957.87 1687.09 1689.76
5 9 2463.29 1418.91 1421.51
5 10 1955.04 1086.76 1088.95
5 11 1538.09 852.9 854.793
5 12 1110.27 597.763 599.199
5 13 777.782 381.801 382.759
5 14 568.233 298.286 299.043
5 15 1310.86 729.056 730.755
6 0 3.9873 1.55744 1.4166
6 1 15.8917 12.094 12.0128
6 2 829.768 396.449 397.432
6 3 1702.69 775.964 777.488
6 4 1995.28 900.984 902.574
6 5 1959.16 868.959 870.528
6 6 1899.26 950.33 952.173
6 7 1646.32 817.078 818.76
6 8 1315.79 578.779 580.031
6 9 1092.36 549.496 550.803
6 10 849.064 444.409 445.529
6 11 650.571 361.63 362.57
6 12 468.452 254.582 255.229
6 13 329.555 160.722 161.096
6 14 226.736 102.135 102.335
6 15 498.952 239.829 240.453
