0.42 0
1 0 34.0768 6.3515 6.22568
1 1 0.000129687 0.00960967 1.68187e-08
2 0 117.978 26.7842 26.7935
2 1 0 0.152266 0
3 0 0 0.152266 0
3 1 6.02369 1.29902 1.15607
3 2 112.544 23.9119 23.9004
3 3 281.503 67.7019 67.8348
3 4 386.854 76.1323 76.2832
3 5 340.321 62.7601 62.8701
3 6 309.16 63.6694 63.7873
3 7 226.298 48.4184 48.4882
3 8 166.527 42.1603 42.2056
3 9 123.473 32.9111 32.8921
3 10 96.9807 23.0724 23.0108
3 11 64.0279 15.8476 15.7971
3 12 54.7867 14.3466 14.2504
3 13 38.3055 10.2197 10.1174
3 14 24.2944 6.29445 6.16507
3 15 53.1958 14.369 14.3287
4 0 0.0392854 0.0506553 0.00154334
4 1 135.301 34.9457 34.9792
4 2 651.63 156 156.334
4 3 625.796 133.633 133.909
4 4 445.501 95.4517 95.6447
4 5 275.519 56.8698 56.9731
4 6 204.293 43.3447 43.4063
4 7 152.381 43.3116 43.3726
4 8 95.5777 25.3965 25.3404
4 9 52.1015 13.0806 13.0281
4 10 36.5495 9.31205 9.24696
4 11 20.4762 5.13117 5.00855
4 12 17.1922 4.71627 4.61978
4 13 10.1009 2.79454 2.6461
4 14 9.18859 2.41869 2.28828
4 15 23.5099 9.95499 9.83698
5 0 0 0.152266 0
5 1 2.45408 1.74012 1.55435
5 2 110.843 66.4649 66.5505
5 3 943.695 583.962 585.459
5 4 2049.27 1165.8 1168.13
5 5 2869.5 1507.67 1509.92
5 6 3285.42 1747.15 1749.42
5 7 3291.05 1839.54 1842.08
5 8 2957.88 1687.09 1689.76
5 9 2463.3 1418.91 1421.51
5 10 1955.05 1086.76 1088.95
5 11 1538.1 852.9 854.793
5 12 1110.28 597.763 599.199
5 13 777.787 381.801 382.759
5 14 568.236 298.286 299.043
5 15 1310.87 729.056 730.755
6 0 3.9873 1.55744 1.4166
6 1 15.8917 12.094 12.0128
6 2 829.771 396.449 397.432
6 3 1702.7 775.964 777.488
6 4 1995.29 900.984 902.574
6 5 1959.17 868.959 870.528
6 6 1899.27 950.33 952.173
6 7 1646.33 817.078 818.76
6 8 1315.8 578.78 580.031
6 9 1092.36 549.496 550.803
6 10 849.068 444.409 445.529
6 11 650.574 361.63 362.57
6 12 468.454 254.583 255.229
6 13 329.556 160.722 161.096
6 14 226.737 102.135 102.335
6 15 498.954 239.829 240.453
