0.6 0
1 0 34.6364 6.35157 6.22593
1 1 0.000185267 0.00960572 3.43239e-08
2 0 119.779 26.7852 26.7947
2 1 0 0.152266 0
3 0 0 0.152266 0
3 1 6.02554 1.29902 1.15607
3 2 112.601 23.9121 23.9005
3 3 281.638 67.7008 67.8349
3 4 387.028 76.1337 76.2832
3 5 340.454 62.7611 62.8702
3 6 309.259 63.6676 63.7873
3 7 226.363 48.4189 48.4882
3 8 166.572 42.1607 42.2056
3 9 123.502 32.9114 32.8922
3 10 97.0065 23.0724 23.0108
3 11 64.043 15.8476 15.7971
3 12 54.8017 14.3466 14.2505
3 13 38.316 10.2197 10.1174
3 14 24.2981 6.29441 6.16507
3 15 53.2028 14.3691 14.3287
4 0 0.0392854 0.0506553 0.00154334
4 1 135.375 34.9456 34.9792
4 2 652.015 156.004 156.334
4 3 626.16 133.637 133.909
4 4 445.726 95.4491 95.6448
4 5 275.635 56.8697 56.9731
4 6 204.36 43.3453 43.4064
4 7 152.422 43.3115 43.3726
4 8 95.6003 25.3968 25.3404
4 9 52.1125 13.0807 13.0281
4 10 36.5568 9.31199 9.24697
4 11 20.4813 5.13116 5.00856
4 12 17.1951 4.7163 4.61978
4 13 10.1022 2.79453 2.6461
4 14 9.18942 2.41869 2.28828
4 15 23.5102 9.955 9.83698
5 0 0 0.152266 0
5 1 2.45408 1.74012 1.55435
5 2 110.844 66.4649 66.5505
5 3 943.699 583.962 585.459
5 4 2049.28 1165.8 1168.13
5 5 2869.52 1507.67 1509.92
5 6 3285.44 1747.16 1749.42
5 7 3291.07 1839.54 1842.08
5 8 2957.89 1687.09 1689.76
5 9 2463.31 1418.91 1421.51
5 10 1955.07 1086.76 1088.95
5 11 1538.11 852.9 854.793
5 12 1110.28 597.764 599.199
5 13 777.795 381.801 382.759
5 14 568.241 298.286 299.043
5 15 1310.88 729.056 730.755
6 0 3.9873 1.55744 1.4166
6 1 15.8919 12.094 12.0128
6 2 829.776 396.449 397.432
6 3 1702.71 775.965 777.488
6 4 1995.31 900.984 902.574
6 5 1959.2 868.96 870.528
6 6 1899.29 950.33 952.173
6 7 1646.35 817.078 818.76
6 8 1315.81 578.78 580.031
6 9 1092.37 549.497 550.803
6 10 849.075 444.41 445.529
6 11 650.578 361.63 362.57
6 12 468.458 254.583 255.229
6 13 329.558 160.723 161.096
6 14 226.738 102.135 102.335
6 15 498.957 239.829 240.453
