0.69 0
1 0 34.9162 6.3517 6.22609
1 1 0.000213057 0.00960379 4.53934e-08
2 0 120.679 26.7857 26.7954
2 1 0 0.152266 0
3 0 0 0.152266 0
3 1 6.02647 1.29902 1.15607
3 2 112.63 23.9121 23.9005
3 3 281.705 67.7014 67.8349
3 4 387.115 76.1327 76.2833
3 5 340.521 62.7616 62.8702
3 6 309.308 63.668 63.7874
3 7 226.395 48.4184 48.4883
3 8 166.594 42.1609 42.2056
3 9 123.517 32.9111 32.8922
3 10 97.0193 23.0723 23.0108
3 11 64.0505 15.8476 15.7971
3 12 54.8092 14.3467 14.2505
3 13 38.3213 10.2197 10.1174
3 14 24.2999 6.29443 6.16508
3 15 53.2063 14.369 14.3287
4 0 0.0392854 0.0506553 0.00154334
4 1 135.412 34.9456 34.9793
4 2 652.208 156.002 156.334
4 3 626.342 133.638 133.909
4 4 445.839 95.4502 95.6449
4 5 275.693 56.8702 56.9732
4 6 204.393 43.3456 43.4064
4 7 152.443 43.3112 43.3727
4 8 95.6115 25.3966 25.3405
4 9 52.118 13.0808 13.0281
4 10 36.5605 9.31203 9.24697
4 11 20.4838 5.13118 5.00856
4 12 17.1966 4.71628 4.61978
4 13 10.1029 2.79453 2.6461
4 14 9.18984 2.4187 2.28828
4 15 23.5103 9.955 9.83698
5 0 0 0.152266 0
5 1 2.45408 1.74012 1.55435
5 2 110.844 66.4649 66.5505
5 3 943.701 583.962 585.459
5 4 2049.28 1165.8 1168.13
5 5 2869.52 1507.67 1509.92
5 6 3285.44 1747.16 1749.42
5 7 3291.07 1839.54 1842.08
5 8 2957.9 1687.09 1689.76
5 9 2463.32 1418.91 1421.51
5 10 1955.07 1086.76 1088.95
5 11 1538.11 852.9 854.793
5 12 1110.29 597.764 599.199
5 13 777.799 381.801 382.759
5 14 568.243 298.286 299.043
5 15 1310.88 729.057 730.755
6 0 3.9873 1.55744 1.4166
6 1 15.8919 12.094 12.0128
6 2 829.779 396.449 397.432
6 3 1702.72 775.965 777.488
6 4 1995.32 900.984 902.574
6 5 1959.21 868.96 870.528
6 6 1899.3 950.33 952.173
6 7 1646.36 817.078 818.76
6 8 1315.82 578.78 580.031
6 9 1092.38 549.497 550.803
6 10 849.079 444.41 445.529
6 11 650.581 361.63 362.57
6 12 468.46 254.583 255.229
6 13 329.56 160.723 161.096
6 14 226.738 102.135 102.335
6 15 498.958 239.829 240.453
