0.81 0
1 0 35.2892 6.35183 6.22633
1 1 0.000250111 0.00960123 6.25554e-08
2 0 121.879 26.7866 26.7966
2 1 0 0.152266 0
3 0 0 0.152266 0
3 1 6.0277 1.29902 1.15607
3 2 112.668 23.9121 23.9005
3 3 281.795 67.7011 67.835
3 4 387.231 76.1336 76.2834
3 5 340.609 62.7595 62.8703
3 6 309.374 63.6686 63.7874
3 7 226.439 48.4187 48.4883
3 8 166.623 42.1606 42.2057
3 9 123.536 32.911 32.8922
3 10 97.0365 23.0724 23.0109
3 11 64.0606 15.8477 15.7971
3 12 54.8193 14.3466 14.2505
3 13 38.3282 10.2197 10.1174
3 14 24.3024 6.29445 6.16508
3 15 53.2109 14.3691 14.3287
4 0 0.0392854 0.0506553 0.00154334
4 1 135.461 34.9457 34.9793
4 2 652.465 156.005 156.334
4 3 626.585 133.637 133.909
4 4 445.99 95.4515 95.645
4 5 275.771 56.8708 56.9732
4 6 204.438 43.3453 43.4064
4 7 152.47 43.3115 43.3727
4 8 95.6266 25.3965 25.3405
4 9 52.1254 13.0807 13.0281
4 10 36.5653 9.31207 9.24698
4 11 20.4872 5.13118 5.00856
4 12 17.1985 4.71628 4.61978
4 13 10.1038 2.79453 2.6461
4 14 9.1904 2.41868 2.28828
4 15 23.5105 9.955 9.83698
5 0 0 0.152266 0
5 1 2.45408 1.74012 1.55435
5 2 110.844 66.4649 66.5505
5 3 943.703 583.962 585.459
5 4 2049.29 1165.8 1168.13
5 5 2869.53 1507.67 1509.92
5 6 3285.45 1747.16 1749.42
5 7 3291.08 1839.54 1842.08
5 8 2957.91 1687.09 1689.76
5 9 2463.33 1418.91 1421.51
5 10 1955.08 1086.76 1088.95
5 11 1538.12 852.9 854.794
5 12 1110.3 597.764 599.199
5 13 777.804 381.801 382.759
5 14 568.245 298.286 299.043
5 15 1310.89 729.057 730.755
6 0 3.9873 1.55744 1.4166
6 1 15.892 12.094 12.0128
6 2 829.782 396.449 397.432
6 3 1702.73 775.965 777.488
6 4 1995.34 900.985 902.574
6 5 1959.22 868.96 870.528
6 6 1899.32 950.331 952.173
6 7 1646.37 817.079 818.76
6 8 1315.82 578.78 580.031
6 9 1092.38 549.497 550.803
6 10 849.083 444.41 445.529
6 11 650.584 361.63 362.57
6 12 468.463 254.583 255.229
6 13 329.561 160.723 161.096
6 14 226.738 102.135 102.335
6 15 498.959 239.829 240.453
