0.9 0
1 0 35.569 6.3519 6.22654
1 1 0.000277901 0.00959922 7.72289e-08
2 0 122.779 26.7881 26.7976
2 1 0 0.152266 0
3 0 0 0.152266 0
3 1 6.02863 1.29902 1.15607
3 2 112.697 23.9121 23.9005
3 3 281.863 67.7006 67.835
3 4 387.318 76.1325 76.2834
3 5 340.676 62.76 62.8703
3 6 309.424 63.669 63.7874
3 7 226.472 48.4182 48.4883
3 8 166.645 42.1609 42.2057
3 9 123.55 32.9111 32.8922
3 10 97.0494 23.0726 23.0109
3 11 64.0681 15.8476 15.7971
3 12 54.8268 14.3466 14.2505
3 13 38.3335 10.2197 10.1174
3 14 24.3042 6.29444 6.16509
3 15 53.2144 14.369 14.3287
4 0 0.0392854 0.0506553 0.00154334
4 1 135.498 34.9456 34.9794
4 2 652.657 156.002 156.334
4 3 626.767 133.635 133.909
4 4 446.103 95.4526 95.6451
4 5 275.829 56.8703 56.9733
4 6 204.472 43.3449 43.4065
4 7 152.491 43.3118 43.3727
4 8 95.6378 25.3967 25.3405
4 9 52.1309 13.0807 13.0281
4 10 36.569 9.31205 9.24699
4 11 20.4898 5.13118 5.00857
4 12 17.2 4.71629 4.61978
4 13 10.1045 2.79454 2.6461
4 14 9.19082 2.41868 2.28828
4 15 23.5107 9.955 9.83698
5 0 0 0.152266 0
5 1 2.45408 1.74012 1.55435
5 2 110.844 66.4649 66.5505
5 3 943.706 583.962 585.459
5 4 2049.29 1165.8 1168.13
5 5 2869.54 1507.67 1509.92
5 6 3285.46 1747.16 1749.42
5 7 3291.09 1839.54 1842.08
5 8 2957.92 1687.09 1689.76
5 9 2463.33 1418.91 1421.51
5 10 1955.09 1086.76 1088.95
5 11 1538.13 852.9 854.794
5 12 1110.3 597.764 599.199
5 13 777.808 381.801 382.759
5 14 568.248 298.286 299.043
5 15 1310.89 729.057 730.755
6 0 3.9873 1.55744 1.4166
6 1 15.892 12.094 12.0128
6 2 829.785 396.449 397.432
6 3 1702.73 775.965 777.488
6 4 1995.35 900.985 902.574
6 5 1959.23 868.96 870.528
6 6 1899.33 950.331 952.173
6 7 1646.37 817.079 818.76
6 8 1315.83 578.78 580.031
6 9 1092.39 549.497 550.803
6 10 849.087 444.41 445.529
6 11 650.586 361.631 362.57
6 12 468.465 254.583 255.229
6 13 329.562 160.723 161.096
6 14 226.739 102.135 102.335
6 15 498.961 239.829 240.453
