1.08 0
1 0 36.1286 6.35229 6.22702
1 1 0.000333481 0.00959553 1.1121e-07
2 0 124.58 26.7897 26.7999
2 1 0 0.152266 0
3 0 0 0.152266 0
3 1 6.03048 1.29902 1.15608
3 2 112.755 23.9123 23.9006
3 3 281.998 67.7019 67.8352
3 4 387.492 76.134 76.2836
3 5 340.808 62.761 62.8704
3 6 309.523 63.6699 63.7875
3 7 226.537 48.4188 48.4884
3 8 166.689 42.1608 42.2057
3 9 123.579 32.9114 32.8922
3 10 97.0752 23.0726 23.0109
3 11 64.0832 15.8476 15.7972
3 12 54.8418 14.3466 14.2505
3 13 38.3439 10.2198 10.1175
3 14 24.3079 6.29444 6.16509
3 15 53.2214 14.3691 14.3287
4 0 0.0392854 0.0506553 0.00154334
4 1 135.573 34.9456 34.9794
4 2 653.043 156.006 156.335
4 3 627.131 133.638 133.91
4 4 446.329 95.4502 95.6454
4 5 275.945 56.8702 56.9734
4 6 204.539 43.3455 43.4065
4 7 152.532 43.3117 43.3727
4 8 95.6604 25.3969 25.3405
4 9 52.1419 13.0807 13.0281
4 10 36.5763 9.31206 9.247
4 11 20.4949 5.1312 5.00858
4 12 17.2029 4.7163 4.61979
4 13 10.1058 2.79453 2.6461
4 14 9.19166 2.41869 2.28828
4 15 23.5109 9.95501 9.83698
5 0 0 0.152266 0
5 1 2.45408 1.74012 1.55435
5 2 110.844 66.4649 66.5505
5 3 943.71 583.962 585.459
5 4 2049.3 1165.8 1168.13
5 5 2869.56 1507.67 1509.92
5 6 3285.48 1747.16 1749.42
5 7 3291.11 1839.54 1842.08
5 8 2957.93 1687.09 1689.76
5 9 2463.35 1418.91 1421.51
5 10 1955.1 1086.76 1088.95
5 11 1538.14 852.901 854.794
5 12 1110.31 597.764 599.199
5 13 777.816 381.801 382.76
5 14 568.252 298.286 299.043
5 15 1310.9 729.057 730.755
6 0 3.9873 1.55744 1.4166
6 1 15.8921 12.0941 12.0128
6 2 829.79 396.45 397.432
6 3 1702.75 775.965 777.488
6 4 1995.37 900.985 902.574
6 5 1959.25 868.961 870.528
6 6 1899.35 950.331 952.173
6 7 1646.39 817.079 818.76
6 8 1315.84 578.78 580.031
6 9 1092.4 549.497 550.803
6 10 849.093 444.41 445.529
6 11 650.59 361.631 362.57
6 12 468.469 254.583 255.229
6 13 329.564 160.723 161.096
6 14 226.74 102.135 102.335
6 15 498.963 239.829 240.453
