1.26 0
1 0 36.6882 6.35272 6.22758
1 1 0.000389061 0.00959241 1.51369e-07
2 0 126.38 26.7927 26.8026
2 1 0 0.152266 0
3 0 0 0.152266 0
3 1 6.03233 1.29902 1.15608
3 2 112.812 23.9122 23.9007
3 3 282.133 67.7009 67.8353
3 4 387.666 76.1337 76.2837
3 5 340.941 62.7592 62.8705
3 6 309.622 63.6681 63.7876
3 7 226.602 48.4185 48.4884
3 8 166.733 42.1612 42.2058
3 9 123.609 32.9114 32.8923
3 10 97.101 23.0726 23.011
3 11 64.0983 15.8478 15.7972
3 12 54.8568 14.3466 14.2506
3 13 38.3544 10.2198 10.1175
3 14 24.3116 6.29444 6.1651
3 15 53.2284 14.369 14.3287
4 0 0.0392854 0.0506553 0.00154334
4 1 135.647 34.9459 34.9795
4 2 653.428 156.007 156.336
4 3 627.495 133.638 133.91
4 4 446.554 95.4523 95.6457
4 5 276.062 56.8712 56.9735
4 6 204.606 43.3454 43.4066
4 7 152.574 43.3117 43.3728
4 8 95.6829 25.3967 25.3406
4 9 52.1529 13.0807 13.0282
4 10 36.5836 9.31207 9.24701
4 11 20.5 5.13119 5.00859
4 12 17.2058 4.71628 4.6198
4 13 10.1071 2.79454 2.64611
4 14 9.19249 2.4187 2.28829
4 15 23.5112 9.95501 9.83698
5 0 0 0.152266 0
5 1 2.45408 1.74012 1.55435
5 2 110.844 66.4649 66.5505
5 3 943.714 583.962 585.459
5 4 2049.31 1165.8 1168.13
5 5 2869.57 1507.67 1509.92
5 6 3285.49 1747.16 1749.42
5 7 3291.12 1839.54 1842.08
5 8 2957.94 1687.09 1689.76
5 9 2463.36 1418.91 1421.51
5 10 1955.11 1086.76 1088.95
5 11 1538.15 852.901 854.794
5 12 1110.32 597.764 599.199
5 13 777.824 381.801 382.76
5 14 568.256 298.287 299.043
5 15 1310.91 729.057 730.755
6 0 3.9873 1.55744 1.4166
6 1 15.8923 12.0941 12.0128
6 2 829.795 396.45 397.432
6 3 1702.76 775.965 777.488
6 4 1995.39 900.986 902.574
6 5 1959.27 868.961 870.528
6 6 1899.37 950.332 952.173
6 7 1646.41 817.08 818.76
6 8 1315.85 578.78 580.032
6 9 1092.4 549.497 550.803
6 10 849.1 444.41 445.529
6 11 650.595 361.631 362.57
6 12 468.473 254.583 255.229
6 13 329.567 160.723 161.096
6 14 226.74 102.135 102.335
6 15 498.966 239.829 240.453
