1.41 0
1 0 37.1545 6.35309 6.22812
1 1 0.000435378 0.00959083 1.89554e-07
2 0 127.88 26.7947 26.8052
2 1 0 0.152266 0
3 0 0 0.152266 0
3 1 6.03387 1.29902 1.15608
3 2 112.86 23.9123 23.9007
3 3 282.246 67.702 67.8354
3 4 387.811 76.1332 76.2839
3 5 341.052 62.7601 62.8706
3 6 309.705 63.6689 63.7877
3 7 226.656 48.419 48.4885
3 8 166.77 42.161 42.2058
3 9 123.633 32.9113 32.8923
3 10 97.1224 23.0726 23.011
3 11 64.1109 15.8477 15.7972
3 12 54.8693 14.3467 14.2506
3 13 38.3631 10.2198 10.1175
3 14 24.3147 6.29448 6.16511
3 15 53.2343 14.3691 14.3288
4 0 0.0392854 0.0506553 0.00154334
4 1 135.709 34.9462 34.9796
4 2 653.749 156.006 156.336
4 3 627.798 133.638 133.911
4 4 446.743 95.4518 95.6459
4 5 276.159 56.8699 56.9737
4 6 204.662 43.3452 43.4067
4 7 152.608 43.3116 43.3729
4 8 95.7017 25.3969 25.3406
4 9 52.162 13.0807 13.0282
4 10 36.5897 9.31208 9.24703
4 11 20.5042 5.13123 5.00859
4 12 17.2083 4.71631 4.6198
4 13 10.1082 2.79455 2.64611
4 14 9.19319 2.41869 2.28829
4 15 23.5114 9.95502 9.83698
5 0 0 0.152266 0
5 1 2.45408 1.74012 1.55435
5 2 110.845 66.4649 66.5505
5 3 943.717 583.962 585.459
5 4 2049.32 1165.8 1168.13
5 5 2869.58 1507.67 1509.92
5 6 3285.51 1747.16 1749.42
5 7 3291.13 1839.54 1842.08
5 8 2957.96 1687.09 1689.76
5 9 2463.37 1418.91 1421.51
5 10 1955.12 1086.76 1088.95
5 11 1538.16 852.901 854.794
5 12 1110.33 597.765 599.199
5 13 777.831 381.802 382.76
5 14 568.26 298.287 299.043
5 15 1310.91 729.057 730.755
6 0 3.9873 1.55744 1.4166
6 1 15.8923 12.0941 12.0128
6 2 829.8 396.45 397.432
6 3 1702.77 775.966 777.488
6 4 1995.4 900.986 902.574
6 5 1959.29 868.962 870.528
6 6 1899.38 950.332 952.173
6 7 1646.42 817.08 818.76
6 8 1315.86 578.781 580.032
6 9 1092.41 549.497 550.803
6 10 849.106 444.41 445.529
6 11 650.598 361.631 362.57
6 12 468.476 254.583 255.229
6 13 329.569 160.723 161.096
6 14 226.741 102.135 102.335
6 15 498.968 239.829 240.453
