1.53 0
1 0 37.5276 6.35352 6.22859
1 1 0.000472431 0.00959107 2.23191e-07
2 0 129.081 26.7973 26.8075
2 1 0 0.152266 0
3 0 0 0.152266 0
3 1 6.0351 1.29902 1.15608
3 2 112.899 23.9124 23.9008
3 3 282.336 67.7017 67.8356
3 4 387.927 76.1342 76.284
3 5 341.141 62.7609 62.8707
3 6 309.771 63.6695 63.7878
3 7 226.7 48.4186 48.4886
3 8 166.799 42.1608 42.2059
3 9 123.652 32.9115 32.8923
3 10 97.1396 23.0728 23.0111
3 11 64.1209 15.8478 15.7972
3 12 54.8794 14.3467 14.2507
3 13 38.3701 10.2199 10.1175
3 14 24.3171 6.29447 6.16512
3 15 53.2389 14.3691 14.3288
4 0 0.0392854 0.0506553 0.00154334
4 1 135.758 34.9459 34.9797
4 2 654.006 156.009 156.337
4 3 628.041 133.64 133.911
4 4 446.893 95.4511 95.6462
4 5 276.236 56.8706 56.9738
4 6 204.707 43.3456 43.4068
4 7 152.636 43.3119 43.3729
4 8 95.7167 25.3965 25.3406
4 9 52.1694 13.0808 13.0282
4 10 36.5946 9.31207 9.24704
4 11 20.5076 5.13121 5.0086
4 12 17.2102 4.71633 4.61981
4 13 10.1091 2.79453 2.64611
4 14 9.19375 2.41869 2.28829
4 15 23.5116 9.95502 9.83698
5 0 0 0.152266 0
5 1 2.45408 1.74012 1.55435
5 2 110.845 66.4649 66.5505
5 3 943.72 583.962 585.459
5 4 2049.33 1165.8 1168.13
5 5 2869.59 1507.67 1509.92
5 6 3285.52 1747.16 1749.42
5 7 3291.14 1839.54 1842.08
5 8 2957.97 1687.09 1689.76
5 9 2463.38 1418.91 1421.51
5 10 1955.13 1086.76 1088.95
5 11 1538.17 852.901 854.794
5 12 1110.34 597.765 599.199
5 13 777.836 381.802 382.76
5 14 568.263 298.287 299.043
5 15 1310.92 729.057 730.755
6 0 3.9873 1.55744 1.4166
6 1 15.8924 12.0941 12.0128
6 2 829.803 396.45 397.432
6 3 1702.78 775.966 777.488
6 4 1995.42 900.986 902.574
6 5 1959.31 868.962 870.528
6 6 1899.4 950.332 952.173
6 7 1646.43 817.055 818.76
6 8 1315.87 578.781 580.032
6 9 1092.42 549.498 550.803
6 10 849.111 444.41 445.529
6 11 650.601 361.631 362.57
6 12 468.479 254.583 255.229
6 13 329.57 160.723 161.096
6 14 226.742 102.135 102.335
6 15 498.97 239.829 240.453
