2.01 0
1 0 39.0198 6.35543 6.23088
1 1 0.000620645 0.00961422 3.85201e-07
2 0 133.882 26.8077 26.8186
2 1 0 0.152266 0
3 0 0 0.152266 0
3 1 6.04004 1.29903 1.15609
3 2 113.052 23.9124 23.9011
3 3 282.697 67.702 67.8362
3 4 388.392 76.1349 76.2847
3 5 341.495 62.761 62.8712
3 6 310.035 63.6693 63.7881
3 7 226.873 48.4194 48.4888
3 8 166.917 42.161 42.2061
3 9 123.73 32.9117 32.8925
3 10 97.2084 23.0728 23.0112
3 11 64.1612 15.848 15.7974
3 12 54.9194 14.347 14.2508
3 13 38.398 10.2199 10.1176
3 14 24.3269 6.29448 6.16516
3 15 53.2576 14.3692 14.3288
4 0 0.0392854 0.0506553 0.00154334
4 1 135.956 34.9465 34.9801
4 2 655.033 156.012 156.339
4 3 629.011 133.643 133.913
4 4 447.496 95.4527 95.6474
4 5 276.547 56.8714 56.9743
4 6 204.886 43.3459 43.4071
4 7 152.746 43.3123 43.3732
4 8 95.7768 25.3967 25.3408
4 9 52.1987 13.0809 13.0283
4 10 36.6141 9.31217 9.2471
4 11 20.5212 5.13126 5.00864
4 12 17.218 4.71632 4.61983
4 13 10.1127 2.79454 2.64612
4 14 9.19598 2.4187 2.2883
4 15 23.5124 9.95503 9.83698
5 0 0 0.152266 0
5 1 2.45408 1.74012 1.55435
5 2 110.845 66.4649 66.5505
5 3 943.731 583.963 585.459
5 4 2049.36 1165.8 1168.13
5 5 2869.63 1507.67 1509.92
5 6 3285.56 1747.16 1749.42
5 7 3291.18 1839.54 1842.08
5 8 2958.01 1687.09 1689.76
5 9 2463.41 1418.91 1421.51
5 10 1955.16 1086.76 1088.95
5 11 1538.2 852.902 854.794
5 12 1110.36 597.765 599.199
5 13 777.857 381.802 382.76
5 14 568.274 298.287 299.043
5 15 1310.94 729.058 730.756
6 0 3.9873 1.55744 1.4166
6 1 15.8927 12.0941 12.0128
6 2 829.817 396.45 397.432
6 3 1702.81 775.967 777.488
6 4 1995.47 900.987 902.574
6 5 1959.36 868.963 870.528
6 6 1899.45 950.334 952.174
6 7 1646.47 817.056 818.76
6 8 1315.89 578.781 580.032
6 9 1092.44 549.498 550.803
6 10 849.129 444.411 445.529
6 11 650.613 361.631 362.57
6 12 468.49 254.583 255.229
6 13 329.576 160.723 161.096
6 14 226.744 102.135 102.335
6 15 498.976 239.829 240.453
