2.04 0
1 0 39.1131 6.35553 6.23104
1 1 0.000629909 0.00961728 3.96785e-07
2 0 134.182 26.8088 26.8194
2 1 0 0.152266 0
3 0 0 0.152266 0
3 1 6.04035 1.29903 1.15609
3 2 113.062 23.9125 23.9011
3 3 282.719 67.7022 67.8362
3 4 388.421 76.1351 76.2847
3 5 341.517 62.7612 62.8713
3 6 310.051 63.6695 63.7882
3 7 226.884 48.4187 48.4888
3 8 166.924 42.1611 42.2061
3 9 123.734 32.9113 32.8925
3 10 97.2127 23.0728 23.0113
3 11 64.1637 15.8478 15.7974
3 12 54.9219 14.3469 14.2508
3 13 38.3998 10.2199 10.1176
3 14 24.3276 6.29449 6.16517
3 15 53.2588 14.3692 14.3288
4 0 0.0392854 0.0506553 0.00154334
4 1 135.968 34.9466 34.9802
4 2 655.097 156.009 156.339
4 3 629.072 133.643 133.914
4 4 447.533 95.4531 95.6475
4 5 276.566 56.8716 56.9743
4 6 204.897 43.346 43.4071
4 7 152.753 43.3123 43.3732
4 8 95.7805 25.3968 25.3408
4 9 52.2006 13.081 13.0283
4 10 36.6153 9.31218 9.24711
4 11 20.5221 5.13125 5.00864
4 12 17.2185 4.71633 4.61983
4 13 10.1129 2.79454 2.64612
4 14 9.19612 2.4187 2.2883
4 15 23.5124 9.95503 9.83698
5 0 0 0.152266 0
5 1 2.45408 1.74012 1.55435
5 2 110.845 66.4649 66.5505
5 3 943.732 583.963 585.459
5 4 2049.36 1165.8 1168.13
5 5 2869.63 1507.67 1509.92
5 6 3285.56 1747.16 1749.42
5 7 3291.18 1839.54 1842.08
5 8 2958.01 1687.09 1689.76
5 9 2463.41 1418.91 1421.51
5 10 1955.16 1086.76 1088.95
5 11 1538.2 852.902 854.794
5 12 1110.36 597.765 599.199
5 13 777.859 381.802 382.76
5 14 568.275 298.287 299.043
5 15 1310.94 729.058 730.756
6 0 3.9873 1.55744 1.4166
6 1 15.8927 12.0941 12.0128
6 2 829.818 396.45 397.432
6 3 1702.82 775.967 777.488
6 4 1995.47 900.987 902.574
6 5 1959.37 868.963 870.528
6 6 1899.45 950.334 952.174
6 7 1646.48 817.056 818.76
6 8 1315.9 578.781 580.032
6 9 1092.44 549.498 550.803
6 10 849.13 444.411 445.529
6 11 650.614 361.631 362.57
6 12 468.49 254.583 255.229
6 13 329.576 160.723 161.096
6 14 226.744 102.135 102.335
6 15 498.977 239.829 240.453
