2.1 0
1 0 39.2996 6.35586 6.23138
1 1 0.000648435 0.00962418 4.20468e-07
2 0 134.782 26.81 26.821
2 1 0 0.152266 0
3 0 0 0.152266 0
3 1 6.04096 1.29903 1.15609
3 2 113.081 23.9127 23.9012
3 3 282.764 67.7027 67.8363
3 4 388.479 76.1357 76.2848
3 5 341.561 62.7616 62.8713
3 6 310.084 63.6698 63.7882
3 7 226.906 48.419 48.4889
3 8 166.939 42.1612 42.2061
3 9 123.744 32.9115 32.8925
3 10 97.2213 23.0727 23.0113
3 11 64.1688 15.8479 15.7974
3 12 54.927 14.3469 14.2508
3 13 38.4033 10.2199 10.1177
3 14 24.3288 6.2945 6.16517
3 15 53.2611 14.3692 14.3288
4 0 0.0392854 0.0506553 0.00154334
4 1 135.993 34.9465 34.9802
4 2 655.226 156.01 156.339
4 3 629.193 133.641 133.914
4 4 447.608 95.4539 95.6476
4 5 276.605 56.872 56.9744
4 6 204.919 43.3463 43.4072
4 7 152.767 43.312 43.3732
4 8 95.788 25.3969 25.3408
4 9 52.2042 13.0808 13.0283
4 10 36.6178 9.31221 9.24712
4 11 20.5238 5.13126 5.00865
4 12 17.2194 4.71634 4.61983
4 13 10.1133 2.79455 2.64612
4 14 9.1964 2.41871 2.2883
4 15 23.5125 9.95503 9.83698
5 0 0 0.152266 0
5 1 2.45408 1.74012 1.55435
5 2 110.845 66.4649 66.5505
5 3 943.733 583.963 585.459
5 4 2049.36 1165.8 1168.13
5 5 2869.64 1507.67 1509.92
5 6 3285.57 1747.16 1749.42
5 7 3291.19 1839.54 1842.08
5 8 2958.01 1687.09 1689.76
5 9 2463.42 1418.91 1421.51
5 10 1955.17 1086.76 1088.95
5 11 1538.21 852.902 854.794
5 12 1110.37 597.766 599.199
5 13 777.861 381.802 382.76
5 14 568.276 298.287 299.043
5 15 1310.94 729.058 730.756
6 0 3.9873 1.55744 1.4166
6 1 15.8928 12.0941 12.0128
6 2 829.82 396.45 397.432
6 3 1702.82 775.967 777.488
6 4 1995.48 900.988 902.574
6 5 1959.37 868.963 870.528
6 6 1899.46 950.334 952.174
6 7 1646.48 817.056 818.76
6 8 1315.9 578.781 580.032
6 9 1092.45 549.498 550.803
6 10 849.132 444.411 445.529
6 11 650.615 361.631 362.57
6 12 468.492 254.583 255.229
6 13 329.577 160.723 161.096
6 14 226.744 102.135 102.335
6 15 498.978 239.829 240.453
