2.16 0
1 0 39.4861 6.35618 6.23172
1 1 0.000666962 0.00963204 4.44838e-07
2 0 135.382 26.8115 26.8226
2 1 0 0.152266 0
3 0 0 0.152266 0
3 1 6.04158 1.29902 1.15609
3 2 113.1 23.9129 23.9012
3 3 282.809 67.7019 67.8364
3 4 388.537 76.1362 76.2849
3 5 341.606 62.762 62.8714
3 6 310.117 63.6701 63.7883
3 7 226.928 48.4192 48.4889
3 8 166.954 42.1614 42.2062
3 9 123.754 32.9116 32.8926
3 10 97.2299 23.0728 23.0113
3 11 64.1738 15.8478 15.7974
3 12 54.932 14.3469 14.2509
3 13 38.4068 10.22 10.1177
3 14 24.33 6.29452 6.16518
3 15 53.2634 14.3693 14.3289
4 0 0.0392854 0.0506553 0.00154334
4 1 136.017 34.9468 34.9803
4 2 655.354 156.007 156.34
4 3 629.314 133.642 133.914
4 4 447.684 95.4547 95.6478
4 5 276.644 56.8712 56.9745
4 6 204.942 43.3465 43.4072
4 7 152.781 43.3122 43.3732
4 8 95.7955 25.397 25.3408
4 9 52.2079 13.0808 13.0283
4 10 36.6202 9.31218 9.24713
4 11 20.5255 5.13125 5.00865
4 12 17.2204 4.71632 4.61984
4 13 10.1138 2.79455 2.64613
4 14 9.19668 2.41871 2.2883
4 15 23.5126 9.95503 9.83698
5 0 0 0.152266 0
5 1 2.45408 1.74012 1.55435
5 2 110.845 66.4649 66.5505
5 3 943.734 583.963 585.459
5 4 2049.36 1165.8 1168.13
5 5 2869.64 1507.67 1509.92
5 6 3285.57 1747.16 1749.42
5 7 3291.19 1839.54 1842.08
5 8 2958.02 1687.09 1689.76
5 9 2463.42 1418.91 1421.51
5 10 1955.17 1086.76 1088.95
5 11 1538.21 852.902 854.794
5 12 1110.37 597.766 599.199
5 13 777.864 381.802 382.76
5 14 568.278 298.287 299.043
5 15 1310.95 729.058 730.756
6 0 3.9873 1.55744 1.4166
6 1 15.8928 12.0941 12.0128
6 2 829.821 396.45 397.432
6 3 1702.82 775.967 777.488
6 4 1995.49 900.988 902.574
6 5 1959.38 868.963 870.528
6 6 1899.47 950.334 952.174
6 7 1646.49 817.056 818.76
6 8 1315.9 578.781 580.032
6 9 1092.45 549.498 550.803
6 10 849.135 444.411 445.529
6 11 650.617 361.631 362.57
6 12 468.493 254.583 255.229
6 13 329.578 160.723 161.096
6 14 226.744 102.135 102.335
6 15 498.979 239.829 240.453
