2.22 0
1 0 39.6726 6.35645 6.23207
1 1 0.000685489 0.00964097 4.69895e-07
2 0 135.982 26.8135 26.8243
2 1 0 0.152266 0
3 0 0 0.152266 0
3 1 6.0422 1.29902 1.1561
3 2 113.119 23.9131 23.9012
3 3 282.854 67.7024 67.8365
3 4 388.595 76.1349 76.285
3 5 341.65 62.7624 62.8715
3 6 310.15 63.6704 63.7883
3 7 226.949 48.4185 48.489
3 8 166.968 42.1616 42.2062
3 9 123.763 32.9117 32.8926
3 10 97.2385 23.0729 23.0113
3 11 64.1788 15.8479 15.7974
3 12 54.937 14.347 14.2509
3 13 38.4103 10.22 10.1177
3 14 24.3312 6.29454 6.16518
3 15 53.2658 14.3692 14.3289
4 0 0.0392854 0.0506553 0.00154334
4 1 136.042 34.9467 34.9804
4 2 655.483 156.009 156.34
4 3 629.435 133.644 133.915
4 4 447.759 95.4555 95.648
4 5 276.682 56.8706 56.9746
4 6 204.964 43.346 43.4072
4 7 152.794 43.3118 43.3733
4 8 95.8031 25.3971 25.3409
4 9 52.2116 13.0809 13.0283
4 10 36.6227 9.31215 9.24713
4 11 20.5272 5.13127 5.00866
4 12 17.2214 4.71634 4.61984
4 13 10.1142 2.79455 2.64613
4 14 9.19696 2.41871 2.2883
4 15 23.5127 9.95503 9.83698
5 0 0 0.152266 0
5 1 2.45408 1.74012 1.55435
5 2 110.845 66.4649 66.5505
5 3 943.736 583.963 585.459
5 4 2049.37 1165.8 1168.13
5 5 2869.65 1507.67 1509.92
5 6 3285.58 1747.16 1749.42
5 7 3291.2 1839.54 1842.08
5 8 2958.02 1687.09 1689.76
5 9 2463.43 1418.91 1421.51
5 10 1955.18 1086.76 1088.95
5 11 1538.21 852.903 854.794
5 12 1110.37 597.766 599.199
5 13 777.867 381.802 382.76
5 14 568.279 298.287 299.043
5 15 1310.95 729.058 730.756
6 0 3.9873 1.55744 1.4166
6 1 15.8928 12.0941 12.0128
6 2 829.823 396.45 397.432
6 3 1702.83 775.967 777.488
6 4 1995.49 900.988 902.574
6 5 1959.39 868.963 870.528
6 6 1899.47 950.334 952.174
6 7 1646.49 817.057 818.76
6 8 1315.91 578.782 580.032
6 9 1092.45 549.498 550.803
6 10 849.137 444.411 445.529
6 11 650.618 361.631 362.57
6 12 468.494 254.583 255.229
6 13 329.579 160.723 161.096
6 14 226.745 102.135 102.335
6 15 498.979 239.829 240.453
