2.34 0
1 0 40.0457 6.3571 6.23281
1 1 0.000722542 0.00966169 5.22067e-07
2 0 137.182 26.8167 26.8279
2 1 0 0.152266 0
3 0 0 0.152266 0
3 1 6.04343 1.29903 1.1561
3 2 113.157 23.9129 23.9013
3 3 282.945 67.7034 67.8366
3 4 388.711 76.1343 76.2852
3 5 341.739 62.7617 62.8716
3 6 310.216 63.671 63.7885
3 7 226.993 48.419 48.489
3 8 166.998 42.1613 42.2063
3 9 123.783 32.9116 32.8927
3 10 97.2556 23.0731 23.0114
3 11 64.1889 15.848 15.7975
3 12 54.947 14.347 14.251
3 13 38.4172 10.22 10.1177
3 14 24.3337 6.29453 6.1652
3 15 53.2704 14.3691 14.3289
4 0 0.0392854 0.0506553 0.00154334
4 1 136.092 34.9468 34.9805
4 2 655.74 156.012 156.341
4 3 629.678 133.646 133.915
4 4 447.91 95.4547 95.6484
4 5 276.76 56.8713 56.9747
4 6 205.009 43.3465 43.4074
4 7 152.822 43.3122 43.3734
4 8 95.8181 25.397 25.3409
4 9 52.2189 13.081 13.0283
4 10 36.6275 9.31221 9.24715
4 11 20.5306 5.13125 5.00867
4 12 17.2233 4.71634 4.61985
4 13 10.1151 2.79456 2.64613
4 14 9.19752 2.41871 2.28831
4 15 23.5129 9.95504 9.83698
5 0 0 0.152266 0
5 1 2.45408 1.74012 1.55435
5 2 110.846 66.4649 66.5505
5 3 943.738 583.963 585.459
5 4 2049.37 1165.8 1168.13
5 5 2869.65 1507.67 1509.92
5 6 3285.59 1747.16 1749.42
5 7 3291.21 1839.54 1842.08
5 8 2958.03 1687.09 1689.76
5 9 2463.44 1418.91 1421.51
5 10 1955.18 1086.76 1088.95
5 11 1538.22 852.903 854.794
5 12 1110.38 597.766 599.199
5 13 777.872 381.803 382.76
5 14 568.282 298.287 299.043
5 15 1310.95 729.058 730.756
6 0 3.9873 1.55744 1.4166
6 1 15.8929 12.094 12.0128
6 2 829.826 396.45 397.432
6 3 1702.84 775.967 777.488
6 4 1995.51 900.988 902.574
6 5 1959.4 868.964 870.529
6 6 1899.49 950.334 952.174
6 7 1646.5 817.057 818.76
6 8 1315.91 578.782 580.032
6 9 1092.46 549.498 550.803
6 10 849.141 444.411 445.529
6 11 650.621 361.631 362.57
6 12 468.497 254.584 255.229
6 13 329.58 160.723 161.096
6 14 226.745 102.135 102.335
6 15 498.981 239.829 240.453
