2.64 0
1 0 40.9783 6.35886 6.23482
1 1 0.000815176 0.00973224 6.64512e-07
2 0 140.183 26.8262 26.8376
2 1 0 0.152266 0
3 0 0 0.152266 0
3 1 6.04651 1.29903 1.15611
3 2 113.253 23.9133 23.9016
3 3 283.17 67.7036 67.8372
3 4 389.001 76.1353 76.2858
3 5 341.96 62.7623 62.872
3 6 310.382 63.6701 63.7888
3 7 227.101 48.4193 48.4893
3 8 167.071 42.1616 42.2065
3 9 123.831 32.9118 32.8928
3 10 97.2986 23.0731 23.0116
3 11 64.214 15.8481 15.7976
3 12 54.972 14.3472 14.2511
3 13 38.4347 10.2201 10.1178
3 14 24.3398 6.29458 6.16523
3 15 53.2821 14.3693 14.3289
4 0 0.0392854 0.0506553 0.00154334
4 1 136.215 34.9475 34.9809
4 2 656.382 156.012 156.343
4 3 630.285 133.646 133.917
4 4 448.286 95.4566 95.6494
4 5 276.954 56.8722 56.9752
4 6 205.121 43.3462 43.4076
4 7 152.891 43.3121 43.3736
4 8 95.8556 25.3973 25.3411
4 9 52.2372 13.081 13.0284
4 10 36.6397 9.31224 9.24721
4 11 20.5391 5.13129 5.00871
4 12 17.2282 4.71637 4.61987
4 13 10.1173 2.79456 2.64614
4 14 9.19891 2.41871 2.28831
4 15 23.5133 9.95504 9.83698
5 0 0 0.152266 0
5 1 2.45408 1.74012 1.55435
5 2 110.846 66.465 66.5505
5 3 943.745 583.963 585.459
5 4 2049.39 1165.8 1168.13
5 5 2869.68 1507.67 1509.92
5 6 3285.61 1747.16 1749.42
5 7 3291.23 1839.54 1842.08
5 8 2958.06 1687.09 1689.76
5 9 2463.46 1418.91 1421.51
5 10 1955.2 1086.76 1088.95
5 11 1538.24 852.903 854.794
5 12 1110.4 597.766 599.199
5 13 777.885 381.803 382.76
5 14 568.289 298.287 299.043
5 15 1310.97 729.059 730.756
6 0 3.9873 1.55744 1.4166
6 1 15.8931 12.094 12.0128
6 2 829.835 396.451 397.432
6 3 1702.86 775.968 777.488
6 4 1995.54 900.989 902.575
6 5 1959.44 868.965 870.529
6 6 1899.52 950.335 952.174
6 7 1646.53 817.057 818.761
6 8 1315.93 578.782 580.032
6 9 1092.48 549.499 550.803
6 10 849.153 444.411 445.529
6 11 650.628 361.632 362.57
6 12 468.504 254.584 255.229
6 13 329.584 160.723 161.096
6 14 226.746 102.135 102.335
6 15 498.985 239.829 240.453
