2.82 0
1 0 41.5379 6.3601 6.23614
1 1 0.000870756 0.00978722 7.58216e-07
2 0 141.983 26.8324 26.844
2 1 0 0.152266 0
3 0 0 0.152266 0
3 1 6.04837 1.29904 1.15611
3 2 113.311 23.9133 23.9018
3 3 283.305 67.7027 67.8375
3 4 389.175 76.1352 76.2862
3 5 342.093 62.7635 62.8723
3 6 310.481 63.6711 63.789
3 7 227.167 48.4191 48.4894
3 8 167.115 42.1616 42.2066
3 9 123.86 32.9118 32.8929
3 10 97.3244 23.0732 23.0117
3 11 64.2291 15.8481 15.7976
3 12 54.9871 14.3473 14.2512
3 13 38.4452 10.2201 10.1179
3 14 24.3435 6.2946 6.16526
3 15 53.2891 14.3692 14.329
4 0 0.0392854 0.0506553 0.00154334
4 1 136.289 34.9476 34.9811
4 2 656.767 156.016 156.344
4 3 630.649 133.65 133.918
4 4 448.512 95.4568 95.6501
4 5 277.07 56.8723 56.9755
4 6 205.188 43.3469 43.4078
4 7 152.932 43.3126 43.3737
4 8 95.8782 25.3973 25.3411
4 9 52.2482 13.081 13.0285
4 10 36.647 9.31227 9.24724
4 11 20.5442 5.13132 5.00873
4 12 17.2311 4.71636 4.61988
4 13 10.1186 2.79457 2.64615
4 14 9.19975 2.41872 2.28832
4 15 23.5136 9.95505 9.83698
5 0 0 0.152266 0
5 1 2.45408 1.74012 1.55435
5 2 110.846 66.465 66.5505
5 3 943.749 583.963 585.459
5 4 2049.4 1165.8 1168.13
5 5 2869.69 1507.67 1509.92
5 6 3285.63 1747.16 1749.42
5 7 3291.24 1839.54 1842.08
5 8 2958.07 1687.09 1689.76
5 9 2463.47 1418.91 1421.51
5 10 1955.22 1086.76 1088.95
5 11 1538.25 852.904 854.794
5 12 1110.41 597.752 599.199
5 13 777.893 381.803 382.76
5 14 568.293 298.287 299.043
5 15 1310.98 729.059 730.756
6 0 3.9873 1.55744 1.4166
6 1 15.8932 12.094 12.0128
6 2 829.84 396.451 397.432
6 3 1702.87 775.968 777.488
6 4 1995.56 900.989 902.575
6 5 1959.46 868.965 870.529
6 6 1899.54 950.336 952.174
6 7 1646.55 817.058 818.761
6 8 1315.94 578.782 580.032
6 9 1092.48 549.499 550.803
6 10 849.16 444.411 445.529
6 11 650.633 361.632 362.57
6 12 468.508 254.584 255.229
6 13 329.586 160.723 161.096
6 14 226.747 102.135 102.335
6 15 498.988 239.829 240.453
