2.88 0
1 0 41.7244 6.36043 6.2366
1 1 0.000889283 0.00980764 7.90824e-07
2 0 142.583 26.8348 26.8462
2 1 0 0.152266 0
3 0 0 0.152266 0
3 1 6.04898 1.29904 1.15611
3 2 113.33 23.9132 23.9018
3 3 283.35 67.7032 67.8376
3 4 389.233 76.1358 76.2864
3 5 342.137 62.7625 62.8724
3 6 310.514 63.6714 63.7891
3 7 227.188 48.4193 48.4895
3 8 167.13 42.1618 42.2066
3 9 123.87 32.9119 32.8929
3 10 97.333 23.0733 23.0117
3 11 64.2342 15.8482 15.7977
3 12 54.9921 14.3472 14.2512
3 13 38.4487 10.2202 10.1179
3 14 24.3448 6.29461 6.16526
3 15 53.2914 14.3692 14.329
4 0 0.0392854 0.0506553 0.00154334
4 1 136.314 34.9475 34.9812
4 2 656.895 156.018 156.345
4 3 630.77 133.648 133.919
4 4 448.587 95.4555 95.6503
4 5 277.109 56.8727 56.9756
4 6 205.21 43.3472 43.4079
4 7 152.946 43.3128 43.3738
4 8 95.8857 25.3974 25.3412
4 9 52.2519 13.0811 13.0285
4 10 36.6495 9.3123 9.24726
4 11 20.5459 5.13135 5.00873
4 12 17.2321 4.71638 4.61989
4 13 10.1191 2.79458 2.64615
4 14 9.20003 2.41873 2.28832
4 15 23.5137 9.95505 9.83699
5 0 0 0.152266 0
5 1 2.45408 1.74012 1.55435
5 2 110.846 66.465 66.5505
5 3 943.751 583.963 585.459
5 4 2049.4 1165.8 1168.13
5 5 2869.7 1507.67 1509.92
5 6 3285.63 1747.16 1749.42
5 7 3291.25 1839.54 1842.08
5 8 2958.08 1687.09 1689.76
5 9 2463.47 1418.91 1421.51
5 10 1955.22 1086.76 1088.95
5 11 1538.26 852.904 854.794
5 12 1110.41 597.752 599.199
5 13 777.896 381.803 382.76
5 14 568.295 298.287 299.043
5 15 1310.98 729.059 730.756
6 0 3.9873 1.55744 1.4166
6 1 15.8932 12.094 12.0128
6 2 829.842 396.451 397.432
6 3 1702.88 775.968 777.488
6 4 1995.57 900.989 902.575
6 5 1959.47 868.965 870.529
6 6 1899.55 950.336 952.174
6 7 1646.55 817.058 818.761
6 8 1315.95 578.782 580.032
6 9 1092.49 549.499 550.803
6 10 849.162 444.412 445.529
6 11 650.634 361.632 362.57
6 12 468.509 254.584 255.229
6 13 329.587 160.723 161.096
6 14 226.748 102.135 102.335
6 15 498.989 239.829 240.453
