0 0
1 0 3.27169 1.55126 1.19885
1 1 16.203 10.3739 10.405
1 2 924.984 457.095 458.218
1 3 2610.63 1335.19 1337.33
1 4 4014.65 2065.52 2062.28
1 5 4809.22 2382.67 2378.3
1 6 5176.28 2701.42 2702.17
1 7 4943.7 2671.92 2667.23
1 8 4278.7 2279.26 2275.62
1 9 3548.59 1971.42 1968.69
1 10 2797.14 1526.6 1524.7
1 11 2188.98 1216.24 1214.82
1 12 1571.21 854.164 853.159
1 13 1098.7 542.272 541.583
1 14 786.458 399.057 399.645
1 15 566.829 353.686 354.135
1 16 364.473 178.133 177.635
1 17 235.893 108.792 109.101
1 18 180.538 110.41 110.019
1 19 127.723 73.1829 72.6561
1 20 73.7832 39.9214 39.2675
1 21 55.3736 27.6155 27.1347
1 22 36.8906 12.3058 11.5595
1 23 32.035 23.7684 23.6354
1 24 19.9004 6.31567 5.78812
1 25 106.369 40.7772 40.4854
2 0 19.1486 6.97558 6.23303
2 1 206.3 102.77 103.064
2 2 2617.41 1366.88 1365.18
2 3 6479.76 3483.18 3475.56
2 4 9911.86 5594.57 5577.46
2 5 11385.4 6436.7 6414.34
2 6 11378.9 6480.15 6457.81
2 7 10499.2 5928.55 5909.44
2 8 8815.63 4712.43 4698.84
2 9 7142.09 3729.53 3720.44
2 10 5610.53 2977.16 2971.32
2 11 4128.98 2040.77 2037.43
2 12 3044.68 1612 1609.88
2 13 2216.73 1161.81 1160.44
2 14 1550.89 722.158 721.32
2 15 1192.39 601.549 600.801
2 16 860.498 458.167 457.477
2 17 635.123 298.405 297.896
2 18 478.368 198.77 198.388
2 19 379.077 180.231 179.757
2 20 293.772 133.695 133.268
2 21 236.195 107.469 107.049
2 22 189.709 72.8074 72.509
2 23 156.979 67.3011 66.9332
2 24 121.331 47.9814 47.6701
2 25 618.4 244.884 244.506
3 0 0.0275802 0.0634669 0.000388775
3 1 1.7729 0.622606 0.354232
3 2 5.53006 0.891554 0.565103
3 3 12.5277 1.8765 1.50088
3 4 16.6793 1.59164 1.26978
3 5 20.6109 1.59464 1.06259
3 6 26.32 7.58491 7.03709
3 7 26.0071 1.88959 1.43844
3 8 26.0699 1.67412 1.28763
3 9 24.3653 1.31964 0.868456
3 10 25.389 1.43718 1.04034
3 11 20.9286 0.807281 0.466722
3 12 20.9153 1.05561 0.659178
3 13 19.8746 1.2661 0.866392
3 14 17.8053 1.05363 0.668059
3 15 15.787 0.928554 0.545858
3 16 14.7506 1.08387 0.689848
3 17 13.372 0.724607 0.377355
3 18 11.2324 0.598761 0.28445
3 19 10.2284 0.728932 0.394548
3 20 9.57743 0.783354 0.470118
3 21 8.00313 0.57322 0.308322
3 22 7.03372 0.543591 0.226193
3 23 6.41271 0.535065 0.264509
3 24 5.39879 0.462522 0.179382
3 25 33.3618 2.37335 1.94904
4 0 0.00234895 0.0231071 5.51756e-06
4 1 0.812478 0.333276 0.11757
4 2 4.36326 2.67627 2.26048
4 3 4.7931 0.663586 0.335301
4 4 7.46198 0.677663 0.394013
4 5 11.4132 1.80723 1.36094
4 6 12.0906 1.16399 0.783389
4 7 15.1163 1.82095 1.3721
4 8 14.1923 1.05722 0.708594
4 9 13.9376 0.920865 0.572679
4 10 13.6791 1.24189 0.795515
4 11 14.5662 1.35424 0.906754
4 12 12.3822 0.91236 0.565343
4 13 11.9826 0.922553 0.564457
4 14 10.5174 0.717086 0.379155
4 15 10.7297 1.03787 0.701521
4 16 9.44455 0.961679 0.598282
4 17 9.73434 1.00906 0.661764
4 18 8.55943 0.833991 0.501528
4 19 7.27554 0.834214 0.632069
4 20 6.75552 0.586651 0.305276
4 21 7.15186 1.08087 0.71478
4 22 5.43806 0.60951 0.296694
4 23 4.86621 0.660771 0.332194
4 24 4.92306 0.841891 0.479535
4 25 31.8217 3.56666 3.04621
