0.33 0
1 0 33.797 6.35146 6.22559
1 1 0.000101897 0.00961161 1.0383e-08
2 0 117.078 26.7837 26.793
2 1 0 0.152266 0
3 0 0 0.152266 0
3 1 6.02277 1.29902 1.15607
3 2 112.515 23.912 23.9004
3 3 281.435 67.7012 67.8348
3 4 386.767 76.1334 76.2831
3 5 340.255 62.7596 62.8701
3 6 309.11 63.669 63.7873
3 7 226.265 48.4181 48.4882
3 8 166.505 42.1606 42.2056
3 9 123.458 32.9109 32.8921
3 10 96.9678 23.0723 23.0108
3 11 64.0203 15.8477 15.7971
3 12 54.7792 14.3466 14.2504
3 13 38.3003 10.2197 10.1174
3 14 24.2925 6.29443 6.16507
3 15 53.1923 14.369 14.3287
4 0 0.0392854 0.0506553 0.00154334
4 1 135.264 34.9457 34.9792
4 2 651.438 156.003 156.334
4 3 625.614 133.636 133.908
4 4 445.388 95.4507 95.6446
4 5 275.461 56.8704 56.9731
4 6 204.259 43.3459 43.4063
4 7 152.36 43.3114 43.3726
4 8 95.5665 25.3964 25.3404
4 9 52.096 13.0808 13.0281
4 10 36.5458 9.31201 9.24696
4 11 20.4736 5.13118 5.00855
4 12 17.1907 4.7163 4.61977
4 13 10.1002 2.79453 2.6461
4 14 9.18817 2.41868 2.28828
4 15 23.5098 9.95499 9.83698
5 0 0 0.152266 0
5 1 2.45408 1.74012 1.55435
5 2 110.843 66.4649 66.5505
5 3 943.692 583.962 585.459
5 4 2049.26 1165.8 1168.13
5 5 2869.5 1507.67 1509.92
5 6 3285.41 1747.15 1749.42
5 7 3291.05 1839.54 1842.08
5 8 2957.87 1687.09 1689.76
5 9 2463.29 1418.91 1421.51
5 10 1955.05 1086.76 1088.95
5 11 1538.09 852.9 854.793
5 12 1110.27 597.763 599.199
5 13 777.783 381.801 382.759
5 14 568.234 298.286 299.043
5 15 1310.86 729.056 730.755
6 0 3.9873 1.55744 1.4166
6 1 15.8917 12.094 12.0128
6 2 829.768 396.449 397.432
6 3 1702.69 775.964 777.488
6 4 1995.28 900.984 902.574
6 5 1959.16 868.959 870.528
6 6 1899.26 950.33 952.173
6 7 1646.32 817.078 818.76
6 8 1315.79 578.779 580.031
6 9 1092.36 549.496 550.803
6 10 849.065 444.409 445.529
6 11 650.572 361.63 362.57
6 12 468.452 254.583 255.229
6 13 329.555 160.722 161.096
6 14 226.736 102.135 102.335
6 15 498.953 239.829 240.453
