0.39 0
1 0 33.9836 6.35144 6.22565
1 1 0.000120424 0.00961032 1.45019e-08
2 0 117.678 26.7842 26.7933
2 1 0 0.152266 0
3 0 0 0.152266 0
3 1 6.02338 1.29902 1.15607
3 2 112.534 23.9121 23.9004
3 3 281.48 67.7017 67.8348
3 4 386.825 76.1338 76.2832
3 5 340.299 62.7599 62.8701
3 6 309.143 63.6692 63.7873
3 7 226.287 48.4183 48.4882
3 8 166.52 42.1602 42.2056
3 9 123.468 32.911 32.8921
3 10 96.9764 23.0724 23.0108
3 11 64.0254 15.8476 15.7971
3 12 54.7842 14.3467 14.2504
3 13 38.3038 10.2198 10.1174
3 14 24.2938 6.29444 6.16507
3 15 53.1946 14.369 14.3287
4 0 0.0392854 0.0506553 0.00154334
4 1 135.288 34.9456 34.9792
4 2 651.566 156 156.334
4 3 625.736 133.633 133.908
4 4 445.463 95.4513 95.6447
4 5 275.499 56.8696 56.9731
4 6 204.281 43.3446 43.4063
4 7 152.374 43.3115 43.3726
4 8 95.574 25.3965 25.3404
4 9 52.0997 13.0806 13.0281
4 10 36.5483 9.31204 9.24696
4 11 20.4753 5.13117 5.00855
4 12 17.1917 4.71629 4.61978
4 13 10.1007 2.79453 2.6461
4 14 9.18845 2.41869 2.28828
4 15 23.5099 9.95499 9.83698
5 0 0 0.152266 0
5 1 2.45408 1.74012 1.55435
5 2 110.843 66.4649 66.5505
5 3 943.694 583.962 585.459
5 4 2049.27 1165.8 1168.13
5 5 2869.5 1507.67 1509.92
5 6 3285.42 1747.15 1749.42
5 7 3291.05 1839.54 1842.08
5 8 2957.87 1687.09 1689.76
5 9 2463.3 1418.91 1421.51
5 10 1955.05 1086.76 1088.95
5 11 1538.09 852.9 854.793
5 12 1110.27 597.763 599.199
5 13 777.786 381.801 382.759
5 14 568.236 298.286 299.043
5 15 1310.87 729.056 730.755
6 0 3.9873 1.55744 1.4166
6 1 15.8917 12.094 12.0128
6 2 829.77 396.449 397.432
6 3 1702.7 775.964 777.488
6 4 1995.29 900.984 902.574
6 5 1959.17 868.959 870.528
6 6 1899.27 950.33 952.173
6 7 1646.33 817.078 818.76
6 8 1315.8 578.779 580.031
6 9 1092.36 549.496 550.803
6 10 849.067 444.409 445.529
6 11 650.573 361.63 362.57
6 12 468.454 254.583 255.229
6 13 329.556 160.722 161.096
6 14 226.737 102.135 102.335
6 15 498.954 239.829 240.453
