0.54 0
1 0 34.4499 6.35155 6.22584
1 1 0.000166741 0.00960701 2.78024e-08
2 0 119.179 26.7848 26.7942
2 1 0 0.152266 0
3 0 0 0.152266 0
3 1 6.02492 1.29902 1.15607
3 2 112.582 23.912 23.9004
3 3 281.593 67.7003 67.8349
3 4 386.97 76.1332 76.2832
3 5 340.41 62.7608 62.8702
3 6 309.226 63.6687 63.7873
3 7 226.341 48.4187 48.4882
3 8 166.557 42.1606 42.2056
3 9 123.492 32.9113 32.8922
3 10 96.9979 23.0723 23.0108
3 11 64.0379 15.8476 15.7971
3 12 54.7967 14.3466 14.2505
3 13 38.3125 10.2197 10.1174
3 14 24.2968 6.29443 6.16507
3 15 53.2004 14.3691 14.3287
4 0 0.0392854 0.0506553 0.00154334
4 1 135.35 34.9458 34.9792
4 2 651.887 156.003 156.334
4 3 626.039 133.636 133.909
4 4 445.651 95.4485 95.6448
4 5 275.596 56.8693 56.9731
4 6 204.337 43.3451 43.4064
4 7 152.408 43.3113 43.3726
4 8 95.5928 25.3967 25.3404
4 9 52.1089 13.0807 13.0281
4 10 36.5544 9.31209 9.24697
4 11 20.4796 5.1312 5.00856
4 12 17.1941 4.71629 4.61978
4 13 10.1018 2.79453 2.6461
4 14 9.18915 2.41869 2.28828
4 15 23.5101 9.955 9.83698
5 0 0 0.152266 0
5 1 2.45408 1.74012 1.55435
5 2 110.844 66.4649 66.5505
5 3 943.697 583.962 585.459
5 4 2049.27 1165.8 1168.13
5 5 2869.51 1507.67 1509.92
5 6 3285.43 1747.15 1749.42
5 7 3291.06 1839.54 1842.08
5 8 2957.89 1687.09 1689.76
5 9 2463.31 1418.91 1421.51
5 10 1955.06 1086.76 1088.95
5 11 1538.1 852.9 854.793
5 12 1110.28 597.764 599.199
5 13 777.792 381.801 382.759
5 14 568.239 298.286 299.043
5 15 1310.87 729.056 730.755
6 0 3.9873 1.55744 1.4166
6 1 15.8918 12.094 12.0128
6 2 829.775 396.449 397.432
6 3 1702.71 775.964 777.488
6 4 1995.31 900.984 902.574
6 5 1959.19 868.96 870.528
6 6 1899.29 950.33 952.173
6 7 1646.34 817.078 818.76
6 8 1315.81 578.78 580.031
6 9 1092.37 549.497 550.803
6 10 849.073 444.41 445.529
6 11 650.577 361.63 362.57
6 12 468.457 254.583 255.229
6 13 329.558 160.723 161.096
6 14 226.737 102.135 102.335
6 15 498.956 239.829 240.453
