0.78 0
1 0 35.196 6.35177 6.22626
1 1 0.000240847 0.00960187 5.80075e-08
2 0 121.579 26.7865 26.7963
2 1 0 0.152266 0
3 0 0 0.152266 0
3 1 6.02739 1.29902 1.15607
3 2 112.659 23.912 23.9005
3 3 281.773 67.7021 67.835
3 4 387.202 76.1334 76.2833
3 5 340.587 62.7593 62.8702
3 6 309.358 63.6684 63.7874
3 7 226.428 48.4186 48.4883
3 8 166.616 42.1611 42.2057
3 9 123.531 32.9109 32.8922
3 10 97.0322 23.0724 23.0109
3 11 64.0581 15.8476 15.7971
3 12 54.8168 14.3465 14.2505
3 13 38.3265 10.2197 10.1174
3 14 24.3018 6.29445 6.16508
3 15 53.2098 14.369 14.3287
4 0 0.0392854 0.0506553 0.00154334
4 1 135.449 34.9459 34.9793
4 2 652.401 156.004 156.334
4 3 626.524 133.636 133.909
4 4 445.952 95.4512 95.645
4 5 275.751 56.8706 56.9732
4 6 204.427 43.3459 43.4064
4 7 152.464 43.3115 43.3727
4 8 95.6228 25.3965 25.3405
4 9 52.1235 13.0806 13.0281
4 10 36.5641 9.31206 9.24698
4 11 20.4864 5.13121 5.00856
4 12 17.198 4.7163 4.61978
4 13 10.1036 2.79453 2.6461
4 14 9.19026 2.41869 2.28828
4 15 23.5105 9.955 9.83698
5 0 0 0.152266 0
5 1 2.45408 1.74012 1.55435
5 2 110.844 66.4649 66.5505
5 3 943.703 583.962 585.459
5 4 2049.29 1165.8 1168.13
5 5 2869.53 1507.67 1509.92
5 6 3285.45 1747.16 1749.42
5 7 3291.08 1839.54 1842.08
5 8 2957.91 1687.09 1689.76
5 9 2463.33 1418.91 1421.51
5 10 1955.08 1086.76 1088.95
5 11 1538.12 852.9 854.794
5 12 1110.29 597.764 599.199
5 13 777.803 381.801 382.759
5 14 568.245 298.286 299.043
5 15 1310.88 729.057 730.755
6 0 3.9873 1.55744 1.4166
6 1 15.892 12.094 12.0128
6 2 829.781 396.449 397.432
6 3 1702.73 775.965 777.488
6 4 1995.33 900.985 902.574
6 5 1959.22 868.96 870.528
6 6 1899.31 950.331 952.173
6 7 1646.36 817.079 818.76
6 8 1315.82 578.78 580.031
6 9 1092.38 549.497 550.803
6 10 849.082 444.41 445.529
6 11 650.583 361.63 362.57
6 12 468.462 254.583 255.229
6 13 329.561 160.723 161.096
6 14 226.738 102.135 102.335
6 15 498.959 239.829 240.453
