0.96 0
1 0 35.7556 6.35207 6.22669
1 1 0.000296428 0.00959796 8.78693e-08
2 0 123.38 26.7885 26.7983
2 1 0 0.152266 0
3 0 0 0.152266 0
3 1 6.02924 1.29902 1.15607
3 2 112.716 23.9119 23.9006
3 3 281.908 67.701 67.8351
3 4 387.376 76.133 76.2835
3 5 340.72 62.7603 62.8703
3 6 309.457 63.6693 63.7875
3 7 226.493 48.4184 48.4883
3 8 166.66 42.1605 42.2057
3 9 123.56 32.9112 32.8922
3 10 97.058 23.0724 23.0109
3 11 64.0732 15.8477 15.7971
3 12 54.8318 14.3467 14.2505
3 13 38.337 10.2198 10.1174
3 14 24.3054 6.29445 6.16509
3 15 53.2168 14.369 14.3287
4 0 0.0392854 0.0506553 0.00154334
4 1 135.523 34.9459 34.9794
4 2 652.786 156.004 156.335
4 3 626.888 133.636 133.909
4 4 446.178 95.451 95.6452
4 5 275.868 56.8695 56.9733
4 6 204.494 43.3451 43.4065
4 7 152.505 43.3114 43.3727
4 8 95.6453 25.3967 25.3405
4 9 52.1345 13.0808 13.0281
4 10 36.5714 9.31201 9.24699
4 11 20.4915 5.1312 5.00857
4 12 17.201 4.71628 4.61979
4 13 10.1049 2.79454 2.6461
4 14 9.1911 2.41869 2.28828
4 15 23.5108 9.95501 9.83698
5 0 0 0.152266 0
5 1 2.45408 1.74012 1.55435
5 2 110.844 66.4649 66.5505
5 3 943.707 583.962 585.459
5 4 2049.3 1165.8 1168.13
5 5 2869.55 1507.67 1509.92
5 6 3285.47 1747.16 1749.42
5 7 3291.1 1839.54 1842.08
5 8 2957.92 1687.09 1689.76
5 9 2463.34 1418.91 1421.51
5 10 1955.09 1086.76 1088.95
5 11 1538.13 852.9 854.794
5 12 1110.3 597.764 599.199
5 13 777.811 381.801 382.76
5 14 568.249 298.286 299.043
5 15 1310.89 729.057 730.755
6 0 3.9873 1.55744 1.4166
6 1 15.8921 12.0941 12.0128
6 2 829.787 396.45 397.432
6 3 1702.74 775.965 777.488
6 4 1995.35 900.985 902.574
6 5 1959.24 868.96 870.528
6 6 1899.33 950.331 952.173
6 7 1646.38 817.079 818.76
6 8 1315.83 578.78 580.031
6 9 1092.39 549.497 550.803
6 10 849.089 444.41 445.529
6 11 650.587 361.631 362.57
6 12 468.466 254.583 255.229
6 13 329.563 160.723 161.096
6 14 226.739 102.135 102.335
6 15 498.962 239.829 240.453
