0.99 0
1 0 35.8488 6.35207 6.22676
1 1 0.000305691 0.00959734 9.34469e-08
2 0 123.68 26.7889 26.7987
2 1 0 0.152266 0
3 0 0 0.152266 0
3 1 6.02955 1.29902 1.15607
3 2 112.726 23.912 23.9006
3 3 281.931 67.7012 67.8351
3 4 387.405 76.1333 76.2835
3 5 340.742 62.7605 62.8703
3 6 309.473 63.6694 63.7875
3 7 226.504 48.4185 48.4883
3 8 166.667 42.1605 42.2057
3 9 123.565 32.9113 32.8922
3 10 97.0623 23.0724 23.0109
3 11 64.0757 15.8477 15.7972
3 12 54.8343 14.3466 14.2505
3 13 38.3387 10.2198 10.1174
3 14 24.3061 6.29445 6.16509
3 15 53.2179 14.369 14.3287
4 0 0.0392854 0.0506553 0.00154334
4 1 135.536 34.946 34.9794
4 2 652.85 156.004 156.335
4 3 626.949 133.637 133.91
4 4 446.216 95.4513 95.6452
4 5 275.887 56.8697 56.9733
4 6 204.505 43.3452 43.4065
4 7 152.512 43.3115 43.3727
4 8 95.6491 25.3968 25.3405
4 9 52.1364 13.0808 13.0281
4 10 36.5727 9.31202 9.24699
4 11 20.4923 5.1312 5.00857
4 12 17.2014 4.71628 4.61979
4 13 10.1051 2.79453 2.6461
4 14 9.19124 2.41869 2.28828
4 15 23.5108 9.95501 9.83698
5 0 0 0.152266 0
5 1 2.45408 1.74012 1.55435
5 2 110.844 66.4649 66.5505
5 3 943.708 583.962 585.459
5 4 2049.3 1165.8 1168.13
5 5 2869.55 1507.67 1509.92
5 6 3285.47 1747.16 1749.42
5 7 3291.1 1839.54 1842.08
5 8 2957.92 1687.09 1689.76
5 9 2463.34 1418.91 1421.51
5 10 1955.09 1086.76 1088.95
5 11 1538.13 852.901 854.794
5 12 1110.31 597.764 599.199
5 13 777.812 381.801 382.76
5 14 568.25 298.286 299.043
5 15 1310.89 729.057 730.755
6 0 3.9873 1.55744 1.4166
6 1 15.8921 12.0941 12.0128
6 2 829.788 396.45 397.432
6 3 1702.74 775.965 777.488
6 4 1995.36 900.985 902.574
6 5 1959.24 868.961 870.528
6 6 1899.34 950.331 952.173
6 7 1646.38 817.079 818.76
6 8 1315.83 578.78 580.031
6 9 1092.39 549.497 550.803
6 10 849.09 444.41 445.529
6 11 650.588 361.631 362.57
6 12 468.467 254.583 255.229
6 13 329.563 160.723 161.096
6 14 226.739 102.135 102.335
6 15 498.962 239.829 240.453
