1.14 0
1 0 36.3152 6.3524 6.22719
1 1 0.000352008 0.00959439 1.23909e-07
2 0 125.18 26.7908 26.8008
2 1 0 0.152266 0
3 0 0 0.152266 0
3 1 6.03109 1.29902 1.15608
3 2 112.774 23.9121 23.9006
3 3 282.043 67.7011 67.8352
3 4 387.55 76.1345 76.2836
3 5 340.853 62.7613 62.8704
3 6 309.556 63.6689 63.7876
3 7 226.558 48.419 48.4884
3 8 166.704 42.1609 42.2057
3 9 123.589 32.9112 32.8922
3 10 97.0838 23.0724 23.0109
3 11 64.0882 15.8477 15.7972
3 12 54.8468 14.3466 14.2506
3 13 38.3474 10.2197 10.1175
3 14 24.3091 6.29445 6.1651
3 15 53.2238 14.3691 14.3287
4 0 0.0392854 0.0506553 0.00154334
4 1 135.597 34.9458 34.9795
4 2 653.171 156.004 156.335
4 3 627.252 133.64 133.91
4 4 446.404 95.4509 95.6455
4 5 275.984 56.8705 56.9734
4 6 204.561 43.3457 43.4066
4 7 152.546 43.3114 43.3728
4 8 95.6679 25.3965 25.3405
4 9 52.1455 13.0808 13.0282
4 10 36.5788 9.31209 9.247
4 11 20.4966 5.13121 5.00858
4 12 17.2039 4.71631 4.61979
4 13 10.1062 2.79453 2.6461
4 14 9.19194 2.41869 2.28829
4 15 23.511 9.95501 9.83698
5 0 0 0.152266 0
5 1 2.45408 1.74012 1.55435
5 2 110.844 66.4649 66.5505
5 3 943.711 583.962 585.459
5 4 2049.31 1165.8 1168.13
5 5 2869.56 1507.67 1509.92
5 6 3285.48 1747.16 1749.42
5 7 3291.11 1839.54 1842.08
5 8 2957.93 1687.09 1689.76
5 9 2463.35 1418.91 1421.51
5 10 1955.1 1086.76 1088.95
5 11 1538.14 852.901 854.794
5 12 1110.31 597.764 599.199
5 13 777.819 381.801 382.76
5 14 568.253 298.286 299.043
5 15 1310.9 729.057 730.755
6 0 3.9873 1.55744 1.4166
6 1 15.8922 12.0941 12.0128
6 2 829.792 396.45 397.432
6 3 1702.75 775.965 777.488
6 4 1995.37 900.985 902.574
6 5 1959.26 868.961 870.528
6 6 1899.35 950.331 952.173
6 7 1646.4 817.079 818.76
6 8 1315.84 578.78 580.032
6 9 1092.4 549.497 550.803
6 10 849.096 444.41 445.529
6 11 650.592 361.631 362.57
6 12 468.47 254.583 255.229
6 13 329.565 160.723 161.096
6 14 226.74 102.135 102.335
6 15 498.964 239.829 240.453
