1.17 0
1 0 36.4084 6.35251 6.22729
1 1 0.000361271 0.00959385 1.30517e-07
2 0 125.48 26.7912 26.8012
2 1 0 0.152266 0
3 0 0 0.152266 0
3 1 6.0314 1.29902 1.15608
3 2 112.783 23.9119 23.9006
3 3 282.066 67.7013 67.8352
3 4 387.579 76.1347 76.2836
3 5 340.875 62.7615 62.8705
3 6 309.572 63.669 63.7876
3 7 226.569 48.4182 48.4884
3 8 166.711 42.161 42.2058
3 9 123.594 32.9112 32.8923
3 10 97.0881 23.0725 23.0109
3 11 64.0908 15.8477 15.7972
3 12 54.8493 14.3467 14.2506
3 13 38.3492 10.2198 10.1175
3 14 24.3097 6.29446 6.1651
3 15 53.2249 14.369 14.3287
4 0 0.0392854 0.0506553 0.00154334
4 1 135.61 34.946 34.9795
4 2 653.235 156.004 156.335
4 3 627.313 133.64 133.91
4 4 446.442 95.4512 95.6455
4 5 276.004 56.8707 56.9735
4 6 204.572 43.3458 43.4066
4 7 152.553 43.3115 43.3728
4 8 95.6716 25.3965 25.3405
4 9 52.1474 13.0808 13.0282
4 10 36.58 9.3121 9.24701
4 11 20.4974 5.13119 5.00858
4 12 17.2044 4.71629 4.61979
4 13 10.1064 2.79453 2.64611
4 14 9.19207 2.41869 2.28829
4 15 23.5111 9.95501 9.83698
5 0 0 0.152266 0
5 1 2.45408 1.74012 1.55435
5 2 110.844 66.4649 66.5505
5 3 943.712 583.962 585.459
5 4 2049.31 1165.8 1168.13
5 5 2869.56 1507.67 1509.92
5 6 3285.48 1747.16 1749.42
5 7 3291.11 1839.54 1842.08
5 8 2957.94 1687.09 1689.76
5 9 2463.35 1418.91 1421.51
5 10 1955.1 1086.76 1088.95
5 11 1538.15 852.901 854.794
5 12 1110.32 597.764 599.199
5 13 777.82 381.801 382.76
5 14 568.254 298.286 299.043
5 15 1310.9 729.057 730.755
6 0 3.9873 1.55744 1.4166
6 1 15.8922 12.0941 12.0128
6 2 829.793 396.45 397.432
6 3 1702.75 775.965 777.488
6 4 1995.38 900.985 902.574
6 5 1959.26 868.961 870.528
6 6 1899.36 950.332 952.173
6 7 1646.4 817.079 818.76
6 8 1315.84 578.78 580.032
6 9 1092.4 549.497 550.803
6 10 849.097 444.41 445.529
6 11 650.592 361.631 362.57
6 12 468.471 254.583 255.229
6 13 329.566 160.723 161.096
6 14 226.74 102.135 102.335
6 15 498.965 239.829 240.453
