1.29 0
1 0 36.7815 6.35283 6.22768
1 1 0.000398325 0.009592 1.58662e-07
2 0 126.68 26.7931 26.8031
2 1 0 0.152266 0
3 0 0 0.152266 0
3 1 6.03264 1.29902 1.15608
3 2 112.822 23.9123 23.9007
3 3 282.156 67.7011 67.8353
3 4 387.695 76.134 76.2837
3 5 340.963 62.7594 62.8705
3 6 309.639 63.6683 63.7876
3 7 226.613 48.4186 48.4884
3 8 166.741 42.1607 42.2058
3 9 123.613 32.9111 32.8923
3 10 97.1053 23.0724 23.011
3 11 64.1008 15.8477 15.7972
3 12 54.8593 14.3467 14.2506
3 13 38.3562 10.2198 10.1175
3 14 24.3122 6.29445 6.16511
3 15 53.2296 14.369 14.3287
4 0 0.0392854 0.0506553 0.00154334
4 1 135.659 34.9456 34.9796
4 2 653.492 156.003 156.336
4 3 627.555 133.639 133.91
4 4 446.592 95.4527 95.6457
4 5 276.081 56.8703 56.9735
4 6 204.617 43.3455 43.4066
4 7 152.581 43.3118 43.3728
4 8 95.6866 25.3967 25.3406
4 9 52.1547 13.0808 13.0282
4 10 36.5849 9.31209 9.24702
4 11 20.5008 5.1312 5.00859
4 12 17.2063 4.71629 4.6198
4 13 10.1073 2.79454 2.64611
4 14 9.19263 2.4187 2.28829
4 15 23.5113 9.95501 9.83698
5 0 0 0.152266 0
5 1 2.45408 1.74012 1.55435
5 2 110.844 66.4649 66.5505
5 3 943.714 583.962 585.459
5 4 2049.32 1165.8 1168.13
5 5 2869.57 1507.67 1509.92
5 6 3285.49 1747.16 1749.42
5 7 3291.12 1839.54 1842.08
5 8 2957.95 1687.09 1689.76
5 9 2463.36 1418.91 1421.51
5 10 1955.11 1086.76 1088.95
5 11 1538.15 852.901 854.794
5 12 1110.32 597.764 599.199
5 13 777.826 381.802 382.76
5 14 568.257 298.287 299.043
5 15 1310.91 729.057 730.755
6 0 3.9873 1.55744 1.4166
6 1 15.8923 12.0941 12.0128
6 2 829.796 396.45 397.432
6 3 1702.76 775.966 777.488
6 4 1995.39 900.986 902.574
6 5 1959.28 868.961 870.528
6 6 1899.37 950.332 952.173
6 7 1646.41 817.08 818.76
6 8 1315.85 578.78 580.032
6 9 1092.41 549.497 550.803
6 10 849.101 444.41 445.529
6 11 650.595 361.631 362.57
6 12 468.474 254.583 255.229
6 13 329.567 160.723 161.096
6 14 226.741 102.135 102.335
6 15 498.966 239.829 240.453
