0.18 0
1 0 33.3307 6.35148 6.22549
1 1 5.55802e-05 0.00961483 3.08916e-09
2 0 115.578 26.7834 26.7925
2 1 0 0.152266 0
3 0 0 0.152266 0
3 1 6.02122 1.29902 1.15607
3 2 112.467 23.9119 23.9004
3 3 281.322 67.7002 67.8348
3 4 386.622 76.1323 76.2831
3 5 340.144 62.7602 62.8701
3 6 309.028 63.6683 63.7873
3 7 226.211 48.4185 48.4882
3 8 166.469 42.1608 42.2056
3 9 123.434 32.9114 32.8921
3 10 96.9463 23.0726 23.0108
3 11 64.0077 15.8476 15.7971
3 12 54.7667 14.3465 14.2504
3 13 38.2916 10.2196 10.1174
3 14 24.2895 6.29441 6.16507
3 15 53.1864 14.369 14.3287
4 0 0.0392854 0.0506553 0.00154334
4 1 135.202 34.9456 34.9792
4 2 651.116 156 156.333
4 3 625.311 133.637 133.908
4 4 445.199 95.4491 95.6446
4 5 275.363 56.8696 56.973
4 6 204.203 43.3454 43.4063
4 7 152.326 43.3115 43.3726
4 8 95.5477 25.3968 25.3404
4 9 52.0868 13.0807 13.0281
4 10 36.5397 9.31202 9.24696
4 11 20.4694 5.13118 5.00855
4 12 17.1883 4.71628 4.61977
4 13 10.0991 2.79453 2.6461
4 14 9.18747 2.41869 2.28828
4 15 23.5096 9.95499 9.83698
5 0 0 0.152266 0
5 1 2.45408 1.74012 1.55435
5 2 110.843 66.4649 66.5505
5 3 943.689 583.962 585.459
5 4 2049.25 1165.8 1168.13
5 5 2869.49 1507.67 1509.92
5 6 3285.4 1747.15 1749.42
5 7 3291.03 1839.54 1842.08
5 8 2957.86 1687.09 1689.76
5 9 2463.28 1418.91 1421.51
5 10 1955.04 1086.76 1088.95
5 11 1538.08 852.899 854.793
5 12 1110.26 597.763 599.199
5 13 777.776 381.801 382.759
5 14 568.231 298.286 299.043
5 15 1310.86 729.056 730.755
6 0 3.9873 1.55744 1.4166
6 1 15.8916 12.094 12.0128
6 2 829.764 396.449 397.432
6 3 1702.68 775.964 777.488
6 4 1995.27 900.983 902.574
6 5 1959.14 868.959 870.528
6 6 1899.25 950.329 952.173
6 7 1646.31 817.078 818.76
6 8 1315.79 578.779 580.031
6 9 1092.35 549.496 550.803
6 10 849.059 444.409 445.529
6 11 650.568 361.63 362.57
6 12 468.449 254.582 255.229
6 13 329.553 160.722 161.096
6 14 226.736 102.135 102.335
6 15 498.951 239.828 240.453
