2.07 0
1 0 39.2063 6.3557 6.23121
1 1 0.000639172 0.00962066 4.08541e-07
2 0 134.482 26.8092 26.8202
2 1 0 0.152266 0
3 0 0 0.152266 0
3 1 6.04065 1.29902 1.15609
3 2 113.071 23.9126 23.9011
3 3 282.742 67.7024 67.8362
3 4 388.45 76.1354 76.2848
3 5 341.539 62.7614 62.8713
3 6 310.068 63.6696 63.7882
3 7 226.895 48.4188 48.4889
3 8 166.931 42.1611 42.2061
3 9 123.739 32.9114 32.8925
3 10 97.217 23.0726 23.0113
3 11 64.1662 15.8479 15.7974
3 12 54.9244 14.3468 14.2508
3 13 38.4015 10.2199 10.1176
3 14 24.3282 6.2945 6.16517
3 15 53.2599 14.3692 14.3288
4 0 0.0392854 0.0506553 0.00154334
4 1 135.98 34.9468 34.9802
4 2 655.162 156.009 156.339
4 3 629.132 133.644 133.914
4 4 447.571 95.4535 95.6475
4 5 276.585 56.8718 56.9744
4 6 204.908 43.3462 43.4071
4 7 152.76 43.3119 43.3732
4 8 95.7843 25.3968 25.3408
4 9 52.2024 13.0809 13.0283
4 10 36.6166 9.3122 9.24711
4 11 20.5229 5.13125 5.00865
4 12 17.219 4.71633 4.61983
4 13 10.1131 2.79455 2.64612
4 14 9.19626 2.4187 2.2883
4 15 23.5125 9.95503 9.83698
5 0 0 0.152266 0
5 1 2.45408 1.74012 1.55435
5 2 110.845 66.4649 66.5505
5 3 943.732 583.963 585.459
5 4 2049.36 1165.8 1168.13
5 5 2869.63 1507.67 1509.92
5 6 3285.56 1747.16 1749.42
5 7 3291.18 1839.54 1842.08
5 8 2958.01 1687.09 1689.76
5 9 2463.42 1418.91 1421.51
5 10 1955.16 1086.76 1088.95
5 11 1538.2 852.902 854.794
5 12 1110.36 597.765 599.199
5 13 777.86 381.802 382.76
5 14 568.275 298.287 299.043
5 15 1310.94 729.058 730.756
6 0 3.9873 1.55744 1.4166
6 1 15.8927 12.0941 12.0128
6 2 829.819 396.45 397.432
6 3 1702.82 775.967 777.488
6 4 1995.48 900.987 902.574
6 5 1959.37 868.963 870.528
6 6 1899.46 950.334 952.174
6 7 1646.48 817.056 818.76
6 8 1315.9 578.781 580.032
6 9 1092.45 549.498 550.803
6 10 849.131 444.411 445.529
6 11 650.614 361.631 362.57
6 12 468.491 254.583 255.229
6 13 329.577 160.723 161.096
6 14 226.744 102.135 102.335
6 15 498.977 239.829 240.453
