2.13 0
1 0 39.3929 6.35596 6.23155
1 1 0.000657699 0.00962804 4.32568e-07
2 0 135.082 26.8111 26.8218
2 1 0 0.152266 0
3 0 0 0.152266 0
3 1 6.04127 1.29903 1.15609
3 2 113.09 23.9128 23.9012
3 3 282.787 67.7017 67.8363
3 4 388.508 76.1359 76.2849
3 5 341.583 62.7618 62.8714
3 6 310.101 63.6699 63.7883
3 7 226.917 48.4191 48.4889
3 8 166.946 42.1613 42.2062
3 9 123.749 32.9115 32.8926
3 10 97.2256 23.0727 23.0113
3 11 64.1713 15.8478 15.7974
3 12 54.9295 14.3469 14.2509
3 13 38.405 10.22 10.1177
3 14 24.3294 6.29451 6.16517
3 15 53.2623 14.3692 14.3289
4 0 0.0392854 0.0506553 0.00154334
4 1 136.005 34.9466 34.9803
4 2 655.29 156.011 156.34
4 3 629.253 133.642 133.914
4 4 447.646 95.4543 95.6477
4 5 276.624 56.871 56.9744
4 6 204.93 43.3464 43.4072
4 7 152.774 43.3121 43.3732
4 8 95.7918 25.3969 25.3408
4 9 52.2061 13.0808 13.0283
4 10 36.619 9.31223 9.24712
4 11 20.5246 5.13124 5.00865
4 12 17.2199 4.71634 4.61984
4 13 10.1135 2.79455 2.64612
4 14 9.19654 2.41871 2.2883
4 15 23.5126 9.95503 9.83698
5 0 0 0.152266 0
5 1 2.45408 1.74012 1.55435
5 2 110.845 66.4649 66.5505
5 3 943.734 583.963 585.459
5 4 2049.36 1165.8 1168.13
5 5 2869.64 1507.67 1509.92
5 6 3285.57 1747.16 1749.42
5 7 3291.19 1839.54 1842.08
5 8 2958.01 1687.09 1689.76
5 9 2463.42 1418.91 1421.51
5 10 1955.17 1086.76 1088.95
5 11 1538.21 852.902 854.794
5 12 1110.37 597.766 599.199
5 13 777.863 381.802 382.76
5 14 568.277 298.287 299.043
5 15 1310.94 729.058 730.756
6 0 3.9873 1.55744 1.4166
6 1 15.8928 12.0941 12.0128
6 2 829.82 396.45 397.432
6 3 1702.82 775.967 777.488
6 4 1995.48 900.988 902.574
6 5 1959.38 868.963 870.528
6 6 1899.46 950.334 952.174
6 7 1646.49 817.056 818.76
6 8 1315.9 578.781 580.032
6 9 1092.45 549.498 550.803
6 10 849.133 444.411 445.529
6 11 650.616 361.631 362.57
6 12 468.492 254.583 255.229
6 13 329.577 160.723 161.096
6 14 226.744 102.135 102.335
6 15 498.978 239.829 240.453
