2.19 0
1 0 39.5794 6.35629 6.2319
1 1 0.000676225 0.00963638 4.57281e-07
2 0 135.682 26.8123 26.8235
2 1 0 0.152266 0
3 0 0 0.152266 0
3 1 6.04189 1.29903 1.15609
3 2 113.109 23.913 23.9012
3 3 282.832 67.7022 67.8364
3 4 388.566 76.1347 76.285
3 5 341.628 62.7622 62.8714
3 6 310.134 63.6703 63.7883
3 7 226.938 48.4184 48.4889
3 8 166.961 42.1615 42.2062
3 9 123.759 32.9116 32.8926
3 10 97.2341 23.0728 23.0113
3 11 64.1763 15.8479 15.7974
3 12 54.9345 14.347 14.2509
3 13 38.4085 10.2199 10.1177
3 14 24.3306 6.29453 6.16518
3 15 53.2646 14.3692 14.3289
4 0 0.0392854 0.0506553 0.00154334
4 1 136.03 34.9465 34.9803
4 2 655.419 156.008 156.34
4 3 629.375 133.643 133.914
4 4 447.721 95.4551 95.6479
4 5 276.663 56.8704 56.9745
4 6 204.953 43.3459 43.4072
4 7 152.787 43.3117 43.3733
4 8 95.7993 25.397 25.3409
4 9 52.2097 13.0809 13.0283
4 10 36.6214 9.31213 9.24713
4 11 20.5263 5.13126 5.00866
4 12 17.2209 4.71633 4.61984
4 13 10.114 2.79454 2.64613
4 14 9.19682 2.41871 2.2883
4 15 23.5127 9.95503 9.83698
5 0 0 0.152266 0
5 1 2.45408 1.74012 1.55435
5 2 110.845 66.4649 66.5505
5 3 943.735 583.963 585.459
5 4 2049.37 1165.8 1168.13
5 5 2869.64 1507.67 1509.92
5 6 3285.57 1747.16 1749.42
5 7 3291.19 1839.54 1842.08
5 8 2958.02 1687.09 1689.76
5 9 2463.43 1418.91 1421.51
5 10 1955.17 1086.76 1088.95
5 11 1538.21 852.902 854.794
5 12 1110.37 597.766 599.199
5 13 777.865 381.802 382.76
5 14 568.278 298.287 299.043
5 15 1310.95 729.058 730.756
6 0 3.9873 1.55744 1.4166
6 1 15.8928 12.0941 12.0128
6 2 829.822 396.45 397.432
6 3 1702.83 775.967 777.488
6 4 1995.49 900.988 902.574
6 5 1959.38 868.963 870.528
6 6 1899.47 950.334 952.174
6 7 1646.49 817.057 818.76
6 8 1315.9 578.782 580.032
6 9 1092.45 549.498 550.803
6 10 849.136 444.411 445.529
6 11 650.617 361.631 362.57
6 12 468.494 254.583 255.229
6 13 329.578 160.723 161.096
6 14 226.744 102.135 102.335
6 15 498.979 239.829 240.453
