2.28 0
1 0 39.8592 6.35678 6.23244
1 1 0.000704015 0.00965082 4.95638e-07
2 0 136.582 26.8147 26.8261
2 1 0 0.152266 0
3 0 0 0.152266 0
3 1 6.04281 1.29903 1.1561
3 2 113.138 23.9127 23.9013
3 3 282.9 67.7029 67.8365
3 4 388.653 76.1338 76.2851
3 5 341.694 62.7627 62.8715
3 6 310.183 63.6707 63.7884
3 7 226.971 48.4188 48.489
3 8 166.983 42.1612 42.2062
3 9 123.773 32.9118 32.8926
3 10 97.247 23.073 23.0114
3 11 64.1839 15.848 15.7975
3 12 54.942 14.3471 14.2509
3 13 38.4138 10.2199 10.1177
3 14 24.3325 6.29455 6.16519
3 15 53.2681 14.3691 14.3289
4 0 0.0392854 0.0506553 0.00154334
4 1 136.067 34.947 34.9804
4 2 655.611 156.011 156.34
4 3 629.557 133.645 133.915
4 4 447.834 95.4539 95.6482
4 5 276.721 56.8709 56.9747
4 6 204.986 43.3462 43.4073
4 7 152.808 43.312 43.3733
4 8 95.8106 25.3969 25.3409
4 9 52.2152 13.0809 13.0283
4 10 36.6251 9.31218 9.24714
4 11 20.5289 5.13129 5.00867
4 12 17.2224 4.71635 4.61985
4 13 10.1147 2.79455 2.64613
4 14 9.19724 2.41871 2.28831
4 15 23.5128 9.95504 9.83698
5 0 0 0.152266 0
5 1 2.45408 1.74012 1.55435
5 2 110.846 66.4649 66.5505
5 3 943.737 583.963 585.459
5 4 2049.37 1165.8 1168.13
5 5 2869.65 1507.67 1509.92
5 6 3285.58 1747.16 1749.42
5 7 3291.2 1839.54 1842.08
5 8 2958.03 1687.09 1689.76
5 9 2463.43 1418.91 1421.51
5 10 1955.18 1086.76 1088.95
5 11 1538.22 852.903 854.794
5 12 1110.38 597.766 599.199
5 13 777.869 381.803 382.76
5 14 568.281 298.287 299.043
5 15 1310.95 729.058 730.756
6 0 3.9873 1.55744 1.4166
6 1 15.8929 12.094 12.0128
6 2 829.825 396.45 397.432
6 3 1702.83 775.967 777.488
6 4 1995.5 900.988 902.574
6 5 1959.4 868.964 870.528
6 6 1899.48 950.334 952.174
6 7 1646.5 817.057 818.76
6 8 1315.91 578.782 580.032
6 9 1092.46 549.498 550.803
6 10 849.139 444.411 445.529
6 11 650.62 361.631 362.57
6 12 468.496 254.584 255.229
6 13 329.579 160.723 161.096
6 14 226.745 102.135 102.335
6 15 498.98 239.829 240.453
