2.43 0
1 0 40.3255 6.35759 6.23339
1 1 0.000750332 0.00968009 5.62999e-07
2 0 138.082 26.8198 26.8307
2 1 0 0.152266 0
3 0 0 0.152266 0
3 1 6.04436 1.29903 1.1561
3 2 113.186 23.9132 23.9014
3 3 283.012 67.703 67.8368
3 4 388.798 76.1351 76.2854
3 5 341.805 62.7623 62.8717
3 6 310.266 63.6689 63.7885
3 7 227.025 48.4193 48.4891
3 8 167.02 42.1616 42.2063
3 9 123.797 32.9118 32.8927
3 10 97.2685 23.073 23.0114
3 11 64.1964 15.848 15.7975
3 12 54.9545 14.347 14.251
3 13 38.4225 10.2201 10.1177
3 14 24.3355 6.29456 6.16521
3 15 53.2739 14.3692 14.3289
4 0 0.0392854 0.0506553 0.00154334
4 1 136.129 34.9469 34.9806
4 2 655.932 156.014 156.341
4 3 629.86 133.645 133.916
4 4 448.023 95.4538 95.6487
4 5 276.818 56.8719 56.9749
4 6 205.042 43.3461 43.4074
4 7 152.843 43.3125 43.3734
4 8 95.8293 25.3972 25.341
4 9 52.2244 13.081 13.0284
4 10 36.6312 9.31225 9.24717
4 11 20.5331 5.13128 5.00868
4 12 17.2248 4.71636 4.61986
4 13 10.1158 2.79456 2.64613
4 14 9.19793 2.4187 2.28831
4 15 23.513 9.95504 9.83698
5 0 0 0.152266 0
5 1 2.45408 1.74012 1.55435
5 2 110.846 66.465 66.5505
5 3 943.74 583.963 585.459
5 4 2049.38 1165.8 1168.13
5 5 2869.66 1507.67 1509.92
5 6 3285.59 1747.16 1749.42
5 7 3291.21 1839.54 1842.08
5 8 2958.04 1687.09 1689.76
5 9 2463.44 1418.91 1421.51
5 10 1955.19 1086.76 1088.95
5 11 1538.23 852.903 854.794
5 12 1110.38 597.766 599.199
5 13 777.876 381.803 382.76
5 14 568.284 298.287 299.043
5 15 1310.96 729.058 730.756
6 0 3.9873 1.55744 1.4166
6 1 15.893 12.094 12.0128
6 2 829.829 396.45 397.432
6 3 1702.84 775.967 777.488
6 4 1995.52 900.988 902.575
6 5 1959.41 868.964 870.529
6 6 1899.5 950.335 952.174
6 7 1646.51 817.057 818.76
6 8 1315.92 578.782 580.032
6 9 1092.46 549.499 550.803
6 10 849.145 444.411 445.529
6 11 650.623 361.631 362.57
6 12 468.499 254.584 255.229
6 13 329.581 160.723 161.096
6 14 226.746 102.135 102.335
6 15 498.982 239.829 240.453
