2.52 0
1 0 40.6053 6.35814 6.23399
1 1 0.000778122 0.00970086 6.05474e-07
2 0 138.983 26.8222 26.8336
2 1 0 0.152266 0
3 0 0 0.152266 0
3 1 6.04528 1.29903 1.1561
3 2 113.215 23.9129 23.9015
3 3 283.08 67.7025 67.8369
3 4 388.885 76.136 76.2856
3 5 341.871 62.7615 62.8719
3 6 310.316 63.6694 63.7886
3 7 227.058 48.4196 48.4892
3 8 167.042 42.1613 42.2064
3 9 123.812 32.9115 32.8927
3 10 97.2814 23.0729 23.0115
3 11 64.204 15.8481 15.7975
3 12 54.962 14.3471 14.251
3 13 38.4277 10.22 10.1178
3 14 24.3374 6.29455 6.16522
3 15 53.2774 14.3692 14.3289
4 0 0.0392854 0.0506553 0.00154334
4 1 136.166 34.9469 34.9807
4 2 656.125 156.013 156.342
4 3 630.042 133.643 133.916
4 4 448.135 95.455 95.649
4 5 276.876 56.8714 56.975
4 6 205.076 43.3465 43.4075
4 7 152.863 43.3122 43.3735
4 8 95.8406 25.3971 25.341
4 9 52.2299 13.0809 13.0284
4 10 36.6348 9.31224 9.24719
4 11 20.5357 5.13131 5.00869
4 12 17.2262 4.71635 4.61986
4 13 10.1164 2.79456 2.64614
4 14 9.19835 2.41871 2.28831
4 15 23.5132 9.95504 9.83698
5 0 0 0.152266 0
5 1 2.45408 1.74012 1.55435
5 2 110.846 66.465 66.5505
5 3 943.742 583.963 585.459
5 4 2049.38 1165.8 1168.13
5 5 2869.67 1507.67 1509.92
5 6 3285.6 1747.16 1749.42
5 7 3291.22 1839.54 1842.08
5 8 2958.05 1687.09 1689.76
5 9 2463.45 1418.91 1421.51
5 10 1955.2 1086.76 1088.95
5 11 1538.23 852.903 854.794
5 12 1110.39 597.766 599.199
5 13 777.88 381.803 382.76
5 14 568.286 298.287 299.043
5 15 1310.96 729.059 730.756
6 0 3.9873 1.55744 1.4166
6 1 15.893 12.094 12.0128
6 2 829.832 396.45 397.432
6 3 1702.85 775.967 777.488
6 4 1995.53 900.989 902.575
6 5 1959.42 868.964 870.529
6 6 1899.51 950.335 952.174
6 7 1646.52 817.057 818.76
6 8 1315.92 578.782 580.032
6 9 1092.47 549.499 550.803
6 10 849.148 444.411 445.529
6 11 650.625 361.631 362.57
6 12 468.501 254.584 255.229
6 13 329.582 160.723 161.096
6 14 226.746 102.135 102.335
6 15 498.984 239.829 240.453
