2.61 0
1 0 40.8851 6.3587 6.23461
1 1 0.000805912 0.009724 6.49495e-07
2 0 139.883 26.8251 26.8366
2 1 0 0.152266 0
3 0 0 0.152266 0
3 1 6.04621 1.29903 1.15611
3 2 113.244 23.9132 23.9016
3 3 283.147 67.7033 67.8371
3 4 388.972 76.1368 76.2858
3 5 341.938 62.7621 62.872
3 6 310.365 63.6699 63.7887
3 7 227.091 48.42 48.4893
3 8 167.064 42.1616 42.2064
3 9 123.826 32.9117 32.8928
3 10 97.2943 23.0731 23.0115
3 11 64.2115 15.848 15.7976
3 12 54.9695 14.3471 14.2511
3 13 38.433 10.2201 10.1178
3 14 24.3392 6.29457 6.16523
3 15 53.2809 14.3693 14.3289
4 0 0.0392854 0.0506553 0.00154334
4 1 136.203 34.9474 34.9808
4 2 656.317 156.011 156.343
4 3 630.224 133.645 133.917
4 4 448.248 95.4562 95.6493
4 5 276.934 56.872 56.9752
4 6 205.109 43.3468 43.4076
4 7 152.884 43.312 43.3736
4 8 95.8519 25.3972 25.341
4 9 52.2354 13.081 13.0284
4 10 36.6385 9.31222 9.2472
4 11 20.5382 5.13131 5.0087
4 12 17.2277 4.71637 4.61987
4 13 10.1171 2.79455 2.64614
4 14 9.19877 2.41871 2.28831
4 15 23.5133 9.95504 9.83698
5 0 0 0.152266 0
5 1 2.45408 1.74012 1.55435
5 2 110.846 66.465 66.5505
5 3 943.745 583.963 585.459
5 4 2049.39 1165.8 1168.13
5 5 2869.68 1507.67 1509.92
5 6 3285.61 1747.16 1749.42
5 7 3291.23 1839.54 1842.08
5 8 2958.05 1687.09 1689.76
5 9 2463.45 1418.91 1421.51
5 10 1955.2 1086.76 1088.95
5 11 1538.24 852.903 854.794
5 12 1110.39 597.766 599.199
5 13 777.884 381.803 382.76
5 14 568.288 298.287 299.043
5 15 1310.97 729.059 730.756
6 0 3.9873 1.55744 1.4166
6 1 15.8931 12.094 12.0128
6 2 829.834 396.45 397.432
6 3 1702.86 775.967 777.488
6 4 1995.54 900.989 902.575
6 5 1959.44 868.964 870.529
6 6 1899.52 950.335 952.174
6 7 1646.53 817.057 818.761
6 8 1315.93 578.782 580.032
6 9 1092.47 549.499 550.803
6 10 849.152 444.411 445.529
6 11 650.628 361.632 362.57
6 12 468.503 254.584 255.229
6 13 329.583 160.723 161.096
6 14 226.746 102.135 102.335
6 15 498.985 239.829 240.453
