0.27 0
1 0 33.6105 6.35148 6.22554
1 1 8.33703e-05 0.00961289 6.9506e-09
2 0 116.478 26.7836 26.7928
2 1 0 0.152266 0
3 0 0 0.152266 0
3 1 6.02215 1.29902 1.15607
3 2 112.496 23.9121 23.9004
3 3 281.39 67.7008 67.8348
3 4 386.709 76.1329 76.2831
3 5 340.21 62.7593 62.8701
3 6 309.077 63.6687 63.7873
3 7 226.243 48.4179 48.4882
3 8 166.491 42.161 42.2056
3 9 123.449 32.9108 32.8921
3 10 96.9592 23.0722 23.0108
3 11 64.0153 15.8477 15.7971
3 12 54.7742 14.3466 14.2504
3 13 38.2968 10.2197 10.1174
3 14 24.2913 6.29442 6.16507
3 15 53.1899 14.369 14.3287
4 0 0.0392854 0.0506553 0.00154334
4 1 135.239 34.9455 34.9792
4 2 651.309 156.001 156.333
4 3 625.493 133.638 133.908
4 4 445.312 95.45 95.6446
4 5 275.422 56.8701 56.9731
4 6 204.237 43.3457 43.4063
4 7 152.346 43.3112 43.3726
4 8 95.559 25.3966 25.3404
4 9 52.0923 13.0808 13.0281
4 10 36.5434 9.31199 9.24696
4 11 20.4719 5.13117 5.00855
4 12 17.1898 4.71629 4.61977
4 13 10.0998 2.79454 2.6461
4 14 9.18789 2.41868 2.28828
4 15 23.5097 9.95499 9.83698
5 0 0 0.152266 0
5 1 2.45408 1.74012 1.55435
5 2 110.843 66.4649 66.5505
5 3 943.691 583.962 585.459
5 4 2049.26 1165.8 1168.13
5 5 2869.49 1507.67 1509.92
5 6 3285.41 1747.15 1749.42
5 7 3291.04 1839.54 1842.08
5 8 2957.86 1687.09 1689.76
5 9 2463.29 1418.91 1421.51
5 10 1955.04 1086.76 1088.95
5 11 1538.09 852.899 854.793
5 12 1110.27 597.763 599.199
5 13 777.78 381.801 382.759
5 14 568.233 298.286 299.043
5 15 1310.86 729.056 730.755
6 0 3.9873 1.55744 1.4166
6 1 15.8917 12.094 12.0128
6 2 829.767 396.449 397.432
6 3 1702.69 775.964 777.488
6 4 1995.28 900.984 902.574
6 5 1959.16 868.959 870.528
6 6 1899.26 950.329 952.173
6 7 1646.32 817.078 818.76
6 8 1315.79 578.779 580.031
6 9 1092.35 549.496 550.803
6 10 849.063 444.409 445.529
6 11 650.57 361.63 362.57
6 12 468.451 254.582 255.229
6 13 329.554 160.722 161.096
6 14 226.736 102.135 102.335
6 15 498.952 239.828 240.453
