2.73 0
1 0 41.2581 6.35948 6.23547
1 1 0.000842966 0.00975862 7.10592e-07
2 0 141.083 26.8295 26.8408
2 1 0 0.152266 0
3 0 0 0.152266 0
3 1 6.04744 1.29904 1.15611
3 2 113.282 23.9133 23.9017
3 3 283.237 67.7043 67.8373
3 4 389.088 76.1361 76.286
3 5 342.026 62.7629 62.8722
3 6 310.431 63.6706 63.7889
3 7 227.134 48.4188 48.4894
3 8 167.093 42.1613 42.2065
3 9 123.846 32.912 32.8928
3 10 97.3115 23.0733 23.0116
3 11 64.2216 15.848 15.7976
3 12 54.9795 14.3472 14.2511
3 13 38.4399 10.2202 10.1178
3 14 24.3417 6.29457 6.16524
3 15 53.2856 14.3693 14.329
4 0 0.0392854 0.0506553 0.00154334
4 1 136.252 34.9471 34.981
4 2 656.574 156.014 156.343
4 3 630.467 133.648 133.918
4 4 448.399 95.4556 95.6497
4 5 277.012 56.8717 56.9754
4 6 205.154 43.3466 43.4077
4 7 152.911 43.3123 43.3736
4 8 95.8669 25.3971 25.3411
4 9 52.2427 13.0811 13.0284
4 10 36.6434 9.31229 9.24722
4 11 20.5416 5.13132 5.00872
4 12 17.2296 4.71637 4.61988
4 13 10.118 2.79456 2.64614
4 14 9.19933 2.41872 2.28832
4 15 23.5135 9.95505 9.83698
5 0 0 0.152266 0
5 1 2.45408 1.74012 1.55435
5 2 110.846 66.465 66.5505
5 3 943.747 583.963 585.459
5 4 2049.4 1165.8 1168.13
5 5 2869.69 1507.67 1509.92
5 6 3285.62 1747.16 1749.42
5 7 3291.24 1839.54 1842.08
5 8 2958.06 1687.09 1689.76
5 9 2463.46 1418.91 1421.51
5 10 1955.21 1086.76 1088.95
5 11 1538.25 852.903 854.794
5 12 1110.4 597.752 599.199
5 13 777.889 381.803 382.76
5 14 568.291 298.287 299.043
5 15 1310.97 729.059 730.756
6 0 3.9873 1.55744 1.4166
6 1 15.8931 12.094 12.0128
6 2 829.838 396.451 397.432
6 3 1702.86 775.968 777.488
6 4 1995.55 900.989 902.575
6 5 1959.45 868.965 870.529
6 6 1899.53 950.335 952.174
6 7 1646.54 817.058 818.761
6 8 1315.94 578.782 580.032
6 9 1092.48 549.499 550.803
6 10 849.156 444.411 445.529
6 11 650.631 361.632 362.57
6 12 468.506 254.584 255.229
6 13 329.585 160.723 161.096
6 14 226.747 102.135 102.335
6 15 498.987 239.829 240.453
