2.76 0
1 0 41.3514 6.35964 6.23569
1 1 0.000852229 0.00976789 7.26295e-07
2 0 141.383 26.8303 26.8418
2 1 0 0.152266 0
3 0 0 0.152266 0
3 1 6.04775 1.29903 1.15611
3 2 113.292 23.9131 23.9017
3 3 283.26 67.7034 67.8374
3 4 389.117 76.1347 76.2861
3 5 342.049 62.7631 62.8722
3 6 310.448 63.6707 63.7889
3 7 227.145 48.4189 48.4894
3 8 167.1 42.1614 42.2066
3 9 123.85 32.912 32.8929
3 10 97.3158 23.0733 23.0116
3 11 64.2241 15.8481 15.7976
3 12 54.9821 14.3472 14.2512
3 13 38.4417 10.22 10.1178
3 14 24.3423 6.29458 6.16525
3 15 53.2868 14.3694 14.329
4 0 0.0392854 0.0506553 0.00154334
4 1 136.265 34.9473 34.981
4 2 656.638 156.015 156.344
4 3 630.527 133.649 133.918
4 4 448.437 95.456 95.6498
4 5 277.031 56.8719 56.9754
4 6 205.165 43.3467 43.4078
4 7 152.918 43.3124 43.3737
4 8 95.8706 25.3972 25.3411
4 9 52.2446 13.0811 13.0284
4 10 36.6446 9.3123 9.24723
4 11 20.5425 5.13133 5.00872
4 12 17.2301 4.71635 4.61988
4 13 10.1182 2.79457 2.64614
4 14 9.19947 2.41872 2.28832
4 15 23.5135 9.95505 9.83698
5 0 0 0.152266 0
5 1 2.45408 1.74012 1.55435
5 2 110.846 66.465 66.5505
5 3 943.748 583.963 585.459
5 4 2049.4 1165.8 1168.13
5 5 2869.69 1507.67 1509.92
5 6 3285.62 1747.16 1749.42
5 7 3291.24 1839.54 1842.08
5 8 2958.07 1687.09 1689.76
5 9 2463.47 1418.91 1421.51
5 10 1955.21 1086.76 1088.95
5 11 1538.25 852.903 854.794
5 12 1110.4 597.752 599.199
5 13 777.891 381.803 382.76
5 14 568.292 298.287 299.043
5 15 1310.97 729.059 730.756
6 0 3.9873 1.55744 1.4166
6 1 15.8932 12.094 12.0128
6 2 829.839 396.451 397.432
6 3 1702.87 775.968 777.488
6 4 1995.55 900.989 902.575
6 5 1959.45 868.965 870.529
6 6 1899.53 950.336 952.174
6 7 1646.54 817.058 818.761
6 8 1315.94 578.782 580.032
6 9 1092.48 549.499 550.803
6 10 849.157 444.411 445.529
6 11 650.631 361.632 362.57
6 12 468.506 254.584 255.229
6 13 329.585 160.723 161.096
6 14 226.747 102.135 102.335
6 15 498.987 239.829 240.453
