2.85 0
1 0 41.6312 6.36026 6.23637
1 1 0.000880019 0.00979735 7.74434e-07
2 0 142.283 26.8336 26.8451
2 1 0 0.152266 0
3 0 0 0.152266 0
3 1 6.04867 1.29904 1.15611
3 2 113.32 23.9134 23.9018
3 3 283.328 67.703 67.8376
3 4 389.204 76.1355 76.2863
3 5 342.115 62.7637 62.8724
3 6 310.497 63.6712 63.789
3 7 227.177 48.4192 48.4895
3 8 167.122 42.1617 42.2066
3 9 123.865 32.9119 32.8929
3 10 97.3287 23.0732 23.0117
3 11 64.2316 15.8482 15.7977
3 12 54.9896 14.3473 14.2512
3 13 38.4469 10.2201 10.1179
3 14 24.3441 6.29461 6.16526
3 15 53.2903 14.3692 14.329
4 0 0.0392854 0.0506553 0.00154334
4 1 136.302 34.9477 34.9811
4 2 656.831 156.017 156.344
4 3 630.709 133.651 133.919
4 4 448.549 95.4573 95.6502
4 5 277.09 56.8725 56.9756
4 6 205.199 43.347 43.4079
4 7 152.939 43.3127 43.3737
4 8 95.8819 25.3973 25.3412
4 9 52.2501 13.081 13.0285
4 10 36.6483 9.31229 9.24725
4 11 20.545 5.13133 5.00873
4 12 17.2316 4.71637 4.61989
4 13 10.1189 2.79457 2.64615
4 14 9.19989 2.41873 2.28832
4 15 23.5137 9.95505 9.83698
5 0 0 0.152266 0
5 1 2.45408 1.74012 1.55435
5 2 110.846 66.465 66.5505
5 3 943.75 583.963 585.459
5 4 2049.4 1165.8 1168.13
5 5 2869.69 1507.67 1509.92
5 6 3285.63 1747.16 1749.42
5 7 3291.25 1839.54 1842.08
5 8 2958.07 1687.09 1689.76
5 9 2463.47 1418.91 1421.51
5 10 1955.22 1086.76 1088.95
5 11 1538.25 852.904 854.794
5 12 1110.41 597.752 599.199
5 13 777.895 381.803 382.76
5 14 568.294 298.287 299.043
5 15 1310.98 729.059 730.756
6 0 3.9873 1.55744 1.4166
6 1 15.8932 12.094 12.0128
6 2 829.841 396.451 397.432
6 3 1702.87 775.968 777.488
6 4 1995.56 900.989 902.575
6 5 1959.46 868.965 870.529
6 6 1899.54 950.336 952.174
6 7 1646.55 817.058 818.761
6 8 1315.94 578.782 580.032
6 9 1092.49 549.499 550.803
6 10 849.161 444.412 445.529
6 11 650.634 361.632 362.57
6 12 468.508 254.584 255.229
6 13 329.586 160.723 161.096
6 14 226.747 102.135 102.335
6 15 498.988 239.829 240.453
