2.97 0
1 0 42.0042 6.36111 6.23731
1 1 0.000917073 0.00984018 8.41023e-07
2 0 143.484 26.8377 26.8496
2 1 0 0.152266 0
3 0 0 0.152266 0
3 1 6.04991 1.29904 1.15612
3 2 113.359 23.9135 23.9019
3 3 283.418 67.704 67.8378
3 4 389.32 76.1367 76.2866
3 5 342.204 62.7631 62.8726
3 6 310.563 63.6706 63.7892
3 7 227.221 48.4197 48.4896
3 8 167.152 42.1615 42.2067
3 9 123.884 32.9117 32.893
3 10 97.3458 23.0732 23.0118
3 11 64.2417 15.8482 15.7977
3 12 54.9996 14.3474 14.2513
3 13 38.4539 10.2202 10.1179
3 14 24.3466 6.29461 6.16528
3 15 53.2949 14.3693 14.329
4 0 0.0392854 0.0506553 0.00154334
4 1 136.351 34.9475 34.9813
4 2 657.088 156.016 156.345
4 3 630.952 133.646 133.92
4 4 448.7 95.4568 95.6507
4 5 277.167 56.8722 56.9758
4 6 205.244 43.3468 43.408
4 7 152.967 43.3126 43.3738
4 8 95.8969 25.3973 25.3412
4 9 52.2574 13.081 13.0285
4 10 36.6531 9.31235 9.24728
4 11 20.5484 5.13135 5.00875
4 12 17.2335 4.7164 4.6199
4 13 10.1198 2.79457 2.64615
4 14 9.20045 2.41872 2.28832
4 15 23.5139 9.95505 9.83699
5 0 0 0.152266 0
5 1 2.45408 1.74012 1.55435
5 2 110.846 66.465 66.5505
5 3 943.753 583.963 585.459
5 4 2049.41 1165.8 1168.13
5 5 2869.7 1507.67 1509.92
5 6 3285.64 1747.16 1749.42
5 7 3291.26 1839.54 1842.08
5 8 2958.08 1687.1 1689.76
5 9 2463.48 1418.91 1421.51
5 10 1955.23 1086.76 1088.95
5 11 1538.26 852.904 854.794
5 12 1110.41 597.752 599.199
5 13 777.9 381.803 382.76
5 14 568.297 298.288 299.043
5 15 1310.98 729.059 730.756
6 0 3.9873 1.55744 1.4166
6 1 15.8933 12.0941 12.0128
6 2 829.845 396.451 397.432
6 3 1702.88 775.968 777.488
6 4 1995.58 900.99 902.575
6 5 1959.48 868.965 870.529
6 6 1899.56 950.336 952.174
6 7 1646.56 817.058 818.761
6 8 1315.95 578.782 580.032
6 9 1092.49 549.499 550.803
6 10 849.165 444.412 445.529
6 11 650.636 361.632 362.57
6 12 468.511 254.584 255.229
6 13 329.588 160.723 161.096
6 14 226.748 102.135 102.335
6 15 498.99 239.829 240.453
