0.36 0
1 0 33.9657 6.35144 6.22561
1 1 0.000123397 0.00961011 1.52269e-08
2 0 117.029 26.752 26.7613
2 1 0 0.152266 0
3 0 0 0.152266 0
3 1 6.02381 1.29902 1.15607
3 2 112.563 23.9121 23.9004
3 3 281.598 67.7004 67.8348
3 4 386.969 76.1332 76.2832
3 5 340.414 62.7608 62.8702
3 6 309.225 63.6686 63.7873
3 7 226.334 48.4187 48.4882
3 8 166.543 42.1604 42.2056
3 9 123.473 32.911 32.8921
3 10 96.9668 23.0723 23.0108
3 11 64.0164 15.8477 15.7971
3 12 54.77 14.3465 14.2504
3 13 38.295 10.2197 10.1174
3 14 24.2902 6.29441 6.16507
3 15 53.1898 14.369 14.3287
4 0 0.0392854 0.0506553 0.00154334
4 1 135.272 34.9454 34.9792
4 2 651.769 156.108 156.442
4 3 625.684 133.632 133.908
4 4 445.505 95.4517 95.6447
4 5 275.564 56.8702 56.9731
4 6 204.308 43.3449 43.4063
4 7 152.377 43.3115 43.3726
4 8 95.5699 25.3965 25.3404
4 9 52.0963 13.0808 13.0281
4 10 36.5433 9.31199 9.24696
4 11 20.4727 5.13117 5.00855
4 12 17.1895 4.71629 4.61977
4 13 10.0999 2.79454 2.6461
4 14 9.18774 2.41868 2.28828
4 15 23.5098 9.95499 9.83698
5 0 0 0.152266 0
5 1 2.45408 1.74012 1.55435
5 2 110.844 66.4649 66.5505
5 3 943.695 583.962 585.459
5 4 2049.27 1165.8 1168.13
5 5 2869.51 1507.67 1509.92
5 6 3285.43 1747.15 1749.42
5 7 3291.06 1839.54 1842.08
5 8 2957.88 1687.09 1689.76
5 9 2463.3 1418.91 1421.51
5 10 1955.05 1086.76 1088.95
5 11 1538.09 852.899 854.793
5 12 1110.27 597.763 599.199
5 13 777.777 381.801 382.759
5 14 568.231 298.286 299.043
5 15 1310.86 729.056 730.755
6 0 3.9873 1.55744 1.4166
6 1 15.8917 12.094 12.0128
6 2 829.769 396.449 397.432
6 3 1702.7 775.964 777.488
6 4 1995.29 900.984 902.574
6 5 1959.17 868.959 870.528
6 6 1899.27 950.33 952.173
6 7 1646.33 817.078 818.76
6 8 1315.8 578.78 580.031
6 9 1092.36 549.496 550.803
6 10 849.065 444.409 445.529
6 11 650.571 361.63 362.57
6 12 468.451 254.582 255.229
6 13 329.555 160.722 161.096
6 14 226.736 102.135 102.335
6 15 498.952 239.828 240.453
