0.63 0
1 0 34.8616 6.35155 6.22596
1 1 0.000215945 0.00960359 4.66322e-08
2 0 119.521 26.753 26.7626
2 1 0 0.152266 0
3 0 0 0.152266 0
3 1 6.02713 1.29902 1.15607
3 2 112.679 23.9122 23.9005
3 3 281.906 67.7009 67.835
3 4 387.361 76.1329 76.2834
3 5 340.716 62.7603 62.8703
3 6 309.447 63.6692 63.7874
3 7 226.475 48.4182 48.4883
3 8 166.631 42.1607 42.2057
3 9 123.523 32.9112 32.8922
3 10 97.0016 23.0723 23.0108
3 11 64.0343 15.8476 15.7971
3 12 54.7837 14.3466 14.2504
3 13 38.3055 10.2197 10.1174
3 14 24.2935 6.29444 6.16507
3 15 53.1976 14.369 14.3287
4 0 0.0392854 0.0506553 0.00154334
4 1 135.381 34.9457 34.9792
4 2 652.357 156.109 156.442
4 3 626.237 133.637 133.909
4 4 445.903 95.4507 95.6449
4 5 275.801 56.87 56.9732
4 6 204.437 43.3452 43.4064
4 7 152.447 43.3113 43.3726
4 8 95.6034 25.3968 25.3404
4 9 52.1116 13.0807 13.0281
4 10 36.5514 9.31206 9.24696
4 11 20.479 5.1312 5.00855
4 12 17.1927 4.71627 4.61978
4 13 10.1015 2.79453 2.6461
4 14 9.18856 2.41869 2.28828
4 15 23.5102 9.955 9.83698
5 0 0 0.152266 0
5 1 2.45408 1.74012 1.55435
5 2 110.844 66.4649 66.5505
5 3 943.703 583.962 585.459
5 4 2049.29 1165.8 1168.13
5 5 2869.54 1507.67 1509.92
5 6 3285.46 1747.16 1749.42
5 7 3291.09 1839.54 1842.08
5 8 2957.91 1687.09 1689.76
5 9 2463.33 1418.91 1421.51
5 10 1955.06 1086.76 1088.95
5 11 1538.1 852.9 854.793
5 12 1110.28 597.763 599.199
5 13 777.784 381.801 382.759
5 14 568.234 298.286 299.043
5 15 1310.87 729.056 730.755
6 0 3.9873 1.55744 1.4166
6 1 15.8918 12.094 12.0128
6 2 829.776 396.449 397.432
6 3 1702.72 775.965 777.488
6 4 1995.32 900.984 902.574
6 5 1959.21 868.96 870.528
6 6 1899.3 950.33 952.173
6 7 1646.36 817.078 818.76
6 8 1315.82 578.78 580.031
6 9 1092.37 549.497 550.803
6 10 849.074 444.41 445.529
6 11 650.576 361.63 362.57
6 12 468.456 254.583 255.229
6 13 329.558 160.723 161.096
6 14 226.737 102.135 102.335
6 15 498.954 239.829 240.453
