1.08 0
1 0 36.3549 6.35215 6.22697
1 1 0.000370191 0.00959335 1.37042e-07
2 0 123.673 26.7564 26.7662
2 1 0 0.152266 0
3 0 0 0.152266 0
3 1 6.03268 1.29902 1.15608
3 2 112.871 23.9121 23.9007
3 3 282.42 67.7012 67.8355
3 4 388.013 76.1349 76.284
3 5 341.22 62.7615 62.8708
3 6 309.818 63.6699 63.7878
3 7 226.71 48.4187 48.4885
3 8 166.779 42.1605 42.2058
3 9 123.607 32.9113 32.8922
3 10 97.0594 23.0724 23.0109
3 11 64.064 15.8477 15.7971
3 12 54.8066 14.3466 14.2505
3 13 38.3229 10.2197 10.1174
3 14 24.299 6.29442 6.16507
3 15 53.2106 14.369 14.3287
4 0 0.0392854 0.0506553 0.00154334
4 1 135.561 34.9458 34.9794
4 2 653.337 156.111 156.443
4 3 627.158 133.638 133.91
4 4 446.568 95.4522 95.6455
4 5 276.197 56.8701 56.9736
4 6 204.652 43.345 43.4066
4 7 152.563 43.3115 43.3727
4 8 95.6593 25.3969 25.3405
4 9 52.1371 13.0808 13.0281
4 10 36.5649 9.31207 9.24697
4 11 20.4895 5.13117 5.00856
4 12 17.1979 4.71629 4.61978
4 13 10.1042 2.79454 2.6461
4 14 9.18994 2.4187 2.28828
4 15 23.5109 9.95501 9.83698
5 0 0 0.152266 0
5 1 2.45408 1.74012 1.55435
5 2 110.845 66.4649 66.5505
5 3 943.716 583.962 585.459
5 4 2049.32 1165.8 1168.13
5 5 2869.59 1507.67 1509.92
5 6 3285.52 1747.16 1749.42
5 7 3291.14 1839.54 1842.08
5 8 2957.96 1687.09 1689.76
5 9 2463.37 1418.91 1421.51
5 10 1955.09 1086.76 1088.95
5 11 1538.13 852.9 854.793
5 12 1110.3 597.764 599.199
5 13 777.794 381.801 382.759
5 14 568.24 298.286 299.043
5 15 1310.88 729.056 730.755
6 0 3.9873 1.55744 1.4166
6 1 15.892 12.094 12.0128
6 2 829.788 396.45 397.432
6 3 1702.75 775.965 777.488
6 4 1995.38 900.986 902.574
6 5 1959.27 868.961 870.528
6 6 1899.36 950.332 952.173
6 7 1646.4 817.079 818.76
6 8 1315.85 578.78 580.031
6 9 1092.4 549.497 550.803
6 10 849.09 444.41 445.529
6 11 650.584 361.63 362.57
6 12 468.463 254.583 255.229
6 13 329.562 160.723 161.096
6 14 226.739 102.135 102.335
6 15 498.959 239.829 240.453
