1.35 0
1 0 37.2508 6.35281 6.22782
1 1 0.000462739 0.00959088 2.14128e-07
2 0 126.165 26.7594 26.7693
2 1 0 0.152266 0
3 0 0 0.152266 0
3 1 6.036 1.29902 1.15608
3 2 112.986 23.9122 23.9008
3 3 282.728 67.702 67.8359
3 4 388.404 76.1348 76.2845
3 5 341.522 62.7612 62.8712
3 6 310.041 63.6693 63.7881
3 7 226.851 48.4191 48.4887
3 8 166.867 42.1609 42.2059
3 9 123.658 32.9115 32.8923
3 10 97.0942 23.0725 23.0109
3 11 64.0818 15.8476 15.7971
3 12 54.8204 14.3466 14.2505
3 13 38.3333 10.2197 10.1174
3 14 24.3023 6.29445 6.16508
3 15 53.2184 14.369 14.3287
4 0 0.0392854 0.0506553 0.00154334
4 1 135.67 34.9457 34.9795
4 2 653.925 156.113 156.444
4 3 627.711 133.64 133.91
4 4 446.966 95.4515 95.646
4 5 276.434 56.8701 56.9739
4 6 204.781 43.3455 43.4068
4 7 152.632 43.3118 43.3728
4 8 95.6928 25.3967 25.3405
4 9 52.1524 13.0807 13.0281
4 10 36.573 9.31202 9.24698
4 11 20.4959 5.1312 5.00857
4 12 17.201 4.71628 4.61978
4 13 10.1058 2.79452 2.6461
4 14 9.19076 2.41868 2.28828
4 15 23.5114 9.95501 9.83698
5 0 0 0.152266 0
5 1 2.45408 1.74012 1.55435
5 2 110.845 66.4649 66.5505
5 3 943.724 583.962 585.459
5 4 2049.34 1165.8 1168.13
5 5 2869.62 1507.67 1509.92
5 6 3285.55 1747.16 1749.42
5 7 3291.17 1839.54 1842.08
5 8 2957.99 1687.09 1689.76
5 9 2463.39 1418.91 1421.51
5 10 1955.11 1086.76 1088.95
5 11 1538.14 852.901 854.794
5 12 1110.31 597.764 599.199
5 13 777.801 381.801 382.759
5 14 568.243 298.286 299.043
5 15 1310.89 729.057 730.755
6 0 3.9873 1.55744 1.4166
6 1 15.8921 12.0941 12.0128
6 2 829.795 396.45 397.432
6 3 1702.77 775.966 777.488
6 4 1995.41 900.986 902.574
6 5 1959.31 868.962 870.528
6 6 1899.4 950.332 952.173
6 7 1646.43 817.055 818.76
6 8 1315.86 578.781 580.032
6 9 1092.41 549.497 550.803
6 10 849.099 444.41 445.529
6 11 650.59 361.631 362.57
6 12 468.468 254.583 255.229
6 13 329.565 160.723 161.096
6 14 226.74 102.135 102.335
6 15 498.962 239.829 240.453
