1.44 0
1 0 37.5494 6.3531 6.22815
1 1 0.000493589 0.00959188 2.4363e-07
2 0 126.995 26.7601 26.7705
2 1 0 0.152266 0
3 0 0 0.152266 0
3 1 6.03711 1.29902 1.15608
3 2 113.025 23.9126 23.9009
3 3 282.83 67.7018 67.836
3 4 388.535 76.136 76.2847
3 5 341.623 62.762 62.8713
3 6 310.115 63.67 63.7882
3 7 226.898 48.4188 48.4888
3 8 166.897 42.1612 42.2059
3 9 123.675 32.9113 32.8923
3 10 97.1057 23.0724 23.0109
3 11 64.0878 15.8477 15.7972
3 12 54.825 14.3466 14.2505
3 13 38.3368 10.2197 10.1174
3 14 24.3034 6.29442 6.16508
3 15 53.221 14.3691 14.3287
4 0 0.0392854 0.0506553 0.00154334
4 1 135.706 34.9461 34.9796
4 2 654.121 156.115 156.444
4 3 627.895 133.638 133.911
4 4 447.099 95.4528 95.6462
4 5 276.513 56.8709 56.974
4 6 204.824 43.3459 43.4068
4 7 152.656 43.3116 43.3729
4 8 95.704 25.3968 25.3405
4 9 52.1575 13.0808 13.0282
4 10 36.5757 9.31205 9.24699
4 11 20.498 5.13119 5.00858
4 12 17.202 4.71629 4.61979
4 13 10.1063 2.79453 2.6461
4 14 9.19104 2.41868 2.28828
4 15 23.5115 9.95502 9.83698
5 0 0 0.152266 0
5 1 2.45408 1.74012 1.55435
5 2 110.845 66.4649 66.5505
5 3 943.727 583.963 585.459
5 4 2049.35 1165.8 1168.13
5 5 2869.63 1507.67 1509.92
5 6 3285.57 1747.16 1749.42
5 7 3291.18 1839.54 1842.08
5 8 2958 1687.09 1689.76
5 9 2463.4 1418.91 1421.51
5 10 1955.11 1086.76 1088.95
5 11 1538.14 852.901 854.794
5 12 1110.32 597.764 599.199
5 13 777.803 381.801 382.759
5 14 568.244 298.286 299.043
5 15 1310.89 729.057 730.755
6 0 3.9873 1.55744 1.4166
6 1 15.8922 12.0941 12.0128
6 2 829.798 396.45 397.432
6 3 1702.78 775.966 777.488
6 4 1995.43 900.986 902.574
6 5 1959.32 868.962 870.528
6 6 1899.41 950.333 952.173
6 7 1646.44 817.055 818.76
6 8 1315.87 578.781 580.032
6 9 1092.42 549.498 550.803
6 10 849.103 444.41 445.529
6 11 650.591 361.631 362.57
6 12 468.469 254.583 255.229
6 13 329.566 160.723 161.096
6 14 226.74 102.135 102.335
6 15 498.963 239.829 240.453
