2.1 0
1 0 39.7395 6.35555 6.23119
1 1 0.000719817 0.00966004 5.18136e-07
2 0 133.086 26.771 26.7815
2 1 0 0.152266 0
3 0 0 0.152266 0
3 1 6.04524 1.29902 1.1561
3 2 113.306 23.9129 23.9014
3 3 283.584 67.7028 67.8375
3 4 389.492 76.1361 76.2865
3 5 342.361 62.7629 62.8727
3 6 310.658 63.6701 63.7892
3 7 227.242 48.4197 48.4894
3 8 167.113 42.1614 42.2064
3 9 123.798 32.9116 32.8926
3 10 97.1906 23.0727 23.0111
3 11 64.1314 15.8478 15.7972
3 12 54.8586 14.3466 14.2505
3 13 38.3623 10.2197 10.1175
3 14 24.3115 6.29443 6.16509
3 15 53.24 14.369 14.3288
4 0 0.0392854 0.0506553 0.00154334
4 1 135.971 34.9466 34.9801
4 2 655.559 156.114 156.447
4 3 629.247 133.641 133.913
4 4 448.073 95.4536 95.6481
4 5 277.093 56.8721 56.9751
4 6 205.139 43.3462 43.4074
4 7 152.826 43.3121 43.3732
4 8 95.786 25.3968 25.3407
4 9 52.1949 13.0808 13.0282
4 10 36.5955 9.31206 9.24703
4 11 20.5134 5.13122 5.0086
4 12 17.2096 4.71632 4.6198
4 13 10.1103 2.79454 2.64611
4 14 9.19306 2.41869 2.28829
4 15 23.5125 9.95503 9.83698
5 0 0 0.152266 0
5 1 2.45408 1.74012 1.55435
5 2 110.846 66.465 66.5505
5 3 943.746 583.963 585.459
5 4 2049.4 1165.8 1168.13
5 5 2869.71 1507.67 1509.92
5 6 3285.65 1747.16 1749.42
5 7 3291.26 1839.54 1842.08
5 8 2958.07 1687.09 1689.76
5 9 2463.46 1418.91 1421.51
5 10 1955.15 1086.76 1088.95
5 11 1538.18 852.902 854.794
5 12 1110.35 597.765 599.199
5 13 777.819 381.801 382.76
5 14 568.253 298.286 299.043
5 15 1310.91 729.057 730.755
6 0 3.9873 1.55744 1.4166
6 1 15.8925 12.0941 12.0128
6 2 829.815 396.45 397.432
6 3 1702.83 775.967 777.488
6 4 1995.51 900.988 902.574
6 5 1959.41 868.964 870.528
6 6 1899.49 950.334 952.174
6 7 1646.51 817.057 818.76
6 8 1315.91 578.782 580.032
6 9 1092.45 549.498 550.803
6 10 849.126 444.411 445.529
6 11 650.604 361.631 362.57
6 12 468.48 254.583 255.229
6 13 329.573 160.723 161.096
6 14 226.742 102.135 102.335
6 15 498.969 239.829 240.453
