2.43 0
1 0 40.8345 6.35724 6.23314
1 1 0.000832931 0.00974877 6.93774e-07
2 0 136.131 26.7773 26.7885
2 1 0 0.152266 0
3 0 0 0.152266 0
3 1 6.0493 1.29903 1.15611
3 2 113.447 23.9134 23.9017
3 3 283.96 67.7046 67.8384
3 4 389.97 76.1373 76.2877
3 5 342.73 62.765 62.8736
3 6 310.93 63.6715 63.7899
3 7 227.415 48.4198 48.4898
3 8 167.222 42.1615 42.2066
3 9 123.86 32.9116 32.8927
3 10 97.2331 23.0727 23.0112
3 11 64.1532 15.8478 15.7973
3 12 54.8754 14.3467 14.2506
3 13 38.3751 10.2197 10.1175
3 14 24.3156 6.29447 6.1651
3 15 53.2495 14.369 14.3288
4 0 0.0392854 0.0506553 0.00154334
4 1 136.103 34.9469 34.9804
4 2 656.277 156.119 156.449
4 3 629.922 133.644 133.915
4 4 448.56 95.4564 95.6492
4 5 277.383 56.8729 56.9758
4 6 205.297 43.3464 43.4078
4 7 152.911 43.3121 43.3734
4 8 95.827 25.397 25.3408
4 9 52.2137 13.0808 13.0283
4 10 36.6055 9.31211 9.24705
4 11 20.5211 5.13124 5.00862
4 12 17.2134 4.71631 4.61981
4 13 10.1122 2.79454 2.64611
4 14 9.19407 2.41869 2.28829
4 15 23.513 9.95504 9.83698
5 0 0 0.152266 0
5 1 2.45408 1.74012 1.55435
5 2 110.847 66.465 66.5505
5 3 943.756 583.963 585.459
5 4 2049.43 1165.8 1168.13
5 5 2869.74 1507.67 1509.92
5 6 3285.69 1747.16 1749.42
5 7 3291.29 1839.55 1842.08
5 8 2958.1 1687.1 1689.76
5 9 2463.49 1418.91 1421.51
5 10 1955.17 1086.76 1088.95
5 11 1538.19 852.902 854.794
5 12 1110.36 597.765 599.199
5 13 777.827 381.802 382.76
5 14 568.257 298.287 299.043
5 15 1310.92 729.057 730.755
6 0 3.9873 1.55744 1.4166
6 1 15.8926 12.0941 12.0128
6 2 829.824 396.45 397.432
6 3 1702.85 775.967 777.488
6 4 1995.55 900.989 902.575
6 5 1959.45 868.965 870.529
6 6 1899.53 950.335 952.174
6 7 1646.54 817.058 818.76
6 8 1315.94 578.782 580.032
6 9 1092.47 549.499 550.803
6 10 849.137 444.411 445.529
6 11 650.61 361.631 362.57
6 12 468.486 254.583 255.229
6 13 329.576 160.723 161.096
6 14 226.743 102.135 102.335
6 15 498.973 239.829 240.453
