2.46 0
1 0 40.9341 6.35741 6.23333
1 1 0.000843214 0.00975886 7.1101e-07
2 0 136.408 26.7781 26.7892
2 1 0 0.152266 0
3 0 0 0.152266 0
3 1 6.04967 1.29903 1.15611
3 2 113.46 23.9133 23.9018
3 3 283.994 67.705 67.8385
3 4 390.014 76.1378 76.2878
3 5 342.764 62.7639 62.8737
3 6 310.955 63.6718 63.7899
3 7 227.43 48.42 48.4899
3 8 167.231 42.1616 42.2066
3 9 123.865 32.9117 32.8927
3 10 97.2369 23.0727 23.0112
3 11 64.1551 15.8478 15.7973
3 12 54.8769 14.3467 14.2506
3 13 38.3762 10.2198 10.1175
3 14 24.3159 6.29448 6.1651
3 15 53.2504 14.3691 14.3288
4 0 0.0392854 0.0506553 0.00154334
4 1 136.115 34.947 34.9805
4 2 656.343 156.119 156.449
4 3 629.984 133.645 133.915
4 4 448.605 95.4547 95.6494
4 5 277.41 56.8732 56.9759
4 6 205.311 43.3465 43.4079
4 7 152.919 43.3122 43.3734
4 8 95.8307 25.397 25.3408
4 9 52.2154 13.0809 13.0283
4 10 36.6064 9.31212 9.24705
4 11 20.5218 5.13122 5.00862
4 12 17.2138 4.71631 4.61981
4 13 10.1124 2.79453 2.64611
4 14 9.19416 2.41869 2.28829
4 15 23.5131 9.95504 9.83698
5 0 0 0.152266 0
5 1 2.45408 1.74012 1.55435
5 2 110.847 66.465 66.5505
5 3 943.756 583.963 585.459
5 4 2049.43 1165.8 1168.13
5 5 2869.75 1507.67 1509.92
5 6 3285.7 1747.16 1749.42
5 7 3291.3 1839.55 1842.08
5 8 2958.11 1687.1 1689.76
5 9 2463.49 1418.91 1421.51
5 10 1955.18 1086.76 1088.95
5 11 1538.2 852.902 854.794
5 12 1110.36 597.765 599.199
5 13 777.827 381.802 382.76
5 14 568.257 298.287 299.043
5 15 1310.92 729.057 730.755
6 0 3.9873 1.55744 1.4166
6 1 15.8926 12.0941 12.0128
6 2 829.825 396.45 397.432
6 3 1702.86 775.967 777.488
6 4 1995.55 900.989 902.575
6 5 1959.46 868.965 870.529
6 6 1899.54 950.335 952.174
6 7 1646.54 817.058 818.76
6 8 1315.94 578.782 580.032
6 9 1092.47 549.499 550.803
6 10 849.138 444.411 445.529
6 11 650.611 361.631 362.57
6 12 468.486 254.583 255.229
6 13 329.577 160.723 161.096
6 14 226.743 102.135 102.335
6 15 498.973 239.829 240.453
