2.55 0
1 0 41.2327 6.35795 6.23392
1 1 0.000874063 0.00979083 7.63986e-07
2 0 137.238 26.7805 26.7913
2 1 0 0.152266 0
3 0 0 0.152266 0
3 1 6.05078 1.29904 1.15611
3 2 113.499 23.9134 23.9019
3 3 284.097 67.7038 67.8387
3 4 390.144 76.1374 76.2882
3 5 342.865 62.7649 62.874
3 6 311.029 63.6713 63.7901
3 7 227.477 48.4205 48.49
3 8 167.261 42.162 42.2067
3 9 123.882 32.9115 32.8928
3 10 97.2485 23.0729 23.0112
3 11 64.1611 15.8479 15.7973
3 12 54.8815 14.3467 14.2506
3 13 38.3797 10.2198 10.1175
3 14 24.317 6.29445 6.16511
3 15 53.253 14.3691 14.3288
4 0 0.0392854 0.0506553 0.00154334
4 1 136.151 34.947 34.9805
4 2 656.539 156.118 156.45
4 3 630.168 133.643 133.915
4 4 448.737 95.4561 95.6497
4 5 277.489 56.8729 56.9761
4 6 205.354 43.347 43.408
4 7 152.942 43.3125 43.3735
4 8 95.8419 25.3969 25.3408
4 9 52.2205 13.0809 13.0283
4 10 36.6091 9.31208 9.24706
4 11 20.5239 5.13125 5.00863
4 12 17.2148 4.71632 4.61981
4 13 10.1129 2.79454 2.64612
4 14 9.19444 2.41869 2.28829
4 15 23.5132 9.95504 9.83698
5 0 0 0.152266 0
5 1 2.45408 1.74012 1.55435
5 2 110.847 66.465 66.5505
5 3 943.759 583.963 585.459
5 4 2049.43 1165.8 1168.13
5 5 2869.76 1507.67 1509.92
5 6 3285.71 1747.16 1749.42
5 7 3291.31 1839.55 1842.08
5 8 2958.12 1687.1 1689.76
5 9 2463.5 1418.91 1421.51
5 10 1955.18 1086.76 1088.95
5 11 1538.2 852.902 854.794
5 12 1110.37 597.765 599.199
5 13 777.83 381.802 382.76
5 14 568.258 298.287 299.043
5 15 1310.92 729.057 730.755
6 0 3.9873 1.55744 1.4166
6 1 15.8927 12.0941 12.0128
6 2 829.827 396.45 397.432
6 3 1702.86 775.968 777.488
6 4 1995.57 900.989 902.575
6 5 1959.47 868.965 870.529
6 6 1899.55 950.336 952.174
6 7 1646.55 817.058 818.761
6 8 1315.94 578.782 580.032
6 9 1092.48 549.499 550.803
6 10 849.141 444.411 445.529
6 11 650.613 361.631 362.57
6 12 468.488 254.583 255.229
6 13 329.578 160.723 161.096
6 14 226.744 102.135 102.335
6 15 498.974 239.829 240.453
