0.27 0
1 0 33.6671 6.35143 6.22554
1 1 9.25479e-05 0.00961226 8.56511e-09
2 0 116.199 26.7521 26.761
2 1 0 0.152266 0
3 0 0 0.152266 0
3 1 6.0227 1.29902 1.15607
3 2 112.525 23.9121 23.9004
3 3 281.495 67.7018 67.8348
3 4 386.839 76.1322 76.2832
3 5 340.313 62.76 62.8701
3 6 309.151 63.6693 63.7873
3 7 226.287 48.4183 48.4882
3 8 166.513 42.1607 42.2056
3 9 123.456 32.9109 32.8921
3 10 96.9553 23.0722 23.0108
3 11 64.0105 15.8476 15.7971
3 12 54.7654 14.3465 14.2504
3 13 38.2915 10.2196 10.1174
3 14 24.2891 6.2944 6.16507
3 15 53.1872 14.369 14.3287
4 0 0.0392854 0.0506553 0.00154334
4 1 135.236 34.9455 34.9792
4 2 651.573 156.11 156.442
4 3 625.5 133.638 133.908
4 4 445.372 95.4505 95.6446
4 5 275.484 56.8695 56.9731
4 6 204.265 43.3459 43.4063
4 7 152.354 43.3113 43.3726
4 8 95.5587 25.3966 25.3404
4 9 52.0911 13.0807 13.0281
4 10 36.5405 9.31203 9.24696
4 11 20.4706 5.13118 5.00855
4 12 17.1885 4.71628 4.61977
4 13 10.0994 2.79454 2.6461
4 14 9.18746 2.41869 2.28828
4 15 23.5097 9.95499 9.83698
5 0 0 0.152266 0
5 1 2.45408 1.74012 1.55435
5 2 110.843 66.4649 66.5505
5 3 943.693 583.962 585.459
5 4 2049.26 1165.8 1168.13
5 5 2869.5 1507.67 1509.92
5 6 3285.42 1747.15 1749.42
5 7 3291.05 1839.54 1842.08
5 8 2957.87 1687.09 1689.76
5 9 2463.3 1418.91 1421.51
5 10 1955.04 1086.76 1088.95
5 11 1538.08 852.899 854.793
5 12 1110.26 597.763 599.199
5 13 777.775 381.8 382.759
5 14 568.23 298.286 299.043
5 15 1310.86 729.056 730.755
6 0 3.9873 1.55744 1.4166
6 1 15.8916 12.094 12.0128
6 2 829.766 396.449 397.432
6 3 1702.69 775.964 777.488
6 4 1995.28 900.984 902.574
6 5 1959.16 868.959 870.528
6 6 1899.26 950.33 952.173
6 7 1646.32 817.078 818.76
6 8 1315.79 578.779 580.031
6 9 1092.35 549.496 550.803
6 10 849.062 444.409 445.529
6 11 650.569 361.63 362.57
6 12 468.45 254.582 255.229
6 13 329.554 160.722 161.096
6 14 226.736 102.135 102.335
6 15 498.951 239.828 240.453
