2.97 0
1 0 42.6264 6.36058 6.23694
1 1 0.00101803 0.00997605 1.03638e-06
2 0 141.114 26.7909 26.8022
2 1 0 0.152266 0
3 0 0 0.152266 0
3 1 6.05595 1.29904 1.15613
3 2 113.678 23.9138 23.9024
3 3 284.576 67.7071 67.8402
3 4 390.753 76.1402 76.29
3 5 343.335 62.7653 62.8754
3 6 311.375 63.6724 63.7912
3 7 227.697 48.4212 48.4907
3 8 167.399 42.1625 42.2071
3 9 123.961 32.9117 32.893
3 10 97.3025 23.073 23.0114
3 11 64.1888 15.8479 15.7974
3 12 54.9029 14.3467 14.2507
3 13 38.3959 10.2199 10.1176
3 14 24.3222 6.29447 6.16512
3 15 53.2651 14.3691 14.3288
4 0 0.0392854 0.0506553 0.00154334
4 1 136.32 34.9474 34.9811
4 2 657.453 156.12 156.452
4 3 631.028 133.645 133.918
4 4 449.357 95.4585 95.6516
4 5 277.858 56.8746 56.9772
4 6 205.555 43.3477 43.4086
4 7 153.05 43.3129 43.3738
4 8 95.894 25.397 25.341
4 9 52.2443 13.081 13.0284
4 10 36.6217 9.3121 9.2471
4 11 20.5338 5.13126 5.00866
4 12 17.2197 4.71633 4.61982
4 13 10.1154 2.79455 2.64612
4 14 9.19572 2.41869 2.28829
4 15 23.5139 9.95505 9.83699
5 0 0 0.152266 0
5 1 2.45408 1.74012 1.55435
5 2 110.847 66.465 66.5505
5 3 943.771 583.964 585.459
5 4 2049.47 1165.8 1168.13
5 5 2869.8 1507.68 1509.92
5 6 3285.76 1747.16 1749.42
5 7 3291.36 1839.55 1842.08
5 8 2958.16 1687.1 1689.76
5 9 2463.53 1418.91 1421.51
5 10 1955.21 1086.76 1088.95
5 11 1538.22 852.903 854.794
5 12 1110.38 597.766 599.199
5 13 777.84 381.802 382.76
5 14 568.264 298.287 299.043
5 15 1310.93 729.058 730.755
6 0 3.9873 1.55744 1.4166
6 1 15.8929 12.094 12.0128
6 2 829.839 396.451 397.432
6 3 1702.89 775.968 777.488
6 4 1995.62 900.99 902.575
6 5 1959.53 868.966 870.529
6 6 1899.6 950.337 952.174
6 7 1646.6 817.059 818.761
6 8 1315.97 578.783 580.032
6 9 1092.5 549.499 550.803
6 10 849.156 444.411 445.529
6 11 650.621 361.631 362.57
6 12 468.495 254.583 255.229
6 13 329.582 160.723 161.096
6 14 226.745 102.135 102.335
6 15 498.978 239.829 240.453
