0.72 0
1 0 35.1603 6.35168 6.22612
1 1 0.000246794 0.00960146 6.09074e-08
2 0 120.351 26.7538 26.7631
2 1 0 0.152266 0
3 0 0 0.152266 0
3 1 6.02824 1.29901 1.15607
3 2 112.717 23.9119 23.9005
3 3 282.009 67.7019 67.8351
3 4 387.491 76.1339 76.2835
3 5 340.817 62.761 62.8704
3 6 309.522 63.6698 63.7875
3 7 226.522 48.4186 48.4883
3 8 166.661 42.1604 42.2057
3 9 123.54 32.911 32.8922
3 10 97.0131 23.0725 23.0108
3 11 64.0402 15.8476 15.7971
3 12 54.7883 14.3465 14.2504
3 13 38.3089 10.2197 10.1174
3 14 24.2946 6.29445 6.16507
3 15 53.2002 14.3691 14.3287
4 0 0.0392854 0.0506553 0.00154334
4 1 135.417 34.9456 34.9793
4 2 652.554 156.111 156.443
4 3 626.421 133.639 133.909
4 4 446.036 95.4519 95.645
4 5 275.88 56.8695 56.9733
4 6 204.48 43.3449 43.4064
4 7 152.47 43.3115 43.3727
4 8 95.6146 25.3964 25.3404
4 9 52.1167 13.0808 13.0281
4 10 36.5541 9.31209 9.24696
4 11 20.4811 5.13116 5.00856
4 12 17.1937 4.71628 4.61978
4 13 10.1021 2.79453 2.6461
4 14 9.18884 2.41869 2.28828
4 15 23.5104 9.955 9.83698
5 0 0 0.152266 0
5 1 2.45408 1.74012 1.55435
5 2 110.844 66.4649 66.5505
5 3 943.706 583.962 585.459
5 4 2049.3 1165.8 1168.13
5 5 2869.55 1507.67 1509.92
5 6 3285.47 1747.16 1749.42
5 7 3291.1 1839.54 1842.08
5 8 2957.92 1687.09 1689.76
5 9 2463.34 1418.91 1421.51
5 10 1955.07 1086.76 1088.95
5 11 1538.11 852.9 854.793
5 12 1110.28 597.764 599.199
5 13 777.786 381.801 382.759
5 14 568.235 298.286 299.043
5 15 1310.87 729.056 730.755
6 0 3.9873 1.55744 1.4166
6 1 15.8918 12.094 12.0128
6 2 829.778 396.449 397.432
6 3 1702.72 775.965 777.488
6 4 1995.34 900.985 902.574
6 5 1959.22 868.96 870.528
6 6 1899.32 950.331 952.173
6 7 1646.37 817.079 818.76
6 8 1315.82 578.78 580.031
6 9 1092.38 549.497 550.803
6 10 849.077 444.41 445.529
6 11 650.578 361.63 362.57
6 12 468.457 254.583 255.229
6 13 329.559 160.723 161.096
6 14 226.737 102.135 102.335
6 15 498.955 239.829 240.453
