0.87 0
1 0 35.658 6.35181 6.22643
1 1 0.00029821 0.00959784 8.89291e-08
2 0 121.735 26.7548 26.7643
2 1 0 0.152266 0
3 0 0 0.152266 0
3 1 6.03009 1.29902 1.15607
3 2 112.781 23.9119 23.9006
3 3 282.18 67.7012 67.8352
3 4 387.709 76.1322 76.2837
3 5 340.985 62.7596 62.8705
3 6 309.645 63.6683 63.7876
3 7 226.6 48.4185 48.4884
3 8 166.71 42.1609 42.2057
3 9 123.568 32.9113 32.8922
3 10 97.0324 23.0724 23.0108
3 11 64.0501 15.8476 15.7971
3 12 54.7959 14.3465 14.2504
3 13 38.3147 10.2197 10.1174
3 14 24.2964 6.29443 6.16507
3 15 53.2045 14.369 14.3287
4 0 0.0392854 0.0506553 0.00154334
4 1 135.477 34.9458 34.9793
4 2 652.88 156.11 156.443
4 3 626.728 133.634 133.909
4 4 446.258 95.4494 95.6452
4 5 276.012 56.8707 56.9734
4 6 204.552 43.3455 43.4065
4 7 152.509 43.3114 43.3727
4 8 95.6332 25.3966 25.3405
4 9 52.1252 13.0807 13.0281
4 10 36.5586 9.312 9.24697
4 11 20.4846 5.13119 5.00856
4 12 17.1954 4.7163 4.61978
4 13 10.103 2.79453 2.6461
4 14 9.1893 2.41869 2.28828
4 15 23.5106 9.955 9.83698
5 0 0 0.152266 0
5 1 2.45408 1.74012 1.55435
5 2 110.844 66.4649 66.5505
5 3 943.71 583.962 585.459
5 4 2049.31 1165.8 1168.13
5 5 2869.57 1507.67 1509.92
5 6 3285.49 1747.16 1749.42
5 7 3291.12 1839.54 1842.08
5 8 2957.94 1687.09 1689.76
5 9 2463.35 1418.91 1421.51
5 10 1955.08 1086.76 1088.95
5 11 1538.11 852.9 854.793
5 12 1110.29 597.764 599.199
5 13 777.789 381.801 382.759
5 14 568.237 298.286 299.043
5 15 1310.87 729.056 730.755
6 0 3.9873 1.55744 1.4166
6 1 15.8919 12.094 12.0128
6 2 829.782 396.449 397.432
6 3 1702.74 775.965 777.488
6 4 1995.35 900.985 902.574
6 5 1959.24 868.961 870.528
6 6 1899.33 950.331 952.173
6 7 1646.38 817.079 818.76
6 8 1315.83 578.78 580.031
6 9 1092.39 549.497 550.803
6 10 849.083 444.41 445.529
6 11 650.58 361.63 362.57
6 12 468.46 254.583 255.229
6 13 329.56 160.723 161.096
6 14 226.738 102.135 102.335
6 15 498.957 239.829 240.453
