1.11 0
1 0 36.4544 6.35223 6.22705
1 1 0.000380475 0.00959282 1.44761e-07
2 0 123.95 26.7568 26.7665
2 1 0 0.152266 0
3 0 0 0.152266 0
3 1 6.03304 1.29902 1.15608
3 2 112.884 23.9122 23.9007
3 3 282.454 67.7016 67.8355
3 4 388.057 76.1352 76.2841
3 5 341.253 62.7617 62.8708
3 6 309.843 63.6701 63.7878
3 7 226.725 48.4188 48.4885
3 8 166.789 42.1606 42.2058
3 9 123.613 32.911 32.8922
3 10 97.0633 23.0724 23.0109
3 11 64.066 15.8477 15.7971
3 12 54.8082 14.3467 14.2505
3 13 38.324 10.2197 10.1174
3 14 24.2994 6.29442 6.16507
3 15 53.2114 14.3691 14.3287
4 0 0.0392854 0.0506553 0.00154334
4 1 135.573 34.9455 34.9794
4 2 653.403 156.112 156.443
4 3 627.22 133.639 133.91
4 4 446.612 95.4527 95.6455
4 5 276.223 56.8704 56.9736
4 6 204.666 43.3452 43.4066
4 7 152.571 43.3116 43.3727
4 8 95.663 25.3964 25.3405
4 9 52.1388 13.0808 13.0281
4 10 36.5658 9.31207 9.24698
4 11 20.4902 5.13118 5.00857
4 12 17.1982 4.71628 4.61978
4 13 10.1044 2.79454 2.6461
4 14 9.19003 2.4187 2.28828
4 15 23.511 9.95501 9.83698
5 0 0 0.152266 0
5 1 2.45408 1.74012 1.55435
5 2 110.845 66.4649 66.5505
5 3 943.717 583.962 585.459
5 4 2049.33 1165.8 1168.13
5 5 2869.59 1507.67 1509.92
5 6 3285.52 1747.16 1749.42
5 7 3291.15 1839.54 1842.08
5 8 2957.96 1687.09 1689.76
5 9 2463.37 1418.91 1421.51
5 10 1955.09 1086.76 1088.95
5 11 1538.13 852.9 854.793
5 12 1110.3 597.764 599.199
5 13 777.795 381.801 382.759
5 14 568.24 298.286 299.043
5 15 1310.88 729.057 730.755
6 0 3.9873 1.55744 1.4166
6 1 15.892 12.094 12.0128
6 2 829.789 396.45 397.432
6 3 1702.75 775.965 777.488
6 4 1995.38 900.986 902.574
6 5 1959.27 868.961 870.528
6 6 1899.37 950.332 952.173
6 7 1646.41 817.079 818.76
6 8 1315.85 578.78 580.031
6 9 1092.4 549.497 550.803
6 10 849.091 444.41 445.529
6 11 650.585 361.63 362.57
6 12 468.464 254.583 255.229
6 13 329.563 160.723 161.096
6 14 226.739 102.135 102.335
6 15 498.959 239.829 240.453
