1.2 0
1 0 36.7531 6.35247 6.22732
1 1 0.000411324 0.00959152 1.69187e-07
2 0 124.781 26.7575 26.7675
2 1 0 0.152266 0
3 0 0 0.152266 0
3 1 6.03415 1.29902 1.15608
3 2 112.922 23.9122 23.9007
3 3 282.557 67.7014 67.8356
3 4 388.187 76.1329 76.2842
3 5 341.354 62.7611 62.8709
3 6 309.917 63.6682 63.7879
3 7 226.772 48.4184 48.4886
3 8 166.818 42.1609 42.2058
3 9 123.63 32.9112 32.8923
3 10 97.0749 23.0725 23.0109
3 11 64.0719 15.8476 15.7971
3 12 54.8128 14.3465 14.2505
3 13 38.3275 10.2197 10.1174
3 14 24.3005 6.29443 6.16508
3 15 53.214 14.369 14.3287
4 0 0.0392854 0.0506553 0.00154334
4 1 135.609 34.9459 34.9795
4 2 653.599 156.114 156.444
4 3 627.404 133.637 133.91
4 4 446.745 95.4516 95.6457
4 5 276.302 56.8711 56.9737
4 6 204.709 43.3456 43.4067
4 7 152.594 43.3119 43.3728
4 8 95.6742 25.3965 25.3405
4 9 52.1439 13.0807 13.0281
4 10 36.5685 9.31203 9.24698
4 11 20.4924 5.1312 5.00857
4 12 17.1992 4.71629 4.61978
4 13 10.1049 2.79454 2.6461
4 14 9.19031 2.41868 2.28828
4 15 23.5111 9.95501 9.83698
5 0 0 0.152266 0
5 1 2.45408 1.74012 1.55435
5 2 110.845 66.4649 66.5505
5 3 943.72 583.962 585.459
5 4 2049.33 1165.8 1168.13
5 5 2869.61 1507.67 1509.92
5 6 3285.54 1747.16 1749.42
5 7 3291.16 1839.54 1842.08
5 8 2957.97 1687.09 1689.76
5 9 2463.38 1418.91 1421.51
5 10 1955.1 1086.76 1088.95
5 11 1538.13 852.9 854.794
5 12 1110.31 597.764 599.199
5 13 777.797 381.801 382.759
5 14 568.241 298.286 299.043
5 15 1310.88 729.057 730.755
6 0 3.9873 1.55744 1.4166
6 1 15.892 12.094 12.0128
6 2 829.791 396.45 397.432
6 3 1702.76 775.965 777.488
6 4 1995.4 900.986 902.574
6 5 1959.29 868.961 870.528
6 6 1899.38 950.332 952.173
6 7 1646.42 817.08 818.76
6 8 1315.85 578.781 580.031
6 9 1092.41 549.497 550.803
6 10 849.094 444.41 445.529
6 11 650.587 361.631 362.57
6 12 468.465 254.583 255.229
6 13 329.563 160.723 161.096
6 14 226.739 102.135 102.335
6 15 498.96 239.829 240.453
