1.32 0
1 0 37.1512 6.35268 6.22772
1 1 0.000452456 0.00959072 2.04717e-07
2 0 125.888 26.759 26.7689
2 1 0 0.152266 0
3 0 0 0.152266 0
3 1 6.03563 1.29902 1.15608
3 2 112.973 23.9124 23.9008
3 3 282.694 67.7016 67.8358
3 4 388.361 76.1344 76.2845
3 5 341.488 62.7609 62.8711
3 6 310.016 63.6691 63.788
3 7 226.835 48.419 48.4887
3 8 166.858 42.1608 42.2059
3 9 123.652 32.9115 32.8923
3 10 97.0903 23.0725 23.0109
3 11 64.0798 15.8476 15.7971
3 12 54.8189 14.3465 14.2505
3 13 38.3321 10.2197 10.1174
3 14 24.302 6.29445 6.16508
3 15 53.2175 14.369 14.3287
4 0 0.0392854 0.0506553 0.00154334
4 1 135.658 34.9456 34.9795
4 2 653.86 156.112 156.444
4 3 627.65 133.639 133.91
4 4 446.922 95.4511 95.646
4 5 276.408 56.8699 56.9739
4 6 204.767 43.3461 43.4068
4 7 152.625 43.3117 43.3728
4 8 95.6891 25.3967 25.3405
4 9 52.1507 13.0807 13.0281
4 10 36.5721 9.31201 9.24698
4 11 20.4952 5.13119 5.00857
4 12 17.2006 4.7163 4.61978
4 13 10.1056 2.79454 2.6461
4 14 9.19067 2.41868 2.28828
4 15 23.5113 9.95501 9.83698
5 0 0 0.152266 0
5 1 2.45408 1.74012 1.55435
5 2 110.845 66.4649 66.5505
5 3 943.723 583.962 585.459
5 4 2049.34 1165.8 1168.13
5 5 2869.62 1507.67 1509.92
5 6 3285.55 1747.16 1749.42
5 7 3291.17 1839.54 1842.08
5 8 2957.98 1687.09 1689.76
5 9 2463.39 1418.91 1421.51
5 10 1955.11 1086.76 1088.95
5 11 1538.14 852.901 854.794
5 12 1110.31 597.764 599.199
5 13 777.8 381.801 382.759
5 14 568.243 298.286 299.043
5 15 1310.89 729.057 730.755
6 0 3.9873 1.55744 1.4166
6 1 15.8921 12.0941 12.0128
6 2 829.794 396.45 397.432
6 3 1702.77 775.966 777.488
6 4 1995.41 900.986 902.574
6 5 1959.3 868.962 870.528
6 6 1899.39 950.332 952.173
6 7 1646.43 817.055 818.76
6 8 1315.86 578.781 580.031
6 9 1092.41 549.497 550.803
6 10 849.098 444.41 445.529
6 11 650.589 361.631 362.57
6 12 468.467 254.583 255.229
6 13 329.565 160.723 161.096
6 14 226.739 102.135 102.335
6 15 498.961 239.829 240.453
