1.47 0
1 0 37.649 6.35312 6.22826
1 1 0.000503872 0.00959251 2.53887e-07
2 0 127.272 26.7609 26.7709
2 1 0 0.152266 0
3 0 0 0.152266 0
3 1 6.03748 1.29902 1.15608
3 2 113.037 23.9124 23.9009
3 3 282.865 67.7022 67.8361
3 4 388.578 76.1346 76.2848
3 5 341.656 62.7623 62.8714
3 6 310.139 63.6702 63.7882
3 7 226.913 48.4189 48.4888
3 8 166.907 42.1608 42.206
3 9 123.68 32.9114 32.8923
3 10 97.1096 23.0724 23.0109
3 11 64.0897 15.8477 15.7972
3 12 54.8265 14.3466 14.2505
3 13 38.3379 10.2198 10.1174
3 14 24.3038 6.29443 6.16508
3 15 53.2218 14.3691 14.3287
4 0 0.0392854 0.0506553 0.00154334
4 1 135.718 34.9463 34.9796
4 2 654.187 156.116 156.445
4 3 627.957 133.639 133.911
4 4 447.143 95.4532 95.6463
4 5 276.539 56.8711 56.9741
4 6 204.838 43.3454 43.4069
4 7 152.663 43.3117 43.3729
4 8 95.7077 25.3969 25.3406
4 9 52.1592 13.0808 13.0282
4 10 36.5766 9.31206 9.24699
4 11 20.4987 5.1312 5.00858
4 12 17.2024 4.71629 4.61979
4 13 10.1065 2.79453 2.6461
4 14 9.19113 2.41869 2.28828
4 15 23.5115 9.95502 9.83698
5 0 0 0.152266 0
5 1 2.45408 1.74012 1.55435
5 2 110.845 66.4649 66.5505
5 3 943.728 583.963 585.459
5 4 2049.35 1165.8 1168.13
5 5 2869.64 1507.67 1509.92
5 6 3285.57 1747.16 1749.42
5 7 3291.19 1839.54 1842.08
5 8 2958 1687.09 1689.76
5 9 2463.4 1418.91 1421.51
5 10 1955.12 1086.76 1088.95
5 11 1538.15 852.901 854.794
5 12 1110.32 597.764 599.199
5 13 777.804 381.801 382.759
5 14 568.245 298.286 299.043
5 15 1310.89 729.057 730.755
6 0 3.9873 1.55744 1.4166
6 1 15.8922 12.0941 12.0128
6 2 829.798 396.45 397.432
6 3 1702.78 775.966 777.488
6 4 1995.43 900.987 902.574
6 5 1959.32 868.962 870.528
6 6 1899.41 950.333 952.173
6 7 1646.44 817.055 818.76
6 8 1315.87 578.781 580.032
6 9 1092.42 549.498 550.803
6 10 849.104 444.41 445.529
6 11 650.592 361.631 362.57
6 12 468.47 254.583 255.229
6 13 329.566 160.723 161.096
6 14 226.74 102.135 102.335
6 15 498.963 239.829 240.453
