1.59 0
1 0 38.0472 6.35352 6.22874
1 1 0.000545004 0.0095968 2.97029e-07
2 0 128.38 26.7623 26.7726
2 1 0 0.152266 0
3 0 0 0.152266 0
3 1 6.03896 1.29902 1.15609
3 2 113.089 23.9126 23.901
3 3 283.002 67.7025 67.8363
3 4 388.752 76.1344 76.2851
3 5 341.79 62.762 62.8716
3 6 310.238 63.6698 63.7884
3 7 226.976 48.4187 48.4889
3 8 166.946 42.1612 42.206
3 9 123.703 32.9113 32.8924
3 10 97.125 23.0725 23.011
3 11 64.0977 15.8478 15.7972
3 12 54.8326 14.3467 14.2505
3 13 38.3426 10.2197 10.1174
3 14 24.3053 6.29444 6.16508
3 15 53.2253 14.369 14.3287
4 0 0.0392854 0.0506553 0.00154334
4 1 135.766 34.9459 34.9797
4 2 654.448 156.115 156.445
4 3 628.202 133.641 133.911
4 4 447.32 95.4527 95.6466
4 5 276.645 56.871 56.9742
4 6 204.895 43.3459 43.407
4 7 152.694 43.3115 43.3729
4 8 95.7226 25.3965 25.3406
4 9 52.166 13.0807 13.0282
4 10 36.5802 9.31209 9.247
4 11 20.5015 5.1312 5.00858
4 12 17.2037 4.7163 4.61979
4 13 10.1072 2.79454 2.6461
4 14 9.1915 2.41869 2.28828
4 15 23.5117 9.95502 9.83698
5 0 0 0.152266 0
5 1 2.45408 1.74012 1.55435
5 2 110.845 66.4649 66.5505
5 3 943.731 583.963 585.459
5 4 2049.36 1165.8 1168.13
5 5 2869.65 1507.67 1509.92
5 6 3285.59 1747.16 1749.42
5 7 3291.2 1839.54 1842.08
5 8 2958.01 1687.09 1689.76
5 9 2463.41 1418.91 1421.51
5 10 1955.12 1086.76 1088.95
5 11 1538.15 852.901 854.794
5 12 1110.32 597.764 599.199
5 13 777.807 381.801 382.759
5 14 568.246 298.286 299.043
5 15 1310.89 729.057 730.755
6 0 3.9873 1.55744 1.4166
6 1 15.8922 12.0941 12.0128
6 2 829.802 396.45 397.432
6 3 1702.79 775.966 777.488
6 4 1995.44 900.987 902.574
6 5 1959.34 868.962 870.528
6 6 1899.43 950.333 952.173
6 7 1646.46 817.056 818.76
6 8 1315.88 578.781 580.032
6 9 1092.43 549.498 550.803
6 10 849.108 444.41 445.529
6 11 650.594 361.631 362.57
6 12 468.472 254.583 255.229
6 13 329.568 160.723 161.096
6 14 226.74 102.135 102.335
6 15 498.964 239.829 240.453
