1.86 0
1 0 38.9431 6.3545 6.22996
1 1 0.000637552 0.00962007 4.06472e-07
2 0 130.871 26.7663 26.777
2 1 0 0.152266 0
3 0 0 0.152266 0
3 1 6.04228 1.29902 1.15609
3 2 113.204 23.9125 23.9012
3 3 283.31 67.7021 67.8369
3 4 389.144 76.1346 76.2858
3 5 342.093 62.7633 62.8721
3 6 310.461 63.6707 63.7888
3 7 227.117 48.4193 48.4892
3 8 167.035 42.161 42.2062
3 9 123.753 32.9115 32.8925
3 10 97.1598 23.0724 23.011
3 11 64.1155 15.8477 15.7972
3 12 54.8464 14.3466 14.2505
3 13 38.353 10.2198 10.1175
3 14 24.3086 6.29444 6.16509
3 15 53.2331 14.3691 14.3287
4 0 0.0392854 0.0506553 0.00154334
4 1 135.874 34.9463 34.9799
4 2 655.036 156.117 156.446
4 3 628.755 133.639 133.912
4 4 447.719 95.4545 95.6473
4 5 276.882 56.8711 56.9747
4 6 205.024 43.3464 43.4072
4 7 152.764 43.3118 43.3731
4 8 95.7562 25.3969 25.3406
4 9 52.1813 13.0808 13.0282
4 10 36.5883 9.31205 9.24701
4 11 20.5078 5.1312 5.00859
4 12 17.2069 4.71629 4.61979
4 13 10.1088 2.79453 2.64611
4 14 9.19232 2.41869 2.28828
4 15 23.5121 9.95503 9.83698
5 0 0 0.152266 0
5 1 2.45408 1.74012 1.55435
5 2 110.846 66.465 66.5505
5 3 943.739 583.963 585.459
5 4 2049.38 1165.8 1168.13
5 5 2869.68 1507.67 1509.92
5 6 3285.62 1747.16 1749.42
5 7 3291.23 1839.54 1842.08
5 8 2958.04 1687.09 1689.76
5 9 2463.44 1418.91 1421.51
5 10 1955.14 1086.76 1088.95
5 11 1538.17 852.901 854.794
5 12 1110.33 597.765 599.199
5 13 777.813 381.801 382.759
5 14 568.25 298.286 299.043
5 15 1310.9 729.057 730.755
6 0 3.9873 1.55744 1.4166
6 1 15.8924 12.0941 12.0128
6 2 829.809 396.45 397.432
6 3 1702.81 775.966 777.488
6 4 1995.48 900.988 902.574
6 5 1959.38 868.963 870.528
6 6 1899.46 950.334 952.174
6 7 1646.48 817.056 818.76
6 8 1315.9 578.781 580.032
6 9 1092.44 549.498 550.803
6 10 849.117 444.41 445.529
6 11 650.599 361.631 362.57
6 12 468.476 254.583 255.229
6 13 329.57 160.723 161.096
6 14 226.741 102.135 102.335
6 15 498.967 239.829 240.453
