2.04 0
1 0 39.5404 6.3553 6.23087
1 1 0.00069925 0.00964821 4.88951e-07
2 0 132.532 26.7697 26.7803
2 1 0 0.152266 0
3 0 0 0.152266 0
3 1 6.0445 1.29903 1.1561
3 2 113.281 23.9129 23.9013
3 3 283.515 67.7044 67.8373
3 4 389.405 76.1371 76.2863
3 5 342.294 62.7623 62.8726
3 6 310.609 63.6709 63.7891
3 7 227.211 48.4194 48.4894
3 8 167.094 42.1611 42.2063
3 9 123.787 32.9115 32.8925
3 10 97.1829 23.0727 23.0111
3 11 64.1274 15.8478 15.7972
3 12 54.8555 14.3467 14.2505
3 13 38.36 10.2197 10.1175
3 14 24.3108 6.29446 6.16509
3 15 53.2383 14.3691 14.3288
4 0 0.0392854 0.0506553 0.00154334
4 1 135.947 34.9463 34.9801
4 2 655.428 156.117 156.447
4 3 629.124 133.643 133.913
4 4 447.985 95.4549 95.6479
4 5 277.04 56.8716 56.975
4 6 205.11 43.3466 43.4074
4 7 152.81 43.3119 43.3732
4 8 95.7785 25.3967 25.3407
4 9 52.1915 13.0808 13.0282
4 10 36.5937 9.31211 9.24702
4 11 20.512 5.13121 5.0086
4 12 17.2089 4.71631 4.6198
4 13 10.1099 2.79454 2.64611
4 14 9.19287 2.41869 2.28828
4 15 23.5124 9.95503 9.83698
5 0 0 0.152266 0
5 1 2.45408 1.74012 1.55435
5 2 110.846 66.465 66.5505
5 3 943.744 583.963 585.459
5 4 2049.4 1165.8 1168.13
5 5 2869.7 1507.67 1509.92
5 6 3285.64 1747.16 1749.42
5 7 3291.25 1839.54 1842.08
5 8 2958.06 1687.09 1689.76
5 9 2463.45 1418.91 1421.51
5 10 1955.15 1086.76 1088.95
5 11 1538.17 852.901 854.794
5 12 1110.34 597.765 599.199
5 13 777.817 381.801 382.759
5 14 568.252 298.286 299.043
5 15 1310.91 729.057 730.755
6 0 3.9873 1.55744 1.4166
6 1 15.8924 12.0941 12.0128
6 2 829.814 396.45 397.432
6 3 1702.82 775.967 777.488
6 4 1995.5 900.988 902.574
6 5 1959.4 868.964 870.528
6 6 1899.48 950.334 952.174
6 7 1646.5 817.057 818.76
6 8 1315.91 578.782 580.032
6 9 1092.45 549.498 550.803
6 10 849.124 444.411 445.529
6 11 650.603 361.631 362.57
6 12 468.479 254.583 255.229
6 13 329.572 160.723 161.096
6 14 226.742 102.135 102.335
6 15 498.969 239.829 240.453
