2.19 0
1 0 40.0381 6.35597 6.2317
1 1 0.000750666 0.00968032 5.63499e-07
2 0 133.916 26.7726 26.7833
2 1 0 0.152266 0
3 0 0 0.152266 0
3 1 6.04635 1.29903 1.1561
3 2 113.345 23.913 23.9015
3 3 283.686 67.7039 67.8377
3 4 389.622 76.1357 76.2868
3 5 342.462 62.7639 62.873
3 6 310.732 63.6708 63.7894
3 7 227.289 48.4202 48.4895
3 8 167.143 42.1617 42.2064
3 9 123.815 32.9114 32.8926
3 10 97.2022 23.0729 23.0111
3 11 64.1373 15.8476 15.7973
3 12 54.8632 14.3467 14.2506
3 13 38.3658 10.2198 10.1175
3 14 24.3126 6.29444 6.1651
3 15 53.2426 14.3691 14.3288
4 0 0.0392854 0.0506553 0.00154334
4 1 136.007 34.9466 34.9802
4 2 655.755 156.117 156.448
4 3 629.431 133.643 133.914
4 4 448.206 95.455 95.6484
4 5 277.172 56.8718 56.9753
4 6 205.182 43.3466 43.4075
4 7 152.849 43.3124 43.3732
4 8 95.7971 25.3969 25.3407
4 9 52.2 13.0809 13.0282
4 10 36.5983 9.31209 9.24703
4 11 20.5155 5.13122 5.00861
4 12 17.2107 4.71628 4.6198
4 13 10.1108 2.79454 2.64611
4 14 9.19333 2.41869 2.28829
4 15 23.5127 9.95503 9.83698
5 0 0 0.152266 0
5 1 2.45408 1.74012 1.55435
5 2 110.846 66.465 66.5505
5 3 943.749 583.963 585.459
5 4 2049.41 1165.8 1168.13
5 5 2869.72 1507.67 1509.92
5 6 3285.66 1747.16 1749.42
5 7 3291.27 1839.54 1842.08
5 8 2958.08 1687.09 1689.76
5 9 2463.46 1418.91 1421.51
5 10 1955.16 1086.76 1088.95
5 11 1538.18 852.902 854.794
5 12 1110.35 597.765 599.199
5 13 777.821 381.801 382.76
5 14 568.254 298.286 299.043
5 15 1310.91 729.057 730.755
6 0 3.9873 1.55744 1.4166
6 1 15.8925 12.0941 12.0128
6 2 829.818 396.45 397.432
6 3 1702.84 775.967 777.488
6 4 1995.52 900.988 902.574
6 5 1959.42 868.964 870.529
6 6 1899.5 950.335 952.174
6 7 1646.52 817.057 818.76
6 8 1315.92 578.782 580.032
6 9 1092.46 549.498 550.803
6 10 849.129 444.411 445.529
6 11 650.606 361.631 362.57
6 12 468.482 254.583 255.229
6 13 329.574 160.723 161.096
6 14 226.742 102.135 102.335
6 15 498.97 239.829 240.453
