2.61 0
1 0 41.4318 6.35831 6.23432
1 1 0.000894629 0.00981373 8.00361e-07
2 0 137.792 26.7818 26.7928
2 1 0 0.152266 0
3 0 0 0.152266 0
3 1 6.05152 1.29904 1.15611
3 2 113.524 23.9136 23.902
3 3 284.166 67.7046 67.8389
3 4 390.231 76.1383 76.2884
3 5 342.932 62.7641 62.8742
3 6 311.078 63.6718 63.7903
3 7 227.509 48.42 48.4901
3 8 167.281 42.1616 42.2068
3 9 123.893 32.9117 32.8928
3 10 97.2562 23.073 23.0113
3 11 64.165 15.8478 15.7973
3 12 54.8846 14.3467 14.2506
3 13 38.382 10.2198 10.1175
3 14 24.3178 6.29446 6.16511
3 15 53.2547 14.3691 14.3288
4 0 0.0392854 0.0506553 0.00154334
4 1 136.175 34.9469 34.9806
4 2 656.669 156.119 156.45
4 3 630.291 133.644 133.916
4 4 448.826 95.4571 95.65
4 5 277.542 56.8734 56.9762
4 6 205.383 43.3473 43.4081
4 7 152.957 43.3127 43.3735
4 8 95.8493 25.397 25.3409
4 9 52.2239 13.081 13.0283
4 10 36.6109 9.3121 9.24707
4 11 20.5253 5.13123 5.00863
4 12 17.2155 4.71631 4.61981
4 13 10.1133 2.79454 2.64612
4 14 9.19462 2.41869 2.28829
4 15 23.5133 9.95504 9.83698
5 0 0 0.152266 0
5 1 2.45408 1.74012 1.55435
5 2 110.847 66.465 66.5505
5 3 943.761 583.963 585.459
5 4 2049.44 1165.8 1168.13
5 5 2869.76 1507.67 1509.92
5 6 3285.72 1747.16 1749.42
5 7 3291.31 1839.55 1842.08
5 8 2958.12 1687.1 1689.76
5 9 2463.5 1418.91 1421.51
5 10 1955.19 1086.76 1088.95
5 11 1538.2 852.902 854.794
5 12 1110.37 597.765 599.199
5 13 777.831 381.802 382.76
5 14 568.259 298.287 299.043
5 15 1310.92 729.058 730.755
6 0 3.9873 1.55744 1.4166
6 1 15.8927 12.0941 12.0128
6 2 829.829 396.45 397.432
6 3 1702.87 775.968 777.488
6 4 1995.57 900.989 902.575
6 5 1959.48 868.965 870.529
6 6 1899.55 950.336 952.174
6 7 1646.56 817.058 818.761
6 8 1315.95 578.782 580.032
6 9 1092.48 549.499 550.803
6 10 849.143 444.411 445.529
6 11 650.614 361.631 362.57
6 12 468.489 254.583 255.229
6 13 329.578 160.723 161.096
6 14 226.744 102.135 102.335
6 15 498.974 239.829 240.453
