0.45 0
1 0 34.2644 6.35149 6.22571
1 1 0.000154246 0.00960787 2.3792e-08
2 0 117.86 26.7528 26.7616
2 1 0 0.152266 0
3 0 0 0.152266 0
3 1 6.02492 1.29902 1.15607
3 2 112.602 23.9121 23.9004
3 3 281.701 67.7013 67.8349
3 4 387.1 76.1325 76.2833
3 5 340.515 62.7615 62.8702
3 6 309.299 63.6679 63.7874
3 7 226.381 48.4182 48.4882
3 8 166.572 42.1607 42.2056
3 9 123.489 32.9112 32.8921
3 10 96.9784 23.0724 23.0108
3 11 64.0224 15.8476 15.7971
3 12 54.7746 14.3466 14.2504
3 13 38.2985 10.2197 10.1174
3 14 24.2913 6.29442 6.16507
3 15 53.1924 14.369 14.3287
4 0 0.0392854 0.0506553 0.00154334
4 1 135.308 34.9458 34.9792
4 2 651.965 156.11 156.442
4 3 625.868 133.634 133.909
4 4 445.638 95.4483 95.6447
4 5 275.643 56.8697 56.9731
4 6 204.351 43.3452 43.4064
4 7 152.4 43.3118 43.3726
4 8 95.5811 25.3966 25.3404
4 9 52.1014 13.0806 13.0281
4 10 36.546 9.31201 9.24696
4 11 20.4748 5.13119 5.00855
4 12 17.1906 4.7163 4.61977
4 13 10.1005 2.79453 2.6461
4 14 9.18801 2.41868 2.28828
4 15 23.51 9.95499 9.83698
5 0 0 0.152266 0
5 1 2.45408 1.74012 1.55435
5 2 110.844 66.4649 66.5505
5 3 943.698 583.962 585.459
5 4 2049.28 1165.8 1168.13
5 5 2869.52 1507.67 1509.92
5 6 3285.44 1747.16 1749.42
5 7 3291.07 1839.54 1842.08
5 8 2957.89 1687.09 1689.76
5 9 2463.31 1418.91 1421.51
5 10 1955.05 1086.76 1088.95
5 11 1538.09 852.9 854.793
5 12 1110.27 597.763 599.199
5 13 777.779 381.801 382.759
5 14 568.232 298.286 299.043
5 15 1310.86 729.056 730.755
6 0 3.9873 1.55744 1.4166
6 1 15.8917 12.094 12.0128
6 2 829.771 396.449 397.432
6 3 1702.7 775.964 777.488
6 4 1995.3 900.984 902.574
6 5 1959.18 868.959 870.528
6 6 1899.28 950.33 952.173
6 7 1646.34 817.078 818.76
6 8 1315.8 578.78 580.031
6 9 1092.36 549.496 550.803
6 10 849.068 444.409 445.529
6 11 650.572 361.63 362.57
6 12 468.453 254.583 255.229
6 13 329.556 160.722 161.096
6 14 226.736 102.135 102.335
6 15 498.953 239.829 240.453
