0.93 0
1 0 35.8571 6.35193 6.22657
1 1 0.000318776 0.00959647 1.01618e-07
2 0 122.289 26.7551 26.7648
2 1 0 0.152266 0
3 0 0 0.152266 0
3 1 6.03083 1.29901 1.15607
3 2 112.807 23.9121 23.9006
3 3 282.248 67.7019 67.8353
3 4 387.796 76.133 76.2838
3 5 341.052 62.7601 62.8706
3 6 309.695 63.6688 63.7877
3 7 226.631 48.4188 48.4884
3 8 166.73 42.1611 42.2057
3 9 123.579 32.9114 32.8922
3 10 97.0401 23.0725 23.0108
3 11 64.0541 15.8476 15.7971
3 12 54.799 14.3466 14.2505
3 13 38.3171 10.2197 10.1174
3 14 24.2972 6.2944 6.16507
3 15 53.2062 14.369 14.3287
4 0 0.0392854 0.0506553 0.00154334
4 1 135.501 34.9456 34.9793
4 2 653.011 156.112 156.443
4 3 626.851 133.636 133.909
4 4 446.346 95.4502 95.6453
4 5 276.065 56.8701 56.9734
4 6 204.58 43.3458 43.4065
4 7 152.524 43.3116 43.3727
4 8 95.6407 25.3967 25.3405
4 9 52.1286 13.0807 13.0281
4 10 36.5604 9.31202 9.24697
4 11 20.486 5.1312 5.00856
4 12 17.1961 4.71628 4.61978
4 13 10.1033 2.79453 2.6461
4 14 9.18948 2.41869 2.28828
4 15 23.5107 9.955 9.83698
5 0 0 0.152266 0
5 1 2.45408 1.74012 1.55435
5 2 110.844 66.4649 66.5505
5 3 943.712 583.962 585.459
5 4 2049.31 1165.8 1168.13
5 5 2869.57 1507.67 1509.92
5 6 3285.5 1747.16 1749.42
5 7 3291.12 1839.54 1842.08
5 8 2957.94 1687.09 1689.76
5 9 2463.35 1418.91 1421.51
5 10 1955.08 1086.76 1088.95
5 11 1538.12 852.9 854.793
5 12 1110.29 597.764 599.199
5 13 777.791 381.801 382.759
5 14 568.238 298.286 299.043
5 15 1310.88 729.056 730.755
6 0 3.9873 1.55744 1.4166
6 1 15.8919 12.094 12.0128
6 2 829.784 396.449 397.432
6 3 1702.74 775.965 777.488
6 4 1995.36 900.985 902.574
6 5 1959.25 868.961 870.528
6 6 1899.34 950.331 952.173
6 7 1646.39 817.079 818.76
6 8 1315.84 578.78 580.031
6 9 1092.39 549.497 550.803
6 10 849.085 444.41 445.529
6 11 650.582 361.63 362.57
6 12 468.461 254.583 255.229
6 13 329.561 160.723 161.096
6 14 226.738 102.135 102.335
6 15 498.957 239.829 240.453
