0.96 0
1 0 35.9567 6.35197 6.22665
1 1 0.000329059 0.00959581 1.0828e-07
2 0 122.566 26.7555 26.765
2 1 0 0.152266 0
3 0 0 0.152266 0
3 1 6.0312 1.29902 1.15607
3 2 112.82 23.9122 23.9006
3 3 282.283 67.7022 67.8353
3 4 387.839 76.1334 76.2838
3 5 341.085 62.7604 62.8706
3 6 309.719 63.669 63.7877
3 7 226.647 48.4189 48.4884
3 8 166.739 42.1607 42.2057
3 9 123.585 32.9115 32.8922
3 10 97.044 23.0725 23.0109
3 11 64.056 15.8476 15.7971
3 12 54.8005 14.3466 14.2505
3 13 38.3182 10.2197 10.1174
3 14 24.2976 6.29441 6.16507
3 15 53.2071 14.369 14.3287
4 0 0.0392854 0.0506553 0.00154334
4 1 135.513 34.9457 34.9794
4 2 653.076 156.112 156.443
4 3 626.913 133.636 133.909
4 4 446.391 95.4506 95.6453
4 5 276.091 56.8703 56.9735
4 6 204.595 43.3459 43.4065
4 7 152.532 43.3117 43.3727
4 8 95.6444 25.3967 25.3405
4 9 52.1303 13.0807 13.0281
4 10 36.5613 9.31203 9.24697
4 11 20.4867 5.13121 5.00856
4 12 17.1965 4.71628 4.61978
4 13 10.1035 2.79453 2.6461
4 14 9.18957 2.41869 2.28828
4 15 23.5108 9.95501 9.83698
5 0 0 0.152266 0
5 1 2.45408 1.74012 1.55435
5 2 110.844 66.4649 66.5505
5 3 943.713 583.962 585.459
5 4 2049.32 1165.8 1168.13
5 5 2869.58 1507.67 1509.92
5 6 3285.51 1747.16 1749.42
5 7 3291.13 1839.54 1842.08
5 8 2957.95 1687.09 1689.76
5 9 2463.36 1418.91 1421.51
5 10 1955.08 1086.76 1088.95
5 11 1538.12 852.9 854.793
5 12 1110.29 597.764 599.199
5 13 777.792 381.801 382.759
5 14 568.238 298.286 299.043
5 15 1310.88 729.056 730.755
6 0 3.9873 1.55744 1.4166
6 1 15.8919 12.094 12.0128
6 2 829.785 396.449 397.432
6 3 1702.74 775.965 777.488
6 4 1995.37 900.985 902.574
6 5 1959.25 868.961 870.528
6 6 1899.35 950.331 952.173
6 7 1646.39 817.079 818.76
6 8 1315.84 578.78 580.031
6 9 1092.39 549.497 550.803
6 10 849.086 444.41 445.529
6 11 650.582 361.63 362.57
6 12 468.461 254.583 255.229
6 13 329.561 160.723 161.096
6 14 226.738 102.135 102.335
6 15 498.958 239.829 240.453
