0.99 0
1 0 36.0562 6.352 6.22672
1 1 0.000339342 0.00959516 1.15153e-07
2 0 122.843 26.7557 26.7653
2 1 0 0.152266 0
3 0 0 0.152266 0
3 1 6.03157 1.29902 1.15608
3 2 112.832 23.9123 23.9006
3 3 282.317 67.7013 67.8354
3 4 387.883 76.1337 76.2839
3 5 341.119 62.7606 62.8707
3 6 309.744 63.6692 63.7877
3 7 226.663 48.4182 48.4885
3 8 166.749 42.1608 42.2058
3 9 123.59 32.9111 32.8922
3 10 97.0479 23.0725 23.0109
3 11 64.058 15.8476 15.7971
3 12 54.8021 14.3466 14.2505
3 13 38.3194 10.2197 10.1174
3 14 24.2979 6.29441 6.16507
3 15 53.208 14.369 14.3287
4 0 0.0392854 0.0506553 0.00154334
4 1 135.525 34.9459 34.9794
4 2 653.141 156.113 156.443
4 3 626.974 133.637 133.909
4 4 446.435 95.451 95.6453
4 5 276.117 56.8694 56.9735
4 6 204.609 43.3453 43.4066
4 7 152.54 43.3118 43.3727
4 8 95.6481 25.3968 25.3405
4 9 52.132 13.0807 13.0281
4 10 36.5622 9.31204 9.24697
4 11 20.4874 5.13118 5.00856
4 12 17.1968 4.71629 4.61978
4 13 10.1037 2.79453 2.6461
4 14 9.18966 2.41869 2.28828
4 15 23.5108 9.95501 9.83698
5 0 0 0.152266 0
5 1 2.45408 1.74012 1.55435
5 2 110.844 66.4649 66.5505
5 3 943.714 583.962 585.459
5 4 2049.32 1165.8 1168.13
5 5 2869.58 1507.67 1509.92
5 6 3285.51 1747.16 1749.42
5 7 3291.13 1839.54 1842.08
5 8 2957.95 1687.09 1689.76
5 9 2463.36 1418.91 1421.51
5 10 1955.09 1086.76 1088.95
5 11 1538.12 852.9 854.793
5 12 1110.3 597.764 599.199
5 13 777.792 381.801 382.759
5 14 568.239 298.286 299.043
5 15 1310.88 729.056 730.755
6 0 3.9873 1.55744 1.4166
6 1 15.8919 12.094 12.0128
6 2 829.786 396.449 397.432
6 3 1702.75 775.965 777.488
6 4 1995.37 900.985 902.574
6 5 1959.26 868.961 870.528
6 6 1899.35 950.331 952.173
6 7 1646.39 817.079 818.76
6 8 1315.84 578.78 580.031
6 9 1092.39 549.497 550.803
6 10 849.087 444.41 445.529
6 11 650.583 361.63 362.57
6 12 468.462 254.583 255.229
6 13 329.561 160.723 161.096
6 14 226.738 102.135 102.335
6 15 498.958 239.829 240.453
