1.02 0
1 0 36.1558 6.35203 6.2268
1 1 0.000349625 0.00959453 1.22238e-07
2 0 123.12 26.7558 26.7656
2 1 0 0.152266 0
3 0 0 0.152266 0
3 1 6.03194 1.29901 1.15608
3 2 112.845 23.9121 23.9006
3 3 282.351 67.7017 67.8354
3 4 387.926 76.1341 76.2839
3 5 341.153 62.7609 62.8707
3 6 309.769 63.6694 63.7877
3 7 226.678 48.4184 48.4885
3 8 166.759 42.1609 42.2058
3 9 123.596 32.9112 32.8922
3 10 97.0517 23.0723 23.0109
3 11 64.06 15.8477 15.7971
3 12 54.8036 14.3466 14.2505
3 13 38.3205 10.2197 10.1174
3 14 24.2983 6.29441 6.16507
3 15 53.2088 14.369 14.3287
4 0 0.0392854 0.0506553 0.00154334
4 1 135.537 34.946 34.9794
4 2 653.207 156.114 156.443
4 3 627.036 133.637 133.909
4 4 446.479 95.4514 95.6454
4 5 276.144 56.8697 56.9735
4 6 204.623 43.3455 43.4066
4 7 152.547 43.3113 43.3727
4 8 95.6518 25.3968 25.3405
4 9 52.1337 13.0807 13.0281
4 10 36.5631 9.31205 9.24697
4 11 20.4881 5.13119 5.00856
4 12 17.1972 4.71629 4.61978
4 13 10.1039 2.79453 2.6461
4 14 9.18975 2.4187 2.28828
4 15 23.5108 9.95501 9.83698
5 0 0 0.152266 0
5 1 2.45408 1.74012 1.55435
5 2 110.845 66.4649 66.5505
5 3 943.715 583.962 585.459
5 4 2049.32 1165.8 1168.13
5 5 2869.58 1507.67 1509.92
5 6 3285.51 1747.16 1749.42
5 7 3291.14 1839.54 1842.08
5 8 2957.95 1687.09 1689.76
5 9 2463.36 1418.91 1421.51
5 10 1955.09 1086.76 1088.95
5 11 1538.12 852.9 854.793
5 12 1110.3 597.764 599.199
5 13 777.793 381.801 382.759
5 14 568.239 298.286 299.043
5 15 1310.88 729.056 730.755
6 0 3.9873 1.55744 1.4166
6 1 15.892 12.094 12.0128
6 2 829.786 396.449 397.432
6 3 1702.75 775.965 777.488
6 4 1995.37 900.985 902.574
6 5 1959.26 868.961 870.528
6 6 1899.35 950.332 952.173
6 7 1646.4 817.079 818.76
6 8 1315.84 578.78 580.031
6 9 1092.4 549.497 550.803
6 10 849.088 444.41 445.529
6 11 650.583 361.63 362.57
6 12 468.462 254.583 255.229
6 13 329.562 160.723 161.096
6 14 226.738 102.135 102.335
6 15 498.958 239.829 240.453
