1.89 0
1 0 39.0427 6.35468 6.2301
1 1 0.000647835 0.00962395 4.1969e-07
2 0 131.148 26.7671 26.7775
2 1 0 0.152266 0
3 0 0 0.152266 0
3 1 6.04265 1.29902 1.15609
3 2 113.217 23.9126 23.9012
3 3 283.344 67.7025 67.837
3 4 389.187 76.135 76.2859
3 5 342.126 62.7622 62.8722
3 6 310.485 63.671 63.7889
3 7 227.133 48.4186 48.4892
3 8 167.044 42.1611 42.2062
3 9 123.759 32.9115 32.8925
3 10 97.1636 23.0725 23.011
3 11 64.1175 15.8477 15.7972
3 12 54.8479 14.3466 14.2505
3 13 38.3542 10.2198 10.1175
3 14 24.309 6.29444 6.16509
3 15 53.2339 14.3691 14.3287
4 0 0.0392854 0.0506553 0.00154334
4 1 135.886 34.9465 34.9799
4 2 655.101 156.118 156.446
4 3 628.817 133.64 133.912
4 4 447.763 95.4549 95.6474
4 5 276.909 56.8714 56.9747
4 6 205.039 43.3459 43.4072
4 7 152.772 43.3119 43.3731
4 8 95.7599 25.397 25.3406
4 9 52.183 13.0807 13.0282
4 10 36.5892 9.31206 9.24701
4 11 20.5085 5.13121 5.00859
4 12 17.2072 4.71629 4.61979
4 13 10.109 2.79453 2.64611
4 14 9.19242 2.4187 2.28828
4 15 23.5122 9.95503 9.83698
5 0 0 0.152266 0
5 1 2.45408 1.74012 1.55435
5 2 110.846 66.465 66.5505
5 3 943.74 583.963 585.459
5 4 2049.39 1165.8 1168.13
5 5 2869.68 1507.67 1509.92
5 6 3285.62 1747.16 1749.42
5 7 3291.23 1839.54 1842.08
5 8 2958.05 1687.09 1689.76
5 9 2463.44 1418.91 1421.51
5 10 1955.14 1086.76 1088.95
5 11 1538.17 852.901 854.794
5 12 1110.34 597.765 599.199
5 13 777.814 381.801 382.759
5 14 568.25 298.286 299.043
5 15 1310.9 729.057 730.755
6 0 3.9873 1.55744 1.4166
6 1 15.8924 12.0941 12.0128
6 2 829.81 396.45 397.432
6 3 1702.81 775.967 777.488
6 4 1995.48 900.988 902.574
6 5 1959.38 868.963 870.528
6 6 1899.46 950.334 952.174
6 7 1646.49 817.056 818.76
6 8 1315.9 578.781 580.032
6 9 1092.44 549.498 550.803
6 10 849.118 444.411 445.529
6 11 650.6 361.631 362.57
6 12 468.477 254.583 255.229
6 13 329.571 160.723 161.096
6 14 226.741 102.135 102.335
6 15 498.967 239.829 240.453
