1.98 0
1 0 39.3413 6.355 6.23055
1 1 0.000678684 0.00963755 4.60612e-07
2 0 131.978 26.7685 26.7791
2 1 0 0.152266 0
3 0 0 0.152266 0
3 1 6.04376 1.29903 1.15609
3 2 113.255 23.9127 23.9013
3 3 283.447 67.7037 67.8372
3 4 389.318 76.1362 76.2862
3 5 342.227 62.7631 62.8724
3 6 310.56 63.6704 63.789
3 7 227.18 48.4191 48.4893
3 8 167.074 42.1615 42.2063
3 9 123.775 32.9114 32.8925
3 10 97.1752 23.0726 23.0111
3 11 64.1234 15.8478 15.7972
3 12 54.8525 14.3467 14.2505
3 13 38.3577 10.2198 10.1175
3 14 24.3101 6.29445 6.16509
3 15 53.2365 14.3691 14.3287
4 0 0.0392854 0.0506553 0.00154334
4 1 135.923 34.9464 34.98
4 2 655.297 156.12 156.447
4 3 629.001 133.642 133.913
4 4 447.896 95.454 95.6477
4 5 276.988 56.8711 56.9749
4 6 205.082 43.3463 43.4073
4 7 152.795 43.3117 43.3731
4 8 95.7711 25.3968 25.3407
4 9 52.1881 13.0808 13.0282
4 10 36.5919 9.31209 9.24702
4 11 20.5106 5.13123 5.0086
4 12 17.2082 4.7163 4.6198
4 13 10.1095 2.79453 2.64611
4 14 9.19269 2.4187 2.28828
4 15 23.5123 9.95503 9.83698
5 0 0 0.152266 0
5 1 2.45408 1.74012 1.55435
5 2 110.846 66.465 66.5505
5 3 943.742 583.963 585.459
5 4 2049.39 1165.8 1168.13
5 5 2869.69 1507.67 1509.92
5 6 3285.63 1747.16 1749.42
5 7 3291.24 1839.54 1842.08
5 8 2958.05 1687.09 1689.76
5 9 2463.45 1418.91 1421.51
5 10 1955.15 1086.76 1088.95
5 11 1538.17 852.901 854.794
5 12 1110.34 597.765 599.199
5 13 777.816 381.801 382.759
5 14 568.251 298.286 299.043
5 15 1310.91 729.057 730.755
6 0 3.9873 1.55744 1.4166
6 1 15.8924 12.0941 12.0128
6 2 829.812 396.45 397.432
6 3 1702.82 775.967 777.488
6 4 1995.49 900.988 902.574
6 5 1959.39 868.963 870.528
6 6 1899.47 950.334 952.174
6 7 1646.49 817.057 818.76
6 8 1315.91 578.782 580.032
6 9 1092.45 549.498 550.803
6 10 849.121 444.411 445.529
6 11 650.602 361.631 362.57
6 12 468.478 254.583 255.229
6 13 329.572 160.723 161.096
6 14 226.742 102.135 102.335
6 15 498.968 239.829 240.453
