2.01 0
1 0 39.4408 6.35512 6.23071
1 1 0.000688967 0.00964272 4.74676e-07
2 0 132.255 26.7689 26.7797
2 1 0 0.152266 0
3 0 0 0.152266 0
3 1 6.04413 1.29902 1.1561
3 2 113.268 23.9128 23.9013
3 3 283.481 67.704 67.8372
3 4 389.361 76.1367 76.2863
3 5 342.26 62.7634 62.8725
3 6 310.584 63.6706 63.7891
3 7 227.195 48.4192 48.4893
3 8 167.084 42.1616 42.2063
3 9 123.781 32.9114 32.8925
3 10 97.179 23.0726 23.0111
3 11 64.1254 15.8478 15.7972
3 12 54.854 14.3467 14.2505
3 13 38.3588 10.2198 10.1175
3 14 24.3104 6.29446 6.16509
3 15 53.2374 14.3691 14.3287
4 0 0.0392854 0.0506553 0.00154334
4 1 135.935 34.9462 34.98
4 2 655.363 156.116 156.447
4 3 629.062 133.642 133.913
4 4 447.94 95.4544 95.6478
4 5 277.014 56.8713 56.9749
4 6 205.096 43.3465 43.4074
4 7 152.803 43.3118 43.3731
4 8 95.7748 25.3966 25.3407
4 9 52.1898 13.0808 13.0282
4 10 36.5928 9.3121 9.24702
4 11 20.5113 5.13123 5.0086
4 12 17.2086 4.71631 4.6198
4 13 10.1097 2.79453 2.64611
4 14 9.19278 2.4187 2.28828
4 15 23.5124 9.95503 9.83698
5 0 0 0.152266 0
5 1 2.45408 1.74012 1.55435
5 2 110.846 66.465 66.5505
5 3 943.743 583.963 585.459
5 4 2049.39 1165.8 1168.13
5 5 2869.7 1507.67 1509.92
5 6 3285.64 1747.16 1749.42
5 7 3291.25 1839.54 1842.08
5 8 2958.06 1687.09 1689.76
5 9 2463.45 1418.91 1421.51
5 10 1955.15 1086.76 1088.95
5 11 1538.17 852.901 854.794
5 12 1110.34 597.765 599.199
5 13 777.817 381.801 382.759
5 14 568.251 298.286 299.043
5 15 1310.91 729.057 730.755
6 0 3.9873 1.55744 1.4166
6 1 15.8924 12.0941 12.0128
6 2 829.813 396.45 397.432
6 3 1702.82 775.967 777.488
6 4 1995.5 900.988 902.574
6 5 1959.4 868.964 870.528
6 6 1899.48 950.334 952.174
6 7 1646.5 817.057 818.76
6 8 1315.91 578.782 580.032
6 9 1092.45 549.498 550.803
6 10 849.122 444.411 445.529
6 11 650.602 361.631 362.57
6 12 468.479 254.583 255.229
6 13 329.572 160.723 161.096
6 14 226.742 102.135 102.335
6 15 498.968 239.829 240.453
