2.07 0
1 0 39.6399 6.35543 6.23103
1 1 0.000709534 0.00965392 5.03438e-07
2 0 132.809 26.7702 26.7809
2 1 0 0.152266 0
3 0 0 0.152266 0
3 1 6.04487 1.29903 1.1561
3 2 113.294 23.9128 23.9014
3 3 283.549 67.7036 67.8374
3 4 389.448 76.1375 76.2864
3 5 342.328 62.7626 62.8727
3 6 310.634 63.6698 63.7892
3 7 227.227 48.4195 48.4894
3 8 167.103 42.1612 42.2063
3 9 123.792 32.9116 32.8925
3 10 97.1868 23.0727 23.0111
3 11 64.1294 15.8478 15.7972
3 12 54.8571 14.3466 14.2505
3 13 38.3611 10.2197 10.1175
3 14 24.3112 6.29443 6.16509
3 15 53.2391 14.369 14.3288
4 0 0.0392854 0.0506553 0.00154334
4 1 135.959 34.9465 34.9801
4 2 655.493 156.118 156.447
4 3 629.185 133.64 133.913
4 4 448.029 95.4531 95.648
4 5 277.067 56.8718 56.9751
4 6 205.125 43.346 43.4074
4 7 152.818 43.312 43.3732
4 8 95.7822 25.3967 25.3407
4 9 52.1932 13.0808 13.0282
4 10 36.5946 9.31205 9.24702
4 11 20.5127 5.13122 5.0086
4 12 17.2093 4.71631 4.6198
4 13 10.1101 2.79454 2.64611
4 14 9.19297 2.41869 2.28829
4 15 23.5125 9.95503 9.83698
5 0 0 0.152266 0
5 1 2.45408 1.74012 1.55435
5 2 110.846 66.465 66.5505
5 3 943.745 583.963 585.459
5 4 2049.4 1165.8 1168.13
5 5 2869.7 1507.67 1509.92
5 6 3285.65 1747.16 1749.42
5 7 3291.25 1839.54 1842.08
5 8 2958.06 1687.09 1689.76
5 9 2463.45 1418.91 1421.51
5 10 1955.15 1086.76 1088.95
5 11 1538.18 852.902 854.794
5 12 1110.34 597.765 599.199
5 13 777.818 381.801 382.759
5 14 568.252 298.286 299.043
5 15 1310.91 729.057 730.755
6 0 3.9873 1.55744 1.4166
6 1 15.8925 12.0941 12.0128
6 2 829.815 396.45 397.432
6 3 1702.83 775.967 777.488
6 4 1995.51 900.988 902.574
6 5 1959.4 868.964 870.528
6 6 1899.49 950.334 952.174
6 7 1646.5 817.057 818.76
6 8 1315.91 578.782 580.032
6 9 1092.45 549.498 550.803
6 10 849.125 444.411 445.529
6 11 650.603 361.631 362.57
6 12 468.48 254.583 255.229
6 13 329.573 160.723 161.096
6 14 226.742 102.135 102.335
6 15 498.969 239.829 240.453
