0.21 0
1 0 33.468 6.35143 6.2255
1 1 7.19817e-05 0.00961369 5.18136e-09
2 0 115.645 26.7518 26.7609
2 1 0 0.152266 0
3 0 0 0.152266 0
3 1 6.02196 1.29902 1.15607
3 2 112.499 23.9122 23.9004
3 3 281.427 67.7012 67.8348
3 4 386.752 76.1333 76.2831
3 5 340.246 62.7595 62.8701
3 6 309.101 63.6689 63.7873
3 7 226.255 48.418 48.4882
3 8 166.493 42.1611 42.2056
3 9 123.445 32.9112 32.8921
3 10 96.9475 23.0724 23.0108
3 11 64.0065 15.8476 15.7971
3 12 54.7623 14.3466 14.2504
3 13 38.2892 10.2198 10.1174
3 14 24.2884 6.2944 6.16507
3 15 53.1855 14.369 14.3287
4 0 0.0392854 0.0506553 0.00154334
4 1 135.212 34.9457 34.9792
4 2 651.443 156.109 156.442
4 3 625.377 133.637 133.908
4 4 445.283 95.4498 95.6446
4 5 275.432 56.8701 56.9731
4 6 204.236 43.3457 43.4063
4 7 152.339 43.3111 43.3726
4 8 95.5513 25.3965 25.3404
4 9 52.0877 13.0807 13.0281
4 10 36.5387 9.31202 9.24696
4 11 20.4692 5.13117 5.00855
4 12 17.1878 4.71628 4.61977
4 13 10.099 2.79453 2.6461
4 14 9.18728 2.41869 2.28828
4 15 23.5096 9.95499 9.83698
5 0 0 0.152266 0
5 1 2.45408 1.74012 1.55435
5 2 110.843 66.4649 66.5505
5 3 943.691 583.962 585.459
5 4 2049.26 1165.8 1168.13
5 5 2869.49 1507.67 1509.92
5 6 3285.41 1747.15 1749.42
5 7 3291.04 1839.54 1842.08
5 8 2957.86 1687.09 1689.76
5 9 2463.29 1418.91 1421.51
5 10 1955.04 1086.76 1088.95
5 11 1538.08 852.899 854.793
5 12 1110.26 597.763 599.199
5 13 777.773 381.8 382.759
5 14 568.229 298.286 299.043
5 15 1310.86 729.056 730.755
6 0 3.9873 1.55744 1.4166
6 1 15.8916 12.094 12.0128
6 2 829.765 396.449 397.432
6 3 1702.69 775.964 777.488
6 4 1995.27 900.984 902.574
6 5 1959.15 868.959 870.528
6 6 1899.25 950.329 952.173
6 7 1646.32 817.078 818.76
6 8 1315.79 578.779 580.031
6 9 1092.35 549.496 550.803
6 10 849.06 444.409 445.529
6 11 650.568 361.63 362.57
6 12 468.449 254.582 255.229
6 13 329.553 160.722 161.096
6 14 226.736 102.135 102.335
6 15 498.95 239.828 240.453
