2.31 0
1 0 40.4363 6.35663 6.2324
1 1 0.000791798 0.0097119 6.26945e-07
2 0 135.024 26.7748 26.7858
2 1 0 0.152266 0
3 0 0 0.152266 0
3 1 6.04782 1.29903 1.1561
3 2 113.396 23.9129 23.9016
3 3 283.823 67.7043 67.838
3 4 389.796 76.1374 76.2873
3 5 342.596 62.7637 62.8733
3 6 310.831 63.6718 63.7896
3 7 227.352 48.4192 48.4897
3 8 167.182 42.1616 42.2065
3 9 123.837 32.9117 32.8927
3 10 97.2176 23.0725 23.0112
3 11 64.1452 15.8477 15.7973
3 12 54.8693 14.3466 14.2506
3 13 38.3704 10.2198 10.1175
3 14 24.3141 6.29446 6.1651
3 15 53.246 14.369 14.3288
4 0 0.0392854 0.0506553 0.00154334
4 1 136.055 34.9467 34.9803
4 2 656.016 156.12 156.448
4 3 629.677 133.645 133.914
4 4 448.383 95.4545 95.6488
4 5 277.278 56.8729 56.9756
4 6 205.239 43.3465 43.4077
4 7 152.88 43.3117 43.3733
4 8 95.812 25.3968 25.3408
4 9 52.2069 13.0808 13.0283
4 10 36.6019 9.31213 9.24704
4 11 20.5183 5.13122 5.00862
4 12 17.212 4.71629 4.6198
4 13 10.1115 2.79454 2.64611
4 14 9.1937 2.4187 2.28829
4 15 23.5128 9.95504 9.83698
5 0 0 0.152266 0
5 1 2.45408 1.74012 1.55435
5 2 110.846 66.465 66.5505
5 3 943.752 583.963 585.459
5 4 2049.42 1165.8 1168.13
5 5 2869.73 1507.67 1509.92
5 6 3285.68 1747.16 1749.42
5 7 3291.28 1839.55 1842.08
5 8 2958.09 1687.1 1689.76
5 9 2463.48 1418.91 1421.51
5 10 1955.17 1086.76 1088.95
5 11 1538.19 852.902 854.794
5 12 1110.35 597.765 599.199
5 13 777.824 381.801 382.76
5 14 568.255 298.286 299.043
5 15 1310.92 729.057 730.755
6 0 3.9873 1.55744 1.4166
6 1 15.8926 12.0941 12.0128
6 2 829.821 396.45 397.432
6 3 1702.84 775.967 777.488
6 4 1995.54 900.989 902.575
6 5 1959.44 868.964 870.529
6 6 1899.52 950.335 952.174
6 7 1646.53 817.057 818.76
6 8 1315.93 578.782 580.032
6 9 1092.47 549.499 550.803
6 10 849.133 444.411 445.529
6 11 650.608 361.631 362.57
6 12 468.484 254.583 255.229
6 13 329.575 160.723 161.096
6 14 226.743 102.135 102.335
6 15 498.971 239.829 240.453
