2.67 0
1 0 41.6309 6.35861 6.23474
1 1 0.000915195 0.00983785 8.37583e-07
2 0 138.346 26.783 26.7943
2 1 0 0.152266 0
3 0 0 0.152266 0
3 1 6.05226 1.29904 1.15612
3 2 113.55 23.9133 23.902
3 3 284.234 67.7054 67.8391
3 4 390.318 76.1392 76.2887
3 5 342.999 62.7647 62.8744
3 6 311.128 63.6723 63.7904
3 7 227.54 48.4203 48.4902
3 8 167.3 42.1619 42.2068
3 9 123.904 32.9118 32.8928
3 10 97.2639 23.073 23.0113
3 11 64.169 15.8478 15.7973
3 12 54.8876 14.3467 14.2506
3 13 38.3843 10.2199 10.1175
3 14 24.3185 6.29443 6.16511
3 15 53.2564 14.3691 14.3288
4 0 0.0392854 0.0506553 0.00154334
4 1 136.2 34.9472 34.9807
4 2 656.8 156.121 156.45
4 3 630.413 133.646 133.916
4 4 448.915 95.4557 95.6502
4 5 277.594 56.874 56.9764
4 6 205.411 43.3476 43.4081
4 7 152.973 43.3119 43.3736
4 8 95.8568 25.3971 25.3409
4 9 52.2273 13.0809 13.0283
4 10 36.6127 9.31212 9.24707
4 11 20.5267 5.13124 5.00864
4 12 17.2162 4.71631 4.61981
4 13 10.1136 2.79455 2.64612
4 14 9.1948 2.4187 2.28829
4 15 23.5134 9.95505 9.83698
5 0 0 0.152266 0
5 1 2.45408 1.74012 1.55435
5 2 110.847 66.465 66.5505
5 3 943.762 583.963 585.459
5 4 2049.44 1165.8 1168.13
5 5 2869.77 1507.67 1509.92
5 6 3285.72 1747.16 1749.42
5 7 3291.32 1839.55 1842.08
5 8 2958.13 1687.1 1689.76
5 9 2463.51 1418.91 1421.51
5 10 1955.19 1086.76 1088.95
5 11 1538.21 852.902 854.794
5 12 1110.37 597.766 599.199
5 13 777.832 381.802 382.76
5 14 568.26 298.287 299.043
5 15 1310.93 729.058 730.755
6 0 3.9873 1.55744 1.4166
6 1 15.8927 12.0941 12.0128
6 2 829.831 396.45 397.432
6 3 1702.87 775.968 777.488
6 4 1995.58 900.99 902.575
6 5 1959.48 868.965 870.529
6 6 1899.56 950.336 952.174
6 7 1646.57 817.058 818.761
6 8 1315.95 578.782 580.032
6 9 1092.49 549.499 550.803
6 10 849.146 444.411 445.529
6 11 650.615 361.631 362.57
6 12 468.49 254.583 255.229
6 13 329.579 160.723 161.096
6 14 226.744 102.135 102.335
6 15 498.975 239.829 240.453
