2.76 0
1 0 41.9296 6.3592 6.23537
1 1 0.000946045 0.00987629 8.95001e-07
2 0 139.176 26.7851 26.7966
2 1 0 0.152266 0
3 0 0 0.152266 0
3 1 6.05337 1.29904 1.15612
3 2 113.588 23.9137 23.9021
3 3 284.337 67.7066 67.8394
3 4 390.448 76.1387 76.289
3 5 343.1 62.7657 62.8746
3 6 311.202 63.6718 63.7906
3 7 227.587 48.42 48.4903
3 8 167.33 42.1616 42.2069
3 9 123.921 32.912 32.8929
3 10 97.2755 23.0727 23.0113
3 11 64.1749 15.8478 15.7974
3 12 54.8922 14.3468 14.2506
3 13 38.3878 10.2198 10.1175
3 14 24.3196 6.29444 6.16511
3 15 53.259 14.3692 14.3288
4 0 0.0392854 0.0506553 0.00154334
4 1 136.236 34.9472 34.9808
4 2 656.996 156.123 156.451
4 3 630.598 133.648 133.917
4 4 449.047 95.4572 95.6506
4 5 277.673 56.8737 56.9766
4 6 205.454 43.3466 43.4083
4 7 152.996 43.3122 43.3736
4 8 95.8679 25.397 25.3409
4 9 52.2324 13.0809 13.0283
4 10 36.6154 9.31216 9.24708
4 11 20.5289 5.13127 5.00864
4 12 17.2172 4.7163 4.61982
4 13 10.1142 2.79454 2.64612
4 14 9.19508 2.4187 2.28829
4 15 23.5135 9.95505 9.83698
5 0 0 0.152266 0
5 1 2.45408 1.74012 1.55435
5 2 110.847 66.465 66.5505
5 3 943.765 583.964 585.459
5 4 2049.45 1165.8 1168.13
5 5 2869.78 1507.67 1509.92
5 6 3285.73 1747.16 1749.42
5 7 3291.33 1839.55 1842.08
5 8 2958.14 1687.1 1689.76
5 9 2463.52 1418.91 1421.51
5 10 1955.2 1086.76 1088.95
5 11 1538.21 852.902 854.794
5 12 1110.37 597.766 599.199
5 13 777.835 381.802 382.76
5 14 568.261 298.287 299.043
5 15 1310.93 729.058 730.755
6 0 3.9873 1.55744 1.4166
6 1 15.8928 12.0941 12.0128
6 2 829.833 396.45 397.432
6 3 1702.88 775.968 777.488
6 4 1995.59 900.99 902.575
6 5 1959.5 868.966 870.529
6 6 1899.57 950.336 952.174
6 7 1646.57 817.058 818.761
6 8 1315.96 578.783 580.032
6 9 1092.49 549.499 550.803
6 10 849.149 444.411 445.529
6 11 650.617 361.631 362.57
6 12 468.491 254.583 255.229
6 13 329.58 160.723 161.096
6 14 226.744 102.135 102.335
6 15 498.976 239.829 240.453
