0.15 0
1 0 42.992 6.95629 6.85985
1 1 0 0.133719 0
2 0 120.529 22.347 22.3486
2 1 0 0.133719 0
3 0 27.6637 11.1538 11.0559
3 1 0 0.133719 0
4 0 153.815 76.3328 76.4597
4 1 0 0.133719 0
5 0 0 0.133719 0
5 1 6.48986 1.292 1.16918
5 2 154.396 29.0558 29.0779
5 3 383.782 82.43 82.602
5 4 504.996 93.1601 93.3447
5 5 449.8 76.3253 76.4694
5 6 391.224 70.7092 70.8451
5 7 279.23 50.0306 50.1122
5 8 212.281 45.4782 45.5471
5 9 137.37 29.9154 29.9042
5 10 96.3035 17.5819 17.5292
5 11 68.6208 13.3775 13.3352
5 12 50.3874 10.1187 10.0296
5 13 34.8033 7.42269 7.33048
5 14 29.6852 6.56312 6.46145
5 15 55.6364 10.8661 10.8197
6 0 0.0379363 0.0450328 0.00143917
6 1 137.209 34.3579 34.4017
6 2 663.837 147.634 147.937
6 3 642.186 121.266 121.501
6 4 520.256 97.133 97.3312
6 5 346.32 59.4589 59.5685
6 6 240.455 41.628 41.689
6 7 156.577 34.8023 34.8431
6 8 95.0638 18.0437 17.992
6 9 56.137 10.9999 10.9471
6 10 39.0316 7.63687 7.57281
6 11 23.0872 4.49335 4.38777
6 12 17.8017 4.00468 3.92575
6 13 10.6249 1.87799 1.75075
6 14 9.27748 2.07271 1.95759
6 15 22.0897 3.75187 3.63764
7 0 0 0.133719 0
7 1 2.45408 1.71862 1.55435
7 2 110.943 66.4523 66.5537
7 3 947.338 583.943 585.424
7 4 2050.43 1161.12 1163.43
7 5 2869.77 1494.75 1496.93
7 6 3291.33 1723 1725.16
7 7 3306.47 1808.58 1811.02
7 8 2948.42 1644.4 1646.9
7 9 2467.87 1376.52 1378.94
7 10 1954.26 1045.7 1047.79
7 11 1555.64 821.42 823.211
7 12 1101.42 564.956 566.304
7 13 772.244 356.349 357.235
7 14 557.474 276.021 276.723
7 15 1308.25 679.986 681.552
8 0 3.94937 1.53533 1.41516
8 1 15.8784 12.0719 12.0109
8 2 828.403 395.734 396.722
8 3 1703.61 774.333 775.853
8 4 1996.56 894.143 895.712
8 5 1963.73 857.75 859.227
8 6 1895.2 930.657 932.446
8 7 1652.81 796.26 797.887
8 8 1320.74 557.494 558.677
8 9 1094.35 528.248 529.492
8 10 850.058 426.332 427.391
8 11 643.62 344.131 345.024
8 12 477.812 244.678 245.303
8 13 330.782 151.136 151.498
8 14 223.321 93.721 93.9143
8 15 499.916 220.526 221.093
