1.5 0
1 0 49.0598 6.96034 6.86522
1 1 0 0.133719 0
2 0 133.566 22.3576 22.3601
2 1 0 0.133719 0
3 0 34.3521 11.1927 11.0973
3 1 0 0.133719 0
4 0 162.708 76.3871 76.515
4 1 0 0.133719 0
5 0 0 0.133719 0
5 1 6.92247 1.29206 1.16956
5 2 156.689 29.0577 29.0799
5 3 386.63 82.4323 82.6046
5 4 507.758 93.1621 93.3472
5 5 451.657 76.3248 76.4711
5 6 392.471 70.7087 70.8462
5 7 279.981 50.0302 50.1129
5 8 212.713 45.479 45.5475
5 9 137.625 29.9161 29.9044
5 10 96.4708 17.5819 17.5293
5 11 68.7125 13.3775 13.3353
5 12 50.4518 10.1187 10.0297
5 13 34.8476 7.42271 7.33052
5 14 29.7009 6.56307 6.46146
5 15 55.6715 10.8662 10.8197
6 0 0.0379363 0.0450328 0.00143917
6 1 137.325 34.3582 34.4018
6 2 664.995 147.637 147.938
6 3 643.574 121.267 121.502
6 4 521.384 97.1369 97.3322
6 5 347.129 59.4593 59.5692
6 6 240.944 41.6291 41.6894
6 7 156.869 34.8026 34.8434
6 8 95.2387 18.044 17.9922
6 9 56.2091 10.9999 10.9471
6 10 39.0785 7.63685 7.57285
6 11 23.1157 4.49337 4.38779
6 12 17.8217 4.0047 3.92577
6 13 10.6402 1.878 1.75077
6 14 9.28249 2.07271 1.9576
6 15 22.0956 3.75185 3.63765
7 0 0 0.133719 0
7 1 2.45408 1.71862 1.55435
7 2 110.945 66.4524 66.5537
7 3 947.377 583.944 585.424
7 4 2050.53 1161.12 1163.43
7 5 2869.92 1494.75 1496.93
7 6 3291.5 1723 1725.16
7 7 3306.62 1808.58 1811.02
7 8 2948.57 1644.41 1646.9
7 9 2467.99 1376.48 1378.94
7 10 1954.34 1045.7 1047.79
7 11 1555.71 821.422 823.211
7 12 1101.48 564.957 566.304
7 13 772.276 356.35 357.235
7 14 557.491 276.021 276.723
7 15 1308.28 679.987 681.552
8 0 3.94937 1.53533 1.41516
8 1 15.879 12.0719 12.0109
8 2 828.438 395.735 396.722
8 3 1703.71 774.335 775.853
8 4 1996.73 894.146 895.712
8 5 1963.91 857.695 859.227
8 6 1895.37 930.661 932.446
8 7 1652.95 796.263 797.887
8 8 1320.83 557.495 558.677
8 9 1094.42 528.25 529.493
8 10 850.105 426.333 427.391
8 11 643.646 344.131 345.024
8 12 477.834 244.675 245.303
8 13 330.796 151.136 151.498
8 14 223.325 93.721 93.9143
8 15 499.929 220.526 221.093
