1.65 0
1 0 49.734 6.96135 6.86636
1 1 0 0.133719 0
2 0 135.015 22.3598 22.3626
2 1 0 0.133719 0
3 0 35.0953 11.2013 11.1061
3 1 0 0.133719 0
4 0 163.697 76.3985 76.5267
4 1 0 0.133719 0
5 0 0 0.133719 0
5 1 6.97054 1.29211 1.16964
5 2 156.944 29.0581 29.0803
5 3 386.947 82.4318 82.6051
5 4 508.064 93.1648 93.3477
5 5 451.864 76.3265 76.4714
5 6 392.609 70.7099 70.8464
5 7 280.064 50.0309 50.1131
5 8 212.761 45.478 45.5475
5 9 137.653 29.9159 29.9045
5 10 96.4894 17.5818 17.5294
5 11 68.7226 13.3776 13.3353
5 12 50.4589 10.1186 10.0297
5 13 34.8525 7.42275 7.33053
5 14 29.7026 6.56308 6.46146
5 15 55.6754 10.8662 10.8197
6 0 0.0379363 0.0450328 0.00143917
6 1 137.338 34.3584 34.4018
6 2 665.124 147.634 147.938
6 3 643.728 121.268 121.503
6 4 521.509 97.138 97.3325
6 5 347.218 59.4601 59.5693
6 6 240.999 41.628 41.6895
6 7 156.901 34.8024 34.8434
6 8 95.2581 18.0441 17.9922
6 9 56.2171 10.9999 10.9471
6 10 39.0837 7.6369 7.57286
6 11 23.1188 4.49339 4.3878
6 12 17.8239 4.00472 3.92577
6 13 10.6418 1.878 1.75077
6 14 9.28305 2.07271 1.9576
6 15 22.0962 3.75186 3.63765
7 0 0 0.133719 0
7 1 2.45408 1.71862 1.55435
7 2 110.945 66.4524 66.5537
7 3 947.381 583.944 585.424
7 4 2050.54 1161.12 1163.43
7 5 2869.93 1494.75 1496.93
7 6 3291.52 1723 1725.16
7 7 3306.64 1808.58 1811.02
7 8 2948.58 1644.41 1646.9
7 9 2468 1376.48 1378.94
7 10 1954.35 1045.7 1047.79
7 11 1555.72 821.422 823.211
7 12 1101.49 564.957 566.304
7 13 772.28 356.35 357.235
7 14 557.493 276.021 276.723
7 15 1308.29 679.987 681.552
8 0 3.94937 1.53533 1.41516
8 1 15.8791 12.0719 12.0109
8 2 828.442 395.735 396.722
8 3 1703.72 774.335 775.853
8 4 1996.75 894.146 895.712
8 5 1963.93 857.695 859.227
8 6 1895.39 930.661 932.446
8 7 1652.96 796.263 797.887
8 8 1320.84 557.495 558.677
8 9 1094.43 528.25 529.493
8 10 850.111 426.333 427.391
8 11 643.649 344.131 345.024
8 12 477.837 244.675 245.303
8 13 330.798 151.136 151.498
8 14 223.326 93.721 93.9143
8 15 499.931 220.526 221.093
