1.8 0
1 0 50.4082 6.96252 6.8676
1 1 0 0.133719 0
2 0 136.463 22.3627 22.3653
2 1 0 0.133719 0
3 0 35.8384 11.2106 11.1157
3 1 0 0.133719 0
4 0 164.685 76.4116 76.5395
4 1 0 0.133719 0
5 0 0 0.133719 0
5 1 7.01861 1.29217 1.16973
5 2 157.199 29.0585 29.0808
5 3 387.263 82.4331 82.6057
5 4 508.371 93.1625 93.3483
5 5 452.07 76.3283 76.4718
5 6 392.748 70.7094 70.8467
5 7 280.148 50.0316 50.1132
5 8 212.809 45.4785 45.5476
5 9 137.682 29.9158 29.9046
5 10 96.508 17.582 17.5294
5 11 68.7328 13.3777 13.3354
5 12 50.4661 10.1187 10.0297
5 13 34.8574 7.42269 7.33054
5 14 29.7044 6.5631 6.46147
5 15 55.6793 10.8663 10.8197
6 0 0.0379363 0.0450328 0.00143917
6 1 137.351 34.3585 34.4018
6 2 665.253 147.635 147.939
6 3 643.882 121.266 121.503
6 4 521.634 97.1392 97.3327
6 5 347.308 59.4594 59.5695
6 6 241.053 41.6284 41.6896
6 7 156.934 34.8027 34.8435
6 8 95.2775 18.0439 17.9922
6 9 56.2251 10.9999 10.9472
6 10 39.0889 7.63694 7.57287
6 11 23.122 4.49342 4.3878
6 12 17.8261 4.00469 3.92578
6 13 10.6435 1.878 1.75077
6 14 9.2836 2.07272 1.9576
6 15 22.0969 3.75186 3.63765
7 0 0 0.133719 0
7 1 2.45408 1.71862 1.55435
7 2 110.945 66.4524 66.5537
7 3 947.386 583.944 585.424
7 4 2050.55 1161.12 1163.43
7 5 2869.95 1494.75 1496.93
7 6 3291.54 1723 1725.16
7 7 3306.65 1808.58 1811.02
7 8 2948.6 1644.41 1646.9
7 9 2468.02 1376.48 1378.94
7 10 1954.36 1045.7 1047.79
7 11 1555.73 821.422 823.211
7 12 1101.5 564.957 566.304
7 13 772.284 356.35 357.235
7 14 557.495 276.021 276.723
7 15 1308.29 679.987 681.552
8 0 3.94937 1.53533 1.41516
8 1 15.8792 12.0719 12.0109
8 2 828.446 395.735 396.722
8 3 1703.73 774.335 775.853
8 4 1996.77 894.147 895.712
8 5 1963.95 857.695 859.227
8 6 1895.41 930.661 932.446
8 7 1652.98 796.263 797.887
8 8 1320.85 557.495 558.677
8 9 1094.44 528.25 529.493
8 10 850.116 426.333 427.391
8 11 643.652 344.131 345.024
8 12 477.839 244.675 245.303
8 13 330.799 151.136 151.498
8 14 223.326 93.721 93.9143
8 15 499.932 220.526 221.093
