1.95 0
1 0 51.0824 6.96365 6.86896
1 1 0 0.133719 0
2 0 137.912 22.3653 22.3682
2 1 0 0.133719 0
3 0 36.5816 11.2208 11.1261
3 1 0 0.133719 0
4 0 165.673 76.4248 76.5535
4 1 0 0.133719 0
5 0 0 0.133719 0
5 1 7.06668 1.29224 1.16983
5 2 157.453 29.059 29.0813
5 3 387.58 82.4345 82.6063
5 4 508.678 93.1653 93.3489
5 5 452.277 76.3259 76.4722
5 6 392.886 70.7106 70.847
5 7 280.231 50.0313 50.1134
5 8 212.857 45.479 45.5477
5 9 137.71 29.9161 29.9046
5 10 96.5266 17.5821 17.5294
5 11 68.743 13.3777 13.3354
5 12 50.4732 10.1187 10.0297
5 13 34.8623 7.42274 7.33055
5 14 29.7061 6.56312 6.46147
5 15 55.6832 10.8662 10.8197
6 0 0.0379363 0.0450328 0.00143917
6 1 137.364 34.3587 34.4018
6 2 665.382 147.637 147.939
6 3 644.036 121.268 121.503
6 4 521.759 97.135 97.3329
6 5 347.398 59.4602 59.5697
6 6 241.107 41.6289 41.6898
6 7 156.966 34.803 34.8435
6 8 95.297 18.044 17.9923
6 9 56.2332 11 10.9472
6 10 39.0941 7.63692 7.57288
6 11 23.1251 4.49338 4.38781
6 12 17.8283 4.00471 3.92578
6 13 10.6452 1.878 1.75078
6 14 9.28416 2.07272 1.9576
6 15 22.0975 3.75187 3.63765
7 0 0 0.133719 0
7 1 2.45408 1.71862 1.55435
7 2 110.945 66.4524 66.5537
7 3 947.39 583.944 585.424
7 4 2050.57 1161.12 1163.43
7 5 2869.96 1494.75 1496.93
7 6 3291.56 1723 1725.16
7 7 3306.67 1808.58 1811.02
7 8 2948.62 1644.41 1646.9
7 9 2468.03 1376.48 1378.94
7 10 1954.37 1045.7 1047.79
7 11 1555.73 821.422 823.211
7 12 1101.5 564.958 566.304
7 13 772.287 356.35 357.235
7 14 557.497 276.021 276.723
7 15 1308.3 679.987 681.552
8 0 3.94937 1.53533 1.41516
8 1 15.8792 12.0719 12.0109
8 2 828.45 395.735 396.722
8 3 1703.74 774.336 775.853
8 4 1996.78 894.147 895.712
8 5 1963.97 857.696 859.227
8 6 1895.42 930.662 932.446
8 7 1652.99 796.264 797.887
8 8 1320.86 557.496 558.677
8 9 1094.45 528.25 529.493
8 10 850.121 426.334 427.391
8 11 643.655 344.131 345.024
8 12 477.842 244.675 245.303
8 13 330.801 151.136 151.498
8 14 223.327 93.7211 93.9143
8 15 499.934 220.526 221.093
