2.1 0
1 0 51.7565 6.96496 6.87042
1 1 0 0.133719 0
2 0 139.36 22.3683 22.3713
2 1 0 0.133719 0
3 0 37.3248 11.2319 11.1374
3 1 0 0.133719 0
4 0 166.661 76.4396 76.5686
4 1 0 0.133719 0
5 0 0 0.133719 0
5 1 7.11475 1.29231 1.16993
5 2 157.708 29.0595 29.0819
5 3 387.896 82.4341 82.607
5 4 508.985 93.1655 93.3496
5 5 452.483 76.3277 76.4727
5 6 393.025 70.7102 70.8473
5 7 280.315 50.031 50.1136
5 8 212.905 45.4794 45.5478
5 9 137.738 29.916 29.9047
5 10 96.5452 17.5819 17.5295
5 11 68.7532 13.3776 13.3354
5 12 50.4804 10.1187 10.0297
5 13 34.8673 7.42278 7.33056
5 14 29.7078 6.56313 6.46147
5 15 55.6871 10.8662 10.8197
6 0 0.0379363 0.0450328 0.00143917
6 1 137.377 34.3584 34.4019
6 2 665.51 147.634 147.939
6 3 644.191 121.269 121.503
6 4 521.885 97.1362 97.3332
6 5 347.488 59.4609 59.5699
6 6 241.162 41.6293 41.6899
6 7 156.998 34.8029 34.8436
6 8 95.3164 18.044 17.9923
6 9 56.2412 11 10.9472
6 10 39.0993 7.63691 7.57289
6 11 23.1283 4.49341 4.38782
6 12 17.8305 4.00473 3.92578
6 13 10.6469 1.87801 1.75078
6 14 9.28472 2.07272 1.9576
6 15 22.0982 3.75187 3.63765
7 0 0 0.133719 0
7 1 2.45408 1.71862 1.55435
7 2 110.945 66.4524 66.5537
7 3 947.394 583.944 585.424
7 4 2050.58 1161.12 1163.43
7 5 2869.98 1494.75 1496.93
7 6 3291.58 1723 1725.16
7 7 3306.69 1808.58 1811.02
7 8 2948.63 1644.41 1646.9
7 9 2468.04 1376.48 1378.94
7 10 1954.38 1045.7 1047.79
7 11 1555.74 821.423 823.211
7 12 1101.51 564.945 566.304
7 13 772.291 356.35 357.235
7 14 557.499 276.021 276.723
7 15 1308.3 679.987 681.552
8 0 3.94937 1.53533 1.41516
8 1 15.8793 12.0719 12.0109
8 2 828.454 395.736 396.722
8 3 1703.75 774.336 775.853
8 4 1996.8 894.148 895.712
8 5 1963.99 857.696 859.227
8 6 1895.44 930.662 932.446
8 7 1653.01 796.264 797.887
8 8 1320.87 557.496 558.677
8 9 1094.45 528.251 529.493
8 10 850.126 426.334 427.391
8 11 643.658 344.131 345.024
8 12 477.844 244.675 245.303
8 13 330.802 151.136 151.498
8 14 223.327 93.7211 93.9143
8 15 499.935 220.526 221.093
