2.25 0
1 0 52.4307 6.96644 6.87199
1 1 0 0.133719 0
2 0 140.809 22.3717 22.3747
2 1 0 0.133719 0
3 0 38.0679 11.2438 11.1496
3 1 0 0.133719 0
4 0 167.649 76.4562 76.5847
4 1 0 0.133719 0
5 0 0 0.133719 0
5 1 7.16282 1.2924 1.17004
5 2 157.963 29.0605 29.0825
5 3 388.213 82.4338 82.6077
5 4 509.292 93.1659 93.3503
5 5 452.689 76.3296 76.4731
5 6 393.164 70.7097 70.8476
5 7 280.398 50.0318 50.1138
5 8 212.952 45.4784 45.5479
5 9 137.767 29.9163 29.9047
5 10 96.5638 17.582 17.5295
5 11 68.7634 13.3777 13.3354
5 12 50.4875 10.1187 10.0298
5 13 34.8722 7.42277 7.33057
5 14 29.7096 6.5631 6.46148
5 15 55.691 10.8663 10.8198
6 0 0.0379363 0.0450328 0.00143917
6 1 137.39 34.3585 34.4019
6 2 665.639 147.635 147.939
6 3 644.345 121.271 121.504
6 4 522.01 97.1374 97.3335
6 5 347.578 59.4604 59.5701
6 6 241.216 41.6298 41.69
6 7 157.031 34.8027 34.8437
6 8 95.3358 18.0442 17.9924
6 9 56.2492 10.9999 10.9472
6 10 39.1045 7.63696 7.57291
6 11 23.1314 4.49341 4.38782
6 12 17.8328 4.00473 3.92579
6 13 10.6486 1.87801 1.75079
6 14 9.28527 2.07272 1.9576
6 15 22.0989 3.75188 3.63765
7 0 0 0.133719 0
7 1 2.45408 1.71862 1.55435
7 2 110.945 66.4524 66.5537
7 3 947.398 583.944 585.424
7 4 2050.59 1161.12 1163.43
7 5 2870 1494.75 1496.93
7 6 3291.6 1723 1725.16
7 7 3306.7 1808.58 1811.02
7 8 2948.65 1644.41 1646.9
7 9 2468.06 1376.48 1378.94
7 10 1954.39 1045.7 1047.79
7 11 1555.75 821.423 823.211
7 12 1101.52 564.945 566.304
7 13 772.294 356.35 357.235
7 14 557.501 276.021 276.723
7 15 1308.31 679.987 681.552
8 0 3.94937 1.53533 1.41516
8 1 15.8794 12.0719 12.0109
8 2 828.458 395.736 396.722
8 3 1703.76 774.336 775.853
8 4 1996.82 894.116 895.712
8 5 1964.01 857.697 859.227
8 6 1895.46 930.663 932.446
8 7 1653.02 796.264 797.887
8 8 1320.88 557.496 558.677
8 9 1094.46 528.251 529.493
8 10 850.131 426.325 427.391
8 11 643.66 344.132 345.024
8 12 477.847 244.675 245.303
8 13 330.804 151.134 151.498
8 14 223.328 93.7211 93.9143
8 15 499.937 220.526 221.093
