2.4 0
1 0 53.1049 6.96803 6.87367
1 1 0 0.133719 0
2 0 142.257 22.3752 22.3784
2 1 0 0.133719 0
3 0 38.8111 11.2565 11.1625
3 1 0 0.133719 0
4 0 168.637 76.4728 76.6021
4 1 0 0.133719 0
5 0 0 0.133719 0
5 1 7.21088 1.29249 1.17016
5 2 158.218 29.061 29.0831
5 3 388.529 82.4353 82.6086
5 4 509.599 93.1689 93.351
5 5 452.896 76.3273 76.4737
5 6 393.302 70.711 70.848
5 7 280.482 50.0326 50.114
5 8 213 45.4789 45.5481
5 9 137.795 29.9162 29.9048
5 10 96.5824 17.5822 17.5296
5 11 68.7736 13.3778 13.3354
5 12 50.4947 10.1188 10.0298
5 13 34.8771 7.42277 7.33058
5 14 29.7113 6.56312 6.46148
5 15 55.6949 10.8663 10.8198
6 0 0.0379363 0.0450328 0.00143917
6 1 137.403 34.3587 34.4019
6 2 665.768 147.637 147.94
6 3 644.499 121.272 121.504
6 4 522.135 97.1386 97.3338
6 5 347.667 59.4598 59.5703
6 6 241.27 41.6295 41.6901
6 7 157.063 34.8031 34.8438
6 8 95.3553 18.0441 17.9924
6 9 56.2572 11 10.9472
6 10 39.1097 7.63694 7.57292
6 11 23.1346 4.49343 4.38783
6 12 17.835 4.00472 3.92579
6 13 10.6503 1.878 1.75079
6 14 9.28583 2.07272 1.95761
6 15 22.0995 3.75188 3.63765
7 0 0 0.133719 0
7 1 2.45408 1.71862 1.55435
7 2 110.945 66.4524 66.5537
7 3 947.403 583.944 585.424
7 4 2050.6 1161.12 1163.43
7 5 2870.01 1494.75 1496.93
7 6 3291.62 1723 1725.16
7 7 3306.72 1808.58 1811.02
7 8 2948.66 1644.41 1646.9
7 9 2468.07 1376.48 1378.94
7 10 1954.4 1045.7 1047.79
7 11 1555.76 821.423 823.211
7 12 1101.52 564.945 566.304
7 13 772.298 356.35 357.235
7 14 557.503 276.021 276.723
7 15 1308.31 679.987 681.552
8 0 3.94937 1.53533 1.41516
8 1 15.8795 12.0719 12.0109
8 2 828.462 395.736 396.722
8 3 1703.78 774.336 775.853
8 4 1996.84 894.117 895.713
8 5 1964.03 857.697 859.227
8 6 1895.48 930.663 932.446
8 7 1653.04 796.265 797.887
8 8 1320.89 557.496 558.677
8 9 1094.47 528.251 529.493
8 10 850.137 426.325 427.391
8 11 643.663 344.132 345.024
8 12 477.849 244.675 245.303
8 13 330.806 151.134 151.498
8 14 223.328 93.7211 93.9143
8 15 499.938 220.526 221.093
