2.55 0
1 0 53.7791 6.96966 6.87546
1 1 0 0.133719 0
2 0 143.706 22.3787 22.3822
2 1 0 0.133719 0
3 0 39.5542 11.2701 11.1763
3 1 0 0.133719 0
4 0 169.626 76.4919 76.6205
4 1 0 0.133719 0
5 0 0 0.133719 0
5 1 7.25895 1.29259 1.17029
5 2 158.472 29.0616 29.0838
5 3 388.846 82.4369 82.6094
5 4 509.905 93.1668 93.3519
5 5 453.102 76.3292 76.4742
5 6 393.441 70.7124 70.8483
5 7 280.565 50.0323 50.1142
5 8 213.048 45.4794 45.5482
5 9 137.823 29.9161 29.9049
5 10 96.601 17.5819 17.5296
5 11 68.7838 13.3778 13.3355
5 12 50.5018 10.1187 10.0298
5 13 34.882 7.42281 7.33059
5 14 29.7131 6.56314 6.46149
5 15 55.6988 10.8663 10.8198
6 0 0.0379363 0.0450328 0.00143917
6 1 137.416 34.3584 34.402
6 2 665.897 147.638 147.94
6 3 644.653 121.27 121.505
6 4 522.26 97.1398 97.3342
6 5 347.757 59.4606 59.5705
6 6 241.325 41.6292 41.6903
6 7 157.096 34.8034 34.8438
6 8 95.3747 18.0441 17.9925
6 9 56.2652 11.0001 10.9472
6 10 39.1149 7.63699 7.57293
6 11 23.1378 4.49343 4.38784
6 12 17.8372 4.00472 3.9258
6 13 10.652 1.87801 1.75079
6 14 9.28639 2.07272 1.95761
6 15 22.1002 3.75186 3.63766
7 0 0 0.133719 0
7 1 2.45408 1.71862 1.55435
7 2 110.946 66.4524 66.5537
7 3 947.407 583.944 585.424
7 4 2050.61 1161.12 1163.43
7 5 2870.03 1494.75 1496.93
7 6 3291.64 1723 1725.16
7 7 3306.74 1808.58 1811.02
7 8 2948.68 1644.41 1646.9
7 9 2468.08 1376.48 1378.94
7 10 1954.41 1045.7 1047.79
7 11 1555.76 821.423 823.211
7 12 1101.53 564.945 566.304
7 13 772.302 356.35 357.235
7 14 557.505 276.021 276.723
7 15 1308.31 679.987 681.552
8 0 3.94937 1.53533 1.41516
8 1 15.8795 12.0719 12.0109
8 2 828.466 395.736 396.722
8 3 1703.79 774.336 775.853
8 4 1996.86 894.117 895.713
8 5 1964.05 857.697 859.227
8 6 1895.5 930.663 932.446
8 7 1653.05 796.265 797.887
8 8 1320.9 557.481 558.677
8 9 1094.48 528.251 529.493
8 10 850.142 426.325 427.391
8 11 643.666 344.132 345.024
8 12 477.852 244.675 245.303
8 13 330.807 151.134 151.498
8 14 223.329 93.7211 93.9143
8 15 499.94 220.526 221.093
