2.7 0
1 0 54.4533 6.9714 6.87736
1 1 0 0.133719 0
2 0 145.154 22.3831 22.3863
2 1 0 0.133719 0
3 0 40.2974 11.2845 11.1909
3 1 0 0.133719 0
4 0 170.614 76.5104 76.64
4 1 0 0.133719 0
5 0 0 0.133719 0
5 1 7.30702 1.2927 1.17042
5 2 158.727 29.0623 29.0845
5 3 389.162 82.4385 82.6103
5 4 510.212 93.1698 93.3527
5 5 453.308 76.3311 76.4748
5 6 393.579 70.712 70.8487
5 7 280.648 50.0321 50.1144
5 8 213.096 45.48 45.5483
5 9 137.852 29.9164 29.905
5 10 96.6196 17.5821 17.5297
5 11 68.794 13.3777 13.3355
5 12 50.509 10.1188 10.0298
5 13 34.8869 7.42281 7.33061
5 14 29.7148 6.56311 6.46149
5 15 55.7027 10.8663 10.8198
6 0 0.0379363 0.0450328 0.00143917
6 1 137.428 34.3586 34.402
6 2 666.025 147.64 147.94
6 3 644.808 121.268 121.505
6 4 522.385 97.1384 97.3345
6 5 347.847 59.4614 59.5708
6 6 241.379 41.6297 41.6904
6 7 157.128 34.8028 34.8439
6 8 95.3941 18.0443 17.9925
6 9 56.2732 11 10.9473
6 10 39.1201 7.63698 7.57295
6 11 23.1409 4.49343 4.38785
6 12 17.8394 4.00474 3.92581
6 13 10.6537 1.87802 1.7508
6 14 9.28694 2.07271 1.95761
6 15 22.1008 3.75187 3.63766
7 0 0 0.133719 0
7 1 2.45408 1.71862 1.55435
7 2 110.946 66.4524 66.5537
7 3 947.411 583.945 585.424
7 4 2050.62 1161.13 1163.43
7 5 2870.05 1494.75 1496.93
7 6 3291.66 1723 1725.16
7 7 3306.75 1808.59 1811.02
7 8 2948.7 1644.41 1646.9
7 9 2468.09 1376.48 1378.94
7 10 1954.42 1045.7 1047.79
7 11 1555.77 821.423 823.211
7 12 1101.54 564.945 566.304
7 13 772.305 356.35 357.235
7 14 557.507 276.021 276.723
7 15 1308.32 679.987 681.552
8 0 3.94937 1.53533 1.41516
8 1 15.8796 12.0719 12.0109
8 2 828.47 395.736 396.722
8 3 1703.8 774.337 775.853
8 4 1996.88 894.118 895.713
8 5 1964.07 857.698 859.227
8 6 1895.52 930.664 932.446
8 7 1653.07 796.265 797.887
8 8 1320.91 557.481 558.677
8 9 1094.49 528.251 529.493
8 10 850.147 426.325 427.391
8 11 643.669 344.132 345.024
8 12 477.854 244.675 245.303
8 13 330.809 151.134 151.498
8 14 223.329 93.7211 93.9143
8 15 499.941 220.526 221.093
