2.85 0
1 0 55.1275 6.97325 6.87936
1 1 0 0.133719 0
2 0 146.603 22.3871 22.3906
2 1 0 0.133719 0
3 0 41.0406 11.2997 11.2064
3 1 0 0.133719 0
4 0 171.602 76.5313 76.6607
4 1 0 0.133719 0
5 0 0 0.133719 0
5 1 7.35509 1.29282 1.17057
5 2 158.982 29.0629 29.0853
5 3 389.478 82.4383 82.6112
5 4 510.519 93.1703 93.3536
5 5 453.515 76.331 76.4754
5 6 393.718 70.7116 70.8491
5 7 280.732 50.0329 50.1147
5 8 213.144 45.4797 45.5485
5 9 137.88 29.9163 29.905
5 10 96.6382 17.5823 17.5297
5 11 68.8042 13.3778 13.3355
5 12 50.5161 10.1188 10.0298
5 13 34.8919 7.4228 7.33062
5 14 29.7165 6.56313 6.4615
5 15 55.7066 10.8663 10.8198
6 0 0.0379363 0.0450328 0.00143917
6 1 137.441 34.3587 34.402
6 2 666.154 147.637 147.941
6 3 644.962 121.269 121.505
6 4 522.511 97.1397 97.3349
6 5 347.937 59.4623 59.5711
6 6 241.434 41.6302 41.6906
6 7 157.16 34.8032 34.844
6 8 95.4136 18.0443 17.9926
6 9 56.2812 11 10.9473
6 10 39.1253 7.63697 7.57296
6 11 23.1441 4.49346 4.38786
6 12 17.8416 4.00474 3.92581
6 13 10.6554 1.87803 1.7508
6 14 9.2875 2.07272 1.95761
6 15 22.1015 3.75187 3.63766
7 0 0 0.133719 0
7 1 2.45408 1.71862 1.55435
7 2 110.946 66.4524 66.5537
7 3 947.416 583.945 585.424
7 4 2050.63 1161.13 1163.43
7 5 2870.06 1494.75 1496.93
7 6 3291.68 1723 1725.16
7 7 3306.77 1808.59 1811.02
7 8 2948.71 1644.41 1646.9
7 9 2468.11 1376.48 1378.94
7 10 1954.43 1045.7 1047.79
7 11 1555.78 821.424 823.211
7 12 1101.54 564.945 566.304
7 13 772.309 356.35 357.235
7 14 557.508 276.021 276.723
7 15 1308.32 679.987 681.552
8 0 3.94937 1.53533 1.41516
8 1 15.8797 12.0719 12.0109
8 2 828.474 395.736 396.722
8 3 1703.81 774.337 775.853
8 4 1996.9 894.118 895.713
8 5 1964.09 857.698 859.227
8 6 1895.54 930.664 932.446
8 7 1653.08 796.266 797.887
8 8 1320.92 557.481 558.677
8 9 1094.5 528.251 529.493
8 10 850.152 426.325 427.391
8 11 643.672 344.132 345.024
8 12 477.857 244.675 245.303
8 13 330.81 151.134 151.498
8 14 223.33 93.7211 93.9143
8 15 499.943 220.526 221.093
