0.3 0
1 0 43.6662 6.95632 6.86001
1 1 0 0.133719 0
2 0 121.978 22.3474 22.3489
2 1 0 0.133719 0
3 0 28.4069 11.1548 11.0572
3 1 0 0.133719 0
4 0 154.803 76.3342 76.4614
4 1 0 0.133719 0
5 0 0 0.133719 0
5 1 6.53793 1.29197 1.16919
5 2 154.651 29.0559 29.0779
5 3 384.099 82.4291 82.6021
5 4 505.303 93.1599 93.3448
5 5 450.006 76.3226 76.4695
5 6 391.363 70.7068 70.8451
5 7 279.314 50.0302 50.1123
5 8 212.329 45.4786 45.5471
5 9 137.398 29.9156 29.9042
5 10 96.3221 17.5816 17.5292
5 11 68.631 13.3776 13.3352
5 12 50.3946 10.1185 10.0296
5 13 34.8083 7.42267 7.33048
5 14 29.687 6.56309 6.46145
5 15 55.6403 10.8662 10.8197
6 0 0.0379363 0.0450328 0.00143917
6 1 137.222 34.358 34.4017
6 2 663.965 147.631 147.937
6 3 642.34 121.264 121.501
6 4 520.382 97.134 97.3313
6 5 346.41 59.4595 59.5685
6 6 240.509 41.6283 41.689
6 7 156.609 34.8021 34.8431
6 8 95.0832 18.0439 17.992
6 9 56.145 10.9998 10.9471
6 10 39.0368 7.63685 7.57281
6 11 23.0904 4.49337 4.38777
6 12 17.8039 4.0047 3.92575
6 13 10.6266 1.87798 1.75075
6 14 9.27803 2.07271 1.95759
6 15 22.0903 3.75187 3.63764
7 0 0 0.133719 0
7 1 2.45408 1.71862 1.55435
7 2 110.943 66.4523 66.5537
7 3 947.343 583.943 585.424
7 4 2050.44 1161.12 1163.43
7 5 2869.78 1494.75 1496.93
7 6 3291.35 1723 1725.16
7 7 3306.48 1808.58 1811.02
7 8 2948.44 1644.4 1646.9
7 9 2467.88 1376.53 1378.94
7 10 1954.27 1045.7 1047.79
7 11 1555.65 821.421 823.211
7 12 1101.43 564.956 566.304
7 13 772.248 356.349 357.235
7 14 557.476 276.021 276.723
7 15 1308.25 679.986 681.552
8 0 3.94937 1.53533 1.41516
8 1 15.8785 12.0719 12.0109
8 2 828.407 395.735 396.722
8 3 1703.62 774.333 775.853
8 4 1996.58 894.143 895.712
8 5 1963.75 857.751 859.227
8 6 1895.22 930.658 932.446
8 7 1652.83 796.26 797.887
8 8 1320.75 557.494 558.677
8 9 1094.36 528.249 529.492
8 10 850.063 426.332 427.391
8 11 643.623 344.131 345.024
8 12 477.814 244.679 245.303
8 13 330.784 151.136 151.498
8 14 223.321 93.721 93.9143
8 15 499.917 220.526 221.093
