3 0
1 0 55.8017 6.97522 6.88148
1 1 0 0.133719 0
2 0 148.051 22.3915 22.3952
2 1 0 0.133719 0
3 0 41.7837 11.3158 11.2227
3 1 0 0.133719 0
4 0 172.59 76.5531 76.6824
4 1 0 0.133719 0
5 0 0 0.133719 0
5 1 7.40316 1.29294 1.17072
5 2 159.237 29.0636 29.0861
5 3 389.795 82.4382 82.6122
5 4 510.826 93.1709 93.3546
5 5 453.721 76.331 76.4761
5 6 393.856 70.713 70.8496
5 7 280.815 50.0326 50.1149
5 8 213.192 45.4795 45.5486
5 9 137.908 29.9166 29.9051
5 10 96.6568 17.5822 17.5298
5 11 68.8144 13.3778 13.3356
5 12 50.5233 10.1188 10.0299
5 13 34.8968 7.4228 7.33064
5 14 29.7183 6.56314 6.4615
5 15 55.7105 10.8663 10.8198
6 0 0.0379363 0.0450328 0.00143917
6 1 137.454 34.3584 34.4021
6 2 666.283 147.638 147.941
6 3 645.116 121.271 121.506
6 4 522.636 97.1384 97.3353
6 5 348.027 59.4604 59.5714
6 6 241.488 41.6299 41.6908
6 7 157.193 34.8035 34.8441
6 8 95.433 18.0442 17.9926
6 9 56.2893 11.0001 10.9473
6 10 39.1306 7.63702 7.57298
6 11 23.1472 4.49343 4.38787
6 12 17.8439 4.00474 3.92582
6 13 10.6571 1.87803 1.75081
6 14 9.28806 2.07272 1.95761
6 15 22.1021 3.75188 3.63766
7 0 0 0.133719 0
7 1 2.45408 1.71862 1.55435
7 2 110.946 66.4524 66.5537
7 3 947.42 583.945 585.424
7 4 2050.64 1161.13 1163.43
7 5 2870.08 1494.75 1496.93
7 6 3291.69 1723.01 1725.16
7 7 3306.79 1808.59 1811.02
7 8 2948.73 1644.41 1646.9
7 9 2468.12 1376.49 1378.94
7 10 1954.43 1045.7 1047.79
7 11 1555.79 821.424 823.211
7 12 1101.55 564.946 566.304
7 13 772.312 356.35 357.235
7 14 557.51 276.021 276.723
7 15 1308.33 679.988 681.552
8 0 3.94937 1.53533 1.41516
8 1 15.8797 12.0719 12.0109
8 2 828.478 395.736 396.722
8 3 1703.82 774.337 775.853
8 4 1996.91 894.118 895.713
8 5 1964.11 857.699 859.227
8 6 1895.55 930.665 932.446
8 7 1653.1 796.266 797.888
8 8 1320.93 557.481 558.677
8 9 1094.5 528.252 529.493
8 10 850.158 426.326 427.391
8 11 643.675 344.132 345.024
8 12 477.859 244.676 245.303
8 13 330.812 151.134 151.498
8 14 223.331 93.7211 93.9143
8 15 499.944 220.526 221.093
