3.15 0
1 0 56.4759 6.97732 6.8837
1 1 0 0.133719 0
2 0 149.5 22.3965 22.4
2 1 0 0.133719 0
3 0 42.5269 11.3327 11.2399
3 1 0 0.133719 0
4 0 173.578 76.5751 76.7053
4 1 0 0.133719 0
5 0 0 0.133719 0
5 1 7.45123 1.29308 1.17088
5 2 159.491 29.0644 29.0869
5 3 390.111 82.4418 82.6133
5 4 511.133 93.1715 93.3556
5 5 453.928 76.333 76.4767
5 6 393.995 70.7144 70.85
5 7 280.899 50.0335 50.1152
5 8 213.24 45.48 45.5488
5 9 137.937 29.9165 29.9052
5 10 96.6754 17.5822 17.5298
5 11 68.8245 13.3779 13.3356
5 12 50.5304 10.1188 10.0299
5 13 34.9017 7.42285 7.33065
5 14 29.72 6.56312 6.46151
5 15 55.7144 10.8663 10.8198
6 0 0.0379363 0.0450328 0.00143917
6 1 137.467 34.3586 34.4021
6 2 666.412 147.636 147.942
6 3 645.27 121.273 121.506
6 4 522.761 97.1397 97.3357
6 5 348.117 59.4612 59.5716
6 6 241.542 41.6304 41.6909
6 7 157.225 34.8039 34.8442
6 8 95.4524 18.0444 17.9927
6 9 56.2973 11.0001 10.9473
6 10 39.1358 7.63707 7.573
6 11 23.1504 4.49346 4.38788
6 12 17.8461 4.00476 3.92583
6 13 10.6588 1.87803 1.75082
6 14 9.28861 2.07273 1.95761
6 15 22.1028 3.75188 3.63766
7 0 0 0.133719 0
7 1 2.45408 1.71862 1.55435
7 2 110.946 66.4524 66.5537
7 3 947.424 583.945 585.424
7 4 2050.65 1161.13 1163.43
7 5 2870.1 1494.75 1496.93
7 6 3291.71 1723.01 1725.16
7 7 3306.8 1808.59 1811.02
7 8 2948.74 1644.41 1646.91
7 9 2468.14 1376.49 1378.94
7 10 1954.44 1045.7 1047.79
7 11 1555.8 821.424 823.211
7 12 1101.56 564.946 566.304
7 13 772.316 356.351 357.235
7 14 557.512 276.021 276.723
7 15 1308.33 679.988 681.552
8 0 3.94937 1.53533 1.41516
8 1 15.8798 12.0719 12.0109
8 2 828.482 395.736 396.722
8 3 1703.83 774.337 775.853
8 4 1996.93 894.119 895.713
8 5 1964.13 857.699 859.227
8 6 1895.57 930.635 932.447
8 7 1653.11 796.266 797.888
8 8 1320.94 557.482 558.677
8 9 1094.51 528.252 529.493
8 10 850.163 426.326 427.391
8 11 643.678 344.126 345.024
8 12 477.862 244.676 245.303
8 13 330.813 151.135 151.498
8 14 223.331 93.7211 93.9143
8 15 499.946 220.526 221.093
