3.3 0
1 0 57.1501 6.97945 6.88603
1 1 0 0.133719 0
2 0 150.949 22.4011 22.405
2 1 0 0.133719 0
3 0 43.27 11.3504 11.2578
3 1 0 0.133719 0
4 0 174.566 76.5995 76.7294
4 1 0 0.133719 0
5 0 0 0.133719 0
5 1 7.49929 1.29322 1.17104
5 2 159.746 29.0656 29.0878
5 3 390.428 82.4418 82.6144
5 4 511.439 93.1722 93.3567
5 5 454.134 76.3329 76.4774
5 6 394.133 70.7124 70.8505
5 7 280.982 50.0333 50.1155
5 8 213.288 45.4798 45.5489
5 9 137.965 29.9168 29.9053
5 10 96.694 17.5824 17.5299
5 11 68.8347 13.378 13.3356
5 12 50.5376 10.1189 10.0299
5 13 34.9066 7.4229 7.33067
5 14 29.7218 6.56314 6.46151
5 15 55.7183 10.8663 10.8198
6 0 0.0379363 0.0450328 0.00143917
6 1 137.48 34.3588 34.4022
6 2 666.54 147.637 147.942
6 3 645.425 121.274 121.507
6 4 522.886 97.141 97.3361
6 5 348.206 59.4621 59.572
6 6 241.597 41.6302 41.6911
6 7 157.258 34.8033 34.8443
6 8 95.4719 18.0446 17.9928
6 9 56.3053 11.0002 10.9474
6 10 39.141 7.637 7.57301
6 11 23.1536 4.49349 4.38789
6 12 17.8483 4.00476 3.92583
6 13 10.6604 1.87804 1.75082
6 14 9.28917 2.07273 1.95762
6 15 22.1035 3.75189 3.63767
7 0 0 0.133719 0
7 1 2.45408 1.71862 1.55435
7 2 110.946 66.4524 66.5537
7 3 947.429 583.945 585.424
7 4 2050.67 1161.13 1163.43
7 5 2870.11 1494.75 1496.93
7 6 3291.73 1723.01 1725.16
7 7 3306.82 1808.59 1811.02
7 8 2948.76 1644.41 1646.91
7 9 2468.15 1376.49 1378.94
7 10 1954.45 1045.71 1047.79
7 11 1555.8 821.424 823.211
7 12 1101.56 564.946 566.304
7 13 772.319 356.351 357.235
7 14 557.514 276.022 276.723
7 15 1308.33 679.988 681.552
8 0 3.94937 1.53533 1.41516
8 1 15.8799 12.0719 12.0109
8 2 828.486 395.736 396.722
8 3 1703.84 774.338 775.854
8 4 1996.95 894.119 895.713
8 5 1964.15 857.7 859.227
8 6 1895.59 930.635 932.447
8 7 1653.13 796.267 797.888
8 8 1320.95 557.482 558.677
8 9 1094.52 528.252 529.493
8 10 850.168 426.326 427.391
8 11 643.681 344.126 345.024
8 12 477.864 244.676 245.303
8 13 330.815 151.135 151.499
8 14 223.332 93.7211 93.9143
8 15 499.947 220.526 221.093
