3.45 0
1 0 57.8243 6.98187 6.88847
1 1 0 0.133719 0
2 0 152.397 22.4062 22.4102
2 1 0 0.133719 0
3 0 44.0132 11.369 11.2766
3 1 0 0.133719 0
4 0 175.555 76.625 76.7545
4 1 0 0.133719 0
5 0 0 0.133719 0
5 1 7.54736 1.29337 1.17122
5 2 160.001 29.0664 29.0887
5 3 390.744 82.4418 82.6155
5 4 511.746 93.1755 93.3578
5 5 454.34 76.333 76.4782
5 6 394.272 70.7139 70.851
5 7 281.066 50.0342 50.1158
5 8 213.336 45.4804 45.5491
5 9 137.993 29.9168 29.9054
5 10 96.7125 17.5826 17.53
5 11 68.8449 13.378 13.3357
5 12 50.5447 10.1188 10.0299
5 13 34.9115 7.42284 7.33069
5 14 29.7235 6.56315 6.46152
5 15 55.7222 10.8664 10.8198
6 0 0.0379363 0.0450328 0.00143917
6 1 137.493 34.3589 34.4022
6 2 666.669 147.639 147.943
6 3 645.579 121.276 121.508
6 4 523.012 97.1424 97.3366
6 5 348.296 59.463 59.5723
6 6 241.651 41.6307 41.6913
6 7 157.29 34.8037 34.8445
6 8 95.4913 18.0444 17.9928
6 9 56.3133 11.0002 10.9474
6 10 39.1462 7.63705 7.57303
6 11 23.1567 4.49349 4.3879
6 12 17.8505 4.00476 3.92584
6 13 10.6621 1.87805 1.75083
6 14 9.28973 2.07273 1.95762
6 15 22.1041 3.75189 3.63767
7 0 0 0.133719 0
7 1 2.45408 1.71862 1.55435
7 2 110.946 66.4524 66.5537
7 3 947.433 583.945 585.424
7 4 2050.68 1161.13 1163.43
7 5 2870.13 1494.75 1496.93
7 6 3291.75 1723.01 1725.16
7 7 3306.84 1808.59 1811.02
7 8 2948.78 1644.41 1646.91
7 9 2468.16 1376.49 1378.94
7 10 1954.46 1045.71 1047.79
7 11 1555.81 821.424 823.211
7 12 1101.57 564.946 566.304
7 13 772.323 356.351 357.235
7 14 557.516 276.022 276.723
7 15 1308.34 679.988 681.552
8 0 3.94937 1.53533 1.41516
8 1 15.8799 12.0719 12.0109
8 2 828.49 395.736 396.722
8 3 1703.85 774.338 775.854
8 4 1996.97 894.12 895.713
8 5 1964.17 857.7 859.227
8 6 1895.61 930.636 932.447
8 7 1653.14 796.267 797.888
8 8 1320.96 557.482 558.677
8 9 1094.53 528.252 529.493
8 10 850.173 426.326 427.391
8 11 643.683 344.126 345.024
8 12 477.867 244.676 245.303
8 13 330.816 151.135 151.499
8 14 223.332 93.7212 93.9143
8 15 499.949 220.526 221.093
