3.6 0
1 0 58.4985 6.98418 6.89102
1 1 0 0.133719 0
2 0 153.846 22.4117 22.4157
2 1 0 0.133719 0
3 0 44.7563 11.3884 11.2963
3 1 0 0.133719 0
4 0 176.543 76.6505 76.7807
4 1 0 0.133719 0
5 0 0 0.133719 0
5 1 7.59543 1.29352 1.1714
5 2 160.256 29.0672 29.0897
5 3 391.061 82.4455 82.6167
5 4 512.053 93.1762 93.3589
5 5 454.547 76.3351 76.479
5 6 394.41 70.7153 70.8515
5 7 281.149 50.034 50.1161
5 8 213.384 45.4802 45.5493
5 9 138.022 29.9167 29.9055
5 10 96.7311 17.5825 17.53
5 11 68.8551 13.3779 13.3357
5 12 50.5519 10.1189 10.03
5 13 34.9165 7.4229 7.33071
5 14 29.7253 6.56317 6.46152
5 15 55.7261 10.8664 10.8199
6 0 0.0379363 0.0450328 0.00143917
6 1 137.506 34.3587 34.4023
6 2 666.798 147.64 147.943
6 3 645.733 121.278 121.508
6 4 523.137 97.141 97.3371
6 5 348.386 59.464 59.5726
6 6 241.705 41.6304 41.6915
6 7 157.322 34.8041 34.8446
6 8 95.5107 18.0446 17.9929
6 9 56.3213 11.0001 10.9474
6 10 39.1514 7.6371 7.57305
6 11 23.1599 4.49349 4.38791
6 12 17.8527 4.00476 3.92585
6 13 10.6638 1.87806 1.75083
6 14 9.29028 2.07272 1.95762
6 15 22.1048 3.7519 3.63767
7 0 0 0.133719 0
7 1 2.45408 1.71862 1.55435
7 2 110.947 66.4524 66.5537
7 3 947.437 583.945 585.424
7 4 2050.69 1161.13 1163.43
7 5 2870.15 1494.75 1496.93
7 6 3291.77 1723.01 1725.16
7 7 3306.85 1808.59 1811.02
7 8 2948.79 1644.41 1646.91
7 9 2468.17 1376.49 1378.94
7 10 1954.47 1045.71 1047.79
7 11 1555.82 821.425 823.211
7 12 1101.58 564.946 566.304
7 13 772.327 356.351 357.235
7 14 557.518 276.022 276.723
7 15 1308.34 679.988 681.552
8 0 3.94937 1.53533 1.41516
8 1 15.88 12.0719 12.0109
8 2 828.494 395.736 396.722
8 3 1703.86 774.338 775.854
8 4 1996.99 894.12 895.713
8 5 1964.19 857.7 859.227
8 6 1895.63 930.636 932.447
8 7 1653.16 796.267 797.888
8 8 1320.97 557.482 558.677
8 9 1094.54 528.252 529.493
8 10 850.178 426.326 427.391
8 11 643.686 344.126 345.024
8 12 477.869 244.676 245.303
8 13 330.818 151.135 151.499
8 14 223.333 93.7212 93.9143
8 15 499.951 220.526 221.093
