3.75 0
1 0 59.1727 6.98669 6.89367
1 1 0 0.133719 0
2 0 155.294 22.4173 22.4215
2 1 0 0.133719 0
3 0 45.4995 11.4086 11.3168
3 1 0 0.133719 0
4 0 177.531 76.6777 76.8081
4 1 0 0.133719 0
5 0 0 0.133719 0
5 1 7.6435 1.29369 1.17159
5 2 160.51 29.0681 29.0907
5 3 391.377 82.4456 82.618
5 4 512.36 93.1771 93.3602
5 5 454.753 76.3352 76.4798
5 6 394.549 70.7151 70.8521
5 7 281.232 50.0349 50.1165
5 8 213.432 45.4808 45.5495
5 9 138.05 29.917 29.9056
5 10 96.7497 17.5825 17.5301
5 11 68.8653 13.3781 13.3357
5 12 50.559 10.119 10.03
5 13 34.9214 7.42289 7.33073
5 14 29.727 6.56319 6.46153
5 15 55.73 10.8665 10.8199
6 0 0.0379363 0.0450328 0.00143917
6 1 137.519 34.3588 34.4023
6 2 666.927 147.642 147.944
6 3 645.887 121.272 121.509
6 4 523.262 97.1424 97.3375
6 5 348.476 59.4621 59.573
6 6 241.76 41.631 41.6918
6 7 157.355 34.804 34.8447
6 8 95.5302 18.0448 17.993
6 9 56.3293 11.0002 10.9475
6 10 39.1566 7.63709 7.57307
6 11 23.163 4.49349 4.38792
6 12 17.855 4.00479 3.92586
6 13 10.6655 1.87805 1.75084
6 14 9.29084 2.07273 1.95762
6 15 22.1054 3.75191 3.63767
7 0 0 0.133719 0
7 1 2.45408 1.71862 1.55435
7 2 110.947 66.4524 66.5537
7 3 947.441 583.945 585.425
7 4 2050.7 1161.13 1163.43
7 5 2870.16 1494.76 1496.93
7 6 3291.79 1723.01 1725.16
7 7 3306.87 1808.59 1811.02
7 8 2948.81 1644.41 1646.91
7 9 2468.19 1376.49 1378.94
7 10 1954.48 1045.71 1047.79
7 11 1555.83 821.425 823.211
7 12 1101.58 564.946 566.304
7 13 772.33 356.351 357.235
7 14 557.52 276.022 276.723
7 15 1308.35 679.988 681.552
8 0 3.94937 1.53533 1.41516
8 1 15.8801 12.0719 12.0109
8 2 828.498 395.736 396.722
8 3 1703.88 774.338 775.854
8 4 1997.01 894.12 895.713
8 5 1964.21 857.701 859.228
8 6 1895.65 930.636 932.447
8 7 1653.17 796.268 797.888
8 8 1320.98 557.482 558.677
8 9 1094.54 528.252 529.493
8 10 850.184 426.326 427.391
8 11 643.689 344.126 345.024
8 12 477.872 244.676 245.303
8 13 330.82 151.135 151.499
8 14 223.333 93.7212 93.9143
8 15 499.952 220.526 221.093
