3.9 0
1 0 59.8469 6.98934 6.89644
1 1 0 0.133719 0
2 0 156.743 22.4235 22.4274
2 1 0 0.133719 0
3 0 46.2426 11.4297 11.3381
3 1 0 0.133719 0
4 0 178.519 76.7059 76.8365
4 1 0 0.133719 0
5 0 0 0.133719 0
5 1 7.69157 1.29387 1.17178
5 2 160.765 29.0695 29.0917
5 3 391.694 82.4476 82.6193
5 4 512.667 93.1779 93.3614
5 5 454.959 76.3353 76.4806
5 6 394.687 70.7149 70.8526
5 7 281.316 50.0348 50.1168
5 8 213.48 45.4806 45.5497
5 9 138.078 29.9174 29.9058
5 10 96.7683 17.5827 17.5302
5 11 68.8755 13.3782 13.3358
5 12 50.5662 10.119 10.03
5 13 34.9263 7.42295 7.33075
5 14 29.7287 6.56317 6.46154
5 15 55.7339 10.8664 10.8199
6 0 0.0379363 0.0450328 0.00143917
6 1 137.532 34.359 34.4024
6 2 667.055 147.64 147.944
6 3 646.042 121.274 121.509
6 4 523.387 97.1412 97.3381
6 5 348.566 59.4631 59.5733
6 6 241.814 41.6316 41.692
6 7 157.387 34.8039 34.8448
6 8 95.5496 18.0448 17.9931
6 9 56.3373 11.0003 10.9475
6 10 39.1618 7.63715 7.5731
6 11 23.1662 4.49352 4.38793
6 12 17.8572 4.00481 3.92587
6 13 10.6672 1.87806 1.75085
6 14 9.2914 2.07273 1.95762
6 15 22.1061 3.75191 3.63768
7 0 0 0.133719 0
7 1 2.45408 1.71862 1.55435
7 2 110.947 66.4524 66.5537
7 3 947.446 583.946 585.425
7 4 2050.71 1161.13 1163.43
7 5 2870.18 1494.76 1496.93
7 6 3291.81 1723.01 1725.17
7 7 3306.89 1808.59 1811.02
7 8 2948.82 1644.41 1646.91
7 9 2468.2 1376.49 1378.94
7 10 1954.49 1045.71 1047.79
7 11 1555.83 821.425 823.211
7 12 1101.59 564.946 566.304
7 13 772.334 356.351 357.235
7 14 557.522 276.022 276.723
7 15 1308.35 679.988 681.552
8 0 3.94937 1.53533 1.41516
8 1 15.8802 12.0719 12.0109
8 2 828.502 395.737 396.722
8 3 1703.89 774.339 775.854
8 4 1997.03 894.121 895.713
8 5 1964.23 857.701 859.228
8 6 1895.67 930.637 932.447
8 7 1653.19 796.268 797.888
8 8 1320.98 557.483 558.677
8 9 1094.55 528.253 529.493
8 10 850.189 426.326 427.391
8 11 643.692 344.126 345.024
8 12 477.874 244.676 245.303
8 13 330.821 151.135 151.499
8 14 223.334 93.7212 93.9143
8 15 499.954 220.526 221.093
