4.05 0
1 0 60.5211 6.99204 6.89931
1 1 0 0.133719 0
2 0 158.191 22.4289 22.4336
2 1 0 0.133719 0
3 0 46.9858 11.4517 11.3603
3 1 0 0.133719 0
4 0 179.507 76.7358 76.8661
4 1 0 0.133719 0
5 0 0 0.133719 0
5 1 7.73963 1.29405 1.17199
5 2 161.02 29.0704 29.0928
5 3 392.01 82.4497 82.6206
5 4 512.973 93.1788 93.3627
5 5 455.166 76.3375 76.4815
5 6 394.826 70.7164 70.8532
5 7 281.399 50.0346 50.1171
5 8 213.528 45.4812 45.5499
5 9 138.107 29.9169 29.9059
5 10 96.7869 17.5827 17.5303
5 11 68.8857 13.378 13.3358
5 12 50.5734 10.1189 10.0301
5 13 34.9312 7.42295 7.33077
5 14 29.7305 6.56314 6.46154
5 15 55.7378 10.8663 10.8199
6 0 0.0379363 0.0450328 0.00143917
6 1 137.545 34.3587 34.4024
6 2 667.184 147.641 147.945
6 3 646.196 121.276 121.51
6 4 523.513 97.1427 97.3386
6 5 348.655 59.464 59.5737
6 6 241.869 41.6314 41.6922
6 7 157.42 34.8043 34.845
6 8 95.569 18.0448 17.9931
6 9 56.3454 11.0002 10.9475
6 10 39.167 7.63715 7.57312
6 11 23.1693 4.49352 4.38795
6 12 17.8594 4.00479 3.92588
6 13 10.6689 1.87807 1.75086
6 14 9.29195 2.07273 1.95763
6 15 22.1068 3.75192 3.63768
7 0 0 0.133719 0
7 1 2.45408 1.71862 1.55435
7 2 110.947 66.4519 66.5537
7 3 947.45 583.946 585.425
7 4 2050.72 1161.13 1163.43
7 5 2870.2 1494.76 1496.93
7 6 3291.83 1723.01 1725.17
7 7 3306.91 1808.59 1811.02
7 8 2948.84 1644.41 1646.91
7 9 2468.21 1376.49 1378.94
7 10 1954.5 1045.71 1047.79
7 11 1555.84 821.425 823.211
7 12 1101.6 564.947 566.304
7 13 772.337 356.351 357.235
7 14 557.523 276.022 276.723
7 15 1308.36 679.988 681.552
8 0 3.94937 1.53533 1.41516
8 1 15.8802 12.0719 12.0109
8 2 828.505 395.737 396.722
8 3 1703.9 774.339 775.854
8 4 1997.04 894.121 895.713
8 5 1964.25 857.702 859.228
8 6 1895.69 930.637 932.447
8 7 1653.2 796.269 797.888
8 8 1320.99 557.483 558.677
8 9 1094.56 528.253 529.493
8 10 850.194 426.326 427.391
8 11 643.695 344.126 345.024
8 12 477.877 244.676 245.303
8 13 330.823 151.135 151.499
8 14 223.334 93.7212 93.9143
8 15 499.955 220.526 221.093
