4.2 0
1 0 61.1953 6.99496 6.90229
1 1 0 0.133719 0
2 0 159.64 22.4356 22.44
2 1 0 0.133719 0
3 0 47.729 11.4744 11.3833
3 1 0 0.133719 0
4 0 180.495 76.7658 76.8968
4 1 0 0.133719 0
5 0 0 0.133719 0
5 1 7.7877 1.29424 1.1722
5 2 161.275 29.0718 29.094
5 3 392.326 82.4499 82.622
5 4 513.28 93.1797 93.3641
5 5 455.372 76.3377 76.4824
5 6 394.964 70.718 70.8538
5 7 281.483 50.0355 50.1175
5 8 213.576 45.481 45.5501
5 9 138.135 29.9173 29.906
5 10 96.8055 17.5829 17.5303
5 11 68.8959 13.3781 13.3359
5 12 50.5805 10.119 10.0301
5 13 34.9361 7.42295 7.33079
5 14 29.7322 6.56316 6.46155
5 15 55.7417 10.8664 10.8199
6 0 0.0379363 0.0450328 0.00143917
6 1 137.557 34.3589 34.4025
6 2 667.313 147.643 147.945
6 3 646.35 121.278 121.511
6 4 523.638 97.1441 97.3391
6 5 348.745 59.465 59.5741
6 6 241.923 41.6311 41.6925
6 7 157.452 34.8042 34.8451
6 8 95.5885 18.045 17.9932
6 9 56.3534 11.0003 10.9476
6 10 39.1722 7.63714 7.57314
6 11 23.1725 4.49353 4.38796
6 12 17.8616 4.00481 3.92589
6 13 10.6706 1.87808 1.75086
6 14 9.29251 2.07274 1.95763
6 15 22.1074 3.7519 3.63768
7 0 0 0.133719 0
7 1 2.45408 1.71862 1.55435
7 2 110.947 66.4519 66.5537
7 3 947.454 583.946 585.425
7 4 2050.73 1161.13 1163.43
7 5 2870.21 1494.76 1496.93
7 6 3291.85 1723.01 1725.17
7 7 3306.92 1808.59 1811.02
7 8 2948.86 1644.41 1646.91
7 9 2468.23 1376.49 1378.94
7 10 1954.51 1045.71 1047.79
7 11 1555.85 821.425 823.211
7 12 1101.6 564.947 566.304
7 13 772.341 356.351 357.235
7 14 557.525 276.022 276.723
7 15 1308.36 679.988 681.552
8 0 3.94937 1.53533 1.41516
8 1 15.8803 12.0719 12.0109
8 2 828.509 395.737 396.722
8 3 1703.91 774.339 775.854
8 4 1997.06 894.122 895.713
8 5 1964.27 857.702 859.228
8 6 1895.7 930.638 932.447
8 7 1653.22 796.269 797.888
8 8 1321 557.483 558.677
8 9 1094.57 528.253 529.493
8 10 850.199 426.327 427.391
8 11 643.698 344.126 345.024
8 12 477.879 244.676 245.303
8 13 330.824 151.135 151.499
8 14 223.335 93.7212 93.9144
8 15 499.957 220.526 221.093
