4.35 0
1 0 61.8695 6.99784 6.90538
1 1 0 0.133719 0
2 0 161.088 22.442 22.4467
2 1 0 0.133719 0
3 0 48.4721 11.498 11.4071
3 1 0 0.133719 0
4 0 181.483 76.7976 76.9286
4 1 0 0.133719 0
5 0 0 0.133719 0
5 1 7.83577 1.29444 1.17242
5 2 161.529 29.0729 29.0951
5 3 392.643 82.452 82.6235
5 4 513.587 93.1833 93.3655
5 5 455.579 76.3399 76.4834
5 6 395.103 70.7161 70.8545
5 7 281.566 50.0365 50.1179
5 8 213.624 45.4816 45.5503
5 9 138.163 29.9176 29.9061
5 10 96.8241 17.5831 17.5304
5 11 68.906 13.3782 13.3359
5 12 50.5877 10.119 10.0301
5 13 34.941 7.42301 7.33081
5 14 29.734 6.56318 6.46156
5 15 55.7456 10.8664 10.8199
6 0 0.0379363 0.0450328 0.00143917
6 1 137.57 34.3591 34.4025
6 2 667.442 147.64 147.946
6 3 646.504 121.279 121.511
6 4 523.763 97.1429 97.3397
6 5 348.835 59.466 59.5745
6 6 241.977 41.6317 41.6927
6 7 157.484 34.8046 34.8453
6 8 95.6079 18.045 17.9933
6 9 56.3614 11.0004 10.9476
6 10 39.1774 7.6372 7.57316
6 11 23.1757 4.49356 4.38798
6 12 17.8638 4.00482 3.9259
6 13 10.6723 1.87808 1.75087
6 14 9.29307 2.07274 1.95763
6 15 22.1081 3.7519 3.63769
7 0 0 0.133719 0
7 1 2.45408 1.71862 1.55435
7 2 110.947 66.4519 66.5537
7 3 947.458 583.946 585.425
7 4 2050.74 1161.13 1163.43
7 5 2870.23 1494.76 1496.93
7 6 3291.87 1723.01 1725.17
7 7 3306.94 1808.59 1811.02
7 8 2948.87 1644.41 1646.91
7 9 2468.24 1376.49 1378.94
7 10 1954.52 1045.71 1047.79
7 11 1555.86 821.426 823.211
7 12 1101.61 564.947 566.304
7 13 772.345 356.351 357.235
7 14 557.527 276.022 276.723
7 15 1308.36 679.988 681.552
8 0 3.94937 1.53533 1.41516
8 1 15.8804 12.0719 12.0109
8 2 828.513 395.737 396.722
8 3 1703.92 774.339 775.854
8 4 1997.08 894.122 895.713
8 5 1964.29 857.703 859.228
8 6 1895.72 930.638 932.447
8 7 1653.23 796.269 797.888
8 8 1321.01 557.483 558.677
8 9 1094.58 528.253 529.493
8 10 850.205 426.327 427.391
8 11 643.701 344.126 345.024
8 12 477.882 244.676 245.303
8 13 330.826 151.135 151.499
8 14 223.335 93.7212 93.9144
8 15 499.958 220.526 221.093
