0.45 0
1 0 44.3404 6.95647 6.86029
1 1 0 0.133719 0
2 0 123.426 22.3481 22.3495
2 1 0 0.133719 0
3 0 29.15 11.1566 11.0593
3 1 0 0.133719 0
4 0 155.791 76.3363 76.4642
4 1 0 0.133719 0
5 0 0 0.133719 0
5 1 6.586 1.29195 1.16921
5 2 154.906 29.056 29.078
5 3 384.415 82.4282 82.6022
5 4 505.61 93.1596 93.3449
5 5 450.213 76.3241 76.4696
5 6 391.501 70.7078 70.8452
5 7 279.397 50.0298 50.1123
5 8 212.377 45.4783 45.5471
5 9 137.427 29.9159 29.9042
5 10 96.3407 17.5818 17.5292
5 11 68.6412 13.3775 13.3352
5 12 50.4017 10.1186 10.0296
5 13 34.8132 7.4227 7.33048
5 14 29.6887 6.56306 6.46145
5 15 55.6442 10.8662 10.8197
6 0 0.0379363 0.0450328 0.00143917
6 1 137.235 34.3581 34.4017
6 2 664.094 147.632 147.937
6 3 642.494 121.265 121.501
6 4 520.507 97.1349 97.3313
6 5 346.5 59.4587 59.5685
6 6 240.564 41.6279 41.689
6 7 156.642 34.8024 34.8431
6 8 95.1026 18.0438 17.992
6 9 56.153 10.9999 10.9471
6 10 39.042 7.63688 7.57282
6 11 23.0935 4.49336 4.38777
6 12 17.8061 4.00469 3.92575
6 13 10.6283 1.87799 1.75076
6 14 9.27859 2.07271 1.95759
6 15 22.091 3.75187 3.63764
7 0 0 0.133719 0
7 1 2.45408 1.71862 1.55435
7 2 110.944 66.4523 66.5537
7 3 947.347 583.943 585.424
7 4 2050.45 1161.12 1163.43
7 5 2869.8 1494.75 1496.93
7 6 3291.37 1723 1725.16
7 7 3306.5 1808.58 1811.02
7 8 2948.46 1644.4 1646.9
7 9 2467.9 1376.53 1378.94
7 10 1954.28 1045.7 1047.79
7 11 1555.66 821.421 823.211
7 12 1101.44 564.956 566.304
7 13 772.251 356.349 357.235
7 14 557.478 276.021 276.723
7 15 1308.25 679.986 681.552
8 0 3.94937 1.53533 1.41516
8 1 15.8785 12.0719 12.0109
8 2 828.411 395.735 396.722
8 3 1703.63 774.333 775.853
8 4 1996.6 894.144 895.712
8 5 1963.77 857.751 859.227
8 6 1895.24 930.658 932.446
8 7 1652.84 796.261 797.887
8 8 1320.76 557.494 558.677
8 9 1094.37 528.249 529.492
8 10 850.069 426.332 427.391
8 11 643.626 344.131 345.024
8 12 477.817 244.679 245.303
8 13 330.785 151.136 151.498
8 14 223.322 93.721 93.9143
8 15 499.919 220.526 221.093
