4.5 0
1 0 62.5437 7.00095 6.90858
1 1 0 0.133719 0
2 0 162.537 22.4489 22.4536
2 1 0 0.133719 0
3 0 49.2153 11.5224 11.4317
3 1 0 0.133719 0
4 0 182.472 76.8303 76.9616
4 1 0 0.133719 0
5 0 0 0.133719 0
5 1 7.88384 1.29465 1.17265
5 2 161.784 29.0739 29.0964
5 3 392.959 82.4523 82.625
5 4 513.894 93.1818 93.3669
5 5 455.785 76.3402 76.4843
5 6 395.241 70.7177 70.8551
5 7 281.649 50.0364 50.1183
5 8 213.671 45.4814 45.5505
5 9 138.192 29.9176 29.9063
5 10 96.8427 17.5829 17.5305
5 11 68.9162 13.3782 13.336
5 12 50.5948 10.1191 10.0302
5 13 34.946 7.42307 7.33084
5 14 29.7357 6.5632 6.46157
5 15 55.7495 10.8665 10.82
6 0 0.0379363 0.0450328 0.00143917
6 1 137.583 34.3593 34.4026
6 2 667.57 147.642 147.946
6 3 646.658 121.281 121.512
6 4 523.888 97.1444 97.3403
6 5 348.925 59.4656 59.575
6 6 242.032 41.6323 41.693
6 7 157.517 34.8045 34.8454
6 8 95.6273 18.0452 17.9934
6 9 56.3694 11.0005 10.9476
6 10 39.1826 7.63726 7.57319
6 11 23.1788 4.49356 4.38799
6 12 17.8661 4.00482 3.92591
6 13 10.674 1.87809 1.75088
6 14 9.29362 2.07275 1.95763
6 15 22.1087 3.75191 3.63769
7 0 0 0.133719 0
7 1 2.45408 1.71862 1.55435
7 2 110.947 66.4519 66.5537
7 3 947.463 583.946 585.425
7 4 2050.75 1161.13 1163.43
7 5 2870.25 1494.76 1496.93
7 6 3291.88 1723.01 1725.17
7 7 3306.96 1808.59 1811.02
7 8 2948.89 1644.41 1646.91
7 9 2468.25 1376.49 1378.94
7 10 1954.53 1045.71 1047.79
7 11 1555.87 821.426 823.211
7 12 1101.62 564.947 566.304
7 13 772.348 356.351 357.235
7 14 557.529 276.022 276.723
7 15 1308.37 679.989 681.552
8 0 3.94937 1.53533 1.41516
8 1 15.8804 12.0719 12.0109
8 2 828.517 395.737 396.722
8 3 1703.93 774.34 775.854
8 4 1997.1 894.122 895.714
8 5 1964.31 857.703 859.228
8 6 1895.74 930.639 932.447
8 7 1653.25 796.27 797.888
8 8 1321.02 557.483 558.677
8 9 1094.58 528.253 529.493
8 10 850.21 426.327 427.391
8 11 643.704 344.126 345.024
8 12 477.884 244.676 245.303
8 13 330.827 151.135 151.499
8 14 223.336 93.7212 93.9144
8 15 499.96 220.526 221.093
