4.65 0
1 0 63.2178 7.00412 6.91188
1 1 0 0.133719 0
2 0 163.985 22.4559 22.4607
2 1 0 0.133719 0
3 0 49.9584 11.5476 11.4572
3 1 0 0.133719 0
4 0 183.46 76.8647 76.9957
4 1 0 0.133719 0
5 0 0 0.133719 0
5 1 7.93191 1.29486 1.17288
5 2 162.039 29.0755 29.0976
5 3 393.276 82.4546 82.6265
5 4 514.201 93.1854 93.3684
5 5 455.991 76.3405 76.4854
5 6 395.38 70.7193 70.8558
5 7 281.733 50.0363 50.1187
5 8 213.719 45.4821 45.5508
5 9 138.22 29.9175 29.9064
5 10 96.8613 17.5831 17.5306
5 11 68.9264 13.3783 13.336
5 12 50.602 10.1192 10.0302
5 13 34.9509 7.42302 7.33086
5 14 29.7374 6.56322 6.46158
5 15 55.7534 10.8665 10.82
6 0 0.0379363 0.0450328 0.00143917
6 1 137.596 34.3595 34.4026
6 2 667.699 147.644 147.947
6 3 646.813 121.279 121.513
6 4 524.014 97.1459 97.3409
6 5 349.015 59.4652 59.5754
6 6 242.086 41.6329 41.6932
6 7 157.549 34.8049 34.8456
6 8 95.6468 18.0453 17.9935
6 9 56.3774 11.0005 10.9477
6 10 39.1879 7.63719 7.57321
6 11 23.182 4.4936 4.388
6 12 17.8683 4.00482 3.92592
6 13 10.6757 1.8781 1.75089
6 14 9.29418 2.07275 1.95764
6 15 22.1094 3.75189 3.63769
7 0 0 0.133719 0
7 1 2.45408 1.71862 1.55435
7 2 110.948 66.4519 66.5537
7 3 947.467 583.946 585.425
7 4 2050.77 1161.13 1163.43
7 5 2870.26 1494.76 1496.93
7 6 3291.9 1723.01 1725.17
7 7 3306.97 1808.59 1811.02
7 8 2948.9 1644.42 1646.91
7 9 2468.27 1376.49 1378.94
7 10 1954.54 1045.71 1047.79
7 11 1555.87 821.426 823.211
7 12 1101.62 564.947 566.304
7 13 772.352 356.351 357.235
7 14 557.531 276.022 276.723
7 15 1308.37 679.989 681.552
8 0 3.94937 1.53533 1.41516
8 1 15.8805 12.0719 12.0109
8 2 828.521 395.737 396.722
8 3 1703.94 774.34 775.854
8 4 1997.12 894.123 895.714
8 5 1964.33 857.704 859.228
8 6 1895.76 930.639 932.447
8 7 1653.26 796.27 797.888
8 8 1321.03 557.484 558.677
8 9 1094.59 528.254 529.493
8 10 850.215 426.327 427.391
8 11 643.706 344.126 345.024
8 12 477.887 244.676 245.303
8 13 330.829 151.135 151.499
8 14 223.336 93.7212 93.9144
8 15 499.961 220.526 221.093
