4.8 0
1 0 63.892 7.00743 6.91529
1 1 0 0.133719 0
2 0 165.434 22.463 22.4681
2 1 0 0.133719 0
3 0 50.7016 11.5737 11.4836
3 1 0 0.133719 0
4 0 184.448 76.8993 77.0308
4 1 0 0.133719 0
5 0 0 0.133719 0
5 1 7.97998 1.29509 1.17313
5 2 162.294 29.0766 29.0989
5 3 393.592 82.4568 82.6281
5 4 514.507 93.1891 93.37
5 5 456.198 76.3428 76.4864
5 6 395.519 70.721 70.8565
5 7 281.816 50.0373 50.1191
5 8 213.767 45.4827 45.551
5 9 138.249 29.9179 29.9065
5 10 96.8799 17.5833 17.5307
5 11 68.9366 13.3783 13.3361
5 12 50.6091 10.1192 10.0302
5 13 34.9558 7.42308 7.33088
5 14 29.7392 6.5632 6.46158
5 15 55.7573 10.8666 10.82
6 0 0.0379363 0.0450328 0.00143917
6 1 137.609 34.3592 34.4027
6 2 667.828 147.646 147.948
6 3 646.967 121.278 121.514
6 4 524.139 97.1448 97.3416
6 5 349.104 59.4662 59.5759
6 6 242.14 41.6328 41.6935
6 7 157.582 34.8049 34.8457
6 8 95.6662 18.0453 17.9936
6 9 56.3854 11.0004 10.9477
6 10 39.1931 7.63725 7.57324
6 11 23.1851 4.49357 4.38802
6 12 17.8705 4.00485 3.92593
6 13 10.6774 1.87812 1.7509
6 14 9.29474 2.07274 1.95764
6 15 22.11 3.7519 3.6377
7 0 0 0.133719 0
7 1 2.45408 1.71862 1.55435
7 2 110.948 66.4519 66.5537
7 3 947.471 583.946 585.425
7 4 2050.78 1161.09 1163.43
7 5 2870.28 1494.76 1496.93
7 6 3291.92 1723.01 1725.17
7 7 3306.99 1808.59 1811.02
7 8 2948.92 1644.42 1646.91
7 9 2468.28 1376.49 1378.94
7 10 1954.54 1045.71 1047.79
7 11 1555.88 821.426 823.211
7 12 1101.63 564.947 566.304
7 13 772.355 356.351 357.235
7 14 557.533 276.022 276.723
7 15 1308.38 679.989 681.552
8 0 3.94937 1.53533 1.41516
8 1 15.8806 12.0719 12.0109
8 2 828.525 395.737 396.722
8 3 1703.95 774.34 775.854
8 4 1997.14 894.123 895.714
8 5 1964.35 857.704 859.228
8 6 1895.78 930.64 932.447
8 7 1653.28 796.27 797.888
8 8 1321.04 557.484 558.678
8 9 1094.6 528.254 529.493
8 10 850.22 426.327 427.391
8 11 643.709 344.126 345.024
8 12 477.889 244.676 245.303
8 13 330.83 151.135 151.499
8 14 223.337 93.7212 93.9144
8 15 499.963 220.527 221.093
