4.95 0
1 0 64.5662 7.0108 6.91882
1 1 0 0.133719 0
2 0 166.882 22.4706 22.4757
2 1 0 0.133719 0
3 0 51.4447 11.6007 11.5108
3 1 0 0.133719 0
4 0 185.436 76.9348 77.0671
4 1 0 0.133719 0
5 0 0 0.133719 0
5 1 8.02804 1.29532 1.17338
5 2 162.548 29.0777 29.1002
5 3 393.909 82.4573 82.6298
5 4 514.814 93.1877 93.3716
5 5 456.404 76.3432 76.4875
5 6 395.657 70.7192 70.8572
5 7 281.9 50.0383 50.1196
5 8 213.815 45.4818 45.5513
5 9 138.277 29.9183 29.9067
5 10 96.8985 17.5833 17.5308
5 11 68.9468 13.3784 13.3361
5 12 50.6163 10.1192 10.0303
5 13 34.9607 7.42308 7.33091
5 14 29.7409 6.56322 6.46159
5 15 55.7612 10.8665 10.82
6 0 0.0379363 0.0450328 0.00143917
6 1 137.622 34.3594 34.4028
6 2 667.956 147.647 147.948
6 3 647.121 121.28 121.515
6 4 524.264 97.1463 97.3422
6 5 349.194 59.4673 59.5763
6 6 242.195 41.6326 41.6938
6 7 157.614 34.8053 34.8459
6 8 95.6856 18.0455 17.9937
6 9 56.3934 11.0005 10.9478
6 10 39.1983 7.63732 7.57327
6 11 23.1883 4.49361 4.38804
6 12 17.8727 4.00487 3.92594
6 13 10.679 1.87811 1.75091
6 14 9.29529 2.07274 1.95764
6 15 22.1107 3.75191 3.6377
7 0 0 0.133719 0
7 1 2.45408 1.71862 1.55435
7 2 110.948 66.4519 66.5537
7 3 947.476 583.946 585.425
7 4 2050.79 1161.09 1163.43
7 5 2870.29 1494.76 1496.93
7 6 3291.94 1723.01 1725.17
7 7 3307.01 1808.59 1811.02
7 8 2948.94 1644.42 1646.91
7 9 2468.29 1376.49 1378.94
7 10 1954.55 1045.71 1047.79
7 11 1555.89 821.426 823.211
7 12 1101.64 564.948 566.304
7 13 772.359 356.352 357.235
7 14 557.535 276.022 276.723
7 15 1308.38 679.989 681.552
8 0 3.94937 1.53533 1.41516
8 1 15.8806 12.0719 12.0109
8 2 828.529 395.737 396.722
8 3 1703.96 774.34 775.854
8 4 1997.16 894.124 895.714
8 5 1964.37 857.704 859.228
8 6 1895.8 930.64 932.448
8 7 1653.29 796.271 797.888
8 8 1321.05 557.484 558.678
8 9 1094.61 528.254 529.493
8 10 850.226 426.327 427.391
8 11 643.712 344.126 345.024
8 12 477.892 244.676 245.303
8 13 330.832 151.133 151.499
8 14 223.337 93.7213 93.9144
8 15 499.964 220.527 221.093
