5.1 0
1 0 65.2404 7.01422 6.92245
1 1 0 0.133719 0
2 0 168.331 22.4783 22.4835
2 1 0 0.133719 0
3 0 52.1879 11.6285 11.5388
3 1 0 0.133719 0
4 0 186.424 76.973 77.1045
4 1 0 0.133719 0
5 0 0 0.133719 0
5 1 8.07611 1.29557 1.17364
5 2 162.803 29.0789 29.1016
5 3 394.225 82.4597 82.6315
5 4 515.121 93.1915 93.3733
5 5 456.61 76.3435 76.4886
5 6 395.796 70.7209 70.858
5 7 281.983 50.0372 50.12
5 8 213.863 45.4824 45.5515
5 9 138.305 29.9182 29.9068
5 10 96.9171 17.5833 17.5309
5 11 68.957 13.3784 13.3362
5 12 50.6234 10.1193 10.0303
5 13 34.9656 7.42309 7.33094
5 14 29.7427 6.56324 6.4616
5 15 55.7651 10.8665 10.82
6 0 0.0379363 0.0450328 0.00143917
6 1 137.635 34.3592 34.4029
6 2 668.085 147.645 147.949
6 3 647.275 121.282 121.515
6 4 524.389 97.1479 97.3429
6 5 349.284 59.4684 59.5768
6 6 242.249 41.6332 41.6941
6 7 157.647 34.8053 34.8461
6 8 95.7051 18.0455 17.9938
6 9 56.4014 11.0005 10.9478
6 10 39.2035 7.63731 7.5733
6 11 23.1915 4.49361 4.38805
6 12 17.875 4.00485 3.92595
6 13 10.6807 1.87812 1.75091
6 14 9.29585 2.07275 1.95765
6 15 22.1114 3.75191 3.6377
7 0 0 0.133719 0
7 1 2.45408 1.71862 1.55435
7 2 110.948 66.4519 66.5537
7 3 947.48 583.946 585.425
7 4 2050.8 1161.09 1163.43
7 5 2870.31 1494.76 1496.93
7 6 3291.96 1723.01 1725.17
7 7 3307.02 1808.59 1811.02
7 8 2948.95 1644.42 1646.91
7 9 2468.31 1376.49 1378.94
7 10 1954.56 1045.71 1047.79
7 11 1555.9 821.427 823.211
7 12 1101.64 564.948 566.304
7 13 772.363 356.352 357.235
7 14 557.537 276.022 276.723
7 15 1308.39 679.989 681.552
8 0 3.94937 1.53533 1.41516
8 1 15.8807 12.0719 12.0109
8 2 828.533 395.737 396.722
8 3 1703.98 774.341 775.854
8 4 1997.17 894.124 895.714
8 5 1964.39 857.705 859.228
8 6 1895.82 930.641 932.448
8 7 1653.31 796.271 797.888
8 8 1321.06 557.484 558.678
8 9 1094.62 528.254 529.493
8 10 850.231 426.327 427.391
8 11 643.715 344.126 345.024
8 12 477.894 244.676 245.303
8 13 330.834 151.133 151.499
8 14 223.338 93.7213 93.9144
8 15 499.966 220.527 221.093
