5.25 0
1 0 65.9146 7.01789 6.92619
1 1 0 0.133719 0
2 0 169.779 22.4866 22.4916
2 1 0 0.133719 0
3 0 52.9311 11.657 11.5676
3 1 0 0.133719 0
4 0 187.412 77.0103 77.143
4 1 0 0.133719 0
5 0 0 0.133719 0
5 1 8.12418 1.29581 1.1739
5 2 163.058 29.0801 29.103
5 3 394.542 82.4621 82.6333
5 4 515.428 93.1927 93.375
5 5 456.817 76.346 76.4897
5 6 395.934 70.7226 70.8587
5 7 282.066 50.0382 50.1205
5 8 213.911 45.4831 45.5518
5 9 138.334 29.9182 29.907
5 10 96.9357 17.5835 17.531
5 11 68.9672 13.3785 13.3362
5 12 50.6306 10.1194 10.0304
5 13 34.9706 7.42315 7.33097
5 14 29.7444 6.56322 6.46161
5 15 55.769 10.8666 10.82
6 0 0.0379363 0.0450328 0.00143917
6 1 137.648 34.3593 34.4029
6 2 668.214 147.647 147.95
6 3 647.43 121.284 121.516
6 4 524.515 97.1468 97.3436
6 5 349.374 59.468 59.5773
6 6 242.304 41.6339 41.6944
6 7 157.679 34.8052 34.8463
6 8 95.7245 18.0455 17.9939
6 9 56.4095 11.0006 10.9478
6 10 39.2087 7.63732 7.57332
6 11 23.1946 4.49365 4.38807
6 12 17.8772 4.00488 3.92596
6 13 10.6824 1.87814 1.75092
6 14 9.29641 2.07276 1.95765
6 15 22.112 3.75192 3.63771
7 0 0 0.133719 0
7 1 2.45408 1.71862 1.55435
7 2 110.948 66.4519 66.5537
7 3 947.484 583.947 585.425
7 4 2050.81 1161.09 1163.43
7 5 2870.33 1494.76 1496.93
7 6 3291.98 1723.01 1725.17
7 7 3307.04 1808.59 1811.02
7 8 2948.97 1644.42 1646.91
7 9 2468.32 1376.49 1378.94
7 10 1954.57 1045.71 1047.79
7 11 1555.9 821.427 823.211
7 12 1101.65 564.948 566.305
7 13 772.366 356.352 357.236
7 14 557.539 276.022 276.723
7 15 1308.39 679.989 681.552
8 0 3.94937 1.53533 1.41516
8 1 15.8808 12.0719 12.0109
8 2 828.537 395.737 396.722
8 3 1703.99 774.341 775.854
8 4 1997.19 894.125 895.714
8 5 1964.41 857.705 859.229
8 6 1895.84 930.641 932.448
8 7 1653.32 796.271 797.888
8 8 1321.07 557.484 558.678
8 9 1094.63 528.254 529.493
8 10 850.236 426.327 427.391
8 11 643.718 344.127 345.024
8 12 477.897 244.676 245.304
8 13 330.835 151.133 151.499
8 14 223.338 93.7213 93.9144
8 15 499.967 220.527 221.093
