5.4 0
1 0 66.5888 7.02161 6.93004
1 1 0 0.133719 0
2 0 171.228 22.4946 22.4998
2 1 0 0.133719 0
3 0 53.6742 11.6865 11.5973
3 1 0 0.133719 0
4 0 188.401 77.0504 77.1827
4 1 0 0.133719 0
5 0 0 0.133719 0
5 1 8.17225 1.29607 1.17418
5 2 163.313 29.0823 29.1045
5 3 394.858 82.4627 82.6351
5 4 515.735 93.1941 93.3767
5 5 457.023 76.3465 76.4909
5 6 396.073 70.7226 70.8595
5 7 282.15 50.0393 50.121
5 8 213.959 45.4837 45.5521
5 9 138.362 29.9186 29.9072
5 10 96.9542 17.5835 17.5311
5 11 68.9774 13.3785 13.3363
5 12 50.6377 10.1193 10.0304
5 13 34.9755 7.42316 7.33099
5 14 29.7461 6.56324 6.46162
5 15 55.7729 10.8665 10.8201
6 0 0.0379363 0.0450328 0.00143917
6 1 137.661 34.3595 34.403
6 2 668.343 147.645 147.951
6 3 647.584 121.286 121.517
6 4 524.64 97.1484 97.3443
6 5 349.464 59.4691 59.5778
6 6 242.358 41.6345 41.6947
6 7 157.711 34.8056 34.8464
6 8 95.7439 18.0458 17.994
6 9 56.4175 11.0006 10.9479
6 10 39.2139 7.63738 7.57335
6 11 23.1978 4.49365 4.38809
6 12 17.8794 4.00488 3.92597
6 13 10.6841 1.87814 1.75093
6 14 9.29696 2.07275 1.95765
6 15 22.1127 3.75193 3.63771
7 0 0 0.133719 0
7 1 2.45408 1.71862 1.55435
7 2 110.948 66.4519 66.5537
7 3 947.488 583.947 585.425
7 4 2050.82 1161.09 1163.43
7 5 2870.34 1494.76 1496.93
7 6 3292 1723.01 1725.17
7 7 3307.06 1808.59 1811.02
7 8 2948.99 1644.42 1646.91
7 9 2468.33 1376.49 1378.94
7 10 1954.58 1045.71 1047.79
7 11 1555.91 821.427 823.211
7 12 1101.66 564.948 566.305
7 13 772.37 356.352 357.236
7 14 557.54 276.022 276.723
7 15 1308.39 679.989 681.552
8 0 3.94937 1.53533 1.41516
8 1 15.8809 12.0719 12.0109
8 2 828.541 395.737 396.722
8 3 1704 774.341 775.854
8 4 1997.21 894.125 895.714
8 5 1964.43 857.706 859.229
8 6 1895.85 930.641 932.448
8 7 1653.34 796.272 797.889
8 8 1321.08 557.485 558.678
8 9 1094.63 528.255 529.493
8 10 850.241 426.328 427.391
8 11 643.721 344.127 345.024
8 12 477.899 244.676 245.304
8 13 330.837 151.133 151.499
8 14 223.339 93.7213 93.9144
8 15 499.969 220.527 221.093
