5.55 0
1 0 67.263 7.0254 6.93399
1 1 0 0.133719 0
2 0 172.676 22.5031 22.5084
2 1 0 0.133719 0
3 0 54.4174 11.7168 11.6278
3 1 0 0.133719 0
4 0 189.389 77.0914 77.2234
4 1 0 0.133719 0
5 0 0 0.133719 0
5 1 8.22032 1.29633 1.17446
5 2 163.568 29.0836 29.106
5 3 395.174 82.467 82.6369
5 4 516.041 93.198 93.3785
5 5 457.229 76.3469 76.4921
5 6 396.211 70.7243 70.8603
5 7 282.233 50.0403 50.1215
5 8 214.007 45.4829 45.5523
5 9 138.39 29.9186 29.9073
5 10 96.9728 17.5837 17.5312
5 11 68.9875 13.3785 13.3363
5 12 50.6449 10.1194 10.0304
5 13 34.9804 7.42322 7.33102
5 14 29.7479 6.56326 6.46163
5 15 55.7767 10.8666 10.8201
6 0 0.0379363 0.0450328 0.00143917
6 1 137.674 34.3597 34.4031
6 2 668.471 147.646 147.951
6 3 647.738 121.288 121.518
6 4 524.765 97.15 97.3451
6 5 349.553 59.4688 59.5784
6 6 242.412 41.6335 41.695
6 7 157.744 34.8061 34.8466
6 8 95.7634 18.046 17.9942
6 9 56.4255 11.0006 10.9479
6 10 39.2191 7.63738 7.57338
6 11 23.2009 4.49366 4.38811
6 12 17.8816 4.00491 3.92599
6 13 10.6858 1.87815 1.75094
6 14 9.29752 2.07276 1.95766
6 15 22.1133 3.75194 3.63771
7 0 0 0.133719 0
7 1 2.45408 1.71862 1.55435
7 2 110.948 66.4519 66.5537
7 3 947.493 583.947 585.425
7 4 2050.83 1161.09 1163.43
7 5 2870.36 1494.76 1496.93
7 6 3292.02 1723.01 1725.17
7 7 3307.07 1808.59 1811.02
7 8 2949 1644.42 1646.91
7 9 2468.35 1376.49 1378.94
7 10 1954.59 1045.71 1047.79
7 11 1555.92 821.427 823.211
7 12 1101.66 564.948 566.305
7 13 772.373 356.352 357.236
7 14 557.542 276.022 276.723
7 15 1308.4 679.989 681.552
8 0 3.94937 1.53533 1.41516
8 1 15.8809 12.0719 12.0109
8 2 828.545 395.738 396.722
8 3 1704.01 774.342 775.854
8 4 1997.23 894.126 895.714
8 5 1964.45 857.706 859.229
8 6 1895.87 930.642 932.448
8 7 1653.35 796.272 797.889
8 8 1321.09 557.485 558.678
8 9 1094.64 528.255 529.493
8 10 850.247 426.328 427.391
8 11 643.724 344.127 345.024
8 12 477.902 244.677 245.304
8 13 330.838 151.133 151.499
8 14 223.339 93.7213 93.9144
8 15 499.97 220.527 221.093
