5.7 0
1 0 67.9372 7.02934 6.93806
1 1 0 0.133719 0
2 0 174.125 22.5117 22.5171
2 1 0 0.133719 0
3 0 55.1605 11.7478 11.6592
3 1 0 0.133719 0
4 0 190.377 77.1324 77.2653
4 1 0 0.133719 0
5 0 0 0.133719 0
5 1 8.26839 1.2966 1.17475
5 2 163.822 29.085 29.1075
5 3 395.491 82.4677 82.6389
5 4 516.348 93.1968 93.3804
5 5 457.436 76.3495 76.4934
5 6 396.35 70.7244 70.8612
5 7 282.317 50.0393 50.122
5 8 214.055 45.4835 45.5526
5 9 138.419 29.919 29.9075
5 10 96.9914 17.5837 17.5313
5 11 68.9977 13.3787 13.3364
5 12 50.652 10.1195 10.0305
5 13 34.9853 7.42323 7.33105
5 14 29.7496 6.56324 6.46164
5 15 55.7806 10.8666 10.8201
6 0 0.0379363 0.0450328 0.00143917
6 1 137.686 34.3599 34.4031
6 2 668.6 147.648 147.952
6 3 647.892 121.286 121.519
6 4 524.89 97.1517 97.3458
6 5 349.643 59.4699 59.5789
6 6 242.467 41.6342 41.6954
6 7 157.776 34.8056 34.8468
6 8 95.7828 18.0458 17.9943
6 9 56.4335 11.0007 10.948
6 10 39.2243 7.63745 7.57342
6 11 23.2041 4.4937 4.38812
6 12 17.8838 4.00492 3.926
6 13 10.6875 1.87816 1.75095
6 14 9.29808 2.07277 1.95766
6 15 22.114 3.75194 3.63772
7 0 0 0.133719 0
7 1 2.45408 1.71862 1.55435
7 2 110.949 66.4519 66.5537
7 3 947.497 583.947 585.425
7 4 2050.84 1161.09 1163.43
7 5 2870.38 1494.76 1496.93
7 6 3292.04 1723.01 1725.17
7 7 3307.09 1808.59 1811.02
7 8 2949.02 1644.42 1646.91
7 9 2468.36 1376.49 1378.94
7 10 1954.6 1045.71 1047.79
7 11 1555.93 821.427 823.211
7 12 1101.67 564.948 566.305
7 13 772.377 356.352 357.236
7 14 557.544 276.022 276.723
7 15 1308.4 679.989 681.552
8 0 3.94937 1.53533 1.41516
8 1 15.881 12.0719 12.0109
8 2 828.549 395.738 396.722
8 3 1704.02 774.342 775.854
8 4 1997.25 894.126 895.714
8 5 1964.47 857.707 859.229
8 6 1895.89 930.642 932.448
8 7 1653.37 796.273 797.889
8 8 1321.1 557.485 558.678
8 9 1094.65 528.255 529.493
8 10 850.252 426.328 427.391
8 11 643.727 344.127 345.024
8 12 477.904 244.677 245.304
8 13 330.84 151.133 151.499
8 14 223.34 93.7213 93.9144
8 15 499.972 220.527 221.093
