5.85 0
1 0 68.6114 7.03334 6.94223
1 1 0 0.133719 0
2 0 175.573 22.5209 22.5261
2 1 0 0.133719 0
3 0 55.9037 11.7797 11.6914
3 1 0 0.133719 0
4 0 191.365 77.1753 77.3083
4 1 0 0.133719 0
5 0 0 0.133719 0
5 1 8.31645 1.29688 1.17504
5 2 164.077 29.0868 29.1091
5 3 395.807 82.4685 82.6408
5 4 516.655 93.2009 93.3823
5 5 457.642 76.352 76.4947
5 6 396.488 70.7262 70.862
5 7 282.4 50.0403 50.1225
5 8 214.103 45.4842 45.5529
5 9 138.447 29.919 29.9077
5 10 97.01 17.5838 17.5314
5 11 69.0079 13.3788 13.3365
5 12 50.6592 10.1195 10.0305
5 13 34.9902 7.42324 7.33108
5 14 29.7514 6.56326 6.46165
5 15 55.7845 10.8667 10.8201
6 0 0.0379363 0.0450328 0.00143917
6 1 137.699 34.3601 34.4032
6 2 668.729 147.65 147.953
6 3 648.047 121.284 121.52
6 4 525.016 97.1507 97.3466
6 5 349.733 59.4696 59.5794
6 6 242.521 41.6349 41.6957
6 7 157.809 34.806 34.847
6 8 95.8022 18.0461 17.9944
6 9 56.4415 11.0008 10.948
6 10 39.2295 7.63745 7.57345
6 11 23.2073 4.49371 4.38814
6 12 17.8861 4.00492 3.92601
6 13 10.6892 1.87817 1.75097
6 14 9.29863 2.07277 1.95766
6 15 22.1146 3.75192 3.63772
7 0 0 0.133719 0
7 1 2.45408 1.71862 1.55435
7 2 110.949 66.4519 66.5537
7 3 947.501 583.947 585.425
7 4 2050.85 1161.09 1163.43
7 5 2870.39 1494.76 1496.93
7 6 3292.06 1723.01 1725.17
7 7 3307.11 1808.59 1811.02
7 8 2949.03 1644.42 1646.91
7 9 2468.37 1376.49 1378.94
7 10 1954.61 1045.71 1047.79
7 11 1555.94 821.428 823.211
7 12 1101.68 564.949 566.305
7 13 772.381 356.352 357.236
7 14 557.546 276.022 276.723
7 15 1308.41 679.99 681.552
8 0 3.94937 1.53533 1.41516
8 1 15.8811 12.0719 12.0109
8 2 828.553 395.738 396.722
8 3 1704.03 774.342 775.854
8 4 1997.27 894.126 895.714
8 5 1964.49 857.707 859.229
8 6 1895.91 930.643 932.448
8 7 1653.38 796.273 797.889
8 8 1321.11 557.485 558.678
8 9 1094.66 528.255 529.493
8 10 850.257 426.328 427.391
8 11 643.729 344.127 345.025
8 12 477.907 244.677 245.304
8 13 330.841 151.133 151.499
8 14 223.34 93.7213 93.9144
8 15 499.973 220.527 221.093
