0.6 0
1 0 45.0146 6.95663 6.86067
1 1 0 0.133719 0
2 0 124.875 22.3485 22.3503
2 1 0 0.133719 0
3 0 29.8932 11.1592 11.0622
3 1 0 0.133719 0
4 0 156.779 76.3408 76.4681
4 1 0 0.133719 0
5 0 0 0.133719 0
5 1 6.63407 1.29194 1.16924
5 2 155.161 29.0561 29.0782
5 3 384.732 82.4292 82.6024
5 4 505.917 93.162 93.3451
5 5 450.419 76.3255 76.4697
5 6 391.64 70.7089 70.8453
5 7 279.481 50.0304 50.1124
5 8 212.425 45.4779 45.5471
5 9 137.455 29.9157 29.9043
5 10 96.3593 17.5819 17.5292
5 11 68.6513 13.3776 13.3352
5 12 50.4089 10.1186 10.0296
5 13 34.8181 7.42274 7.33049
5 14 29.6904 6.56307 6.46145
5 15 55.6481 10.8662 10.8197
6 0 0.0379363 0.0450328 0.00143917
6 1 137.248 34.3583 34.4017
6 2 664.223 147.633 147.937
6 3 642.648 121.266 121.501
6 4 520.632 97.1359 97.3314
6 5 346.59 59.4593 59.5686
6 6 240.618 41.6283 41.6891
6 7 156.674 34.8022 34.8431
6 8 95.1221 18.0439 17.992
6 9 56.161 10.9999 10.9471
6 10 39.0472 7.63686 7.57282
6 11 23.0967 4.49338 4.38777
6 12 17.8083 4.0047 3.92575
6 13 10.63 1.87798 1.75076
6 14 9.27915 2.07271 1.95759
6 15 22.0916 3.75188 3.63764
7 0 0 0.133719 0
7 1 2.45408 1.71862 1.55435
7 2 110.944 66.4523 66.5537
7 3 947.351 583.943 585.424
7 4 2050.47 1161.12 1163.43
7 5 2869.82 1494.75 1496.93
7 6 3291.39 1723 1725.16
7 7 3306.52 1808.58 1811.02
7 8 2948.47 1644.4 1646.9
7 9 2467.91 1376.53 1378.94
7 10 1954.29 1045.7 1047.79
7 11 1555.66 821.421 823.211
7 12 1101.44 564.956 566.304
7 13 772.255 356.349 357.235
7 14 557.48 276.021 276.723
7 15 1308.26 679.986 681.552
8 0 3.94937 1.53533 1.41516
8 1 15.8786 12.0719 12.0109
8 2 828.415 395.735 396.722
8 3 1703.64 774.334 775.853
8 4 1996.62 894.144 895.712
8 5 1963.79 857.751 859.227
8 6 1895.26 930.658 932.446
8 7 1652.86 796.261 797.887
8 8 1320.77 557.494 558.677
8 9 1094.37 528.249 529.492
8 10 850.074 426.333 427.391
8 11 643.629 344.131 345.024
8 12 477.819 244.679 245.303
8 13 330.787 151.136 151.498
8 14 223.322 93.721 93.9143
8 15 499.92 220.526 221.093
