6 0
1 0 69.2856 7.0376 6.94651
1 1 0 0.133719 0
2 0 177.022 22.5297 22.5354
2 1 0 0.133719 0
3 0 56.6469 11.8125 11.7244
3 1 0 0.133719 0
4 0 192.353 77.2191 77.3524
4 1 0 0.133719 0
5 0 0 0.133719 0
5 1 8.36452 1.29717 1.17535
5 2 164.332 29.0882 29.1108
5 3 396.124 82.4711 82.6428
5 4 516.962 93.2023 93.3842
5 5 457.849 76.3505 76.496
5 6 396.627 70.7262 70.8629
5 7 282.484 50.0414 50.123
5 8 214.151 45.4841 45.5532
5 9 138.475 29.919 29.9079
5 10 97.0286 17.584 17.5315
5 11 69.0181 13.3788 13.3365
5 12 50.6663 10.1195 10.0306
5 13 34.9951 7.4233 7.33111
5 14 29.7531 6.56328 6.46166
5 15 55.7884 10.8666 10.8202
6 0 0.0379363 0.0450328 0.00143917
6 1 137.712 34.3599 34.4033
6 2 668.858 147.652 147.954
6 3 648.201 121.287 121.521
6 4 525.141 97.1524 97.3474
6 5 349.823 59.4708 59.58
6 6 242.575 41.6356 41.6961
6 7 157.841 34.8065 34.8472
6 8 95.8216 18.0463 17.9945
6 9 56.4495 11.0008 10.9481
6 10 39.2347 7.63746 7.57348
6 11 23.2104 4.49372 4.38816
6 12 17.8883 4.00495 3.92603
6 13 10.6909 1.87818 1.75098
6 14 9.29919 2.07277 1.95767
6 15 22.1153 3.75193 3.63773
7 0 0 0.133719 0
7 1 2.45408 1.71862 1.55435
7 2 110.949 66.4519 66.5537
7 3 947.506 583.947 585.425
7 4 2050.86 1161.09 1163.43
7 5 2870.41 1494.76 1496.93
7 6 3292.07 1722.95 1725.17
7 7 3307.12 1808.6 1811.02
7 8 2949.05 1644.42 1646.91
7 9 2468.39 1376.49 1378.94
7 10 1954.62 1045.71 1047.79
7 11 1555.94 821.428 823.212
7 12 1101.68 564.949 566.305
7 13 772.384 356.352 357.236
7 14 557.548 276.022 276.723
7 15 1308.41 679.99 681.552
8 0 3.94937 1.53533 1.41516
8 1 15.8811 12.0719 12.0109
8 2 828.557 395.738 396.722
8 3 1704.04 774.342 775.855
8 4 1997.28 894.127 895.714
8 5 1964.51 857.708 859.229
8 6 1895.93 930.643 932.448
8 7 1653.4 796.273 797.889
8 8 1321.12 557.486 558.678
8 9 1094.67 528.255 529.493
8 10 850.262 426.328 427.391
8 11 643.732 344.127 345.025
8 12 477.909 244.677 245.304
8 13 330.843 151.133 151.499
8 14 223.341 93.7213 93.9144
8 15 499.975 220.527 221.093
