6.15 0
1 0 69.9598 7.04173 6.9509
1 1 0 0.133719 0
2 0 178.471 22.5396 22.5448
2 1 0 0.133719 0
3 0 57.39 11.8461 11.7582
3 1 0 0.133719 0
4 0 193.341 77.2639 77.3976
4 1 0 0.133719 0
5 0 0 0.133719 0
5 1 8.41259 1.29746 1.17566
5 2 164.587 29.0901 29.1124
5 3 396.44 82.4738 82.6449
5 4 517.269 93.2039 93.3862
5 5 458.055 76.3532 76.4973
5 6 396.765 70.7281 70.8638
5 7 282.567 50.0415 50.1236
5 8 214.199 45.4841 45.5536
5 9 138.504 29.9194 29.908
5 10 97.0472 17.5842 17.5317
5 11 69.0283 13.3788 13.3366
5 12 50.6735 10.1196 10.0306
5 13 35.0001 7.42331 7.33115
5 14 29.7548 6.56331 6.46167
5 15 55.7923 10.8667 10.8202
6 0 0.0379363 0.0450328 0.00143917
6 1 137.725 34.3597 34.4034
6 2 668.986 147.654 147.955
6 3 648.355 121.289 121.522
6 4 525.266 97.1514 97.3482
6 5 349.913 59.4719 59.5806
6 6 242.63 41.6363 41.6964
6 7 157.873 34.807 34.8474
6 8 95.8411 18.0464 17.9946
6 9 56.4575 11.0008 10.9481
6 10 39.2399 7.63753 7.57351
6 11 23.2136 4.49375 4.38818
6 12 17.8905 4.00494 3.92604
6 13 10.6926 1.8782 1.75099
6 14 9.29975 2.07277 1.95767
6 15 22.116 3.75194 3.63773
7 0 0 0.133719 0
7 1 2.45408 1.71862 1.55435
7 2 110.949 66.452 66.5537
7 3 947.51 583.947 585.425
7 4 2050.88 1161.1 1163.43
7 5 2870.43 1494.76 1496.93
7 6 3292.09 1722.95 1725.17
7 7 3307.14 1808.6 1811.02
7 8 2949.07 1644.42 1646.91
7 9 2468.4 1376.49 1378.94
7 10 1954.63 1045.71 1047.79
7 11 1555.95 821.428 823.212
7 12 1101.69 564.949 566.305
7 13 772.388 356.352 357.236
7 14 557.55 276.022 276.723
7 15 1308.42 679.99 681.552
8 0 3.94937 1.53533 1.41516
8 1 15.8812 12.0719 12.0109
8 2 828.561 395.738 396.722
8 3 1704.05 774.343 775.855
8 4 1997.3 894.127 895.715
8 5 1964.53 857.708 859.229
8 6 1895.95 930.644 932.448
8 7 1653.41 796.274 797.889
8 8 1321.13 557.486 558.678
8 9 1094.67 528.256 529.493
8 10 850.267 426.328 427.391
8 11 643.735 344.121 345.025
8 12 477.912 244.677 245.304
8 13 330.844 151.133 151.499
8 14 223.341 93.7213 93.9144
8 15 499.976 220.527 221.093
