6.3 0
1 0 70.634 7.04611 6.9554
1 1 0 0.133719 0
2 0 179.919 22.5487 22.5545
2 1 0 0.133719 0
3 0 58.1332 11.8805 11.7929
3 1 0 0.133719 0
4 0 194.33 77.3106 77.444
4 1 0 0.133719 0
5 0 0 0.133719 0
5 1 8.46066 1.29777 1.17598
5 2 164.841 29.0915 29.1141
5 3 396.757 82.4747 82.647
5 4 517.576 93.2054 93.3883
5 5 458.261 76.3559 76.4987
5 6 396.904 70.7282 70.8647
5 7 282.65 50.0426 50.1241
5 8 214.247 45.4848 45.5539
5 9 138.532 29.9198 29.9082
5 10 97.0658 17.5843 17.5318
5 11 69.0385 13.3789 13.3367
5 12 50.6806 10.1196 10.0307
5 13 35.005 7.42333 7.33118
5 14 29.7566 6.56333 6.46168
5 15 55.7962 10.8667 10.8202
6 0 0.0379363 0.0450328 0.00143917
6 1 137.738 34.3599 34.4035
6 2 669.115 147.652 147.955
6 3 648.509 121.291 121.523
6 4 525.391 97.1531 97.349
6 5 350.002 59.4717 59.5812
6 6 242.684 41.6354 41.6968
6 7 157.906 34.8064 34.8476
6 8 95.8605 18.0464 17.9948
6 9 56.4656 11.0009 10.9482
6 10 39.2452 7.63759 7.57355
6 11 23.2167 4.49376 4.3882
6 12 17.8927 4.00496 3.92605
6 13 10.6943 1.8782 1.751
6 14 9.3003 2.07277 1.95767
6 15 22.1166 3.75195 3.63774
7 0 0 0.133719 0
7 1 2.45408 1.71862 1.55435
7 2 110.949 66.452 66.5537
7 3 947.514 583.948 585.425
7 4 2050.89 1161.1 1163.43
7 5 2870.44 1494.76 1496.93
7 6 3292.11 1722.95 1725.17
7 7 3307.16 1808.6 1811.02
7 8 2949.08 1644.42 1646.91
7 9 2468.41 1376.49 1378.94
7 10 1954.64 1045.71 1047.79
7 11 1555.96 821.428 823.212
7 12 1101.7 564.949 566.305
7 13 772.391 356.352 357.236
7 14 557.552 276.022 276.723
7 15 1308.42 679.99 681.552
8 0 3.94937 1.53533 1.41516
8 1 15.8813 12.0719 12.0109
8 2 828.565 395.738 396.722
8 3 1704.06 774.343 775.855
8 4 1997.32 894.128 895.715
8 5 1964.55 857.709 859.229
8 6 1895.97 930.644 932.449
8 7 1653.43 796.274 797.889
8 8 1321.14 557.486 558.678
8 9 1094.68 528.256 529.494
8 10 850.273 426.328 427.391
8 11 643.738 344.121 345.025
8 12 477.914 244.677 245.304
8 13 330.846 151.133 151.499
8 14 223.342 93.7214 93.9144
8 15 499.978 220.527 221.093
