6.45 0
1 0 71.3082 7.05057 6.96001
1 1 0 0.133719 0
2 0 181.368 22.5583 22.5644
2 1 0 0.133719 0
3 0 58.8763 11.9158 11.8285
3 1 0 0.133719 0
4 0 195.318 77.3573 77.4914
4 1 0 0.133719 0
5 0 0 0.133719 0
5 1 8.50873 1.29808 1.17631
5 2 165.096 29.0931 29.1159
5 3 397.073 82.4774 82.6492
5 4 517.882 93.2071 93.3904
5 5 458.468 76.3545 76.5001
5 6 397.042 70.7283 70.8657
5 7 282.734 50.0427 50.1247
5 8 214.295 45.4855 45.5542
5 9 138.56 29.9194 29.9084
5 10 97.0844 17.5843 17.5319
5 11 69.0487 13.3791 13.3367
5 12 50.6878 10.1197 10.0307
5 13 35.0099 7.4234 7.33121
5 14 29.7583 6.56331 6.46169
5 15 55.8001 10.8668 10.8202
6 0 0.0379363 0.0450328 0.00143917
6 1 137.751 34.3601 34.4036
6 2 669.244 147.654 147.956
6 3 648.663 121.293 121.524
6 4 525.517 97.1549 97.3499
6 5 350.092 59.4729 59.5818
6 6 242.739 41.6361 41.6971
6 7 157.938 34.8069 34.8479
6 8 95.88 18.0464 17.9949
6 9 56.4736 11.0009 10.9482
6 10 39.2504 7.6376 7.57359
6 11 23.2199 4.4938 4.38822
6 12 17.8949 4.00497 3.92607
6 13 10.6959 1.87822 1.75101
6 14 9.30086 2.07278 1.95768
6 15 22.1173 3.75196 3.63774
7 0 0 0.133719 0
7 1 2.45408 1.71862 1.55435
7 2 110.949 66.452 66.5537
7 3 947.519 583.948 585.425
7 4 2050.9 1161.1 1163.43
7 5 2870.46 1494.76 1496.93
7 6 3292.13 1722.95 1725.17
7 7 3307.17 1808.6 1811.02
7 8 2949.1 1644.42 1646.91
7 9 2468.43 1376.49 1378.94
7 10 1954.64 1045.71 1047.79
7 11 1555.97 821.428 823.212
7 12 1101.7 564.949 566.305
7 13 772.395 356.352 357.236
7 14 557.554 276.022 276.723
7 15 1308.42 679.99 681.552
8 0 3.94937 1.53533 1.41516
8 1 15.8813 12.0719 12.0109
8 2 828.569 395.738 396.722
8 3 1704.08 774.343 775.855
8 4 1997.34 894.128 895.715
8 5 1964.57 857.709 859.229
8 6 1895.99 930.645 932.449
8 7 1653.44 796.274 797.889
8 8 1321.15 557.486 558.678
8 9 1094.69 528.256 529.494
8 10 850.278 426.328 427.391
8 11 643.741 344.121 345.025
8 12 477.917 244.677 245.304
8 13 330.848 151.133 151.499
8 14 223.342 93.7214 93.9144
8 15 499.979 220.527 221.093
