6.6 0
1 0 71.9824 7.05518 6.96472
1 1 0 0.133719 0
2 0 182.816 22.5686 22.5746
2 1 0 0.133719 0
3 0 59.6195 11.952 11.8649
3 1 0 0.133719 0
4 0 196.306 77.4058 77.54
4 1 0 0.133719 0
5 0 0 0.133719 0
5 1 8.5568 1.29841 1.17665
5 2 165.351 29.0951 29.1177
5 3 397.39 82.4803 82.6514
5 4 518.189 93.2114 93.3925
5 5 458.674 76.3572 76.5015
5 6 397.181 70.7302 70.8666
5 7 282.817 50.0438 50.1253
5 8 214.342 45.4854 45.5545
5 9 138.589 29.9198 29.9086
5 10 97.103 17.5845 17.532
5 11 69.0589 13.3791 13.3368
5 12 50.6949 10.1198 10.0308
5 13 35.0148 7.42341 7.33125
5 14 29.7601 6.56329 6.46171
5 15 55.804 10.8668 10.8203
6 0 0.0379363 0.0450328 0.00143917
6 1 137.764 34.3603 34.4037
6 2 669.373 147.652 147.957
6 3 648.818 121.291 121.525
6 4 525.642 97.1566 97.3508
6 5 350.182 59.4727 59.5824
6 6 242.793 41.6368 41.6975
6 7 157.971 34.8074 34.8481
6 8 95.8994 18.0467 17.995
6 9 56.4816 11.0011 10.9483
6 10 39.2556 7.63761 7.57362
6 11 23.223 4.49378 4.38825
6 12 17.8972 4.005 3.92608
6 13 10.6976 1.87823 1.75102
6 14 9.30142 2.07279 1.95768
6 15 22.1179 3.75196 3.63775
7 0 0 0.133719 0
7 1 2.45408 1.71862 1.55435
7 2 110.949 66.452 66.5537
7 3 947.523 583.936 585.425
7 4 2050.91 1161.1 1163.43
7 5 2870.48 1494.76 1496.93
7 6 3292.15 1722.95 1725.17
7 7 3307.19 1808.6 1811.02
7 8 2949.11 1644.42 1646.91
7 9 2468.44 1376.49 1378.94
7 10 1954.65 1045.71 1047.79
7 11 1555.97 821.429 823.212
7 12 1101.71 564.95 566.305
7 13 772.398 356.352 357.236
7 14 557.555 276.023 276.723
7 15 1308.43 679.99 681.553
8 0 3.94937 1.53533 1.41516
8 1 15.8814 12.0719 12.0109
8 2 828.573 395.738 396.722
8 3 1704.09 774.343 775.855
8 4 1997.36 894.129 895.715
8 5 1964.59 857.71 859.23
8 6 1896 930.645 932.449
8 7 1653.46 796.275 797.889
8 8 1321.16 557.486 558.678
8 9 1094.7 528.256 529.494
8 10 850.283 426.329 427.391
8 11 643.744 344.121 345.025
8 12 477.919 244.677 245.304
8 13 330.849 151.133 151.499
8 14 223.343 93.7214 93.9144
8 15 499.981 220.527 221.093
