6.75 0
1 0 72.6566 7.05987 6.96954
1 1 0 0.133719 0
2 0 184.265 22.579 22.585
2 1 0 0.133719 0
3 0 60.3626 11.9889 11.9021
3 1 0 0.133719 0
4 0 197.294 77.4554 77.5897
4 1 0 0.133719 0
5 0 0 0.133719 0
5 1 8.60486 1.29874 1.17699
5 2 165.605 29.0966 29.1195
5 3 397.706 82.4831 82.6537
5 4 518.496 93.213 93.3947
5 5 458.88 76.36 76.503
5 6 397.319 70.7322 70.8676
5 7 282.901 50.0439 50.1259
5 8 214.39 45.4854 45.5549
5 9 138.617 29.9202 29.9088
5 10 97.1216 17.5848 17.5322
5 11 69.0691 13.3792 13.3369
5 12 50.7021 10.1197 10.0308
5 13 35.0197 7.42343 7.33128
5 14 29.7618 6.56331 6.46172
5 15 55.8079 10.8669 10.8203
6 0 0.0379363 0.0450328 0.00143917
6 1 137.777 34.3605 34.4037
6 2 669.501 147.654 147.958
6 3 648.972 121.294 121.526
6 4 525.767 97.1584 97.3517
6 5 350.272 59.4739 59.5831
6 6 242.847 41.6376 41.6979
6 7 158.003 34.8079 34.8483
6 8 95.9188 18.047 17.9952
6 9 56.4896 11.0011 10.9484
6 10 39.2608 7.63768 7.57366
6 11 23.2262 4.49382 4.38827
6 12 17.8994 4.00501 3.9261
6 13 10.6993 1.87824 1.75104
6 14 9.30197 2.07279 1.95769
6 15 22.1186 3.75197 3.63775
7 0 0 0.133719 0
7 1 2.45408 1.71862 1.55435
7 2 110.949 66.452 66.5537
7 3 947.527 583.936 585.425
7 4 2050.92 1161.1 1163.43
7 5 2870.49 1494.76 1496.93
7 6 3292.17 1722.95 1725.17
7 7 3307.21 1808.6 1811.02
7 8 2949.13 1644.42 1646.91
7 9 2468.45 1376.49 1378.94
7 10 1954.66 1045.71 1047.79
7 11 1555.98 821.429 823.212
7 12 1101.72 564.95 566.305
7 13 772.402 356.353 357.236
7 14 557.557 276.023 276.723
7 15 1308.43 679.99 681.553
8 0 3.94937 1.53533 1.41516
8 1 15.8815 12.0719 12.0109
8 2 828.576 395.738 396.722
8 3 1704.1 774.344 775.855
8 4 1997.38 894.129 895.715
8 5 1964.61 857.71 859.23
8 6 1896.02 930.646 932.449
8 7 1653.47 796.275 797.89
8 8 1321.17 557.487 558.678
8 9 1094.71 528.256 529.494
8 10 850.288 426.329 427.391
8 11 643.747 344.121 345.025
8 12 477.922 244.677 245.304
8 13 330.851 151.133 151.499
8 14 223.343 93.7214 93.9144
8 15 499.982 220.527 221.093
