6.9 0
1 0 73.3308 7.06462 6.97448
1 1 0 0.133719 0
2 0 185.713 22.5895 22.5956
2 1 0 0.133719 0
3 0 61.1058 12.0268 11.9401
3 1 0 0.133719 0
4 0 198.282 77.5058 77.6405
4 1 0 0.133719 0
5 0 0 0.133719 0
5 1 8.65293 1.29907 1.17734
5 2 165.86 29.0987 29.1214
5 3 398.023 82.4842 82.656
5 4 518.803 93.2149 93.397
5 5 459.087 76.3607 76.5045
5 6 397.458 70.7324 70.8686
5 7 282.984 50.045 50.1265
5 8 214.438 45.4861 45.5552
5 9 138.645 29.9202 29.909
5 10 97.1402 17.5846 17.5323
5 11 69.0792 13.3792 13.337
5 12 50.7092 10.1198 10.0309
5 13 35.0247 7.42344 7.33132
5 14 29.7636 6.56334 6.46173
5 15 55.8118 10.8667 10.8203
6 0 0.0379363 0.0450328 0.00143917
6 1 137.79 34.3607 34.4038
6 2 669.63 147.656 147.959
6 3 649.126 121.292 121.527
6 4 525.892 97.1576 97.3526
6 5 350.362 59.4751 59.5837
6 6 242.902 41.6375 41.6983
6 7 158.035 34.8074 34.8485
6 8 95.9382 18.0468 17.9953
6 9 56.4976 11.0012 10.9484
6 10 39.266 7.63769 7.5737
6 11 23.2294 4.49387 4.38829
6 12 17.9016 4.00502 3.92612
6 13 10.701 1.87825 1.75105
6 14 9.30253 2.07279 1.95769
6 15 22.1193 3.75198 3.63776
7 0 0 0.133719 0
7 1 2.45408 1.71862 1.55435
7 2 110.95 66.452 66.5537
7 3 947.531 583.937 585.425
7 4 2050.93 1161.1 1163.43
7 5 2870.51 1494.76 1496.93
7 6 3292.19 1722.95 1725.17
7 7 3307.22 1808.6 1811.02
7 8 2949.15 1644.42 1646.91
7 9 2468.46 1376.49 1378.94
7 10 1954.67 1045.71 1047.79
7 11 1555.99 821.429 823.212
7 12 1101.72 564.95 566.305
7 13 772.406 356.353 357.236
7 14 557.559 276.023 276.723
7 15 1308.44 679.99 681.553
8 0 3.94937 1.53533 1.41516
8 1 15.8816 12.0719 12.0109
8 2 828.58 395.738 396.722
8 3 1704.11 774.344 775.855
8 4 1997.4 894.13 895.715
8 5 1964.63 857.711 859.23
8 6 1896.04 930.646 932.449
8 7 1653.49 796.276 797.89
8 8 1321.18 557.487 558.678
8 9 1094.71 528.257 529.494
8 10 850.294 426.32 427.391
8 11 643.75 344.121 345.025
8 12 477.924 244.677 245.304
8 13 330.852 151.133 151.499
8 14 223.344 93.7214 93.9144
8 15 499.984 220.527 221.093
