7.05 0
1 0 74.005 7.06965 6.97952
1 1 0 0.133719 0
2 0 187.162 22.6006 22.6065
2 1 0 0.133719 0
3 0 61.849 12.0653 11.979
3 1 0 0.133719 0
4 0 199.27 77.5582 77.6924
4 1 0 0.133719 0
5 0 0 0.133719 0
5 1 8.701 1.29942 1.1777
5 2 166.115 29.1004 29.1233
5 3 398.339 82.4853 82.6584
5 4 519.109 93.2166 93.3993
5 5 459.293 76.3615 76.5061
5 6 397.596 70.7326 70.8697
5 7 283.068 50.0452 50.1271
5 8 214.486 45.4868 45.5556
5 9 138.674 29.9203 29.9092
5 10 97.1588 17.5849 17.5324
5 11 69.0894 13.3792 13.337
5 12 50.7164 10.1199 10.0309
5 13 35.0296 7.42351 7.33135
5 14 29.7653 6.56336 6.46174
5 15 55.8157 10.8668 10.8203
6 0 0.0379363 0.0450328 0.00143917
6 1 137.803 34.3605 34.4039
6 2 669.759 147.658 147.96
6 3 649.28 121.295 121.529
6 4 526.017 97.1567 97.3535
6 5 350.452 59.4764 59.5844
6 6 242.956 41.6382 41.6987
6 7 158.068 34.8079 34.8488
6 8 95.9577 18.0471 17.9955
6 9 56.5056 11.0012 10.9485
6 10 39.2712 7.63776 7.57374
6 11 23.2325 4.49388 4.38831
6 12 17.9038 4.00505 3.92613
6 13 10.7027 1.87826 1.75106
6 14 9.30309 2.0728 1.95769
6 15 22.1199 3.75199 3.63776
7 0 0 0.133719 0
7 1 2.45408 1.71862 1.55435
7 2 110.95 66.452 66.5537
7 3 947.536 583.937 585.425
7 4 2050.94 1161.1 1163.43
7 5 2870.53 1494.76 1496.93
7 6 3292.21 1722.95 1725.17
7 7 3307.24 1808.6 1811.02
7 8 2949.16 1644.42 1646.91
7 9 2468.48 1376.5 1378.94
7 10 1954.68 1045.71 1047.79
7 11 1556 821.429 823.212
7 12 1101.73 564.95 566.305
7 13 772.409 356.353 357.236
7 14 557.561 276.023 276.724
7 15 1308.44 679.991 681.553
8 0 3.94937 1.53533 1.41516
8 1 15.8816 12.0719 12.0109
8 2 828.584 395.739 396.722
8 3 1704.12 774.344 775.855
8 4 1997.41 894.13 895.715
8 5 1964.65 857.711 859.23
8 6 1896.06 930.647 932.449
8 7 1653.5 796.276 797.89
8 8 1321.19 557.487 558.678
8 9 1094.72 528.257 529.494
8 10 850.299 426.32 427.391
8 11 643.752 344.122 345.025
8 12 477.927 244.677 245.304
8 13 330.854 151.133 151.499
8 14 223.345 93.7214 93.9144
8 15 499.985 220.527 221.093
