7.2 0
1 0 74.6792 7.07464 6.98467
1 1 0 0.133719 0
2 0 188.61 22.6114 22.6176
2 1 0 0.133719 0
3 0 62.5921 12.1047 12.0187
3 1 0 0.133719 0
4 0 200.259 77.6105 77.7454
4 1 0 0.133719 0
5 0 0 0.133719 0
5 1 8.74907 1.29977 1.17807
5 2 166.37 29.1025 29.1252
5 3 398.655 82.4902 82.6608
5 4 519.416 93.2211 93.4016
5 5 459.5 76.3644 76.5077
5 6 397.735 70.7346 70.8707
5 7 283.151 50.0453 50.1277
5 8 214.534 45.4868 45.556
5 9 138.702 29.9207 29.9095
5 10 97.1773 17.5851 17.5326
5 11 69.0996 13.3794 13.3371
5 12 50.7235 10.1199 10.031
5 13 35.0345 7.42358 7.33139
5 14 29.767 6.56339 6.46175
5 15 55.8196 10.8668 10.8204
6 0 0.0379363 0.0450328 0.00143917
6 1 137.815 34.3603 34.404
6 2 669.888 147.66 147.961
6 3 649.435 121.297 121.53
6 4 526.143 97.1585 97.3545
6 5 350.541 59.4763 59.5851
6 6 243.01 41.6382 41.6992
6 7 158.1 34.8084 34.849
6 8 95.9771 18.0474 17.9956
6 9 56.5136 11.0013 10.9485
6 10 39.2764 7.63778 7.57378
6 11 23.2357 4.49389 4.38834
6 12 17.906 4.00505 3.92615
6 13 10.7044 1.87828 1.75107
6 14 9.30365 2.07279 1.9577
6 15 22.1206 3.752 3.63777
7 0 0 0.133719 0
7 1 2.45408 1.71862 1.55435
7 2 110.95 66.452 66.5537
7 3 947.54 583.937 585.425
7 4 2050.95 1161.1 1163.43
7 5 2870.54 1494.77 1496.93
7 6 3292.23 1722.95 1725.17
7 7 3307.26 1808.6 1811.02
7 8 2949.18 1644.42 1646.91
7 9 2468.49 1376.5 1378.94
7 10 1954.69 1045.71 1047.79
7 11 1556.01 821.429 823.212
7 12 1101.74 564.95 566.305
7 13 772.413 356.353 357.236
7 14 557.563 276.023 276.724
7 15 1308.45 679.991 681.553
8 0 3.94937 1.53533 1.41516
8 1 15.8817 12.0719 12.0109
8 2 828.588 395.739 396.722
8 3 1704.13 774.345 775.855
8 4 1997.43 894.131 895.716
8 5 1964.67 857.712 859.23
8 6 1896.08 930.647 932.449
8 7 1653.52 796.276 797.89
8 8 1321.2 557.487 558.679
8 9 1094.73 528.257 529.494
8 10 850.304 426.32 427.391
8 11 643.755 344.122 345.025
8 12 477.929 244.677 245.304
8 13 330.855 151.133 151.499
8 14 223.345 93.7214 93.9144
8 15 499.987 220.527 221.093
