7.35 0
1 0 75.3533 7.07981 6.98992
1 1 0 0.133719 0
2 0 190.059 22.6223 22.6289
2 1 0 0.133719 0
3 0 63.3353 12.145 12.0592
3 1 0 0.133719 0
4 0 201.247 77.6648 77.7996
4 1 0 0.133719 0
5 0 0 0.133719 0
5 1 8.79714 1.30013 1.17844
5 2 166.625 29.1042 29.1272
5 3 398.972 82.4914 82.6633
5 4 519.723 93.2204 93.404
5 5 459.706 76.3652 76.5093
5 6 397.874 70.7366 70.8718
5 7 283.234 50.0465 50.1284
5 8 214.582 45.4876 45.5563
5 9 138.73 29.9212 29.9097
5 10 97.1959 17.5852 17.5327
5 11 69.1098 13.3795 13.3372
5 12 50.7307 10.1199 10.031
5 13 35.0394 7.42355 7.33143
5 14 29.7688 6.56341 6.46177
5 15 55.8235 10.8669 10.8204
6 0 0.0379363 0.0450328 0.00143917
6 1 137.828 34.3605 34.4041
6 2 670.016 147.662 147.962
6 3 649.589 121.299 121.531
6 4 526.268 97.1604 97.3555
6 5 350.631 59.4761 59.5858
6 6 243.065 41.6389 41.6996
6 7 158.133 34.8084 34.8493
6 8 95.9966 18.0474 17.9958
6 9 56.5217 11.0014 10.9486
6 10 39.2816 7.63779 7.57382
6 11 23.2388 4.4939 4.38836
6 12 17.9083 4.00506 3.92616
6 13 10.7061 1.87829 1.75109
6 14 9.3042 2.0728 1.9577
6 15 22.1212 3.75201 3.63777
7 0 0 0.133719 0
7 1 2.45408 1.71862 1.55435
7 2 110.95 66.452 66.5537
7 3 947.544 583.937 585.425
7 4 2050.96 1161.1 1163.43
7 5 2870.56 1494.77 1496.93
7 6 3292.25 1722.95 1725.17
7 7 3307.28 1808.6 1811.02
7 8 2949.19 1644.36 1646.91
7 9 2468.5 1376.5 1378.94
7 10 1954.7 1045.71 1047.79
7 11 1556.01 821.43 823.212
7 12 1101.74 564.95 566.305
7 13 772.416 356.353 357.236
7 14 557.565 276.023 276.724
7 15 1308.45 679.991 681.553
8 0 3.94937 1.53533 1.41516
8 1 15.8818 12.0719 12.0109
8 2 828.592 395.739 396.722
8 3 1704.14 774.345 775.855
8 4 1997.45 894.131 895.716
8 5 1964.69 857.712 859.23
8 6 1896.1 930.648 932.449
8 7 1653.53 796.277 797.89
8 8 1321.21 557.488 558.679
8 9 1094.74 528.257 529.494
8 10 850.309 426.32 427.391
8 11 643.758 344.122 345.025
8 12 477.932 244.677 245.304
8 13 330.857 151.133 151.499
8 14 223.346 93.7214 93.9144
8 15 499.988 220.527 221.093
