0.75 0
1 0 45.6888 6.95705 6.86115
1 1 0 0.133719 0
2 0 126.324 22.3495 22.3514
2 1 0 0.133719 0
3 0 30.6363 11.1627 11.0659
3 1 0 0.133719 0
4 0 157.768 76.3455 76.4731
4 1 0 0.133719 0
5 0 0 0.133719 0
5 1 6.68213 1.29194 1.16927
5 2 155.415 29.0563 29.0784
5 3 385.048 82.4284 82.6026
5 4 506.224 93.1594 93.3453
5 5 450.626 76.325 76.4698
5 6 391.778 70.7082 70.8454
5 7 279.564 50.031 50.1124
5 8 212.473 45.4783 45.5472
5 9 137.483 29.9156 29.9043
5 10 96.3779 17.5818 17.5292
5 11 68.6615 13.3775 13.3353
5 12 50.416 10.1186 10.0296
5 13 34.823 7.42267 7.33049
5 14 29.6922 6.56308 6.46145
5 15 55.652 10.8663 10.8197
6 0 0.0379363 0.0450328 0.00143917
6 1 137.261 34.3584 34.4017
6 2 664.352 147.634 147.937
6 3 642.803 121.264 121.501
6 4 520.757 97.1369 97.3315
6 5 346.68 59.4586 59.5686
6 6 240.672 41.6287 41.6891
6 7 156.707 34.8025 34.8432
6 8 95.1415 18.0439 17.992
6 9 56.1691 10.9999 10.9471
6 10 39.0524 7.63684 7.57282
6 11 23.0999 4.49337 4.38777
6 12 17.8106 4.00468 3.92576
6 13 10.6317 1.87799 1.75076
6 14 9.27971 2.07271 1.95759
6 15 22.0923 3.75188 3.63764
7 0 0 0.133719 0
7 1 2.45408 1.71862 1.55435
7 2 110.944 66.4523 66.5537
7 3 947.356 583.943 585.424
7 4 2050.48 1161.12 1163.43
7 5 2869.83 1494.75 1496.93
7 6 3291.41 1723 1725.16
7 7 3306.53 1808.58 1811.02
7 8 2948.49 1644.4 1646.9
7 9 2467.92 1376.48 1378.94
7 10 1954.3 1045.7 1047.79
7 11 1555.67 821.421 823.211
7 12 1101.45 564.956 566.304
7 13 772.258 356.349 357.235
7 14 557.482 276.021 276.723
7 15 1308.26 679.986 681.552
8 0 3.94937 1.53533 1.41516
8 1 15.8787 12.0719 12.0109
8 2 828.419 395.735 396.722
8 3 1703.65 774.334 775.853
8 4 1996.64 894.144 895.712
8 5 1963.81 857.722 859.227
8 6 1895.27 930.659 932.446
8 7 1652.87 796.261 797.887
8 8 1320.78 557.494 558.677
8 9 1094.38 528.249 529.492
8 10 850.079 426.333 427.391
8 11 643.632 344.131 345.024
8 12 477.822 244.679 245.303
8 13 330.788 151.136 151.498
8 14 223.323 93.721 93.9143
8 15 499.922 220.526 221.093
