7.5 0
1 0 76.0275 7.08494 6.99529
1 1 0 0.133719 0
2 0 191.507 22.6343 22.6405
2 1 0 0.133719 0
3 0 64.0784 12.1861 12.1006
3 1 0 0.133719 0
4 0 202.235 77.7201 77.8549
4 1 0 0.133719 0
5 0 0 0.133719 0
5 1 8.8452 1.30049 1.17882
5 2 166.879 29.1064 29.1293
5 3 399.288 82.4926 82.6658
5 4 520.03 93.2249 93.4064
5 5 459.912 76.3681 76.5109
5 6 398.012 70.7351 70.8729
5 7 283.318 50.0477 50.1291
5 8 214.63 45.4876 45.5567
5 9 138.759 29.9212 29.9099
5 10 97.2145 17.5854 17.5329
5 11 69.12 13.3795 13.3373
5 12 50.7378 10.12 10.0311
5 13 35.0443 7.42362 7.33147
5 14 29.7705 6.56339 6.46178
5 15 55.8274 10.867 10.8204
6 0 0.0379363 0.0450328 0.00143917
6 1 137.841 34.3607 34.4042
6 2 670.145 147.66 147.963
6 3 649.743 121.298 121.532
6 4 526.393 97.1623 97.3565
6 5 350.721 59.4774 59.5865
6 6 243.119 41.6389 41.7
6 7 158.165 34.8085 34.8495
6 8 96.016 18.0475 17.9959
6 9 56.5297 11.0013 10.9487
6 10 39.2868 7.63786 7.57386
6 11 23.242 4.49395 4.38838
6 12 17.9105 4.0051 3.92618
6 13 10.7078 1.8783 1.7511
6 14 9.30476 2.07281 1.95771
6 15 22.1219 3.75201 3.63778
7 0 0 0.133719 0
7 1 2.45408 1.71862 1.55435
7 2 110.95 66.452 66.5537
7 3 947.549 583.937 585.425
7 4 2050.98 1161.1 1163.43
7 5 2870.57 1494.77 1496.93
7 6 3292.26 1722.95 1725.17
7 7 3307.29 1808.6 1811.02
7 8 2949.21 1644.36 1646.91
7 9 2468.52 1376.5 1378.94
7 10 1954.71 1045.71 1047.79
7 11 1556.02 821.43 823.212
7 12 1101.75 564.951 566.305
7 13 772.42 356.353 357.236
7 14 557.567 276.023 276.724
7 15 1308.45 679.991 681.553
8 0 3.94937 1.53533 1.41516
8 1 15.8818 12.0719 12.0109
8 2 828.596 395.739 396.722
8 3 1704.15 774.345 775.855
8 4 1997.47 894.132 895.716
8 5 1964.71 857.713 859.231
8 6 1896.12 930.648 932.45
8 7 1653.55 796.277 797.89
8 8 1321.22 557.488 558.679
8 9 1094.75 528.257 529.494
8 10 850.315 426.32 427.392
8 11 643.761 344.122 345.025
8 12 477.934 244.677 245.304
8 13 330.858 151.133 151.499
8 14 223.346 93.7214 93.9144
8 15 499.99 220.527 221.093
