7.65 0
1 0 76.7017 7.09036 7.00076
1 1 0 0.133719 0
2 0 192.956 22.6459 22.6523
2 1 0 0.133719 0
3 0 64.8216 12.228 12.1429
3 1 0 0.133719 0
4 0 203.223 77.7763 77.9112
4 1 0 0.133719 0
5 0 0 0.133719 0
5 1 8.89327 1.30087 1.17921
5 2 167.134 29.1082 29.1314
5 3 399.605 82.4976 82.6684
5 4 520.337 93.227 93.4089
5 5 460.119 76.369 76.5126
5 6 398.151 70.7372 70.874
5 7 283.401 50.0479 50.1297
5 8 214.678 45.4883 45.5571
5 9 138.787 29.9213 29.9101
5 10 97.2331 17.5855 17.533
5 11 69.1302 13.3795 13.3373
5 12 50.745 10.12 10.0312
5 13 35.0492 7.42369 7.33151
5 14 29.7723 6.56342 6.46179
5 15 55.8313 10.867 10.8205
6 0 0.0379363 0.0450328 0.00143917
6 1 137.854 34.3609 34.4043
6 2 670.274 147.658 147.964
6 3 649.897 121.3 121.533
6 4 526.518 97.1642 97.3575
6 5 350.811 59.4787 59.5873
6 6 243.174 41.6397 41.7005
6 7 158.197 34.809 34.8498
6 8 96.0354 18.0478 17.9961
6 9 56.5377 11.0014 10.9487
6 10 39.292 7.63794 7.5739
6 11 23.2452 4.49399 4.38841
6 12 17.9127 4.0051 3.9262
6 13 10.7095 1.87831 1.75112
6 14 9.30532 2.07281 1.95771
6 15 22.1225 3.752 3.63778
7 0 0 0.133719 0
7 1 2.45408 1.71862 1.55435
7 2 110.95 66.452 66.5537
7 3 947.553 583.937 585.425
7 4 2050.99 1161.1 1163.43
7 5 2870.59 1494.77 1496.93
7 6 3292.28 1722.95 1725.17
7 7 3307.31 1808.6 1811.02
7 8 2949.23 1644.36 1646.91
7 9 2468.53 1376.5 1378.94
7 10 1954.72 1045.71 1047.79
7 11 1556.03 821.43 823.212
7 12 1101.76 564.951 566.305
7 13 772.424 356.353 357.236
7 14 557.569 276.023 276.724
7 15 1308.46 679.991 681.553
8 0 3.94937 1.53533 1.41516
8 1 15.8819 12.0719 12.0109
8 2 828.6 395.739 396.722
8 3 1704.17 774.345 775.855
8 4 1997.49 894.132 895.716
8 5 1964.73 857.713 859.231
8 6 1896.13 930.649 932.45
8 7 1653.56 796.278 797.89
8 8 1321.23 557.488 558.679
8 9 1094.76 528.258 529.494
8 10 850.32 426.32 427.392
8 11 643.764 344.122 345.025
8 12 477.937 244.677 245.304
8 13 330.86 151.133 151.499
8 14 223.347 93.7215 93.9144
8 15 499.991 220.527 221.093
