7.8 0
1 0 77.3759 7.09574 7.00634
1 1 0 0.133719 0
2 0 194.404 22.6577 22.6643
2 1 0 0.133719 0
3 0 65.5647 12.2709 12.1859
3 1 0 0.133719 0
4 0 204.211 77.8335 77.9687
4 1 0 0.133719 0
5 0 0 0.133719 0
5 1 8.94134 1.30126 1.17961
5 2 167.389 29.1105 29.1335
5 3 399.921 82.4989 82.671
5 4 520.644 93.229 93.4115
5 5 460.325 76.372 76.5143
5 6 398.289 70.7393 70.8752
5 7 283.485 50.0481 50.1304
5 8 214.726 45.4883 45.5575
5 9 138.815 29.9217 29.9104
5 10 97.2517 17.5855 17.5332
5 11 69.1404 13.3797 13.3374
5 12 50.7521 10.1201 10.0312
5 13 35.0542 7.42371 7.33155
5 14 29.774 6.5634 6.46181
5 15 55.8352 10.8671 10.8205
6 0 0.0379363 0.0450328 0.00143917
6 1 137.867 34.3612 34.4044
6 2 670.403 147.66 147.965
6 3 650.052 121.303 121.535
6 4 526.644 97.1661 97.3585
6 5 350.901 59.48 59.588
6 6 243.228 41.6405 41.7009
6 7 158.23 34.8095 34.8501
6 8 96.0548 18.0479 17.9963
6 9 56.5457 11.0016 10.9488
6 10 39.2972 7.63795 7.57394
6 11 23.2483 4.49397 4.38843
6 12 17.9149 4.00514 3.92622
6 13 10.7112 1.87833 1.75113
6 14 9.30587 2.07281 1.95772
6 15 22.1232 3.75198 3.63779
7 0 0 0.133719 0
7 1 2.45408 1.71862 1.55435
7 2 110.95 66.452 66.5537
7 3 947.557 583.937 585.425
7 4 2051 1161.1 1163.43
7 5 2870.61 1494.77 1496.93
7 6 3292.3 1722.95 1725.17
7 7 3307.33 1808.6 1811.02
7 8 2949.24 1644.36 1646.91
7 9 2468.54 1376.5 1378.94
7 10 1954.73 1045.71 1047.79
7 11 1556.04 821.43 823.212
7 12 1101.76 564.951 566.305
7 13 772.427 356.353 357.236
7 14 557.571 276.023 276.724
7 15 1308.46 679.991 681.553
8 0 3.94937 1.53533 1.41516
8 1 15.882 12.0719 12.0109
8 2 828.604 395.739 396.722
8 3 1704.18 774.346 775.856
8 4 1997.51 894.133 895.716
8 5 1964.75 857.714 859.231
8 6 1896.15 930.649 932.45
8 7 1653.58 796.278 797.89
8 8 1321.24 557.488 558.679
8 9 1094.76 528.258 529.494
8 10 850.325 426.32 427.392
8 11 643.767 344.122 345.025
8 12 477.939 244.678 245.304
8 13 330.862 151.133 151.499
8 14 223.347 93.7215 93.9144
8 15 499.993 220.527 221.093
