7.95 0
1 0 78.0501 7.1013 7.01203
1 1 0 0.133719 0
2 0 195.853 22.6701 22.6766
2 1 0 0.133719 0
3 0 66.3079 12.3145 12.2298
3 1 0 0.133719 0
4 0 205.199 77.8916 78.0274
4 1 0 0.133719 0
5 0 0 0.133719 0
5 1 8.98941 1.30164 1.18002
5 2 167.644 29.1128 29.1356
5 3 400.238 82.5041 82.6737
5 4 520.95 93.2337 93.4141
5 5 460.531 76.373 76.516
5 6 398.428 70.7414 70.8764
5 7 283.568 50.0493 50.1311
5 8 214.774 45.4891 45.5579
5 9 138.844 29.9218 29.9106
5 10 97.2703 17.5858 17.5333
5 11 69.1506 13.3798 13.3375
5 12 50.7593 10.1202 10.0313
5 13 35.0591 7.42373 7.33159
5 14 29.7757 6.56343 6.46182
5 15 55.8391 10.867 10.8205
6 0 0.0379363 0.0450328 0.00143917
6 1 137.88 34.3614 34.4046
6 2 670.531 147.662 147.966
6 3 650.206 121.301 121.536
6 4 526.769 97.1627 97.3596
6 5 350.99 59.4785 59.5888
6 6 243.282 41.6405 41.7014
6 7 158.262 34.8095 34.8503
6 8 96.0743 18.0479 17.9964
6 9 56.5537 11.0016 10.9489
6 10 39.3025 7.63797 7.57399
6 11 23.2515 4.49402 4.38846
6 12 17.9171 4.00512 3.92623
6 13 10.7129 1.87834 1.75114
6 14 9.30643 2.07282 1.95772
6 15 22.1239 3.75199 3.63779
7 0 0 0.133719 0
7 1 2.45408 1.71862 1.55435
7 2 110.951 66.452 66.5538
7 3 947.561 583.938 585.425
7 4 2051.01 1161.1 1163.43
7 5 2870.62 1494.77 1496.93
7 6 3292.32 1722.95 1725.17
7 7 3307.34 1808.6 1811.02
7 8 2949.26 1644.36 1646.91
7 9 2468.56 1376.5 1378.94
7 10 1954.74 1045.71 1047.79
7 11 1556.04 821.431 823.212
7 12 1101.77 564.951 566.305
7 13 772.431 356.353 357.236
7 14 557.572 276.023 276.724
7 15 1308.47 679.991 681.553
8 0 3.94937 1.53533 1.41516
8 1 15.8821 12.0719 12.0109
8 2 828.608 395.739 396.723
8 3 1704.19 774.346 775.856
8 4 1997.53 894.133 895.716
8 5 1964.77 857.714 859.231
8 6 1896.17 930.65 932.45
8 7 1653.59 796.278 797.89
8 8 1321.25 557.489 558.679
8 9 1094.77 528.258 529.494
8 10 850.33 426.321 427.392
8 11 643.77 344.122 345.025
8 12 477.942 244.678 245.304
8 13 330.863 151.133 151.499
8 14 223.348 93.7215 93.9144
8 15 499.994 220.527 221.093
