8.1 0
1 0 78.7243 7.10693 7.01783
1 1 0 0.133719 0
2 0 197.301 22.6827 22.6891
2 1 0 0.133719 0
3 0 67.051 12.3589 12.2745
3 1 0 0.133719 0
4 0 206.188 77.9507 78.0871
4 1 0 0.133719 0
5 0 0 0.133719 0
5 1 9.03748 1.30204 1.18043
5 2 167.898 29.1152 29.1378
5 3 400.554 82.5055 82.6764
5 4 521.257 93.2332 93.4167
5 5 460.738 76.374 76.5178
5 6 398.566 70.74 70.8775
5 7 283.652 50.0506 50.1319
5 8 214.822 45.4891 45.5583
5 9 138.872 29.9222 29.9108
5 10 97.2889 17.5861 17.5335
5 11 69.1608 13.3798 13.3376
5 12 50.7664 10.1202 10.0313
5 13 35.064 7.42375 7.33164
5 14 29.7775 6.56346 6.46184
5 15 55.843 10.8671 10.8205
6 0 0.0379363 0.0450328 0.00143917
6 1 137.893 34.3616 34.4047
6 2 670.66 147.664 147.967
6 3 650.36 121.304 121.537
6 4 526.894 97.1646 97.3607
6 5 351.08 59.4799 59.5895
6 6 243.337 41.6413 41.7018
6 7 158.295 34.8096 34.8506
6 8 96.0937 18.0482 17.9966
6 9 56.5617 11.0016 10.9489
6 10 39.3077 7.63805 7.57403
6 11 23.2546 4.49403 4.38849
6 12 17.9194 4.00516 3.92625
6 13 10.7145 1.87837 1.75116
6 14 9.30698 2.07283 1.95773
6 15 22.1245 3.752 3.6378
7 0 0 0.133719 0
7 1 2.45408 1.71862 1.55435
7 2 110.951 66.452 66.5538
7 3 947.566 583.938 585.425
7 4 2051.02 1161.1 1163.43
7 5 2870.64 1494.77 1496.93
7 6 3292.34 1722.95 1725.17
7 7 3307.36 1808.6 1811.02
7 8 2949.27 1644.36 1646.91
7 9 2468.57 1376.5 1378.94
7 10 1954.75 1045.71 1047.79
7 11 1556.05 821.431 823.212
7 12 1101.78 564.951 566.305
7 13 772.434 356.353 357.236
7 14 557.574 276.023 276.724
7 15 1308.47 679.991 681.553
8 0 3.94937 1.53533 1.41516
8 1 15.8821 12.0719 12.0109
8 2 828.612 395.739 396.723
8 3 1704.2 774.346 775.856
8 4 1997.54 894.133 895.716
8 5 1964.79 857.715 859.231
8 6 1896.19 930.651 932.45
8 7 1653.61 796.279 797.891
8 8 1321.26 557.489 558.679
8 9 1094.78 528.246 529.494
8 10 850.335 426.321 427.392
8 11 643.773 344.122 345.025
8 12 477.944 244.678 245.304
8 13 330.865 151.134 151.499
8 14 223.348 93.7215 93.9144
8 15 499.996 220.527 221.093
