8.25 0
1 0 79.3985 7.11274 7.02374
1 1 0 0.133719 0
2 0 198.75 22.6954 22.7018
2 1 0 0.133719 0
3 0 67.7942 12.4042 12.3201
3 1 0 0.133719 0
4 0 207.176 78.0117 78.148
4 1 0 0.133719 0
5 0 0 0.133719 0
5 1 9.08555 1.30245 1.18085
5 2 168.153 29.1171 29.1401
5 3 400.871 82.5088 82.6792
5 4 521.564 93.238 93.4194
5 5 460.944 76.3771 76.5196
5 6 398.705 70.7421 70.8788
5 7 283.735 50.0498 50.1326
5 8 214.87 45.4899 45.5587
5 9 138.9 29.9223 29.9111
5 10 97.3075 17.5859 17.5337
5 11 69.1709 13.3799 13.3377
5 12 50.7736 10.1203 10.0314
5 13 35.0689 7.42383 7.33168
5 14 29.7792 6.56348 6.46185
5 15 55.8469 10.867 10.8206
6 0 0.0379363 0.0450328 0.00143917
6 1 137.906 34.361 34.4048
6 2 670.789 147.667 147.969
6 3 650.514 121.306 121.539
6 4 527.019 97.1666 97.3618
6 5 351.17 59.4812 59.5903
6 6 243.391 41.6413 41.7023
6 7 158.327 34.8101 34.8509
6 8 96.1132 18.0483 17.9968
6 9 56.5697 11.0017 10.949
6 10 39.3129 7.63806 7.57408
6 11 23.2578 4.49408 4.38851
6 12 17.9216 4.00517 3.92627
6 13 10.7162 1.87837 1.75117
6 14 9.30754 2.07283 1.95773
6 15 22.1252 3.75201 3.63781
7 0 0 0.133719 0
7 1 2.45408 1.71862 1.55435
7 2 110.951 66.452 66.5538
7 3 947.57 583.938 585.425
7 4 2051.03 1161.1 1163.43
7 5 2870.66 1494.77 1496.94
7 6 3292.36 1722.96 1725.17
7 7 3307.38 1808.6 1811.02
7 8 2949.29 1644.36 1646.91
7 9 2468.58 1376.5 1378.94
7 10 1954.75 1045.71 1047.79
7 11 1556.06 821.431 823.212
7 12 1101.78 564.952 566.305
7 13 772.438 356.353 357.236
7 14 557.576 276.023 276.724
7 15 1308.48 679.992 681.553
8 0 3.94937 1.53533 1.41516
8 1 15.8822 12.0719 12.0109
8 2 828.616 395.739 396.723
8 3 1704.21 774.347 775.856
8 4 1997.56 894.134 895.717
8 5 1964.81 857.715 859.231
8 6 1896.21 930.651 932.45
8 7 1653.62 796.279 797.891
8 8 1321.27 557.489 558.679
8 9 1094.79 528.246 529.495
8 10 850.341 426.321 427.392
8 11 643.775 344.122 345.025
8 12 477.947 244.678 245.304
8 13 330.866 151.134 151.499
8 14 223.349 93.7215 93.9144
8 15 499.998 220.527 221.093
