8.4 0
1 0 80.0727 7.11863 7.02976
1 1 0 0.133719 0
2 0 200.198 22.7083 22.7148
2 1 0 0.133719 0
3 0 68.5374 12.4505 12.3665
3 1 0 0.133719 0
4 0 208.164 78.0728 78.2099
4 1 0 0.133719 0
5 0 0 0.133719 0
5 1 9.13361 1.30287 1.18128
5 2 168.408 29.1196 29.1424
5 3 401.187 82.5122 82.682
5 4 521.871 93.2401 93.4221
5 5 461.151 76.3781 76.5215
5 6 398.843 70.7443 70.88
5 7 283.818 50.0511 50.1333
5 8 214.918 45.49 45.5592
5 9 138.929 29.9228 29.9113
5 10 97.3261 17.5862 17.5338
5 11 69.1811 13.38 13.3378
5 12 50.7807 10.1204 10.0315
5 13 35.0738 7.42391 7.33172
5 14 29.781 6.56346 6.46186
5 15 55.8508 10.8671 10.8206
6 0 0.0379363 0.0450328 0.00143917
6 1 137.919 34.3612 34.4049
6 2 670.918 147.669 147.97
6 3 650.668 121.305 121.54
6 4 527.145 97.1686 97.3629
6 5 351.26 59.4826 59.5911
6 6 243.446 41.6421 41.7028
6 7 158.36 34.8102 34.8512
6 8 96.1326 18.0486 17.9969
6 9 56.5777 11.0018 10.9491
6 10 39.3181 7.63814 7.57412
6 11 23.261 4.49407 4.38854
6 12 17.9238 4.00518 3.92629
6 13 10.7179 1.87838 1.75119
6 14 9.3081 2.07284 1.95774
6 15 22.1258 3.75202 3.63781
7 0 0 0.133719 0
7 1 2.45408 1.71862 1.55435
7 2 110.951 66.452 66.5538
7 3 947.574 583.938 585.425
7 4 2051.04 1161.1 1163.43
7 5 2870.67 1494.77 1496.94
7 6 3292.38 1722.96 1725.17
7 7 3307.39 1808.6 1811.02
7 8 2949.31 1644.36 1646.91
7 9 2468.6 1376.5 1378.94
7 10 1954.76 1045.71 1047.79
7 11 1556.07 821.431 823.213
7 12 1101.79 564.952 566.306
7 13 772.442 356.354 357.236
7 14 557.578 276.023 276.724
7 15 1308.48 679.992 681.553
8 0 3.94937 1.53533 1.41516
8 1 15.8823 12.0719 12.0109
8 2 828.62 395.74 396.723
8 3 1704.22 774.347 775.856
8 4 1997.58 894.134 895.717
8 5 1964.83 857.716 859.232
8 6 1896.23 930.652 932.451
8 7 1653.64 796.28 797.891
8 8 1321.28 557.489 558.679
8 9 1094.8 528.246 529.495
8 10 850.346 426.321 427.392
8 11 643.778 344.122 345.025
8 12 477.949 244.678 245.304
8 13 330.868 151.134 151.499
8 14 223.349 93.7215 93.9144
8 15 499.999 220.527 221.093
