8.55 0
1 0 80.7469 7.12471 7.03588
1 1 0 0.133719 0
2 0 201.647 22.7213 22.728
2 1 0 0.133719 0
3 0 69.2805 12.4973 12.4138
3 1 0 0.133719 0
4 0 209.152 78.1358 78.273
4 1 0 0.133719 0
5 0 0 0.133719 0
5 1 9.18168 1.3033 1.18171
5 2 168.663 29.1216 29.1447
5 3 401.503 82.5138 82.6849
5 4 522.178 93.2425 93.4249
5 5 461.357 76.3813 76.5233
5 6 398.982 70.7447 70.8812
5 7 283.902 50.0524 50.1341
5 8 214.966 45.4908 45.5596
5 9 138.957 29.9228 29.9116
5 10 97.3447 17.5865 17.534
5 11 69.1913 13.3802 13.3379
5 12 50.7879 10.1204 10.0315
5 13 35.0788 7.42388 7.33177
5 14 29.7827 6.56349 6.46188
5 15 55.8547 10.8672 10.8206
6 0 0.0379363 0.0450328 0.00143917
6 1 137.932 34.3614 34.405
6 2 671.046 147.671 147.971
6 3 650.823 121.308 121.541
6 4 527.27 97.1706 97.364
6 5 351.35 59.484 59.5919
6 6 243.5 41.6429 41.7033
6 7 158.392 34.8107 34.8515
6 8 96.152 18.0487 17.9971
6 9 56.5858 11.0019 10.9491
6 10 39.3233 7.63816 7.57417
6 11 23.2641 4.49411 4.38857
6 12 17.926 4.00521 3.92631
6 13 10.7196 1.8784 1.75121
6 14 9.30865 2.07283 1.95774
6 15 22.1265 3.75203 3.63782
7 0 0 0.133719 0
7 1 2.45408 1.71862 1.55435
7 2 110.951 66.452 66.5538
7 3 947.579 583.938 585.425
7 4 2051.05 1161.1 1163.43
7 5 2870.69 1494.77 1496.94
7 6 3292.4 1722.96 1725.17
7 7 3307.41 1808.6 1811.02
7 8 2949.32 1644.36 1646.91
7 9 2468.61 1376.5 1378.94
7 10 1954.77 1045.71 1047.79
7 11 1556.07 821.432 823.213
7 12 1101.8 564.952 566.306
7 13 772.445 356.354 357.236
7 14 557.58 276.023 276.724
7 15 1308.48 679.992 681.553
8 0 3.94937 1.53533 1.41516
8 1 15.8823 12.0719 12.0109
8 2 828.624 395.74 396.723
8 3 1704.23 774.347 775.856
8 4 1997.6 894.135 895.717
8 5 1964.85 857.716 859.232
8 6 1896.25 930.652 932.451
8 7 1653.65 796.28 797.891
8 8 1321.29 557.49 558.679
8 9 1094.8 528.246 529.495
8 10 850.351 426.321 427.392
8 11 643.781 344.122 345.025
8 12 477.952 244.678 245.304
8 13 330.869 151.134 151.499
8 14 223.35 93.7215 93.9144
8 15 500.001 220.527 221.093
