8.7 0
1 0 81.4211 7.13075 7.04211
1 1 0 0.133719 0
2 0 203.096 22.7344 22.7414
2 1 0 0.133719 0
3 0 70.0237 12.5452 12.4618
3 1 0 0.133719 0
4 0 210.14 78.1998 78.3372
4 1 0 0.133719 0
5 0 0 0.133719 0
5 1 9.22975 1.30372 1.18216
5 2 168.917 29.1241 29.1471
5 3 401.82 82.5172 82.6878
5 4 522.484 93.2474 93.4278
5 5 461.563 76.3824 76.5252
5 6 399.12 70.7452 70.8825
5 7 283.985 50.0537 50.1349
5 8 215.014 45.4916 45.5601
5 9 138.986 29.9229 29.9119
5 10 97.3633 17.5865 17.5342
5 11 69.2015 13.3802 13.338
5 12 50.795 10.1205 10.0316
5 13 35.0837 7.42396 7.33181
5 14 29.7844 6.56352 6.4619
5 15 55.8586 10.8672 10.8207
6 0 0.0379363 0.0450328 0.00143917
6 1 137.944 34.3617 34.4051
6 2 671.175 147.665 147.972
6 3 650.977 121.31 121.543
6 4 527.395 97.1727 97.3652
6 5 351.439 59.4825 59.5928
6 6 243.554 41.643 41.7038
6 7 158.424 34.8108 34.8518
6 8 96.1714 18.0488 17.9973
6 9 56.5938 11.002 10.9492
6 10 39.3285 7.63818 7.57422
6 11 23.2673 4.49416 4.3886
6 12 17.9282 4.00523 3.92633
6 13 10.7213 1.87842 1.75122
6 14 9.30921 2.07284 1.95775
6 15 22.1271 3.75204 3.63782
7 0 0 0.133719 0
7 1 2.45408 1.71862 1.55435
7 2 110.951 66.452 66.5538
7 3 947.583 583.938 585.425
7 4 2051.06 1161.1 1163.43
7 5 2870.71 1494.77 1496.94
7 6 3292.42 1722.96 1725.17
7 7 3307.43 1808.6 1811.02
7 8 2949.34 1644.36 1646.91
7 9 2468.62 1376.5 1378.94
7 10 1954.78 1045.71 1047.79
7 11 1556.08 821.432 823.213
7 12 1101.8 564.952 566.306
7 13 772.449 356.354 357.236
7 14 557.582 276.023 276.724
7 15 1308.49 679.992 681.553
8 0 3.94937 1.53533 1.41516
8 1 15.8824 12.0719 12.0109
8 2 828.628 395.74 396.723
8 3 1704.24 774.348 775.856
8 4 1997.62 894.135 895.717
8 5 1964.87 857.717 859.232
8 6 1896.27 930.653 932.451
8 7 1653.67 796.281 797.891
8 8 1321.3 557.49 558.679
8 9 1094.81 528.247 529.495
8 10 850.356 426.321 427.392
8 11 643.784 344.122 345.025
8 12 477.954 244.678 245.304
8 13 330.871 151.134 151.499
8 14 223.35 93.7215 93.9144
8 15 500.002 220.527 221.093
