8.85 0
1 0 82.0953 7.13697 7.04845
1 1 0 0.133719 0
2 0 204.544 22.7482 22.7551
2 1 0 0.133719 0
3 0 70.7668 12.5938 12.5107
3 1 0 0.133719 0
4 0 211.128 78.2647 78.4025
4 1 0 0.133719 0
5 0 0 0.133719 0
5 1 9.27782 1.30416 1.18261
5 2 169.172 29.1261 29.1495
5 3 402.136 82.5188 82.6908
5 4 522.791 93.2497 93.4307
5 5 461.77 76.3835 76.5272
5 6 399.259 70.7474 70.8838
5 7 284.069 50.0529 50.1357
5 8 215.062 45.4917 45.5605
5 9 139.014 29.9234 29.9121
5 10 97.3819 17.5866 17.5343
5 11 69.2117 13.3804 13.3381
5 12 50.8022 10.1206 10.0317
5 13 35.0886 7.42404 7.33186
5 14 29.7862 6.56355 6.46191
5 15 55.8625 10.8672 10.8207
6 0 0.0379363 0.0450328 0.00143917
6 1 137.957 34.3619 34.4052
6 2 671.304 147.667 147.973
6 3 651.131 121.313 121.544
6 4 527.52 97.172 97.3664
6 5 351.529 59.484 59.5936
6 6 243.609 41.643 41.7043
6 7 158.457 34.8113 34.8521
6 8 96.1909 18.0491 17.9975
6 9 56.6018 11.002 10.9493
6 10 39.3337 7.63826 7.57427
6 11 23.2704 4.49418 4.38863
6 12 17.9305 4.00526 3.92635
6 13 10.723 1.87843 1.75124
6 14 9.30977 2.07285 1.95775
6 15 22.1278 3.75205 3.63783
7 0 0 0.133719 0
7 1 2.45408 1.71862 1.55435
7 2 110.951 66.452 66.5538
7 3 947.587 583.938 585.425
7 4 2051.08 1161.1 1163.43
7 5 2870.72 1494.77 1496.94
7 6 3292.44 1722.96 1725.17
7 7 3307.44 1808.6 1811.02
7 8 2949.35 1644.37 1646.91
7 9 2468.64 1376.5 1378.94
7 10 1954.79 1045.71 1047.79
7 11 1556.09 821.432 823.213
7 12 1101.81 564.952 566.306
7 13 772.452 356.354 357.236
7 14 557.584 276.023 276.724
7 15 1308.49 679.992 681.553
8 0 3.94937 1.53533 1.41516
8 1 15.8825 12.0719 12.0109
8 2 828.632 395.74 396.723
8 3 1704.25 774.348 775.856
8 4 1997.64 894.136 895.717
8 5 1964.89 857.717 859.232
8 6 1896.28 930.653 932.451
8 7 1653.68 796.281 797.891
8 8 1321.31 557.49 558.679
8 9 1094.82 528.247 529.495
8 10 850.362 426.321 427.392
8 11 643.787 344.123 345.025
8 12 477.957 244.678 245.304
8 13 330.872 151.134 151.499
8 14 223.351 93.7216 93.9144
8 15 500.004 220.527 221.093
