0.9 0
1 0 46.363 6.95742 6.86175
1 1 0 0.133719 0
2 0 127.772 22.3506 22.3527
2 1 0 0.133719 0
3 0 31.3795 11.1671 11.0705
3 1 0 0.133719 0
4 0 158.756 76.3517 76.4792
4 1 0 0.133719 0
5 0 0 0.133719 0
5 1 6.7302 1.29195 1.16931
5 2 155.67 29.0561 29.0786
5 3 385.365 82.4312 82.6029
5 4 506.53 93.1619 93.3456
5 5 450.832 76.3245 76.47
5 6 391.917 70.7076 70.8455
5 7 279.647 50.0306 50.1125
5 8 212.521 45.4788 45.5472
5 9 137.512 29.9158 29.9043
5 10 96.3965 17.5817 17.5292
5 11 68.6717 13.3776 13.3353
5 12 50.4232 10.1187 10.0297
5 13 34.8279 7.42271 7.33049
5 14 29.6939 6.5631 6.46145
5 15 55.6559 10.8663 10.8197
6 0 0.0379363 0.0450328 0.00143917
6 1 137.274 34.3585 34.4017
6 2 664.48 147.631 147.937
6 3 642.957 121.265 121.501
6 4 520.883 97.1379 97.3316
6 5 346.769 59.4593 59.5687
6 6 240.727 41.6283 41.6892
6 7 156.739 34.8023 34.8432
6 8 95.1609 18.0438 17.9921
6 9 56.1771 10.9998 10.9471
6 10 39.0576 7.63688 7.57283
6 11 23.103 4.49337 4.38778
6 12 17.8128 4.00469 3.92576
6 13 10.6334 1.87799 1.75076
6 14 9.28026 2.07271 1.9576
6 15 22.0929 3.75186 3.63764
7 0 0 0.133719 0
7 1 2.45408 1.71862 1.55435
7 2 110.944 66.4523 66.5537
7 3 947.36 583.943 585.424
7 4 2050.49 1161.12 1163.43
7 5 2869.85 1494.75 1496.93
7 6 3291.43 1723 1725.16
7 7 3306.55 1808.58 1811.02
7 8 2948.5 1644.4 1646.9
7 9 2467.94 1376.48 1378.94
7 10 1954.31 1045.7 1047.79
7 11 1555.68 821.421 823.211
7 12 1101.46 564.957 566.304
7 13 772.262 356.349 357.235
7 14 557.484 276.021 276.723
7 15 1308.27 679.986 681.552
8 0 3.94937 1.53533 1.41516
8 1 15.8788 12.0719 12.0109
8 2 828.423 395.735 396.722
8 3 1703.66 774.334 775.853
8 4 1996.65 894.145 895.712
8 5 1963.83 857.722 859.227
8 6 1895.29 930.659 932.446
8 7 1652.89 796.262 797.887
8 8 1320.79 557.494 558.677
8 9 1094.39 528.249 529.492
8 10 850.084 426.333 427.391
8 11 643.635 344.131 345.024
8 12 477.824 244.675 245.303
8 13 330.79 151.136 151.498
8 14 223.323 93.721 93.9143
8 15 499.923 220.526 221.093
