9 0
1 0 82.7695 7.14328 7.0549
1 1 0 0.133719 0
2 0 205.993 22.7617 22.769
2 1 0 0.133719 0
3 0 71.51 12.6432 12.5605
3 1 0 0.133719 0
4 0 212.117 78.3316 78.469
4 1 0 0.133719 0
5 0 0 0.133719 0
5 1 9.32589 1.30461 1.18307
5 2 169.427 29.1287 29.1519
5 3 402.453 82.5243 82.6939
5 4 523.098 93.2522 93.4336
5 5 461.976 76.3868 76.5292
5 6 399.397 70.7497 70.8851
5 7 284.152 50.0543 50.1365
5 8 215.109 45.4917 45.561
5 9 139.042 29.9235 29.9124
5 10 97.4005 17.5869 17.5345
5 11 69.2219 13.3804 13.3382
5 12 50.8093 10.1206 10.0317
5 13 35.0935 7.42406 7.33191
5 14 29.7879 6.56353 6.46193
5 15 55.8664 10.8672 10.8207
6 0 0.0379363 0.0450328 0.00143917
6 1 137.97 34.3622 34.4054
6 2 671.433 147.67 147.975
6 3 651.285 121.312 121.546
6 4 527.646 97.1714 97.3676
6 5 351.619 59.4854 59.5945
6 6 243.663 41.6439 41.7048
6 7 158.489 34.8114 34.8524
6 8 96.2103 18.0494 17.9977
6 9 56.6098 11.002 10.9494
6 10 39.3389 7.63835 7.57432
6 11 23.2736 4.4942 4.38866
6 12 17.9327 4.00525 3.92637
6 13 10.7247 1.87844 1.75125
6 14 9.31033 2.07285 1.95776
6 15 22.1285 3.75206 3.63784
7 0 0 0.133719 0
7 1 2.45408 1.71862 1.55435
7 2 110.952 66.452 66.5538
7 3 947.591 583.939 585.426
7 4 2051.09 1161.1 1163.43
7 5 2870.74 1494.77 1496.94
7 6 3292.45 1722.96 1725.17
7 7 3307.46 1808.61 1811.02
7 8 2949.37 1644.37 1646.91
7 9 2468.65 1376.5 1378.94
7 10 1954.8 1045.71 1047.79
7 11 1556.1 821.432 823.213
7 12 1101.82 564.953 566.306
7 13 772.456 356.354 357.236
7 14 557.586 276.023 276.724
7 15 1308.5 679.992 681.553
8 0 3.94937 1.53533 1.41516
8 1 15.8825 12.0719 12.0109
8 2 828.636 395.74 396.723
8 3 1704.27 774.348 775.856
8 4 1997.66 894.137 895.718
8 5 1964.91 857.718 859.232
8 6 1896.3 930.654 932.451
8 7 1653.7 796.281 797.891
8 8 1321.32 557.49 558.68
8 9 1094.83 528.247 529.495
8 10 850.367 426.322 427.392
8 11 643.79 344.123 345.025
8 12 477.959 244.678 245.304
8 13 330.874 151.134 151.499
8 14 223.351 93.7216 93.9144
8 15 500.005 220.528 221.093
