9.15 0
1 0 83.4437 7.14965 7.06146
1 1 0 0.133719 0
2 0 207.441 22.7763 22.7831
2 1 0 0.133719 0
3 0 72.2532 12.6934 12.6111
3 1 0 0.133719 0
4 0 213.105 78.3985 78.5365
4 1 0 0.133719 0
5 0 0 0.133719 0
5 1 9.37396 1.30507 1.18354
5 2 169.682 29.1313 29.1544
5 3 402.769 82.526 82.6969
5 4 523.405 93.2546 93.4366
5 5 462.182 76.388 76.5312
5 6 399.536 70.7501 70.8865
5 7 284.235 50.0556 50.1373
5 8 215.157 45.4926 45.5614
5 9 139.071 29.924 29.9127
5 10 97.419 17.5872 17.5347
5 11 69.2321 13.3804 13.3383
5 12 50.8165 10.1207 10.0318
5 13 35.0984 7.42409 7.33195
5 14 29.7897 6.56356 6.46194
5 15 55.8703 10.8673 10.8208
6 0 0.0379363 0.0450328 0.00143917
6 1 137.983 34.3624 34.4055
6 2 671.561 147.672 147.976
6 3 651.44 121.314 121.547
6 4 527.771 97.1735 97.3688
6 5 351.709 59.4868 59.5953
6 6 243.717 41.6447 41.7054
6 7 158.522 34.812 34.8527
6 8 96.2297 18.0493 17.9979
6 9 56.6178 11.0022 10.9494
6 10 39.3441 7.63837 7.57437
6 11 23.2767 4.49421 4.38869
6 12 17.9349 4.00529 3.92639
6 13 10.7264 1.87847 1.75127
6 14 9.31088 2.07286 1.95776
6 15 22.1291 3.75207 3.63784
7 0 0 0.133719 0
7 1 2.45408 1.71862 1.55435
7 2 110.952 66.452 66.5538
7 3 947.596 583.939 585.426
7 4 2051.1 1161.1 1163.43
7 5 2870.76 1494.77 1496.94
7 6 3292.47 1722.96 1725.17
7 7 3307.48 1808.61 1811.02
7 8 2949.39 1644.37 1646.91
7 9 2468.66 1376.5 1378.94
7 10 1954.81 1045.71 1047.79
7 11 1556.11 821.432 823.213
7 12 1101.82 564.953 566.306
7 13 772.46 356.354 357.236
7 14 557.588 276.023 276.724
7 15 1308.5 679.992 681.553
8 0 3.94937 1.53533 1.41516
8 1 15.8826 12.0719 12.0109
8 2 828.64 395.74 396.723
8 3 1704.28 774.349 775.857
8 4 1997.67 894.137 895.718
8 5 1964.93 857.718 859.232
8 6 1896.32 930.654 932.451
8 7 1653.71 796.282 797.891
8 8 1321.33 557.491 558.68
8 9 1094.84 528.247 529.495
8 10 850.372 426.322 427.392
8 11 643.793 344.123 345.025
8 12 477.962 244.678 245.304
8 13 330.876 151.134 151.499
8 14 223.352 93.7216 93.9144
8 15 500.007 220.528 221.093
