9.3 0
1 0 84.1179 7.15623 7.06813
1 1 0 0.133719 0
2 0 208.89 22.79 22.7975
2 1 0 0.133719 0
3 0 72.9963 12.7446 12.6625
3 1 0 0.133719 0
4 0 214.093 78.4673 78.6052
4 1 0 0.133719 0
5 0 0 0.133719 0
5 1 9.42202 1.30552 1.18401
5 2 169.936 29.134 29.1569
5 3 403.086 82.5278 82.7001
5 4 523.712 93.2597 93.4396
5 5 462.389 76.3892 76.5332
5 6 399.674 70.7507 70.8879
5 7 284.319 50.057 50.1381
5 8 215.205 45.4934 45.5619
5 9 139.099 29.9241 29.9129
5 10 97.4376 17.5873 17.5349
5 11 69.2423 13.3806 13.3384
5 12 50.8236 10.1208 10.0319
5 13 35.1033 7.42412 7.332
5 14 29.7914 6.56354 6.46196
5 15 55.8742 10.8674 10.8208
6 0 0.0379363 0.0450328 0.00143917
6 1 137.996 34.3622 34.4056
6 2 671.69 147.674 147.977
6 3 651.594 121.317 121.549
6 4 527.896 97.1756 97.37
6 5 351.799 59.4868 59.5962
6 6 243.772 41.6456 41.7059
6 7 158.554 34.8121 34.853
6 8 96.2492 18.0496 17.998
6 9 56.6258 11.0023 10.9495
6 10 39.3493 7.63839 7.57442
6 11 23.2799 4.49426 4.38872
6 12 17.9371 4.00532 3.92641
6 13 10.7281 1.87848 1.75129
6 14 9.31144 2.07287 1.95777
6 15 22.1298 3.75205 3.63785
7 0 0 0.133719 0
7 1 2.45408 1.71862 1.55435
7 2 110.952 66.452 66.5538
7 3 947.6 583.939 585.426
7 4 2051.11 1161.1 1163.43
7 5 2870.77 1494.77 1496.94
7 6 3292.49 1722.96 1725.17
7 7 3307.49 1808.61 1811.02
7 8 2949.4 1644.37 1646.91
7 9 2468.68 1376.5 1378.94
7 10 1954.82 1045.72 1047.79
7 11 1556.11 821.433 823.213
7 12 1101.83 564.953 566.306
7 13 772.463 356.354 357.236
7 14 557.589 276.023 276.724
7 15 1308.51 679.992 681.553
8 0 3.94937 1.53533 1.41516
8 1 15.8827 12.0719 12.0109
8 2 828.644 395.74 396.723
8 3 1704.29 774.349 775.857
8 4 1997.69 894.138 895.718
8 5 1964.95 857.719 859.233
8 6 1896.34 930.655 932.452
8 7 1653.73 796.282 797.892
8 8 1321.34 557.491 558.68
8 9 1094.84 528.248 529.495
8 10 850.377 426.322 427.392
8 11 643.796 344.123 345.025
8 12 477.964 244.678 245.304
8 13 330.877 151.134 151.499
8 14 223.352 93.7216 93.9144
8 15 500.008 220.528 221.093
