9.45 0
1 0 84.7921 7.16276 7.0749
1 1 0 0.133719 0
2 0 210.338 22.8049 22.8121
2 1 0 0.133719 0
3 0 73.7395 12.7966 12.7148
3 1 0 0.133719 0
4 0 215.081 78.5362 78.675
4 1 0 0.133719 0
5 0 0 0.133719 0
5 1 9.47009 1.306 1.18449
5 2 170.191 29.1362 29.1595
5 3 403.402 82.5334 82.7033
5 4 524.018 93.2623 93.4427
5 5 462.595 76.3926 76.5353
5 6 399.813 70.753 70.8893
5 7 284.402 50.0563 50.1389
5 8 215.253 45.4935 45.5624
5 9 139.127 29.9242 29.9132
5 10 97.4562 17.5874 17.5351
5 11 69.2524 13.3808 13.3385
5 12 50.8308 10.1209 10.032
5 13 35.1083 7.4242 7.33205
5 14 29.7931 6.56357 6.46198
5 15 55.8781 10.8674 10.8209
6 0 0.0379363 0.0450328 0.00143917
6 1 138.009 34.362 34.4058
6 2 671.819 147.677 147.978
6 3 651.748 121.316 121.55
6 4 528.021 97.1778 97.3713
6 5 351.888 59.4883 59.5971
6 6 243.826 41.6457 41.7065
6 7 158.586 34.8121 34.8533
6 8 96.2686 18.0499 17.9982
6 9 56.6338 11.0022 10.9496
6 10 39.3545 7.63848 7.57447
6 11 23.2831 4.49431 4.38875
6 12 17.9393 4.00533 3.92643
6 13 10.7298 1.87849 1.75131
6 14 9.312 2.07287 1.95777
6 15 22.1304 3.75206 3.63786
7 0 0 0.133719 0
7 1 2.45408 1.71862 1.55435
7 2 110.952 66.452 66.5538
7 3 947.604 583.939 585.426
7 4 2051.12 1161.1 1163.43
7 5 2870.79 1494.77 1496.94
7 6 3292.51 1722.96 1725.17
7 7 3307.51 1808.61 1811.02
7 8 2949.42 1644.37 1646.91
7 9 2468.69 1376.5 1378.94
7 10 1954.83 1045.72 1047.79
7 11 1556.12 821.433 823.213
7 12 1101.84 564.953 566.306
7 13 772.467 356.354 357.236
7 14 557.591 276.024 276.724
7 15 1308.51 679.993 681.553
8 0 3.94937 1.53533 1.41516
8 1 15.8828 12.0719 12.0109
8 2 828.648 395.74 396.723
8 3 1704.3 774.349 775.857
8 4 1997.71 894.138 895.718
8 5 1964.97 857.72 859.233
8 6 1896.36 930.655 932.452
8 7 1653.74 796.283 797.892
8 8 1321.35 557.491 558.68
8 9 1094.85 528.248 529.495
8 10 850.383 426.322 427.392
8 11 643.798 344.123 345.025
8 12 477.967 244.678 245.304
8 13 330.879 151.134 151.499
8 14 223.353 93.7216 93.9145
8 15 500.01 220.528 221.093
