9.6 0
1 0 85.4662 7.1696 7.08179
1 1 0 0.133719 0
2 0 211.787 22.8195 22.8269
2 1 0 0.133719 0
3 0 74.4826 12.8493 12.7679
3 1 0 0.133719 0
4 0 216.069 78.607 78.7459
4 1 0 0.133719 0
5 0 0 0.133719 0
5 1 9.51816 1.30648 1.18498
5 2 170.446 29.1389 29.1621
5 3 403.719 82.5353 82.7065
5 4 524.325 93.2648 93.4458
5 5 462.802 76.396 76.5374
5 6 399.951 70.7554 70.8907
5 7 284.486 50.0577 50.1398
5 8 215.301 45.4936 45.5629
5 9 139.156 29.9247 29.9135
5 10 97.4748 17.5877 17.5352
5 11 69.2626 13.3807 13.3386
5 12 50.8379 10.1209 10.032
5 13 35.1132 7.42423 7.3321
5 14 29.7949 6.5636 6.46199
5 15 55.882 10.8674 10.8209
6 0 0.0379363 0.0450328 0.00143917
6 1 138.022 34.3623 34.4059
6 2 671.948 147.679 147.98
6 3 651.902 121.318 121.552
6 4 528.146 97.1799 97.3726
6 5 351.978 59.4884 59.5981
6 6 243.881 41.6458 41.707
6 7 158.619 34.8127 34.8537
6 8 96.288 18.05 17.9984
6 9 56.6419 11.0024 10.9497
6 10 39.3597 7.6385 7.57452
6 11 23.2862 4.4943 4.38878
6 12 17.9416 4.00535 3.92646
6 13 10.7315 1.87851 1.75132
6 14 9.31255 2.07288 1.95778
6 15 22.1311 3.75207 3.63786
7 0 0 0.133719 0
7 1 2.45408 1.71862 1.55435
7 2 110.952 66.452 66.5538
7 3 947.609 583.939 585.426
7 4 2051.13 1161.1 1163.43
7 5 2870.81 1494.77 1496.94
7 6 3292.53 1722.96 1725.17
7 7 3307.53 1808.61 1811.02
7 8 2949.44 1644.37 1646.91
7 9 2468.7 1376.5 1378.94
7 10 1954.84 1045.72 1047.79
7 11 1556.13 821.433 823.213
7 12 1101.84 564.953 566.306
7 13 772.47 356.354 357.236
7 14 557.593 276.024 276.724
7 15 1308.51 679.993 681.553
8 0 3.94937 1.53533 1.41516
8 1 15.8828 12.0719 12.0109
8 2 828.651 395.74 396.723
8 3 1704.31 774.349 775.857
8 4 1997.73 894.139 895.718
8 5 1964.99 857.72 859.233
8 6 1896.38 930.656 932.452
8 7 1653.76 796.283 797.892
8 8 1321.36 557.491 558.68
8 9 1094.86 528.248 529.495
8 10 850.388 426.322 427.392
8 11 643.801 344.123 345.025
8 12 477.969 244.678 245.304
8 13 330.88 151.134 151.499
8 14 223.353 93.7216 93.9145
8 15 500.011 220.528 221.093
