9.75 0
1 0 86.1404 7.17653 7.08878
1 1 0 0.133719 0
2 0 213.235 22.8348 22.842
2 1 0 0.133719 0
3 0 75.2258 12.9031 12.8218
3 1 0 0.133719 0
4 0 217.057 78.6788 78.8179
4 1 0 0.133719 0
5 0 0 0.133719 0
5 1 9.56623 1.30696 1.18548
5 2 170.701 29.1412 29.1648
5 3 404.035 82.5372 82.7098
5 4 524.632 93.2675 93.449
5 5 463.008 76.3952 76.5395
5 6 400.09 70.7559 70.8921
5 7 284.569 50.0591 50.1407
5 8 215.349 45.4945 45.5634
5 9 139.184 29.9252 29.9138
5 10 97.4934 17.5878 17.5354
5 11 69.2728 13.3808 13.3387
5 12 50.8451 10.121 10.0321
5 13 35.1181 7.42426 7.33215
5 14 29.7966 6.56363 6.46201
5 15 55.8859 10.8674 10.8209
6 0 0.0379363 0.0450328 0.00143917
6 1 138.035 34.3625 34.406
6 2 672.076 147.682 147.981
6 3 652.057 121.321 121.554
6 4 528.272 97.1794 97.3739
6 5 352.068 59.4899 59.599
6 6 243.935 41.6467 41.7076
6 7 158.651 34.8133 34.854
6 8 96.3075 18.0501 17.9986
6 9 56.6499 11.0025 10.9498
6 10 39.365 7.63859 7.57458
6 11 23.2894 4.49435 4.38881
6 12 17.9438 4.00536 3.92648
6 13 10.7331 1.87853 1.75134
6 14 9.31311 2.07287 1.95779
6 15 22.1317 3.75208 3.63787
7 0 0 0.133719 0
7 1 2.45408 1.71862 1.55435
7 2 110.952 66.452 66.5538
7 3 947.613 583.939 585.426
7 4 2051.14 1161.1 1163.43
7 5 2870.82 1494.77 1496.94
7 6 3292.55 1722.96 1725.17
7 7 3307.54 1808.61 1811.02
7 8 2949.45 1644.37 1646.91
7 9 2468.72 1376.5 1378.94
7 10 1954.85 1045.72 1047.79
7 11 1556.14 821.433 823.213
7 12 1101.85 564.954 566.306
7 13 772.474 356.354 357.236
7 14 557.595 276.024 276.724
7 15 1308.52 679.993 681.553
8 0 3.94937 1.53533 1.41516
8 1 15.8829 12.0719 12.0109
8 2 828.655 395.741 396.723
8 3 1704.32 774.35 775.857
8 4 1997.75 894.139 895.718
8 5 1965.01 857.721 859.233
8 6 1896.4 930.656 932.452
8 7 1653.77 796.284 797.892
8 8 1321.37 557.492 558.68
8 9 1094.87 528.248 529.495
8 10 850.393 426.322 427.392
8 11 643.804 344.123 345.025
8 12 477.972 244.678 245.304
8 13 330.882 151.134 151.499
8 14 223.354 93.7216 93.9145
8 15 500.013 220.528 221.093
