9.9 0
1 0 86.8146 7.18341 7.09588
1 1 0 0.133719 0
2 0 214.684 22.8502 22.8573
2 1 0 0.133719 0
3 0 75.9689 12.9576 12.8765
3 1 0 0.133719 0
4 0 218.046 78.7516 78.891
4 1 0 0.133719 0
5 0 0 0.133719 0
5 1 9.6143 1.30746 1.18599
5 2 170.955 29.144 29.1675
5 3 404.352 82.543 82.7132
5 4 524.939 93.2728 93.4523
5 5 463.214 76.3987 76.5417
5 6 400.229 70.7566 70.8936
5 7 284.653 50.0594 50.1416
5 8 215.397 45.4953 45.5639
5 9 139.212 29.9253 29.9141
5 10 97.512 17.5881 17.5356
5 11 69.283 13.381 13.3388
5 12 50.8522 10.1211 10.0322
5 13 35.123 7.42435 7.33221
5 14 29.7984 6.56366 6.46203
5 15 55.8898 10.8674 10.821
6 0 0.0379363 0.0450328 0.00143917
6 1 138.048 34.3628 34.4062
6 2 672.205 147.68 147.982
6 3 652.211 121.324 121.555
6 4 528.397 97.1815 97.3752
6 5 352.158 59.49 59.5999
6 6 243.989 41.6476 41.7082
6 7 158.684 34.8129 34.8543
6 8 96.3269 18.0505 17.9989
6 9 56.6579 11.0025 10.9499
6 10 39.3702 7.63861 7.57463
6 11 23.2925 4.49437 4.38884
6 12 17.946 4.0054 3.9265
6 13 10.7348 1.87855 1.75136
6 14 9.31367 2.07288 1.95779
6 15 22.1324 3.75209 3.63788
7 0 0 0.133719 0
7 1 2.45408 1.71862 1.55435
7 2 110.952 66.4521 66.5538
7 3 947.617 583.939 585.426
7 4 2051.15 1161.1 1163.43
7 5 2870.84 1494.77 1496.94
7 6 3292.57 1722.96 1725.17
7 7 3307.56 1808.61 1811.02
7 8 2949.47 1644.37 1646.91
7 9 2468.73 1376.5 1378.94
7 10 1954.85 1045.72 1047.79
7 11 1556.14 821.411 823.213
7 12 1101.86 564.954 566.306
7 13 772.477 356.355 357.236
7 14 557.597 276.024 276.724
7 15 1308.52 679.993 681.553
8 0 3.94937 1.53533 1.41516
8 1 15.883 12.0719 12.0109
8 2 828.659 395.741 396.723
8 3 1704.33 774.35 775.857
8 4 1997.77 894.14 895.719
8 5 1965.03 857.721 859.234
8 6 1896.42 930.657 932.452
8 7 1653.79 796.284 797.892
8 8 1321.38 557.492 558.68
8 9 1094.88 528.249 529.495
8 10 850.398 426.322 427.392
8 11 643.807 344.123 345.025
8 12 477.974 244.679 245.304
8 13 330.883 151.134 151.499
8 14 223.354 93.7217 93.9145
8 15 500.014 220.528 221.093
