10.05 0
1 0 87.4888 7.19037 7.10308
1 1 0 0.133719 0
2 0 216.132 22.8657 22.8728
2 1 0 0.133719 0
3 0 76.7121 13.0128 12.9321
3 1 0 0.133719 0
4 0 219.034 78.8254 78.9653
4 1 0 0.133719 0
5 0 0 0.133719 0
5 1 9.66236 1.30795 1.1865
5 2 171.21 29.1473 29.1702
5 3 404.668 82.545 82.7165
5 4 525.246 93.2755 93.4555
5 5 463.421 76.4 76.5439
5 6 400.367 70.759 70.8951
5 7 284.736 50.0598 50.1424
5 8 215.445 45.4954 45.5644
5 9 139.241 29.9254 29.9144
5 10 97.5306 17.5882 17.5358
5 11 69.2932 13.3812 13.3389
5 12 50.8594 10.1211 10.0323
5 13 35.1279 7.42443 7.33226
5 14 29.8001 6.56369 6.46205
5 15 55.8937 10.8675 10.821
6 0 0.0379363 0.0450328 0.00143917
6 1 138.061 34.363 34.4063
6 2 672.334 147.678 147.984
6 3 652.365 121.323 121.557
6 4 528.522 97.1811 97.3765
6 5 352.248 59.4915 59.6009
6 6 244.044 41.6477 41.7088
6 7 158.716 34.8135 34.8547
6 8 96.3463 18.0506 17.9991
6 9 56.6659 11.0027 10.9499
6 10 39.3754 7.63864 7.57469
6 11 23.2957 4.49442 4.38888
6 12 17.9482 4.00544 3.92652
6 13 10.7365 1.87857 1.75138
6 14 9.31422 2.07289 1.9578
6 15 22.1331 3.7521 3.63789
7 0 0 0.133719 0
7 1 2.45408 1.71862 1.55435
7 2 110.953 66.4521 66.5538
7 3 947.621 583.94 585.426
7 4 2051.16 1161.1 1163.43
7 5 2870.86 1494.77 1496.94
7 6 3292.59 1722.96 1725.17
7 7 3307.58 1808.61 1811.02
7 8 2949.48 1644.37 1646.91
7 9 2468.74 1376.5 1378.94
7 10 1954.86 1045.72 1047.79
7 11 1556.15 821.412 823.213
7 12 1101.86 564.954 566.306
7 13 772.481 356.355 357.236
7 14 557.599 276.024 276.724
7 15 1308.53 679.993 681.553
8 0 3.94937 1.53533 1.41516
8 1 15.883 12.0719 12.0109
8 2 828.663 395.741 396.723
8 3 1704.34 774.35 775.857
8 4 1997.79 894.14 895.719
8 5 1965.05 857.722 859.234
8 6 1896.43 930.658 932.453
8 7 1653.8 796.284 797.892
8 8 1321.38 557.492 558.68
8 9 1094.89 528.249 529.495
8 10 850.404 426.323 427.392
8 11 643.81 344.123 345.025
8 12 477.977 244.679 245.304
8 13 330.885 151.134 151.499
8 14 223.355 93.7217 93.9145
8 15 500.016 220.528 221.093
