10.2 0
1 0 88.163 7.19779 7.1104
1 1 0 0.133719 0
2 0 217.581 22.8809 22.8886
2 1 0 0.133719 0
3 0 77.4553 13.0689 12.9886
3 1 0 0.133719 0
4 0 220.022 78.9002 79.0406
4 1 0 0.133719 0
5 0 0 0.133719 0
5 1 9.71043 1.30847 1.18702
5 2 171.465 29.1497 29.173
5 3 404.984 82.5489 82.72
5 4 525.552 93.2783 93.4589
5 5 463.627 76.4015 76.5461
5 6 400.506 70.7596 70.8966
5 7 284.819 50.0613 50.1434
5 8 215.493 45.4956 45.5649
5 9 139.269 29.9259 29.9147
5 10 97.5492 17.5883 17.536
5 11 69.3034 13.3812 13.339
5 12 50.8665 10.1212 10.0323
5 13 35.1328 7.42441 7.33231
5 14 29.8018 6.56367 6.46206
5 15 55.8976 10.8675 10.821
6 0 0.0379363 0.0450328 0.00143917
6 1 138.074 34.3628 34.4064
6 2 672.463 147.681 147.985
6 3 652.519 121.326 121.559
6 4 528.647 97.1834 97.3779
6 5 352.337 59.493 59.6019
6 6 244.098 41.6486 41.7094
6 7 158.748 34.8141 34.855
6 8 96.3658 18.0509 17.9993
6 9 56.6739 11.0027 10.95
6 10 39.3806 7.63873 7.57474
6 11 23.2989 4.49448 4.38891
6 12 17.9504 4.00543 3.92655
6 13 10.7382 1.87858 1.7514
6 14 9.31478 2.0729 1.9578
6 15 22.1337 3.75211 3.63789
7 0 0 0.133719 0
7 1 2.45408 1.71862 1.55435
7 2 110.953 66.4521 66.5538
7 3 947.626 583.94 585.426
7 4 2051.18 1161.1 1163.43
7 5 2870.87 1494.78 1496.94
7 6 3292.61 1722.96 1725.17
7 7 3307.59 1808.61 1811.02
7 8 2949.5 1644.37 1646.91
7 9 2468.76 1376.5 1378.94
7 10 1954.87 1045.72 1047.79
7 11 1556.16 821.412 823.213
7 12 1101.87 564.954 566.306
7 13 772.485 356.355 357.236
7 14 557.601 276.024 276.724
7 15 1308.53 679.993 681.553
8 0 3.94937 1.53533 1.41516
8 1 15.8831 12.0719 12.0109
8 2 828.667 395.741 396.723
8 3 1704.35 774.351 775.857
8 4 1997.8 894.141 895.719
8 5 1965.07 857.722 859.234
8 6 1896.45 930.658 932.453
8 7 1653.82 796.285 797.893
8 8 1321.39 557.492 558.68
8 9 1094.89 528.249 529.495
8 10 850.409 426.323 427.392
8 11 643.813 344.123 345.025
8 12 477.979 244.679 245.304
8 13 330.887 151.134 151.499
8 14 223.355 93.7217 93.9145
8 15 500.017 220.528 221.093
