10.35 0
1 0 88.8372 7.20503 7.11783
1 1 0 0.133719 0
2 0 219.029 22.8968 22.9046
2 1 0 0.133719 0
3 0 78.1984 13.1258 13.0459
3 1 0 0.133719 0
4 0 221.01 78.977 79.1171
4 1 0 0.133719 0
5 0 0 0.133719 0
5 1 9.7585 1.30899 1.18755
5 2 171.72 29.1526 29.1758
5 3 405.301 82.5529 82.7235
5 4 525.859 93.281 93.4622
5 5 463.833 76.405 76.5484
5 6 400.644 70.7621 70.8981
5 7 284.903 50.0627 50.1443
5 8 215.541 45.4965 45.5654
5 9 139.297 29.9265 29.915
5 10 97.5678 17.5886 17.5362
5 11 69.3136 13.3813 13.3391
5 12 50.8737 10.1213 10.0324
5 13 35.1378 7.4245 7.33237
5 14 29.8036 6.56366 6.46208
5 15 55.9015 10.8676 10.8211
6 0 0.0379363 0.0450328 0.00143917
6 1 138.086 34.3631 34.4066
6 2 672.591 147.683 147.987
6 3 652.673 121.329 121.56
6 4 528.773 97.1856 97.3793
6 5 352.427 59.4932 59.6029
6 6 244.152 41.6487 41.71
6 7 158.781 34.8147 34.8554
6 8 96.3852 18.0511 17.9995
6 9 56.6819 11.0027 10.9501
6 10 39.3858 7.63882 7.5748
6 11 23.302 4.49447 4.38894
6 12 17.9527 4.00547 3.92657
6 13 10.7399 1.8786 1.75142
6 14 9.31534 2.0729 1.95781
6 15 22.1344 3.75212 3.6379
7 0 0 0.133719 0
7 1 2.45408 1.71862 1.55435
7 2 110.953 66.4521 66.5538
7 3 947.63 583.94 585.426
7 4 2051.19 1161.11 1163.43
7 5 2870.89 1494.78 1496.94
7 6 3292.63 1722.96 1725.17
7 7 3307.61 1808.61 1811.02
7 8 2949.52 1644.37 1646.91
7 9 2468.77 1376.5 1378.95
7 10 1954.88 1045.72 1047.79
7 11 1556.17 821.412 823.214
7 12 1101.88 564.954 566.306
7 13 772.488 356.355 357.237
7 14 557.603 276.024 276.724
7 15 1308.54 679.993 681.554
8 0 3.94937 1.53533 1.41516
8 1 15.8832 12.0719 12.0109
8 2 828.671 395.741 396.723
8 3 1704.37 774.351 775.857
8 4 1997.82 894.141 895.719
8 5 1965.09 857.723 859.234
8 6 1896.47 930.659 932.453
8 7 1653.83 796.285 797.893
8 8 1321.4 557.493 558.68
8 9 1094.9 528.249 529.496
8 10 850.414 426.323 427.392
8 11 643.816 344.123 345.025
8 12 477.982 244.679 245.304
8 13 330.888 151.134 151.499
8 14 223.356 93.7217 93.9145
8 15 500.019 220.528 221.094
