1.05 0
1 0 47.0372 6.95801 6.86245
1 1 0 0.133719 0
2 0 129.221 22.3519 22.3542
2 1 0 0.133719 0
3 0 32.1227 11.1722 11.076
3 1 0 0.133719 0
4 0 159.744 76.3589 76.4865
4 1 0 0.133719 0
5 0 0 0.133719 0
5 1 6.77827 1.29196 1.16936
5 2 155.925 29.0568 29.0788
5 3 385.681 82.4305 82.6033
5 4 506.837 93.1593 93.3459
5 5 451.038 76.324 76.4702
5 6 392.055 70.7087 70.8456
5 7 279.731 50.0302 50.1126
5 8 212.569 45.4777 45.5473
5 9 137.54 29.9161 29.9043
5 10 96.4151 17.5819 17.5293
5 11 68.6819 13.3776 13.3353
5 12 50.4303 10.1186 10.0297
5 13 34.8328 7.4227 7.3305
5 14 29.6957 6.56311 6.46145
5 15 55.6598 10.8662 10.8197
6 0 0.0379363 0.0450328 0.00143917
6 1 137.287 34.3582 34.4017
6 2 664.609 147.633 147.938
6 3 643.111 121.267 121.502
6 4 521.008 97.1337 97.3317
6 5 346.859 59.46 59.5688
6 6 240.781 41.6279 41.6892
6 7 156.771 34.8026 34.8432
6 8 95.1804 18.0439 17.9921
6 9 56.1851 10.9999 10.9471
6 10 39.0628 7.63685 7.57283
6 11 23.1062 4.49339 4.38778
6 12 17.815 4.00471 3.92576
6 13 10.6351 1.87799 1.75076
6 14 9.28082 2.07272 1.9576
6 15 22.0936 3.75186 3.63764
7 0 0 0.133719 0
7 1 2.45408 1.71862 1.55435
7 2 110.944 66.4523 66.5537
7 3 947.364 583.943 585.424
7 4 2050.5 1161.12 1163.43
7 5 2869.87 1494.75 1496.93
7 6 3291.45 1723 1725.16
7 7 3306.57 1808.58 1811.02
7 8 2948.52 1644.41 1646.9
7 9 2467.95 1376.48 1378.94
7 10 1954.32 1045.7 1047.79
7 11 1555.69 821.421 823.211
7 12 1101.46 564.957 566.304
7 13 772.266 356.35 357.235
7 14 557.486 276.021 276.723
7 15 1308.27 679.986 681.552
8 0 3.94937 1.53533 1.41516
8 1 15.8788 12.0719 12.0109
8 2 828.426 395.735 396.722
8 3 1703.68 774.334 775.853
8 4 1996.67 894.145 895.712
8 5 1963.85 857.694 859.227
8 6 1895.31 930.659 932.446
8 7 1652.9 796.262 797.887
8 8 1320.8 557.495 558.677
8 9 1094.4 528.249 529.492
8 10 850.09 426.333 427.391
8 11 643.637 344.131 345.024
8 12 477.827 244.675 245.303
8 13 330.791 151.136 151.498
8 14 223.324 93.721 93.9143
8 15 499.925 220.526 221.093
