10.5 0
1 0 89.5114 7.21235 7.12536
1 1 0 0.133719 0
2 0 220.478 22.9128 22.9209
2 1 0 0.133719 0
3 0 78.9416 13.1836 13.104
3 1 0 0.133719 0
4 0 221.998 79.0537 79.1947
4 1 0 0.133719 0
5 0 0 0.133719 0
5 1 9.80657 1.30951 1.18809
5 2 171.974 29.155 29.1787
5 3 405.617 82.5569 82.727
5 4 526.166 93.2865 93.4657
5 5 464.04 76.4086 76.5507
5 6 400.783 70.7628 70.8996
5 7 284.986 50.0631 50.1452
5 8 215.589 45.4974 45.566
5 9 139.326 29.9262 29.9153
5 10 97.5864 17.5889 17.5364
5 11 69.3238 13.3814 13.3392
5 12 50.8808 10.1213 10.0325
5 13 35.1427 7.42453 7.33242
5 14 29.8053 6.56369 6.4621
5 15 55.9054 10.8677 10.8211
6 0 0.0379363 0.0450328 0.00143917
6 1 138.099 34.3629 34.4067
6 2 672.72 147.686 147.988
6 3 652.828 121.328 121.562
6 4 528.898 97.1879 97.3807
6 5 352.517 59.4948 59.6039
6 6 244.207 41.6497 41.7106
6 7 158.813 34.8148 34.8557
6 8 96.4046 18.0512 17.9997
6 9 56.6899 11.0029 10.9502
6 10 39.391 7.63885 7.57486
6 11 23.3052 4.49452 4.38898
6 12 17.9549 4.00548 3.92659
6 13 10.7416 1.87862 1.75144
6 14 9.31589 2.07291 1.95782
6 15 22.135 3.75213 3.63791
7 0 0 0.133719 0
7 1 2.45408 1.71862 1.55435
7 2 110.953 66.4521 66.5538
7 3 947.634 583.94 585.426
7 4 2051.2 1161.11 1163.43
7 5 2870.9 1494.78 1496.94
7 6 3292.65 1722.96 1725.17
7 7 3307.63 1808.61 1811.02
7 8 2949.53 1644.37 1646.91
7 9 2468.78 1376.5 1378.95
7 10 1954.89 1045.72 1047.79
7 11 1556.18 821.412 823.214
7 12 1101.88 564.955 566.306
7 13 772.492 356.355 357.237
7 14 557.604 276.024 276.724
7 15 1308.54 679.993 681.554
8 0 3.94937 1.53533 1.41516
8 1 15.8832 12.0719 12.0109
8 2 828.675 395.741 396.723
8 3 1704.38 774.351 775.858
8 4 1997.84 894.142 895.719
8 5 1965.11 857.723 859.234
8 6 1896.49 930.659 932.453
8 7 1653.85 796.286 797.893
8 8 1321.41 557.493 558.68
8 9 1094.91 528.249 529.496
8 10 850.419 426.323 427.392
8 11 643.819 344.123 345.025
8 12 477.984 244.679 245.304
8 13 330.89 151.134 151.499
8 14 223.356 93.7217 93.9145
8 15 500.02 220.528 221.094
