10.65 0
1 0 90.1856 7.21988 7.133
1 1 0 0.133719 0
2 0 221.926 22.9296 22.9373
2 1 0 0.133719 0
3 0 79.6847 13.2424 13.1629
3 1 0 0.133719 0
4 0 222.986 79.1325 79.2735
4 1 0 0.133719 0
5 0 0 0.133719 0
5 1 9.85464 1.31005 1.18863
5 2 172.229 29.1585 29.1816
5 3 405.934 82.5611 82.7306
5 4 526.473 93.2868 93.4692
5 5 464.246 76.4101 76.5531
5 6 400.921 70.7653 70.9012
5 7 285.07 50.0646 50.1462
5 8 215.637 45.4975 45.5665
5 9 139.354 29.9267 29.9157
5 10 97.605 17.589 17.5366
5 11 69.334 13.3815 13.3393
5 12 50.888 10.1214 10.0326
5 13 35.1476 7.42462 7.33248
5 14 29.8071 6.56372 6.46212
5 15 55.9093 10.8677 10.8212
6 0 0.0379363 0.0450328 0.00143917
6 1 138.112 34.3632 34.4069
6 2 672.849 147.688 147.99
6 3 652.982 121.331 121.564
6 4 529.023 97.1874 97.3821
6 5 352.607 59.4949 59.6049
6 6 244.261 41.6506 41.7112
6 7 158.846 34.815 34.8561
6 8 96.4241 18.0515 17.9999
6 9 56.698 11.003 10.9503
6 10 39.3962 7.63888 7.57492
6 11 23.3083 4.49454 4.38901
6 12 17.9571 4.00552 3.92662
6 13 10.7433 1.87864 1.75145
6 14 9.31645 2.07292 1.95782
6 15 22.1357 3.75214 3.63792
7 0 0 0.133719 0
7 1 2.45408 1.71862 1.55435
7 2 110.953 66.4521 66.5538
7 3 947.639 583.94 585.426
7 4 2051.21 1161.11 1163.43
7 5 2870.92 1494.78 1496.94
7 6 3292.66 1722.96 1725.17
7 7 3307.65 1808.61 1811.02
7 8 2949.55 1644.37 1646.91
7 9 2468.79 1376.51 1378.95
7 10 1954.9 1045.72 1047.79
7 11 1556.18 821.413 823.214
7 12 1101.89 564.955 566.307
7 13 772.495 356.355 357.237
7 14 557.606 276.024 276.724
7 15 1308.54 679.994 681.554
8 0 3.94937 1.53533 1.41516
8 1 15.8833 12.0719 12.0109
8 2 828.679 395.741 396.723
8 3 1704.39 774.352 775.858
8 4 1997.86 894.142 895.72
8 5 1965.13 857.724 859.235
8 6 1896.51 930.66 932.453
8 7 1653.86 796.286 797.893
8 8 1321.42 557.493 558.681
8 9 1094.92 528.25 529.496
8 10 850.424 426.323 427.393
8 11 643.821 344.124 345.025
8 12 477.987 244.679 245.304
8 13 330.891 151.134 151.499
8 14 223.357 93.7217 93.9145
8 15 500.022 220.528 221.094
