10.8 0
1 0 90.8598 7.22749 7.14075
1 1 0 0.133719 0
2 0 223.375 22.946 22.954
2 1 0 0.133719 0
3 0 80.4279 13.3017 13.2227
3 1 0 0.133719 0
4 0 223.975 79.2123 79.3533
4 1 0 0.133719 0
5 0 0 0.133719 0
5 1 9.90271 1.31059 1.18918
5 2 172.484 29.1615 29.1845
5 3 406.25 82.5651 82.7343
5 4 526.78 93.2924 93.4727
5 5 464.453 76.4117 76.5554
5 6 401.06 70.766 70.9028
5 7 285.153 50.0651 50.1471
5 8 215.685 45.4977 45.5671
5 9 139.382 29.9273 29.916
5 10 97.6236 17.5891 17.5368
5 11 69.3441 13.3817 13.3394
5 12 50.8951 10.1216 10.0327
5 13 35.1525 7.42466 7.33253
5 14 29.8088 6.56375 6.46214
5 15 55.9132 10.8677 10.8212
6 0 0.0379363 0.0450328 0.00143917
6 1 138.125 34.3635 34.407
6 2 672.978 147.691 147.991
6 3 653.136 121.333 121.566
6 4 529.148 97.1897 97.3836
6 5 352.697 59.4965 59.6059
6 6 244.316 41.6508 41.7118
6 7 158.878 34.8156 34.8565
6 8 96.4435 18.0519 18.0002
6 9 56.706 11.0032 10.9504
6 10 39.4014 7.63897 7.57498
6 11 23.3115 4.4946 4.38905
6 12 17.9593 4.00552 3.92664
6 13 10.745 1.87866 1.75147
6 14 9.31701 2.07292 1.95783
6 15 22.1364 3.75216 3.63792
7 0 0 0.133719 0
7 1 2.45408 1.71862 1.55435
7 2 110.953 66.4521 66.5538
7 3 947.643 583.94 585.426
7 4 2051.22 1161.11 1163.43
7 5 2870.94 1494.78 1496.94
7 6 3292.68 1722.97 1725.17
7 7 3307.66 1808.61 1811.02
7 8 2949.56 1644.37 1646.91
7 9 2468.81 1376.51 1378.95
7 10 1954.91 1045.72 1047.79
7 11 1556.19 821.413 823.214
7 12 1101.9 564.955 566.307
7 13 772.499 356.355 357.237
7 14 557.608 276.024 276.724
7 15 1308.55 679.994 681.554
8 0 3.94937 1.53533 1.41516
8 1 15.8834 12.0719 12.0109
8 2 828.683 395.741 396.723
8 3 1704.4 774.352 775.858
8 4 1997.88 894.143 895.72
8 5 1965.15 857.725 859.235
8 6 1896.53 930.66 932.454
8 7 1653.88 796.287 797.893
8 8 1321.43 557.494 558.681
8 9 1094.93 528.25 529.496
8 10 850.43 426.323 427.393
8 11 643.824 344.124 345.025
8 12 477.99 244.679 245.304
8 13 330.893 151.134 151.499
8 14 223.357 93.7217 93.9145
8 15 500.023 220.528 221.094
