10.95 0
1 0 91.534 7.23518 7.14861
1 1 0 0.133719 0
2 0 224.823 22.9636 22.971
2 1 0 0.133719 0
3 0 81.171 13.362 13.2833
3 1 0 0.133719 0
4 0 224.963 79.293 79.4342
4 1 0 0.133719 0
5 0 0 0.133719 0
5 1 9.95077 1.31114 1.18974
5 2 172.739 29.1641 29.1875
5 3 406.567 82.5674 82.738
5 4 527.087 93.298 93.4763
5 5 464.659 76.4153 76.5578
5 6 401.198 70.7685 70.9044
5 7 285.236 50.0666 50.1481
5 8 215.733 45.4986 45.5676
5 9 139.411 29.9274 29.9163
5 10 97.6421 17.5894 17.5371
5 11 69.3543 13.3817 13.3396
5 12 50.9023 10.1216 10.0328
5 13 35.1574 7.42469 7.33259
5 14 29.8106 6.56379 6.46216
5 15 55.9171 10.8677 10.8213
6 0 0.0379363 0.0450328 0.00143917
6 1 138.138 34.3637 34.4072
6 2 673.106 147.693 147.993
6 3 653.29 121.336 121.567
6 4 529.274 97.1894 97.385
6 5 352.786 59.4981 59.607
6 6 244.37 41.6517 41.7125
6 7 158.91 34.8157 34.8568
6 8 96.4629 18.0518 18.0004
6 9 56.714 11.0031 10.9505
6 10 39.4066 7.639 7.57504
6 11 23.3146 4.49462 4.38908
6 12 17.9615 4.00556 3.92667
6 13 10.7467 1.87867 1.75149
6 14 9.31756 2.07293 1.95784
6 15 22.137 3.75217 3.63793
7 0 0 0.133719 0
7 1 2.45408 1.71862 1.55435
7 2 110.953 66.4521 66.5538
7 3 947.647 583.94 585.426
7 4 2051.23 1161.11 1163.43
7 5 2870.95 1494.78 1496.94
7 6 3292.7 1722.97 1725.17
7 7 3307.68 1808.61 1811.02
7 8 2949.58 1644.37 1646.91
7 9 2468.82 1376.51 1378.95
7 10 1954.92 1045.72 1047.79
7 11 1556.2 821.413 823.214
7 12 1101.9 564.955 566.307
7 13 772.503 356.355 357.237
7 14 557.61 276.024 276.724
7 15 1308.55 679.994 681.554
8 0 3.94937 1.53533 1.41516
8 1 15.8835 12.0719 12.0109
8 2 828.687 395.741 396.723
8 3 1704.41 774.352 775.858
8 4 1997.9 894.143 895.72
8 5 1965.17 857.725 859.235
8 6 1896.55 930.661 932.454
8 7 1653.89 796.287 797.893
8 8 1321.44 557.494 558.681
8 9 1094.93 528.25 529.496
8 10 850.435 426.324 427.393
8 11 643.827 344.124 345.025
8 12 477.992 244.679 245.304
8 13 330.894 151.134 151.499
8 14 223.358 93.7217 93.9145
8 15 500.025 220.528 221.094
