11.1 0
1 0 92.2082 7.24295 7.15658
1 1 0 0.133719 0
2 0 226.272 22.9803 22.9881
2 1 0 0.133719 0
3 0 81.9142 13.4232 13.3448
3 1 0 0.133719 0
4 0 225.951 79.3748 79.5163
4 1 0 0.133719 0
5 0 0 0.133719 0
5 1 9.99884 1.31169 1.19031
5 2 172.993 29.1671 29.1905
5 3 406.883 82.5717 82.7417
5 4 527.393 93.2984 93.4799
5 5 464.865 76.4169 76.5603
5 6 401.337 70.7711 70.906
5 7 285.32 50.0671 50.1491
5 8 215.781 45.4996 45.5682
5 9 139.439 29.9279 29.9167
5 10 97.6607 17.5896 17.5373
5 11 69.3645 13.3819 13.3397
5 12 50.9094 10.1217 10.0328
5 13 35.1624 7.42478 7.33265
5 14 29.8123 6.56377 6.46218
5 15 55.921 10.8677 10.8213
6 0 0.0379363 0.0450328 0.00143917
6 1 138.151 34.364 34.4073
6 2 673.235 147.692 147.994
6 3 653.445 121.339 121.569
6 4 529.399 97.1918 97.3865
6 5 352.876 59.4983 59.608
6 6 244.424 41.6527 41.7131
6 7 158.943 34.8164 34.8572
6 8 96.4824 18.0522 18.0006
6 9 56.722 11.0032 10.9506
6 10 39.4118 7.6391 7.5751
6 11 23.3178 4.49465 4.38912
6 12 17.9638 4.0056 3.92669
6 13 10.7484 1.8787 1.75152
6 14 9.31812 2.07292 1.95784
6 15 22.1377 3.75213 3.63794
7 0 0 0.133719 0
7 1 2.45408 1.71862 1.55435
7 2 110.954 66.4521 66.5538
7 3 947.652 583.941 585.426
7 4 2051.24 1161.11 1163.43
7 5 2870.97 1494.78 1496.94
7 6 3292.72 1722.97 1725.17
7 7 3307.7 1808.61 1811.02
7 8 2949.6 1644.37 1646.91
7 9 2468.83 1376.51 1378.95
7 10 1954.93 1045.72 1047.79
7 11 1556.21 821.413 823.214
7 12 1101.91 564.955 566.307
7 13 772.506 356.355 357.237
7 14 557.612 276.024 276.724
7 15 1308.56 679.994 681.554
8 0 3.94937 1.53533 1.41516
8 1 15.8835 12.0719 12.0109
8 2 828.691 395.742 396.723
8 3 1704.42 774.353 775.858
8 4 1997.92 894.144 895.72
8 5 1965.19 857.726 859.235
8 6 1896.57 930.662 932.454
8 7 1653.91 796.288 797.894
8 8 1321.45 557.494 558.681
8 9 1094.94 528.25 529.496
8 10 850.44 426.324 427.393
8 11 643.83 344.124 345.025
8 12 477.995 244.679 245.304
8 13 330.896 151.134 151.499
8 14 223.359 93.7218 93.9145
8 15 500.026 220.528 221.094
