11.25 0
1 0 92.8824 7.25106 7.16465
1 1 0 0.133719 0
2 0 227.721 22.9977 23.0055
2 1 0 0.133719 0
3 0 82.6573 13.4852 13.4071
3 1 0 0.133719 0
4 0 226.939 79.4575 79.5995
4 1 0 0.133719 0
5 0 0 0.133719 0
5 1 10.0469 1.31226 1.19088
5 2 173.248 29.1703 29.1936
5 3 407.2 82.5759 82.7455
5 4 527.7 93.3042 93.4836
5 5 465.072 76.4186 76.5628
5 6 401.475 70.7719 70.9077
5 7 285.403 50.0686 50.1501
5 8 215.828 45.4997 45.5688
5 9 139.467 29.9281 29.917
5 10 97.6793 17.5899 17.5375
5 11 69.3747 13.3819 13.3398
5 12 50.9166 10.1218 10.0329
5 13 35.1673 7.42488 7.33271
5 14 29.814 6.5638 6.4622
5 15 55.9249 10.8678 10.8213
6 0 0.0379363 0.0450328 0.00143917
6 1 138.164 34.3638 34.4075
6 2 673.364 147.694 147.996
6 3 653.599 121.339 121.571
6 4 529.524 97.1942 97.388
6 5 352.966 59.5 59.6091
6 6 244.479 41.6529 41.7138
6 7 158.975 34.8165 34.8576
6 8 96.5018 18.0525 18.0008
6 9 56.73 11.0034 10.9507
6 10 39.417 7.63913 7.57516
6 11 23.321 4.4947 4.38916
6 12 17.966 4.00559 3.92672
6 13 10.7501 1.87872 1.75154
6 14 9.31868 2.07293 1.95785
6 15 22.1383 3.75214 3.63795
7 0 0 0.133719 0
7 1 2.45408 1.71862 1.55435
7 2 110.954 66.4521 66.5538
7 3 947.656 583.941 585.426
7 4 2051.25 1161.11 1163.43
7 5 2870.99 1494.72 1496.94
7 6 3292.74 1722.97 1725.17
7 7 3307.71 1808.61 1811.02
7 8 2949.61 1644.37 1646.91
7 9 2468.85 1376.51 1378.95
7 10 1954.94 1045.72 1047.79
7 11 1556.21 821.414 823.214
7 12 1101.92 564.956 566.307
7 13 772.51 356.355 357.237
7 14 557.614 276.024 276.724
7 15 1308.56 679.994 681.554
8 0 3.94937 1.53533 1.41516
8 1 15.8836 12.0719 12.0109
8 2 828.695 395.742 396.723
8 3 1704.43 774.353 775.858
8 4 1997.93 894.144 895.721
8 5 1965.21 857.726 859.236
8 6 1896.58 930.662 932.454
8 7 1653.92 796.265 797.894
8 8 1321.46 557.494 558.681
8 9 1094.95 528.251 529.496
8 10 850.445 426.324 427.393
8 11 643.833 344.124 345.025
8 12 477.997 244.679 245.304
8 13 330.897 151.134 151.499
8 14 223.359 93.7218 93.9145
8 15 500.028 220.528 221.094
