11.4 0
1 0 93.5566 7.259 7.17283
1 1 0 0.133719 0
2 0 229.169 23.0153 23.0232
2 1 0 0.133719 0
3 0 83.4005 13.548 13.4702
3 1 0 0.133719 0
4 0 227.927 79.5413 79.6838
4 1 0 0.133719 0
5 0 0 0.133719 0
5 1 10.095 1.31283 1.19147
5 2 173.503 29.1734 29.1967
5 3 407.516 82.5783 82.7494
5 4 528.007 93.3047 93.4873
5 5 465.278 76.4224 76.5653
5 6 401.614 70.7727 70.9094
5 7 285.487 50.0691 50.1511
5 8 215.876 45.5007 45.5694
5 9 139.496 29.9287 29.9173
5 10 97.6979 17.59 17.5377
5 11 69.3849 13.3821 13.3399
5 12 50.9237 10.1218 10.033
5 13 35.1722 7.42486 7.33277
5 14 29.8158 6.56384 6.46222
5 15 55.9288 10.8679 10.8214
6 0 0.0379363 0.0450328 0.00143917
6 1 138.177 34.3641 34.4076
6 2 673.493 147.693 147.997
6 3 653.753 121.342 121.573
6 4 529.649 97.1966 97.3895
6 5 353.056 59.5002 59.6102
6 6 244.533 41.6539 41.7144
6 7 159.008 34.8172 34.858
6 8 96.5212 18.0527 18.0011
6 9 56.738 11.0034 10.9508
6 10 39.4223 7.63917 7.57523
6 11 23.3241 4.49473 4.38919
6 12 17.9682 4.00563 3.92674
6 13 10.7517 1.87875 1.75156
6 14 9.31923 2.07294 1.95786
6 15 22.139 3.75215 3.63796
7 0 0 0.133719 0
7 1 2.45408 1.71862 1.55435
7 2 110.954 66.4521 66.5538
7 3 947.66 583.941 585.426
7 4 2051.26 1161.11 1163.43
7 5 2871 1494.72 1496.94
7 6 3292.76 1722.97 1725.17
7 7 3307.73 1808.61 1811.02
7 8 2949.63 1644.37 1646.91
7 9 2468.86 1376.51 1378.95
7 10 1954.95 1045.72 1047.79
7 11 1556.22 821.414 823.214
7 12 1101.92 564.956 566.307
7 13 772.513 356.356 357.237
7 14 557.616 276.024 276.724
7 15 1308.57 679.994 681.554
8 0 3.94937 1.53533 1.41516
8 1 15.8837 12.0719 12.0109
8 2 828.699 395.742 396.723
8 3 1704.44 774.353 775.858
8 4 1997.95 894.145 895.721
8 5 1965.23 857.727 859.236
8 6 1896.6 930.663 932.455
8 7 1653.94 796.265 797.894
8 8 1321.47 557.495 558.681
8 9 1094.96 528.251 529.496
8 10 850.451 426.324 427.393
8 11 643.836 344.124 345.025
8 12 477.999 244.679 245.304
8 13 330.899 151.134 151.499
8 14 223.36 93.7218 93.9145
8 15 500.029 220.528 221.094
