11.55 0
1 0 94.2308 7.26715 7.18113
1 1 0 0.133719 0
2 0 230.618 23.0325 23.0411
2 1 0 0.133719 0
3 0 84.1437 13.6115 13.5341
3 1 0 0.133719 0
4 0 228.915 79.6271 79.7692
4 1 0 0.133719 0
5 0 0 0.133719 0
5 1 10.143 1.31341 1.19206
5 2 173.758 29.1766 29.1999
5 3 407.832 82.5827 82.7533
5 4 528.314 93.3105 93.4911
5 5 465.484 76.424 76.5678
5 6 401.752 70.7753 70.9111
5 7 285.57 50.0696 50.1521
5 8 215.924 45.5009 45.5699
5 9 139.524 29.9288 29.9177
5 10 97.7165 17.5904 17.538
5 11 69.3951 13.3823 13.34
5 12 50.9309 10.122 10.0331
5 13 35.1771 7.42495 7.33283
5 14 29.8175 6.56383 6.46224
5 15 55.9327 10.8679 10.8214
6 0 0.0379363 0.0450328 0.00143917
6 1 138.19 34.3644 34.4078
6 2 673.621 147.696 147.999
6 3 653.907 121.341 121.575
6 4 529.775 97.1962 97.3911
6 5 353.146 59.5019 59.6113
6 6 244.587 41.6541 41.7151
6 7 159.04 34.8173 34.8584
6 8 96.5407 18.0528 18.0013
6 9 56.746 11.0035 10.9509
6 10 39.4275 7.63926 7.57529
6 11 23.3273 4.49475 4.38923
6 12 17.9704 4.00565 3.92677
6 13 10.7534 1.87875 1.75158
6 14 9.31979 2.07295 1.95786
6 15 22.1396 3.75216 3.63796
7 0 0 0.133719 0
7 1 2.45408 1.71862 1.55435
7 2 110.954 66.4521 66.5538
7 3 947.664 583.941 585.426
7 4 2051.28 1161.11 1163.43
7 5 2871.02 1494.72 1496.94
7 6 3292.78 1722.97 1725.17
7 7 3307.75 1808.62 1811.02
7 8 2949.64 1644.38 1646.91
7 9 2468.87 1376.51 1378.95
7 10 1954.96 1045.72 1047.79
7 11 1556.23 821.414 823.214
7 12 1101.93 564.956 566.307
7 13 772.517 356.356 357.237
7 14 557.618 276.024 276.724
7 15 1308.57 679.994 681.554
8 0 3.94937 1.53533 1.41516
8 1 15.8837 12.0719 12.0109
8 2 828.703 395.742 396.724
8 3 1704.45 774.354 775.859
8 4 1997.97 894.146 895.721
8 5 1965.25 857.728 859.236
8 6 1896.62 930.663 932.455
8 7 1653.95 796.266 797.894
8 8 1321.48 557.495 558.681
8 9 1094.97 528.251 529.496
8 10 850.456 426.324 427.393
8 11 643.839 344.124 345.025
8 12 478.002 244.679 245.304
8 13 330.901 151.135 151.499
8 14 223.36 93.7218 93.9145
8 15 500.031 220.528 221.094
