11.7 0
1 0 94.905 7.27551 7.18953
1 1 0 0.133719 0
2 0 232.066 23.051 23.0592
2 1 0 0.133719 0
3 0 84.8868 13.6761 13.5989
3 1 0 0.133719 0
4 0 229.904 79.7128 79.8557
4 1 0 0.133719 0
5 0 0 0.133719 0
5 1 10.1911 1.31399 1.19266
5 2 174.012 29.1793 29.203
5 3 408.149 82.5871 82.7572
5 4 528.621 93.3137 93.4949
5 5 465.691 76.4279 76.5704
5 6 401.891 70.778 70.9128
5 7 285.654 50.0712 50.1532
5 8 215.972 45.5011 45.5705
5 9 139.552 29.9294 29.918
5 10 97.7351 17.5905 17.5382
5 11 69.4053 13.3822 13.3402
5 12 50.938 10.1221 10.0332
5 13 35.182 7.42499 7.33289
5 14 29.8193 6.56386 6.46226
5 15 55.9366 10.868 10.8215
6 0 0.0379363 0.0450328 0.00143917
6 1 138.202 34.3646 34.4079
6 2 673.75 147.698 148.001
6 3 654.061 121.344 121.577
6 4 529.9 97.1986 97.3926
6 5 353.236 59.5035 59.6124
6 6 244.642 41.6551 41.7158
6 7 159.073 34.818 34.8588
6 8 96.5601 18.0532 18.0016
6 9 56.7541 11.0036 10.951
6 10 39.4327 7.63936 7.57535
6 11 23.3304 4.49481 4.38927
6 12 17.9726 4.00569 3.9268
6 13 10.7551 1.87878 1.7516
6 14 9.32035 2.07296 1.95787
6 15 22.1403 3.75217 3.63797
7 0 0 0.133719 0
7 1 2.45408 1.71862 1.55435
7 2 110.954 66.4521 66.5538
7 3 947.669 583.941 585.426
7 4 2051.29 1161.11 1163.43
7 5 2871.04 1494.73 1496.94
7 6 3292.8 1722.97 1725.17
7 7 3307.76 1808.62 1811.02
7 8 2949.66 1644.38 1646.91
7 9 2468.89 1376.51 1378.95
7 10 1954.96 1045.72 1047.79
7 11 1556.24 821.414 823.214
7 12 1101.94 564.956 566.307
7 13 772.521 356.356 357.237
7 14 557.62 276.024 276.724
7 15 1308.57 679.995 681.554
8 0 3.94937 1.53533 1.41516
8 1 15.8838 12.0719 12.0109
8 2 828.707 395.742 396.724
8 3 1704.47 774.354 775.859
8 4 1997.99 894.146 895.721
8 5 1965.27 857.728 859.236
8 6 1896.64 930.664 932.455
8 7 1653.97 796.266 797.894
8 8 1321.49 557.495 558.681
8 9 1094.97 528.251 529.496
8 10 850.461 426.324 427.393
8 11 643.842 344.124 345.026
8 12 478.005 244.679 245.304
8 13 330.902 151.135 151.499
8 14 223.361 93.7218 93.9145
8 15 500.032 220.528 221.094
