11.85 0
1 0 95.5792 7.28383 7.19804
1 1 0 0.133719 0
2 0 233.515 23.069 23.0775
2 1 0 0.133719 0
3 0 85.63 13.7413 13.6646
3 1 0 0.133719 0
4 0 230.892 79.8006 79.9434
4 1 0 0.133719 0
5 0 0 0.133719 0
5 1 10.2392 1.31459 1.19326
5 2 174.267 29.1826 29.2063
5 3 408.465 82.5897 82.7612
5 4 528.927 93.317 93.4988
5 5 465.897 76.4297 76.573
5 6 402.029 70.7771 70.9145
5 7 285.737 50.0728 50.1542
5 8 216.02 45.502 45.5711
5 9 139.581 29.9296 29.9184
5 10 97.7537 17.5908 17.5384
5 11 69.4155 13.3824 13.3403
5 12 50.9452 10.1221 10.0333
5 13 35.1869 7.42509 7.33295
5 14 29.821 6.56389 6.46228
5 15 55.9405 10.868 10.8215
6 0 0.0379363 0.0450328 0.00143917
6 1 138.215 34.3645 34.4081
6 2 673.879 147.701 148.002
6 3 654.216 121.347 121.579
6 4 530.025 97.2011 97.3942
6 5 353.325 59.5052 59.6136
6 6 244.696 41.6561 41.7165
6 7 159.105 34.8181 34.8592
6 8 96.5795 18.0533 18.0018
6 9 56.7621 11.0037 10.9511
6 10 39.4379 7.63939 7.57542
6 11 23.3336 4.49484 4.38931
6 12 17.9749 4.00571 3.92683
6 13 10.7568 1.8788 1.75162
6 14 9.3209 2.07296 1.95788
6 15 22.141 3.75219 3.63798
7 0 0 0.133719 0
7 1 2.45408 1.71862 1.55435
7 2 110.954 66.4521 66.5538
7 3 947.673 583.941 585.426
7 4 2051.3 1161.11 1163.43
7 5 2871.05 1494.73 1496.94
7 6 3292.82 1722.97 1725.17
7 7 3307.78 1808.62 1811.02
7 8 2949.68 1644.38 1646.91
7 9 2468.9 1376.51 1378.95
7 10 1954.97 1045.72 1047.79
7 11 1556.25 821.415 823.214
7 12 1101.94 564.957 566.307
7 13 772.524 356.356 357.237
7 14 557.621 276.024 276.724
7 15 1308.58 679.995 681.554
8 0 3.94937 1.53533 1.41516
8 1 15.8839 12.0719 12.0109
8 2 828.711 395.742 396.724
8 3 1704.48 774.354 775.859
8 4 1998.01 894.147 895.721
8 5 1965.29 857.729 859.237
8 6 1896.66 930.665 932.455
8 7 1653.98 796.267 797.895
8 8 1321.5 557.495 558.682
8 9 1094.98 528.252 529.496
8 10 850.466 426.325 427.393
8 11 643.844 344.124 345.026
8 12 478.007 244.68 245.304
8 13 330.904 151.135 151.499
8 14 223.361 93.7218 93.9146
8 15 500.034 220.528 221.094
