1.2 0
1 0 47.7114 6.95867 6.86327
1 1 0 0.133719 0
2 0 130.669 22.3537 22.3559
2 1 0 0.133719 0
3 0 32.8658 11.1782 11.0823
3 1 0 0.133719 0
4 0 160.732 76.3669 76.4949
4 1 0 0.133719 0
5 0 0 0.133719 0
5 1 6.82634 1.29199 1.16942
5 2 156.18 29.0571 29.0792
5 3 385.997 82.4299 82.6037
5 4 507.144 93.1619 93.3463
5 5 451.245 76.3256 76.4705
5 6 392.194 70.7098 70.8458
5 7 279.814 50.0309 50.1127
5 8 212.617 45.4781 45.5473
5 9 137.568 29.9155 29.9044
5 10 96.4337 17.5818 17.5293
5 11 68.6921 13.3776 13.3353
5 12 50.4375 10.1186 10.0297
5 13 34.8378 7.42274 7.3305
5 14 29.6974 6.56313 6.46146
5 15 55.6637 10.8662 10.8197
6 0 0.0379363 0.0450328 0.00143917
6 1 137.299 34.3584 34.4017
6 2 664.738 147.634 147.938
6 3 643.265 121.268 121.502
6 4 521.133 97.1347 97.3319
6 5 346.949 59.4592 59.5689
6 6 240.835 41.6283 41.6893
6 7 156.804 34.8024 34.8433
6 8 95.1998 18.0439 17.9921
6 9 56.1931 10.9999 10.9471
6 10 39.068 7.63689 7.57284
6 11 23.1093 4.49338 4.38778
6 12 17.8172 4.00471 3.92576
6 13 10.6368 1.87799 1.75076
6 14 9.28137 2.07271 1.9576
6 15 22.0943 3.75187 3.63764
7 0 0 0.133719 0
7 1 2.45408 1.71862 1.55435
7 2 110.944 66.4523 66.5537
7 3 947.369 583.943 585.424
7 4 2050.51 1161.12 1163.43
7 5 2869.88 1494.75 1496.93
7 6 3291.47 1723 1725.16
7 7 3306.59 1808.58 1811.02
7 8 2948.54 1644.41 1646.9
7 9 2467.96 1376.48 1378.94
7 10 1954.32 1045.7 1047.79
7 11 1555.7 821.422 823.211
7 12 1101.47 564.957 566.304
7 13 772.269 356.35 357.235
7 14 557.488 276.021 276.723
7 15 1308.28 679.986 681.552
8 0 3.94937 1.53533 1.41516
8 1 15.8789 12.0719 12.0109
8 2 828.43 395.735 396.722
8 3 1703.69 774.334 775.853
8 4 1996.69 894.145 895.712
8 5 1963.87 857.694 859.227
8 6 1895.33 930.66 932.446
8 7 1652.92 796.262 797.887
8 8 1320.81 557.495 558.677
8 9 1094.41 528.25 529.492
8 10 850.095 426.333 427.391
8 11 643.64 344.131 345.024
8 12 477.829 244.675 245.303
8 13 330.793 151.136 151.498
8 14 223.324 93.721 93.9143
8 15 499.926 220.526 221.093
