12 0
1 0 96.2534 7.29236 7.20665
1 1 0 0.133719 0
2 0 234.963 23.0879 23.0961
2 1 0 0.133719 0
3 0 86.3731 13.8075 13.731
3 1 0 0.133719 0
4 0 231.88 79.8883 80.0322
4 1 0 0.133719 0
5 0 0 0.133719 0
5 1 10.2873 1.3152 1.19388
5 2 174.522 29.1864 29.2095
5 3 408.782 82.5961 82.7653
5 4 529.234 93.323 93.5027
5 5 466.104 76.4336 76.5756
5 6 402.168 70.7798 70.9163
5 7 285.82 50.0733 50.1553
5 8 216.068 45.503 45.5718
5 9 139.609 29.9297 29.9188
5 10 97.7723 17.591 17.5387
5 11 69.4256 13.3826 13.3404
5 12 50.9523 10.1222 10.0334
5 13 35.1919 7.42513 7.33302
5 14 29.8227 6.56388 6.4623
5 15 55.9444 10.8681 10.8216
6 0 0.0379363 0.0450328 0.00143917
6 1 138.228 34.3648 34.4083
6 2 674.008 147.704 148.004
6 3 654.37 121.35 121.581
6 4 530.15 97.2009 97.3958
6 5 353.415 59.5055 59.6147
6 6 244.751 41.6563 41.7172
6 7 159.137 34.8188 34.8596
6 8 96.599 18.0537 18.0021
6 9 56.7701 11.0038 10.9512
6 10 39.4431 7.63943 7.57549
6 11 23.3368 4.4949 4.38935
6 12 17.9771 4.00573 3.92685
6 13 10.7585 1.87882 1.75164
6 14 9.32146 2.07297 1.95788
6 15 22.1416 3.7522 3.63799
7 0 0 0.133719 0
7 1 2.45408 1.71862 1.55435
7 2 110.954 66.4521 66.5538
7 3 947.677 583.942 585.427
7 4 2051.31 1161.11 1163.43
7 5 2871.07 1494.73 1496.94
7 6 3292.84 1722.97 1725.17
7 7 3307.8 1808.62 1811.03
7 8 2949.69 1644.38 1646.91
7 9 2468.91 1376.51 1378.95
7 10 1954.98 1045.72 1047.79
7 11 1556.25 821.415 823.215
7 12 1101.95 564.957 566.307
7 13 772.528 356.356 357.237
7 14 557.623 276.024 276.724
7 15 1308.58 679.995 681.554
8 0 3.94937 1.53533 1.41516
8 1 15.8839 12.0719 12.0109
8 2 828.715 395.742 396.724
8 3 1704.49 774.355 775.859
8 4 1998.03 894.147 895.722
8 5 1965.31 857.729 859.237
8 6 1896.68 930.665 932.456
8 7 1654 796.267 797.895
8 8 1321.51 557.496 558.682
8 9 1094.99 528.252 529.497
8 10 850.471 426.325 427.393
8 11 643.847 344.124 345.026
8 12 478.01 244.68 245.305
8 13 330.905 151.135 151.499
8 14 223.362 93.7218 93.9146
8 15 500.035 220.528 221.094
