12.15 0
1 0 96.9275 7.30098 7.21538
1 1 0 0.133719 0
2 0 236.412 23.1063 23.1149
2 1 0 0.133719 0
3 0 87.1163 13.8744 13.7984
3 1 0 0.133719 0
4 0 232.868 79.9781 80.122
4 1 0 0.133719 0
5 0 0 0.133719 0
5 1 10.3353 1.31581 1.1945
5 2 174.777 29.1892 29.2129
5 3 409.098 82.5987 82.7694
5 4 529.541 93.3263 93.5067
5 5 466.31 76.4354 76.5783
5 6 402.306 70.7825 70.9181
5 7 285.904 50.0739 50.1564
5 8 216.116 45.5033 45.5724
5 9 139.637 29.9303 29.9191
5 10 97.7909 17.5911 17.5389
5 11 69.4358 13.3828 13.3406
5 12 50.9595 10.1223 10.0335
5 13 35.1968 7.42517 7.33308
5 14 29.8245 6.56391 6.46232
5 15 55.9483 10.8681 10.8216
6 0 0.0379363 0.0450328 0.00143917
6 1 138.241 34.3651 34.4084
6 2 674.136 147.707 148.005
6 3 654.524 121.353 121.583
6 4 530.276 97.2034 97.3975
6 5 353.505 59.5058 59.6159
6 6 244.805 41.6565 41.7179
6 7 159.17 34.819 34.86
6 8 96.6184 18.0539 18.0023
6 9 56.7781 11.004 10.9513
6 10 39.4483 7.63953 7.57555
6 11 23.3399 4.49489 4.38939
6 12 17.9793 4.00577 3.92688
6 13 10.7602 1.87885 1.75167
6 14 9.32202 2.07298 1.95789
6 15 22.1423 3.75221 3.638
7 0 0 0.133719 0
7 1 2.45408 1.71862 1.55435
7 2 110.955 66.4521 66.5538
7 3 947.682 583.942 585.427
7 4 2051.32 1161.11 1163.43
7 5 2871.09 1494.73 1496.94
7 6 3292.85 1722.97 1725.17
7 7 3307.81 1808.62 1811.03
7 8 2949.71 1644.38 1646.91
7 9 2468.93 1376.51 1378.95
7 10 1954.99 1045.72 1047.79
7 11 1556.26 821.415 823.215
7 12 1101.96 564.957 566.307
7 13 772.531 356.356 357.237
7 14 557.625 276.025 276.724
7 15 1308.59 679.995 681.554
8 0 3.94937 1.53533 1.41516
8 1 15.884 12.0719 12.0109
8 2 828.719 395.742 396.724
8 3 1704.5 774.355 775.859
8 4 1998.04 894.148 895.722
8 5 1965.33 857.73 859.237
8 6 1896.7 930.666 932.456
8 7 1654.02 796.268 797.895
8 8 1321.52 557.496 558.682
8 9 1095 528.252 529.497
8 10 850.477 426.325 427.393
8 11 643.85 344.125 345.026
8 12 478.012 244.68 245.305
8 13 330.907 151.135 151.499
8 14 223.362 93.7219 93.9146
8 15 500.037 220.528 221.094
