12.3 0
1 0 97.6017 7.30969 7.22421
1 1 0 0.133719 0
2 0 237.86 23.1255 23.1339
2 1 0 0.133719 0
3 0 87.8595 13.9422 13.8665
3 1 0 0.133719 0
4 0 233.856 80.0689 80.2131
4 1 0 0.133719 0
5 0 0 0.133719 0
5 1 10.3834 1.31642 1.19513
5 2 175.031 29.1926 29.2162
5 3 409.415 82.6033 82.7736
5 4 529.848 93.3297 93.5107
5 5 466.516 76.4393 76.581
5 6 402.445 70.7852 70.9199
5 7 285.987 50.0755 50.1575
5 8 216.164 45.5035 45.573
5 9 139.666 29.9309 29.9195
5 10 97.8095 17.5914 17.5391
5 11 69.446 13.3829 13.3407
5 12 50.9666 10.1224 10.0336
5 13 35.2017 7.42527 7.33315
5 14 29.8262 6.56395 6.46234
5 15 55.9522 10.8682 10.8217
6 0 0.0379363 0.0450328 0.00143917
6 1 138.254 34.3649 34.4086
6 2 674.265 147.705 148.007
6 3 654.678 121.356 121.585
6 4 530.401 97.2059 97.3991
6 5 353.595 59.5076 59.617
6 6 244.859 41.6576 41.7186
6 7 159.202 34.8196 34.8604
6 8 96.6378 18.054 18.0026
6 9 56.7861 11.0041 10.9514
6 10 39.4535 7.63957 7.57562
6 11 23.3431 4.49495 4.38943
6 12 17.9815 4.00579 3.92691
6 13 10.7619 1.87886 1.75169
6 14 9.32257 2.07298 1.9579
6 15 22.1429 3.75222 3.63801
7 0 0 0.133719 0
7 1 2.45408 1.71862 1.55435
7 2 110.955 66.4521 66.5538
7 3 947.686 583.942 585.427
7 4 2051.33 1161.11 1163.43
7 5 2871.1 1494.73 1496.94
7 6 3292.87 1722.97 1725.17
7 7 3307.83 1808.62 1811.03
7 8 2949.72 1644.38 1646.91
7 9 2468.94 1376.51 1378.95
7 10 1955 1045.72 1047.79
7 11 1556.27 821.415 823.215
7 12 1101.96 564.957 566.307
7 13 772.535 356.356 357.237
7 14 557.627 276.025 276.724
7 15 1308.59 679.995 681.554
8 0 3.94937 1.53533 1.41516
8 1 15.8841 12.0719 12.0109
8 2 828.723 395.743 396.724
8 3 1704.51 774.355 775.859
8 4 1998.06 894.148 895.722
8 5 1965.35 857.731 859.237
8 6 1896.71 930.666 932.456
8 7 1654.03 796.268 797.895
8 8 1321.53 557.496 558.682
8 9 1095.01 528.252 529.497
8 10 850.482 426.325 427.393
8 11 643.853 344.125 345.026
8 12 478.015 244.68 245.305
8 13 330.908 151.135 151.499
8 14 223.363 93.7219 93.9146
8 15 500.039 220.528 221.094
