12.45 0
1 0 98.2759 7.31847 7.23315
1 1 0 0.133719 0
2 0 239.309 23.1454 23.1532
2 1 0 0.133719 0
3 0 88.6026 14.0108 13.9355
3 1 0 0.133719 0
4 0 234.844 80.1607 80.3052
4 1 0 0.133719 0
5 0 0 0.133719 0
5 1 10.4315 1.31705 1.19576
5 2 175.286 29.196 29.2196
5 3 409.731 82.608 82.7778
5 4 530.155 93.3358 93.5148
5 5 466.723 76.4412 76.5837
5 6 402.584 70.7861 70.9218
5 7 286.071 50.0771 50.1586
5 8 216.212 45.5045 45.5736
5 9 139.694 29.9307 29.9199
5 10 97.8281 17.5918 17.5394
5 11 69.4562 13.383 13.3408
5 12 50.9738 10.1225 10.0337
5 13 35.2066 7.42537 7.33321
5 14 29.828 6.56398 6.46237
5 15 55.9561 10.8682 10.8217
6 0 0.0379363 0.0450328 0.00143917
6 1 138.267 34.3652 34.4088
6 2 674.394 147.708 148.009
6 3 654.833 121.356 121.587
6 4 530.526 97.2057 97.4008
6 5 353.685 59.5093 59.6182
6 6 244.914 41.6586 41.7193
6 7 159.235 34.8198 34.8608
6 8 96.6573 18.0544 18.0028
6 9 56.7941 11.0041 10.9515
6 10 39.4587 7.63967 7.57569
6 11 23.3462 4.49498 4.38947
6 12 17.9837 4.00581 3.92694
6 13 10.7636 1.87889 1.75171
6 14 9.32313 2.07298 1.95791
6 15 22.1436 3.75223 3.63802
7 0 0 0.133719 0
7 1 2.45408 1.71862 1.55435
7 2 110.955 66.4521 66.5538
7 3 947.69 583.942 585.427
7 4 2051.34 1161.11 1163.43
7 5 2871.12 1494.73 1496.94
7 6 3292.89 1722.97 1725.17
7 7 3307.85 1808.62 1811.03
7 8 2949.74 1644.38 1646.91
7 9 2468.95 1376.51 1378.95
7 10 1955.01 1045.72 1047.79
7 11 1556.28 821.416 823.215
7 12 1101.97 564.957 566.308
7 13 772.539 356.349 357.237
7 14 557.629 276.025 276.724
7 15 1308.6 679.995 681.554
8 0 3.94937 1.53533 1.41516
8 1 15.8842 12.0719 12.0109
8 2 828.727 395.743 396.724
8 3 1704.52 774.356 775.859
8 4 1998.08 894.149 895.722
8 5 1965.37 857.731 859.238
8 6 1896.73 930.667 932.456
8 7 1654.05 796.269 797.895
8 8 1321.54 557.497 558.682
8 9 1095.01 528.253 529.497
8 10 850.487 426.325 427.393
8 11 643.856 344.125 345.026
8 12 478.017 244.68 245.305
8 13 330.91 151.135 151.499
8 14 223.363 93.7219 93.9146
8 15 500.04 220.528 221.094
