12.6 0
1 0 98.9501 7.32735 7.24221
1 1 0 0.133719 0
2 0 240.757 23.1644 23.1727
2 1 0 0.133719 0
3 0 89.3458 14.0804 14.0053
3 1 0 0.133719 0
4 0 235.832 80.2536 80.3984
4 1 0 0.133719 0
5 0 0 0.133719 0
5 1 10.4795 1.31769 1.19641
5 2 175.541 29.1994 29.223
5 3 410.048 82.6126 82.782
5 4 530.461 93.3393 93.5189
5 5 466.929 76.4431 76.5865
5 6 402.722 70.7872 70.9236
5 7 286.154 50.0777 50.1597
5 8 216.26 45.5055 45.5743
5 9 139.723 29.9313 29.9202
5 10 97.8467 17.5919 17.5396
5 11 69.4664 13.3832 13.341
5 12 50.9809 10.1226 10.0338
5 13 35.2115 7.42536 7.33328
5 14 29.8297 6.56401 6.46239
5 15 55.96 10.8683 10.8218
6 0 0.0379363 0.0450328 0.00143917
6 1 138.28 34.3655 34.4089
6 2 674.523 147.711 148.011
6 3 654.987 121.355 121.589
6 4 530.651 97.2082 97.4025
6 5 353.774 59.5111 59.6194
6 6 244.968 41.6597 41.7201
6 7 159.267 34.82 34.8613
6 8 96.6767 18.0548 18.0031
6 9 56.8021 11.0043 10.9516
6 10 39.4639 7.63972 7.57576
6 11 23.3494 4.49504 4.38951
6 12 17.986 4.00585 3.92697
6 13 10.7653 1.87891 1.75173
6 14 9.32369 2.073 1.95791
6 15 22.1442 3.75225 3.63803
7 0 0 0.133719 0
7 1 2.45408 1.71862 1.55435
7 2 110.955 66.4521 66.5538
7 3 947.694 583.942 585.427
7 4 2051.35 1161.11 1163.43
7 5 2871.14 1494.73 1496.94
7 6 3292.91 1722.97 1725.17
7 7 3307.86 1808.62 1811.03
7 8 2949.76 1644.38 1646.91
7 9 2468.97 1376.51 1378.95
7 10 1955.02 1045.72 1047.79
7 11 1556.28 821.416 823.215
7 12 1101.98 564.958 566.308
7 13 772.542 356.349 357.237
7 14 557.631 276.025 276.724
7 15 1308.6 679.995 681.554
8 0 3.94937 1.53533 1.41516
8 1 15.8842 12.0719 12.0109
8 2 828.73 395.743 396.724
8 3 1704.53 774.356 775.86
8 4 1998.1 894.15 895.723
8 5 1965.39 857.732 859.238
8 6 1896.75 930.668 932.456
8 7 1654.06 796.269 797.896
8 8 1321.55 557.497 558.682
8 9 1095.02 528.253 529.497
8 10 850.492 426.325 427.393
8 11 643.859 344.125 345.026
8 12 478.02 244.68 245.305
8 13 330.911 151.135 151.499
8 14 223.364 93.7219 93.9146
8 15 500.042 220.529 221.094
