12.75 0
1 0 99.6243 7.3363 7.25136
1 1 0 0.133719 0
2 0 242.206 23.184 23.1925
2 1 0 0.133719 0
3 0 90.0889 14.1508 14.0759
3 1 0 0.133719 0
4 0 236.821 80.3485 80.4928
4 1 0 0.133719 0
5 0 0 0.133719 0
5 1 10.5276 1.31833 1.19706
5 2 175.796 29.2029 29.2265
5 3 410.364 82.6155 82.7863
5 4 530.768 93.3429 93.5231
5 5 467.135 76.4472 76.5893
5 6 402.861 70.79 70.9255
5 7 286.238 50.0784 50.1608
5 8 216.308 45.5058 45.5749
5 9 139.751 29.9319 29.9206
5 10 97.8652 17.5921 17.5399
5 11 69.4766 13.3832 13.3411
5 12 50.9881 10.1227 10.0339
5 13 35.2165 7.42546 7.33334
5 14 29.8314 6.56405 6.46241
5 15 55.9639 10.8682 10.8218
6 0 0.0379363 0.0450328 0.00143917
6 1 138.293 34.3658 34.4091
6 2 674.651 147.709 148.012
6 3 655.141 121.358 121.591
6 4 530.776 97.2108 97.4042
6 5 353.864 59.5128 59.6207
6 6 245.022 41.6608 41.7208
6 7 159.299 34.8207 34.8617
6 8 96.6961 18.0547 18.0034
6 9 56.8101 11.0044 10.9517
6 10 39.4691 7.63976 7.57583
6 11 23.3525 4.49507 4.38955
6 12 17.9882 4.00587 3.92699
6 13 10.767 1.87894 1.75176
6 14 9.32424 2.07301 1.95792
6 15 22.1449 3.75223 3.63804
7 0 0 0.133719 0
7 1 2.45408 1.71862 1.55435
7 2 110.955 66.4521 66.5538
7 3 947.699 583.942 585.427
7 4 2051.36 1161.11 1163.43
7 5 2871.15 1494.73 1496.94
7 6 3292.93 1722.97 1725.18
7 7 3307.88 1808.62 1811.03
7 8 2949.77 1644.38 1646.91
7 9 2468.98 1376.51 1378.95
7 10 1955.03 1045.72 1047.79
7 11 1556.29 821.416 823.215
7 12 1101.98 564.958 566.308
7 13 772.546 356.349 357.237
7 14 557.633 276.025 276.724
7 15 1308.6 679.996 681.554
8 0 3.94937 1.53533 1.41516
8 1 15.8843 12.0719 12.0109
8 2 828.734 395.743 396.724
8 3 1704.54 774.357 775.86
8 4 1998.12 894.15 895.723
8 5 1965.41 857.732 859.238
8 6 1896.77 930.668 932.457
8 7 1654.08 796.27 797.896
8 8 1321.56 557.497 558.682
8 9 1095.03 528.253 529.497
8 10 850.498 426.326 427.393
8 11 643.862 344.125 345.026
8 12 478.022 244.68 245.305
8 13 330.913 151.135 151.499
8 14 223.364 93.7219 93.9146
8 15 500.043 220.529 221.094
