12.9 0
1 0 100.299 7.34563 7.26063
1 1 0 0.133719 0
2 0 243.654 23.2039 23.2124
2 1 0 0.133719 0
3 0 90.8321 14.2219 14.1474
3 1 0 0.133719 0
4 0 237.809 80.4433 80.5882
4 1 0 0.133719 0
5 0 0 0.133719 0
5 1 10.5757 1.31898 1.19772
5 2 176.05 29.2064 29.23
5 3 410.681 82.6203 82.7907
5 4 531.075 93.3464 93.5273
5 5 467.342 76.4513 76.5921
5 6 402.999 70.7927 70.9274
5 7 286.321 50.08 50.162
5 8 216.356 45.506 45.5756
5 9 139.779 29.9325 29.921
5 10 97.8838 17.5925 17.5401
5 11 69.4868 13.3834 13.3412
5 12 50.9952 10.1228 10.034
5 13 35.2214 7.4255 7.33341
5 14 29.8332 6.56399 6.46243
5 15 55.9678 10.8683 10.8219
6 0 0.0379363 0.0450328 0.00143917
6 1 138.306 34.3661 34.4093
6 2 674.78 147.712 148.014
6 3 655.295 121.361 121.593
6 4 530.902 97.2107 97.4059
6 5 353.954 59.5118 59.6219
6 6 245.077 41.6602 41.7216
6 7 159.332 34.8214 34.8622
6 8 96.7156 18.0551 18.0036
6 9 56.8182 11.0045 10.9518
6 10 39.4743 7.63986 7.5759
6 11 23.3557 4.4951 4.38959
6 12 17.9904 4.00592 3.92702
6 13 10.7686 1.87895 1.75178
6 14 9.3248 2.07302 1.95793
6 15 22.1456 3.75225 3.63805
7 0 0 0.133719 0
7 1 2.45408 1.71862 1.55435
7 2 110.955 66.4521 66.5538
7 3 947.703 583.943 585.427
7 4 2051.38 1161.11 1163.43
7 5 2871.17 1494.73 1496.94
7 6 3292.95 1722.97 1725.18
7 7 3307.9 1808.62 1811.03
7 8 2949.79 1644.38 1646.91
7 9 2468.99 1376.51 1378.95
7 10 1955.04 1045.72 1047.79
7 11 1556.3 821.417 823.215
7 12 1101.99 564.958 566.308
7 13 772.549 356.349 357.237
7 14 557.635 276.025 276.724
7 15 1308.61 679.996 681.554
8 0 3.94937 1.53533 1.41516
8 1 15.8844 12.0719 12.011
8 2 828.738 395.743 396.724
8 3 1704.55 774.357 775.86
8 4 1998.14 894.151 895.723
8 5 1965.43 857.733 859.238
8 6 1896.79 930.669 932.457
8 7 1654.09 796.27 797.896
8 8 1321.57 557.498 558.682
8 9 1095.04 528.254 529.497
8 10 850.503 426.326 427.393
8 11 643.865 344.125 345.026
8 12 478.025 244.68 245.305
8 13 330.915 151.135 151.499
8 14 223.365 93.7219 93.9146
8 15 500.045 220.529 221.094
