13.05 0
1 0 100.973 7.35476 7.27001
1 1 0 0.133719 0
2 0 245.103 23.2246 23.2326
2 1 0 0.133719 0
3 0 91.5752 14.2938 14.2198
3 1 0 0.133719 0
4 0 238.797 80.5391 80.6848
4 1 0 0.133719 0
5 0 0 0.133719 0
5 1 10.6237 1.31964 1.19839
5 2 176.305 29.21 29.2336
5 3 410.997 82.6251 82.7951
5 4 531.382 93.3527 93.5316
5 5 467.548 76.4512 76.595
5 6 403.138 70.7938 70.9293
5 7 286.404 50.0817 50.1632
5 8 216.404 45.507 45.5763
5 9 139.808 29.9323 29.9214
5 10 97.9024 17.5926 17.5404
5 11 69.497 13.3836 13.3414
5 12 51.0024 10.1229 10.0341
5 13 35.2263 7.4256 7.33348
5 14 29.8349 6.56403 6.46246
5 15 55.9717 10.8684 10.8219
6 0 0.0379363 0.0450328 0.00143917
6 1 138.319 34.3659 34.4095
6 2 674.909 147.715 148.016
6 3 655.45 121.365 121.595
6 4 531.027 97.2134 97.4076
6 5 354.044 59.5136 59.6232
6 6 245.131 41.6613 41.7223
6 7 159.364 34.8221 34.8626
6 8 96.735 18.0555 18.0039
6 9 56.8262 11.0045 10.9519
6 10 39.4796 7.63997 7.57597
6 11 23.3589 4.49516 4.38963
6 12 17.9926 4.00592 3.92705
6 13 10.7703 1.87898 1.75181
6 14 9.32536 2.07303 1.95794
6 15 22.1462 3.75226 3.63805
7 0 0 0.133719 0
7 1 2.45408 1.71862 1.55435
7 2 110.955 66.4522 66.5538
7 3 947.707 583.943 585.427
7 4 2051.39 1161.11 1163.43
7 5 2871.19 1494.73 1496.94
7 6 3292.97 1722.98 1725.18
7 7 3307.91 1808.62 1811.03
7 8 2949.8 1644.38 1646.91
7 9 2469.01 1376.51 1378.95
7 10 1955.05 1045.72 1047.79
7 11 1556.31 821.417 823.215
7 12 1102 564.958 566.308
7 13 772.553 356.349 357.237
7 14 557.636 276.025 276.724
7 15 1308.61 679.996 681.554
8 0 3.94937 1.53533 1.41516
8 1 15.8844 12.0719 12.011
8 2 828.742 395.743 396.724
8 3 1704.57 774.357 775.86
8 4 1998.16 894.151 895.723
8 5 1965.45 857.734 859.239
8 6 1896.81 930.669 932.457
8 7 1654.11 796.271 797.896
8 8 1321.58 557.498 558.683
8 9 1095.05 528.254 529.497
8 10 850.508 426.326 427.394
8 11 643.867 344.125 345.026
8 12 478.027 244.68 245.305
8 13 330.916 151.135 151.499
8 14 223.365 93.7219 93.9146
8 15 500.046 220.529 221.094
