13.2 0
1 0 101.647 7.36411 7.27949
1 1 0 0.133719 0
2 0 246.551 23.2442 23.2531
2 1 0 0.133719 0
3 0 92.3184 14.3666 14.2929
3 1 0 0.133719 0
4 0 239.785 80.637 80.7825
4 1 0 0.133719 0
5 0 0 0.133719 0
5 1 10.6718 1.3203 1.19906
5 2 176.56 29.2136 29.2372
5 3 411.313 82.63 82.7996
5 4 531.689 93.3565 93.5359
5 5 467.755 76.4553 76.5979
5 6 403.276 70.7949 70.9313
5 7 286.488 50.0824 50.1643
5 8 216.452 45.5081 45.5769
5 9 139.836 29.9329 29.9218
5 10 97.921 17.593 17.5406
5 11 69.5072 13.3837 13.3415
5 12 51.0095 10.123 10.0342
5 13 35.2312 7.42565 7.33355
5 14 29.8367 6.56407 6.46248
5 15 55.9756 10.8685 10.822
6 0 0.0379363 0.0450328 0.00143917
6 1 138.331 34.3658 34.4096
6 2 675.038 147.718 148.018
6 3 655.604 121.368 121.598
6 4 531.152 97.2132 97.4094
6 5 354.134 59.5154 59.6244
6 6 245.186 41.6624 41.7231
6 7 159.397 34.8218 34.8631
6 8 96.7544 18.0557 18.0042
6 9 56.8342 11.0047 10.952
6 10 39.4848 7.64001 7.57605
6 11 23.362 4.49519 4.38968
6 12 17.9948 4.00596 3.92708
6 13 10.772 1.879 1.75183
6 14 9.32591 2.07303 1.95794
6 15 22.1469 3.75227 3.63806
7 0 0 0.133719 0
7 1 2.45408 1.71862 1.55435
7 2 110.956 66.4522 66.5538
7 3 947.711 583.943 585.427
7 4 2051.4 1161.11 1163.43
7 5 2871.2 1494.73 1496.94
7 6 3292.99 1722.98 1725.18
7 7 3307.93 1808.62 1811.03
7 8 2949.82 1644.38 1646.91
7 9 2469.02 1376.51 1378.95
7 10 1955.06 1045.72 1047.79
7 11 1556.31 821.417 823.215
7 12 1102 564.959 566.308
7 13 772.556 356.35 357.237
7 14 557.638 276.025 276.724
7 15 1308.62 679.996 681.555
8 0 3.94937 1.53533 1.41516
8 1 15.8845 12.0719 12.011
8 2 828.746 395.743 396.724
8 3 1704.58 774.358 775.86
8 4 1998.17 894.152 895.724
8 5 1965.47 857.734 859.239
8 6 1896.83 930.67 932.457
8 7 1654.12 796.271 797.896
8 8 1321.59 557.498 558.683
8 9 1095.06 528.254 529.497
8 10 850.513 426.326 427.394
8 11 643.87 344.125 345.026
8 12 478.03 244.68 245.305
8 13 330.918 151.135 151.499
8 14 223.366 93.722 93.9146
8 15 500.048 220.529 221.094
