13.35 0
1 0 102.321 7.37356 7.28908
1 1 0 0.133719 0
2 0 248 23.2652 23.2738
2 1 0 0.133719 0
3 0 93.0616 14.4405 14.3669
3 1 0 0.133719 0
4 0 240.773 80.7349 80.8813
4 1 0 0.133719 0
5 0 0 0.133719 0
5 1 10.7199 1.32098 1.19975
5 2 176.815 29.2172 29.2408
5 3 411.63 82.6349 82.8041
5 4 531.995 93.3601 93.5403
5 5 467.961 76.4595 76.6009
5 6 403.415 70.7978 70.9332
5 7 286.571 50.0841 50.1655
5 8 216.5 45.5091 45.5776
5 9 139.864 29.9335 29.9222
5 10 97.9396 17.5931 17.5409
5 11 69.5173 13.3838 13.3417
5 12 51.0167 10.1231 10.0343
5 13 35.2361 7.4257 7.33362
5 14 29.8384 6.5641 6.4625
5 15 55.9795 10.8685 10.822
6 0 0.0379363 0.0450328 0.00143917
6 1 138.344 34.3661 34.4098
6 2 675.166 147.721 148.02
6 3 655.758 121.371 121.6
6 4 531.277 97.2159 97.4112
6 5 354.223 59.5172 59.6257
6 6 245.24 41.6635 41.7239
6 7 159.429 34.8225 34.8635
6 8 96.7739 18.0559 18.0045
6 9 56.8422 11.0048 10.9521
6 10 39.49 7.64005 7.57612
6 11 23.3652 4.49523 4.38972
6 12 17.9971 4.00601 3.92711
6 13 10.7737 1.87903 1.75186
6 14 9.32647 2.07304 1.95795
6 15 22.1475 3.75228 3.63807
7 0 0 0.133719 0
7 1 2.45408 1.71862 1.55435
7 2 110.956 66.4522 66.5538
7 3 947.716 583.943 585.427
7 4 2051.41 1161.11 1163.43
7 5 2871.22 1494.73 1496.94
7 6 3293.01 1722.98 1725.18
7 7 3307.95 1808.62 1811.03
7 8 2949.84 1644.38 1646.91
7 9 2469.03 1376.51 1378.95
7 10 1955.06 1045.72 1047.79
7 11 1556.32 821.417 823.216
7 12 1102.01 564.959 566.308
7 13 772.56 356.35 357.237
7 14 557.64 276.025 276.724
7 15 1308.62 679.996 681.555
8 0 3.94937 1.53533 1.41516
8 1 15.8846 12.0719 12.011
8 2 828.75 395.743 396.724
8 3 1704.59 774.358 775.86
8 4 1998.19 894.153 895.724
8 5 1965.49 857.735 859.239
8 6 1896.85 930.671 932.458
8 7 1654.14 796.272 797.897
8 8 1321.6 557.498 558.683
8 9 1095.06 528.254 529.498
8 10 850.519 426.326 427.394
8 11 643.873 344.125 345.026
8 12 478.032 244.68 245.305
8 13 330.919 151.135 151.499
8 14 223.366 93.722 93.9146
8 15 500.049 220.529 221.094
