1.35 0
1 0 48.3856 6.9595 6.86419
1 1 0 0.133719 0
2 0 132.118 22.3558 22.3579
2 1 0 0.133719 0
3 0 33.609 11.1851 11.0894
3 1 0 0.133719 0
4 0 161.72 76.3758 76.5043
4 1 0 0.133719 0
5 0 0 0.133719 0
5 1 6.87441 1.29202 1.16949
5 2 156.434 29.0574 29.0795
5 3 386.314 82.4329 82.6041
5 4 507.451 93.1645 93.3467
5 5 451.451 76.3253 76.4708
5 6 392.332 70.7092 70.846
5 7 279.898 50.0316 50.1128
5 8 212.665 45.4786 45.5474
5 9 137.597 29.9158 29.9044
5 10 96.4523 17.5819 17.5293
5 11 68.7023 13.3776 13.3353
5 12 50.4446 10.1187 10.0297
5 13 34.8427 7.42273 7.33051
5 14 29.6991 6.5631 6.46146
5 15 55.6676 10.8663 10.8197
6 0 0.0379363 0.0450328 0.00143917
6 1 137.312 34.3581 34.4017
6 2 664.867 147.635 147.938
6 3 643.42 121.269 121.502
6 4 521.258 97.1358 97.3321
6 5 347.039 59.46 59.569
6 6 240.89 41.6287 41.6894
6 7 156.836 34.8027 34.8433
6 8 95.2192 18.0438 17.9921
6 9 56.2011 10.9999 10.9471
6 10 39.0733 7.63688 7.57285
6 11 23.1125 4.49337 4.38779
6 12 17.8194 4.0047 3.92576
6 13 10.6385 1.87799 1.75077
6 14 9.28193 2.07271 1.9576
6 15 22.0949 3.75187 3.63764
7 0 0 0.133719 0
7 1 2.45408 1.71862 1.55435
7 2 110.944 66.4524 66.5537
7 3 947.373 583.944 585.424
7 4 2050.52 1161.12 1163.43
7 5 2869.9 1494.75 1496.93
7 6 3291.49 1723 1725.16
7 7 3306.6 1808.58 1811.02
7 8 2948.55 1644.41 1646.9
7 9 2467.98 1376.48 1378.94
7 10 1954.33 1045.7 1047.79
7 11 1555.7 821.422 823.211
7 12 1101.48 564.957 566.304
7 13 772.273 356.35 357.235
7 14 557.49 276.021 276.723
7 15 1308.28 679.986 681.552
8 0 3.94937 1.53533 1.41516
8 1 15.879 12.0719 12.0109
8 2 828.434 395.735 396.722
8 3 1703.7 774.335 775.853
8 4 1996.71 894.146 895.712
8 5 1963.89 857.694 859.227
8 6 1895.35 930.66 932.446
8 7 1652.93 796.263 797.887
8 8 1320.82 557.495 558.677
8 9 1094.41 528.25 529.493
8 10 850.1 426.333 427.391
8 11 643.643 344.131 345.024
8 12 477.832 244.675 245.303
8 13 330.795 151.136 151.498
8 14 223.325 93.721 93.9143
8 15 499.928 220.526 221.093
