13.5 0
1 0 102.995 7.38308 7.29879
1 1 0 0.133719 0
2 0 249.448 23.2858 23.2947
2 1 0 0.133719 0
3 0 93.8047 14.5147 14.4417
3 1 0 0.133719 0
4 0 241.761 80.8348 80.9813
4 1 0 0.133719 0
5 0 0 0.133719 0
5 1 10.7679 1.32165 1.20044
5 2 177.069 29.2209 29.2445
5 3 411.946 82.6379 82.8087
5 4 532.302 93.3666 93.5447
5 5 468.167 76.4616 76.6038
5 6 403.553 70.7989 70.9352
5 7 286.655 50.0848 50.1667
5 8 216.547 45.5086 45.5783
5 9 139.893 29.9337 29.9226
5 10 97.9582 17.5935 17.5412
5 11 69.5275 13.384 13.3418
5 12 51.0238 10.1232 10.0344
5 13 35.241 7.42581 7.33369
5 14 29.8401 6.56414 6.46253
5 15 55.9834 10.8686 10.8221
6 0 0.0379363 0.0450328 0.00143917
6 1 138.357 34.3664 34.41
6 2 675.295 147.719 148.022
6 3 655.912 121.375 121.602
6 4 531.403 97.2185 97.413
6 5 354.313 59.5191 59.627
6 6 245.294 41.6638 41.7247
6 7 159.461 34.8232 34.864
6 8 96.7933 18.0563 18.0047
6 9 56.8502 11.0049 10.9522
6 10 39.4952 7.64016 7.5762
6 11 23.3683 4.49529 4.38977
6 12 17.9993 4.00603 3.92715
6 13 10.7754 1.87905 1.75188
6 14 9.32703 2.07305 1.95796
6 15 22.1482 3.7523 3.63808
7 0 0 0.133719 0
7 1 2.45408 1.71862 1.55435
7 2 110.956 66.4522 66.5538
7 3 947.72 583.943 585.427
7 4 2051.42 1161.11 1163.43
7 5 2871.23 1494.73 1496.94
7 6 3293.03 1722.98 1725.18
7 7 3307.97 1808.62 1811.03
7 8 2949.85 1644.38 1646.91
7 9 2469.05 1376.51 1378.95
7 10 1955.07 1045.72 1047.79
7 11 1556.33 821.418 823.216
7 12 1102.02 564.959 566.308
7 13 772.564 356.35 357.237
7 14 557.642 276.025 276.724
7 15 1308.63 679.996 681.555
8 0 3.94937 1.53533 1.41516
8 1 15.8846 12.0719 12.011
8 2 828.754 395.744 396.724
8 3 1704.6 774.358 775.861
8 4 1998.21 894.153 895.724
8 5 1965.51 857.736 859.239
8 6 1896.86 930.671 932.458
8 7 1654.15 796.272 797.897
8 8 1321.61 557.499 558.683
8 9 1095.07 528.255 529.498
8 10 850.524 426.326 427.394
8 11 643.876 344.125 345.026
8 12 478.035 244.68 245.305
8 13 330.921 151.135 151.499
8 14 223.367 93.722 93.9146
8 15 500.051 220.529 221.094
