13.65 0
1 0 103.669 7.39284 7.3086
1 1 0 0.133719 0
2 0 250.897 23.3071 23.3158
2 1 0 0.133719 0
3 0 94.5479 14.5901 14.5174
3 1 0 0.133719 0
4 0 242.75 80.9347 81.0823
4 1 0 0.133719 0
5 0 0 0.133719 0
5 1 10.816 1.32235 1.20114
5 2 177.324 29.2245 29.2483
5 3 412.263 82.6449 82.8133
5 4 532.609 93.3704 93.5492
5 5 468.374 76.4637 76.6068
5 6 403.692 70.8018 70.9372
5 7 286.738 50.0865 50.168
5 8 216.595 45.5097 45.579
5 9 139.921 29.9339 29.923
5 10 97.9768 17.5937 17.5414
5 11 69.5377 13.3842 13.342
5 12 51.031 10.1234 10.0345
5 13 35.246 7.42586 7.33376
5 14 29.8419 6.56417 6.46255
5 15 55.9873 10.8687 10.8221
6 0 0.0379363 0.0450328 0.00143917
6 1 138.37 34.3667 34.4102
6 2 675.424 147.722 148.023
6 3 656.066 121.37 121.604
6 4 531.528 97.2212 97.4148
6 5 354.403 59.5195 59.6283
6 6 245.349 41.6641 41.7254
6 7 159.494 34.8234 34.8644
6 8 96.8127 18.0565 18.005
6 9 56.8582 11.005 10.9524
6 10 39.5004 7.64021 7.57627
6 11 23.3715 4.49532 4.38981
6 12 18.0015 4.00605 3.92718
6 13 10.7771 1.87908 1.75191
6 14 9.32758 2.07305 1.95797
6 15 22.1488 3.75231 3.63809
7 0 0 0.133719 0
7 1 2.45408 1.71862 1.55435
7 2 110.956 66.4522 66.5538
7 3 947.724 583.943 585.427
7 4 2051.43 1161.11 1163.43
7 5 2871.25 1494.73 1496.94
7 6 3293.04 1722.98 1725.18
7 7 3307.98 1808.62 1811.03
7 8 2949.87 1644.38 1646.92
7 9 2469.06 1376.51 1378.95
7 10 1955.08 1045.72 1047.79
7 11 1556.34 821.418 823.216
7 12 1102.02 564.959 566.308
7 13 772.567 356.35 357.238
7 14 557.644 276.025 276.724
7 15 1308.63 679.996 681.555
8 0 3.94937 1.53533 1.41516
8 1 15.8847 12.0719 12.011
8 2 828.758 395.744 396.724
8 3 1704.61 774.359 775.861
8 4 1998.23 894.154 895.724
8 5 1965.53 857.736 859.24
8 6 1896.88 930.672 932.458
8 7 1654.17 796.273 797.897
8 8 1321.62 557.499 558.683
8 9 1095.08 528.255 529.498
8 10 850.529 426.327 427.394
8 11 643.879 344.125 345.026
8 12 478.037 244.68 245.305
8 13 330.922 151.135 151.499
8 14 223.367 93.722 93.9146
8 15 500.052 220.529 221.094
