13.8 0
1 0 104.344 7.40254 7.31851
1 1 0 0.133719 0
2 0 252.346 23.3287 23.3372
2 1 0 0.133719 0
3 0 95.291 14.6663 14.5939
3 1 0 0.133719 0
4 0 243.738 81.0367 81.1845
4 1 0 0.133719 0
5 0 0 0.133719 0
5 1 10.8641 1.32305 1.20184
5 2 177.579 29.2283 29.252
5 3 412.579 82.648 82.818
5 4 532.916 93.3743 93.5537
5 5 468.58 76.468 76.6099
5 6 403.83 70.803 70.9393
5 7 286.821 50.0872 50.1692
5 8 216.643 45.5108 45.5797
5 9 139.949 29.9346 29.9234
5 10 97.9954 17.5941 17.5417
5 11 69.5479 13.3843 13.3421
5 12 51.0382 10.1234 10.0346
5 13 35.2509 7.42591 7.33384
5 14 29.8436 6.56416 6.46258
5 15 55.9912 10.8686 10.8222
6 0 0.0379363 0.0450328 0.00143917
6 1 138.383 34.367 34.4104
6 2 675.552 147.725 148.025
6 3 656.221 121.374 121.607
6 4 531.653 97.2239 97.4167
6 5 354.493 59.52 59.6296
6 6 245.403 41.6653 41.7263
6 7 159.526 34.8237 34.8649
6 8 96.8322 18.0567 18.0053
6 9 56.8662 11.0052 10.9525
6 10 39.5056 7.64032 7.57635
6 11 23.3747 4.49538 4.38986
6 12 18.0037 4.00607 3.92721
6 13 10.7788 1.8791 1.75193
6 14 9.32814 2.07306 1.95798
6 15 22.1495 3.75232 3.6381
7 0 0 0.133719 0
7 1 2.45408 1.71862 1.55435
7 2 110.956 66.4522 66.5538
7 3 947.729 583.943 585.427
7 4 2051.44 1161.11 1163.43
7 5 2871.27 1494.73 1496.94
7 6 3293.06 1722.98 1725.18
7 7 3308 1808.62 1811.03
7 8 2949.88 1644.38 1646.92
7 9 2469.07 1376.51 1378.95
7 10 1955.09 1045.72 1047.79
7 11 1556.35 821.418 823.216
7 12 1102.03 564.959 566.308
7 13 772.571 356.35 357.238
7 14 557.646 276.025 276.724
7 15 1308.63 679.997 681.555
8 0 3.94937 1.53533 1.41516
8 1 15.8848 12.0719 12.011
8 2 828.762 395.744 396.724
8 3 1704.62 774.359 775.861
8 4 1998.25 894.154 895.725
8 5 1965.55 857.737 859.24
8 6 1896.9 930.673 932.459
8 7 1654.18 796.273 797.897
8 8 1321.63 557.499 558.683
8 9 1095.09 528.255 529.498
8 10 850.534 426.327 427.394
8 11 643.882 344.126 345.026
8 12 478.04 244.681 245.305
8 13 330.924 151.135 151.499
8 14 223.368 93.722 93.9146
8 15 500.054 220.529 221.094
