13.95 0
1 0 105.018 7.41248 7.32854
1 1 0 0.133719 0
2 0 253.794 23.3498 23.3588
2 1 0 0.133719 0
3 0 96.0342 14.7434 14.6713
3 1 0 0.133719 0
4 0 244.726 81.1408 81.2878
4 1 0 0.133719 0
5 0 0 0.133719 0
5 1 10.9121 1.32375 1.20256
5 2 177.834 29.232 29.2558
5 3 412.896 82.6531 82.8227
5 4 533.223 93.3808 93.5582
5 5 468.786 76.4702 76.6129
5 6 403.969 70.8059 70.9413
5 7 286.905 50.089 50.1704
5 8 216.691 45.5118 45.5804
5 9 139.978 29.9352 29.9239
5 10 98.014 17.5942 17.542
5 11 69.5581 13.3844 13.3423
5 12 51.0453 10.1235 10.0347
5 13 35.2558 7.42601 7.33391
5 14 29.8454 6.5642 6.4626
5 15 55.9951 10.8686 10.8222
6 0 0.0379363 0.0450328 0.00143917
6 1 138.396 34.3673 34.4106
6 2 675.681 147.728 148.027
6 3 656.375 121.377 121.609
6 4 531.778 97.224 97.4185
6 5 354.583 59.5219 59.631
6 6 245.457 41.6664 41.7271
6 7 159.559 34.8244 34.8654
6 8 96.8516 18.0571 18.0056
6 9 56.8743 11.0052 10.9526
6 10 39.5108 7.64042 7.57643
6 11 23.3778 4.49542 4.3899
6 12 18.0059 4.00612 3.92724
6 13 10.7805 1.87913 1.75196
6 14 9.3287 2.07306 1.95799
6 15 22.1502 3.75234 3.63811
7 0 0 0.133719 0
7 1 2.45408 1.71862 1.55435
7 2 110.956 66.4522 66.5538
7 3 947.733 583.944 585.427
7 4 2051.45 1161.11 1163.43
7 5 2871.28 1494.73 1496.94
7 6 3293.08 1722.98 1725.18
7 7 3308.02 1808.62 1811.03
7 8 2949.9 1644.38 1646.92
7 9 2469.09 1376.52 1378.95
7 10 1955.1 1045.72 1047.79
7 11 1556.35 821.418 823.216
7 12 1102.04 564.96 566.309
7 13 772.574 356.35 357.238
7 14 557.648 276.025 276.724
7 15 1308.64 679.997 681.555
8 0 3.94937 1.53533 1.41516
8 1 15.8849 12.0719 12.011
8 2 828.766 395.744 396.724
8 3 1704.63 774.359 775.861
8 4 1998.27 894.155 895.725
8 5 1965.57 857.737 859.24
8 6 1896.92 930.673 932.459
8 7 1654.2 796.274 797.897
8 8 1321.64 557.5 558.683
8 9 1095.1 528.255 529.498
8 10 850.539 426.327 427.394
8 11 643.885 344.126 345.026
8 12 478.042 244.681 245.305
8 13 330.925 151.135 151.5
8 14 223.368 93.722 93.9147
8 15 500.055 220.529 221.094
