14.1 0
1 0 105.692 7.42251 7.33867
1 1 0 0.133719 0
2 0 255.243 23.3717 23.3807
2 1 0 0.133719 0
3 0 96.7773 14.8212 14.7494
3 1 0 0.133719 0
4 0 245.714 81.2437 81.3922
4 1 0 0.133719 0
5 0 0 0.133719 0
5 1 10.9602 1.32447 1.20328
5 2 178.088 29.2358 29.2597
5 3 413.212 82.6583 82.8274
5 4 533.529 93.3821 93.5629
5 5 468.993 76.4745 76.616
5 6 404.107 70.8071 70.9434
5 7 286.988 50.0897 50.1717
5 8 216.739 45.5114 45.5812
5 9 140.006 29.9354 29.9243
5 10 98.0326 17.5944 17.5423
5 11 69.5683 13.3846 13.3424
5 12 51.0524 10.1236 10.0348
5 13 35.2607 7.42606 7.33398
5 14 29.8471 6.56424 6.46263
5 15 55.999 10.8687 10.8223
6 0 0.0379363 0.0450328 0.00143917
6 1 138.409 34.3676 34.4108
6 2 675.81 147.727 148.029
6 3 656.529 121.381 121.611
6 4 531.904 97.2267 97.4204
6 5 354.672 59.5238 59.6323
6 6 245.512 41.6676 41.7279
6 7 159.591 34.8251 34.8659
6 8 96.871 18.0573 18.0059
6 9 56.8823 11.0054 10.9527
6 10 39.516 7.64041 7.5765
6 11 23.381 4.49545 4.38995
6 12 18.0082 4.00614 3.92727
6 13 10.7822 1.87915 1.75198
6 14 9.32925 2.07307 1.95799
6 15 22.1508 3.75235 3.63812
7 0 0 0.133719 0
7 1 2.45408 1.71862 1.55435
7 2 110.956 66.4522 66.5538
7 3 947.737 583.944 585.427
7 4 2051.46 1161.11 1163.44
7 5 2871.3 1494.73 1496.94
7 6 3293.1 1722.98 1725.18
7 7 3308.03 1808.63 1811.03
7 8 2949.92 1644.38 1646.92
7 9 2469.1 1376.52 1378.95
7 10 1955.11 1045.73 1047.79
7 11 1556.36 821.419 823.216
7 12 1102.04 564.96 566.309
7 13 772.578 356.35 357.238
7 14 557.65 276.025 276.724
7 15 1308.64 679.997 681.555
8 0 3.94937 1.53533 1.41516
8 1 15.8849 12.0719 12.011
8 2 828.77 395.744 396.724
8 3 1704.64 774.36 775.861
8 4 1998.29 894.156 895.725
8 5 1965.59 857.738 859.241
8 6 1896.94 930.674 932.459
8 7 1654.21 796.274 797.898
8 8 1321.65 557.5 558.684
8 9 1095.1 528.256 529.498
8 10 850.545 426.327 427.394
8 11 643.888 344.126 345.026
8 12 478.045 244.681 245.305
8 13 330.927 151.135 151.5
8 14 223.369 93.7221 93.9147
8 15 500.057 220.529 221.094
