14.25 0
1 0 106.366 7.43278 7.34892
1 1 0 0.133719 0
2 0 256.691 23.3938 23.4027
2 1 0 0.133719 0
3 0 97.5205 14.8997 14.8284
3 1 0 0.133719 0
4 0 246.702 81.3487 81.4977
4 1 0 0.133719 0
5 0 0 0.133719 0
5 1 11.0083 1.32518 1.20401
5 2 178.343 29.2397 29.2636
5 3 413.529 82.6616 82.8323
5 4 533.836 93.3888 93.5675
5 5 469.199 76.4768 76.6192
5 6 404.246 70.8101 70.9455
5 7 287.072 50.0904 50.173
5 8 216.787 45.5125 45.5819
5 9 140.034 29.9357 29.9247
5 10 98.0512 17.5948 17.5425
5 11 69.5785 13.3848 13.3426
5 12 51.0596 10.1237 10.0349
5 13 35.2656 7.42612 7.33406
5 14 29.8489 6.56423 6.46265
5 15 56.0029 10.8688 10.8223
6 0 0.0379363 0.0450328 0.00143917
6 1 138.422 34.3671 34.411
6 2 675.939 147.73 148.031
6 3 656.683 121.384 121.614
6 4 532.029 97.2267 97.4223
6 5 354.762 59.5257 59.6337
6 6 245.566 41.6679 41.7287
6 7 159.624 34.8254 34.8664
6 8 96.8904 18.0577 18.0062
6 9 56.8903 11.0056 10.9528
6 10 39.5212 7.64052 7.57658
6 11 23.3841 4.49552 4.38999
6 12 18.0104 4.00617 3.9273
6 13 10.7839 1.87918 1.75201
6 14 9.32981 2.07309 1.958
6 15 22.1515 3.75236 3.63813
7 0 0 0.133719 0
7 1 2.45408 1.71862 1.55435
7 2 110.957 66.4522 66.5538
7 3 947.741 583.944 585.427
7 4 2051.47 1161.12 1163.44
7 5 2871.32 1494.73 1496.94
7 6 3293.12 1722.98 1725.18
7 7 3308.05 1808.63 1811.03
7 8 2949.93 1644.39 1646.92
7 9 2469.11 1376.52 1378.95
7 10 1955.12 1045.73 1047.79
7 11 1556.37 821.419 823.216
7 12 1102.05 564.96 566.309
7 13 772.582 356.35 357.238
7 14 557.652 276.025 276.725
7 15 1308.65 679.997 681.555
8 0 3.94937 1.53533 1.41516
8 1 15.885 12.0719 12.011
8 2 828.774 395.744 396.724
8 3 1704.66 774.36 775.861
8 4 1998.3 894.156 895.726
8 5 1965.61 857.739 859.241
8 6 1896.96 930.675 932.459
8 7 1654.23 796.275 797.898
8 8 1321.66 557.5 558.684
8 9 1095.11 528.256 529.498
8 10 850.55 426.327 427.394
8 11 643.89 344.126 345.026
8 12 478.047 244.681 245.305
8 13 330.929 151.135 151.5
8 14 223.369 93.7221 93.9147
8 15 500.058 220.529 221.094
