14.4 0
1 0 107.04 7.44282 7.35927
1 1 0 0.133719 0
2 0 258.14 23.4167 23.425
2 1 0 0.133719 0
3 0 98.2636 14.9794 14.9083
3 1 0 0.133719 0
4 0 247.69 81.4559 81.6043
4 1 0 0.133719 0
5 0 0 0.133719 0
5 1 11.0563 1.32591 1.20475
5 2 178.598 29.2436 29.2675
5 3 413.845 82.6668 82.8372
5 4 534.143 93.3955 93.5722
5 5 469.406 76.4791 76.6223
5 6 404.384 70.8131 70.9476
5 7 287.155 50.0922 50.1742
5 8 216.835 45.5136 45.5826
5 9 140.063 29.9363 29.9251
5 10 98.0698 17.5952 17.5428
5 11 69.5887 13.3849 13.3427
5 12 51.0668 10.1239 10.035
5 13 35.2706 7.42623 7.33413
5 14 29.8506 6.56427 6.46268
5 15 56.0068 10.8689 10.8224
6 0 0.0379363 0.0450328 0.00143917
6 1 138.435 34.3674 34.4112
6 2 676.068 147.733 148.033
6 3 656.838 121.387 121.616
6 4 532.154 97.2295 97.4243
6 5 354.852 59.5262 59.6351
6 6 245.621 41.6682 41.7296
6 7 159.656 34.8256 34.8668
6 8 96.9099 18.0579 18.0065
6 9 56.8983 11.0055 10.953
6 10 39.5264 7.64064 7.57666
6 11 23.3873 4.49555 4.39004
6 12 18.0126 4.00622 3.92734
6 13 10.7856 1.8792 1.75204
6 14 9.33037 2.0731 1.95801
6 15 22.1521 3.75235 3.63814
7 0 0 0.133719 0
7 1 2.45408 1.71862 1.55435
7 2 110.957 66.4522 66.5538
7 3 947.746 583.944 585.427
7 4 2051.49 1161.12 1163.44
7 5 2871.33 1494.74 1496.94
7 6 3293.14 1722.98 1725.18
7 7 3308.07 1808.63 1811.03
7 8 2949.95 1644.39 1646.92
7 9 2469.12 1376.52 1378.95
7 10 1955.13 1045.73 1047.79
7 11 1556.38 821.419 823.216
7 12 1102.06 564.96 566.309
7 13 772.585 356.351 357.238
7 14 557.653 276.025 276.725
7 15 1308.65 679.997 681.555
8 0 3.94937 1.53533 1.41516
8 1 15.8851 12.072 12.011
8 2 828.778 395.744 396.725
8 3 1704.67 774.361 775.862
8 4 1998.32 894.157 895.726
8 5 1965.63 857.739 859.241
8 6 1896.98 930.675 932.46
8 7 1654.24 796.275 797.898
8 8 1321.67 557.501 558.684
8 9 1095.12 528.256 529.498
8 10 850.555 426.327 427.394
8 11 643.893 344.126 345.026
8 12 478.05 244.681 245.305
8 13 330.93 151.135 151.5
8 14 223.37 93.7221 93.9147
8 15 500.06 220.529 221.094
