14.55 0
1 0 107.715 7.45311 7.36973
1 1 0 0.133719 0
2 0 259.588 23.4391 23.4476
2 1 0 0.133719 0
3 0 99.0068 15.0595 14.989
3 1 0 0.133719 0
4 0 248.679 81.5629 81.712
4 1 0 0.133719 0
5 0 0 0.133719 0
5 1 11.1044 1.32664 1.20549
5 2 178.853 29.2475 29.2715
5 3 414.161 82.6721 82.8421
5 4 534.45 93.3969 93.577
5 5 469.612 76.4835 76.6255
5 6 404.523 70.8126 70.9498
5 7 287.239 50.0941 50.1755
5 8 216.883 45.5147 45.5834
5 9 140.091 29.9365 29.9256
5 10 98.0884 17.5954 17.5431
5 11 69.5988 13.385 13.3429
5 12 51.0739 10.1239 10.0351
5 13 35.2755 7.42628 7.33421
5 14 29.8523 6.56431 6.4627
5 15 56.0107 10.869 10.8225
6 0 0.0379363 0.0450328 0.00143917
6 1 138.448 34.3677 34.4114
6 2 676.196 147.736 148.035
6 3 656.992 121.391 121.618
6 4 532.279 97.2323 97.4262
6 5 354.942 59.5281 59.6364
6 6 245.675 41.6694 41.7304
6 7 159.688 34.8264 34.8673
6 8 96.9293 18.0581 18.0068
6 9 56.9063 11.0057 10.9531
6 10 39.5316 7.64069 7.57674
6 11 23.3905 4.49562 4.39009
6 12 18.0148 4.00624 3.92737
6 13 10.7872 1.87922 1.75206
6 14 9.33092 2.07311 1.95802
6 15 22.1528 3.75234 3.63816
7 0 0 0.133719 0
7 1 2.45408 1.71862 1.55435
7 2 110.957 66.4522 66.5538
7 3 947.75 583.944 585.428
7 4 2051.5 1161.12 1163.44
7 5 2871.35 1494.74 1496.94
7 6 3293.16 1722.98 1725.18
7 7 3308.08 1808.63 1811.03
7 8 2949.97 1644.39 1646.92
7 9 2469.14 1376.52 1378.95
7 10 1955.14 1045.73 1047.79
7 11 1556.38 821.42 823.216
7 12 1102.06 564.961 566.309
7 13 772.589 356.351 357.238
7 14 557.655 276.026 276.725
7 15 1308.66 679.997 681.555
8 0 3.94937 1.53533 1.41516
8 1 15.8851 12.072 12.011
8 2 828.782 395.745 396.725
8 3 1704.68 774.361 775.862
8 4 1998.34 894.157 895.726
8 5 1965.65 857.74 859.242
8 6 1897 930.676 932.46
8 7 1654.26 796.276 797.898
8 8 1321.68 557.501 558.684
8 9 1095.13 528.256 529.499
8 10 850.56 426.328 427.394
8 11 643.896 344.126 345.026
8 12 478.052 244.681 245.305
8 13 330.932 151.135 151.5
8 14 223.37 93.7221 93.9147
8 15 500.061 220.529 221.094
