14.7 0
1 0 108.389 7.46364 7.3803
1 1 0 0.133719 0
2 0 261.037 23.4618 23.4704
2 1 0 0.133719 0
3 0 99.75 15.1407 15.0705
3 1 0 0.133719 0
4 0 249.667 81.6722 81.8209
4 1 0 0.133719 0
5 0 0 0.133719 0
5 1 11.1525 1.32739 1.20624
5 2 179.107 29.2519 29.2755
5 3 414.478 82.6775 82.847
5 4 534.757 93.4037 93.5818
5 5 469.818 76.4859 76.6288
5 6 404.661 70.8157 70.952
5 7 287.322 50.0949 50.1769
5 8 216.931 45.515 45.5841
5 9 140.119 29.9372 29.926
5 10 98.1069 17.5956 17.5434
5 11 69.609 13.3852 13.343
5 12 51.0811 10.124 10.0353
5 13 35.2804 7.42639 7.33429
5 14 29.8541 6.5643 6.46273
5 15 56.0146 10.8691 10.8225
6 0 0.0379363 0.0450328 0.00143917
6 1 138.46 34.368 34.4116
6 2 676.325 147.735 148.037
6 3 657.146 121.391 121.621
6 4 532.405 97.2352 97.4282
6 5 355.032 59.5287 59.6379
6 6 245.729 41.6706 41.7313
6 7 159.721 34.8266 34.8678
6 8 96.9487 18.0585 18.0071
6 9 56.9143 11.0059 10.9532
6 10 39.5369 7.64074 7.57682
6 11 23.3936 4.49562 4.39014
6 12 18.017 4.00629 3.9274
6 13 10.7889 1.87926 1.75209
6 14 9.33148 2.07311 1.95803
6 15 22.1535 3.75235 3.63817
7 0 0 0.133719 0
7 1 2.45408 1.71862 1.55435
7 2 110.957 66.4522 66.5538
7 3 947.754 583.932 585.428
7 4 2051.51 1161.12 1163.44
7 5 2871.37 1494.74 1496.94
7 6 3293.18 1722.98 1725.18
7 7 3308.1 1808.63 1811.03
7 8 2949.98 1644.39 1646.92
7 9 2469.15 1376.52 1378.95
7 10 1955.15 1045.73 1047.79
7 11 1556.39 821.42 823.217
7 12 1102.07 564.961 566.309
7 13 772.592 356.351 357.238
7 14 557.657 276.026 276.725
7 15 1308.66 679.997 681.555
8 0 3.94937 1.53533 1.41516
8 1 15.8852 12.072 12.011
8 2 828.786 395.745 396.725
8 3 1704.69 774.361 775.862
8 4 1998.36 894.158 895.726
8 5 1965.67 857.741 859.242
8 6 1897.01 930.676 932.46
8 7 1654.27 796.276 797.899
8 8 1321.69 557.501 558.684
8 9 1095.14 528.257 529.499
8 10 850.566 426.328 427.394
8 11 643.899 344.126 345.026
8 12 478.055 244.681 245.305
8 13 330.933 151.136 151.5
8 14 223.371 93.7221 93.9147
8 15 500.063 220.529 221.094
