14.85 0
1 0 109.063 7.47411 7.39097
1 1 0 0.133719 0
2 0 262.485 23.4846 23.4934
2 1 0 0.133719 0
3 0 100.493 15.2228 15.1529
3 1 0 0.133719 0
4 0 250.655 81.7812 81.9309
4 1 0 0.133719 0
5 0 0 0.133719 0
5 1 11.2005 1.32814 1.207
5 2 179.362 29.2559 29.2795
5 3 414.794 82.6829 82.8521
5 4 535.064 93.4079 93.5867
5 5 470.025 76.4883 76.6321
5 6 404.8 70.8188 70.9542
5 7 287.405 50.0956 50.1782
5 8 216.979 45.5154 45.5849
5 9 140.148 29.9375 29.9265
5 10 98.1255 17.596 17.5437
5 11 69.6192 13.3853 13.3432
5 12 51.0882 10.1242 10.0354
5 13 35.2853 7.42645 7.33437
5 14 29.8558 6.56434 6.46275
5 15 56.0185 10.869 10.8226
6 0 0.0379363 0.0450328 0.00143917
6 1 138.473 34.3683 34.4118
6 2 676.454 147.738 148.039
6 3 657.3 121.391 121.623
6 4 532.53 97.238 97.4302
6 5 355.121 59.5306 59.6393
6 6 245.784 41.671 41.7321
6 7 159.753 34.8274 34.8683
6 8 96.9682 18.059 18.0074
6 9 56.9223 11.006 10.9533
6 10 39.5421 7.64085 7.57691
6 11 23.3968 4.49569 4.39019
6 12 18.0193 4.00629 3.92744
6 13 10.7906 1.87928 1.75212
6 14 9.33204 2.07312 1.95804
6 15 22.1541 3.75237 3.63818
7 0 0 0.133719 0
7 1 2.45408 1.71862 1.55435
7 2 110.957 66.4522 66.5538
7 3 947.759 583.932 585.428
7 4 2051.52 1161.12 1163.44
7 5 2871.38 1494.74 1496.94
7 6 3293.2 1722.98 1725.18
7 7 3308.12 1808.63 1811.03
7 8 2950 1644.39 1646.92
7 9 2469.16 1376.52 1378.95
7 10 1955.16 1045.73 1047.79
7 11 1556.4 821.42 823.217
7 12 1102.08 564.961 566.309
7 13 772.596 356.351 357.238
7 14 557.659 276.026 276.725
7 15 1308.66 679.998 681.555
8 0 3.94937 1.53533 1.41516
8 1 15.8853 12.072 12.011
8 2 828.79 395.745 396.725
8 3 1704.7 774.362 775.862
8 4 1998.38 894.159 895.727
8 5 1965.69 857.741 859.242
8 6 1897.03 930.677 932.461
8 7 1654.29 796.277 797.899
8 8 1321.7 557.501 558.684
8 9 1095.14 528.257 529.499
8 10 850.571 426.328 427.395
8 11 643.902 344.126 345.026
8 12 478.057 244.681 245.305
8 13 330.935 151.136 151.5
8 14 223.371 93.7221 93.9147
8 15 500.064 220.529 221.094
