0.57 0
1 0 34.6625 6.35152 6.22587
1 1 0.000195379 0.00960502 3.81729e-08
2 0 118.967 26.7528 26.7622
2 1 0 0.152266 0
3 0 0 0.152266 0
3 1 6.02639 1.29902 1.15607
3 2 112.653 23.9119 23.9005
3 3 281.838 67.7002 67.835
3 4 387.274 76.1321 76.2833
3 5 340.649 62.7597 62.8703
3 6 309.398 63.6688 63.7874
3 7 226.443 48.4188 48.4883
3 8 166.612 42.1611 42.2056
3 9 123.512 32.9114 32.8922
3 10 96.9938 23.0725 23.0108
3 11 64.0303 15.8477 15.7971
3 12 54.7807 14.3466 14.2504
3 13 38.3032 10.2197 10.1174
3 14 24.2928 6.29443 6.16507
3 15 53.1959 14.369 14.3287
4 0 0.0392854 0.0506553 0.00154334
4 1 135.357 34.9458 34.9792
4 2 652.227 156.112 156.442
4 3 626.114 133.636 133.909
4 4 445.815 95.4499 95.6448
4 5 275.748 56.8706 56.9732
4 6 204.408 43.3457 43.4064
4 7 152.431 43.3116 43.3726
4 8 95.596 25.3967 25.3404
4 9 52.1082 13.0807 13.0281
4 10 36.5496 9.31205 9.24696
4 11 20.4776 5.13119 5.00855
4 12 17.192 4.71627 4.61977
4 13 10.1012 2.79454 2.6461
4 14 9.18838 2.41869 2.28828
4 15 23.5102 9.955 9.83698
5 0 0 0.152266 0
5 1 2.45408 1.74012 1.55435
5 2 110.844 66.4649 66.5505
5 3 943.701 583.962 585.459
5 4 2049.29 1165.8 1168.13
5 5 2869.53 1507.67 1509.92
5 6 3285.46 1747.16 1749.42
5 7 3291.08 1839.54 1842.08
5 8 2957.9 1687.09 1689.76
5 9 2463.32 1418.91 1421.51
5 10 1955.06 1086.76 1088.95
5 11 1538.1 852.9 854.793
5 12 1110.28 597.763 599.199
5 13 777.782 381.801 382.759
5 14 568.233 298.286 299.043
5 15 1310.87 729.056 730.755
6 0 3.9873 1.55744 1.4166
6 1 15.8918 12.094 12.0128
6 2 829.774 396.449 397.432
6 3 1702.71 775.965 777.488
6 4 1995.32 900.984 902.574
6 5 1959.2 868.96 870.528
6 6 1899.3 950.33 952.173
6 7 1646.35 817.078 818.76
6 8 1315.81 578.78 580.031
6 9 1092.37 549.497 550.803
6 10 849.072 444.41 445.529
6 11 650.575 361.63 362.57
6 12 468.455 254.583 255.229
6 13 329.557 160.723 161.096
6 14 226.737 102.135 102.335
6 15 498.954 239.829 240.453
