0.06 0
1 0 32.9702 6.35153 6.22545
1 1 2.05662e-05 0.00961727 4.22968e-10
2 0 114.261 26.7521 26.7607
2 1 0 0.152266 0
3 0 0 0.152266 0
3 1 6.02011 1.29902 1.15607
3 2 112.435 23.9122 23.9004
3 3 281.256 67.7008 67.8348
3 4 386.534 76.1333 76.2831
3 5 340.078 62.7611 62.8701
3 6 308.978 63.6679 63.7873
3 7 226.177 48.4182 48.4882
3 8 166.444 42.1606 42.2056
3 9 123.416 32.9112 32.8921
3 10 96.9282 23.0724 23.0108
3 11 63.9966 15.8476 15.7971
3 12 54.7547 14.3466 14.2504
3 13 38.2834 10.2197 10.1174
3 14 24.2865 6.29445 6.16507
3 15 53.1812 14.3691 14.3287
4 0 0.0392854 0.0506553 0.00154334
4 1 135.152 34.9455 34.9792
4 2 651.116 156.11 156.442
4 3 625.07 133.635 133.908
4 4 445.062 95.4502 95.6446
4 5 275.3 56.8702 56.973
4 6 204.165 43.3451 43.4063
4 7 152.3 43.3118 43.3726
4 8 95.5326 25.3966 25.3404
4 9 52.0792 13.0806 13.0281
4 10 36.5342 9.31204 9.24696
4 11 20.4657 5.13118 5.00855
4 12 17.1861 4.71626 4.61977
4 13 10.0982 2.79453 2.6461
4 14 9.18682 2.41869 2.28828
4 15 23.5094 9.95499 9.83698
5 0 0 0.152266 0
5 1 2.45408 1.74012 1.55435
5 2 110.843 66.4649 66.5505
5 3 943.687 583.962 585.459
5 4 2049.25 1165.8 1168.13
5 5 2869.48 1507.67 1509.92
5 6 3285.39 1747.15 1749.42
5 7 3291.03 1839.54 1842.08
5 8 2957.85 1687.09 1689.76
5 9 2463.28 1418.91 1421.51
5 10 1955.03 1086.76 1088.95
5 11 1538.07 852.899 854.793
5 12 1110.25 597.763 599.199
5 13 777.77 381.8 382.759
5 14 568.227 298.286 299.043
5 15 1310.85 729.056 730.755
6 0 3.9873 1.55744 1.4166
6 1 15.8915 12.094 12.0128
6 2 829.761 396.449 397.432
6 3 1702.68 775.964 777.488
6 4 1995.25 900.983 902.574
6 5 1959.13 868.958 870.528
6 6 1899.23 950.329 952.173
6 7 1646.3 817.077 818.76
6 8 1315.78 578.779 580.031
6 9 1092.34 549.496 550.803
6 10 849.054 444.409 445.529
6 11 650.565 361.63 362.57
6 12 468.446 254.582 255.229
6 13 329.552 160.722 161.096
6 14 226.735 102.135 102.335
6 15 498.949 239.828 240.453
