0.66 0
1 0 34.9612 6.35155 6.22601
1 1 0.000226228 0.00960288 5.11792e-08
2 0 119.798 26.7535 26.7627
2 1 0 0.152266 0
3 0 0 0.152266 0
3 1 6.0275 1.29902 1.15607
3 2 112.691 23.9123 23.9005
3 3 281.94 67.7012 67.835
3 4 387.404 76.1332 76.2834
3 5 340.75 62.7605 62.8703
3 6 309.472 63.6694 63.7875
3 7 226.49 48.4184 48.4883
3 8 166.641 42.1608 42.2057
3 9 123.529 32.9109 32.8922
3 10 97.0054 23.0724 23.0108
3 11 64.0362 15.8476 15.7971
3 12 54.7853 14.3465 14.2504
3 13 38.3066 10.2197 10.1174
3 14 24.2939 6.29444 6.16507
3 15 53.1985 14.369 14.3287
4 0 0.0392854 0.0506553 0.00154334
4 1 135.393 34.9458 34.9792
4 2 652.423 156.11 156.442
4 3 626.298 133.638 133.909
4 4 445.948 95.4511 95.6449
4 5 275.827 56.8702 56.9732
4 6 204.451 43.3454 43.4064
4 7 152.455 43.3113 43.3726
4 8 95.6071 25.3966 25.3404
4 9 52.1133 13.0807 13.0281
4 10 36.5523 9.31207 9.24696
4 11 20.4797 5.1312 5.00856
4 12 17.193 4.71628 4.61978
4 13 10.1017 2.79453 2.6461
4 14 9.18865 2.41869 2.28828
4 15 23.5103 9.955 9.83698
5 0 0 0.152266 0
5 1 2.45408 1.74012 1.55435
5 2 110.844 66.4649 66.5505
5 3 943.704 583.962 585.459
5 4 2049.29 1165.8 1168.13
5 5 2869.54 1507.67 1509.92
5 6 3285.47 1747.16 1749.42
5 7 3291.09 1839.54 1842.08
5 8 2957.91 1687.09 1689.76
5 9 2463.33 1418.91 1421.51
5 10 1955.07 1086.76 1088.95
5 11 1538.1 852.9 854.793
5 12 1110.28 597.764 599.199
5 13 777.784 381.801 382.759
5 14 568.235 298.286 299.043
5 15 1310.87 729.056 730.755
6 0 3.9873 1.55744 1.4166
6 1 15.8918 12.094 12.0128
6 2 829.777 396.449 397.432
6 3 1702.72 775.965 777.488
6 4 1995.33 900.985 902.574
6 5 1959.21 868.96 870.528
6 6 1899.31 950.331 952.173
6 7 1646.36 817.079 818.76
6 8 1315.82 578.78 580.031
6 9 1092.38 549.497 550.803
6 10 849.075 444.41 445.529
6 11 650.576 361.63 362.57
6 12 468.456 254.583 255.229
6 13 329.558 160.723 161.096
6 14 226.737 102.135 102.335
6 15 498.955 239.829 240.453
