0.9 0
1 0 35.7576 6.3519 6.2265
1 1 0.000308493 0.00959715 9.51678e-08
2 0 122.012 26.755 26.7645
2 1 0 0.152266 0
3 0 0 0.152266 0
3 1 6.03046 1.29902 1.15607
3 2 112.794 23.912 23.9006
3 3 282.214 67.7015 67.8353
3 4 387.752 76.1326 76.2837
3 5 341.018 62.7598 62.8706
3 6 309.67 63.6685 63.7876
3 7 226.616 48.4186 48.4884
3 8 166.72 42.161 42.2057
3 9 123.574 32.9113 32.8922
3 10 97.0363 23.0724 23.0108
3 11 64.0521 15.8476 15.7971
3 12 54.7975 14.3466 14.2504
3 13 38.3159 10.2197 10.1174
3 14 24.2968 6.29443 6.16507
3 15 53.2054 14.369 14.3287
4 0 0.0392854 0.0506553 0.00154334
4 1 135.489 34.9455 34.9793
4 2 652.945 156.111 156.443
4 3 626.79 133.635 133.909
4 4 446.302 95.4498 95.6452
4 5 276.038 56.8709 56.9734
4 6 204.566 43.3457 43.4065
4 7 152.516 43.3115 43.3727
4 8 95.6369 25.3966 25.3405
4 9 52.1269 13.0807 13.0281
4 10 36.5595 9.31201 9.24697
4 11 20.4853 5.13119 5.00856
4 12 17.1958 4.7163 4.61978
4 13 10.1031 2.79453 2.6461
4 14 9.18939 2.41869 2.28828
4 15 23.5107 9.955 9.83698
5 0 0 0.152266 0
5 1 2.45408 1.74012 1.55435
5 2 110.844 66.4649 66.5505
5 3 943.711 583.962 585.459
5 4 2049.31 1165.8 1168.13
5 5 2869.57 1507.67 1509.92
5 6 3285.5 1747.16 1749.42
5 7 3291.12 1839.54 1842.08
5 8 2957.94 1687.09 1689.76
5 9 2463.35 1418.91 1421.51
5 10 1955.08 1086.76 1088.95
5 11 1538.12 852.9 854.793
5 12 1110.29 597.764 599.199
5 13 777.79 381.801 382.759
5 14 568.238 298.286 299.043
5 15 1310.88 729.056 730.755
6 0 3.9873 1.55744 1.4166
6 1 15.8919 12.094 12.0128
6 2 829.783 396.449 397.432
6 3 1702.74 775.965 777.488
6 4 1995.36 900.985 902.574
6 5 1959.25 868.961 870.528
6 6 1899.34 950.331 952.173
6 7 1646.39 817.079 818.76
6 8 1315.83 578.78 580.031
6 9 1092.39 549.497 550.803
6 10 849.084 444.41 445.529
6 11 650.581 361.63 362.57
6 12 468.46 254.583 255.229
6 13 329.56 160.723 161.096
6 14 226.738 102.135 102.335
6 15 498.957 239.829 240.453
