2.52 0
1 0 41.1332 6.35771 6.23372
1 1 0.00086378 0.0097798 7.46116e-07
2 0 136.962 26.7797 26.7906
2 1 0 0.152266 0
3 0 0 0.152266 0
3 1 6.05041 1.29903 1.15611
3 2 113.486 23.9132 23.9019
3 3 284.063 67.7058 67.8387
3 4 390.101 76.1369 76.288
3 5 342.831 62.7645 62.8739
3 6 311.004 63.671 63.7901
3 7 227.462 48.4203 48.49
3 8 167.251 42.1618 42.2067
3 9 123.876 32.9118 32.8928
3 10 97.2447 23.0728 23.0112
3 11 64.1591 15.8479 15.7973
3 12 54.88 14.3467 14.2506
3 13 38.3785 10.2198 10.1175
3 14 24.3167 6.29445 6.16511
3 15 53.2521 14.3691 14.3288
4 0 0.0392854 0.0506553 0.00154334
4 1 136.139 34.9469 34.9805
4 2 656.473 156.117 156.449
4 3 630.106 133.642 133.915
4 4 448.693 95.4556 95.6496
4 5 277.462 56.8726 56.976
4 6 205.34 43.3468 43.408
4 7 152.934 43.3124 43.3735
4 8 95.8381 25.3969 25.3408
4 9 52.2188 13.0809 13.0283
4 10 36.6082 9.31207 9.24706
4 11 20.5232 5.13124 5.00863
4 12 17.2145 4.71632 4.61981
4 13 10.1128 2.79454 2.64612
4 14 9.19434 2.41869 2.28829
4 15 23.5132 9.95504 9.83698
5 0 0 0.152266 0
5 1 2.45408 1.74012 1.55435
5 2 110.847 66.465 66.5505
5 3 943.758 583.963 585.459
5 4 2049.43 1165.8 1168.13
5 5 2869.75 1507.67 1509.92
5 6 3285.7 1747.16 1749.42
5 7 3291.3 1839.55 1842.08
5 8 2958.11 1687.1 1689.76
5 9 2463.49 1418.91 1421.51
5 10 1955.18 1086.76 1088.95
5 11 1538.2 852.902 854.794
5 12 1110.36 597.765 599.199
5 13 777.829 381.802 382.76
5 14 568.258 298.287 299.043
5 15 1310.92 729.057 730.755
6 0 3.9873 1.55744 1.4166
6 1 15.8927 12.0941 12.0128
6 2 829.827 396.45 397.432
6 3 1702.86 775.967 777.488
6 4 1995.56 900.989 902.575
6 5 1959.46 868.965 870.529
6 6 1899.54 950.336 952.174
6 7 1646.55 817.058 818.761
6 8 1315.94 578.782 580.032
6 9 1092.48 549.499 550.803
6 10 849.14 444.411 445.529
6 11 650.612 361.631 362.57
6 12 468.487 254.583 255.229
6 13 329.577 160.723 161.096
6 14 226.744 102.135 102.335
6 15 498.974 239.829 240.453
