2.82 0
1 0 42.1287 6.35962 6.23581
1 1 0.000966611 0.00990342 9.34337e-07
2 0 139.73 26.7871 26.7981
2 1 0 0.152266 0
3 0 0 0.152266 0
3 1 6.05411 1.29904 1.15612
3 2 113.614 23.9137 23.9022
3 3 284.405 67.705 67.8396
3 4 390.535 76.1396 76.2893
3 5 343.167 62.7664 62.8748
3 6 311.251 63.6723 63.7908
3 7 227.618 48.4204 48.4904
3 8 167.349 42.1619 42.207
3 9 123.933 32.9121 32.8929
3 10 97.2832 23.0728 23.0113
3 11 64.1789 15.8478 15.7974
3 12 54.8953 14.3467 14.2506
3 13 38.3901 10.2199 10.1176
3 14 24.3204 6.29445 6.16512
3 15 53.2607 14.3692 14.3288
4 0 0.0392854 0.0506553 0.00154334
4 1 136.26 34.9471 34.9809
4 2 657.127 156.125 156.451
4 3 630.721 133.649 133.917
4 4 449.136 95.4582 95.6509
4 5 277.726 56.8732 56.9768
4 6 205.483 43.347 43.4084
4 7 153.011 43.3124 43.3737
4 8 95.8754 25.3971 25.3409
4 9 52.2358 13.0809 13.0283
4 10 36.6172 9.31218 9.24708
4 11 20.5303 5.13125 5.00865
4 12 17.2179 4.71631 4.61982
4 13 10.1145 2.79454 2.64612
4 14 9.19526 2.4187 2.28829
4 15 23.5136 9.95505 9.83698
5 0 0 0.152266 0
5 1 2.45408 1.74012 1.55435
5 2 110.847 66.465 66.5505
5 3 943.767 583.964 585.459
5 4 2049.45 1165.8 1168.13
5 5 2869.79 1507.67 1509.92
5 6 3285.74 1747.16 1749.42
5 7 3291.34 1839.55 1842.08
5 8 2958.14 1687.1 1689.76
5 9 2463.52 1418.91 1421.51
5 10 1955.2 1086.76 1088.95
5 11 1538.21 852.902 854.794
5 12 1110.38 597.766 599.199
5 13 777.836 381.802 382.76
5 14 568.262 298.287 299.043
5 15 1310.93 729.058 730.755
6 0 3.9873 1.55744 1.4166
6 1 15.8928 12.0941 12.0128
6 2 829.835 396.45 397.432
6 3 1702.88 775.968 777.488
6 4 1995.6 900.99 902.575
6 5 1959.51 868.966 870.529
6 6 1899.58 950.337 952.174
6 7 1646.58 817.058 818.761
6 8 1315.96 578.783 580.032
6 9 1092.49 549.499 550.803
6 10 849.151 444.411 445.529
6 11 650.618 361.631 362.57
6 12 468.492 254.583 255.229
6 13 329.58 160.723 161.096
6 14 226.745 102.135 102.335
6 15 498.977 239.829 240.453
