2.91 0
1 0 42.4273 6.36022 6.23648
1 1 0.00099746 0.00994619 9.94927e-07
2 0 140.56 26.7892 26.8006
2 1 0 0.152266 0
3 0 0 0.152266 0
3 1 6.05522 1.29904 1.15613
3 2 113.652 23.9138 23.9023
3 3 284.508 67.7063 67.84
3 4 390.666 76.1393 76.2897
3 5 343.268 62.766 62.8752
3 6 311.326 63.6719 63.791
3 7 227.665 48.4209 48.4906
3 8 167.379 42.1623 42.2071
3 9 123.949 32.912 32.893
3 10 97.2948 23.0729 23.0114
3 11 64.1849 15.8479 15.7974
3 12 54.8999 14.3468 14.2507
3 13 38.3936 10.2198 10.1176
3 14 24.3215 6.29447 6.16512
3 15 53.2633 14.3692 14.3288
4 0 0.0392854 0.0506553 0.00154334
4 1 136.296 34.9475 34.981
4 2 657.323 156.119 156.452
4 3 630.905 133.644 133.918
4 4 449.269 95.4575 95.6513
4 5 277.805 56.874 56.977
4 6 205.526 43.3474 43.4085
4 7 153.035 43.3127 43.3738
4 8 95.8866 25.3972 25.341
4 9 52.2409 13.081 13.0283
4 10 36.6199 9.31214 9.24709
4 11 20.5324 5.13125 5.00865
4 12 17.219 4.71632 4.61982
4 13 10.1151 2.79455 2.64612
4 14 9.19554 2.41869 2.28829
4 15 23.5138 9.95505 9.83699
5 0 0 0.152266 0
5 1 2.45408 1.74012 1.55435
5 2 110.847 66.465 66.5505
5 3 943.769 583.964 585.459
5 4 2049.46 1165.8 1168.13
5 5 2869.8 1507.67 1509.92
5 6 3285.75 1747.16 1749.42
5 7 3291.35 1839.55 1842.08
5 8 2958.15 1687.1 1689.76
5 9 2463.53 1418.91 1421.51
5 10 1955.2 1086.76 1088.95
5 11 1538.22 852.903 854.794
5 12 1110.38 597.766 599.199
5 13 777.838 381.802 382.76
5 14 568.263 298.287 299.043
5 15 1310.93 729.058 730.755
6 0 3.9873 1.55744 1.4166
6 1 15.8928 12.0941 12.0128
6 2 829.837 396.451 397.432
6 3 1702.89 775.968 777.488
6 4 1995.61 900.99 902.575
6 5 1959.52 868.966 870.529
6 6 1899.59 950.337 952.174
6 7 1646.59 817.059 818.761
6 8 1315.97 578.783 580.032
6 9 1092.5 549.499 550.803
6 10 849.154 444.411 445.529
6 11 650.62 361.631 362.57
6 12 468.494 254.583 255.229
6 13 329.581 160.723 161.096
6 14 226.745 102.135 102.335
6 15 498.977 239.829 240.453
