0 0
1 0 33.3098 6.13505 6.03189
1 1 0 0.135736 0
2 0 113.992 25.7468 25.7621
2 1 0 0.135736 0
3 0 0 0.135736 0
3 1 6.09337 1.2876 1.16154
3 2 112.101 23.3034 23.3028
3 3 282.123 65.7217 65.8568
3 4 384.318 70.7696 70.9109
3 5 347.518 56.996 57.0948
3 6 313.526 56.4813 56.5876
3 7 236.171 44.5383 44.6056
3 8 183.113 41.8466 41.9013
3 9 130.486 31.287 31.2793
3 10 101.375 22.0691 22.0265
3 11 80.4903 21.0922 21.0707
3 12 62.7093 18.452 18.3873
3 13 42.6715 11.9086 11.8313
3 14 37.5061 13.1309 13.0468
3 15 62.9624 17.2281 17.2072
4 0 0.0392854 0.0464168 0.00154334
4 1 135.437 34.5711 34.6139
4 2 655.253 154.025 154.356
4 3 635.064 129.023 129.281
4 4 449.31 86.3511 86.5235
4 5 281.843 49.3089 49.3965
4 6 215.816 39.6929 39.7517
4 7 158.534 40.7583 40.821
4 8 102.656 24.9322 24.8949
4 9 61.8412 14.6866 14.6501
4 10 43.3794 10.0766 10.0241
4 11 24.5109 5.78221 5.68013
4 12 19.5004 5.48412 5.40696
4 13 11.6648 2.64542 2.51465
4 14 10.0066 2.41983 2.30634
4 15 25.5863 10.4601 10.3646
5 0 0 0.135736 0
5 1 2.45408 1.72097 1.55435
5 2 110.586 66.339 66.4379
5 3 945.289 583.587 585.074
5 4 2047.13 1160.96 1163.27
5 5 2865.77 1494.93 1497.15
5 6 3284.83 1722.86 1725.1
5 7 3295.88 1807.38 1809.82
5 8 2942.93 1644.49 1646.99
5 9 2465.88 1378.17 1380.62
5 10 1957.43 1049.02 1051.11
5 11 1558.6 824.308 826.099
5 12 1108.15 570.395 571.755
5 13 782.12 362.371 363.273
5 14 563.652 280.331 281.04
5 15 1312.27 686.51 688.085
6 0 3.9873 1.53946 1.4166
6 1 15.8915 12.0758 12.0128
6 2 828.084 395.692 396.676
6 3 1702.91 774.265 775.797
6 4 1994.28 895.402 896.979
6 5 1957.35 856.748 858.256
6 6 1890.91 931.37 933.171
6 7 1648.6 796.151 797.785
6 8 1317.68 557.779 558.972
6 9 1092.65 529.252 530.498
6 10 850.846 427.491 428.559
6 11 643.462 345.313 346.215
6 12 479.073 246.392 247.023
6 13 333.116 152.414 152.781
6 14 223.835 94.3502 94.5455
6 15 498.23 221.875 222.448
