0.15 0
1 0 42.992 6.96453 6.85985
1 1 0 0.134004 0
2 0 120.529 22.3625 22.3486
2 1 0 0.134004 0
3 0 27.6637 11.1598 11.0559
3 1 0 0.134004 0
4 0 153.815 76.3565 76.4597
4 1 0 0.134004 0
5 0 0 0.134004 0
5 1 6.44364 1.2942 1.16917
5 2 151.93 28.2049 28.2061
5 3 382.826 82.265 82.4065
5 4 505.96 93.5658 93.7205
5 5 447.664 75.2039 75.3154
5 6 392.905 71.5253 71.6326
5 7 279.307 50.119 50.1723
5 8 211.711 45.2176 45.2616
5 9 139.066 30.6881 30.6917
5 10 96.5508 17.7777 17.7095
5 11 68.5383 13.328 13.2751
5 12 50.3057 10.0683 9.96955
5 13 35.2107 7.5944 7.4958
5 14 30.4163 6.83904 6.732
5 15 55.6368 10.8748 10.8197
6 0 0.0379363 0.0464843 0.00143917
6 1 131.008 31.8504 31.8707
6 2 663.212 147.666 147.943
6 3 639.494 119.936 120.143
6 4 525.458 99.2513 99.4263
6 5 349.609 60.6712 60.7559
6 6 239.58 41.398 41.4334
6 7 157.798 35.1804 35.2039
6 8 95.145 18.1196 18.0521
6 9 57.2751 11.4433 11.3829
6 10 39.0309 7.64336 7.57281
6 11 22.3565 4.23615 4.11721
6 12 18.5322 4.27802 4.19631
6 13 10.6241 1.88099 1.75075
6 14 8.87078 1.91634 1.79227
6 15 22.4958 3.91479 3.80296
7 0 0 0.134004 0
7 1 2.45408 1.72065 1.55435
7 2 110.943 66.4697 66.5537
7 3 947.339 583.943 585.424
7 4 2050.11 1160.93 1163.32
7 5 2870.09 1494.69 1497.04
7 6 3290.6 1722.43 1724.89
7 7 3306.15 1808.06 1810.71
7 8 2947.44 1644.1 1646.79
7 9 2469.09 1376.74 1379.3
7 10 1954.02 1045.62 1047.74
7 11 1556.7 821.753 823.586
7 12 1100.37 564.582 565.928
7 13 771.677 356.224 357.085
7 14 557.634 276.055 276.708
7 15 1309.71 680.53 682.093
8 0 3.94937 1.53716 1.41516
8 1 15.8784 12.0755 12.0109
8 2 825.982 394.503 395.462
8 3 1702.13 774.148 775.714
8 4 1997.46 894.109 895.767
8 5 1964.54 858.185 859.758
8 6 1891.08 928.539 930.399
8 7 1657.42 798.282 799.958
8 8 1320.74 557.476 558.677
8 9 1094.11 528.003 529.246
8 10 851.177 427.039 428.094
8 11 644.027 344.313 345.189
8 12 477.487 244.615 245.198
8 13 331.189 151.335 151.664
8 14 222.914 93.5856 93.749
8 15 500.647 220.823 221.364
