0.3 0
1 0 34.2425 6.13435 6.03201
1 1 9.26336e-05 0.00859815 8.58099e-09
2 0 116.992 25.7465 25.7627
2 1 0 0.135157 0
3 0 0 0.135157 0
3 1 6.09646 1.28704 1.16155
3 2 112.197 23.303 23.3028
3 3 282.349 65.7209 65.8568
3 4 384.608 70.768 70.911
3 5 347.74 56.9944 57.0948
3 6 313.691 56.482 56.5876
3 7 236.28 44.5378 44.6056
3 8 183.187 41.8461 41.9013
3 9 130.534 31.2864 31.2793
3 10 101.418 22.0682 22.0265
3 11 80.5155 21.0915 21.0707
3 12 62.7344 18.4512 18.3873
3 13 42.689 11.9079 11.8313
3 14 37.5123 13.1303 13.0468
3 15 62.974 17.2277 17.2072
4 0 0.0392854 0.0462667 0.00154334
4 1 135.561 34.5706 34.6139
4 2 655.895 154.03 154.356
4 3 635.671 129.021 129.281
4 4 449.687 86.3494 86.5236
4 5 282.037 49.3088 49.3965
4 6 215.928 39.6925 39.7517
4 7 158.603 40.7574 40.821
4 8 102.694 24.9313 24.8949
4 9 61.8595 14.6861 14.6501
4 10 43.3916 10.076 10.0241
4 11 24.5194 5.78151 5.68013
4 12 19.5052 5.48351 5.40696
4 13 11.6671 2.64471 2.51465
4 14 10.008 2.4192 2.30634
4 15 25.5868 10.4593 10.3646
5 0 0 0.135157 0
5 1 2.45408 1.7203 1.55435
5 2 110.586 66.3384 66.4379
5 3 945.296 583.587 585.074
5 4 2047.15 1160.96 1163.27
5 5 2865.79 1494.93 1497.15
5 6 3284.86 1722.86 1725.1
5 7 3295.91 1807.38 1809.82
5 8 2942.95 1644.49 1646.99
5 9 2465.9 1378.17 1380.62
5 10 1957.45 1049.02 1051.11
5 11 1558.62 824.308 826.099
5 12 1108.17 570.395 571.755
5 13 782.134 362.371 363.273
5 14 563.659 280.33 281.04
5 15 1312.28 686.511 688.085
6 0 3.9873 1.53882 1.4166
6 1 15.8917 12.0752 12.0128
6 2 828.093 395.692 396.676
6 3 1702.93 774.266 775.797
6 4 1994.31 895.403 896.979
6 5 1957.38 856.748 858.256
6 6 1890.94 931.371 933.171
6 7 1648.63 796.152 797.785
6 8 1317.69 557.78 558.972
6 9 1092.67 529.252 530.498
6 10 850.857 427.491 428.559
6 11 643.469 345.313 346.215
6 12 479.079 246.392 247.023
6 13 333.12 152.414 152.781
6 14 223.836 94.3496 94.5455
6 15 498.234 221.875 222.448
