1.1 0
1 0 48.6972 7.17658 7.05519
1 1 0.000969935 0.00995801 9.40775e-07
2 0 136.053 25.8849 25.8929
2 1 0 0.153088 0
3 0 0 0.153088 0
3 1 6.862 1.31575 1.17263
3 2 158.665 29.1489 29.1544
3 3 393.018 84.2189 84.3932
3 4 512.664 100.428 100.63
3 5 451.68 82.5563 82.7132
3 6 385.874 77.1949 77.3473
3 7 271.066 54.7013 54.7894
3 8 195.591 46.8506 46.9101
3 9 132.782 31.8595 31.8377
3 10 92.6608 20.2894 20.2172
3 11 57.624 12.6147 12.5505
3 12 45.4765 10.7875 10.6774
3 13 32.8597 7.93216 7.82175
3 14 21.5336 5.02425 4.8893
3 15 48.993 12.2942 12.2458
4 0 0.113782 0.0685372 0.00415026
4 1 163.744 41.7628 41.8187
4 2 718.257 161.198 161.522
4 3 671.726 132.475 132.73
4 4 538.752 109.089 109.306
4 5 352.098 68.9482 69.0795
4 6 238.175 48.4987 48.5754
4 7 157.701 42.1743 42.2317
4 8 88.2626 19.4718 19.3921
4 9 50.8178 11.8697 11.8121
4 10 34.873 8.47281 8.40451
4 11 19.9752 4.66509 4.53816
4 12 17.2453 4.66864 4.57099
4 13 9.86031 2.39839 2.24854
4 14 8.54985 2.24887 2.11683
4 15 24.1078 9.75785 9.63828
5 0 0 0.153088 0
5 1 1.95968 1.51451 1.31071
5 2 105.845 64.21 64.286
5 3 930.102 569.5 570.945
5 4 2052.51 1192.29 1194.7
5 5 2854.94 1495.18 1497.41
5 6 3252.85 1707.03 1709.19
5 7 3282.43 1805.71 1808.2
5 8 2962.37 1693.39 1696.09
5 9 2451.44 1405.32 1407.9
5 10 1939.17 1058.63 1060.78
5 11 1517.9 842.626 844.508
5 12 1117.12 618.733 620.231
5 13 759.182 373.548 374.486
5 14 558.324 300.407 301.17
5 15 1298.32 728.723 730.419
6 0 3.99577 1.5628 1.42251
6 1 15.5496 12.0886 12.0059
6 2 825.679 394.361 395.339
6 3 1706.62 789.726 791.285
6 4 1985.08 894.735 896.313
6 5 1945.52 860.392 861.898
6 6 1910.87 940.903 942.698
6 7 1650.38 826.703 828.419
6 8 1315.52 584.98 586.259
6 9 1088.68 549.882 551.191
6 10 850.319 443.618 444.731
6 11 648.895 367.112 368.068
6 12 455.435 250.707 251.342
6 13 327.176 162.097 162.475
6 14 229.348 108.189 108.407
6 15 491.663 227.696 228.281
