0.36 0
1 0 34.429 6.13438 6.03206
1 1 0.00011116 0.00859693 1.23566e-08
2 0 117.592 25.7469 25.7629
2 1 0 0.135157 0
3 0 0 0.135157 0
3 1 6.09708 1.28704 1.16155
3 2 112.216 23.3029 23.3028
3 3 282.394 65.7214 65.8568
3 4 384.666 70.7684 70.911
3 5 347.784 56.9947 57.0948
3 6 313.724 56.4823 56.5876
3 7 236.302 44.538 44.6056
3 8 183.201 41.8456 41.9013
3 9 130.544 31.2861 31.2793
3 10 101.427 22.0683 22.0265
3 11 80.5205 21.0915 21.0707
3 12 62.7394 18.4513 18.3873
3 13 42.6924 11.908 11.8313
3 14 37.5135 13.1303 13.0468
3 15 62.9764 17.2277 17.2072
4 0 0.0392854 0.0462667 0.00154334
4 1 135.585 34.5708 34.6139
4 2 656.024 154.023 154.356
4 3 635.792 129.022 129.281
4 4 449.762 86.35 86.5236
4 5 282.076 49.308 49.3966
4 6 215.951 39.6927 39.7517
4 7 158.617 40.7576 40.821
4 8 102.701 24.9313 24.8949
4 9 61.8632 14.6861 14.6501
4 10 43.394 10.076 10.0241
4 11 24.5211 5.78152 5.68013
4 12 19.5062 5.48351 5.40696
4 13 11.6675 2.64472 2.51465
4 14 10.0083 2.4192 2.30634
4 15 25.5869 10.4593 10.3646
5 0 0 0.135157 0
5 1 2.45408 1.7203 1.55435
5 2 110.586 66.3384 66.4379
5 3 945.298 583.587 585.074
5 4 2047.15 1160.96 1163.27
5 5 2865.8 1494.93 1497.15
5 6 3284.86 1722.86 1725.1
5 7 3295.91 1807.38 1809.82
5 8 2942.96 1644.49 1646.99
5 9 2465.9 1378.17 1380.62
5 10 1957.45 1049.02 1051.11
5 11 1558.63 824.308 826.099
5 12 1108.17 570.396 571.755
5 13 782.136 362.371 363.273
5 14 563.66 280.33 281.04
5 15 1312.28 686.511 688.085
6 0 3.9873 1.53882 1.4166
6 1 15.8917 12.0752 12.0128
6 2 828.094 395.693 396.676
6 3 1702.94 774.266 775.797
6 4 1994.32 895.403 896.979
6 5 1957.39 856.749 858.256
6 6 1890.95 931.371 933.171
6 7 1648.63 796.152 797.785
6 8 1317.7 557.78 558.972
6 9 1092.67 529.252 530.498
6 10 850.86 427.491 428.559
6 11 643.47 345.313 346.215
6 12 479.081 246.392 247.023
6 13 333.121 152.414 152.781
6 14 223.837 94.3496 94.5455
6 15 498.235 221.875 222.448
