1.3 0
1 0 49.5989 7.17847 7.05729
1 1 0.00106231 0.0100945 1.1285e-06
2 0 137.99 25.8892 25.8974
2 1 0 0.153088 0
3 0 0 0.153088 0
3 1 6.86566 1.31576 1.17264
3 2 158.763 29.1489 29.1546
3 3 393.266 84.2196 84.3938
3 4 512.968 100.431 100.631
3 5 451.913 82.5585 82.7138
3 6 386.044 77.1966 77.3477
3 7 271.175 54.7024 54.7897
3 8 195.659 46.8507 46.9103
3 9 132.821 31.8599 31.8378
3 10 92.6871 20.2897 20.2173
3 11 57.6372 12.6146 12.5505
3 12 45.4869 10.7874 10.6774
3 13 32.8676 7.93213 7.82177
3 14 21.5362 5.02424 4.88931
3 15 48.9989 12.2942 12.2458
4 0 0.113995 0.0685557 0.00415076
4 1 163.855 41.763 41.819
4 2 718.794 161.199 161.523
4 3 672.201 132.479 132.732
4 4 539.089 109.09 109.307
4 5 352.294 68.9471 69.08
4 6 238.281 48.4989 48.5757
4 7 157.759 42.1739 42.2319
4 8 88.2902 19.4717 19.3921
4 9 50.8306 11.8698 11.8122
4 10 34.8797 8.47287 8.40452
4 11 19.98 4.66508 4.53817
4 12 17.2479 4.66862 4.57099
4 13 9.86148 2.3984 2.24854
4 14 8.55045 2.24886 2.11684
4 15 24.1082 9.75786 9.63829
5 0 0 0.153088 0
5 1 1.95968 1.51451 1.31071
5 2 105.845 64.21 64.286
5 3 930.107 569.501 570.945
5 4 2052.52 1192.29 1194.7
5 5 2854.96 1495.18 1497.41
5 6 3252.87 1707.03 1709.19
5 7 3282.46 1805.71 1808.2
5 8 2962.39 1693.39 1696.09
5 9 2451.45 1405.32 1407.9
5 10 1939.18 1058.63 1060.78
5 11 1517.91 842.626 844.508
5 12 1117.12 618.734 620.231
5 13 759.187 373.548 374.486
5 14 558.327 300.407 301.17
5 15 1298.32 728.723 730.419
6 0 3.99577 1.5628 1.42251
6 1 15.5497 12.0887 12.0059
6 2 825.684 394.361 395.339
6 3 1706.63 789.726 791.285
6 4 1985.1 894.735 896.313
6 5 1945.55 860.393 861.898
6 6 1910.89 940.904 942.698
6 7 1650.4 826.703 828.419
6 8 1315.53 584.98 586.259
6 9 1088.69 549.882 551.191
6 10 850.326 443.618 444.731
6 11 648.898 367.106 368.068
6 12 455.438 250.707 251.342
6 13 327.178 162.097 162.475
6 14 229.348 108.189 108.407
6 15 491.665 227.696 228.281
