0.42 0
1 0 34.6155 6.13436 6.03212
1 1 0.000129687 0.0085957 1.68187e-08
2 0 118.193 25.7469 25.7632
2 1 0 0.135157 0
3 0 0 0.135157 0
3 1 6.09769 1.28703 1.16155
3 2 112.236 23.303 23.3028
3 3 282.439 65.7218 65.8569
3 4 384.724 70.7689 70.911
3 5 347.828 56.995 57.0948
3 6 313.757 56.4813 56.5876
3 7 236.323 44.5382 44.6056
3 8 183.216 41.8458 41.9013
3 9 130.554 31.2862 31.2793
3 10 101.436 22.0684 22.0265
3 11 80.5256 21.0916 21.0707
3 12 62.7444 18.4511 18.3873
3 13 42.6959 11.908 11.8313
3 14 37.5147 13.1302 13.0468
3 15 62.9787 17.2277 17.2072
4 0 0.0392854 0.0462667 0.00154334
4 1 135.61 34.5706 34.614
4 2 656.152 154.024 154.356
4 3 635.914 129.023 129.281
4 4 449.837 86.3506 86.5236
4 5 282.114 49.3083 49.3966
4 6 215.973 39.6922 39.7517
4 7 158.63 40.7577 40.821
4 8 102.709 24.9314 24.8949
4 9 61.8669 14.686 14.6501
4 10 43.3964 10.076 10.0241
4 11 24.5228 5.78153 5.68013
4 12 19.5072 5.48352 5.40696
4 13 11.6679 2.64471 2.51465
4 14 10.0086 2.4192 2.30634
4 15 25.587 10.4593 10.3646
5 0 0 0.135157 0
5 1 2.45408 1.7203 1.55435
5 2 110.586 66.3384 66.4379
5 3 945.299 583.587 585.074
5 4 2047.15 1160.96 1163.27
5 5 2865.8 1494.93 1497.15
5 6 3284.87 1722.86 1725.1
5 7 3295.92 1807.38 1809.82
5 8 2942.96 1644.49 1646.99
5 9 2465.91 1378.17 1380.62
5 10 1957.46 1049.02 1051.11
5 11 1558.63 824.308 826.099
5 12 1108.18 570.396 571.755
5 13 782.139 362.371 363.273
5 14 563.662 280.33 281.04
5 15 1312.29 686.511 688.085
6 0 3.9873 1.53882 1.4166
6 1 15.8917 12.0752 12.0128
6 2 828.096 395.693 396.676
6 3 1702.94 774.266 775.797
6 4 1994.33 895.403 896.979
6 5 1957.4 856.749 858.256
6 6 1890.96 931.371 933.171
6 7 1648.64 796.152 797.785
6 8 1317.7 557.78 558.972
6 9 1092.67 529.252 530.498
6 10 850.862 427.491 428.559
6 11 643.472 345.313 346.215
6 12 479.082 246.392 247.023
6 13 333.122 152.414 152.781
6 14 223.837 94.3496 94.5455
6 15 498.236 221.875 222.448
