1.5 0
1 0 50.5005 7.18047 7.05958
1 1 0.00115468 0.0102508 1.3333e-06
2 0 139.928 25.8938 25.9024
2 1 0 0.153088 0
3 0 0 0.153088 0
3 1 6.86931 1.31577 1.17265
3 2 158.862 29.1498 29.1548
3 3 393.514 84.2185 84.3945
3 4 513.273 100.431 100.632
3 5 452.147 82.5607 82.7144
3 6 386.214 77.1948 77.3482
3 7 271.283 54.7014 54.79
3 8 195.727 46.8507 46.9105
3 9 132.859 31.8599 31.8379
3 10 92.7134 20.2895 20.2173
3 11 57.6505 12.6146 12.5505
3 12 45.4973 10.7874 10.6775
3 13 32.8754 7.93216 7.82179
3 14 21.5389 5.02424 4.88931
3 15 49.0048 12.2941 12.2459
4 0 0.114208 0.0685737 0.0041513
4 1 163.965 41.7632 41.8192
4 2 719.331 161.201 161.525
4 3 672.675 132.476 132.733
4 4 539.426 109.09 109.308
4 5 352.491 68.9491 69.0805
4 6 238.387 48.5 48.5759
4 7 157.816 42.1741 42.232
4 8 88.3178 19.472 19.3922
4 9 50.8433 11.8698 11.8122
4 10 34.8863 8.47288 8.40454
4 11 19.9847 4.66508 4.53818
4 12 17.2504 4.66865 4.571
4 13 9.86265 2.3984 2.24854
4 14 8.55106 2.24887 2.11684
4 15 24.1086 9.75787 9.63829
5 0 0 0.153088 0
5 1 1.95968 1.51451 1.31071
5 2 105.845 64.21 64.286
5 3 930.113 569.501 570.945
5 4 2052.54 1192.29 1194.7
5 5 2854.98 1495.18 1497.41
5 6 3252.9 1707.03 1709.19
5 7 3282.48 1805.71 1808.2
5 8 2962.41 1693.39 1696.09
5 9 2451.47 1405.32 1407.9
5 10 1939.19 1058.63 1060.78
5 11 1517.92 842.627 844.508
5 12 1117.13 618.734 620.231
5 13 759.191 373.548 374.486
5 14 558.329 300.407 301.17
5 15 1298.33 728.723 730.419
6 0 3.99577 1.5628 1.42251
6 1 15.5498 12.0887 12.0059
6 2 825.689 394.361 395.339
6 3 1706.65 789.727 791.285
6 4 1985.13 894.736 896.313
6 5 1945.57 860.393 861.898
6 6 1910.92 940.904 942.698
6 7 1650.42 826.703 828.42
6 8 1315.55 584.98 586.26
6 9 1088.7 549.883 551.191
6 10 850.333 443.618 444.731
6 11 648.902 367.106 368.068
6 12 455.442 250.707 251.342
6 13 327.18 162.097 162.475
6 14 229.349 108.189 108.407
6 15 491.667 227.696 228.281
