2.4 0
1 0 53.1049 6.97777 6.87367
1 1 0 0.134004 0
2 0 142.257 22.3923 22.3784
2 1 0 0.134004 0
3 0 38.8111 11.2644 11.1625
3 1 0 0.134004 0
4 0 168.637 76.4982 76.6021
4 1 0 0.134004 0
5 0 0 0.134004 0
5 1 6.47135 1.29421 1.16921
5 2 152.883 28.2064 28.2074
5 3 385.36 82.2676 82.41
5 4 509.188 93.5705 93.7249
5 5 450.161 75.2074 75.3189
5 6 394.738 71.5268 71.6351
5 7 280.47 50.1203 50.1739
5 8 212.445 45.2185 45.2626
5 9 139.484 30.6893 30.6923
5 10 96.8402 17.778 17.7098
5 11 68.6869 13.3283 13.2753
5 12 50.4203 10.0685 9.96971
5 13 35.2965 7.59448 7.49592
5 14 30.4439 6.83905 6.73204
5 15 55.7017 10.8748 10.8198
6 0 0.0379363 0.0464843 0.00143917
6 1 131.895 31.8521 31.8719
6 2 668.011 147.672 147.949
6 3 644.02 119.943 120.149
6 4 528.711 99.2579 99.4308
6 5 351.554 60.6754 60.7586
6 6 240.641 41.4 41.4349
6 7 158.373 35.1815 35.2047
6 8 95.4222 18.1199 18.0525
6 9 57.4027 11.4436 11.3831
6 10 39.0985 7.64348 7.57291
6 11 22.4081 4.23622 4.11728
6 12 18.5581 4.27805 4.19634
6 13 10.6375 1.88101 1.75077
6 14 8.87766 1.91636 1.79228
6 15 22.4993 3.91478 3.80297
7 0 0 0.134004 0
7 1 2.45408 1.72065 1.55435
7 2 110.945 66.4698 66.5537
7 3 947.403 583.945 585.424
7 4 2050.27 1160.94 1163.32
7 5 2870.34 1494.7 1497.04
7 6 3290.89 1722.44 1724.89
7 7 3306.4 1808.06 1810.71
7 8 2947.68 1644.1 1646.79
7 9 2469.28 1376.75 1379.3
7 10 1954.16 1045.62 1047.74
7 11 1556.81 821.756 823.586
7 12 1100.47 564.585 565.928
7 13 771.731 356.225 357.085
7 14 557.663 276.051 276.708
7 15 1309.77 680.532 682.093
8 0 3.94937 1.53716 1.41516
8 1 15.8795 12.0754 12.0109
8 2 826.041 394.504 395.462
8 3 1702.3 774.151 775.715
8 4 1997.74 894.114 895.767
8 5 1964.84 858.191 859.759
8 6 1891.36 928.545 930.4
8 7 1657.65 798.286 799.958
8 8 1320.89 557.479 558.677
8 9 1094.24 527.993 529.246
8 10 851.255 427.04 428.094
8 11 644.07 344.314 345.19
8 12 477.525 244.616 245.198
8 13 331.212 151.335 151.664
8 14 222.922 93.5858 93.749
8 15 500.669 220.823 221.364
