2.55 0
1 0 53.7791 6.97957 6.87546
1 1 0 0.134004 0
2 0 143.706 22.3964 22.3822
2 1 0 0.134004 0
3 0 39.5542 11.278 11.1763
3 1 0 0.134004 0
4 0 169.626 76.5167 76.6205
4 1 0 0.134004 0
5 0 0 0.134004 0
5 1 6.4732 1.29422 1.16922
5 2 152.947 28.2066 28.2076
5 3 385.529 82.2694 82.4104
5 4 509.403 93.5726 93.7255
5 5 450.327 75.2089 75.3193
5 6 394.86 71.5262 71.6354
5 7 280.547 50.12 50.1741
5 8 212.494 45.2183 45.2627
5 9 139.512 30.6892 30.6923
5 10 96.8595 17.778 17.7099
5 11 68.6968 13.3284 13.2754
5 12 50.428 10.0685 9.96973
5 13 35.3022 7.59453 7.49594
5 14 30.4457 6.83907 6.73204
5 15 55.706 10.8748 10.8198
6 0 0.0379363 0.0464843 0.00143917
6 1 131.954 31.852 31.8721
6 2 668.331 147.676 147.95
6 3 644.322 119.946 120.15
6 4 528.928 99.26 99.4314
6 5 351.684 60.6766 60.7589
6 6 240.711 41.3998 41.435
6 7 158.411 35.182 35.2048
6 8 95.4407 18.1201 18.0525
6 9 57.4112 11.4435 11.3831
6 10 39.103 7.64346 7.57292
6 11 22.4115 4.2362 4.11729
6 12 18.5599 4.27807 4.19634
6 13 10.6384 1.881 1.75077
6 14 8.87812 1.91635 1.79228
6 15 22.4995 3.91479 3.80297
7 0 0 0.134004 0
7 1 2.45408 1.72065 1.55435
7 2 110.946 66.4698 66.5537
7 3 947.407 583.945 585.424
7 4 2050.29 1160.94 1163.32
7 5 2870.36 1494.7 1497.04
7 6 3290.91 1722.44 1724.89
7 7 3306.42 1808.06 1810.71
7 8 2947.7 1644.1 1646.79
7 9 2469.3 1376.75 1379.3
7 10 1954.16 1045.62 1047.74
7 11 1556.82 821.756 823.586
7 12 1100.48 564.585 565.928
7 13 771.735 356.225 357.085
7 14 557.665 276.051 276.708
7 15 1309.78 680.532 682.093
8 0 3.94937 1.53716 1.41516
8 1 15.8795 12.0755 12.0109
8 2 826.045 394.504 395.462
8 3 1702.31 774.152 775.715
8 4 1997.76 894.115 895.767
8 5 1964.86 858.191 859.759
8 6 1891.38 928.545 930.4
8 7 1657.67 798.287 799.958
8 8 1320.9 557.479 558.677
8 9 1094.24 527.993 529.246
8 10 851.261 427.04 428.094
8 11 644.073 344.314 345.19
8 12 477.527 244.616 245.198
8 13 331.214 151.335 151.664
8 14 222.922 93.5858 93.749
8 15 500.671 220.824 221.364
