1.8 0
1 0 51.853 7.18399 7.06338
1 1 0.00129325 0.0105154 1.67249e-06
2 0 142.834 25.9017 25.9106
2 1 0 0.153088 0
3 0 0 0.153088 0
3 1 6.87478 1.31577 1.17266
3 2 159.01 29.1498 29.1553
3 3 393.886 84.2226 84.3955
3 4 513.731 100.433 100.633
3 5 452.496 82.5599 82.7154
3 6 386.468 77.1975 77.3489
3 7 271.445 54.7031 54.7904
3 8 195.829 46.8512 46.9108
3 9 132.917 31.8602 31.8381
3 10 92.7529 20.2897 20.2175
3 11 57.6704 12.6147 12.5506
3 12 45.5129 10.7875 10.6775
3 13 32.8872 7.93218 7.82182
3 14 21.5428 5.02425 4.88932
3 15 49.0136 12.2942 12.2459
4 0 0.114527 0.0686007 0.0041522
4 1 164.131 41.7641 41.8197
4 2 720.137 161.201 161.527
4 3 673.386 132.48 132.735
4 4 539.93 109.093 109.309
4 5 352.786 68.949 69.0813
4 6 238.546 48.4999 48.5764
4 7 157.901 42.1746 42.2323
4 8 88.3592 19.472 19.3923
4 9 50.8624 11.8698 11.8122
4 10 34.8962 8.47288 8.40457
4 11 19.9918 4.66512 4.5382
4 12 17.2543 4.66864 4.57101
4 13 9.86441 2.3984 2.24855
4 14 8.55196 2.24887 2.11684
4 15 24.1092 9.75787 9.63829
5 0 0 0.153088 0
5 1 1.95968 1.51451 1.31071
5 2 105.846 64.21 64.286
5 3 930.122 569.501 570.945
5 4 2052.56 1192.29 1194.7
5 5 2855.01 1495.18 1497.41
5 6 3252.94 1707.03 1709.19
5 7 3282.51 1805.71 1808.2
5 8 2962.45 1693.39 1696.09
5 9 2451.5 1405.32 1407.9
5 10 1939.21 1058.63 1060.78
5 11 1517.93 842.627 844.508
5 12 1117.15 618.734 620.231
5 13 759.198 373.548 374.486
5 14 558.333 300.407 301.17
5 15 1298.34 728.723 730.419
6 0 3.99577 1.5628 1.42251
6 1 15.5499 12.0887 12.0059
6 2 825.697 394.361 395.339
6 3 1706.67 789.727 791.285
6 4 1985.17 894.737 896.313
6 5 1945.61 860.394 861.898
6 6 1910.95 940.905 942.698
6 7 1650.45 826.704 828.42
6 8 1315.57 584.98 586.26
6 9 1088.71 549.883 551.191
6 10 850.344 443.619 444.731
6 11 648.908 367.106 368.068
6 12 455.447 250.707 251.342
6 13 327.183 162.097 162.475
6 14 229.35 108.189 108.407
6 15 491.67 227.696 228.281
