2.85 0
1 0 55.1275 6.98345 6.87936
1 1 0 0.134004 0
2 0 146.603 22.4046 22.3906
2 1 0 0.134004 0
3 0 41.0405 11.3079 11.2064
3 1 0 0.134004 0
4 0 171.602 76.5571 76.6607
4 1 0 0.134004 0
5 0 0 0.134004 0
5 1 6.4769 1.29423 1.16923
5 2 153.074 28.207 28.2079
5 3 385.867 82.2696 82.4114
5 4 509.833 93.5743 93.7268
5 5 450.66 75.21 75.3203
5 6 395.104 71.5286 71.6361
5 7 280.702 50.1205 50.1746
5 8 212.591 45.2186 45.263
5 9 139.568 30.6894 30.6925
5 10 96.8981 17.7781 17.71
5 11 68.7166 13.3283 13.2754
5 12 50.4432 10.0685 9.96977
5 13 35.3137 7.59454 7.49597
5 14 30.4494 6.8391 6.73205
5 15 55.7147 10.8749 10.8198
6 0 0.0379363 0.0464843 0.00143917
6 1 132.072 31.8522 31.8724
6 2 668.971 147.675 147.952
6 3 644.925 119.945 120.151
6 4 529.362 99.2617 99.4326
6 5 351.943 60.6762 60.7597
6 6 240.853 41.4003 41.4355
6 7 158.488 35.1818 35.205
6 8 95.4776 18.1201 18.0526
6 9 57.4282 11.4436 11.3832
6 10 39.112 7.64348 7.57294
6 11 22.4184 4.23623 4.11731
6 12 18.5633 4.27805 4.19635
6 13 10.6402 1.881 1.75078
6 14 8.87904 1.91635 1.79228
6 15 22.5 3.91479 3.80297
7 0 0 0.134004 0
7 1 2.45408 1.72065 1.55435
7 2 110.946 66.4698 66.5537
7 3 947.416 583.945 585.424
7 4 2050.31 1160.94 1163.32
7 5 2870.39 1494.7 1497.04
7 6 3290.94 1722.44 1724.89
7 7 3306.45 1808.06 1810.71
7 8 2947.73 1644.04 1646.79
7 9 2469.32 1376.75 1379.3
7 10 1954.18 1045.62 1047.74
7 11 1556.84 821.756 823.587
7 12 1100.49 564.585 565.928
7 13 771.742 356.225 357.085
7 14 557.668 276.051 276.708
7 15 1309.78 680.532 682.093
8 0 3.94937 1.53716 1.41516
8 1 15.8797 12.0755 12.0109
8 2 826.053 394.504 395.462
8 3 1702.33 774.152 775.715
8 4 1997.79 894.116 895.767
8 5 1964.9 858.192 859.759
8 6 1891.42 928.546 930.4
8 7 1657.7 798.287 799.958
8 8 1320.92 557.479 558.677
8 9 1094.26 527.993 529.246
8 10 851.271 427.041 428.094
8 11 644.079 344.314 345.19
8 12 477.532 244.616 245.198
8 13 331.217 151.336 151.664
8 14 222.923 93.5858 93.749
8 15 500.674 220.824 221.364
