0.06 0
1 0 33.4964 6.13441 6.03189
1 1 1.85267e-05 0.00860314 3.43239e-10
2 0 114.592 25.7464 25.7621
2 1 0 0.135157 0
3 0 0 0.135157 0
3 1 6.09399 1.28704 1.16154
3 2 112.121 23.303 23.3028
3 3 282.168 65.7217 65.8568
3 4 384.376 70.7697 70.9109
3 5 347.562 56.9946 57.0948
3 6 313.559 56.4811 56.5876
3 7 236.193 44.538 44.6056
3 8 183.128 41.8456 41.9013
3 9 130.496 31.2865 31.2793
3 10 101.384 22.0685 22.0265
3 11 80.4954 21.0917 21.0707
3 12 62.7144 18.4512 18.3873
3 13 42.675 11.908 11.8313
3 14 37.5073 13.1302 13.0468
3 15 62.9647 17.2276 17.2072
4 0 0.0392854 0.0462667 0.00154334
4 1 135.462 34.5704 34.6139
4 2 655.381 154.026 154.356
4 3 635.186 129.02 129.281
4 4 449.386 86.3493 86.5235
4 5 281.882 49.3088 49.3965
4 6 215.839 39.6926 39.7517
4 7 158.548 40.758 40.821
4 8 102.664 24.9315 24.8949
4 9 61.8448 14.6861 14.6501
4 10 43.3818 10.0761 10.0241
4 11 24.5126 5.78152 5.68013
4 12 19.5014 5.48353 5.40696
4 13 11.6653 2.64471 2.51465
4 14 10.0069 2.41919 2.30634
4 15 25.5864 10.4593 10.3646
5 0 0 0.135157 0
5 1 2.45408 1.7203 1.55435
5 2 110.586 66.3384 66.4379
5 3 945.291 583.587 585.074
5 4 2047.13 1160.96 1163.27
5 5 2865.77 1494.93 1497.15
5 6 3284.84 1722.86 1725.1
5 7 3295.89 1807.38 1809.82
5 8 2942.93 1644.49 1646.99
5 9 2465.88 1378.17 1380.62
5 10 1957.43 1049.02 1051.11
5 11 1558.61 824.308 826.099
5 12 1108.16 570.395 571.755
5 13 782.123 362.371 363.273
5 14 563.653 280.33 281.04
5 15 1312.27 686.51 688.085
6 0 3.9873 1.53882 1.4166
6 1 15.8915 12.0752 12.0128
6 2 828.086 395.692 396.676
6 3 1702.91 774.265 775.797
6 4 1994.29 895.402 896.979
6 5 1957.35 856.748 858.256
6 6 1890.92 931.37 933.171
6 7 1648.6 796.152 797.785
6 8 1317.68 557.779 558.972
6 9 1092.65 529.252 530.498
6 10 850.848 427.491 428.559
6 11 643.463 345.313 346.215
6 12 479.074 246.392 247.023
6 13 333.117 152.414 152.781
6 14 223.835 94.3507 94.5455
6 15 498.23 221.875 222.448
