0.6 0
1 0 35.1751 6.13454 6.03237
1 1 0.000185267 0.00859204 3.43239e-08
2 0 119.993 25.7482 25.7644
2 1 0 0.135157 0
3 0 0 0.135157 0
3 1 6.09954 1.28704 1.16155
3 2 112.293 23.3029 23.3028
3 3 282.574 65.7206 65.8569
3 4 384.898 70.7702 70.9111
3 5 347.961 56.9958 57.0949
3 6 313.856 56.4808 56.5876
3 7 236.389 44.5378 44.6057
3 8 183.26 41.8462 41.9014
3 9 130.583 31.2865 31.2793
3 10 101.461 22.0683 22.0265
3 11 80.5407 21.0917 21.0707
3 12 62.7594 18.4512 18.3874
3 13 42.7064 11.908 11.8313
3 14 37.5184 13.1303 13.0468
3 15 62.9857 17.2277 17.2073
4 0 0.0392854 0.0462667 0.00154334
4 1 135.684 34.5709 34.614
4 2 656.537 154.028 154.356
4 3 636.277 129.022 129.281
4 4 450.063 86.3502 86.5238
4 5 282.231 49.3091 49.3966
4 6 216.04 39.6927 39.7517
4 7 158.672 40.7576 40.821
4 8 102.731 24.9316 24.8949
4 9 61.8779 14.6861 14.6501
4 10 43.4037 10.076 10.0241
4 11 24.5279 5.78151 5.68013
4 12 19.5101 5.48352 5.40696
4 13 11.6693 2.64472 2.51465
4 14 10.0094 2.4192 2.30635
4 15 25.5872 10.4593 10.3646
5 0 0 0.135157 0
5 1 2.45408 1.7203 1.55435
5 2 110.586 66.3384 66.4379
5 3 945.303 583.587 585.074
5 4 2047.16 1160.96 1163.27
5 5 2865.82 1494.93 1497.15
5 6 3284.89 1722.86 1725.1
5 7 3295.93 1807.38 1809.82
5 8 2942.98 1644.49 1646.99
5 9 2465.92 1378.17 1380.62
5 10 1957.47 1049.02 1051.11
5 11 1558.64 824.309 826.099
5 12 1108.19 570.396 571.755
5 13 782.147 362.371 363.273
5 14 563.666 280.33 281.04
5 15 1312.29 686.511 688.085
6 0 3.9873 1.53882 1.4166
6 1 15.8919 12.0752 12.0128
6 2 828.101 395.693 396.676
6 3 1702.95 774.266 775.797
6 4 1994.35 895.403 896.979
6 5 1957.42 856.749 858.256
6 6 1890.98 931.371 933.171
6 7 1648.65 796.152 797.785
6 8 1317.71 557.78 558.972
6 9 1092.68 529.252 530.498
6 10 850.869 427.491 428.559
6 11 643.476 345.313 346.215
6 12 479.086 246.392 247.023
6 13 333.124 152.414 152.781
6 14 223.838 94.3496 94.5455
6 15 498.238 221.875 222.448
