3.15 0
1 0 56.4759 6.98765 6.8837
1 1 0 0.134004 0
2 0 149.5 22.4139 22.4
2 1 0 0.134004 0
3 0 42.5269 11.3411 11.2399
3 1 0 0.134004 0
4 0 173.578 76.6019 76.7053
4 1 0 0.134004 0
5 0 0 0.134004 0
5 1 6.48059 1.29424 1.16924
5 2 153.201 28.2074 28.2083
5 3 386.205 82.2698 82.4125
5 4 510.263 93.5736 93.7282
5 5 450.993 75.2112 75.3213
5 6 395.349 71.5277 71.6369
5 7 280.857 50.121 50.1751
5 8 212.689 45.219 45.2633
5 9 139.623 30.6892 30.6927
5 10 96.9367 17.7781 17.7101
5 11 68.7364 13.3284 13.2755
5 12 50.4585 10.0686 9.96982
5 13 35.3251 7.5946 7.49601
5 14 30.4531 6.8391 6.73207
5 15 55.7233 10.8749 10.8198
6 0 0.0379363 0.0464843 0.00143917
6 1 132.19 31.8528 31.8728
6 2 669.611 147.678 147.954
6 3 645.529 119.951 120.153
6 4 529.795 99.2635 99.434
6 5 352.203 60.6773 60.7605
6 6 240.994 41.4009 41.4359
6 7 158.564 35.1817 35.2053
6 8 95.5146 18.1204 18.0528
6 9 57.4452 11.4436 11.3832
6 10 39.121 7.64351 7.57297
6 11 22.4253 4.23626 4.11733
6 12 18.5668 4.27809 4.19636
6 13 10.6419 1.88102 1.75078
6 14 8.87996 1.91636 1.79229
6 15 22.5004 3.91479 3.80297
7 0 0 0.134004 0
7 1 2.45408 1.72065 1.55435
7 2 110.946 66.4698 66.5537
7 3 947.424 583.945 585.424
7 4 2050.33 1160.94 1163.32
7 5 2870.42 1494.7 1497.04
7 6 3290.98 1722.44 1724.89
7 7 3306.49 1808.06 1810.71
7 8 2947.76 1644.04 1646.79
7 9 2469.35 1376.75 1379.3
7 10 1954.2 1045.62 1047.74
7 11 1556.85 821.757 823.587
7 12 1100.5 564.585 565.928
7 13 771.749 356.225 357.085
7 14 557.672 276.051 276.708
7 15 1309.79 680.532 682.093
8 0 3.94937 1.53716 1.41516
8 1 15.8798 12.0755 12.0109
8 2 826.061 394.504 395.463
8 3 1702.35 774.153 775.715
8 4 1997.83 894.116 895.767
8 5 1964.94 858.193 859.759
8 6 1891.46 928.547 930.4
8 7 1657.73 798.288 799.958
8 8 1320.94 557.479 558.677
8 9 1094.28 527.994 529.246
8 10 851.282 427.041 428.094
8 11 644.084 344.314 345.19
8 12 477.537 244.616 245.198
8 13 331.22 151.336 151.664
8 14 222.924 93.5858 93.749
8 15 500.677 220.824 221.364
