2.2 0
1 0 53.6564 7.18932 7.06911
1 1 0.001478 0.0109102 2.18447e-06
2 0 146.709 25.914 25.9229
2 1 0 0.153088 0
3 0 0 0.153088 0
3 1 6.88209 1.31579 1.17268
3 2 159.208 29.1504 29.1559
3 3 394.383 84.2245 84.3971
3 4 514.34 100.435 100.635
3 5 452.963 82.5625 82.7168
3 6 386.808 77.1976 77.3499
3 7 271.661 54.7033 54.7911
3 8 195.965 46.8514 46.9112
3 9 132.994 31.8603 31.8383
3 10 92.8056 20.2898 20.2176
3 11 57.6969 12.6147 12.5507
3 12 45.5336 10.7875 10.6776
3 13 32.9029 7.93225 7.82187
3 14 21.548 5.02427 4.88934
3 15 49.0254 12.2942 12.2459
4 0 0.114952 0.0686377 0.00415355
4 1 164.353 41.7646 41.8204
4 2 721.211 161.209 161.53
4 3 674.334 132.486 132.738
4 4 540.604 109.094 109.311
4 5 353.179 68.9502 69.0826
4 6 238.757 48.5004 48.5771
4 7 158.016 42.1745 42.2326
4 8 88.4143 19.4722 19.3925
4 9 50.8879 11.8698 11.8123
4 10 34.9094 8.47291 8.40461
4 11 20.0013 4.66513 4.53823
4 12 17.2595 4.66865 4.57102
4 13 9.86676 2.39841 2.24855
4 14 8.55317 2.24886 2.11684
4 15 24.11 9.75789 9.63829
5 0 0 0.153088 0
5 1 1.95968 1.51451 1.31071
5 2 105.846 64.21 64.286
5 3 930.133 569.501 570.945
5 4 2052.59 1192.29 1194.7
5 5 2855.06 1495.18 1497.41
5 6 3252.99 1707.03 1709.19
5 7 3282.56 1805.71 1808.2
5 8 2962.49 1693.39 1696.09
5 9 2451.53 1405.33 1407.9
5 10 1939.24 1058.63 1060.78
5 11 1517.95 842.628 844.508
5 12 1117.16 618.735 620.231
5 13 759.208 373.548 374.486
5 14 558.338 300.407 301.17
5 15 1298.35 728.723 730.419
6 0 3.99577 1.5628 1.42251
6 1 15.5501 12.0886 12.0059
6 2 825.708 394.361 395.339
6 3 1706.7 789.728 791.285
6 4 1985.21 894.738 896.313
6 5 1945.67 860.395 861.898
6 6 1911 940.906 942.698
6 7 1650.49 826.705 828.42
6 8 1315.59 584.981 586.26
6 9 1088.74 549.883 551.191
6 10 850.358 443.619 444.731
6 11 648.916 367.106 368.068
6 12 455.453 250.708 251.342
6 13 327.187 162.097 162.475
6 14 229.351 108.189 108.407
6 15 491.674 227.696 228.281
