0.69 0
1 0 35.4549 6.1346 6.03253
1 1 0.000213057 0.00859021 4.53934e-08
2 0 120.893 25.7489 25.7652
2 1 0 0.135157 0
3 0 0 0.135157 0
3 1 6.10047 1.28703 1.16155
3 2 112.322 23.3029 23.3029
3 3 282.642 65.7213 65.857
3 4 384.985 70.7708 70.9111
3 5 348.027 56.9949 57.0949
3 6 313.906 56.4811 56.5877
3 7 236.421 44.5381 44.6057
3 8 183.282 41.8458 41.9014
3 9 130.597 31.2866 31.2793
3 10 101.474 22.0684 22.0265
3 11 80.5482 21.0916 21.0707
3 12 62.7669 18.4513 18.3874
3 13 42.7116 11.908 11.8313
3 14 37.5202 13.1302 13.0468
3 15 62.9892 17.2275 17.2073
4 0 0.0392854 0.0462667 0.00154334
4 1 135.721 34.5705 34.614
4 2 656.73 154.03 154.356
4 3 636.459 129.02 129.282
4 4 450.176 86.3489 86.5238
4 5 282.289 49.3096 49.3967
4 6 216.074 39.6929 39.7518
4 7 158.693 40.7578 40.821
4 8 102.742 24.9314 24.8949
4 9 61.8834 14.686 14.6502
4 10 43.4074 10.076 10.0241
4 11 24.5305 5.78153 5.68014
4 12 19.5116 5.48351 5.40696
4 13 11.6699 2.64472 2.51465
4 14 10.0098 2.4192 2.30635
4 15 25.5874 10.4593 10.3646
5 0 0 0.135157 0
5 1 2.45408 1.7203 1.55435
5 2 110.586 66.3385 66.4379
5 3 945.305 583.587 585.074
5 4 2047.17 1160.96 1163.27
5 5 2865.82 1494.93 1497.15
5 6 3284.89 1722.87 1725.1
5 7 3295.94 1807.38 1809.82
5 8 2942.98 1644.49 1646.99
5 9 2465.93 1378.17 1380.62
5 10 1957.48 1049.02 1051.11
5 11 1558.65 824.309 826.099
5 12 1108.19 570.396 571.755
5 13 782.151 362.371 363.273
5 14 563.668 280.331 281.04
5 15 1312.3 686.511 688.085
6 0 3.9873 1.53882 1.4166
6 1 15.8919 12.0752 12.0128
6 2 828.104 395.693 396.676
6 3 1702.96 774.266 775.797
6 4 1994.36 895.403 896.979
6 5 1957.43 856.749 858.256
6 6 1890.99 931.372 933.171
6 7 1648.66 796.153 797.785
6 8 1317.72 557.78 558.972
6 9 1092.69 529.252 530.498
6 10 850.872 427.491 428.559
6 11 643.478 345.313 346.215
6 12 479.088 246.392 247.023
6 13 333.125 152.414 152.781
6 14 223.838 94.3496 94.5455
6 15 498.239 221.875 222.448
