2.4 0
1 0 54.5581 7.19222 7.07226
1 1 0.00157037 0.0111206 2.46607e-06
2 0 148.646 25.9205 25.9297
2 1 0 0.153088 0
3 0 0 0.153088 0
3 1 6.88574 1.31581 1.1727
3 2 159.306 29.151 29.1562
3 3 394.631 84.2236 84.398
3 4 514.645 100.435 100.636
3 5 453.196 82.5628 82.7176
3 6 386.978 77.1977 77.3505
3 7 271.77 54.7034 54.7915
3 8 196.032 46.8516 46.9114
3 9 133.033 31.8604 31.8385
3 10 92.8319 20.2899 20.2177
3 11 57.7102 12.6148 12.5507
3 12 45.544 10.7876 10.6776
3 13 32.9107 7.93224 7.8219
3 14 21.5506 5.02427 4.88935
3 15 49.0312 12.2943 12.2459
4 0 0.115164 0.0686561 0.0041543
4 1 164.463 41.7649 41.8208
4 2 721.748 161.211 161.532
4 3 674.808 132.484 132.739
4 4 540.94 109.095 109.312
4 5 353.376 68.9523 69.0833
4 6 238.863 48.5016 48.5774
4 7 158.073 42.1752 42.2328
4 8 88.4419 19.4721 19.3926
4 9 50.9006 11.87 11.8124
4 10 34.916 8.47298 8.40463
4 11 20.006 4.66513 4.53825
4 12 17.2621 4.66868 4.57103
4 13 9.86793 2.3984 2.24856
4 14 8.55378 2.24887 2.11685
4 15 24.1104 9.75784 9.63829
5 0 0 0.153088 0
5 1 1.95968 1.51451 1.31071
5 2 105.846 64.21 64.286
5 3 930.139 569.501 570.945
5 4 2052.6 1192.29 1194.7
5 5 2855.08 1495.18 1497.41
5 6 3253.01 1707.03 1709.19
5 7 3282.58 1805.72 1808.2
5 8 2962.51 1693.39 1696.09
5 9 2451.55 1405.33 1407.9
5 10 1939.25 1058.63 1060.78
5 11 1517.96 842.628 844.508
5 12 1117.17 618.735 620.231
5 13 759.213 373.548 374.486
5 14 558.34 300.407 301.17
5 15 1298.35 728.724 730.419
6 0 3.99577 1.5628 1.42251
6 1 15.5502 12.0886 12.0059
6 2 825.713 394.361 395.339
6 3 1706.71 789.728 791.285
6 4 1985.24 894.738 896.313
6 5 1945.69 860.396 861.898
6 6 1911.03 940.907 942.698
6 7 1650.51 826.706 828.42
6 8 1315.61 584.981 586.26
6 9 1088.75 549.884 551.191
6 10 850.365 443.619 444.731
6 11 648.919 367.106 368.068
6 12 455.456 250.708 251.342
6 13 327.189 162.097 162.475
6 14 229.352 108.189 108.407
6 15 491.676 227.696 228.281
