3.75 0
1 0 59.1727 6.99752 6.89367
1 1 0 0.134004 0
2 0 155.294 22.4356 22.4215
2 1 0 0.134004 0
3 0 45.4995 11.4176 11.3168
3 1 0 0.134004 0
4 0 177.531 76.7041 76.8081
4 1 0 0.134004 0
5 0 0 0.134004 0
5 1 6.48798 1.29426 1.16927
5 2 153.455 28.2083 28.2093
5 3 386.881 82.2741 82.415
5 4 511.124 93.5778 93.7314
5 5 451.659 75.2138 75.3238
5 6 395.838 71.5294 71.6387
5 7 281.167 50.1221 50.1762
5 8 212.885 45.2205 45.264
5 9 139.735 30.6897 30.6931
5 10 97.0139 17.7784 17.7104
5 11 68.7761 13.3285 13.2756
5 12 50.4891 10.0687 9.96994
5 13 35.348 7.59463 7.49609
5 14 30.4604 6.83913 6.73209
5 15 55.7406 10.875 10.8199
6 0 0.0379363 0.0464843 0.00143917
6 1 132.427 31.8534 31.8736
6 2 670.891 147.686 147.959
6 3 646.736 119.953 120.158
6 4 530.663 99.2648 99.4372
6 5 352.722 60.6798 60.7624
6 6 241.277 41.4021 41.437
6 7 158.717 35.1826 35.2059
6 8 95.5885 18.1208 18.053
6 9 57.4793 11.4437 11.3834
6 10 39.1391 7.64357 7.57304
6 11 22.4391 4.23631 4.11738
6 12 18.5737 4.27811 4.19639
6 13 10.6455 1.88103 1.7508
6 14 8.88179 1.91636 1.79229
6 15 22.5014 3.9148 3.80297
7 0 0 0.134004 0
7 1 2.45408 1.72065 1.55435
7 2 110.947 66.4698 66.5537
7 3 947.441 583.946 585.425
7 4 2050.37 1160.94 1163.32
7 5 2870.49 1494.7 1497.04
7 6 3291.06 1722.44 1724.89
7 7 3306.55 1808.07 1810.71
7 8 2947.83 1644.04 1646.79
7 9 2469.4 1376.75 1379.3
7 10 1954.24 1045.59 1047.74
7 11 1556.88 821.757 823.587
7 12 1100.53 564.586 565.928
7 13 771.764 356.226 357.085
7 14 557.68 276.051 276.708
7 15 1309.81 680.533 682.093
8 0 3.94937 1.53716 1.41516
8 1 15.8801 12.0755 12.0109
8 2 826.077 394.496 395.463
8 3 1702.4 774.154 775.715
8 4 1997.91 894.118 895.768
8 5 1965.02 858.165 859.759
8 6 1891.53 928.549 930.4
8 7 1657.79 798.289 799.959
8 8 1320.98 557.48 558.677
8 9 1094.31 527.994 529.247
8 10 851.303 427.041 428.094
8 11 644.096 344.315 345.19
8 12 477.547 244.617 245.198
8 13 331.226 151.336 151.664
8 14 222.927 93.5859 93.749
8 15 500.683 220.824 221.364
