2.6 0
1 0 55.4597 7.19534 7.0756
1 1 0.00166275 0.011337 2.76473e-06
2 0 150.584 25.9278 25.9369
2 1 0 0.153088 0
3 0 0 0.153088 0
3 1 6.88939 1.31582 1.17271
3 2 159.405 29.1511 29.1566
3 3 394.879 84.2265 84.3989
3 4 514.95 100.436 100.637
3 5 453.429 82.5631 82.7185
3 6 387.148 77.1996 77.3512
3 7 271.878 54.7036 54.7919
3 8 196.1 46.8524 46.9117
3 9 133.071 31.8605 31.8386
3 10 92.8582 20.2899 20.2178
3 11 57.7234 12.6149 12.5508
3 12 45.5543 10.7876 10.6776
3 13 32.9185 7.93233 7.82193
3 14 21.5532 5.0243 4.88936
3 15 49.0371 12.2943 12.246
4 0 0.115377 0.0686751 0.00415509
4 1 164.574 41.7658 41.8212
4 2 722.286 161.212 161.534
4 3 675.282 132.489 132.741
4 4 541.277 109.096 109.314
4 5 353.572 68.9514 69.084
4 6 238.969 48.5011 48.5778
4 7 158.13 42.1749 42.233
4 8 88.4695 19.4722 19.3927
4 9 50.9133 11.8699 11.8124
4 10 34.9226 8.47295 8.40465
4 11 20.0107 4.66518 4.53826
4 12 17.2647 4.66869 4.57104
4 13 9.8691 2.39841 2.24856
4 14 8.55438 2.24888 2.11685
4 15 24.1108 9.75785 9.63829
5 0 0 0.153088 0
5 1 1.95968 1.51451 1.31071
5 2 105.847 64.21 64.286
5 3 930.145 569.502 570.945
5 4 2052.62 1192.29 1194.7
5 5 2855.1 1495.18 1497.41
5 6 3253.04 1707.03 1709.19
5 7 3282.6 1805.72 1808.2
5 8 2962.53 1693.39 1696.09
5 9 2451.57 1405.33 1407.9
5 10 1939.26 1058.63 1060.78
5 11 1517.97 842.628 844.509
5 12 1117.18 618.735 620.231
5 13 759.217 373.549 374.486
5 14 558.343 300.407 301.17
5 15 1298.36 728.724 730.419
6 0 3.99577 1.5628 1.42251
6 1 15.5503 12.0886 12.0059
6 2 825.719 394.362 395.339
6 3 1706.73 789.728 791.285
6 4 1985.26 894.739 896.313
6 5 1945.72 860.396 861.898
6 6 1911.05 940.907 942.699
6 7 1650.53 826.706 828.42
6 8 1315.62 584.982 586.26
6 9 1088.76 549.884 551.191
6 10 850.372 443.61 444.731
6 11 648.923 367.107 368.068
6 12 455.46 250.708 251.342
6 13 327.191 162.097 162.475
6 14 229.353 108.189 108.407
6 15 491.678 227.696 228.281
