4.05 0
1 0 60.5211 7.00307 6.89931
1 1 0 0.134004 0
2 0 158.191 22.4478 22.4336
2 1 0 0.134004 0
3 0 46.9858 11.4608 11.3603
3 1 0 0.134004 0
4 0 179.507 76.7616 76.8661
4 1 0 0.134004 0
5 0 0 0.134004 0
5 1 6.49168 1.29427 1.16928
5 2 153.582 28.2089 28.2098
5 3 387.218 82.2746 82.4164
5 4 511.554 93.5801 93.7332
5 5 451.992 75.2153 75.3252
5 6 396.082 71.5321 71.6397
5 7 281.322 50.1238 50.1769
5 8 212.982 45.2202 45.2644
5 9 139.79 30.6904 30.6933
5 10 97.0524 17.7786 17.7106
5 11 68.7959 13.3286 13.2757
5 12 50.5044 10.0687 9.97
5 13 35.3594 7.59471 7.49614
5 14 30.4641 6.83913 6.73211
5 15 55.7493 10.875 10.8199
6 0 0.0379363 0.0464843 0.00143917
6 1 132.545 31.8542 31.8741
6 2 671.531 147.685 147.962
6 3 647.339 119.957 120.16
6 4 531.097 99.2697 99.439
6 5 352.981 60.6797 60.7635
6 6 241.418 41.402 41.4376
6 7 158.794 35.183 35.2062
6 8 95.6254 18.1208 18.0532
6 9 57.4963 11.4438 11.3834
6 10 39.1481 7.64361 7.57308
6 11 22.4459 4.23635 4.11741
6 12 18.5772 4.27813 4.1964
6 13 10.6473 1.88103 1.7508
6 14 8.88271 1.91637 1.7923
6 15 22.5018 3.91481 3.80297
7 0 0 0.134004 0
7 1 2.45408 1.72065 1.55435
7 2 110.947 66.4698 66.5537
7 3 947.45 583.946 585.425
7 4 2050.4 1160.94 1163.32
7 5 2870.52 1494.7 1497.04
7 6 3291.1 1722.45 1724.89
7 7 3306.59 1808.07 1810.71
7 8 2947.86 1644.05 1646.79
7 9 2469.43 1376.75 1379.3
7 10 1954.26 1045.59 1047.74
7 11 1556.9 821.758 823.587
7 12 1100.54 564.586 565.928
7 13 771.771 356.226 357.085
7 14 557.683 276.051 276.708
7 15 1309.82 680.533 682.093
8 0 3.94937 1.53716 1.41516
8 1 15.8802 12.0755 12.0109
8 2 826.085 394.496 395.463
8 3 1702.42 774.154 775.715
8 4 1997.94 894.119 895.768
8 5 1965.06 858.166 859.76
8 6 1891.57 928.55 930.4
8 7 1657.82 798.29 799.959
8 8 1320.99 557.481 558.677
8 9 1094.33 527.995 529.247
8 10 851.313 427.042 428.094
8 11 644.102 344.315 345.19
8 12 477.552 244.617 245.198
8 13 331.229 151.336 151.664
8 14 222.928 93.5859 93.749
8 15 500.686 220.824 221.364
