4.2 0
1 0 61.1953 7.00601 6.90229
1 1 0 0.134004 0
2 0 159.64 22.4542 22.44
2 1 0 0.134004 0
3 0 47.729 11.4836 11.3833
3 1 0 0.134004 0
4 0 180.495 76.7925 76.8968
4 1 0 0.134004 0
5 0 0 0.134004 0
5 1 6.49352 1.29428 1.16929
5 2 153.646 28.2092 28.2101
5 3 387.387 82.2749 82.4172
5 4 511.77 93.58 93.7341
5 5 452.159 75.2171 75.3259
5 6 396.204 71.5334 71.6402
5 7 281.4 50.1226 50.1772
5 8 213.031 45.2208 45.2646
5 9 139.818 30.6903 30.6934
5 10 97.0717 17.7788 17.7107
5 11 68.8058 13.3286 13.2758
5 12 50.512 10.0688 9.97004
5 13 35.3651 7.59472 7.49617
5 14 30.466 6.83915 6.73212
5 15 55.7536 10.875 10.8199
6 0 0.0379363 0.0464843 0.00143917
6 1 132.604 31.8546 31.8744
6 2 671.851 147.69 147.963
6 3 647.641 119.96 120.162
6 4 531.314 99.2695 99.44
6 5 353.111 60.6811 60.7641
6 6 241.489 41.4028 41.4379
6 7 158.832 35.183 35.2063
6 8 95.6439 18.121 18.0533
6 9 57.5048 11.4439 11.3835
6 10 39.1526 7.64366 7.57309
6 11 22.4494 4.23633 4.11742
6 12 18.5789 4.27812 4.19641
6 13 10.6482 1.88104 1.75081
6 14 8.88317 1.91637 1.7923
6 15 22.5021 3.91481 3.80298
7 0 0 0.134004 0
7 1 2.45408 1.72065 1.55435
7 2 110.947 66.4698 66.5537
7 3 947.454 583.946 585.425
7 4 2050.41 1160.94 1163.32
7 5 2870.54 1494.7 1497.04
7 6 3291.12 1722.45 1724.89
7 7 3306.6 1808.07 1810.71
7 8 2947.88 1644.05 1646.79
7 9 2469.44 1376.75 1379.3
7 10 1954.27 1045.59 1047.74
7 11 1556.91 821.758 823.587
7 12 1100.55 564.586 565.928
7 13 771.774 356.226 357.085
7 14 557.685 276.051 276.708
7 15 1309.82 680.533 682.093
8 0 3.94937 1.53716 1.41516
8 1 15.8803 12.0754 12.0109
8 2 826.089 394.496 395.463
8 3 1702.43 774.154 775.715
8 4 1997.96 894.119 895.768
8 5 1965.08 858.166 859.76
8 6 1891.59 928.55 930.4
8 7 1657.83 798.29 799.959
8 8 1321 557.481 558.677
8 9 1094.33 527.995 529.247
8 10 851.318 427.042 428.094
8 11 644.104 344.315 345.19
8 12 477.555 244.617 245.198
8 13 331.231 151.336 151.664
8 14 222.928 93.5859 93.749
8 15 500.688 220.824 221.364
