4.35 0
1 0 61.8695 7.00908 6.90538
1 1 0 0.134004 0
2 0 161.088 22.4611 22.4467
2 1 0 0.134004 0
3 0 48.4721 11.5075 11.4071
3 1 0 0.134004 0
4 0 181.484 76.8244 76.9287
4 1 0 0.134004 0
5 0 0 0.134004 0
5 1 6.49537 1.29429 1.1693
5 2 153.709 28.2095 28.2104
5 3 387.556 82.277 82.4179
5 4 511.985 93.5825 93.7351
5 5 452.325 75.2169 75.3267
5 6 396.327 71.5331 71.6408
5 7 281.478 50.1235 50.1776
5 8 213.08 45.2214 45.2649
5 9 139.846 30.6903 30.6936
5 10 97.091 17.7788 17.7107
5 11 68.8157 13.3287 13.2758
5 12 50.5197 10.0689 9.97007
5 13 35.3709 7.59473 7.4962
5 14 30.4678 6.83917 6.73212
5 15 55.7579 10.8751 10.82
6 0 0.0379363 0.0464843 0.00143917
6 1 132.663 31.8546 31.8747
6 2 672.171 147.69 147.964
6 3 647.943 119.96 120.163
6 4 531.531 99.2693 99.441
6 5 353.24 60.6826 60.7647
6 6 241.56 41.4036 41.4382
6 7 158.871 35.183 35.2065
6 8 95.6624 18.121 18.0534
6 9 57.5133 11.4439 11.3835
6 10 39.1571 7.64365 7.57312
6 11 22.4528 4.23636 4.11744
6 12 18.5806 4.27812 4.19642
6 13 10.6491 1.88104 1.75081
6 14 8.88363 1.91636 1.7923
6 15 22.5023 3.91481 3.80298
7 0 0 0.134004 0
7 1 2.45408 1.72065 1.55435
7 2 110.947 66.4698 66.5537
7 3 947.459 583.946 585.425
7 4 2050.42 1160.94 1163.32
7 5 2870.55 1494.7 1497.04
7 6 3291.13 1722.45 1724.89
7 7 3306.62 1808.07 1810.71
7 8 2947.89 1644.05 1646.79
7 9 2469.46 1376.75 1379.3
7 10 1954.27 1045.59 1047.74
7 11 1556.91 821.758 823.587
7 12 1100.56 564.587 565.928
7 13 771.778 356.226 357.085
7 14 557.687 276.051 276.708
7 15 1309.83 680.533 682.093
8 0 3.94937 1.53716 1.41516
8 1 15.8804 12.0754 12.0109
8 2 826.093 394.497 395.463
8 3 1702.44 774.155 775.715
8 4 1997.98 894.12 895.768
8 5 1965.1 858.166 859.76
8 6 1891.61 928.55 930.4
8 7 1657.85 798.291 799.959
8 8 1321.01 557.481 558.677
8 9 1094.34 527.995 529.247
8 10 851.323 427.042 428.094
8 11 644.107 344.315 345.19
8 12 477.557 244.617 245.198
8 13 331.232 151.336 151.664
8 14 222.929 93.5859 93.749
8 15 500.689 220.824 221.364
