0.3 0
1 0 45.0905 7.17093 7.0487
1 1 0.000600436 0.00965684 3.60524e-07
2 0 128.303 25.8714 25.8789
2 1 0 0.153088 0
3 0 0 0.153088 0
3 1 6.8474 1.31573 1.1726
3 2 158.27 29.1482 29.1536
3 3 392.025 84.2182 84.3915
3 4 511.444 100.424 100.628
3 5 450.748 82.5565 82.7116
3 6 385.195 77.1938 77.3461
3 7 270.634 54.7004 54.7886
3 8 195.319 46.8498 46.9097
3 9 132.628 31.8594 31.8375
3 10 92.5555 20.2893 20.217
3 11 57.571 12.6145 12.5504
3 12 45.4351 10.7873 10.6773
3 13 32.8284 7.93212 7.82169
3 14 21.5232 5.02421 4.88928
3 15 48.9694 12.2941 12.2458
4 0 0.112932 0.0684686 0.00414872
4 1 163.302 41.7623 41.8179
4 2 716.108 161.194 161.518
4 3 669.83 132.472 132.727
4 4 537.406 109.085 109.304
4 5 351.311 68.9455 69.0781
4 6 237.751 48.4982 48.5746
4 7 157.473 42.1738 42.2313
4 8 88.1523 19.4714 19.3919
4 9 50.7669 11.8696 11.812
4 10 34.8466 8.47277 8.40446
4 11 19.9563 4.66506 4.53813
4 12 17.2349 4.66861 4.57097
4 13 9.85562 2.39839 2.24853
4 14 8.54743 2.24887 2.11683
4 15 24.1062 9.75787 9.63828
5 0 0 0.153088 0
5 1 1.95968 1.51451 1.31071
5 2 105.843 64.21 64.286
5 3 930.079 569.5 570.945
5 4 2052.45 1192.29 1194.7
5 5 2854.85 1495.18 1497.41
5 6 3252.75 1707.02 1709.19
5 7 3282.34 1805.71 1808.2
5 8 2962.29 1693.38 1696.09
5 9 2451.37 1405.32 1407.9
5 10 1939.12 1058.63 1060.78
5 11 1517.86 842.625 844.508
5 12 1117.08 618.733 620.231
5 13 759.163 373.547 374.486
5 14 558.314 300.406 301.17
5 15 1298.3 728.722 730.419
6 0 3.99577 1.5628 1.42251
6 1 15.5492 12.0886 12.0059
6 2 825.658 394.36 395.339
6 3 1706.55 789.725 791.285
6 4 1984.98 894.733 896.312
6 5 1945.41 860.39 861.898
6 6 1910.77 940.901 942.698
6 7 1650.3 826.701 828.419
6 8 1315.47 584.995 586.259
6 9 1088.63 549.881 551.191
6 10 850.291 443.617 444.731
6 11 648.88 367.112 368.068
6 12 455.422 250.707 251.342
6 13 327.168 162.097 162.475
6 14 229.345 108.189 108.407
6 15 491.655 227.696 228.281
