3 0
1 0 57.2631 7.20218 7.08285
1 1 0.0018475 0.0117829 3.41324e-06
2 0 154.459 25.9433 25.9525
2 1 0 0.153088 0
3 0 0 0.153088 0
3 1 6.89669 1.31584 1.17274
3 2 159.602 29.1518 29.1574
3 3 395.375 84.2269 84.4009
3 4 515.56 100.438 100.64
3 5 453.896 82.564 82.7204
3 6 387.487 77.2 77.3525
3 7 272.094 54.7051 54.7928
3 8 196.236 46.8528 46.9122
3 9 133.148 31.8607 31.8389
3 10 92.9109 20.2901 20.218
3 11 57.7499 12.615 12.5509
3 12 45.5751 10.7877 10.6777
3 13 32.9342 7.93235 7.822
3 14 21.5584 5.0243 4.88938
3 15 49.0489 12.2943 12.246
4 0 0.115802 0.0687139 0.00415681
4 1 164.795 41.7665 41.8221
4 2 723.36 161.217 161.539
4 3 676.23 132.492 132.745
4 4 541.95 109.101 109.316
4 5 353.965 68.9529 69.0856
4 6 239.181 48.5018 48.5787
4 7 158.244 42.1754 42.2335
4 8 88.5247 19.4724 19.3929
4 9 50.9388 11.8701 11.8125
4 10 34.9358 8.47305 8.40471
4 11 20.0202 4.66518 4.5383
4 12 17.2698 4.6687 4.57106
4 13 9.87145 2.39842 2.24857
4 14 8.55559 2.24888 2.11685
4 15 24.1116 9.75786 9.6383
5 0 0 0.153088 0
5 1 1.95968 1.51451 1.31071
5 2 105.847 64.2101 64.286
5 3 930.156 569.49 570.945
5 4 2052.65 1192.3 1194.7
5 5 2855.15 1495.18 1497.41
5 6 3253.09 1707.03 1709.19
5 7 3282.65 1805.72 1808.2
5 8 2962.57 1693.39 1696.09
5 9 2451.6 1405.33 1407.9
5 10 1939.29 1058.63 1060.78
5 11 1517.99 842.629 844.509
5 12 1117.2 618.736 620.232
5 13 759.227 373.549 374.486
5 14 558.348 300.407 301.17
5 15 1298.37 728.724 730.419
6 0 3.99577 1.5628 1.42251
6 1 15.5505 12.0886 12.0059
6 2 825.729 394.362 395.339
6 3 1706.76 789.729 791.286
6 4 1985.31 894.74 896.313
6 5 1945.78 860.369 861.899
6 6 1911.1 940.908 942.699
6 7 1650.57 826.707 828.42
6 8 1315.65 584.982 586.26
6 9 1088.78 549.884 551.191
6 10 850.386 443.611 444.731
6 11 648.931 367.107 368.068
6 12 455.466 250.708 251.342
6 13 327.195 162.098 162.475
6 14 229.354 108.189 108.407
6 15 491.682 227.696 228.281
