3.1 0
1 0 57.7139 7.20404 7.08479
1 1 0.00189368 0.0118962 3.58604e-06
2 0 155.428 25.9471 25.9567
2 1 0 0.153088 0
3 0 0 0.153088 0
3 1 6.89852 1.31585 1.17275
3 2 159.652 29.1519 29.1576
3 3 395.5 84.2284 84.4014
3 4 515.712 100.44 100.64
3 5 454.012 82.5653 82.7209
3 6 387.572 77.201 77.3529
3 7 272.148 54.7047 54.793
3 8 196.27 46.8532 46.9124
3 9 133.168 31.8609 31.839
3 10 92.9241 20.2903 20.2181
3 11 57.7565 12.615 12.5509
3 12 45.5803 10.7877 10.6778
3 13 32.9381 7.9324 7.82201
3 14 21.5597 5.02431 4.88938
3 15 49.0519 12.2943 12.246
4 0 0.115909 0.0687236 0.00415727
4 1 164.85 41.7662 41.8223
4 2 723.628 161.216 161.54
4 3 676.467 132.491 132.746
4 4 542.118 109.1 109.317
4 5 354.064 68.954 69.086
4 6 239.234 48.5024 48.5789
4 7 158.273 42.1758 42.2336
4 8 88.5385 19.4726 19.393
4 9 50.9452 11.8701 11.8125
4 10 34.9391 8.47303 8.40472
4 11 20.0226 4.6652 4.53831
4 12 17.2711 4.66872 4.57107
4 13 9.87204 2.39842 2.24857
4 14 8.55589 2.24887 2.11685
4 15 24.1118 9.75787 9.6383
5 0 0 0.153088 0
5 1 1.95968 1.51451 1.31071
5 2 105.848 64.2096 64.286
5 3 930.159 569.49 570.945
5 4 2052.66 1192.3 1194.7
5 5 2855.16 1495.18 1497.41
5 6 3253.1 1707.03 1709.19
5 7 3282.66 1805.72 1808.2
5 8 2962.58 1693.39 1696.09
5 9 2451.61 1405.33 1407.9
5 10 1939.29 1058.63 1060.78
5 11 1518 842.629 844.509
5 12 1117.2 618.736 620.232
5 13 759.229 373.549 374.486
5 14 558.349 300.407 301.17
5 15 1298.37 728.724 730.419
6 0 3.99577 1.5628 1.42251
6 1 15.5505 12.0886 12.0059
6 2 825.732 394.362 395.339
6 3 1706.77 789.729 791.286
6 4 1985.33 894.74 896.313
6 5 1945.79 860.369 861.899
6 6 1911.11 940.909 942.699
6 7 1650.58 826.707 828.42
6 8 1315.65 584.982 586.26
6 9 1088.78 549.885 551.191
6 10 850.389 443.611 444.731
6 11 648.933 367.107 368.068
6 12 455.468 250.708 251.342
6 13 327.196 162.098 162.475
6 14 229.354 108.189 108.407
6 15 491.683 227.696 228.281
