4.8 0
1 0 63.892 7.01889 6.9153
1 1 0 0.134004 0
2 0 165.434 22.4825 22.4681
2 1 0 0.134004 0
3 0 50.7016 11.5835 11.4836
3 1 0 0.134004 0
4 0 184.448 76.9265 77.0308
4 1 0 0.134004 0
5 0 0 0.134004 0
5 1 6.50091 1.29431 1.16933
5 2 153.9 28.2104 28.2113
5 3 388.063 82.28 82.4204
5 4 512.63 93.5851 93.7383
5 5 452.824 75.2205 75.3291
5 6 396.693 71.5357 71.6426
5 7 281.71 50.1241 50.1787
5 8 213.227 45.2218 45.2656
5 9 139.93 30.6909 30.694
5 10 97.1489 17.7793 17.711
5 11 68.8454 13.3288 13.276
5 12 50.5426 10.069 9.97019
5 13 35.388 7.59483 7.49628
5 14 30.4733 6.83914 6.73215
5 15 55.7709 10.8751 10.82
6 0 0.0379363 0.0464843 0.00143917
6 1 132.841 31.8554 31.8755
6 2 673.13 147.694 147.969
6 3 648.848 119.964 120.167
6 4 532.181 99.2717 99.4442
6 5 353.63 60.6842 60.7666
6 6 241.772 41.4044 41.4393
6 7 158.985 35.1835 35.2071
6 8 95.7178 18.1212 18.0536
6 9 57.5388 11.4441 11.3836
6 10 39.1706 7.64374 7.57318
6 11 22.4631 4.23639 4.11748
6 12 18.5858 4.27813 4.19644
6 13 10.6517 1.88105 1.75082
6 14 8.88501 1.91638 1.79231
6 15 22.503 3.91479 3.80298
7 0 0 0.134004 0
7 1 2.45408 1.72065 1.55435
7 2 110.948 66.4698 66.5537
7 3 947.471 583.947 585.425
7 4 2050.45 1160.94 1163.32
7 5 2870.6 1494.71 1497.04
7 6 3291.19 1722.45 1724.9
7 7 3306.67 1808.07 1810.71
7 8 2947.94 1644.05 1646.79
7 9 2469.5 1376.75 1379.3
7 10 1954.3 1045.59 1047.74
7 11 1556.94 821.759 823.587
7 12 1100.58 564.587 565.929
7 13 771.789 356.226 357.085
7 14 557.693 276.051 276.708
7 15 1309.84 680.533 682.093
8 0 3.94937 1.53716 1.41516
8 1 15.8806 12.0754 12.0109
8 2 826.104 394.497 395.463
8 3 1702.48 774.155 775.715
8 4 1998.03 894.121 895.768
8 5 1965.16 858.168 859.76
8 6 1891.66 928.552 930.401
8 7 1657.89 798.292 799.959
8 8 1321.04 557.482 558.677
8 9 1094.37 527.996 529.247
8 10 851.339 427.042 428.094
8 11 644.116 344.315 345.19
8 12 477.565 244.617 245.198
8 13 331.237 151.336 151.664
8 14 222.93 93.5859 93.749
8 15 500.694 220.824 221.364
