0.99 0
1 0 36.3876 6.13505 6.0332
1 1 0.000305691 0.00858408 9.34469e-08
2 0 123.894 25.7518 25.7685
2 1 0 0.135157 0
3 0 0 0.135157 0
3 1 6.10355 1.28704 1.16155
3 2 112.418 23.3028 23.3029
3 3 282.867 65.7222 65.8571
3 4 385.275 70.7697 70.9113
3 5 348.249 56.9951 57.095
3 6 314.071 56.4824 56.5878
3 7 236.53 44.5381 44.6058
3 8 183.356 41.8458 41.9014
3 9 130.646 31.2863 31.2794
3 10 101.517 22.0683 22.0266
3 11 80.5734 21.0917 21.0707
3 12 62.792 18.4513 18.3874
3 13 42.7291 11.9081 11.8314
3 14 37.5264 13.1303 13.0469
3 15 63.0009 17.2277 17.2073
4 0 0.0392854 0.0462667 0.00154334
4 1 135.845 34.5709 34.6142
4 2 657.372 154.028 154.357
4 3 637.066 129.025 129.282
4 4 450.552 86.3521 86.5242
4 5 282.483 49.3089 49.3968
4 6 216.186 39.6931 39.7518
4 7 158.761 40.758 40.8211
4 8 102.78 24.9315 24.895
4 9 61.9017 14.6861 14.6502
4 10 43.4196 10.076 10.0241
4 11 24.539 5.78153 5.68015
4 12 19.5164 5.48353 5.40697
4 13 11.6722 2.64471 2.51466
4 14 10.0112 2.4192 2.30635
4 15 25.5878 10.4593 10.3646
5 0 0 0.135157 0
5 1 2.45408 1.7203 1.55435
5 2 110.587 66.3385 66.4379
5 3 945.312 583.587 585.074
5 4 2047.19 1160.96 1163.27
5 5 2865.85 1494.93 1497.15
5 6 3284.92 1722.87 1725.1
5 7 3295.96 1807.39 1809.82
5 8 2943.01 1644.49 1646.99
5 9 2465.95 1378.17 1380.62
5 10 1957.5 1049.02 1051.11
5 11 1558.67 824.309 826.099
5 12 1108.21 570.396 571.755
5 13 782.164 362.371 363.273
5 14 563.675 280.326 281.04
5 15 1312.31 686.511 688.085
6 0 3.9873 1.53882 1.4166
6 1 15.8921 12.0752 12.0128
6 2 828.112 395.693 396.676
6 3 1702.98 774.267 775.797
6 4 1994.39 895.404 896.979
6 5 1957.46 856.75 858.257
6 6 1891.02 931.372 933.171
6 7 1648.69 796.153 797.785
6 8 1317.73 557.78 558.972
6 9 1092.7 529.253 530.498
6 10 850.884 427.492 428.559
6 11 643.486 345.313 346.215
6 12 479.095 246.392 247.023
6 13 333.129 152.414 152.781
6 14 223.84 94.3485 94.5455
6 15 498.244 221.875 222.448
