5.1 0
1 0 65.2404 7.02597 6.92245
1 1 0 0.134004 0
2 0 168.331 22.4977 22.4835
2 1 0 0.134004 0
3 0 52.1879 11.6385 11.5388
3 1 0 0.134004 0
4 0 186.424 76.9995 77.1045
4 1 0 0.134004 0
5 0 0 0.134004 0
5 1 6.50461 1.29433 1.16935
5 2 154.027 28.2111 28.212
5 3 388.401 82.2808 82.4222
5 4 513.061 93.5878 93.7406
5 5 453.157 75.2203 75.3309
5 6 396.938 71.5369 71.6439
5 7 281.865 50.126 50.1795
5 8 213.325 45.2216 45.2661
5 9 139.985 30.6908 30.6943
5 10 97.1875 17.7793 17.7112
5 11 68.8652 13.329 13.2761
5 12 50.5579 10.069 9.97027
5 13 35.3994 7.59486 7.49634
5 14 30.477 6.83919 6.73217
5 15 55.7796 10.8751 10.8201
6 0 0.0379363 0.0464843 0.00143917
6 1 132.959 31.8563 31.8762
6 2 673.771 147.699 147.973
6 3 649.452 119.967 120.171
6 4 532.615 99.2771 99.4465
6 5 353.889 60.6844 60.768
6 6 241.913 41.4052 41.44
6 7 159.062 35.1845 35.2075
6 8 95.7548 18.1214 18.0538
6 9 57.5558 11.4441 11.3837
6 10 39.1796 7.64373 7.57323
6 11 22.47 4.23647 4.11752
6 12 18.5893 4.27817 4.19646
6 13 10.6535 1.88106 1.75083
6 14 8.88592 1.91638 1.79231
6 15 22.5035 3.9148 3.80298
7 0 0 0.134004 0
7 1 2.45408 1.72065 1.55435
7 2 110.948 66.4698 66.5537
7 3 947.48 583.947 585.425
7 4 2050.47 1160.94 1163.32
7 5 2870.64 1494.71 1497.04
7 6 3291.23 1722.45 1724.9
7 7 3306.71 1808.07 1810.71
7 8 2947.97 1644.05 1646.79
7 9 2469.52 1376.75 1379.3
7 10 1954.32 1045.59 1047.74
7 11 1556.95 821.759 823.587
7 12 1100.59 564.587 565.929
7 13 771.796 356.226 357.085
7 14 557.697 276.051 276.708
7 15 1309.85 680.534 682.093
8 0 3.94937 1.53716 1.41516
8 1 15.8807 12.0754 12.0109
8 2 826.112 394.497 395.463
8 3 1702.5 774.156 775.715
8 4 1998.07 894.122 895.768
8 5 1965.2 858.169 859.76
8 6 1891.7 928.553 930.401
8 7 1657.92 798.293 799.959
8 8 1321.06 557.482 558.678
8 9 1094.38 527.996 529.247
8 10 851.35 427.043 428.094
8 11 644.122 344.315 345.19
8 12 477.57 244.617 245.198
8 13 331.24 151.336 151.664
8 14 222.931 93.586 93.749
8 15 500.697 220.824 221.364
