5.25 0
1 0 65.9146 7.02965 6.92619
1 1 0 0.134004 0
2 0 169.779 22.5056 22.4916
2 1 0 0.134004 0
3 0 52.9311 11.6672 11.5676
3 1 0 0.134004 0
4 0 187.413 77.0387 77.143
4 1 0 0.134004 0
5 0 0 0.134004 0
5 1 6.50646 1.29434 1.16936
5 2 154.09 28.2114 28.2123
5 3 388.57 82.2831 82.4232
5 4 513.276 93.588 93.7417
5 5 453.324 75.2223 75.3318
5 6 397.06 71.5367 71.6446
5 7 281.943 50.1258 50.18
5 8 213.374 45.2222 45.2664
5 9 140.013 30.6912 30.6944
5 10 97.2068 17.7795 17.7113
5 11 68.8751 13.329 13.2761
5 12 50.5655 10.0691 9.97031
5 13 35.4052 7.59494 7.49638
5 14 30.4788 6.83921 6.73218
5 15 55.7839 10.8752 10.8201
6 0 0.0379363 0.0464843 0.00143917
6 1 133.018 31.8564 31.8765
6 2 674.09 147.699 147.974
6 3 649.753 119.968 120.172
6 4 532.832 99.2744 99.4477
6 5 354.019 60.6859 60.7687
6 6 241.984 41.406 41.4404
6 7 159.1 35.184 35.2077
6 8 95.7732 18.1214 18.0539
6 9 57.5644 11.4442 11.3838
6 10 39.1842 7.64378 7.57326
6 11 22.4734 4.23645 4.11754
6 12 18.591 4.27817 4.19647
6 13 10.6544 1.88107 1.75084
6 14 8.88638 1.91638 1.79232
6 15 22.5037 3.9148 3.80298
7 0 0 0.134004 0
7 1 2.45408 1.72065 1.55435
7 2 110.948 66.4698 66.5537
7 3 947.484 583.947 585.425
7 4 2050.48 1160.94 1163.32
7 5 2870.65 1494.71 1497.04
7 6 3291.25 1722.45 1724.9
7 7 3306.72 1808.07 1810.71
7 8 2947.99 1644.05 1646.79
7 9 2469.54 1376.75 1379.3
7 10 1954.33 1045.59 1047.74
7 11 1556.96 821.759 823.587
7 12 1100.6 564.588 565.929
7 13 771.799 356.227 357.085
7 14 557.699 276.051 276.708
7 15 1309.85 680.534 682.093
8 0 3.94937 1.53716 1.41516
8 1 15.8808 12.0754 12.0109
8 2 826.116 394.497 395.463
8 3 1702.51 774.156 775.716
8 4 1998.09 894.122 895.768
8 5 1965.22 858.169 859.76
8 6 1891.72 928.553 930.401
8 7 1657.94 798.293 799.959
8 8 1321.07 557.482 558.678
8 9 1094.39 527.996 529.247
8 10 851.355 427.043 428.094
8 11 644.125 344.315 345.19
8 12 477.572 244.617 245.198
8 13 331.242 151.336 151.664
8 14 222.932 93.586 93.749
8 15 500.698 220.824 221.364
