1.08 0
1 0 36.6673 6.1352 6.03346
1 1 0.000333481 0.00858235 1.1121e-07
2 0 124.794 25.7528 25.7697
2 1 0 0.135157 0
3 0 0 0.135157 0
3 1 6.10448 1.28703 1.16155
3 2 112.447 23.3031 23.303
3 3 282.934 65.7217 65.8572
3 4 385.362 70.7704 70.9114
3 5 348.315 56.9956 57.0951
3 6 314.12 56.4828 56.5878
3 7 236.562 44.5384 44.6058
3 8 183.378 41.846 41.9015
3 9 130.66 31.2865 31.2794
3 10 101.53 22.0685 22.0266
3 11 80.5809 21.0918 21.0707
3 12 62.7995 18.4513 18.3874
3 13 42.7343 11.908 11.8314
3 14 37.5282 13.1302 13.0469
3 15 63.0044 17.2277 17.2073
4 0 0.0392854 0.0462667 0.00154334
4 1 135.882 34.5709 34.6142
4 2 657.565 154.03 154.357
4 3 637.248 129.023 129.282
4 4 450.665 86.3487 86.5243
4 5 282.541 49.3094 49.3969
4 6 216.219 39.6926 39.7519
4 7 158.782 40.7577 40.8211
4 8 102.791 24.9317 24.895
4 9 61.9072 14.6862 14.6502
4 10 43.4232 10.076 10.0241
4 11 24.5415 5.78152 5.68015
4 12 19.5179 5.48352 5.40697
4 13 11.6728 2.64472 2.51466
4 14 10.0116 2.41919 2.30635
4 15 25.588 10.4593 10.3646
5 0 0 0.135157 0
5 1 2.45408 1.7203 1.55435
5 2 110.587 66.3385 66.4379
5 3 945.314 583.587 585.074
5 4 2047.19 1160.96 1163.27
5 5 2865.85 1494.93 1497.15
5 6 3284.93 1722.87 1725.1
5 7 3295.97 1807.39 1809.82
5 8 2943.02 1644.49 1646.99
5 9 2465.95 1378.17 1380.62
5 10 1957.5 1049.02 1051.11
5 11 1558.67 824.309 826.099
5 12 1108.21 570.396 571.755
5 13 782.168 362.372 363.273
5 14 563.677 280.326 281.04
5 15 1312.32 686.511 688.085
6 0 3.9873 1.53882 1.4166
6 1 15.8921 12.0752 12.0128
6 2 828.115 395.693 396.676
6 3 1702.99 774.267 775.797
6 4 1994.4 895.404 896.979
6 5 1957.47 856.75 858.257
6 6 1891.03 931.373 933.171
6 7 1648.7 796.153 797.785
6 8 1317.74 557.781 558.972
6 9 1092.71 529.253 530.498
6 10 850.887 427.492 428.559
6 11 643.488 345.313 346.215
6 12 479.097 246.392 247.023
6 13 333.13 152.414 152.781
6 14 223.84 94.3485 94.5455
6 15 498.245 221.875 222.448
