5.55 0
1 0 67.263 7.03736 6.93399
1 1 0 0.134004 0
2 0 172.676 22.5228 22.5084
2 1 0 0.134004 0
3 0 54.4174 11.7271 11.6278
3 1 0 0.134004 0
4 0 189.389 77.1182 77.2234
4 1 0 0.134004 0
5 0 0 0.134004 0
5 1 6.51015 1.29436 1.16938
5 2 154.218 28.2121 28.2131
5 3 388.908 82.2841 82.4251
5 4 513.706 93.5909 93.7442
5 5 453.657 75.2223 75.3338
5 6 397.304 71.538 71.646
5 7 282.098 50.1268 50.1809
5 8 213.471 45.2236 45.2669
5 9 140.069 30.6912 30.6947
5 10 97.2454 17.7796 17.7116
5 11 68.895 13.3291 13.2762
5 12 50.5808 10.0692 9.9704
5 13 35.4166 7.59498 7.49644
5 14 30.4825 6.83921 6.7322
5 15 55.7925 10.8753 10.8201
6 0 0.0379363 0.0464843 0.00143917
6 1 133.136 31.8573 31.8772
6 2 674.73 147.704 147.978
6 3 650.357 119.972 120.176
6 4 533.266 99.28 99.4502
6 5 354.278 60.6863 60.7702
6 6 242.125 41.4061 41.4412
6 7 159.177 35.1851 35.2081
6 8 95.8102 18.1219 18.0542
6 9 57.5814 11.4443 11.3839
6 10 39.1932 7.64389 7.57331
6 11 22.4803 4.2365 4.11758
6 12 18.5945 4.27819 4.19649
6 13 10.6562 1.88107 1.75085
6 14 8.8873 1.91639 1.79232
6 15 22.5041 3.9148 3.80299
7 0 0 0.134004 0
7 1 2.45408 1.72065 1.55435
7 2 110.948 66.4698 66.5537
7 3 947.493 583.947 585.425
7 4 2050.51 1160.94 1163.32
7 5 2870.69 1494.65 1497.04
7 6 3291.29 1722.45 1724.9
7 7 3306.76 1808.07 1810.71
7 8 2948.02 1644.05 1646.79
7 9 2469.56 1376.75 1379.3
7 10 1954.35 1045.59 1047.74
7 11 1556.98 821.76 823.587
7 12 1100.61 564.588 565.929
7 13 771.807 356.227 357.085
7 14 557.702 276.052 276.708
7 15 1309.86 680.534 682.093
8 0 3.94937 1.53716 1.41516
8 1 15.8809 12.0754 12.0109
8 2 826.124 394.497 395.463
8 3 1702.53 774.157 775.716
8 4 1998.13 894.123 895.769
8 5 1965.26 858.17 859.761
8 6 1891.76 928.554 930.401
8 7 1657.97 798.294 799.96
8 8 1321.09 557.483 558.678
8 9 1094.41 527.997 529.247
8 10 851.365 427.043 428.094
8 11 644.13 344.316 345.19
8 12 477.577 244.617 245.198
8 13 331.245 151.336 151.664
8 14 222.933 93.586 93.749
8 15 500.701 220.824 221.364
