5.7 0
1 0 67.9372 7.0415 6.93806
1 1 0 0.134004 0
2 0 174.125 22.5315 22.5171
2 1 0 0.134004 0
3 0 55.1605 11.7584 11.6592
3 1 0 0.134004 0
4 0 190.377 77.1602 77.2653
4 1 0 0.134004 0
5 0 0 0.134004 0
5 1 6.512 1.29437 1.16939
5 2 154.281 28.2125 28.2135
5 3 389.077 82.2847 82.4261
5 4 513.921 93.5937 93.7455
5 5 453.823 75.2243 75.3348
5 6 397.426 71.5396 71.6467
5 7 282.175 50.1277 50.1813
5 8 213.52 45.2235 45.2672
5 9 140.097 30.6916 30.6949
5 10 97.2647 17.7798 17.7117
5 11 68.9049 13.3293 13.2763
5 12 50.5884 10.0692 9.97045
5 13 35.4223 7.59499 7.49648
5 14 30.4843 6.83919 6.73221
5 15 55.7969 10.8752 10.8202
6 0 0.0379363 0.0464843 0.00143917
6 1 133.195 31.8578 31.8775
6 2 675.05 147.709 147.98
6 3 650.658 119.972 120.178
6 4 533.482 99.2801 99.4515
6 5 354.408 60.6879 60.771
6 6 242.196 41.407 41.4417
6 7 159.215 35.1852 35.2084
6 8 95.8287 18.1217 18.0543
6 9 57.5899 11.4443 11.3839
6 10 39.1977 7.64389 7.57333
6 11 22.4838 4.23654 4.1176
6 12 18.5962 4.27821 4.1965
6 13 10.6571 1.88108 1.75085
6 14 8.88776 1.91639 1.79232
6 15 22.5044 3.91481 3.80299
7 0 0 0.134004 0
7 1 2.45408 1.72065 1.55435
7 2 110.949 66.4699 66.5537
7 3 947.497 583.947 585.425
7 4 2050.52 1160.94 1163.32
7 5 2870.7 1494.65 1497.04
7 6 3291.31 1722.45 1724.9
7 7 3306.77 1808.07 1810.71
7 8 2948.04 1644.05 1646.79
7 9 2469.57 1376.75 1379.3
7 10 1954.36 1045.59 1047.74
7 11 1556.98 821.76 823.587
7 12 1100.62 564.588 565.929
7 13 771.81 356.227 357.085
7 14 557.704 276.052 276.708
7 15 1309.87 680.534 682.094
8 0 3.94937 1.53716 1.41516
8 1 15.881 12.0754 12.0109
8 2 826.128 394.497 395.463
8 3 1702.54 774.157 775.716
8 4 1998.15 894.123 895.769
8 5 1965.28 858.171 859.761
8 6 1891.77 928.555 930.401
8 7 1657.98 798.294 799.96
8 8 1321.1 557.483 558.678
8 9 1094.41 527.997 529.247
8 10 851.371 427.043 428.094
8 11 644.133 344.316 345.19
8 12 477.58 244.617 245.198
8 13 331.246 151.336 151.664
8 14 222.933 93.586 93.749
8 15 500.703 220.824 221.364
