1.17 0
1 0 36.9471 6.13541 6.03373
1 1 0.000361271 0.00858066 1.30517e-07
2 0 125.694 25.7542 25.771
2 1 0 0.135157 0
3 0 0 0.135157 0
3 1 6.1054 1.28703 1.16155
3 2 112.475 23.3033 23.303
3 3 283.002 65.7224 65.8573
3 4 385.449 70.7711 70.9115
3 5 348.382 56.9946 57.0951
3 6 314.17 56.4807 56.5878
3 7 236.595 44.5386 44.6058
3 8 183.4 41.8462 41.9015
3 9 130.675 31.2866 31.2794
3 10 101.543 22.0686 22.0266
3 11 80.5885 21.0917 21.0708
3 12 62.807 18.4512 18.3875
3 13 42.7396 11.908 11.8314
3 14 37.5301 13.1303 13.0469
3 15 63.0079 17.2278 17.2073
4 0 0.0392854 0.0462667 0.00154334
4 1 135.919 34.5709 34.6142
4 2 657.757 154.032 154.357
4 3 637.43 129.021 129.283
4 4 450.778 86.3497 86.5245
4 5 282.599 49.3098 49.3969
4 6 216.253 39.6929 39.7519
4 7 158.803 40.7579 40.8212
4 8 102.802 24.9315 24.895
4 9 61.9127 14.6861 14.6502
4 10 43.4269 10.0761 10.0241
4 11 24.5441 5.78154 5.68016
4 12 19.5194 5.48353 5.40698
4 13 11.6735 2.64472 2.51466
4 14 10.0121 2.41919 2.30635
4 15 25.5881 10.4593 10.3646
5 0 0 0.135157 0
5 1 2.45408 1.7203 1.55435
5 2 110.587 66.3385 66.4379
5 3 945.316 583.587 585.074
5 4 2047.2 1160.96 1163.27
5 5 2865.86 1494.93 1497.15
5 6 3284.94 1722.87 1725.1
5 7 3295.98 1807.39 1809.82
5 8 2943.02 1644.49 1646.99
5 9 2465.96 1378.17 1380.62
5 10 1957.51 1049.02 1051.11
5 11 1558.68 824.309 826.099
5 12 1108.22 570.396 571.755
5 13 782.172 362.372 363.273
5 14 563.68 280.326 281.04
5 15 1312.32 686.512 688.085
6 0 3.9873 1.53882 1.4166
6 1 15.8922 12.0752 12.0128
6 2 828.118 395.693 396.676
6 3 1702.99 774.267 775.797
6 4 1994.41 895.404 896.979
6 5 1957.49 856.75 858.257
6 6 1891.04 931.373 933.171
6 7 1648.7 796.154 797.785
6 8 1317.74 557.781 558.972
6 9 1092.71 529.253 530.498
6 10 850.89 427.492 428.559
6 11 643.49 345.313 346.215
6 12 479.099 246.392 247.023
6 13 333.131 152.414 152.781
6 14 223.84 94.3485 94.5455
6 15 498.246 221.875 222.448
