0.4 0
1 0 45.5413 7.17139 7.04934
1 1 0.000646624 0.00967217 4.18122e-07
2 0 129.271 25.8729 25.8803
2 1 0 0.153088 0
3 0 0 0.153088 0
3 1 6.84923 1.31574 1.1726
3 2 158.319 29.1482 29.1537
3 3 392.149 84.2176 84.3916
3 4 511.597 100.426 100.628
3 5 450.864 82.5575 82.7117
3 6 385.28 77.1928 77.3462
3 7 270.688 54.7009 54.7887
3 8 195.353 46.8501 46.9097
3 9 132.647 31.8596 31.8375
3 10 92.5686 20.2894 20.217
3 11 57.5776 12.6144 12.5504
3 12 45.4402 10.7874 10.6773
3 13 32.8323 7.9321 7.8217
3 14 21.5245 5.02422 4.88929
3 15 48.9724 12.2942 12.2458
4 0 0.113038 0.0684771 0.00414887
4 1 163.357 41.7623 41.818
4 2 716.377 161.197 161.518
4 3 670.067 132.475 132.727
4 4 537.574 109.086 109.304
4 5 351.41 68.9448 69.0782
4 6 237.804 48.4986 48.5747
4 7 157.501 42.1736 42.2314
4 8 88.1661 19.4715 19.3919
4 9 50.7733 11.8697 11.812
4 10 34.8499 8.47281 8.40446
4 11 19.9587 4.66503 4.53813
4 12 17.2362 4.66862 4.57097
4 13 9.85621 2.39839 2.24853
4 14 8.54773 2.24887 2.11683
4 15 24.1064 9.75787 9.63828
5 0 0 0.153088 0
5 1 1.95968 1.51451 1.31071
5 2 105.844 64.21 64.286
5 3 930.081 569.5 570.945
5 4 2052.46 1192.29 1194.7
5 5 2854.86 1495.18 1497.41
5 6 3252.76 1707.02 1709.19
5 7 3282.36 1805.71 1808.2
5 8 2962.3 1693.38 1696.09
5 9 2451.38 1405.32 1407.9
5 10 1939.13 1058.63 1060.78
5 11 1517.86 842.625 844.508
5 12 1117.08 618.733 620.231
5 13 759.165 373.547 374.486
5 14 558.316 300.406 301.17
5 15 1298.3 728.722 730.419
6 0 3.99577 1.5628 1.42251
6 1 15.5493 12.0886 12.0059
6 2 825.66 394.36 395.339
6 3 1706.56 789.725 791.285
6 4 1984.99 894.733 896.312
6 5 1945.42 860.39 861.898
6 6 1910.78 940.901 942.698
6 7 1650.31 826.701 828.419
6 8 1315.47 584.995 586.259
6 9 1088.64 549.881 551.191
6 10 850.295 443.617 444.731
6 11 648.881 367.112 368.068
6 12 455.423 250.707 251.342
6 13 327.169 162.097 162.475
6 14 229.345 108.189 108.407
6 15 491.656 227.696 228.281
