4 0
1 0 61.7715 7.2226 7.10433
1 1 0.00230937 0.0129252 5.33319e-06
2 0 164.146 25.9884 25.9988
2 1 0 0.153088 0
3 0 0 0.153088 0
3 1 6.91495 1.31592 1.17283
3 2 160.096 29.1543 29.1597
3 3 396.616 84.2334 84.4068
3 4 517.084 100.446 100.647
3 5 455.061 82.5691 82.7259
3 6 388.336 77.2052 77.3566
3 7 272.635 54.7075 54.7953
3 8 196.576 46.8545 46.9138
3 9 133.341 31.862 31.8398
3 10 93.0425 20.2909 20.2186
3 11 57.8162 12.6153 12.5512
3 12 45.627 10.7879 10.678
3 13 32.9734 7.93253 7.82219
3 14 21.5715 5.02436 4.88944
3 15 49.0784 12.2945 12.2461
4 0 0.116866 0.0688127 0.0041619
4 1 165.348 41.7693 41.8247
4 2 726.046 161.229 161.551
4 3 678.6 132.501 132.756
4 4 543.633 109.11 109.324
4 5 354.948 68.9571 69.0902
4 6 239.711 48.5048 48.5812
4 7 158.53 42.1774 42.2348
4 8 88.6626 19.4731 19.3936
4 9 51.0025 11.8703 11.8128
4 10 34.9688 8.47317 8.40486
4 11 20.0438 4.66529 4.53841
4 12 17.2828 4.66874 4.57112
4 13 9.87731 2.39844 2.2486
4 14 8.55861 2.24889 2.11687
4 15 24.1136 9.7579 9.63831
5 0 0 0.153088 0
5 1 1.95968 1.51451 1.31071
5 2 105.849 64.2096 64.286
5 3 930.185 569.491 570.946
5 4 2052.72 1192.3 1194.7
5 5 2855.26 1495.13 1497.41
5 6 3253.22 1707.04 1709.19
5 7 3282.76 1805.72 1808.2
5 8 2962.68 1693.4 1696.09
5 9 2451.69 1405.33 1407.9
5 10 1939.35 1058.63 1060.78
5 11 1518.05 842.63 844.509
5 12 1117.25 618.737 620.232
5 13 759.25 373.549 374.486
5 14 558.36 300.407 301.17
5 15 1298.4 728.725 730.419
6 0 3.99577 1.5628 1.42251
6 1 15.5509 12.0886 12.0059
6 2 825.756 394.362 395.339
6 3 1706.84 789.731 791.286
6 4 1985.44 894.743 896.314
6 5 1945.91 860.342 861.899
6 6 1911.23 940.911 942.699
6 7 1650.67 826.709 828.42
6 8 1315.71 584.984 586.26
6 9 1088.83 549.886 551.192
6 10 850.421 443.611 444.731
6 11 648.95 367.107 368.068
6 12 455.483 250.708 251.342
6 13 327.206 162.098 162.476
6 14 229.358 108.189 108.407
6 15 491.692 227.697 228.281
