1.23 0
1 0 37.1337 6.13558 6.03392
1 1 0.000379798 0.0085797 1.44246e-07
2 0 126.294 25.7552 25.7719
2 1 0 0.135157 0
3 0 0 0.135157 0
3 1 6.10602 1.28704 1.16155
3 2 112.495 23.3029 23.303
3 3 283.047 65.7216 65.8573
3 4 385.507 70.7699 70.9115
3 5 348.426 56.995 57.0952
3 6 314.203 56.481 56.5879
3 7 236.617 44.5388 44.6058
3 8 183.414 41.8464 41.9015
3 9 130.684 31.2867 31.2794
3 10 101.551 22.0687 22.0267
3 11 80.5935 21.0917 21.0708
3 12 62.812 18.4513 18.3875
3 13 42.7431 11.9081 11.8314
3 14 37.5313 13.1303 13.0469
3 15 63.0102 17.2278 17.2073
4 0 0.0392854 0.0462667 0.00154334
4 1 135.944 34.5711 34.6143
4 2 657.886 154.03 154.358
4 3 637.551 129.022 129.283
4 4 450.854 86.3503 86.5246
4 5 282.638 49.3091 49.397
4 6 216.275 39.6931 39.752
4 7 158.817 40.7575 40.8212
4 8 102.81 24.9313 24.895
4 9 61.9164 14.6861 14.6502
4 10 43.4293 10.0761 10.0241
4 11 24.5458 5.78153 5.68016
4 12 19.5203 5.48351 5.40698
4 13 11.6739 2.64472 2.51466
4 14 10.0123 2.4192 2.30635
4 15 25.5882 10.4593 10.3646
5 0 0 0.135157 0
5 1 2.45408 1.7203 1.55435
5 2 110.587 66.3385 66.4379
5 3 945.318 583.588 585.074
5 4 2047.2 1160.96 1163.27
5 5 2865.87 1494.93 1497.15
5 6 3284.94 1722.87 1725.1
5 7 3295.98 1807.39 1809.82
5 8 2943.03 1644.49 1646.99
5 9 2465.96 1378.17 1380.62
5 10 1957.51 1049.02 1051.11
5 11 1558.68 824.31 826.099
5 12 1108.22 570.397 571.755
5 13 782.175 362.372 363.273
5 14 563.681 280.326 281.04
5 15 1312.32 686.512 688.085
6 0 3.9873 1.53882 1.4166
6 1 15.8922 12.0752 12.0128
6 2 828.119 395.693 396.676
6 3 1703 774.267 775.797
6 4 1994.42 895.405 896.979
6 5 1957.49 856.75 858.257
6 6 1891.05 931.373 933.171
6 7 1648.71 796.154 797.785
6 8 1317.75 557.781 558.972
6 9 1092.71 529.253 530.498
6 10 850.893 427.492 428.559
6 11 643.492 345.313 346.215
6 12 479.1 246.392 247.023
6 13 333.132 152.414 152.781
6 14 223.841 94.3486 94.5455
6 15 498.247 221.875 222.448
