4.2 0
1 0 62.6731 7.22735 7.1092
1 1 0.00240174 0.0131533 5.76838e-06
2 0 166.084 25.9989 26.0093
2 1 0 0.153088 0
3 0 0 0.153088 0
3 1 6.9186 1.31593 1.17285
3 2 160.195 29.155 29.1603
3 3 396.864 84.2349 84.4082
3 4 517.389 100.447 100.649
3 5 455.295 82.5719 82.7272
3 6 388.506 77.2056 77.3575
3 7 272.743 54.7079 54.7959
3 8 196.644 46.8541 46.9142
3 9 133.379 31.8618 31.8401
3 10 93.0689 20.291 20.2188
3 11 57.8295 12.6153 12.5513
3 12 45.6373 10.788 10.678
3 13 32.9813 7.93258 7.82223
3 14 21.5741 5.02436 4.88945
3 15 49.0842 12.2945 12.2462
4 0 0.117078 0.0688337 0.00416305
4 1 165.459 41.7698 41.8253
4 2 726.583 161.232 161.554
4 3 679.075 132.507 132.759
4 4 543.969 109.109 109.326
4 5 355.145 68.9596 69.0913
4 6 239.817 48.5053 48.5818
4 7 158.587 42.1772 42.2351
4 8 88.6902 19.4732 19.3937
4 9 51.0152 11.8704 11.8129
4 10 34.9754 8.47321 8.4049
4 11 20.0486 4.6653 4.53843
4 12 17.2854 4.66875 4.57113
4 13 9.87848 2.39844 2.2486
4 14 8.55921 2.24889 2.11687
4 15 24.114 9.75791 9.63831
5 0 0 0.153088 0
5 1 1.95968 1.51451 1.31071
5 2 105.849 64.2096 64.286
5 3 930.191 569.491 570.946
5 4 2052.74 1192.3 1194.7
5 5 2855.28 1495.13 1497.41
5 6 3253.24 1707.04 1709.19
5 7 3282.78 1805.72 1808.2
5 8 2962.7 1693.4 1696.09
5 9 2451.71 1405.33 1407.9
5 10 1939.36 1058.63 1060.78
5 11 1518.06 842.63 844.509
5 12 1117.25 618.737 620.232
5 13 759.255 373.549 374.486
5 14 558.363 300.407 301.17
5 15 1298.41 728.725 730.419
6 0 3.99577 1.5628 1.42251
6 1 15.551 12.0886 12.0059
6 2 825.761 394.363 395.339
6 3 1706.85 789.731 791.286
6 4 1985.46 894.743 896.314
6 5 1945.94 860.343 861.899
6 6 1911.25 940.912 942.7
6 7 1650.69 826.71 828.421
6 8 1315.73 584.984 586.26
6 9 1088.84 549.886 551.192
6 10 850.428 443.612 444.731
6 11 648.953 367.107 368.068
6 12 455.486 250.708 251.342
6 13 327.208 162.098 162.476
6 14 229.358 108.189 108.407
6 15 491.694 227.697 228.281
