1.29 0
1 0 37.3202 6.13575 6.03412
1 1 0.000398325 0.00857887 1.58662e-07
2 0 126.894 25.7562 25.7729
2 1 0 0.135157 0
3 0 0 0.135157 0
3 1 6.10664 1.28704 1.16155
3 2 112.514 23.3031 23.3031
3 3 283.092 65.722 65.8574
3 4 385.565 70.7703 70.9116
3 5 348.47 56.9953 57.0952
3 6 314.236 56.4812 56.5879
3 7 236.638 44.5382 44.6059
3 8 183.429 41.8459 41.9015
3 9 130.694 31.2868 31.2794
3 10 101.56 22.0685 22.0267
3 11 80.5985 21.0918 21.0708
3 12 62.817 18.4514 18.3875
3 13 42.7466 11.9081 11.8314
3 14 37.5325 13.1302 13.0469
3 15 63.0125 17.2278 17.2073
4 0 0.0392854 0.0462667 0.00154334
4 1 135.968 34.571 34.6143
4 2 658.014 154.031 154.358
4 3 637.672 129.024 129.283
4 4 450.929 86.351 86.5247
4 5 282.677 49.3094 49.397
4 6 216.298 39.6933 39.752
4 7 158.83 40.7577 40.8212
4 8 102.817 24.9314 24.895
4 9 61.92 14.6861 14.6502
4 10 43.4318 10.0761 10.0242
4 11 24.5475 5.78154 5.68016
4 12 19.5213 5.48352 5.40698
4 13 11.6744 2.64471 2.51466
4 14 10.0126 2.4192 2.30635
4 15 25.5883 10.4593 10.3646
5 0 0 0.135157 0
5 1 2.45408 1.7203 1.55435
5 2 110.587 66.3385 66.4379
5 3 945.319 583.588 585.074
5 4 2047.2 1160.96 1163.27
5 5 2865.87 1494.94 1497.15
5 6 3284.95 1722.87 1725.1
5 7 3295.99 1807.39 1809.82
5 8 2943.03 1644.49 1646.99
5 9 2465.97 1378.17 1380.62
5 10 1957.52 1049.02 1051.11
5 11 1558.69 824.31 826.099
5 12 1108.22 570.397 571.755
5 13 782.177 362.372 363.273
5 14 563.683 280.326 281.04
5 15 1312.33 686.512 688.085
6 0 3.9873 1.53882 1.4166
6 1 15.8923 12.0752 12.0128
6 2 828.121 395.693 396.676
6 3 1703 774.267 775.797
6 4 1994.42 895.405 896.979
6 5 1957.5 856.751 858.257
6 6 1891.05 931.373 933.171
6 7 1648.71 796.154 797.785
6 8 1317.75 557.781 558.972
6 9 1092.72 529.253 530.498
6 10 850.895 427.492 428.559
6 11 643.493 345.313 346.215
6 12 479.101 246.392 247.023
6 13 333.133 152.414 152.781
6 14 223.841 94.3486 94.5455
6 15 498.248 221.875 222.448
