4.4 0
1 0 63.5748 7.2322 7.11426
1 1 0.00249412 0.0133803 6.22063e-06
2 0 168.021 26.0095 26.0202
2 1 0 0.153088 0
3 0 0 0.153088 0
3 1 6.92225 1.31595 1.17287
3 2 160.293 29.1553 29.1608
3 3 397.113 84.2345 84.4095
3 4 517.694 100.448 100.65
3 5 455.528 82.5749 82.7285
3 6 388.676 77.2061 77.3584
3 7 272.851 54.7082 54.7965
3 8 196.712 46.8551 46.9146
3 9 133.418 31.8623 31.8403
3 10 93.0952 20.2911 20.2189
3 11 57.8427 12.6154 12.5513
3 12 45.6477 10.788 10.6781
3 13 32.9891 7.93264 7.82227
3 14 21.5767 5.02439 4.88947
3 15 49.0901 12.2945 12.2462
4 0 0.117291 0.0688539 0.00416425
4 1 165.569 41.7703 41.8259
4 2 727.12 161.235 161.557
4 3 679.549 132.506 132.762
4 4 544.306 109.113 109.328
4 5 355.342 68.9591 69.0924
4 6 239.923 48.5059 48.5824
4 7 158.644 42.1775 42.2355
4 8 88.7178 19.4734 19.3939
4 9 51.0279 11.8705 11.813
4 10 34.982 8.47324 8.40493
4 11 20.0533 4.66535 4.53846
4 12 17.2879 4.66876 4.57115
4 13 9.87966 2.39845 2.24861
4 14 8.55982 2.24889 2.11687
4 15 24.1144 9.75787 9.63831
5 0 0 0.153088 0
5 1 1.95968 1.51451 1.31071
5 2 105.849 64.2096 64.286
5 3 930.196 569.491 570.946
5 4 2052.75 1192.3 1194.7
5 5 2855.3 1495.13 1497.41
5 6 3253.27 1707.04 1709.19
5 7 3282.8 1805.72 1808.2
5 8 2962.72 1693.4 1696.09
5 9 2451.73 1405.33 1407.9
5 10 1939.37 1058.63 1060.78
5 11 1518.07 842.631 844.509
5 12 1117.26 618.737 620.232
5 13 759.26 373.55 374.486
5 14 558.365 300.408 301.17
5 15 1298.41 728.725 730.419
6 0 3.99577 1.5628 1.42251
6 1 15.5511 12.0886 12.0059
6 2 825.766 394.363 395.34
6 3 1706.87 789.732 791.286
6 4 1985.49 894.744 896.314
6 5 1945.97 860.343 861.9
6 6 1911.27 940.913 942.7
6 7 1650.71 826.71 828.421
6 8 1315.74 584.984 586.26
6 9 1088.85 549.886 551.192
6 10 850.435 443.612 444.731
6 11 648.957 367.107 368.068
6 12 455.489 250.708 251.342
6 13 327.21 162.098 162.476
6 14 229.359 108.189 108.407
6 15 491.696 227.697 228.282
