6.75 0
1 0 72.6566 7.07263 6.96955
1 1 0 0.134004 0
2 0 184.265 22.5995 22.585
2 1 0 0.134004 0
3 0 60.3626 12.0002 11.9021
3 1 0 0.134004 0
4 0 197.294 77.4838 77.5897
4 1 0 0.134004 0
5 0 0 0.134004 0
5 1 6.52493 1.29445 1.16948
5 2 154.726 28.2154 28.2164
5 3 390.259 82.2929 82.4341
5 4 515.427 93.6039 93.7556
5 5 454.989 75.2333 75.3425
5 6 398.282 71.5441 71.6524
5 7 282.718 50.1308 50.185
5 8 213.862 45.2254 45.2695
5 9 140.292 30.6928 30.6962
5 10 97.3997 17.7805 17.7126
5 11 68.9742 13.3297 13.2767
5 12 50.6419 10.0696 9.97081
5 13 35.4624 7.59527 7.49675
5 14 30.4972 6.83932 6.73229
5 15 55.8271 10.8754 10.8204
6 0 0.0379363 0.0464843 0.00143917
6 1 133.609 31.8602 31.8803
6 2 677.29 147.721 147.995
6 3 652.771 119.986 120.192
6 4 535.001 99.2928 99.4616
6 5 355.316 60.6941 60.7771
6 6 242.691 41.4102 41.445
6 7 159.483 35.1871 35.2102
6 8 95.958 18.1228 18.0551
6 9 57.6494 11.4448 11.3843
6 10 39.2292 7.64406 7.57354
6 11 22.5078 4.23667 4.11775
6 12 18.6083 4.27828 4.19657
6 13 10.6633 1.88112 1.75089
6 14 8.89097 1.9164 1.79234
6 15 22.506 3.9148 3.803
7 0 0 0.134004 0
7 1 2.45408 1.72065 1.55435
7 2 110.949 66.4694 66.5537
7 3 947.527 583.948 585.425
7 4 2050.6 1160.94 1163.32
7 5 2870.82 1494.66 1497.04
7 6 3291.44 1722.46 1724.9
7 7 3306.89 1808.08 1810.71
7 8 2948.15 1644.05 1646.79
7 9 2469.67 1376.76 1379.3
7 10 1954.42 1045.59 1047.74
7 11 1557.04 821.762 823.588
7 12 1100.66 564.589 565.929
7 13 771.835 356.227 357.085
7 14 557.717 276.052 276.709
7 15 1309.9 680.535 682.094
8 0 3.94937 1.53716 1.41516
8 1 15.8815 12.0754 12.0109
8 2 826.156 394.498 395.463
8 3 1702.62 774.134 775.716
8 4 1998.28 894.127 895.77
8 5 1965.42 858.174 859.762
8 6 1891.9 928.558 930.402
8 7 1658.09 798.297 799.96
8 8 1321.17 557.469 558.678
8 9 1094.47 527.998 529.247
8 10 851.407 427.044 428.094
8 11 644.153 344.316 345.19
8 12 477.598 244.618 245.198
8 13 331.257 151.336 151.664
8 14 222.937 93.5861 93.7491
8 15 500.713 220.824 221.364
