4.6 0
1 0 64.4765 7.23724 7.11951
1 1 0.00258649 0.0136061 6.68995e-06
2 0 169.959 26.0212 26.0316
2 1 0 0.153088 0
3 0 0 0.153088 0
3 1 6.9259 1.31597 1.17289
3 2 160.392 29.1561 29.1614
3 3 397.361 84.2379 84.411
3 4 517.999 100.452 100.652
3 5 455.761 82.5735 82.7299
3 6 388.845 77.2066 77.3594
3 7 272.959 54.7096 54.7972
3 8 196.78 46.8553 46.915
3 9 133.457 31.8621 31.8405
3 10 93.1215 20.2912 20.2191
3 11 57.856 12.6155 12.5514
3 12 45.6581 10.7882 10.6782
3 13 32.9969 7.93269 7.82232
3 14 21.5793 5.0244 4.88948
3 15 49.096 12.2945 12.2462
4 0 0.117503 0.0688745 0.00416549
4 1 165.68 41.7708 41.8266
4 2 727.657 161.238 161.561
4 3 680.023 132.512 132.764
4 4 544.643 109.112 109.33
4 5 355.538 68.9617 69.0935
4 6 240.029 48.5064 48.583
4 7 158.702 42.1779 42.2358
4 8 88.7453 19.4736 19.394
4 9 51.0407 11.8706 11.813
4 10 34.9886 8.47327 8.40497
4 11 20.058 4.66536 4.53849
4 12 17.2905 4.6688 4.57116
4 13 9.88083 2.39846 2.24862
4 14 8.56042 2.24889 2.11688
4 15 24.1147 9.75788 9.63831
5 0 0 0.153088 0
5 1 1.95968 1.51451 1.31071
5 2 105.85 64.2096 64.286
5 3 930.202 569.491 570.946
5 4 2052.76 1192.3 1194.7
5 5 2855.32 1495.13 1497.41
5 6 3253.29 1707.04 1709.19
5 7 3282.83 1805.72 1808.2
5 8 2962.74 1693.4 1696.09
5 9 2451.74 1405.33 1407.9
5 10 1939.38 1058.64 1060.78
5 11 1518.08 842.631 844.509
5 12 1117.27 618.737 620.232
5 13 759.265 373.55 374.486
5 14 558.368 300.408 301.17
5 15 1298.42 728.725 730.419
6 0 3.99577 1.5628 1.42251
6 1 15.5512 12.0886 12.0059
6 2 825.772 394.363 395.34
6 3 1706.88 789.732 791.286
6 4 1985.51 894.744 896.314
6 5 1945.99 860.344 861.9
6 6 1911.3 940.913 942.7
6 7 1650.73 826.711 828.421
6 8 1315.75 584.985 586.26
6 9 1088.86 549.887 551.192
6 10 850.442 443.612 444.732
6 11 648.961 367.108 368.068
6 12 455.493 250.709 251.342
6 13 327.212 162.098 162.476
6 14 229.36 108.189 108.407
6 15 491.698 227.697 228.282
