4.7 0
1 0 64.9273 7.23979 7.12221
1 1 0.00263268 0.0137184 6.93101e-06
2 0 170.928 26.0264 26.0374
2 1 0 0.153088 0
3 0 0 0.153088 0
3 1 6.92772 1.31598 1.1729
3 2 160.442 29.1558 29.1617
3 3 397.485 84.2396 84.4118
3 4 518.151 100.452 100.653
3 5 455.878 82.575 82.7306
3 6 388.93 77.2077 77.3599
3 7 273.013 54.7104 54.7975
3 8 196.813 46.8552 46.9152
3 9 133.476 31.8624 31.8406
3 10 93.1347 20.2914 20.2192
3 11 57.8626 12.6154 12.5515
3 12 45.6633 10.7881 10.6782
3 13 33.0009 7.93269 7.82234
3 14 21.5806 5.02441 4.88949
3 15 49.099 12.2946 12.2462
4 0 0.11761 0.0688849 0.00416613
4 1 165.735 41.7711 41.8269
4 2 727.926 161.242 161.562
4 3 680.26 132.515 132.766
4 4 544.811 109.114 109.331
4 5 355.636 68.963 69.0941
4 6 240.082 48.5071 48.5833
4 7 158.73 42.1783 42.236
4 8 88.7591 19.4735 19.3941
4 9 51.047 11.8706 11.8131
4 10 34.9919 8.47326 8.40499
4 11 20.0604 4.66536 4.5385
4 12 17.2918 4.66879 4.57117
4 13 9.88142 2.39845 2.24862
4 14 8.56073 2.2489 2.11688
4 15 24.1149 9.75788 9.63831
5 0 0 0.153088 0
5 1 1.95968 1.51451 1.31071
5 2 105.85 64.2096 64.286
5 3 930.205 569.492 570.946
5 4 2052.77 1192.3 1194.7
5 5 2855.34 1495.13 1497.41
5 6 3253.3 1707.04 1709.19
5 7 3282.84 1805.72 1808.2
5 8 2962.75 1693.4 1696.09
5 9 2451.75 1405.33 1407.9
5 10 1939.39 1058.64 1060.78
5 11 1518.08 842.631 844.509
5 12 1117.28 618.738 620.232
5 13 759.267 373.55 374.486
5 14 558.369 300.408 301.17
5 15 1298.42 728.725 730.419
6 0 3.99577 1.5628 1.42251
6 1 15.5513 12.0886 12.0059
6 2 825.774 394.363 395.34
6 3 1706.89 789.732 791.286
6 4 1985.52 894.745 896.314
6 5 1946.01 860.344 861.9
6 6 1911.31 940.914 942.7
6 7 1650.74 826.711 828.421
6 8 1315.76 584.985 586.26
6 9 1088.87 549.887 551.192
6 10 850.445 443.612 444.732
6 11 648.963 367.108 368.068
6 12 455.494 250.709 251.342
6 13 327.213 162.098 162.476
6 14 229.36 108.189 108.407
6 15 491.699 227.697 228.282
