7.2 0
1 0 74.6791 7.0877 6.98467
1 1 0 0.134004 0
2 0 188.61 22.6323 22.6176
2 1 0 0.134004 0
3 0 62.5921 12.1165 12.0187
3 1 0 0.134004 0
4 0 200.259 77.6394 77.7454
4 1 0 0.134004 0
5 0 0 0.134004 0
5 1 6.53047 1.29449 1.16952
5 2 154.917 28.2168 28.2179
5 3 390.766 82.297 82.4379
5 4 516.073 93.6081 93.7605
5 5 455.488 75.2381 75.3463
5 6 398.648 71.5458 71.6552
5 7 282.951 50.133 50.1867
5 8 214.009 45.2269 45.2706
5 9 140.375 30.6937 30.6968
5 10 97.4576 17.7811 17.713
5 11 69.0039 13.3299 13.277
5 12 50.6648 10.0697 9.97099
5 13 35.4795 7.59542 7.49688
5 14 30.5027 6.83936 6.73233
5 15 55.8401 10.8755 10.8204
6 0 0.0379363 0.0464843 0.00143917
6 1 133.787 31.8618 31.8816
6 2 678.25 147.732 148.002
6 3 653.676 119.992 120.199
6 4 535.651 99.2968 99.4665
6 5 355.705 60.698 60.78
6 6 242.903 41.4115 41.4466
6 7 159.598 35.1879 35.211
6 8 96.0135 18.1231 18.0556
6 9 57.675 11.4449 11.3845
6 10 39.2428 7.64419 7.57364
6 11 22.5182 4.23675 4.11783
6 12 18.6135 4.2783 4.19661
6 13 10.666 1.88114 1.75091
6 14 8.89235 1.91642 1.79235
6 15 22.5067 3.91481 3.803
7 0 0 0.134004 0
7 1 2.45408 1.72065 1.55435
7 2 110.95 66.4694 66.5537
7 3 947.54 583.949 585.425
7 4 2050.63 1160.95 1163.32
7 5 2870.87 1494.66 1497.04
7 6 3291.5 1722.46 1724.9
7 7 3306.94 1808.08 1810.71
7 8 2948.2 1644.06 1646.79
7 9 2469.71 1376.76 1379.3
7 10 1954.45 1045.59 1047.74
7 11 1557.06 821.762 823.588
7 12 1100.68 564.59 565.929
7 13 771.846 356.228 357.085
7 14 557.723 276.052 276.709
7 15 1309.91 680.535 682.094
8 0 3.94937 1.53716 1.41516
8 1 15.8817 12.0754 12.0109
8 2 826.168 394.498 395.463
8 3 1702.66 774.135 775.716
8 4 1998.33 894.128 895.77
8 5 1965.48 858.175 859.762
8 6 1891.96 928.56 930.403
8 7 1658.13 798.298 799.961
8 8 1321.2 557.469 558.678
8 9 1094.5 527.999 529.248
8 10 851.423 427.044 428.095
8 11 644.162 344.316 345.19
8 12 477.605 244.614 245.198
8 13 331.262 151.337 151.664
8 14 222.938 93.5861 93.7491
8 15 500.718 220.825 221.364
