7.35 0
1 0 75.3533 7.09286 6.98992
1 1 0 0.134004 0
2 0 190.059 22.6437 22.6289
2 1 0 0.134004 0
3 0 63.3353 12.1568 12.0592
3 1 0 0.134004 0
4 0 201.247 77.6928 77.7996
4 1 0 0.134004 0
5 0 0 0.134004 0
5 1 6.53232 1.2945 1.16954
5 2 154.98 28.2177 28.2184
5 3 390.935 82.2978 82.4392
5 4 516.288 93.6112 93.7621
5 5 455.655 75.2384 75.3476
5 6 398.771 71.5476 71.6561
5 7 283.028 50.1341 50.1873
5 8 214.058 45.2269 45.271
5 9 140.403 30.6937 30.697
5 10 97.4769 17.7811 17.7131
5 11 69.0139 13.3299 13.277
5 12 50.6725 10.0699 9.97105
5 13 35.4852 7.5955 7.49693
5 14 30.5046 6.83934 6.73235
5 15 55.8444 10.8756 10.8205
6 0 0.0379363 0.0464843 0.00143917
6 1 133.846 31.862 31.8821
6 2 678.57 147.733 148.005
6 3 653.978 119.997 120.201
6 4 535.868 99.2972 99.4682
6 5 355.835 60.6984 60.781
6 6 242.974 41.4125 41.4471
6 7 159.636 35.188 35.2113
6 8 96.0319 18.1234 18.0557
6 9 57.6835 11.4449 11.3846
6 10 39.2473 7.64419 7.57368
6 11 22.5216 4.23679 4.11785
6 12 18.6153 4.27833 4.19662
6 13 10.6669 1.88114 1.75091
6 14 8.89281 1.91642 1.79236
6 15 22.5069 3.91481 3.803
7 0 0 0.134004 0
7 1 2.45408 1.72065 1.55435
7 2 110.95 66.4694 66.5537
7 3 947.544 583.949 585.425
7 4 2050.64 1160.95 1163.32
7 5 2870.88 1494.66 1497.04
7 6 3291.51 1722.46 1724.9
7 7 3306.96 1808.08 1810.71
7 8 2948.21 1644.06 1646.79
7 9 2469.72 1376.76 1379.3
7 10 1954.46 1045.59 1047.74
7 11 1557.07 821.762 823.588
7 12 1100.69 564.59 565.929
7 13 771.85 356.228 357.085
7 14 557.725 276.052 276.709
7 15 1309.91 680.535 682.094
8 0 3.94937 1.53716 1.41516
8 1 15.8818 12.0754 12.0109
8 2 826.171 394.499 395.463
8 3 1702.67 774.135 775.717
8 4 1998.35 894.128 895.77
8 5 1965.5 858.176 859.762
8 6 1891.98 928.56 930.403
8 7 1658.15 798.298 799.961
8 8 1321.21 557.47 558.679
8 9 1094.5 527.999 529.248
8 10 851.428 427.045 428.095
8 11 644.165 344.316 345.19
8 12 477.608 244.614 245.198
8 13 331.263 151.337 151.664
8 14 222.939 93.5861 93.7491
8 15 500.719 220.825 221.364
