0.5 0
1 0 45.9922 7.17204 7.05004
1 1 0.000692811 0.00969351 4.79987e-07
2 0 130.24 25.8745 25.8818
2 1 0 0.153088 0
3 0 0 0.153088 0
3 1 6.85105 1.31574 1.17261
3 2 158.368 29.1486 29.1538
3 3 392.273 84.2169 84.3918
3 4 511.749 100.427 100.629
3 5 450.981 82.5543 82.7119
3 6 385.365 77.1936 77.3463
3 7 270.742 54.7014 54.7888
3 8 195.387 46.8505 46.9098
3 9 132.667 31.8598 31.8375
3 10 92.5818 20.2893 20.2171
3 11 57.5842 12.6145 12.5504
3 12 45.4454 10.7873 10.6773
3 13 32.8362 7.93209 7.8217
3 14 21.5258 5.02423 4.88929
3 15 48.9753 12.2941 12.2458
4 0 0.113144 0.0684853 0.00414904
4 1 163.412 41.7624 41.8181
4 2 716.645 161.19 161.519
4 3 670.304 132.473 132.728
4 4 537.743 109.088 109.304
4 5 351.508 68.9457 69.0784
4 6 237.857 48.4982 48.5748
4 7 157.53 42.1733 42.2314
4 8 88.1799 19.4716 19.3919
4 9 50.7796 11.8696 11.8121
4 10 34.8532 8.47284 8.40447
4 11 19.961 4.66505 4.53813
4 12 17.2375 4.66863 4.57097
4 13 9.85679 2.39838 2.24853
4 14 8.54803 2.24886 2.11683
4 15 24.1066 9.75788 9.63828
5 0 0 0.153088 0
5 1 1.95968 1.51451 1.31071
5 2 105.844 64.21 64.286
5 3 930.084 569.5 570.945
5 4 2052.47 1192.29 1194.7
5 5 2854.87 1495.18 1497.41
5 6 3252.77 1707.02 1709.19
5 7 3282.37 1805.71 1808.2
5 8 2962.31 1693.39 1696.09
5 9 2451.39 1405.32 1407.9
5 10 1939.13 1058.63 1060.78
5 11 1517.87 842.625 844.508
5 12 1117.09 618.733 620.231
5 13 759.168 373.547 374.486
5 14 558.317 300.406 301.17
5 15 1298.3 728.722 730.419
6 0 3.99577 1.5628 1.42251
6 1 15.5493 12.0886 12.0059
6 2 825.663 394.36 395.339
6 3 1706.57 789.725 791.285
6 4 1985 894.733 896.312
6 5 1945.44 860.391 861.898
6 6 1910.79 940.901 942.698
6 7 1650.32 826.701 828.419
6 8 1315.48 584.996 586.259
6 9 1088.64 549.881 551.191
6 10 850.298 443.617 444.731
6 11 648.883 367.112 368.068
6 12 455.425 250.707 251.342
6 13 327.17 162.097 162.475
6 14 229.346 108.189 108.407
6 15 491.657 227.696 228.281
