7.5 0
1 0 76.0275 7.0982 6.99529
1 1 0 0.134004 0
2 0 191.507 22.6549 22.6405
2 1 0 0.134004 0
3 0 64.0784 12.1981 12.1006
3 1 0 0.134004 0
4 0 202.235 77.7481 77.8549
4 1 0 0.134004 0
5 0 0 0.134004 0
5 1 6.53417 1.29451 1.16955
5 2 155.044 28.2178 28.2189
5 3 391.104 82.2987 82.4405
5 4 516.503 93.6119 93.7639
5 5 455.821 75.2387 75.3489
5 6 398.893 71.5494 71.6571
5 7 283.106 50.1342 50.1879
5 8 214.107 45.2277 45.2714
5 9 140.431 30.6941 30.6973
5 10 97.4962 17.7814 17.7133
5 11 69.0238 13.33 13.2771
5 12 50.6801 10.0698 9.97111
5 13 35.491 7.59553 7.49697
5 14 30.5064 6.83937 6.73236
5 15 55.8488 10.8755 10.8205
6 0 0.0379363 0.0464843 0.00143917
6 1 133.905 31.8626 31.8825
6 2 678.89 147.734 148.007
6 3 654.279 120.001 120.203
6 4 536.085 99.3005 99.4699
6 5 355.964 60.6988 60.782
6 6 243.044 41.4127 41.4477
6 7 159.675 35.1881 35.2116
6 8 96.0504 18.1232 18.0559
6 9 57.692 11.4451 11.3846
6 10 39.2518 7.64426 7.57371
6 11 22.525 4.23678 4.11788
6 12 18.617 4.27835 4.19664
6 13 10.6678 1.88114 1.75092
6 14 8.89327 1.91642 1.79236
6 15 22.5071 3.91481 3.80301
7 0 0 0.134004 0
7 1 2.45408 1.72065 1.55435
7 2 110.95 66.4694 66.5537
7 3 947.549 583.949 585.425
7 4 2050.65 1160.95 1163.32
7 5 2870.9 1494.66 1497.04
7 6 3291.53 1722.46 1724.9
7 7 3306.97 1808.08 1810.71
7 8 2948.23 1644.06 1646.79
7 9 2469.73 1376.76 1379.3
7 10 1954.47 1045.6 1047.74
7 11 1557.08 821.763 823.588
7 12 1100.7 564.59 565.929
7 13 771.853 356.228 357.085
7 14 557.727 276.052 276.709
7 15 1309.92 680.535 682.094
8 0 3.94937 1.53716 1.41516
8 1 15.8818 12.0754 12.0109
8 2 826.175 394.499 395.463
8 3 1702.68 774.136 775.717
8 4 1998.37 894.129 895.77
8 5 1965.52 858.176 859.762
8 6 1892 928.561 930.403
8 7 1658.16 798.299 799.961
8 8 1321.22 557.47 558.679
8 9 1094.51 528 529.248
8 10 851.433 427.045 428.095
8 11 644.168 344.317 345.19
8 12 477.61 244.614 245.199
8 13 331.265 151.337 151.664
8 14 222.939 93.5861 93.7491
8 15 500.721 220.825 221.364
