7.65 0
1 0 76.7017 7.1036 7.00076
1 1 0 0.134004 0
2 0 192.956 22.6671 22.6523
2 1 0 0.134004 0
3 0 64.8216 12.2402 12.1429
3 1 0 0.134004 0
4 0 203.223 77.8044 77.9112
4 1 0 0.134004 0
5 0 0 0.134004 0
5 1 6.53602 1.29453 1.16957
5 2 155.107 28.2187 28.2194
5 3 391.273 82.3014 82.4419
5 4 516.719 93.6125 93.7656
5 5 455.987 75.2411 75.3502
5 6 399.015 71.5512 71.6581
5 7 283.183 50.1343 50.1886
5 8 214.156 45.2277 45.2718
5 9 140.459 30.6942 30.6975
5 10 97.5155 17.7815 17.7134
5 11 69.0337 13.3301 13.2772
5 12 50.6877 10.0699 9.97117
5 13 35.4967 7.59557 7.49702
5 14 30.5082 6.8394 6.73237
5 15 55.8531 10.8756 10.8205
6 0 0.0379363 0.0464843 0.00143917
6 1 133.964 31.8632 31.883
6 2 679.21 147.74 148.01
6 3 654.581 120.002 120.206
6 4 536.302 99.301 99.4717
6 5 356.094 60.7007 60.7831
6 6 243.115 41.4129 41.4483
6 7 159.713 35.1888 35.2119
6 8 96.0689 18.1235 18.056
6 9 57.7005 11.4451 11.3847
6 10 39.2563 7.64426 7.57375
6 11 22.5285 4.23683 4.1179
6 12 18.6187 4.27835 4.19665
6 13 10.6686 1.88115 1.75093
6 14 8.89373 1.91642 1.79236
6 15 22.5074 3.91482 3.80301
7 0 0 0.134004 0
7 1 2.45408 1.72065 1.55435
7 2 110.95 66.4695 66.5537
7 3 947.553 583.949 585.425
7 4 2050.66 1160.95 1163.32
7 5 2870.92 1494.66 1497.04
7 6 3291.55 1722.46 1724.9
7 7 3306.99 1808.08 1810.71
7 8 2948.25 1644.06 1646.79
7 9 2469.75 1376.76 1379.3
7 10 1954.48 1045.6 1047.74
7 11 1557.08 821.763 823.588
7 12 1100.7 564.59 565.929
7 13 771.857 356.228 357.086
7 14 557.729 276.052 276.709
7 15 1309.92 680.535 682.094
8 0 3.94937 1.53716 1.41516
8 1 15.8819 12.0754 12.0109
8 2 826.179 394.499 395.463
8 3 1702.69 774.136 775.717
8 4 1998.39 894.129 895.77
8 5 1965.54 858.177 859.763
8 6 1892.02 928.561 930.403
8 7 1658.18 798.299 799.961
8 8 1321.23 557.47 558.679
8 9 1094.52 528 529.248
8 10 851.439 427.045 428.095
8 11 644.171 344.317 345.19
8 12 477.613 244.615 245.199
8 13 331.267 151.337 151.664
8 14 222.94 93.5861 93.7491
8 15 500.722 220.825 221.364
