7.8 0
1 0 77.3759 7.10919 7.00634
1 1 0 0.134004 0
2 0 194.404 22.6795 22.6643
2 1 0 0.134004 0
3 0 65.5647 12.2829 12.1859
3 1 0 0.134004 0
4 0 204.212 77.8617 77.9688
4 1 0 0.134004 0
5 0 0 0.134004 0
5 1 6.53786 1.29454 1.16958
5 2 155.171 28.2188 28.2199
5 3 391.442 82.3023 82.4433
5 4 516.934 93.6158 93.7674
5 5 456.154 75.2415 75.3516
5 6 399.137 71.5513 71.6591
5 7 283.261 50.1355 50.1892
5 8 214.205 45.2278 45.2722
5 9 140.487 30.6946 30.6977
5 10 97.5348 17.7818 17.7136
5 11 69.0436 13.3302 13.2773
5 12 50.6954 10.07 9.97124
5 13 35.5024 7.5956 7.49707
5 14 30.5101 6.83942 6.73239
5 15 55.8574 10.8756 10.8206
6 0 0.0379363 0.0464843 0.00143917
6 1 134.023 31.8634 31.8835
6 2 679.53 147.741 148.013
6 3 654.883 120.003 120.208
6 4 536.519 99.3043 99.4735
6 5 356.224 60.7026 60.7841
6 6 243.186 41.414 41.4489
6 7 159.751 35.1894 35.2122
6 8 96.0874 18.1238 18.0562
6 9 57.709 11.4451 11.3848
6 10 39.2608 7.64433 7.57379
6 11 22.5319 4.23685 4.11793
6 12 18.6204 4.27836 4.19666
6 13 10.6695 1.88116 1.75093
6 14 8.89418 1.91643 1.79237
6 15 22.5076 3.91482 3.80301
7 0 0 0.134004 0
7 1 2.45408 1.72065 1.55435
7 2 110.95 66.4695 66.5537
7 3 947.557 583.949 585.425
7 4 2050.67 1160.95 1163.32
7 5 2870.93 1494.66 1497.04
7 6 3291.57 1722.46 1724.9
7 7 3307.01 1808.08 1810.71
7 8 2948.26 1644.06 1646.79
7 9 2469.76 1376.76 1379.3
7 10 1954.48 1045.6 1047.74
7 11 1557.09 821.763 823.588
7 12 1100.71 564.591 565.93
7 13 771.861 356.228 357.086
7 14 557.731 276.052 276.709
7 15 1309.93 680.536 682.094
8 0 3.94937 1.53716 1.41516
8 1 15.882 12.0754 12.0109
8 2 826.183 394.499 395.463
8 3 1702.7 774.136 775.717
8 4 1998.41 894.13 895.771
8 5 1965.56 858.177 859.763
8 6 1892.04 928.562 930.403
8 7 1658.19 798.3 799.961
8 8 1321.24 557.47 558.679
8 9 1094.53 528 529.248
8 10 851.444 427.045 428.095
8 11 644.173 344.317 345.19
8 12 477.615 244.615 245.199
8 13 331.268 151.337 151.664
8 14 222.941 93.5862 93.7491
8 15 500.724 220.825 221.364
