5.3 0
1 0 67.6323 7.25638 7.1394
1 1 0.00290981 0.0143831 8.46697e-06
2 0 176.74 26.0632 26.0744
2 1 0 0.153088 0
3 0 0 0.153088 0
3 1 6.93868 1.31604 1.17297
3 2 160.738 29.1578 29.1636
3 3 398.229 84.2428 84.4165
3 4 519.066 100.459 100.659
3 5 456.577 82.58 82.735
3 6 389.44 77.2112 77.3632
3 7 273.338 54.7117 54.7995
3 8 197.017 46.8568 46.9165
3 9 133.591 31.8633 31.8413
3 10 93.2137 20.2916 20.2197
3 11 57.9024 12.6157 12.5517
3 12 45.6944 10.7883 10.6784
3 13 33.0244 7.93287 7.8225
3 14 21.5884 5.02443 4.88954
3 15 49.1166 12.2947 12.2464
4 0 0.118248 0.0689485 0.0041702
4 1 166.067 41.7729 41.829
4 2 729.537 161.247 161.573
4 3 681.682 132.527 132.775
4 4 545.821 109.123 109.337
4 5 356.226 68.9649 69.0979
4 6 240.4 48.5098 48.5854
4 7 158.902 42.1789 42.2371
4 8 88.8419 19.4743 19.3946
4 9 51.0852 11.8708 11.8133
4 10 35.0118 8.47342 8.40512
4 11 20.0746 4.66544 4.53859
4 12 17.2996 4.66883 4.57122
4 13 9.88493 2.39847 2.24864
4 14 8.56254 2.2489 2.11689
4 15 24.1161 9.75791 9.63832
5 0 0 0.153088 0
5 1 1.95968 1.51451 1.31071
5 2 105.851 64.2097 64.286
5 3 930.222 569.492 570.946
5 4 2052.82 1192.3 1194.7
5 5 2855.4 1495.13 1497.41
5 6 3253.38 1707.04 1709.19
5 7 3282.9 1805.72 1808.2
5 8 2962.82 1693.4 1696.09
5 9 2451.8 1405.33 1407.9
5 10 1939.43 1058.64 1060.78
5 11 1518.11 842.632 844.509
5 12 1117.3 618.738 620.232
5 13 759.281 373.55 374.486
5 14 558.376 300.408 301.17
5 15 1298.44 728.726 730.419
6 0 3.99577 1.5628 1.42251
6 1 15.5515 12.0886 12.0059
6 2 825.79 394.363 395.34
6 3 1706.93 789.733 791.286
6 4 1985.6 894.747 896.315
6 5 1946.09 860.346 861.9
6 6 1911.39 940.915 942.7
6 7 1650.81 826.688 828.421
6 8 1315.8 584.986 586.261
6 9 1088.9 549.875 551.192
6 10 850.466 443.613 444.732
6 11 648.974 367.108 368.069
6 12 455.504 250.709 251.342
6 13 327.219 162.098 162.476
6 14 229.362 108.189 108.407
6 15 491.705 227.693 228.282
