1.62 0
1 0 38.3461 6.13679 6.03542
1 1 0.000500222 0.00857878 2.50222e-07
2 0 130.195 25.7621 25.7791
2 1 0 0.135157 0
3 0 0 0.135157 0
3 1 6.11003 1.28704 1.16156
3 2 112.619 23.3035 23.3032
3 3 283.34 65.7222 65.8577
3 4 385.884 70.7713 70.912
3 5 348.714 56.9957 57.0955
3 6 314.418 56.4827 56.5881
3 7 236.758 44.5383 44.606
3 8 183.51 41.8461 41.9016
3 9 130.747 31.2866 31.2795
3 10 101.607 22.0687 22.0268
3 11 80.6262 21.0917 21.0708
3 12 62.8446 18.4514 18.3876
3 13 42.7658 11.9081 11.8315
3 14 37.5393 13.1303 13.0469
3 15 63.0254 17.2277 17.2073
4 0 0.0392854 0.0462667 0.00154334
4 1 136.104 34.5712 34.6146
4 2 658.72 154.035 154.359
4 3 638.34 129.023 129.284
4 4 451.343 86.3504 86.5253
4 5 282.89 49.3101 49.3973
4 6 216.421 39.6929 39.7522
4 7 158.906 40.758 40.8213
4 8 102.859 24.9316 24.8951
4 9 61.9402 14.6861 14.6503
4 10 43.4452 10.0761 10.0242
4 11 24.5568 5.78153 5.68018
4 12 19.5266 5.48353 5.40699
4 13 11.6768 2.64472 2.51467
4 14 10.0142 2.41921 2.30636
4 15 25.5888 10.4593 10.3646
5 0 0 0.135157 0
5 1 2.45408 1.7203 1.55435
5 2 110.587 66.3385 66.4379
5 3 945.326 583.588 585.074
5 4 2047.22 1160.96 1163.27
5 5 2865.9 1494.94 1497.15
5 6 3284.97 1722.87 1725.1
5 7 3296.01 1807.39 1809.82
5 8 2943.06 1644.49 1646.99
5 9 2465.99 1378.17 1380.62
5 10 1957.54 1049.02 1051.11
5 11 1558.71 824.31 826.1
5 12 1108.24 570.397 571.755
5 13 782.192 362.372 363.273
5 14 563.69 280.326 281.04
5 15 1312.34 686.512 688.086
6 0 3.9873 1.53882 1.4166
6 1 15.8925 12.0752 12.0128
6 2 828.131 395.693 396.676
6 3 1703.02 774.267 775.797
6 4 1994.46 895.405 896.979
6 5 1957.54 856.751 858.257
6 6 1891.09 931.374 933.171
6 7 1648.74 796.154 797.785
6 8 1317.77 557.781 558.972
6 9 1092.73 529.253 530.498
6 10 850.908 427.492 428.559
6 11 643.501 345.314 346.215
6 12 479.109 246.393 247.023
6 13 333.137 152.414 152.781
6 14 223.842 94.3486 94.5455
6 15 498.253 221.875 222.448
