5.5 0
1 0 68.534 7.26224 7.14551
1 1 0.00300218 0.0146007 9.01309e-06
2 0 178.678 26.0762 26.0876
2 1 0 0.153088 0
3 0 0 0.153088 0
3 1 6.94233 1.31607 1.17299
3 2 160.836 29.1586 29.1642
3 3 398.478 84.2445 84.4182
3 4 519.37 100.461 100.661
3 5 456.81 82.5832 82.7366
3 6 389.609 77.2136 77.3643
3 7 273.446 54.7122 54.8003
3 8 197.085 46.8571 46.9169
3 9 133.63 31.8635 31.8416
3 10 93.24 20.292 20.2198
3 11 57.9156 12.6158 12.5518
3 12 45.7048 10.7884 10.6785
3 13 33.0322 7.93288 7.82255
3 14 21.591 5.02446 4.88955
3 15 49.1225 12.2946 12.2464
4 0 0.11846 0.0689699 0.00417165
4 1 166.178 41.7741 41.8298
4 2 730.074 161.255 161.576
4 3 682.156 132.526 132.778
4 4 546.157 109.125 109.34
4 5 356.423 68.9676 69.0992
4 6 240.506 48.5095 48.5861
4 7 158.959 42.1793 42.2374
4 8 88.8695 19.4743 19.3948
4 9 51.098 11.8709 11.8134
4 10 35.0184 8.4734 8.40516
4 11 20.0793 4.66548 4.53862
4 12 17.3022 4.66884 4.57123
4 13 9.88611 2.39848 2.24865
4 14 8.56314 2.24891 2.11689
4 15 24.1165 9.75791 9.63832
5 0 0 0.153088 0
5 1 1.95968 1.51451 1.31071
5 2 105.851 64.2097 64.286
5 3 930.228 569.492 570.946
5 4 2052.83 1192.3 1194.7
5 5 2855.42 1495.13 1497.41
5 6 3253.41 1707.04 1709.19
5 7 3282.93 1805.72 1808.2
5 8 2962.84 1693.4 1696.09
5 9 2451.82 1405.33 1407.9
5 10 1939.44 1058.64 1060.78
5 11 1518.12 842.632 844.509
5 12 1117.31 618.739 620.232
5 13 759.286 373.55 374.486
5 14 558.379 300.408 301.17
5 15 1298.44 728.726 730.419
6 0 3.99577 1.5628 1.42251
6 1 15.5516 12.0886 12.0059
6 2 825.795 394.363 395.34
6 3 1706.95 789.734 791.287
6 4 1985.62 894.747 896.315
6 5 1946.11 860.347 861.901
6 6 1911.41 940.916 942.701
6 7 1650.83 826.688 828.421
6 8 1315.81 584.986 586.261
6 9 1088.91 549.875 551.192
6 10 850.473 443.613 444.732
6 11 648.978 367.108 368.069
6 12 455.508 250.709 251.342
6 13 327.221 162.098 162.476
6 14 229.363 108.189 108.407
6 15 491.707 227.693 228.282
