5.6 0
1 0 68.9848 7.26531 7.14863
1 1 0.00304837 0.0147088 9.29255e-06
2 0 179.646 26.0832 26.0943
2 1 0 0.153088 0
3 0 0 0.153088 0
3 1 6.94415 1.31608 1.17301
3 2 160.886 29.1588 29.1646
3 3 398.602 84.2445 84.419
3 4 519.523 100.463 100.662
3 5 456.927 82.5826 82.7374
3 6 389.694 77.2131 77.3649
3 7 273.5 54.7129 54.8007
3 8 197.119 46.8577 46.9172
3 9 133.649 31.8634 31.8417
3 10 93.2532 20.2922 20.2199
3 11 57.9222 12.6159 12.5518
3 12 45.7099 10.7885 10.6785
3 13 33.0362 7.93288 7.82258
3 14 21.5923 5.02448 4.88956
3 15 49.1255 12.2947 12.2464
4 0 0.118567 0.0689807 0.00417239
4 1 166.233 41.7744 41.8301
4 2 730.343 161.26 161.578
4 3 682.393 132.529 132.78
4 4 546.326 109.124 109.341
4 5 356.521 68.969 69.0999
4 6 240.559 48.5103 48.5865
4 7 158.987 42.1798 42.2376
4 8 88.8833 19.4745 19.3949
4 9 51.1043 11.8709 11.8134
4 10 35.0217 8.47345 8.40518
4 11 20.0817 4.66551 4.53863
4 12 17.3034 4.66886 4.57124
4 13 9.88669 2.39848 2.24865
4 14 8.56345 2.24891 2.1169
4 15 24.1167 9.75792 9.63832
5 0 0 0.153088 0
5 1 1.95968 1.51451 1.31071
5 2 105.851 64.2097 64.286
5 3 930.231 569.492 570.946
5 4 2052.84 1192.3 1194.7
5 5 2855.43 1495.13 1497.41
5 6 3253.42 1707.04 1709.19
5 7 3282.94 1805.73 1808.2
5 8 2962.85 1693.4 1696.09
5 9 2451.83 1405.33 1407.9
5 10 1939.45 1058.64 1060.78
5 11 1518.13 842.632 844.509
5 12 1117.32 618.739 620.232
5 13 759.288 373.55 374.486
5 14 558.38 300.408 301.17
5 15 1298.44 728.726 730.419
6 0 3.99577 1.5628 1.42251
6 1 15.5517 12.0886 12.0059
6 2 825.798 394.363 395.34
6 3 1706.96 789.734 791.287
6 4 1985.64 894.747 896.315
6 5 1946.13 860.347 861.901
6 6 1911.42 940.916 942.701
6 7 1650.84 826.689 828.421
6 8 1315.82 584.986 586.261
6 9 1088.92 549.875 551.192
6 10 850.477 443.613 444.732
6 11 648.98 367.108 368.069
6 12 455.509 250.709 251.342
6 13 327.222 162.098 162.476
6 14 229.363 108.189 108.407
6 15 491.708 227.693 228.282
