8.55 0
1 0 80.7469 7.13853 7.03588
1 1 0 0.134004 0
2 0 201.647 22.7426 22.728
2 1 0 0.134004 0
3 0 69.2805 12.5101 12.4138
3 1 0 0.134004 0
4 0 209.152 78.1655 78.273
4 1 0 0.134004 0
5 0 0 0.134004 0
5 1 6.5471 1.29462 1.16966
5 2 155.488 28.2215 28.2227
5 3 392.287 82.309 82.4507
5 4 518.01 93.6248 93.7768
5 5 456.986 75.2499 75.3589
5 6 399.748 71.5555 71.6644
5 7 283.648 50.1393 50.1926
5 8 214.449 45.2303 45.2743
5 9 140.626 30.6957 30.6989
5 10 97.6312 17.7823 17.7144
5 11 69.0931 13.3306 13.2777
5 12 50.7336 10.0704 9.97158
5 13 35.531 7.59583 7.49732
5 14 30.5193 6.83948 6.73247
5 15 55.879 10.8758 10.8208
6 0 0.0379363 0.0464843 0.00143917
6 1 134.319 31.8661 31.8861
6 2 681.129 147.755 148.027
6 3 656.391 120.02 120.222
6 4 537.603 99.3132 99.483
6 5 356.872 60.7067 60.7898
6 6 243.539 41.4169 41.452
6 7 159.943 35.1906 35.2139
6 8 96.1798 18.1246 18.057
6 9 57.7515 11.4455 11.3851
6 10 39.2833 7.64455 7.57399
6 11 22.5491 4.23698 4.11808
6 12 18.6291 4.27844 4.19673
6 13 10.674 1.88119 1.75097
6 14 8.89648 1.91645 1.79239
6 15 22.5088 3.91484 3.80302
7 0 0 0.134004 0
7 1 2.45408 1.72065 1.55435
7 2 110.951 66.4695 66.5538
7 3 947.579 583.95 585.425
7 4 2050.73 1160.95 1163.33
7 5 2871.01 1494.66 1497.04
7 6 3291.67 1722.46 1724.9
7 7 3307.09 1808.08 1810.71
7 8 2948.34 1644.06 1646.79
7 9 2469.83 1376.76 1379.3
7 10 1954.53 1045.6 1047.74
7 11 1557.13 821.764 823.588
7 12 1100.74 564.592 565.93
7 13 771.879 356.229 357.086
7 14 557.74 276.053 276.709
7 15 1309.95 680.536 682.094
8 0 3.94937 1.53716 1.41516
8 1 15.8823 12.0755 12.0109
8 2 826.203 394.499 395.463
8 3 1702.76 774.138 775.717
8 4 1998.5 894.132 895.771
8 5 1965.66 858.18 859.764
8 6 1892.13 928.564 930.404
8 7 1658.27 798.302 799.962
8 8 1321.29 557.472 558.679
8 9 1094.57 528.001 529.248
8 10 851.47 427.046 428.095
8 11 644.188 344.317 345.19
8 12 477.628 244.615 245.199
8 13 331.276 151.337 151.664
8 14 222.943 93.5862 93.7491
8 15 500.732 220.825 221.364
