8.7 0
1 0 81.4211 7.14478 7.04211
1 1 0 0.134004 0
2 0 203.096 22.7568 22.7414
2 1 0 0.134004 0
3 0 70.0237 12.5579 12.4618
3 1 0 0.134004 0
4 0 210.14 78.2295 78.3372
4 1 0 0.134004 0
5 0 0 0.134004 0
5 1 6.54895 1.29464 1.16968
5 2 155.552 28.2225 28.2233
5 3 392.456 82.3119 82.4523
5 4 518.225 93.6257 93.7788
5 5 457.153 75.2524 75.3605
5 6 399.87 71.5575 71.6655
5 7 283.726 50.1395 50.1933
5 8 214.498 45.2311 45.2748
5 9 140.654 30.6958 30.6992
5 10 97.6505 17.7826 17.7146
5 11 69.103 13.3308 13.2778
5 12 50.7412 10.0704 9.97165
5 13 35.5367 7.59593 7.49738
5 14 30.5211 6.83951 6.73248
5 15 55.8834 10.8758 10.8208
6 0 0.0379363 0.0464843 0.00143917
6 1 134.378 31.8668 31.8866
6 2 681.449 147.761 148.03
6 3 656.693 120.025 120.225
6 4 537.82 99.3167 99.485
6 5 357.002 60.7087 60.791
6 6 243.61 41.418 41.4526
6 7 159.981 35.1913 35.2143
6 8 96.1982 18.1247 18.0572
6 9 57.76 11.4456 11.3852
6 10 39.2878 7.64456 7.57403
6 11 22.5525 4.237 4.11811
6 12 18.6308 4.27844 4.19675
6 13 10.6749 1.8812 1.75098
6 14 8.89694 1.91646 1.79239
6 15 22.509 3.91484 3.80302
7 0 0 0.134004 0
7 1 2.45408 1.72065 1.55435
7 2 110.951 66.4695 66.5538
7 3 947.583 583.95 585.425
7 4 2050.74 1160.95 1163.33
7 5 2871.03 1494.66 1497.04
7 6 3291.69 1722.46 1724.9
7 7 3307.11 1808.08 1810.71
7 8 2948.36 1644.06 1646.79
7 9 2469.84 1376.76 1379.3
7 10 1954.54 1045.6 1047.74
7 11 1557.14 821.765 823.589
7 12 1100.75 564.592 565.93
7 13 771.882 356.229 357.086
7 14 557.742 276.053 276.709
7 15 1309.95 680.536 682.094
8 0 3.94937 1.53716 1.41516
8 1 15.8824 12.0755 12.0109
8 2 826.207 394.499 395.463
8 3 1702.77 774.138 775.717
8 4 1998.52 894.133 895.772
8 5 1965.68 858.181 859.764
8 6 1892.15 928.565 930.404
8 7 1658.28 798.302 799.962
8 8 1321.3 557.472 558.679
8 9 1094.58 528.001 529.248
8 10 851.475 427.046 428.095
8 11 644.191 344.317 345.19
8 12 477.63 244.615 245.199
8 13 331.278 151.337 151.664
8 14 222.944 93.5862 93.7491
8 15 500.733 220.825 221.364
