5.9 0
1 0 70.3373 7.27468 7.1583
1 1 0.00318693 0.0150299 1.01565e-05
2 0 182.553 26.1036 26.1152
2 1 0 0.153088 0
3 0 0 0.153088 0
3 1 6.94963 1.31611 1.17305
3 2 161.034 29.16 29.1656
3 3 398.974 84.2482 84.4217
3 4 519.98 100.464 100.665
3 5 457.277 82.5854 82.7399
3 6 389.949 77.215 77.3667
3 7 273.662 54.7132 54.8018
3 8 197.221 46.8579 46.9179
3 9 133.707 31.8639 31.8422
3 10 93.2926 20.2923 20.2202
3 11 57.9421 12.616 12.552
3 12 45.7255 10.7886 10.6786
3 13 33.0479 7.93295 7.82266
3 14 21.5962 5.02451 4.88959
3 15 49.1343 12.2948 12.2465
4 0 0.118886 0.0690132 0.00417468
4 1 166.399 41.7754 41.8313
4 2 731.149 161.263 161.584
4 3 683.104 132.531 132.785
4 4 546.83 109.129 109.344
4 5 356.816 68.9702 69.102
4 6 240.718 48.5109 48.5876
4 7 159.073 42.1801 42.2382
4 8 88.9246 19.4747 19.3952
4 9 51.1234 11.8711 11.8136
4 10 35.0316 8.47354 8.40525
4 11 20.0888 4.66556 4.53868
4 12 17.3073 4.66887 4.57127
4 13 9.88845 2.3985 2.24866
4 14 8.56435 2.24892 2.1169
4 15 24.1173 9.75788 9.63833
5 0 0 0.153088 0
5 1 1.95968 1.51451 1.31071
5 2 105.852 64.2097 64.286
5 3 930.239 569.493 570.946
5 4 2052.86 1192.3 1194.7
5 5 2855.47 1495.13 1497.41
5 6 3253.46 1707.04 1709.19
5 7 3282.97 1805.73 1808.2
5 8 2962.88 1693.4 1696.09
5 9 2451.86 1405.33 1407.9
5 10 1939.46 1058.64 1060.78
5 11 1518.14 842.633 844.51
5 12 1117.33 618.739 620.232
5 13 759.295 373.55 374.486
5 14 558.384 300.408 301.17
5 15 1298.45 728.726 730.419
6 0 3.99577 1.5628 1.42251
6 1 15.5518 12.0886 12.0059
6 2 825.806 394.364 395.34
6 3 1706.98 789.734 791.287
6 4 1985.67 894.748 896.315
6 5 1946.17 860.348 861.901
6 6 1911.46 940.917 942.701
6 7 1650.87 826.689 828.422
6 8 1315.84 584.987 586.261
6 9 1088.93 549.876 551.192
6 10 850.487 443.613 444.732
6 11 648.986 367.108 368.069
6 12 455.514 250.709 251.342
6 13 327.225 162.098 162.476
6 14 229.364 108.189 108.407
6 15 491.711 227.693 228.282
