0.9 0
1 0 46.363 6.96625 6.86175
1 1 0 0.134004 0
2 0 127.772 22.3667 22.3527
2 1 0 0.134004 0
3 0 31.3795 11.1737 11.0705
3 1 0 0.134004 0
4 0 158.756 76.3761 76.4792
4 1 0 0.134004 0
5 0 0 0.134004 0
5 1 6.45288 1.2942 1.16918
5 2 152.248 28.2052 28.2063
5 3 383.671 82.2652 82.407
5 4 507.036 93.5665 93.7211
5 5 448.496 75.2058 75.3159
5 6 393.516 71.5247 71.6329
5 7 279.694 50.1178 50.1726
5 8 211.956 45.2175 45.2617
5 9 139.206 30.6885 30.6918
5 10 96.6473 17.7775 17.7095
5 11 68.5878 13.3281 13.2752
5 12 50.3439 10.0683 9.96957
5 13 35.2393 7.5944 7.49582
5 14 30.4255 6.83902 6.73201
5 15 55.6584 10.8747 10.8197
6 0 0.0379363 0.0464843 0.00143917
6 1 131.304 31.8509 31.8709
6 2 664.812 147.664 147.944
6 3 641.003 119.937 120.143
6 4 526.542 99.2545 99.427
6 5 350.257 60.673 60.7563
6 6 239.934 41.3989 41.4336
6 7 157.99 35.1807 35.2041
6 8 95.2374 18.1196 18.0521
6 9 57.3176 11.4433 11.383
6 10 39.0534 7.6434 7.57282
6 11 22.3737 4.23615 4.11722
6 12 18.5408 4.27804 4.19631
6 13 10.6286 1.88099 1.75076
6 14 8.87308 1.91635 1.79227
6 15 22.497 3.91479 3.80296
7 0 0 0.134004 0
7 1 2.45408 1.72065 1.55435
7 2 110.944 66.4697 66.5537
7 3 947.36 583.944 585.424
7 4 2050.16 1160.93 1163.32
7 5 2870.17 1494.7 1497.04
7 6 3290.7 1722.44 1724.89
7 7 3306.23 1808.06 1810.71
7 8 2947.52 1644.1 1646.79
7 9 2469.15 1376.74 1379.3
7 10 1954.06 1045.62 1047.74
7 11 1556.74 821.754 823.586
7 12 1100.4 564.583 565.928
7 13 771.695 356.224 357.085
7 14 557.644 276.05 276.708
7 15 1309.73 680.531 682.093
8 0 3.94937 1.53716 1.41516
8 1 15.8788 12.0754 12.0109
8 2 826.002 394.503 395.462
8 3 1702.19 774.149 775.714
8 4 1997.55 894.111 895.767
8 5 1964.64 858.187 859.758
8 6 1891.18 928.541 930.399
8 7 1657.5 798.283 799.958
8 8 1320.79 557.477 558.677
8 9 1094.16 527.991 529.246
8 10 851.203 427.039 428.094
8 11 644.041 344.313 345.189
8 12 477.5 244.616 245.198
8 13 331.197 151.335 151.664
8 14 222.917 93.5857 93.749
8 15 500.654 220.823 221.364
