6 0
1 0 70.7882 7.27796 7.16161
1 1 0.00323312 0.0151358 1.04531e-05
2 0 183.521 26.1108 26.1223
2 1 0 0.153088 0
3 0 0 0.153088 0
3 1 6.95146 1.31613 1.17306
3 2 161.083 29.1602 29.166
3 3 399.098 84.2483 84.4226
3 4 520.133 100.466 100.666
3 5 457.393 82.5871 82.7407
3 6 390.034 77.2163 77.3673
3 7 273.716 54.714 54.8022
3 8 197.255 46.8584 46.9182
3 9 133.726 31.8642 31.8423
3 10 93.3058 20.2923 20.2203
3 11 57.9488 12.6161 12.552
3 12 45.7307 10.7886 10.6786
3 13 33.0518 7.93301 7.82269
3 14 21.5975 5.0245 4.8896
3 15 49.1372 12.2949 12.2465
4 0 0.118992 0.0690241 0.00417546
4 1 166.454 41.7758 41.8317
4 2 731.417 161.267 161.586
4 3 683.341 132.535 132.787
4 4 546.999 109.131 109.346
4 5 356.914 68.9716 69.1027
4 6 240.771 48.5116 48.588
4 7 159.102 42.1806 42.2385
4 8 88.9384 19.4749 19.3953
4 9 51.1298 11.8712 11.8136
4 10 35.0349 8.47354 8.40528
4 11 20.0912 4.66554 4.5387
4 12 17.3086 4.66889 4.57128
4 13 9.88904 2.3985 2.24867
4 14 8.56465 2.24891 2.1169
4 15 24.1175 9.75788 9.63833
5 0 0 0.153088 0
5 1 1.95968 1.51451 1.31071
5 2 105.852 64.2097 64.286
5 3 930.242 569.493 570.946
5 4 2052.87 1192.3 1194.7
5 5 2855.48 1495.13 1497.41
5 6 3253.47 1707.04 1709.19
5 7 3282.98 1805.73 1808.2
5 8 2962.89 1693.4 1696.09
5 9 2451.87 1405.33 1407.9
5 10 1939.47 1058.64 1060.78
5 11 1518.15 842.633 844.51
5 12 1117.33 618.739 620.232
5 13 759.298 373.55 374.486
5 14 558.385 300.408 301.17
5 15 1298.46 728.726 730.419
6 0 3.99577 1.5628 1.42251
6 1 15.5519 12.0886 12.0059
6 2 825.809 394.364 395.34
6 3 1706.99 789.735 791.287
6 4 1985.69 894.749 896.316
6 5 1946.18 860.349 861.901
6 6 1911.47 940.918 942.701
6 7 1650.88 826.69 828.422
6 8 1315.85 584.987 586.261
6 9 1088.94 549.876 551.192
6 10 850.491 443.613 444.732
6 11 648.988 367.108 368.069
6 12 455.516 250.709 251.342
6 13 327.226 162.098 162.476
6 14 229.364 108.189 108.407
6 15 491.712 227.693 228.282
