1.83 0
1 0 38.9989 6.13766 6.03639
1 1 0.000565065 0.0085857 3.19299e-07
2 0 132.295 25.7667 25.7838
2 1 0 0.135157 0
3 0 0 0.135157 0
3 1 6.11219 1.28704 1.16156
3 2 112.686 23.3035 23.3034
3 3 283.498 65.7226 65.858
3 4 386.088 70.7713 70.9122
3 5 348.869 56.9955 57.0957
3 6 314.533 56.4824 56.5883
3 7 236.834 44.539 44.6061
3 8 183.561 41.8466 41.9017
3 9 130.781 31.2866 31.2796
3 10 101.637 22.0685 22.0269
3 11 80.6438 21.0919 21.0709
3 12 62.8621 18.4514 18.3876
3 13 42.778 11.9082 11.8315
3 14 37.5436 13.1303 13.0469
3 15 63.0336 17.2278 17.2074
4 0 0.0392854 0.0462667 0.00154334
4 1 136.191 34.5714 34.6147
4 2 659.17 154.031 154.36
4 3 638.764 129.027 129.285
4 4 451.606 86.3528 86.5258
4 5 283.026 49.3101 49.3976
4 6 216.499 39.6935 39.7523
4 7 158.954 40.758 40.8214
4 8 102.885 24.9316 24.8952
4 9 61.9531 14.6862 14.6503
4 10 43.4537 10.0761 10.0242
4 11 24.5628 5.78159 5.6802
4 12 19.53 5.48357 5.407
4 13 11.6784 2.64472 2.51467
4 14 10.0151 2.4192 2.30636
4 15 25.5891 10.4593 10.3646
5 0 0 0.135157 0
5 1 2.45408 1.7203 1.55435
5 2 110.588 66.3385 66.4379
5 3 945.331 583.588 585.074
5 4 2047.23 1160.97 1163.27
5 5 2865.91 1494.94 1497.15
5 6 3284.99 1722.87 1725.1
5 7 3296.03 1807.39 1809.82
5 8 2943.08 1644.49 1647
5 9 2466 1378.17 1380.62
5 10 1957.55 1049.02 1051.11
5 11 1558.72 824.311 826.1
5 12 1108.25 570.397 571.755
5 13 782.201 362.372 363.273
5 14 563.695 280.326 281.04
5 15 1312.35 686.512 688.086
6 0 3.9873 1.53882 1.4166
6 1 15.8926 12.0752 12.0128
6 2 828.137 395.693 396.676
6 3 1703.04 774.268 775.797
6 4 1994.48 895.406 896.979
6 5 1957.56 856.752 858.257
6 6 1891.11 931.374 933.171
6 7 1648.76 796.155 797.785
6 8 1317.78 557.781 558.972
6 9 1092.74 529.253 530.498
6 10 850.916 427.492 428.559
6 11 643.506 345.314 346.215
6 12 479.113 246.393 247.023
6 13 333.139 152.414 152.781
6 14 223.843 94.3486 94.5455
6 15 498.255 221.875 222.448
