9.3 0
1 0 84.1179 7.17053 7.06813
1 1 0 0.134004 0
2 0 208.89 22.8129 22.7975
2 1 0 0.134004 0
3 0 72.9963 12.7579 12.6625
3 1 0 0.134004 0
4 0 214.093 78.4965 78.6052
4 1 0 0.134004 0
5 0 0 0.134004 0
5 1 6.55634 1.2947 1.16975
5 2 155.806 28.2249 28.2257
5 3 393.132 82.3182 82.4588
5 4 519.085 93.6348 93.7872
5 5 457.819 75.2589 75.3669
5 6 400.359 71.562 71.6702
5 7 284.036 50.1424 50.1963
5 8 214.694 45.233 45.2767
5 9 140.765 30.6969 30.7003
5 10 97.7277 17.7834 17.7154
5 11 69.1427 13.3311 13.2782
5 12 50.7718 10.0706 9.97195
5 13 35.5596 7.59615 7.4976
5 14 30.5285 6.83954 6.73255
5 15 55.9007 10.876 10.821
6 0 0.0379363 0.0464843 0.00143917
6 1 134.614 31.8687 31.8889
6 2 682.729 147.771 148.042
6 3 657.9 120.034 120.236
6 4 538.688 99.3256 99.4934
6 5 357.521 60.7141 60.796
6 6 243.893 41.4208 41.4554
6 7 160.134 35.1925 35.2157
6 8 96.2721 18.1252 18.0579
6 9 57.7941 11.4459 11.3855
6 10 39.3059 7.64473 7.5742
6 11 22.5663 4.23713 4.11824
6 12 18.6378 4.27851 4.19681
6 13 10.6784 1.88124 1.75101
6 14 8.89877 1.91646 1.79241
6 15 22.5099 3.91485 3.80303
7 0 0 0.134004 0
7 1 2.45408 1.72065 1.55435
7 2 110.952 66.4695 66.5538
7 3 947.6 583.951 585.426
7 4 2050.78 1160.95 1163.33
7 5 2871.1 1494.61 1497.04
7 6 3291.76 1722.46 1724.9
7 7 3307.18 1808.08 1810.72
7 8 2948.42 1644.06 1646.79
7 9 2469.89 1376.76 1379.3
7 10 1954.58 1045.6 1047.75
7 11 1557.17 821.765 823.589
7 12 1100.78 564.593 565.93
7 13 771.896 356.229 357.086
7 14 557.749 276.053 276.709
7 15 1309.97 680.537 682.094
8 0 3.94937 1.53716 1.41516
8 1 15.8827 12.0755 12.0109
8 2 826.223 394.5 395.464
8 3 1702.81 774.139 775.718
8 4 1998.59 894.135 895.772
8 5 1965.76 858.183 859.765
8 6 1892.22 928.567 930.405
8 7 1658.34 798.304 799.963
8 8 1321.34 557.473 558.68
8 9 1094.61 528.002 529.249
8 10 851.496 427.046 428.095
8 11 644.202 344.318 345.19
8 12 477.64 244.615 245.199
8 13 331.284 151.337 151.664
8 14 222.946 93.5863 93.7491
8 15 500.739 220.825 221.364
