9.45 0
1 0 84.7921 7.1774 7.0749
1 1 0 0.134004 0
2 0 210.338 22.8268 22.8121
2 1 0 0.134004 0
3 0 73.7395 12.81 12.7148
3 1 0 0.134004 0
4 0 215.081 78.5665 78.675
4 1 0 0.134004 0
5 0 0 0.134004 0
5 1 6.55819 1.29472 1.16977
5 2 155.87 28.2255 28.2264
5 3 393.3 82.3194 82.4605
5 4 519.301 93.6384 93.7893
5 5 457.985 75.2575 75.3686
5 6 400.482 71.564 71.6715
5 7 284.114 50.1437 50.1971
5 8 214.742 45.2331 45.2772
5 9 140.793 30.6974 30.7006
5 10 97.747 17.7835 17.7155
5 11 69.1526 13.3312 13.2783
5 12 50.7794 10.0708 9.97203
5 13 35.5653 7.59624 7.49766
5 14 30.5303 6.83957 6.73257
5 15 55.905 10.876 10.821
6 0 0.0379363 0.0464843 0.00143917
6 1 134.674 31.8698 31.8895
6 2 683.049 147.773 148.046
6 3 658.202 120.039 120.239
6 4 538.904 99.3237 99.4955
6 5 357.65 60.7148 60.7973
6 6 243.964 41.422 41.4561
6 7 160.173 35.1927 35.2161
6 8 96.2906 18.1255 18.0581
6 9 57.8026 11.4461 11.3856
6 10 39.3104 7.6448 7.57424
6 11 22.5697 4.23718 4.11827
6 12 18.6395 4.27853 4.19683
6 13 10.6793 1.88124 1.75102
6 14 8.89923 1.91647 1.79241
6 15 22.5101 3.91486 3.80303
7 0 0 0.134004 0
7 1 2.45408 1.72065 1.55435
7 2 110.952 66.4695 66.5538
7 3 947.604 583.951 585.426
7 4 2050.8 1160.95 1163.33
7 5 2871.11 1494.61 1497.04
7 6 3291.78 1722.47 1724.9
7 7 3307.19 1808.08 1810.72
7 8 2948.44 1644.06 1646.79
7 9 2469.9 1376.76 1379.31
7 10 1954.59 1045.6 1047.75
7 11 1557.18 821.766 823.589
7 12 1100.78 564.593 565.93
7 13 771.9 356.229 357.086
7 14 557.751 276.053 276.709
7 15 1309.97 680.537 682.094
8 0 3.94937 1.53716 1.41516
8 1 15.8828 12.0755 12.0109
8 2 826.227 394.5 395.464
8 3 1702.82 774.14 775.718
8 4 1998.61 894.135 895.772
8 5 1965.78 858.183 859.765
8 6 1892.24 928.567 930.405
8 7 1658.36 798.28 799.963
8 8 1321.35 557.473 558.68
8 9 1094.62 528.002 529.249
8 10 851.501 427.047 428.095
8 11 644.205 344.318 345.19
8 12 477.643 244.615 245.199
8 13 331.285 151.337 151.664
8 14 222.946 93.5863 93.7491
8 15 500.741 220.825 221.364
