9.6 0
1 0 85.4663 7.18422 7.08179
1 1 0 0.134004 0
2 0 211.787 22.842 22.8269
2 1 0 0.134004 0
3 0 74.4826 12.8628 12.7679
3 1 0 0.134004 0
4 0 216.07 78.6374 78.7459
4 1 0 0.134004 0
5 0 0 0.134004 0
5 1 6.56003 1.29473 1.16979
5 2 155.933 28.2262 28.227
5 3 393.469 82.3225 82.4622
5 4 519.516 93.6394 93.7915
5 5 458.152 75.2602 75.3703
5 6 400.604 71.5661 71.6727
5 7 284.191 50.144 50.1979
5 8 214.791 45.2333 45.2777
5 9 140.821 30.6979 30.7008
5 10 97.7663 17.7839 17.7157
5 11 69.1625 13.3313 13.2784
5 12 50.7871 10.0709 9.97211
5 13 35.571 7.59623 7.49772
5 14 30.5321 6.8396 6.73259
5 15 55.9093 10.8761 10.821
6 0 0.0379363 0.0464843 0.00143917
6 1 134.733 31.8701 31.8901
6 2 683.369 147.779 148.049
6 3 658.504 120.04 120.242
6 4 539.121 99.3275 99.4978
6 5 357.78 60.7169 60.7987
6 6 244.034 41.4215 41.4568
6 7 160.211 35.1934 35.2165
6 8 96.3091 18.1258 18.0583
6 9 57.8111 11.4461 11.3857
6 10 39.3149 7.64488 7.57429
6 11 22.5732 4.23723 4.1183
6 12 18.6412 4.27854 4.19685
6 13 10.6802 1.88125 1.75103
6 14 8.89969 1.91648 1.79242
6 15 22.5104 3.91486 3.80304
7 0 0 0.134004 0
7 1 2.45408 1.72065 1.55435
7 2 110.952 66.4695 66.5538
7 3 947.609 583.951 585.426
7 4 2050.81 1160.95 1163.33
7 5 2871.13 1494.61 1497.04
7 6 3291.8 1722.47 1724.9
7 7 3307.21 1808.08 1810.72
7 8 2948.45 1644.06 1646.8
7 9 2469.92 1376.76 1379.31
7 10 1954.59 1045.6 1047.75
7 11 1557.18 821.766 823.589
7 12 1100.79 564.593 565.93
7 13 771.904 356.229 357.086
7 14 557.753 276.053 276.709
7 15 1309.98 680.537 682.094
8 0 3.94937 1.53716 1.41516
8 1 15.8828 12.0755 12.0109
8 2 826.231 394.5 395.464
8 3 1702.83 774.14 775.718
8 4 1998.63 894.136 895.773
8 5 1965.8 858.184 859.765
8 6 1892.26 928.568 930.405
8 7 1658.37 798.281 799.963
8 8 1321.36 557.473 558.68
8 9 1094.63 528.003 529.249
8 10 851.507 427.047 428.095
8 11 644.208 344.318 345.19
8 12 477.645 244.615 245.199
8 13 331.287 151.337 151.664
8 14 222.947 93.5863 93.7491
8 15 500.742 220.825 221.364
