6.5 0
1 0 73.0424 7.29468 7.17892
1 1 0.00346405 0.0156571 1.19997e-05
2 0 188.365 26.1476 26.1596
2 1 0 0.153088 0
3 0 0 0.153088 0
3 1 6.96058 1.31619 1.17313
3 2 161.33 29.1618 29.1679
3 3 399.718 84.2542 84.4274
3 4 520.895 100.472 100.672
3 5 457.976 82.5912 82.7452
3 6 390.458 77.2191 77.3706
3 7 273.987 54.716 54.8043
3 8 197.425 46.8598 46.9195
3 9 133.823 31.865 31.843
3 10 93.3716 20.2928 20.2208
3 11 57.9819 12.6163 12.5523
3 12 45.7566 10.7888 10.6789
3 13 33.0714 7.93315 7.82285
3 14 21.6041 5.02456 4.88965
3 15 49.1519 12.2949 12.2466
4 0 0.119524 0.0690797 0.00417956
4 1 166.731 41.7781 41.8339
4 2 732.76 161.279 161.596
4 3 684.526 132.545 132.796
4 4 547.84 109.138 109.352
4 5 357.406 68.9743 69.1065
4 6 241.035 48.5139 48.5901
4 7 159.244 42.182 42.2395
4 8 89.0074 19.4753 19.3959
4 9 51.1616 11.8714 11.8138
4 10 35.0514 8.47368 8.4054
4 11 20.103 4.66565 4.53879
4 12 17.3151 4.66894 4.57132
4 13 9.89197 2.39851 2.24869
4 14 8.56616 2.24893 2.11692
4 15 24.1185 9.7579 9.63834
5 0 0 0.153088 0
5 1 1.95968 1.51451 1.31071
5 2 105.852 64.2097 64.286
5 3 930.257 569.493 570.946
5 4 2052.9 1192.3 1194.7
5 5 2855.53 1495.14 1497.41
5 6 3253.53 1707.04 1709.19
5 7 3283.04 1805.73 1808.2
5 8 2962.94 1693.4 1696.09
5 9 2451.91 1405.34 1407.9
5 10 1939.5 1058.64 1060.78
5 11 1518.17 842.634 844.51
5 12 1117.36 618.74 620.232
5 13 759.31 373.551 374.486
5 14 558.391 300.408 301.17
5 15 1298.47 728.727 730.419
6 0 3.99577 1.5628 1.42251
6 1 15.5521 12.0886 12.0059
6 2 825.822 394.364 395.34
6 3 1707.03 789.736 791.287
6 4 1985.75 894.721 896.316
6 5 1946.25 860.35 861.901
6 6 1911.53 940.89 942.701
6 7 1650.93 826.691 828.422
6 8 1315.88 584.988 586.261
6 9 1088.97 549.876 551.192
6 10 850.508 443.614 444.732
6 11 648.997 367.109 368.069
6 12 455.524 250.709 251.342
6 13 327.231 162.098 162.476
6 14 229.366 108.189 108.407
6 15 491.717 227.693 228.282
