1.98 0
1 0 39.4653 6.13831 6.03716
1 1 0.000611382 0.00859567 3.73788e-07
2 0 133.796 25.77 25.7876
2 1 0 0.135157 0
3 0 0 0.135157 0
3 1 6.11373 1.28704 1.16157
3 2 112.734 23.3037 23.3035
3 3 283.61 65.7226 65.8582
3 4 386.233 70.7709 70.9125
3 5 348.98 56.9964 57.0959
3 6 314.616 56.4818 56.5884
3 7 236.888 44.5386 44.6062
3 8 183.598 41.8458 41.9018
3 9 130.805 31.2865 31.2796
3 10 101.659 22.0687 22.0269
3 11 80.6564 21.0919 21.0709
3 12 62.8746 18.4514 18.3877
3 13 42.7867 11.9082 11.8316
3 14 37.5467 13.1303 13.0469
3 15 63.0394 17.2279 17.2074
4 0 0.0392854 0.0462667 0.00154334
4 1 136.253 34.5716 34.6149
4 2 659.491 154.035 154.361
4 3 639.067 129.03 129.286
4 4 451.795 86.3524 86.5262
4 5 283.123 49.3109 49.3977
4 6 216.555 39.6933 39.7524
4 7 158.989 40.7579 40.8215
4 8 102.904 24.9318 24.8952
4 9 61.9622 14.6863 14.6503
4 10 43.4598 10.0761 10.0242
4 11 24.567 5.78159 5.68021
4 12 19.5325 5.48354 5.40701
4 13 11.6795 2.64473 2.51468
4 14 10.0158 2.41921 2.30636
4 15 25.5894 10.4593 10.3646
5 0 0 0.135157 0
5 1 2.45408 1.7203 1.55435
5 2 110.588 66.3385 66.4379
5 3 945.335 583.588 585.074
5 4 2047.24 1160.97 1163.27
5 5 2865.92 1494.94 1497.15
5 6 3285.01 1722.87 1725.1
5 7 3296.04 1807.39 1809.82
5 8 2943.09 1644.49 1647
5 9 2466.02 1378.17 1380.62
5 10 1957.56 1049.02 1051.11
5 11 1558.73 824.311 826.1
5 12 1108.26 570.397 571.755
5 13 782.208 362.372 363.273
5 14 563.699 280.326 281.04
5 15 1312.36 686.512 688.086
6 0 3.9873 1.53882 1.4166
6 1 15.8927 12.0752 12.0128
6 2 828.141 395.693 396.676
6 3 1703.05 774.268 775.797
6 4 1994.5 895.406 896.979
6 5 1957.58 856.752 858.257
6 6 1891.13 931.375 933.171
6 7 1648.78 796.155 797.785
6 8 1317.79 557.782 558.972
6 9 1092.75 529.254 530.498
6 10 850.921 427.492 428.559
6 11 643.51 345.314 346.215
6 12 479.116 246.393 247.023
6 13 333.141 152.414 152.781
6 14 223.844 94.3486 94.5455
6 15 498.258 221.875 222.448
