6.7 0
1 0 73.944 7.30172 7.18617
1 1 0.00355643 0.0158617 1.26482e-05
2 0 190.303 26.1632 26.1753
2 1 0 0.153088 0
3 0 0 0.153088 0
3 1 6.96423 1.31621 1.17316
3 2 161.429 29.1633 29.1687
3 3 399.967 84.2562 84.4294
3 4 521.2 100.474 100.675
3 5 458.209 82.5925 82.7471
3 6 390.628 77.2199 77.372
3 7 274.095 54.7176 54.8052
3 8 197.493 46.8602 46.92
3 9 133.861 31.8648 31.8433
3 10 93.3979 20.2932 20.221
3 11 57.9952 12.6164 12.5524
3 12 45.767 10.7889 10.6789
3 13 33.0793 7.93323 7.82291
3 14 21.6067 5.02457 4.88967
3 15 49.1578 12.295 12.2466
4 0 0.119736 0.069102 0.00418128
4 1 166.842 41.7789 41.8347
4 2 733.297 161.279 161.601
4 3 685 132.548 132.799
4 4 548.177 109.14 109.355
4 5 357.602 68.9758 69.1081
4 6 241.141 48.5147 48.5909
4 7 159.302 42.1819 42.24
4 8 89.035 19.4755 19.3961
4 9 51.1744 11.8715 11.814
4 10 35.058 8.47372 8.40545
4 11 20.1077 4.6657 4.53882
4 12 17.3177 4.66894 4.57134
4 13 9.89314 2.39852 2.2487
4 14 8.56677 2.24892 2.11692
4 15 24.1189 9.75791 9.63834
5 0 0 0.153088 0
5 1 1.95968 1.51451 1.31071
5 2 105.853 64.2097 64.286
5 3 930.262 569.493 570.946
5 4 2052.92 1192.3 1194.7
5 5 2855.56 1495.14 1497.41
5 6 3253.56 1707.05 1709.19
5 7 3283.06 1805.73 1808.2
5 8 2962.96 1693.4 1696.09
5 9 2451.93 1405.34 1407.9
5 10 1939.51 1058.64 1060.78
5 11 1518.18 842.634 844.51
5 12 1117.37 618.74 620.232
5 13 759.314 373.551 374.486
5 14 558.394 300.408 301.17
5 15 1298.48 728.727 730.419
6 0 3.99577 1.5628 1.42251
6 1 15.5522 12.0886 12.0059
6 2 825.827 394.364 395.34
6 3 1707.04 789.736 791.287
6 4 1985.77 894.721 896.316
6 5 1946.28 860.351 861.902
6 6 1911.56 940.891 942.702
6 7 1650.95 826.692 828.422
6 8 1315.89 584.988 586.261
6 9 1088.98 549.877 551.193
6 10 850.515 443.614 444.732
6 11 649.001 367.109 368.069
6 12 455.527 250.709 251.342
6 13 327.233 162.098 162.476
6 14 229.367 108.189 108.407
6 15 491.719 227.693 228.282
