2.04 0
1 0 39.6518 6.1386 6.03748
1 1 0.000629909 0.00860101 3.96785e-07
2 0 134.396 25.7718 25.7891
2 1 0 0.135157 0
3 0 0 0.135157 0
3 1 6.11435 1.28704 1.16157
3 2 112.753 23.3036 23.3035
3 3 283.655 65.723 65.8582
3 4 386.291 70.7714 70.9126
3 5 349.024 56.9954 57.0959
3 6 314.649 56.4821 56.5885
3 7 236.91 44.538 44.6063
3 8 183.613 41.8459 41.9018
3 9 130.815 31.2866 31.2797
3 10 101.668 22.0688 22.027
3 11 80.6614 21.0917 21.071
3 12 62.8797 18.4515 18.3877
3 13 42.7902 11.9082 11.8316
3 14 37.5479 13.1303 13.0469
3 15 63.0417 17.2279 17.2074
4 0 0.0392854 0.0462667 0.00154334
4 1 136.277 34.5715 34.6149
4 2 659.619 154.036 154.361
4 3 639.189 129.027 129.286
4 4 451.87 86.3531 86.5264
4 5 283.162 49.3103 49.3978
4 6 216.577 39.6935 39.7525
4 7 159.003 40.7581 40.8216
4 8 102.911 24.9319 24.8953
4 9 61.9659 14.6862 14.6503
4 10 43.4623 10.0761 10.0242
4 11 24.5687 5.78158 5.68022
4 12 19.5335 5.48355 5.40701
4 13 11.6799 2.64474 2.51468
4 14 10.0161 2.41921 2.30637
4 15 25.5895 10.4593 10.3646
5 0 0 0.135157 0
5 1 2.45408 1.7203 1.55435
5 2 110.588 66.3385 66.4379
5 3 945.336 583.588 585.074
5 4 2047.24 1160.97 1163.27
5 5 2865.93 1494.94 1497.15
5 6 3285.01 1722.87 1725.1
5 7 3296.05 1807.39 1809.82
5 8 2943.09 1644.49 1647
5 9 2466.02 1378.17 1380.62
5 10 1957.57 1049.02 1051.11
5 11 1558.74 824.311 826.1
5 12 1108.26 570.398 571.755
5 13 782.211 362.372 363.273
5 14 563.7 280.326 281.04
5 15 1312.36 686.512 688.086
6 0 3.9873 1.53882 1.4166
6 1 15.8927 12.0752 12.0128
6 2 828.143 395.693 396.676
6 3 1703.05 774.268 775.797
6 4 1994.51 895.406 896.979
6 5 1957.59 856.752 858.257
6 6 1891.14 931.375 933.171
6 7 1648.78 796.155 797.785
6 8 1317.8 557.782 558.972
6 9 1092.76 529.254 530.498
6 10 850.924 427.492 428.559
6 11 643.512 345.314 346.215
6 12 479.118 246.393 247.023
6 13 333.142 152.414 152.781
6 14 223.844 94.3486 94.5455
6 15 498.258 221.876 222.448
