6.9 0
1 0 74.8457 7.30898 7.19362
1 1 0.0036488 0.0160641 1.33138e-05
2 0 192.24 26.179 26.1913
2 1 0 0.153088 0
3 0 0 0.153088 0
3 1 6.96789 1.31625 1.17319
3 2 161.528 29.1638 29.1695
3 3 400.215 84.2583 84.4314
3 4 521.504 100.479 100.677
3 5 458.442 82.5939 82.749
3 6 390.798 77.2209 77.3734
3 7 274.203 54.7183 54.8061
3 8 197.561 46.8607 46.9206
3 9 133.9 31.8655 31.8437
3 10 93.4243 20.2932 20.2212
3 11 58.0084 12.6165 12.5525
3 12 45.7774 10.789 10.679
3 13 33.0871 7.9333 7.82298
3 14 21.6093 5.02458 4.88969
3 15 49.1637 12.295 12.2467
4 0 0.119949 0.0691245 0.00418304
4 1 166.952 41.7797 41.8357
4 2 733.835 161.288 161.605
4 3 685.474 132.552 132.803
4 4 548.513 109.143 109.358
4 5 357.799 68.9773 69.1097
4 6 241.247 48.5155 48.5918
4 7 159.359 42.1829 42.2405
4 8 89.0626 19.4758 19.3963
4 9 51.1871 11.8715 11.8141
4 10 35.0646 8.47383 8.40551
4 11 20.1125 4.66571 4.53886
4 12 17.3203 4.66898 4.57136
4 13 9.89431 2.39854 2.2487
4 14 8.56737 2.24893 2.11692
4 15 24.1193 9.75792 9.63834
5 0 0 0.153088 0
5 1 1.95968 1.51451 1.31071
5 2 105.853 64.2097 64.286
5 3 930.268 569.494 570.946
5 4 2052.93 1192.3 1194.7
5 5 2855.58 1495.14 1497.41
5 6 3253.58 1707.05 1709.19
5 7 3283.08 1805.73 1808.2
5 8 2962.99 1693.4 1696.09
5 9 2451.94 1405.34 1407.91
5 10 1939.53 1058.64 1060.78
5 11 1518.19 842.634 844.51
5 12 1117.38 618.74 620.233
5 13 759.319 373.551 374.486
5 14 558.396 300.408 301.17
5 15 1298.48 728.727 730.42
6 0 3.99577 1.5628 1.42251
6 1 15.5523 12.0886 12.0059
6 2 825.832 394.364 395.34
6 3 1707.06 789.736 791.287
6 4 1985.8 894.722 896.316
6 5 1946.3 860.352 861.902
6 6 1911.58 940.892 942.702
6 7 1650.97 826.692 828.422
6 8 1315.91 584.988 586.261
6 9 1088.99 549.877 551.193
6 10 850.522 443.614 444.732
6 11 649.005 367.109 368.069
6 12 455.531 250.71 251.342
6 13 327.235 162.099 162.476
6 14 229.367 108.189 108.407
6 15 491.721 227.693 228.282
