1.05 0
1 0 47.0372 6.96694 6.86245
1 1 0 0.134004 0
2 0 129.221 22.3682 22.3542
2 1 0 0.134004 0
3 0 32.1227 11.179 11.076
3 1 0 0.134004 0
4 0 159.744 76.3833 76.4865
4 1 0 0.134004 0
5 0 0 0.134004 0
5 1 6.45473 1.29419 1.16918
5 2 152.311 28.2053 28.2063
5 3 383.84 82.265 82.4072
5 4 507.251 93.5683 93.7214
5 5 448.663 75.205 75.3161
5 6 393.638 71.524 71.633
5 7 279.772 50.1184 50.1726
5 8 212.005 45.2179 45.2618
5 9 139.233 30.6884 30.6918
5 10 96.6666 17.7776 17.7095
5 11 68.5977 13.3282 13.2752
5 12 50.3516 10.0683 9.96958
5 13 35.245 7.59439 7.49582
5 14 30.4273 6.83903 6.73201
5 15 55.6628 10.8748 10.8197
6 0 0.0379363 0.0464843 0.00143917
6 1 131.363 31.8511 31.8709
6 2 665.132 147.667 147.944
6 3 641.305 119.94 120.144
6 4 526.759 99.2563 99.4272
6 5 350.387 60.674 60.7564
6 6 240.004 41.3987 41.4337
6 7 158.028 35.181 35.2041
6 8 95.2559 18.1196 18.0522
6 9 57.3261 11.4434 11.383
6 10 39.0579 7.64337 7.57283
6 11 22.3771 4.23615 4.11722
6 12 18.5426 4.27803 4.19631
6 13 10.6295 1.881 1.75076
6 14 8.87353 1.91634 1.79227
6 15 22.4972 3.91477 3.80296
7 0 0 0.134004 0
7 1 2.45408 1.72065 1.55435
7 2 110.944 66.4697 66.5537
7 3 947.364 583.944 585.424
7 4 2050.17 1160.93 1163.32
7 5 2870.19 1494.7 1497.04
7 6 3290.72 1722.44 1724.89
7 7 3306.25 1808.06 1810.71
7 8 2947.54 1644.1 1646.79
7 9 2469.17 1376.74 1379.3
7 10 1954.07 1045.62 1047.74
7 11 1556.74 821.754 823.586
7 12 1100.41 564.583 565.928
7 13 771.699 356.224 357.085
7 14 557.646 276.05 276.708
7 15 1309.73 680.531 682.093
8 0 3.94937 1.53716 1.41516
8 1 15.8788 12.0754 12.0109
8 2 826.006 394.503 395.462
8 3 1702.2 774.149 775.714
8 4 1997.57 894.111 895.767
8 5 1964.66 858.187 859.758
8 6 1891.19 928.541 930.399
8 7 1657.51 798.283 799.958
8 8 1320.8 557.477 558.677
8 9 1094.16 527.991 529.246
8 10 851.208 427.039 428.094
8 11 644.044 344.313 345.189
8 12 477.502 244.616 245.198
8 13 331.198 151.335 151.664
8 14 222.917 93.5857 93.749
8 15 500.656 220.823 221.364
