10.5 0
1 0 89.5114 7.22754 7.12536
1 1 0 0.134004 0
2 0 220.478 22.9365 22.9209
2 1 0 0.134004 0
3 0 78.9416 13.198 13.104
3 1 0 0.134004 0
4 0 221.999 79.0857 79.1948
4 1 0 0.134004 0
5 0 0 0.134004 0
5 1 6.57112 1.29485 1.16991
5 2 156.314 28.2306 28.2311
5 3 394.483 82.3339 82.4732
5 4 520.807 93.6544 93.8055
5 5 459.151 75.273 75.381
5 6 401.337 71.5735 71.6806
5 7 284.656 50.1489 50.2029
5 8 215.085 45.2372 45.2808
5 9 140.988 30.6994 30.7026
5 10 97.882 17.785 17.717
5 11 69.2219 13.332 13.279
5 12 50.8329 10.0714 9.97261
5 13 35.6053 7.59663 7.4981
5 14 30.5432 6.83975 6.7327
5 15 55.9353 10.8764 10.8213
6 0 0.0379363 0.0464843 0.00143917
6 1 135.087 31.8741 31.8939
6 2 685.289 147.798 148.07
6 3 660.314 120.061 120.262
6 4 540.423 99.3394 99.5118
6 5 358.558 60.7244 60.8071
6 6 244.458 41.4263 41.4614
6 7 160.441 35.1957 35.219
6 8 96.42 18.1269 18.0595
6 9 57.8621 11.4467 11.3862
6 10 39.3419 7.6451 7.57458
6 11 22.5938 4.23743 4.11852
6 12 18.6516 4.27867 4.19695
6 13 10.6856 1.88131 1.75108
6 14 8.90244 1.9165 1.79245
6 15 22.5118 3.91488 3.80305
7 0 0 0.134004 0
7 1 2.45408 1.72065 1.55435
7 2 110.953 66.4695 66.5538
7 3 947.634 583.952 585.426
7 4 2050.87 1160.95 1163.33
7 5 2871.23 1494.61 1497.04
7 6 3291.91 1722.47 1724.9
7 7 3307.31 1808.09 1810.72
7 8 2948.55 1644.07 1646.8
7 9 2470 1376.77 1379.31
7 10 1954.65 1045.6 1047.75
7 11 1557.23 821.767 823.589
7 12 1100.83 564.594 565.931
7 13 771.925 356.23 357.086
7 14 557.764 276.053 276.709
7 15 1310 680.538 682.095
8 0 3.94937 1.53716 1.41516
8 1 15.8832 12.0755 12.0109
8 2 826.254 394.501 395.464
8 3 1702.9 774.142 775.719
8 4 1998.74 894.139 895.774
8 5 1965.92 858.187 859.766
8 6 1892.37 928.571 930.406
8 7 1658.46 798.284 799.964
8 8 1321.41 557.475 558.681
8 9 1094.67 528.004 529.249
8 10 851.538 427.048 428.096
8 11 644.225 344.318 345.191
8 12 477.66 244.616 245.199
8 13 331.296 151.337 151.664
8 14 222.95 93.5864 93.7492
8 15 500.751 220.825 221.364
