7.1 0
1 0 75.7474 7.31636 7.20126
1 1 0.00374118 0.0162643 1.39964e-05
2 0 194.178 26.1956 26.2078
2 1 0 0.153088 0
3 0 0 0.153088 0
3 1 6.97154 1.31628 1.17322
3 2 161.626 29.1648 29.1703
3 3 400.463 84.2605 84.4335
3 4 521.809 100.478 100.68
3 5 458.676 82.5974 82.751
3 6 390.968 77.2235 77.3748
3 7 274.311 54.7189 54.807
3 8 197.628 46.8618 46.9211
3 9 133.938 31.8661 31.844
3 10 93.4506 20.2936 20.2214
3 11 58.0217 12.6166 12.5526
3 12 45.7877 10.789 10.6791
3 13 33.095 7.93332 7.82304
3 14 21.6119 5.02462 4.88971
3 15 49.1696 12.295 12.2467
4 0 0.120161 0.0691468 0.00418485
4 1 167.063 41.7805 41.8366
4 2 734.372 161.292 161.61
4 3 685.948 132.559 132.807
4 4 548.85 109.145 109.36
4 5 357.996 68.9803 69.1114
4 6 241.353 48.5163 48.5927
4 7 159.416 42.1829 42.241
4 8 89.0901 19.4762 19.3966
4 9 51.1998 11.8717 11.8142
4 10 35.0712 8.47382 8.40556
4 11 20.1172 4.66576 4.5389
4 12 17.3228 4.66899 4.57138
4 13 9.89549 2.39854 2.24871
4 14 8.56798 2.24894 2.11693
4 15 24.1197 9.75793 9.63834
5 0 0 0.153088 0
5 1 1.95968 1.51451 1.31071
5 2 105.853 64.2093 64.286
5 3 930.274 569.494 570.946
5 4 2052.95 1192.3 1194.7
5 5 2855.6 1495.14 1497.41
5 6 3253.61 1707.05 1709.19
5 7 3283.11 1805.73 1808.2
5 8 2963.01 1693.41 1696.09
5 9 2451.96 1405.34 1407.91
5 10 1939.54 1058.64 1060.78
5 11 1518.2 842.635 844.51
5 12 1117.38 618.741 620.233
5 13 759.324 373.551 374.486
5 14 558.399 300.408 301.17
5 15 1298.49 728.727 730.42
6 0 3.99577 1.5628 1.42251
6 1 15.5524 12.0887 12.0059
6 2 825.838 394.364 395.34
6 3 1707.07 789.737 791.288
6 4 1985.82 894.723 896.317
6 5 1946.33 860.352 861.902
6 6 1911.61 940.892 942.702
6 7 1650.99 826.693 828.423
6 8 1315.92 584.989 586.262
6 9 1089 549.877 551.193
6 10 850.529 443.614 444.732
6 11 649.008 367.109 368.069
6 12 455.534 250.71 251.342
6 13 327.237 162.099 162.476
6 14 229.368 108.189 108.407
6 15 491.723 227.693 228.282
