7.2 0
1 0 76.1982 7.32009 7.20515
1 1 0.00378737 0.0163635 1.43441e-05
2 0 195.146 26.2039 26.2162
2 1 0 0.153088 0
3 0 0 0.153088 0
3 1 6.97336 1.31629 1.17323
3 2 161.676 29.1651 29.1708
3 3 400.587 84.2625 84.4346
3 4 521.962 100.481 100.681
3 5 458.792 82.597 82.752
3 6 391.053 77.2231 77.3755
3 7 274.365 54.7198 54.8074
3 8 197.662 46.861 46.9214
3 9 133.957 31.8657 31.8442
3 10 93.4638 20.2934 20.2216
3 11 58.0283 12.6167 12.5527
3 12 45.7929 10.7891 10.6792
3 13 33.0989 7.93338 7.82308
3 14 21.6132 5.02464 4.88972
3 15 49.1726 12.2951 12.2468
4 0 0.120268 0.0691582 0.00418577
4 1 167.118 41.7809 41.8371
4 2 734.64 161.292 161.612
4 3 686.186 132.559 132.81
4 4 549.018 109.148 109.362
4 5 358.094 68.9804 69.1122
4 6 241.406 48.5171 48.5932
4 7 159.444 42.1834 42.2412
4 8 89.1039 19.476 19.3967
4 9 51.2062 11.8717 11.8142
4 10 35.0745 8.47387 8.40559
4 11 20.1195 4.66577 4.53892
4 12 17.3241 4.66899 4.57139
4 13 9.89607 2.39855 2.24872
4 14 8.56828 2.24895 2.11693
4 15 24.1199 9.75793 9.63835
5 0 0 0.153088 0
5 1 1.95968 1.51451 1.31071
5 2 105.853 64.2093 64.286
5 3 930.277 569.494 570.946
5 4 2052.95 1192.3 1194.7
5 5 2855.61 1495.14 1497.41
5 6 3253.62 1707.05 1709.19
5 7 3283.12 1805.73 1808.21
5 8 2963.02 1693.41 1696.09
5 9 2451.97 1405.34 1407.91
5 10 1939.54 1058.64 1060.78
5 11 1518.21 842.635 844.51
5 12 1117.39 618.741 620.233
5 13 759.326 373.551 374.486
5 14 558.4 300.409 301.17
5 15 1298.49 728.727 730.42
6 0 3.99577 1.5628 1.42251
6 1 15.5524 12.0887 12.0059
6 2 825.84 394.365 395.34
6 3 1707.08 789.737 791.288
6 4 1985.83 894.723 896.317
6 5 1946.34 860.353 861.902
6 6 1911.62 940.893 942.702
6 7 1651 826.693 828.423
6 8 1315.93 584.989 586.262
6 9 1089 549.878 551.193
6 10 850.533 443.614 444.732
6 11 649.01 367.109 368.069
6 12 455.536 250.71 251.342
6 13 327.239 162.099 162.476
6 14 229.368 108.189 108.407
6 15 491.724 227.693 228.282
