10.95 0
1 0 91.534 7.25079 7.14861
1 1 0 0.134004 0
2 0 224.823 22.9864 22.971
2 1 0 0.134004 0
3 0 81.171 13.3767 13.2833
3 1 0 0.134004 0
4 0 224.963 79.3242 79.4343
4 1 0 0.134004 0
5 0 0 0.134004 0
5 1 6.57666 1.29491 1.16998
5 2 156.505 28.2323 28.2333
5 3 394.99 82.34 82.479
5 4 521.452 93.661 93.8129
5 5 459.65 75.2777 75.3868
5 6 401.704 71.5767 71.6848
5 7 284.889 50.152 50.2056
5 8 215.231 45.2385 45.2825
5 9 141.072 30.7006 30.7036
5 10 97.9399 17.7855 17.7176
5 11 69.2516 13.3324 13.2794
5 12 50.8558 10.0717 9.97288
5 13 35.6225 7.59684 7.4983
5 14 30.5487 6.83976 6.73276
5 15 55.9482 10.8765 10.8215
6 0 0.0379363 0.0464843 0.00143917
6 1 135.265 31.876 31.8959
6 2 686.249 147.809 148.081
6 3 661.219 120.07 120.272
6 4 541.073 99.3486 99.5193
6 5 358.947 60.7284 60.8115
6 6 244.671 41.4292 41.4639
6 7 160.556 35.1974 35.2203
6 8 96.4754 18.1277 18.0601
6 9 57.8876 11.4469 11.3865
6 10 39.3554 7.64528 7.57474
6 11 22.6041 4.23755 4.11863
6 12 18.6568 4.27871 4.19701
6 13 10.6882 1.88134 1.75111
6 14 8.90382 1.91652 1.79246
6 15 22.5125 3.91486 3.80306
7 0 0 0.134004 0
7 1 2.45408 1.72065 1.55435
7 2 110.953 66.4695 66.5538
7 3 947.647 583.952 585.426
7 4 2050.91 1160.95 1163.33
7 5 2871.28 1494.61 1497.04
7 6 3291.97 1722.47 1724.9
7 7 3307.36 1808.09 1810.72
7 8 2948.6 1644.07 1646.8
7 9 2470.04 1376.77 1379.31
7 10 1954.68 1045.6 1047.75
7 11 1557.25 821.768 823.59
7 12 1100.85 564.595 565.931
7 13 771.936 356.23 357.086
7 14 557.77 276.053 276.709
7 15 1310.02 680.538 682.095
8 0 3.94937 1.53716 1.41516
8 1 15.8835 12.0755 12.0109
8 2 826.266 394.501 395.464
8 3 1702.93 774.143 775.719
8 4 1998.79 894.141 895.775
8 5 1965.98 858.189 859.767
8 6 1892.43 928.573 930.407
8 7 1658.51 798.285 799.964
8 8 1321.44 557.476 558.681
8 9 1094.7 528.005 529.25
8 10 851.554 427.048 428.096
8 11 644.234 344.319 345.191
8 12 477.668 244.616 245.199
8 13 331.301 151.338 151.664
8 14 222.951 93.5864 93.7492
8 15 500.756 220.826 221.364
