11.1 0
1 0 92.2082 7.25865 7.15658
1 1 0 0.134004 0
2 0 226.272 23.0037 22.9881
2 1 0 0.134004 0
3 0 81.9142 13.4378 13.3448
3 1 0 0.134004 0
4 0 225.951 79.4061 79.5163
4 1 0 0.134004 0
5 0 0 0.134004 0
5 1 6.57851 1.29493 1.17
5 2 156.569 28.233 28.2341
5 3 395.159 82.3396 82.481
5 4 521.667 93.665 93.8155
5 5 459.816 75.2807 75.3887
5 6 401.826 71.5789 71.6863
5 7 284.967 50.1524 50.2065
5 8 215.28 45.2394 45.2831
5 9 141.099 30.7007 30.7039
5 10 97.9592 17.7859 17.7179
5 11 69.2616 13.3323 13.2795
5 12 50.8635 10.0717 9.97297
5 13 35.6282 7.59689 7.49837
5 14 30.5505 6.83979 6.73279
5 15 55.9526 10.8765 10.8215
6 0 0.0379363 0.0464843 0.00143917
6 1 135.324 31.8764 31.8966
6 2 686.569 147.811 148.085
6 3 661.521 120.076 120.276
6 4 541.29 99.3499 99.5218
6 5 359.077 60.7308 60.8131
6 6 244.741 41.4297 41.4647
6 7 160.594 35.1971 35.2207
6 8 96.4939 18.1278 18.0603
6 9 57.8962 11.447 11.3866
6 10 39.36 7.64536 7.57479
6 11 22.6076 4.23758 4.11867
6 12 18.6585 4.27872 4.19703
6 13 10.6891 1.88133 1.75112
6 14 8.90428 1.91652 1.79247
6 15 22.5127 3.91487 3.80306
7 0 0 0.134004 0
7 1 2.45408 1.72065 1.55435
7 2 110.954 66.4696 66.5538
7 3 947.651 583.952 585.426
7 4 2050.92 1160.95 1163.33
7 5 2871.3 1494.61 1497.04
7 6 3291.99 1722.47 1724.9
7 7 3307.38 1808.09 1810.72
7 8 2948.62 1644.07 1646.8
7 9 2470.05 1376.77 1379.31
7 10 1954.69 1045.6 1047.75
7 11 1557.26 821.768 823.59
7 12 1100.86 564.595 565.931
7 13 771.94 356.23 357.086
7 14 557.772 276.054 276.709
7 15 1310.02 680.538 682.095
8 0 3.94937 1.53716 1.41516
8 1 15.8835 12.0755 12.0109
8 2 826.27 394.501 395.464
8 3 1702.94 774.143 775.719
8 4 1998.81 894.141 895.775
8 5 1966 858.19 859.767
8 6 1892.45 928.574 930.407
8 7 1658.52 798.285 799.965
8 8 1321.45 557.476 558.681
8 9 1094.71 528.005 529.25
8 10 851.559 427.048 428.096
8 11 644.237 344.319 345.191
8 12 477.67 244.616 245.199
8 13 331.302 151.338 151.664
8 14 222.952 93.5864 93.7492
8 15 500.757 220.822 221.364
