2.25 0
1 0 40.3046 6.13966 6.03869
1 1 0.000694752 0.00862637 4.82681e-07
2 0 136.496 25.7773 25.795
2 1 0 0.135157 0
3 0 0 0.135157 0
3 1 6.11651 1.28705 1.16157
3 2 112.821 23.304 23.3036
3 3 283.813 65.7223 65.8585
3 4 386.494 70.7715 70.9129
3 5 349.179 56.9952 57.0962
3 6 314.764 56.4831 56.5886
3 7 236.986 44.5387 44.6064
3 8 183.664 41.8465 41.902
3 9 130.849 31.287 31.2798
3 10 101.698 22.0687 22.0271
3 11 80.679 21.092 21.071
3 12 62.8972 18.4516 18.3878
3 13 42.8024 11.9082 11.8316
3 14 37.5522 13.1304 13.047
3 15 63.0499 17.2277 17.2074
4 0 0.0392854 0.0462667 0.00154334
4 1 136.364 34.5721 34.6151
4 2 660.069 154.037 154.362
4 3 639.613 129.028 129.287
4 4 452.133 86.3536 86.527
4 5 283.297 49.3104 49.3981
4 6 216.656 39.6935 39.7526
4 7 159.051 40.7586 40.8217
4 8 102.938 24.9319 24.8953
4 9 61.9787 14.6863 14.6504
4 10 43.4708 10.0762 10.0243
4 11 24.5747 5.78161 5.68024
4 12 19.5369 5.48359 5.40703
4 13 11.6815 2.64473 2.51468
4 14 10.0171 2.41921 2.30637
4 15 25.5898 10.4593 10.3646
5 0 0 0.135157 0
5 1 2.45408 1.7203 1.55435
5 2 110.588 66.3385 66.4379
5 3 945.341 583.588 585.074
5 4 2047.26 1160.97 1163.27
5 5 2865.95 1494.94 1497.15
5 6 3285.03 1722.87 1725.1
5 7 3296.06 1807.39 1809.82
5 8 2943.11 1644.49 1647
5 9 2466.03 1378.17 1380.62
5 10 1957.58 1049.02 1051.11
5 11 1558.75 824.311 826.1
5 12 1108.28 570.398 571.755
5 13 782.22 362.373 363.273
5 14 563.705 280.326 281.04
5 15 1312.37 686.513 688.086
6 0 3.9873 1.53882 1.4166
6 1 15.8929 12.0752 12.0128
6 2 828.149 395.694 396.676
6 3 1703.07 774.268 775.797
6 4 1994.53 895.407 896.98
6 5 1957.61 856.753 858.257
6 6 1891.16 931.375 933.171
6 7 1648.8 796.156 797.785
6 8 1317.81 557.782 558.972
6 9 1092.77 529.254 530.498
6 10 850.932 427.493 428.559
6 11 643.517 345.314 346.215
6 12 479.123 246.393 247.023
6 13 333.144 152.414 152.781
6 14 223.845 94.3486 94.5455
6 15 498.261 221.876 222.448
