11.4 0
1 0 93.5566 7.27476 7.17283
1 1 0 0.134004 0
2 0 229.169 23.0389 23.0232
2 1 0 0.134004 0
3 0 83.4005 13.5629 13.4702
3 1 0 0.134004 0
4 0 227.928 79.5727 79.6838
4 1 0 0.134004 0
5 0 0 0.134004 0
5 1 6.58221 1.29498 1.17004
5 2 156.696 28.2345 28.2356
5 3 395.497 82.3444 82.4851
5 4 522.098 93.6704 93.8207
5 5 460.149 75.2846 75.3927
5 6 402.07 71.5835 71.6892
5 7 285.122 50.1552 50.2084
5 8 215.378 45.2406 45.2842
5 9 141.155 30.7014 30.7046
5 10 97.9978 17.7864 17.7183
5 11 69.2814 13.3326 13.2797
5 12 50.8788 10.0718 9.97316
5 13 35.6396 7.59705 7.49851
5 14 30.5542 6.83986 6.73283
5 15 55.9612 10.8766 10.8216
6 0 0.0379363 0.0464843 0.00143917
6 1 135.442 31.878 31.8981
6 2 687.208 147.824 148.092
6 3 662.125 120.08 120.283
6 4 541.724 99.3581 99.5271
6 5 359.337 60.7326 60.8162
6 6 244.883 41.4323 41.4664
6 7 160.67 35.1987 35.2217
6 8 96.5308 18.1283 18.0608
6 9 57.9132 11.4473 11.3868
6 10 39.369 7.6454 7.5749
6 11 22.6145 4.23764 4.11875
6 12 18.662 4.27876 4.19707
6 13 10.6909 1.88136 1.75114
6 14 8.9052 1.91654 1.79248
6 15 22.5132 3.91488 3.80307
7 0 0 0.134004 0
7 1 2.45408 1.72065 1.55435
7 2 110.954 66.4696 66.5538
7 3 947.66 583.953 585.426
7 4 2050.94 1160.96 1163.33
7 5 2871.33 1494.61 1497.04
7 6 3292.03 1722.47 1724.9
7 7 3307.41 1808.09 1810.72
7 8 2948.65 1644.07 1646.8
7 9 2470.08 1376.77 1379.31
7 10 1954.7 1045.6 1047.75
7 11 1557.28 821.769 823.59
7 12 1100.87 564.595 565.931
7 13 771.947 356.223 357.086
7 14 557.776 276.054 276.709
7 15 1310.03 680.539 682.095
8 0 3.94937 1.53716 1.41516
8 1 15.8837 12.0755 12.0109
8 2 826.278 394.502 395.464
8 3 1702.97 774.144 775.72
8 4 1998.85 894.142 895.775
8 5 1966.04 858.191 859.768
8 6 1892.48 928.575 930.408
8 7 1658.55 798.286 799.965
8 8 1321.47 557.477 558.681
8 9 1094.72 528.006 529.25
8 10 851.569 427.049 428.096
8 11 644.242 344.319 345.191
8 12 477.675 244.616 245.199
8 13 331.306 151.338 151.664
8 14 222.953 93.5865 93.7492
8 15 500.76 220.822 221.364
