7.7 0
1 0 78.4524 7.33988 7.22532
1 1 0.0040183 0.0168516 1.61468e-05
2 0 199.99 26.2471 26.2596
2 1 0 0.153088 0
3 0 0 0.153088 0
3 1 6.98249 1.31636 1.17332
3 2 161.922 29.1675 29.173
3 3 401.207 84.2673 84.4402
3 4 522.724 100.488 100.688
3 5 459.375 82.6019 82.7572
3 6 391.477 77.2265 77.3793
3 7 274.636 54.7221 54.8099
3 8 197.832 46.8626 46.9229
3 9 134.054 31.8665 31.845
3 10 93.5296 20.294 20.2221
3 11 58.0614 12.617 12.553
3 12 45.8188 10.7893 10.6794
3 13 33.1185 7.93355 7.82326
3 14 21.6197 5.02468 4.88977
3 15 49.1873 12.2952 12.2469
4 0 0.120799 0.0692164 0.00419055
4 1 167.395 41.7836 41.8395
4 2 735.983 161.306 161.624
4 3 687.371 132.57 132.82
4 4 549.86 109.153 109.369
4 5 358.585 68.9836 69.1166
4 6 241.671 48.5197 48.5956
4 7 159.587 42.1849 42.2425
4 8 89.1729 19.4767 19.3973
4 9 51.238 11.872 11.8145
4 10 35.091 8.47403 8.40574
4 11 20.1314 4.66587 4.53902
4 12 17.3306 4.66905 4.57145
4 13 9.899 2.39857 2.24874
4 14 8.56979 2.24895 2.11695
4 15 24.1209 9.75795 9.63836
5 0 0 0.153088 0
5 1 1.95968 1.51451 1.31071
5 2 105.854 64.2093 64.286
5 3 930.291 569.494 570.946
5 4 2052.99 1192.31 1194.7
5 5 2855.67 1495.14 1497.41
5 6 3253.68 1707.05 1709.2
5 7 3283.17 1805.73 1808.21
5 8 2963.07 1693.41 1696.1
5 9 2452.01 1405.34 1407.91
5 10 1939.57 1058.64 1060.78
5 11 1518.23 842.636 844.51
5 12 1117.41 618.742 620.233
5 13 759.338 373.552 374.486
5 14 558.406 300.409 301.17
5 15 1298.5 728.728 730.42
6 0 3.99577 1.5628 1.42251
6 1 15.5527 12.0887 12.0059
6 2 825.854 394.365 395.34
6 3 1707.12 789.738 791.288
6 4 1985.9 894.725 896.317
6 5 1946.41 860.354 861.903
6 6 1911.68 940.894 942.703
6 7 1651.05 826.695 828.423
6 8 1315.96 584.99 586.262
6 9 1089.03 549.878 551.193
6 10 850.55 443.615 444.732
6 11 649.02 367.109 368.069
6 12 455.544 250.706 251.342
6 13 327.244 162.099 162.476
6 14 229.37 108.189 108.407
6 15 491.729 227.693 228.282
