11.7 0
1 0 94.905 7.29147 7.18953
1 1 0 0.134004 0
2 0 232.066 23.0753 23.0592
2 1 0 0.134004 0
3 0 84.8868 13.6912 13.5989
3 1 0 0.134004 0
4 0 229.904 79.7455 79.8558
4 1 0 0.134004 0
5 0 0 0.134004 0
5 1 6.5859 1.29502 1.17009
5 2 156.823 28.236 28.2372
5 3 395.835 82.3494 82.4893
5 4 522.528 93.6734 93.826
5 5 460.482 75.2887 75.3969
5 6 402.315 71.5846 71.6922
5 7 285.277 50.1561 50.2103
5 8 215.476 45.241 45.2855
5 9 141.211 30.7021 30.7053
5 10 98.0364 17.7869 17.7188
5 11 69.3012 13.3329 13.28
5 12 50.894 10.0721 9.97335
5 13 35.6511 7.59717 7.49865
5 14 30.5579 6.83988 6.73287
5 15 55.9699 10.8768 10.8217
6 0 0.0379363 0.0464843 0.00143917
6 1 135.56 31.8793 31.8995
6 2 687.849 147.828 148.1
6 3 662.728 120.092 120.291
6 4 542.158 99.3609 99.5324
6 5 359.596 60.7375 60.8194
6 6 245.024 41.4333 41.4682
6 7 160.747 35.1992 35.2226
6 8 96.5678 18.1286 18.0612
6 9 57.9302 11.4474 11.387
6 10 39.378 7.64557 7.57501
6 11 22.6213 4.23773 4.11883
6 12 18.6654 4.2788 4.19711
6 13 10.6927 1.88138 1.75116
6 14 8.90612 1.91654 1.79249
6 15 22.5136 3.91488 3.80307
7 0 0 0.134004 0
7 1 2.45408 1.72065 1.55435
7 2 110.954 66.4696 66.5538
7 3 947.669 583.953 585.426
7 4 2050.96 1160.96 1163.33
7 5 2871.36 1494.61 1497.04
7 6 3292.07 1722.47 1724.9
7 7 3307.45 1808.09 1810.72
7 8 2948.68 1644.07 1646.8
7 9 2470.1 1376.77 1379.31
7 10 1954.72 1045.6 1047.75
7 11 1557.29 821.769 823.59
7 12 1100.88 564.596 565.931
7 13 771.954 356.223 357.087
7 14 557.779 276.054 276.709
7 15 1310.04 680.539 682.095
8 0 3.94937 1.53716 1.41516
8 1 15.8838 12.0755 12.0109
8 2 826.286 394.502 395.464
8 3 1702.99 774.145 775.72
8 4 1998.89 894.143 895.776
8 5 1966.08 858.192 859.768
8 6 1892.52 928.576 930.408
8 7 1658.58 798.287 799.965
8 8 1321.49 557.477 558.681
8 9 1094.74 528.006 529.25
8 10 851.58 427.049 428.096
8 11 644.248 344.319 345.191
8 12 477.68 244.616 245.199
8 13 331.309 151.338 151.665
8 14 222.954 93.5865 93.7492
8 15 500.763 220.822 221.364
