11.85 0
1 0 95.5792 7.29987 7.19804
1 1 0 0.134004 0
2 0 233.515 23.0929 23.0775
2 1 0 0.134004 0
3 0 85.63 13.7565 13.6646
3 1 0 0.134004 0
4 0 230.892 79.8313 79.9434
4 1 0 0.134004 0
5 0 0 0.134004 0
5 1 6.58775 1.29504 1.17011
5 2 156.886 28.2372 28.238
5 3 396.004 82.3509 82.4915
5 4 522.743 93.6776 93.8287
5 5 460.649 75.2898 75.399
5 6 402.437 71.5869 71.6938
5 7 285.354 50.1575 50.2113
5 8 215.525 45.242 45.2861
5 9 141.239 30.7023 30.7056
5 10 98.0557 17.787 17.719
5 11 69.3111 13.3329 13.2801
5 12 50.9017 10.0721 9.97345
5 13 35.6568 7.59728 7.49873
5 14 30.5597 6.83987 6.73289
5 15 55.9742 10.8769 10.8218
6 0 0.0379363 0.0464843 0.00143917
6 1 135.619 31.8805 31.9003
6 2 688.168 147.835 148.104
6 3 663.03 120.094 120.295
6 4 542.374 99.3652 99.5352
6 5 359.726 60.7385 60.821
6 6 245.095 41.4346 41.4691
6 7 160.785 35.2 35.2231
6 8 96.5863 18.1289 18.0615
6 9 57.9387 11.4475 11.3872
6 10 39.3825 7.64559 7.57507
6 11 22.6248 4.23779 4.11887
6 12 18.6672 4.27883 4.19713
6 13 10.6936 1.88139 1.75117
6 14 8.90657 1.91655 1.79249
6 15 22.5138 3.91489 3.80307
7 0 0 0.134004 0
7 1 2.45408 1.72065 1.55435
7 2 110.954 66.4696 66.5538
7 3 947.673 583.953 585.427
7 4 2050.97 1160.96 1163.33
7 5 2871.38 1494.62 1497.04
7 6 3292.09 1722.48 1724.9
7 7 3307.46 1808.09 1810.72
7 8 2948.7 1644.07 1646.8
7 9 2470.12 1376.77 1379.31
7 10 1954.73 1045.6 1047.75
7 11 1557.3 821.77 823.59
7 12 1100.89 564.596 565.931
7 13 771.958 356.223 357.087
7 14 557.781 276.054 276.709
7 15 1310.04 680.539 682.095
8 0 3.94937 1.53716 1.41516
8 1 15.8839 12.0755 12.0109
8 2 826.29 394.502 395.464
8 3 1703 774.145 775.72
8 4 1998.91 894.144 895.776
8 5 1966.1 858.192 859.768
8 6 1892.54 928.577 930.408
8 7 1658.6 798.288 799.965
8 8 1321.5 557.478 558.682
8 9 1094.75 528.006 529.25
8 10 851.585 427.049 428.096
8 11 644.251 344.319 345.191
8 12 477.683 244.617 245.199
8 13 331.31 151.338 151.665
8 14 222.955 93.5865 93.7492
8 15 500.765 220.822 221.364
