0.8 0
1 0 47.3447 7.17404 7.0524
1 1 0.000831373 0.0097966 6.91181e-07
2 0 133.146 25.8792 25.8869
2 1 0 0.153088 0
3 0 0 0.153088 0
3 1 6.85653 1.31574 1.17262
3 2 158.516 29.1485 29.1541
3 3 392.646 84.2188 84.3925
3 4 512.206 100.426 100.629
3 5 451.331 82.5574 82.7125
3 6 385.619 77.196 77.3468
3 7 270.904 54.7019 54.7891
3 8 195.489 46.8502 46.9099
3 9 132.725 31.8596 31.8376
3 10 92.6213 20.2894 20.2171
3 11 57.6041 12.6145 12.5504
3 12 45.461 10.7874 10.6774
3 13 32.848 7.93215 7.82173
3 14 21.5297 5.02421 4.88929
3 15 48.9841 12.2941 12.2458
4 0 0.113463 0.0685112 0.0041496
4 1 163.578 41.7626 41.8183
4 2 717.451 161.198 161.52
4 3 671.015 132.476 132.729
4 4 538.248 109.087 109.305
4 5 351.803 68.9454 69.0789
4 6 238.016 48.4989 48.5751
4 7 157.616 42.1738 42.2316
4 8 88.2213 19.4716 19.392
4 9 50.7987 11.8697 11.8121
4 10 34.8631 8.47282 8.40449
4 11 19.9681 4.66506 4.53815
4 12 17.2414 4.66862 4.57098
4 13 9.85855 2.3984 2.24853
4 14 8.54894 2.24886 2.11683
4 15 24.1072 9.75789 9.63828
5 0 0 0.153088 0
5 1 1.95968 1.51451 1.31071
5 2 105.844 64.21 64.286
5 3 930.093 569.5 570.945
5 4 2052.49 1192.29 1194.7
5 5 2854.9 1495.18 1497.41
5 6 3252.81 1707.03 1709.19
5 7 3282.4 1805.71 1808.2
5 8 2962.34 1693.39 1696.09
5 9 2451.41 1405.32 1407.9
5 10 1939.15 1058.63 1060.78
5 11 1517.88 842.626 844.508
5 12 1117.1 618.733 620.231
5 13 759.175 373.548 374.486
5 14 558.321 300.406 301.17
5 15 1298.31 728.722 730.419
6 0 3.99577 1.5628 1.42251
6 1 15.5495 12.0886 12.0059
6 2 825.671 394.361 395.339
6 3 1706.59 789.725 791.285
6 4 1985.04 894.734 896.313
6 5 1945.48 860.391 861.898
6 6 1910.83 940.902 942.698
6 7 1650.35 826.702 828.419
6 8 1315.5 584.979 586.259
6 9 1088.66 549.882 551.191
6 10 850.309 443.618 444.731
6 11 648.889 367.112 368.068
6 12 455.43 250.707 251.342
6 13 327.173 162.097 162.475
6 14 229.347 108.189 108.407
6 15 491.66 227.696 228.281
