2.4 0
1 0 40.7709 6.1405 6.03963
1 1 0.000741069 0.00865146 5.49183e-07
2 0 137.997 25.7815 25.7995
2 1 0 0.135157 0
3 0 0 0.135157 0
3 1 6.11805 1.28705 1.16158
3 2 112.869 23.3039 23.3038
3 3 283.926 65.7236 65.8588
3 4 386.639 70.7728 70.9132
3 5 349.29 56.9961 57.0964
3 6 314.847 56.4826 56.5888
3 7 237.04 44.5392 44.6065
3 8 183.701 41.8469 41.902
3 9 130.873 31.2868 31.2798
3 10 101.719 22.0689 22.0271
3 11 80.6916 21.0921 21.0711
3 12 62.9097 18.4517 18.3879
3 13 42.8111 11.9083 11.8317
3 14 37.5553 13.1304 13.047
3 15 63.0557 17.2278 17.2074
4 0 0.0392854 0.0462667 0.00154334
4 1 136.426 34.572 34.6153
4 2 660.39 154.037 154.363
4 3 639.917 129.032 129.288
4 4 452.322 86.3532 86.5275
4 5 283.394 49.3112 49.3983
4 6 216.712 39.6933 39.7528
4 7 159.085 40.758 40.8218
4 8 102.956 24.9319 24.8954
4 9 61.9879 14.6864 14.6504
4 10 43.4769 10.0762 10.0243
4 11 24.5789 5.78162 5.68025
4 12 19.5393 5.48357 5.40704
4 13 11.6826 2.64474 2.51469
4 14 10.0178 2.41922 2.30637
4 15 25.59 10.4593 10.3646
5 0 0 0.135157 0
5 1 2.45408 1.7203 1.55435
5 2 110.588 66.3385 66.4379
5 3 945.344 583.588 585.074
5 4 2047.26 1160.97 1163.27
5 5 2865.96 1494.94 1497.15
5 6 3285.04 1722.87 1725.1
5 7 3296.07 1807.39 1809.82
5 8 2943.12 1644.49 1647
5 9 2466.04 1378.17 1380.62
5 10 1957.59 1049.02 1051.11
5 11 1558.76 824.311 826.1
5 12 1108.28 570.398 571.755
5 13 782.227 362.373 363.273
5 14 563.709 280.326 281.04
5 15 1312.38 686.513 688.086
6 0 3.9873 1.53882 1.4166
6 1 15.8929 12.0752 12.0128
6 2 828.153 395.694 396.676
6 3 1703.08 774.269 775.797
6 4 1994.55 895.407 896.98
6 5 1957.63 856.753 858.257
6 6 1891.18 931.376 933.171
6 7 1648.81 796.156 797.785
6 8 1317.82 557.782 558.972
6 9 1092.77 529.254 530.498
6 10 850.937 427.493 428.559
6 11 643.52 345.314 346.215
6 12 479.126 246.393 247.023
6 13 333.146 152.414 152.781
6 14 223.846 94.3486 94.5456
6 15 498.263 221.876 222.448
