12.15 0
1 0 96.9275 7.31708 7.21538
1 1 0 0.134004 0
2 0 236.412 23.1309 23.1149
2 1 0 0.134004 0
3 0 87.1163 13.8899 13.7984
3 1 0 0.134004 0
4 0 232.868 80.0112 80.1221
4 1 0 0.134004 0
5 0 0 0.134004 0
5 1 6.59144 1.29509 1.17016
5 2 157.013 28.2388 28.2396
5 3 396.341 82.3542 82.4958
5 4 523.174 93.6835 93.8343
5 5 460.982 75.294 75.4032
5 6 402.681 71.5899 71.6969
5 7 285.509 50.1595 50.2133
5 8 215.622 45.244 45.2873
5 9 141.294 30.7034 30.7063
5 10 98.0943 17.7878 17.7195
5 11 69.3309 13.3332 13.2803
5 12 50.917 10.0724 9.97365
5 13 35.6682 7.5974 7.49888
5 14 30.5634 6.83995 6.73294
5 15 55.9828 10.8768 10.8219
6 0 0.0379363 0.0464843 0.00143917
6 1 135.738 31.8814 31.9018
6 2 688.808 147.84 148.113
6 3 663.633 120.102 120.302
6 4 542.808 99.3709 99.5408
6 5 359.985 60.742 60.8244
6 6 245.236 41.4357 41.4709
6 7 160.862 35.2006 35.2241
6 8 96.6232 18.1294 18.062
6 9 57.9557 11.4477 11.3874
6 10 39.3915 7.64571 7.57518
6 11 22.6316 4.23786 4.11896
6 12 18.6706 4.27885 4.19717
6 13 10.6953 1.88141 1.75119
6 14 8.90749 1.91656 1.79251
6 15 22.5143 3.9149 3.80308
7 0 0 0.134004 0
7 1 2.45408 1.72065 1.55435
7 2 110.955 66.4696 66.5538
7 3 947.682 583.953 585.427
7 4 2050.99 1160.96 1163.33
7 5 2871.41 1494.62 1497.04
7 6 3292.12 1722.48 1724.9
7 7 3307.5 1808.09 1810.72
7 8 2948.73 1644.07 1646.8
7 9 2470.14 1376.77 1379.31
7 10 1954.75 1045.6 1047.75
7 11 1557.32 821.77 823.591
7 12 1100.9 564.597 565.932
7 13 771.965 356.223 357.087
7 14 557.785 276.054 276.709
7 15 1310.05 680.539 682.095
8 0 3.94937 1.53716 1.41516
8 1 15.884 12.0755 12.0109
8 2 826.298 394.502 395.465
8 3 1703.02 774.146 775.72
8 4 1998.94 894.145 895.776
8 5 1966.14 858.194 859.769
8 6 1892.58 928.578 930.409
8 7 1658.63 798.289 799.966
8 8 1321.52 557.478 558.682
8 9 1094.76 528.007 529.25
8 10 851.596 427.049 428.096
8 11 644.257 344.319 345.191
8 12 477.688 244.617 245.199
8 13 331.313 151.338 151.665
8 14 222.956 93.5865 93.7492
8 15 500.768 220.822 221.364
