12.3 0
1 0 97.6017 7.32587 7.22421
1 1 0 0.134004 0
2 0 237.86 23.1502 23.1339
2 1 0 0.134004 0
3 0 87.8594 13.9579 13.8665
3 1 0 0.134004 0
4 0 233.857 80.1009 80.2131
4 1 0 0.134004 0
5 0 0 0.134004 0
5 1 6.59329 1.29511 1.17019
5 2 157.077 28.2396 28.2405
5 3 396.51 82.3577 82.498
5 4 523.389 93.6851 93.8371
5 5 461.148 75.2972 75.4054
5 6 402.803 71.5906 71.6985
5 7 285.587 50.1599 50.2143
5 8 215.671 45.2435 45.288
5 9 141.322 30.7032 30.7067
5 10 98.1136 17.7877 17.7198
5 11 69.3408 13.3334 13.2805
5 12 50.9246 10.0725 9.97375
5 13 35.674 7.59746 7.49895
5 14 30.5652 6.83998 6.73296
5 15 55.9872 10.8769 10.8219
6 0 0.0379363 0.0464843 0.00143917
6 1 135.797 31.8827 31.9026
6 2 689.128 147.847 148.117
6 3 663.935 120.108 120.306
6 4 543.025 99.3752 99.5436
6 5 360.115 60.7445 60.8261
6 6 245.307 41.437 41.4719
6 7 160.9 35.2014 35.2246
6 8 96.6417 18.1296 18.0622
6 9 57.9642 11.4478 11.3875
6 10 39.396 7.64573 7.57524
6 11 22.6351 4.2379 4.119
6 12 18.6724 4.27888 4.19719
6 13 10.6962 1.88142 1.7512
6 14 8.90795 1.91657 1.79251
6 15 22.5145 3.9149 3.80308
7 0 0 0.134004 0
7 1 2.45408 1.72065 1.55435
7 2 110.955 66.4696 66.5538
7 3 947.686 583.954 585.427
7 4 2051.01 1160.96 1163.33
7 5 2871.43 1494.62 1497.05
7 6 3292.14 1722.48 1724.9
7 7 3307.51 1808.1 1810.72
7 8 2948.74 1644.07 1646.8
7 9 2470.16 1376.77 1379.31
7 10 1954.76 1045.6 1047.75
7 11 1557.32 821.771 823.591
7 12 1100.91 564.597 565.932
7 13 771.968 356.223 357.087
7 14 557.787 276.054 276.709
7 15 1310.05 680.54 682.095
8 0 3.94937 1.53716 1.41516
8 1 15.8841 12.0755 12.0109
8 2 826.302 394.502 395.465
8 3 1703.03 774.146 775.721
8 4 1998.96 894.146 895.777
8 5 1966.16 858.194 859.769
8 6 1892.6 928.578 930.409
8 7 1658.64 798.289 799.966
8 8 1321.53 557.478 558.682
8 9 1094.77 528.007 529.25
8 10 851.601 427.05 428.096
8 11 644.26 344.319 345.191
8 12 477.69 244.617 245.199
8 13 331.315 151.338 151.665
8 14 222.956 93.5866 93.7492
8 15 500.769 220.822 221.364
