8.3 0
1 0 81.1574 7.36497 7.25109
1 1 0.00429543 0.0174197 1.84507e-05
2 0 205.803 26.3023 26.3152
2 1 0 0.153088 0
3 0 0 0.153088 0
3 1 6.99344 1.31647 1.17342
3 2 162.219 29.17 29.1758
3 3 401.952 84.2745 84.4473
3 4 523.638 100.498 100.697
3 5 460.075 82.6089 82.7638
3 6 391.986 77.2315 77.3842
3 7 274.96 54.7244 54.813
3 8 198.036 46.8648 46.9249
3 9 134.169 31.8678 31.8461
3 10 93.6086 20.2949 20.2229
3 11 58.1012 12.6174 12.5533
3 12 45.85 10.7896 10.6797
3 13 33.142 7.93375 7.82348
3 14 21.6275 5.02475 4.88985
3 15 49.2049 12.2953 12.247
4 0 0.121437 0.0692863 0.00419665
4 1 167.727 41.7864 41.8427
4 2 737.595 161.32 161.64
4 3 688.793 132.586 132.834
4 4 550.869 109.164 109.379
4 5 359.175 68.9904 69.1222
4 6 241.989 48.5216 48.5986
4 7 159.759 42.186 42.2441
4 8 89.2556 19.4775 19.3981
4 9 51.2762 11.8723 11.8149
4 10 35.1109 8.4742 8.40592
4 11 20.1456 4.66599 4.53915
4 12 17.3384 4.66911 4.57152
4 13 9.90252 2.3986 2.24877
4 14 8.5716 2.24896 2.11696
4 15 24.1221 9.75794 9.63837
5 0 0 0.153088 0
5 1 1.95968 1.51451 1.31071
5 2 105.855 64.2094 64.286
5 3 930.308 569.495 570.946
5 4 2053.03 1192.31 1194.7
5 5 2855.73 1495.14 1497.41
5 6 3253.76 1707.05 1709.2
5 7 3283.24 1805.73 1808.21
5 8 2963.13 1693.41 1696.1
5 9 2452.07 1405.34 1407.91
5 10 1939.61 1058.64 1060.78
5 11 1518.26 842.636 844.511
5 12 1117.44 618.742 620.233
5 13 759.352 373.552 374.487
5 14 558.414 300.409 301.171
5 15 1298.52 728.728 730.42
6 0 3.99577 1.5628 1.42251
6 1 15.5529 12.0887 12.0059
6 2 825.87 394.365 395.34
6 3 1707.16 789.739 791.288
6 4 1985.97 894.727 896.318
6 5 1946.49 860.357 861.904
6 6 1911.76 940.896 942.703
6 7 1651.11 826.696 828.424
6 8 1316 584.991 586.262
6 9 1089.06 549.879 551.193
6 10 850.571 443.616 444.733
6 11 649.031 367.11 368.069
6 12 455.554 250.707 251.342
6 13 327.25 162.099 162.476
6 14 229.372 108.189 108.407
6 15 491.735 227.69 228.282
