2.52 0
1 0 41.144 6.14119 6.04043
1 1 0.000778122 0.00867586 6.05474e-07
2 0 139.197 25.7856 25.8034
2 1 0 0.135157 0
3 0 0 0.135157 0
3 1 6.11928 1.28705 1.16158
3 2 112.907 23.3039 23.3039
3 3 284.016 65.7246 65.859
3 4 386.755 70.7722 70.9134
3 5 349.378 56.9968 57.0965
3 6 314.913 56.4831 56.5889
3 7 237.084 44.5396 44.6066
3 8 183.73 41.8472 41.9021
3 9 130.892 31.2871 31.2799
3 10 101.736 22.0691 22.0272
3 11 80.7017 21.0919 21.0711
3 12 62.9197 18.4518 18.3879
3 13 42.8181 11.9083 11.8317
3 14 37.5577 13.1303 13.047
3 15 63.0604 17.2279 17.2075
4 0 0.0392854 0.0462667 0.00154334
4 1 136.475 34.5718 34.6155
4 2 660.647 154.04 154.364
4 3 640.159 129.03 129.289
4 4 452.472 86.3547 86.5279
4 5 283.472 49.3119 49.3985
4 6 216.756 39.6937 39.7529
4 7 159.113 40.7583 40.8219
4 8 102.971 24.9318 24.8955
4 9 61.9952 14.6863 14.6504
4 10 43.4818 10.0762 10.0243
4 11 24.5823 5.78162 5.68027
4 12 19.5412 5.48359 5.40705
4 13 11.6835 2.64474 2.51469
4 14 10.0183 2.41922 2.30638
4 15 25.5902 10.4592 10.3646
5 0 0 0.135157 0
5 1 2.45408 1.7203 1.55435
5 2 110.588 66.3385 66.4379
5 3 945.347 583.588 585.074
5 4 2047.27 1160.97 1163.27
5 5 2865.97 1494.94 1497.15
5 6 3285.05 1722.87 1725.1
5 7 3296.08 1807.39 1809.82
5 8 2943.13 1644.49 1647
5 9 2466.05 1378.17 1380.62
5 10 1957.6 1049.02 1051.11
5 11 1558.77 824.312 826.1
5 12 1108.29 570.398 571.755
5 13 782.232 362.373 363.273
5 14 563.712 280.327 281.04
5 15 1312.38 686.513 688.086
6 0 3.9873 1.53882 1.4166
6 1 15.893 12.0752 12.0128
6 2 828.156 395.694 396.676
6 3 1703.09 774.269 775.797
6 4 1994.56 895.408 896.98
6 5 1957.65 856.753 858.257
6 6 1891.19 931.376 933.171
6 7 1648.83 796.156 797.785
6 8 1317.83 557.782 558.972
6 9 1092.78 529.254 530.498
6 10 850.942 427.493 428.559
6 11 643.523 345.314 346.215
6 12 479.129 246.393 247.023
6 13 333.148 152.414 152.781
6 14 223.846 94.3487 94.5456
6 15 498.265 221.876 222.448
