12.75 0
1 0 99.6243 7.35305 7.25136
1 1 0 0.134004 0
2 0 242.206 23.2084 23.1925
2 1 0 0.134004 0
3 0 90.0889 14.1666 14.0759
3 1 0 0.134004 0
4 0 236.821 80.3797 80.4928
4 1 0 0.134004 0
5 0 0 0.134004 0
5 1 6.59883 1.29518 1.17026
5 2 157.268 28.2421 28.243
5 3 397.017 82.3647 82.5049
5 4 524.034 93.6929 93.8458
5 5 461.648 75.3049 75.4121
5 6 403.17 71.5961 71.7034
5 7 285.819 50.1635 50.2174
5 8 215.818 45.2466 45.2899
5 9 141.406 30.705 30.7078
5 10 98.1714 17.7886 17.7205
5 11 69.3705 13.3337 13.2809
5 12 50.9475 10.0728 9.97407
5 13 35.6911 7.5977 7.49919
5 14 30.5708 6.84005 6.73304
5 15 56.0001 10.8772 10.8221
6 0 0.0379363 0.0464843 0.00143917
6 1 135.974 31.885 31.9049
6 2 690.088 147.859 148.13
6 3 664.84 120.119 120.319
6 4 543.676 99.3829 99.5523
6 5 360.504 60.7492 60.8313
6 6 245.519 41.4395 41.4747
6 7 161.015 35.2028 35.2261
6 8 96.6971 18.1305 18.063
6 9 57.9897 11.4482 11.3878
6 10 39.4095 7.646 7.57542
6 11 22.6454 4.23803 4.11914
6 12 18.6776 4.27896 4.19726
6 13 10.6989 1.88145 1.75124
6 14 8.90933 1.91658 1.79253
6 15 22.5152 3.91491 3.80309
7 0 0 0.134004 0
7 1 2.45408 1.72065 1.55435
7 2 110.955 66.4696 66.5538
7 3 947.699 583.954 585.427
7 4 2051.04 1160.96 1163.33
7 5 2871.48 1494.62 1497.05
7 6 3292.2 1722.48 1724.9
7 7 3307.56 1808.1 1810.72
7 8 2948.79 1644.07 1646.8
7 9 2470.2 1376.77 1379.31
7 10 1954.79 1045.61 1047.75
7 11 1557.35 821.771 823.591
7 12 1100.93 564.597 565.932
7 13 771.979 356.224 357.087
7 14 557.793 276.054 276.709
7 15 1310.07 680.54 682.096
8 0 3.94937 1.53716 1.41516
8 1 15.8843 12.0755 12.0109
8 2 826.314 394.503 395.465
8 3 1703.07 774.147 775.721
8 4 1999.02 894.147 895.777
8 5 1966.22 858.196 859.77
8 6 1892.65 928.58 930.41
8 7 1658.69 798.291 799.967
8 8 1321.56 557.479 558.682
8 9 1094.8 528.008 529.251
8 10 851.616 427.05 428.097
8 11 644.268 344.32 345.191
8 12 477.698 244.617 245.199
8 13 331.32 151.338 151.665
8 14 222.958 93.5866 93.7493
8 15 500.774 220.822 221.364
