12.9 0
1 0 100.299 7.36218 7.26063
1 1 0 0.134004 0
2 0 243.654 23.2284 23.2124
2 1 0 0.134004 0
3 0 90.8321 14.2378 14.1474
3 1 0 0.134004 0
4 0 237.809 80.4757 80.5882
4 1 0 0.134004 0
5 0 0 0.134004 0
5 1 6.60068 1.29521 1.17029
5 2 157.331 28.2429 28.2439
5 3 397.186 82.3683 82.5072
5 4 524.249 93.6973 93.8487
5 5 461.814 75.3061 75.4144
5 6 403.292 71.5968 71.7051
5 7 285.897 50.164 50.2185
5 8 215.867 45.2461 45.2906
5 9 141.434 30.7047 30.7082
5 10 98.1907 17.7888 17.7208
5 11 69.3804 13.3339 13.281
5 12 50.9552 10.0729 9.97417
5 13 35.6968 7.59782 7.49927
5 14 30.5726 6.84008 6.73306
5 15 56.0045 10.8772 10.8221
6 0 0.0379363 0.0464843 0.00143917
6 1 136.033 31.8859 31.9057
6 2 690.408 147.866 148.134
6 3 665.142 120.125 120.323
6 4 543.893 99.3873 99.5553
6 5 360.634 60.7503 60.8331
6 6 245.59 41.441 41.4757
6 7 161.053 35.2031 35.2266
6 8 96.7156 18.1306 18.0632
6 9 57.9983 11.4483 11.3879
6 10 39.4141 7.64597 7.57548
6 11 22.6488 4.2381 4.11918
6 12 18.6793 4.27897 4.19728
6 13 10.6998 1.88147 1.75125
6 14 8.90979 1.91659 1.79254
6 15 22.5155 3.91492 3.80309
7 0 0 0.134004 0
7 1 2.45408 1.72065 1.55435
7 2 110.955 66.4696 66.5538
7 3 947.703 583.954 585.427
7 4 2051.05 1160.96 1163.33
7 5 2871.49 1494.62 1497.05
7 6 3292.22 1722.48 1724.9
7 7 3307.58 1808.1 1810.72
7 8 2948.81 1644.08 1646.8
7 9 2470.21 1376.77 1379.31
7 10 1954.8 1045.61 1047.75
7 11 1557.35 821.772 823.591
7 12 1100.94 564.598 565.932
7 13 771.983 356.224 357.087
7 14 557.795 276.054 276.709
7 15 1310.07 680.54 682.096
8 0 3.94937 1.53716 1.41516
8 1 15.8844 12.0755 12.011
8 2 826.318 394.503 395.465
8 3 1703.08 774.147 775.721
8 4 1999.04 894.148 895.778
8 5 1966.24 858.197 859.77
8 6 1892.67 928.581 930.41
8 7 1658.7 798.291 799.967
8 8 1321.57 557.48 558.682
8 9 1094.8 528.008 529.251
8 10 851.622 427.05 428.097
8 11 644.271 344.32 345.191
8 12 477.7 244.617 245.199
8 13 331.321 151.338 151.665
8 14 222.958 93.5866 93.7493
8 15 500.776 220.822 221.364
