8.7 0
1 0 82.9608 7.38273 7.26923
1 1 0.00448018 0.0177881 2.0072e-05
2 0 209.678 26.341 26.3543
2 1 0 0.153088 0
3 0 0 0.153088 0
3 1 7.00074 1.31653 1.17349
3 2 162.416 29.1723 29.1778
3 3 402.448 84.2796 84.4523
3 4 524.248 100.503 100.703
3 5 460.541 82.6124 82.7685
3 6 392.326 77.2374 77.3876
3 7 275.177 54.7281 54.8152
3 8 198.172 46.8666 46.9263
3 9 134.246 31.8684 31.8469
3 10 93.6612 20.2954 20.2234
3 11 58.1277 12.6176 12.5536
3 12 45.8707 10.7898 10.6799
3 13 33.1577 7.93392 7.82364
3 14 21.6327 5.02481 4.8899
3 15 49.2167 12.2955 12.2472
4 0 0.121863 0.0693345 0.00420095
4 1 167.948 41.7889 41.8449
4 2 738.669 161.331 161.65
4 3 689.741 132.595 132.843
4 4 551.542 109.17 109.386
4 5 359.568 68.9941 69.1262
4 6 242.201 48.5244 48.6007
4 7 159.873 42.1872 42.2452
4 8 89.3108 19.4781 19.3987
4 9 51.3017 11.8726 11.8151
4 10 35.1241 8.47432 8.40605
4 11 20.155 4.66607 4.53924
4 12 17.3435 4.66918 4.57157
4 13 9.90487 2.39862 2.2488
4 14 8.57281 2.24897 2.11697
4 15 24.1229 9.75796 9.63837
5 0 0 0.153088 0
5 1 1.95968 1.51451 1.31071
5 2 105.856 64.2094 64.286
5 3 930.32 569.495 570.947
5 4 2053.06 1192.31 1194.7
5 5 2855.78 1495.14 1497.41
5 6 3253.81 1706.98 1709.2
5 7 3283.28 1805.74 1808.21
5 8 2963.18 1693.41 1696.1
5 9 2452.1 1405.34 1407.91
5 10 1939.64 1058.64 1060.78
5 11 1518.28 842.637 844.511
5 12 1117.46 618.743 620.233
5 13 759.362 373.552 374.487
5 14 558.419 300.409 301.171
5 15 1298.53 728.729 730.42
6 0 3.99577 1.5628 1.42251
6 1 15.5531 12.0887 12.0059
6 2 825.88 394.366 395.34
6 3 1707.19 789.715 791.289
6 4 1986.02 894.728 896.318
6 5 1946.55 860.358 861.904
6 6 1911.81 940.867 942.704
6 7 1651.15 826.698 828.424
6 8 1316.03 584.992 586.263
6 9 1089.08 549.88 551.194
6 10 850.585 443.616 444.733
6 11 649.039 367.11 368.069
6 12 455.56 250.707 251.342
6 13 327.254 162.099 162.476
6 14 229.374 108.189 108.407
6 15 491.739 227.69 228.282
