2.64 0
1 0 41.5171 6.14196 6.04126
1 1 0.000815176 0.00870405 6.64512e-07
2 0 140.397 25.7895 25.8074
2 1 0 0.135157 0
3 0 0 0.135157 0
3 1 6.12052 1.28705 1.16158
3 2 112.945 23.3041 23.304
3 3 284.106 65.7232 65.8592
3 4 386.871 70.7732 70.9137
3 5 349.467 56.9975 57.0967
3 6 314.979 56.4825 56.5891
3 7 237.127 44.5383 44.6067
3 8 183.76 41.8463 41.9022
3 9 130.912 31.2869 31.2799
3 10 101.753 22.069 22.0273
3 11 80.7117 21.092 21.0712
3 12 62.9297 18.4517 18.388
3 13 42.8251 11.9084 11.8317
3 14 37.5602 13.1304 13.047
3 15 63.0651 17.2279 17.2075
4 0 0.0392854 0.0462667 0.00154334
4 1 136.525 34.5724 34.6156
4 2 660.904 154.039 154.365
4 3 640.402 129.029 129.29
4 4 452.623 86.3541 86.5283
4 5 283.55 49.3106 49.3987
4 6 216.801 39.6941 39.753
4 7 159.14 40.7587 40.822
4 8 102.986 24.932 24.8955
4 9 62.0026 14.6863 14.6504
4 10 43.4866 10.0762 10.0243
4 11 24.5857 5.78166 5.68028
4 12 19.5432 5.48359 5.40705
4 13 11.6844 2.64474 2.51469
4 14 10.0189 2.41922 2.30638
4 15 25.5904 10.4593 10.3646
5 0 0 0.135157 0
5 1 2.45408 1.7203 1.55435
5 2 110.588 66.3385 66.4379
5 3 945.35 583.588 585.074
5 4 2047.28 1160.97 1163.27
5 5 2865.98 1494.94 1497.15
5 6 3285.06 1722.87 1725.1
5 7 3296.09 1807.39 1809.82
5 8 2943.14 1644.49 1647
5 9 2466.06 1378.17 1380.62
5 10 1957.61 1049.02 1051.11
5 11 1558.77 824.312 826.1
5 12 1108.3 570.398 571.755
5 13 782.237 362.373 363.273
5 14 563.715 280.327 281.04
5 15 1312.39 686.513 688.086
6 0 3.9873 1.53882 1.4166
6 1 15.8931 12.0752 12.0128
6 2 828.16 395.694 396.676
6 3 1703.1 774.269 775.797
6 4 1994.58 895.408 896.98
6 5 1957.66 856.754 858.257
6 6 1891.2 931.376 933.171
6 7 1648.84 796.156 797.785
6 8 1317.83 557.782 558.972
6 9 1092.79 529.254 530.498
6 10 850.946 427.493 428.559
6 11 643.526 345.314 346.215
6 12 479.131 246.393 247.023
6 13 333.149 152.414 152.781
6 14 223.847 94.3487 94.5456
6 15 498.267 221.876 222.448
