8.9 0
1 0 83.8624 7.39181 7.27859
1 1 0.00457255 0.0179693 2.09082e-05
2 0 211.615 26.3613 26.3745
2 1 0 0.153088 0
3 0 0 0.153088 0
3 1 7.0044 1.31657 1.17353
3 2 162.515 29.173 29.1788
3 3 402.696 84.2802 84.4549
3 4 524.553 100.506 100.706
3 5 460.774 82.6164 82.771
3 6 392.496 77.2368 77.3893
3 7 275.285 54.7279 54.8163
3 8 198.24 46.8672 46.927
3 9 134.285 31.8688 31.8473
3 10 93.6875 20.2956 20.2237
3 11 58.141 12.6177 12.5537
3 12 45.8811 10.7898 10.68
3 13 33.1655 7.93401 7.82373
3 14 21.6353 5.02482 4.88992
3 15 49.2226 12.2955 12.2472
4 0 0.122075 0.0693585 0.00420316
4 1 168.058 41.7899 41.8461
4 2 739.206 161.336 161.656
4 3 690.215 132.599 132.848
4 4 551.879 109.176 109.389
4 5 359.765 68.9959 69.1282
4 6 242.307 48.5254 48.6019
4 7 159.93 42.1878 42.2458
4 8 89.3384 19.4782 19.3989
4 9 51.3144 11.8727 11.8152
4 10 35.1307 8.47438 8.40612
4 11 20.1598 4.66612 4.53929
4 12 17.3461 4.6692 4.57159
4 13 9.90604 2.39863 2.24881
4 14 8.57342 2.24898 2.11698
4 15 24.1233 9.75796 9.63838
5 0 0 0.153088 0
5 1 1.95968 1.51451 1.31071
5 2 105.856 64.2094 64.286
5 3 930.326 569.495 570.947
5 4 2053.08 1192.31 1194.7
5 5 2855.8 1495.14 1497.41
5 6 3253.84 1706.98 1709.2
5 7 3283.31 1805.74 1808.21
5 8 2963.2 1693.41 1696.1
5 9 2452.12 1405.34 1407.91
5 10 1939.65 1058.64 1060.78
5 11 1518.3 842.637 844.511
5 12 1117.46 618.743 620.233
5 13 759.367 373.552 374.487
5 14 558.421 300.409 301.171
5 15 1298.54 728.729 730.42
6 0 3.99577 1.5628 1.42251
6 1 15.5532 12.0887 12.0059
6 2 825.885 394.366 395.34
6 3 1707.21 789.715 791.289
6 4 1986.04 894.729 896.319
6 5 1946.57 860.359 861.904
6 6 1911.83 940.868 942.704
6 7 1651.17 826.698 828.424
6 8 1316.04 584.992 586.263
6 9 1089.09 549.88 551.194
6 10 850.592 443.616 444.733
6 11 649.042 367.11 368.069
6 12 455.564 250.707 251.342
6 13 327.256 162.099 162.476
6 14 229.374 108.189 108.407
6 15 491.741 227.69 228.282
