1.35 0
1 0 48.3856 6.96858 6.86419
1 1 0 0.134004 0
2 0 132.118 22.3717 22.3579
2 1 0 0.134004 0
3 0 33.609 11.1921 11.0894
3 1 0 0.134004 0
4 0 161.72 76.4012 76.5044
4 1 0 0.134004 0
5 0 0 0.134004 0
5 1 6.45842 1.2942 1.16919
5 2 152.438 28.2055 28.2065
5 3 384.178 82.2664 82.4076
5 4 507.681 93.5669 93.7219
5 5 448.996 75.2056 75.3165
5 6 393.882 71.5243 71.6334
5 7 279.927 50.1186 50.1728
5 8 212.102 45.2173 45.2619
5 9 139.289 30.6885 30.6919
5 10 96.7052 17.7777 17.7096
5 11 68.6175 13.3281 13.2752
5 12 50.3668 10.0684 9.9696
5 13 35.2565 7.59438 7.49584
5 14 30.431 6.83902 6.73201
5 15 55.6714 10.8747 10.8197
6 0 0.0379363 0.0464843 0.00143917
6 1 131.481 31.8511 31.8711
6 2 665.772 147.665 147.945
6 3 641.908 119.938 120.145
6 4 527.193 99.2546 99.4277
6 5 350.646 60.6733 60.7568
6 6 240.146 41.399 41.4339
6 7 158.105 35.1808 35.2042
6 8 95.2928 18.1199 18.0522
6 9 57.3431 11.4433 11.383
6 10 39.0669 7.64339 7.57284
6 11 22.384 4.23617 4.11723
6 12 18.546 4.27804 4.19632
6 13 10.6313 1.88099 1.75076
6 14 8.87445 1.91634 1.79227
6 15 22.4977 3.91477 3.80296
7 0 0 0.134004 0
7 1 2.45408 1.72065 1.55435
7 2 110.944 66.4697 66.5537
7 3 947.373 583.944 585.424
7 4 2050.2 1160.93 1163.32
7 5 2870.22 1494.7 1497.04
7 6 3290.75 1722.44 1724.89
7 7 3306.28 1808.06 1810.71
7 8 2947.57 1644.1 1646.79
7 9 2469.19 1376.74 1379.3
7 10 1954.09 1045.62 1047.74
7 11 1556.76 821.755 823.586
7 12 1100.42 564.584 565.928
7 13 771.706 356.225 357.085
7 14 557.65 276.05 276.708
7 15 1309.74 680.531 682.093
8 0 3.94937 1.53716 1.41516
8 1 15.879 12.0754 12.0109
8 2 826.014 394.503 395.462
8 3 1702.22 774.15 775.714
8 4 1997.61 894.112 895.767
8 5 1964.7 858.188 859.759
8 6 1891.23 928.542 930.399
8 7 1657.54 798.284 799.958
8 8 1320.82 557.477 558.677
8 9 1094.18 527.992 529.246
8 10 851.219 427.04 428.094
8 11 644.05 344.314 345.189
8 12 477.507 244.616 245.198
8 13 331.201 151.335 151.664
8 14 222.918 93.5857 93.749
8 15 500.659 220.823 221.364
