9 0
1 0 84.3133 7.39658 7.28334
1 1 0.00461874 0.0180592 2.13328e-05
2 0 212.584 26.3712 26.3847
2 1 0 0.153088 0
3 0 0 0.153088 0
3 1 7.00622 1.31658 1.17355
3 2 162.564 29.1739 29.1793
3 3 402.82 84.2825 84.4562
3 4 524.705 100.508 100.708
3 5 460.891 82.6184 82.7722
3 6 392.581 77.2384 77.3902
3 7 275.339 54.7289 54.8168
3 8 198.274 46.8672 46.9273
3 9 134.304 31.8691 31.8475
3 10 93.7007 20.2959 20.2238
3 11 58.1476 12.6177 12.5538
3 12 45.8863 10.7899 10.6801
3 13 33.1694 7.93408 7.82377
3 14 21.6367 5.02481 4.88994
3 15 49.2255 12.2955 12.2472
4 0 0.122182 0.0693706 0.00420429
4 1 168.114 41.7904 41.8467
4 2 739.475 161.341 161.659
4 3 690.452 132.599 132.851
4 4 552.047 109.176 109.391
4 5 359.863 68.9976 69.1293
4 6 242.36 48.5263 48.6024
4 7 159.959 42.1883 42.2461
4 8 89.3522 19.4784 19.3991
4 9 51.3208 11.8728 11.8153
4 10 35.134 8.47444 8.40616
4 11 20.1621 4.66616 4.53931
4 12 17.3474 4.6692 4.57161
4 13 9.90663 2.39863 2.24881
4 14 8.57372 2.24899 2.11698
4 15 24.1235 9.75797 9.63838
5 0 0 0.153088 0
5 1 1.95968 1.51451 1.31071
5 2 105.856 64.2094 64.286
5 3 930.328 569.496 570.947
5 4 2053.09 1192.31 1194.7
5 5 2855.81 1495.14 1497.41
5 6 3253.85 1706.98 1709.2
5 7 3283.32 1805.74 1808.21
5 8 2963.21 1693.41 1696.1
5 9 2452.13 1405.34 1407.91
5 10 1939.66 1058.64 1060.78
5 11 1518.3 842.638 844.511
5 12 1117.47 618.743 620.233
5 13 759.369 373.552 374.487
5 14 558.422 300.409 301.171
5 15 1298.54 728.729 730.42
6 0 3.99577 1.5628 1.42251
6 1 15.5533 12.0887 12.0059
6 2 825.888 394.366 395.341
6 3 1707.22 789.716 791.289
6 4 1986.06 894.729 896.319
6 5 1946.59 860.359 861.905
6 6 1911.84 940.868 942.704
6 7 1651.18 826.698 828.424
6 8 1316.05 584.992 586.263
6 9 1089.1 549.88 551.194
6 10 850.595 443.616 444.733
6 11 649.044 367.11 368.069
6 12 455.565 250.707 251.342
6 13 327.257 162.099 162.476
6 14 229.375 108.189 108.407
6 15 491.742 227.69 228.282
