2.73 0
1 0 41.7968 6.14252 6.04191
1 1 0.000842966 0.00872768 7.10592e-07
2 0 141.297 25.7926 25.8105
2 1 0 0.135157 0
3 0 0 0.135157 0
3 1 6.12144 1.28705 1.16159
3 2 112.974 23.3041 23.3041
3 3 284.174 65.7239 65.8594
3 4 386.958 70.7723 70.9139
3 5 349.533 56.9967 57.0969
3 6 315.029 56.483 56.5892
3 7 237.16 44.5386 44.6068
3 8 183.782 41.8465 41.9023
3 9 130.926 31.2871 31.28
3 10 101.766 22.0692 22.0273
3 11 80.7193 21.0921 21.0712
3 12 62.9373 18.4518 18.388
3 13 42.8303 11.9083 11.8318
3 14 37.562 13.1304 13.047
3 15 63.0686 17.228 17.2075
4 0 0.0392854 0.0462667 0.00154334
4 1 136.562 34.572 34.6157
4 2 661.096 154.037 154.366
4 3 640.584 129.032 129.29
4 4 452.736 86.3553 86.5287
4 5 283.608 49.3111 49.3988
4 6 216.835 39.6945 39.7531
4 7 159.161 40.759 40.822
4 8 102.998 24.9321 24.8956
4 9 62.0081 14.6864 14.6505
4 10 43.4903 10.0763 10.0244
4 11 24.5883 5.78165 5.68029
4 12 19.5446 5.48361 5.40706
4 13 11.685 2.64475 2.5147
4 14 10.0193 2.41923 2.30638
4 15 25.5905 10.4593 10.3646
5 0 0 0.135157 0
5 1 2.45408 1.7203 1.55435
5 2 110.589 66.3385 66.4379
5 3 945.352 583.588 585.074
5 4 2047.28 1160.97 1163.27
5 5 2865.98 1494.94 1497.15
5 6 3285.07 1722.87 1725.1
5 7 3296.1 1807.39 1809.82
5 8 2943.15 1644.49 1647
5 9 2466.07 1378.17 1380.62
5 10 1957.61 1049.02 1051.11
5 11 1558.78 824.312 826.1
5 12 1108.3 570.398 571.755
5 13 782.241 362.373 363.273
5 14 563.717 280.327 281.04
5 15 1312.39 686.513 688.086
6 0 3.9873 1.53882 1.4166
6 1 15.8931 12.0752 12.0128
6 2 828.162 395.694 396.676
6 3 1703.1 774.269 775.797
6 4 1994.59 895.408 896.98
6 5 1957.67 856.754 858.257
6 6 1891.21 931.377 933.172
6 7 1648.84 796.157 797.785
6 8 1317.84 557.782 558.972
6 9 1092.79 529.254 530.499
6 10 850.95 427.493 428.559
6 11 643.528 345.314 346.215
6 12 479.133 246.393 247.023
6 13 333.15 152.414 152.781
6 14 223.847 94.3487 94.5456
6 15 498.268 221.876 222.448
