9.2 0
1 0 85.215 7.40597 7.29298
1 1 0.00471111 0.0182375 2.21946e-05
2 0 214.521 26.3919 26.4055
2 1 0 0.153088 0
3 0 0 0.153088 0
3 1 7.00987 1.31663 1.17359
3 2 162.663 29.1746 29.1804
3 3 403.069 84.2871 84.4588
3 4 525.01 100.511 100.711
3 5 461.124 82.6203 82.7747
3 6 392.75 77.2414 77.3921
3 7 275.447 54.7308 54.818
3 8 198.342 46.8685 46.928
3 9 134.343 31.8695 31.8479
3 10 93.727 20.2959 20.2241
3 11 58.1608 12.618 12.554
3 12 45.8966 10.7901 10.6802
3 13 33.1773 7.93412 7.82386
3 14 21.6393 5.02486 4.88996
3 15 49.2314 12.2956 12.2473
4 0 0.122394 0.0693954 0.00420657
4 1 168.224 41.792 41.8478
4 2 740.012 161.347 161.665
4 3 690.926 132.608 132.856
4 4 552.384 109.179 109.395
4 5 360.06 68.9996 69.1314
4 6 242.466 48.5274 48.6036
4 7 160.016 42.1884 42.2467
4 8 89.3798 19.4789 19.3994
4 9 51.3335 11.8729 11.8154
4 10 35.1406 8.47451 8.40623
4 11 20.1669 4.66619 4.53936
4 12 17.35 4.66924 4.57163
4 13 9.9078 2.39864 2.24883
4 14 8.57432 2.24899 2.11699
4 15 24.1239 9.75798 9.63838
5 0 0 0.153088 0
5 1 1.95968 1.51451 1.31071
5 2 105.856 64.2094 64.286
5 3 930.334 569.496 570.947
5 4 2053.1 1192.31 1194.7
5 5 2855.83 1495.14 1497.41
5 6 3253.87 1706.98 1709.2
5 7 3283.34 1805.74 1808.21
5 8 2963.23 1693.41 1696.1
5 9 2452.15 1405.34 1407.91
5 10 1939.67 1058.64 1060.78
5 11 1518.31 842.638 844.511
5 12 1117.48 618.744 620.234
5 13 759.374 373.553 374.487
5 14 558.425 300.409 301.171
5 15 1298.55 728.729 730.42
6 0 3.99577 1.5628 1.42251
6 1 15.5533 12.0887 12.0059
6 2 825.893 394.366 395.341
6 3 1707.23 789.716 791.289
6 4 1986.08 894.73 896.319
6 5 1946.61 860.36 861.905
6 6 1911.87 940.869 942.704
6 7 1651.2 826.699 828.425
6 8 1316.06 584.992 586.263
6 9 1089.11 549.881 551.194
6 10 850.602 443.616 444.733
6 11 649.048 367.11 368.069
6 12 455.569 250.707 251.342
6 13 327.259 162.099 162.476
6 14 229.375 108.189 108.407
6 15 491.744 227.69 228.282
