2.79 0
1 0 41.9834 6.14293 6.04235
1 1 0.000861493 0.00874459 7.4217e-07
2 0 141.897 25.7945 25.8127
2 1 0 0.135157 0
3 0 0 0.135157 0
3 1 6.12206 1.28706 1.16159
3 2 112.993 23.3043 23.3041
3 3 284.219 65.7244 65.8595
3 4 387.016 70.7728 70.914
3 5 349.578 56.9957 57.097
3 6 315.062 56.4832 56.5892
3 7 237.181 44.5388 44.6068
3 8 183.796 41.8467 41.9023
3 9 130.936 31.2872 31.28
3 10 101.775 22.0691 22.0274
3 11 80.7243 21.0922 21.0712
3 12 62.9423 18.4519 18.3881
3 13 42.8338 11.9084 11.8318
3 14 37.5632 13.1304 13.047
3 15 63.0709 17.2279 17.2075
4 0 0.0392854 0.0462667 0.00154334
4 1 136.586 34.5723 34.6158
4 2 661.225 154.039 154.366
4 3 640.705 129.033 129.291
4 4 452.811 86.3561 86.5289
4 5 283.646 49.3115 49.3989
4 6 216.857 39.6947 39.7532
4 7 159.175 40.7591 40.8221
4 8 103.005 24.9322 24.8956
4 9 62.0118 14.6864 14.6505
4 10 43.4927 10.0763 10.0244
4 11 24.59 5.78164 5.6803
4 12 19.5456 5.48362 5.40707
4 13 11.6855 2.64475 2.5147
4 14 10.0196 2.41923 2.30639
4 15 25.5906 10.4593 10.3646
5 0 0 0.135157 0
5 1 2.45408 1.7203 1.55435
5 2 110.589 66.3385 66.4379
5 3 945.353 583.588 585.074
5 4 2047.28 1160.97 1163.27
5 5 2865.99 1494.94 1497.15
5 6 3285.08 1722.87 1725.1
5 7 3296.1 1807.39 1809.82
5 8 2943.15 1644.49 1647
5 9 2466.07 1378.17 1380.62
5 10 1957.62 1049.02 1051.11
5 11 1558.78 824.312 826.1
5 12 1108.3 570.399 571.755
5 13 782.244 362.373 363.273
5 14 563.718 280.327 281.04
5 15 1312.39 686.513 688.086
6 0 3.9873 1.53882 1.4166
6 1 15.8932 12.0752 12.0128
6 2 828.164 395.694 396.676
6 3 1703.11 774.269 775.797
6 4 1994.59 895.408 896.98
6 5 1957.68 856.754 858.257
6 6 1891.22 931.377 933.172
6 7 1648.85 796.157 797.785
6 8 1317.84 557.783 558.972
6 9 1092.79 529.255 530.499
6 10 850.952 427.493 428.559
6 11 643.53 345.314 346.215
6 12 479.134 246.393 247.023
6 13 333.151 152.415 152.781
6 14 223.847 94.3487 94.5456
6 15 498.269 221.876 222.448
