2.82 0
1 0 42.0766 6.14314 6.04258
1 1 0.000870756 0.00875348 7.58216e-07
2 0 142.197 25.7957 25.8138
2 1 0 0.135157 0
3 0 0 0.135157 0
3 1 6.12237 1.28705 1.16159
3 2 113.003 23.3044 23.3041
3 3 284.241 65.7247 65.8596
3 4 387.045 70.7731 70.914
3 5 349.6 56.9959 57.097
3 6 315.078 56.4834 56.5893
3 7 237.192 44.5389 44.6069
3 8 183.804 41.8468 41.9023
3 9 130.941 31.2873 31.28
3 10 101.779 22.0691 22.0274
3 11 80.7268 21.0922 21.0712
3 12 62.9448 18.452 18.3881
3 13 42.8356 11.9084 11.8318
3 14 37.5639 13.1304 13.047
3 15 63.0721 17.2279 17.2075
4 0 0.0392854 0.0462667 0.00154334
4 1 136.599 34.5724 34.6158
4 2 661.289 154.04 154.366
4 3 640.766 129.034 129.291
4 4 452.849 86.3542 86.529
4 5 283.666 49.3116 49.399
4 6 216.868 39.6948 39.7532
4 7 159.182 40.7592 40.8221
4 8 103.009 24.932 24.8956
4 9 62.0136 14.6864 14.6505
4 10 43.494 10.0763 10.0244
4 11 24.5908 5.78165 5.6803
4 12 19.5461 5.4836 5.40707
4 13 11.6857 2.64475 2.5147
4 14 10.0197 2.41923 2.30639
4 15 25.5907 10.4593 10.3646
5 0 0 0.135157 0
5 1 2.45408 1.7203 1.55435
5 2 110.589 66.3385 66.4379
5 3 945.354 583.588 585.074
5 4 2047.29 1160.97 1163.27
5 5 2865.99 1494.94 1497.15
5 6 3285.08 1722.87 1725.1
5 7 3296.11 1807.39 1809.82
5 8 2943.16 1644.49 1647
5 9 2466.07 1378.17 1380.62
5 10 1957.62 1049.02 1051.11
5 11 1558.79 824.312 826.1
5 12 1108.31 570.399 571.755
5 13 782.245 362.373 363.273
5 14 563.719 280.327 281.04
5 15 1312.39 686.513 688.086
6 0 3.9873 1.53882 1.4166
6 1 15.8932 12.0752 12.0128
6 2 828.165 395.694 396.676
6 3 1703.11 774.269 775.797
6 4 1994.6 895.408 896.98
6 5 1957.68 856.754 858.257
6 6 1891.22 931.377 933.172
6 7 1648.85 796.157 797.785
6 8 1317.84 557.783 558.972
6 9 1092.8 529.255 530.499
6 10 850.953 427.493 428.559
6 11 643.531 345.314 346.215
6 12 479.135 246.393 247.023
6 13 333.151 152.415 152.781
6 14 223.848 94.3487 94.5456
6 15 498.269 221.876 222.448
