14.25 0
1 0 106.366 7.45014 7.34892
1 1 0 0.134004 0
2 0 256.691 23.4189 23.4027
2 1 0 0.134004 0
3 0 97.5205 14.9168 14.8284
3 1 0 0.134004 0
4 0 246.703 81.3831 81.4977
4 1 0 0.134004 0
5 0 0 0.134004 0
5 1 6.61731 1.29544 1.17053
5 2 157.903 28.2514 28.2522
5 3 398.707 82.3909 82.5294
5 4 526.186 93.7252 93.877
5 5 463.312 75.3265 75.4362
5 6 404.392 71.6147 71.7211
5 7 286.595 50.1754 50.2286
5 8 216.307 45.2528 45.297
5 9 141.684 30.7087 30.7119
5 10 98.3644 17.7913 17.7233
5 11 69.4696 13.3351 13.2823
5 12 51.0239 10.0739 9.97519
5 13 35.7483 7.59855 7.50003
5 14 30.5891 6.8403 6.73329
5 15 56.0434 10.8778 10.8227
6 0 0.0379363 0.0464843 0.00143917
6 1 136.565 31.8936 31.9135
6 2 693.288 147.91 148.176
6 3 667.858 120.165 120.362
6 4 545.845 99.4178 99.5837
6 5 361.801 60.7687 60.8501
6 6 246.226 41.45 41.485
6 7 161.398 35.2083 35.2316
6 8 96.8819 18.1331 18.0657
6 9 58.0748 11.4494 11.389
6 10 39.4546 7.64663 7.57607
6 11 22.6798 4.23851 4.11962
6 12 18.6949 4.27919 4.1975
6 13 10.7078 1.88157 1.75136
6 14 8.91392 1.91664 1.79259
6 15 22.5175 3.91493 3.80312
7 0 0 0.134004 0
7 1 2.45408 1.72065 1.55435
7 2 110.957 66.4696 66.5538
7 3 947.742 583.956 585.427
7 4 2051.15 1160.96 1163.33
7 5 2871.64 1494.62 1497.05
7 6 3292.39 1722.49 1724.91
7 7 3307.73 1808.1 1810.72
7 8 2948.95 1644.08 1646.8
7 9 2470.33 1376.78 1379.31
7 10 1954.88 1045.61 1047.75
7 11 1557.42 821.774 823.592
7 12 1101 564.6 565.933
7 13 772.015 356.225 357.087
7 14 557.812 276.055 276.71
7 15 1310.11 680.541 682.096
8 0 3.94937 1.53716 1.41516
8 1 15.885 12.0755 12.011
8 2 826.353 394.504 395.465
8 3 1703.18 774.151 775.723
8 4 1999.2 894.153 895.78
8 5 1966.42 858.202 859.773
8 6 1892.84 928.557 930.413
8 7 1658.84 798.296 799.969
8 8 1321.66 557.482 558.684
8 9 1094.88 528.01 529.252
8 10 851.669 427.052 428.097
8 11 644.297 344.321 345.191
8 12 477.723 244.618 245.2
8 13 331.335 151.336 151.665
8 14 222.963 93.5868 93.7493
8 15 500.789 220.823 221.365
