9.6 0
1 0 87.0183 7.42541 7.31284
1 1 0.00489586 0.0185884 2.39695e-05
2 0 218.396 26.4352 26.4483
2 1 0 0.153088 0
3 0 0 0.153088 0
3 1 7.01717 1.3167 1.17367
3 2 162.86 29.1767 29.1826
3 3 403.565 84.2926 84.4643
3 4 525.62 100.517 100.718
3 5 461.59 82.6264 82.7798
3 6 393.09 77.2441 77.3958
3 7 275.663 54.7327 54.8204
3 8 198.477 46.8697 46.9295
3 9 134.42 31.8706 31.8488
3 10 93.7797 20.2966 20.2247
3 11 58.1874 12.6182 12.5542
3 12 45.9174 10.7903 10.6804
3 13 33.193 7.93431 7.82403
3 14 21.6445 5.02492 4.89002
3 15 49.2432 12.2957 12.2474
4 0 0.12282 0.069444 0.00421127
4 1 168.446 41.7941 41.8503
4 2 741.086 161.358 161.677
4 3 691.874 132.617 132.866
4 4 553.057 109.189 109.402
4 5 360.453 69.0036 69.1357
4 6 242.678 48.5295 48.6059
4 7 160.13 42.1896 42.248
4 8 89.4349 19.4793 19.4
4 9 51.359 11.8731 11.8157
4 10 35.1538 8.47458 8.40637
4 11 20.1763 4.6663 4.53946
4 12 17.3552 4.66929 4.57169
4 13 9.91014 2.39867 2.24885
4 14 8.57553 2.24901 2.117
4 15 24.1247 9.75795 9.63839
5 0 0 0.153088 0
5 1 1.95968 1.51451 1.31071
5 2 105.857 64.2094 64.2861
5 3 930.346 569.496 570.947
5 4 2053.13 1192.31 1194.7
5 5 2855.88 1495.15 1497.41
5 6 3253.93 1706.99 1709.2
5 7 3283.39 1805.74 1808.21
5 8 2963.27 1693.41 1696.1
5 9 2452.18 1405.35 1407.91
5 10 1939.69 1058.64 1060.78
5 11 1518.33 842.639 844.511
5 12 1117.5 618.744 620.234
5 13 759.383 373.553 374.487
5 14 558.43 300.409 301.171
5 15 1298.56 728.729 730.42
6 0 3.99577 1.5628 1.42251
6 1 15.5535 12.0887 12.0059
6 2 825.904 394.366 395.341
6 3 1707.26 789.717 791.289
6 4 1986.13 894.731 896.32
6 5 1946.67 860.362 861.906
6 6 1911.92 940.87 942.705
6 7 1651.24 826.7 828.425
6 8 1316.09 584.993 586.263
6 9 1089.13 549.881 551.194
6 10 850.616 443.617 444.733
6 11 649.056 367.11 368.069
6 12 455.575 250.707 251.343
6 13 327.263 162.099 162.476
6 14 229.377 108.189 108.408
6 15 491.748 227.69 228.282
