9.7 0
1 0 87.4691 7.43042 7.31792
1 1 0.00494205 0.018675 2.44239e-05
2 0 219.365 26.4462 26.4592
2 1 0 0.153088 0
3 0 0 0.153088 0
3 1 7.019 1.31672 1.17369
3 2 162.91 29.1775 29.1831
3 3 403.689 84.293 84.4657
3 4 525.772 100.52 100.719
3 5 461.707 82.6263 82.7811
3 6 393.175 77.2456 77.3967
3 7 275.717 54.7337 54.821
3 8 198.511 46.8704 46.9299
3 9 134.439 31.8709 31.849
3 10 93.7929 20.2966 20.2248
3 11 58.194 12.6184 12.5543
3 12 45.9226 10.7904 10.6805
3 13 33.1969 7.93439 7.82408
3 14 21.6458 5.02491 4.89003
3 15 49.2461 12.2957 12.2475
4 0 0.122926 0.0694563 0.00421248
4 1 168.501 41.7953 41.8509
4 2 741.355 161.363 161.68
4 3 692.111 132.621 132.869
4 4 553.225 109.189 109.404
4 5 360.551 69.0055 69.1368
4 6 242.731 48.5305 48.6065
4 7 160.159 42.1902 42.2483
4 8 89.4487 19.4796 19.4002
4 9 51.3653 11.8732 11.8158
4 10 35.1571 8.47464 8.40641
4 11 20.1787 4.66631 4.53949
4 12 17.3565 4.66932 4.5717
4 13 9.91073 2.39867 2.24886
4 14 8.57584 2.24901 2.11701
4 15 24.1249 9.75795 9.63839
5 0 0 0.153088 0
5 1 1.95968 1.51451 1.31071
5 2 105.857 64.2094 64.2861
5 3 930.349 569.496 570.947
5 4 2053.14 1192.31 1194.7
5 5 2855.89 1495.15 1497.41
5 6 3253.94 1706.99 1709.2
5 7 3283.4 1805.74 1808.21
5 8 2963.28 1693.41 1696.1
5 9 2452.19 1405.35 1407.91
5 10 1939.7 1058.64 1060.78
5 11 1518.34 842.639 844.511
5 12 1117.5 618.744 620.234
5 13 759.385 373.553 374.487
5 14 558.431 300.409 301.171
5 15 1298.56 728.73 730.42
6 0 3.99577 1.5628 1.42251
6 1 15.5536 12.0887 12.0059
6 2 825.907 394.366 395.341
6 3 1707.27 789.717 791.289
6 4 1986.14 894.732 896.32
6 5 1946.68 860.362 861.906
6 6 1911.93 940.871 942.705
6 7 1651.25 826.701 828.425
6 8 1316.09 584.993 586.263
6 9 1089.14 549.881 551.194
6 10 850.62 443.617 444.733
6 11 649.058 367.11 368.069
6 12 455.577 250.707 251.343
6 13 327.264 162.099 162.476
6 14 229.377 108.189 108.408
6 15 491.749 227.69 228.282
