2.94 0
1 0 42.4497 6.14398 6.04351
1 1 0.000907809 0.00879103 8.24118e-07
2 0 143.398 25.8001 25.8183
2 1 0 0.135157 0
3 0 0 0.135157 0
3 1 6.1236 1.28706 1.16159
3 2 113.041 23.3042 23.3043
3 3 284.331 65.7233 65.8598
3 4 387.161 70.7742 70.9143
3 5 349.688 56.9967 57.0972
3 6 315.144 56.4827 56.5894
3 7 237.236 44.5393 44.607
3 8 183.833 41.8471 41.9024
3 9 130.96 31.2871 31.2801
3 10 101.796 22.0693 22.0274
3 11 80.7369 21.0924 21.0713
3 12 62.9548 18.4518 18.3882
3 13 42.8425 11.9085 11.8318
3 14 37.5663 13.1305 13.047
3 15 63.0767 17.228 17.2076
4 0 0.0392854 0.0462667 0.00154334
4 1 136.648 34.5726 34.616
4 2 661.546 154.043 154.367
4 3 641.008 129.033 129.292
4 4 452.999 86.3558 86.5295
4 5 283.743 49.3124 49.3992
4 6 216.913 39.6938 39.7533
4 7 159.209 40.7585 40.8222
4 8 103.024 24.9322 24.8957
4 9 62.0209 14.6864 14.6505
4 10 43.4988 10.0764 10.0244
4 11 24.5942 5.78169 5.68032
4 12 19.548 5.48363 5.40708
4 13 11.6866 2.64476 2.5147
4 14 10.0203 2.41923 2.30639
4 15 25.5908 10.4593 10.3646
5 0 0 0.135157 0
5 1 2.45408 1.7203 1.55435
5 2 110.589 66.3385 66.4379
5 3 945.357 583.589 585.074
5 4 2047.29 1160.97 1163.27
5 5 2866 1494.94 1497.15
5 6 3285.09 1722.87 1725.1
5 7 3296.12 1807.39 1809.82
5 8 2943.17 1644.49 1647
5 9 2466.08 1378.17 1380.62
5 10 1957.63 1049.02 1051.11
5 11 1558.79 824.312 826.1
5 12 1108.31 570.399 571.755
5 13 782.25 362.373 363.273
5 14 563.722 280.327 281.04
5 15 1312.4 686.513 688.086
6 0 3.9873 1.53882 1.4166
6 1 15.8933 12.0752 12.0128
6 2 828.169 395.694 396.676
6 3 1703.12 774.269 775.797
6 4 1994.61 895.409 896.98
6 5 1957.7 856.755 858.257
6 6 1891.24 931.377 933.172
6 7 1648.86 796.157 797.785
6 8 1317.85 557.783 558.972
6 9 1092.8 529.255 530.499
6 10 850.958 427.493 428.559
6 11 643.534 345.314 346.215
6 12 479.138 246.393 247.023
6 13 333.153 152.415 152.781
6 14 223.848 94.3487 94.5456
6 15 498.271 221.876 222.448
