14.85 0
1 0 109.063 7.49216 7.39097
1 1 0 0.134004 0
2 0 262.485 23.51 23.4934
2 1 0 0.134004 0
3 0 100.493 15.2399 15.1529
3 1 0 0.134004 0
4 0 250.655 81.8148 81.9309
4 1 0 0.134004 0
5 0 0 0.134004 0
5 1 6.6247 1.29556 1.17065
5 2 158.157 28.2552 28.2562
5 3 399.382 82.3991 82.5399
5 4 527.047 93.7391 93.8904
5 5 463.978 75.3367 75.4466
5 6 404.881 71.6219 71.7287
5 7 286.905 50.1801 50.2335
5 8 216.502 45.2558 45.3
5 9 141.796 30.7104 30.7136
5 10 98.4416 17.7925 17.7245
5 11 69.5092 13.3357 13.2829
5 12 51.0545 10.0744 9.97568
5 13 35.7712 7.5989 7.5004
5 14 30.5965 6.84041 6.7334
5 15 56.0607 10.8779 10.8229
6 0 0.0379363 0.0464843 0.00143917
6 1 136.802 31.8972 31.9171
6 2 694.568 147.927 148.197
6 3 669.064 120.184 120.381
6 4 546.712 99.4316 99.5973
6 5 362.32 60.7756 60.8582
6 6 246.509 41.4545 41.4895
6 7 161.551 35.2104 35.234
6 8 96.9558 18.1343 18.0668
6 9 58.1089 11.4499 11.3896
6 10 39.4727 7.6469 7.57635
6 11 22.6936 4.23871 4.11982
6 12 18.7018 4.2793 4.1976
6 13 10.7114 1.88162 1.75141
6 14 8.91575 1.91667 1.79262
6 15 22.5185 3.91495 3.80314
7 0 0 0.134004 0
7 1 2.45408 1.72065 1.55435
7 2 110.957 66.4697 66.5538
7 3 947.759 583.956 585.428
7 4 2051.19 1160.93 1163.33
7 5 2871.71 1494.63 1497.05
7 6 3292.47 1722.49 1724.91
7 7 3307.8 1808.11 1810.72
7 8 2949.02 1644.08 1646.8
7 9 2470.38 1376.78 1379.31
7 10 1954.91 1045.61 1047.75
7 11 1557.46 821.775 823.593
7 12 1101.02 564.601 565.933
7 13 772.029 356.225 357.088
7 14 557.819 276.055 276.71
7 15 1310.13 680.542 682.096
8 0 3.94937 1.53716 1.41516
8 1 15.8853 12.0755 12.011
8 2 826.369 394.505 395.466
8 3 1703.22 774.152 775.723
8 4 1999.28 894.156 895.781
8 5 1966.5 858.205 859.774
8 6 1892.92 928.53 930.414
8 7 1658.9 798.298 799.97
8 8 1321.7 557.484 558.684
8 9 1094.91 528.012 529.252
8 10 851.69 427.044 428.098
8 11 644.309 344.315 345.192
8 12 477.733 244.618 245.2
8 13 331.341 151.337 151.665
8 14 222.965 93.5868 93.7494
8 15 500.795 220.823 221.365
