0 0
1 0 3.91143 1.59298 1.41373
1 1 18.2881 13.696 13.5638
1 2 939.597 462.202 463.264
1 3 2649.45 1362.76 1365.02
1 4 4059.06 2074.8 2076.78
1 5 4853.11 2390.64 2391.76
1 6 5204.25 2709.84 2710.96
1 7 4970.89 2674.42 2676.15
1 8 4294.7 2278.68 2280.89
1 9 3566.54 1977.13 1979.82
1 10 2814.96 1539.24 1541.83
1 11 2198.65 1220.94 1223.38
1 12 1577.4 853.146 855.011
1 13 1107.5 543.754 544.982
1 14 790.517 400.397 401.298
1 15 571.465 354.769 355.579
1 16 366.612 177.735 178.059
1 17 239.524 110.338 110.505
1 18 181.5 110.159 110.294
1 19 129.441 73.204 73.236
1 20 74.1553 39.384 39.3183
1 21 54.9134 26.902 26.7956
1 22 38.4266 12.3092 12.187
1 23 33.4365 24.229 24.1441
1 24 19.477 5.80947 5.63475
1 25 107.595 41.0165 40.9842
2 0 21.662 7.10331 6.93545
2 1 208.846 103.607 103.759
2 2 2652.6 1378.25 1380.53
2 3 6538.21 3507.59 3507.27
2 4 9973.62 5610.49 5602.14
2 5 11444.5 6454.65 6440.64
2 6 11439 6493.14 6479.66
2 7 10544.9 5946.67 5936.49
2 8 8849.43 4725.2 4719.58
2 9 7174.17 3733.89 3732
2 10 5643.96 2984.51 2985.4
2 11 4151.03 2042.84 2044.56
2 12 3072.84 1619.43 1621.85
2 13 2235.53 1164.99 1167.16
2 14 1562.99 725.218 726.696
2 15 1197.85 600.842 602.201
2 16 875.395 462.136 463.223
2 17 641.12 299.949 300.624
2 18 483.352 199.324 199.732
2 19 387.018 182.724 183.096
2 20 298.678 134.441 134.682
2 21 239.466 107.85 107.975
2 22 191.249 74.2918 74.3626
2 23 159.409 67.3357 67.376
2 24 124.023 48.6788 48.6712
2 25 629.133 248.126 248.651
